time="2024-05-29T01:42:23.870478644-06:00" level=info msg="Reading the endpoints from the file: video-analytics-standalone-python-30-400/endpoints.json"
time="2024-05-29T01:45:25.081114539-06:00" level=warning msg="Failed to invoke video-analytics-standalone-python-30-3ru86zu.default.192.168.1.240.sslip.io:80, err=rpc error: code = DeadlineExceeded desc = context deadline exceeded"
time="2024-05-29T01:45:30.330730623-06:00" level=warning msg="Failed to invoke video-analytics-standalone-python-30-3ru86zu.default.192.168.1.240.sslip.io:80, err=rpc error: code = DeadlineExceeded desc = context deadline exceeded"
time="2024-05-29T01:45:35.575908632-06:00" level=warning msg="Failed to invoke video-analytics-standalone-python-30-3ru86zu.default.192.168.1.240.sslip.io:80, err=rpc error: code = DeadlineExceeded desc = context deadline exceeded"
time="2024-05-29T01:45:40.812733458-06:00" level=warning msg="Failed to invoke video-analytics-standalone-python-30-3ru86zu.default.192.168.1.240.sslip.io:80, err=rpc error: code = DeadlineExceeded desc = context deadline exceeded"
time="2024-05-29T01:45:46.056994485-06:00" level=warning msg="Failed to invoke video-analytics-standalone-python-30-3ru86zu.default.192.168.1.240.sslip.io:80, err=rpc error: code = DeadlineExceeded desc = context deadline exceeded"
time="2024-05-29T01:45:51.303590587-06:00" level=warning msg="Failed to invoke video-analytics-standalone-python-30-3ru86zu.default.192.168.1.240.sslip.io:80, err=rpc error: code = Unavailable desc = upstream request timeout"
time="2024-05-29T01:45:56.546852895-06:00" level=warning msg="Failed to invoke video-analytics-standalone-python-30-3ru86zu.default.192.168.1.240.sslip.io:80, err=rpc error: code = Unavailable desc = upstream request timeout"
time="2024-05-29T01:46:01.793799267-06:00" level=warning msg="Failed to invoke video-analytics-standalone-python-30-3ru86zu.default.192.168.1.240.sslip.io:80, err=rpc error: code = Unavailable desc = upstream request timeout"
time="2024-05-29T01:46:07.033441824-06:00" level=warning msg="Failed to invoke video-analytics-standalone-python-30-3ru86zu.default.192.168.1.240.sslip.io:80, err=rpc error: code = Unavailable desc = upstream request timeout"
time="2024-05-29T01:46:12.277979073-06:00" level=warning msg="Failed to invoke video-analytics-standalone-python-30-3ru86zu.default.192.168.1.240.sslip.io:80, err=rpc error: code = Unavailable desc = upstream request timeout"
time="2024-05-29T01:46:17.522875107-06:00" level=warning msg="Failed to invoke video-analytics-standalone-python-30-3ru86zu.default.192.168.1.240.sslip.io:80, err=rpc error: code = Unavailable desc = upstream request timeout"
time="2024-05-29T01:46:22.771331069-06:00" level=warning msg="Failed to invoke video-analytics-standalone-python-30-3ru86zu.default.192.168.1.240.sslip.io:80, err=rpc error: code = DeadlineExceeded desc = context deadline exceeded"
time="2024-05-29T01:46:28.009647263-06:00" level=warning msg="Failed to invoke video-analytics-standalone-python-30-3ru86zu.default.192.168.1.240.sslip.io:80, err=rpc error: code = Unavailable desc = upstream request timeout"
time="2024-05-29T01:46:33.254674192-06:00" level=warning msg="Failed to invoke video-analytics-standalone-python-30-3ru86zu.default.192.168.1.240.sslip.io:80, err=rpc error: code = DeadlineExceeded desc = context deadline exceeded"
time="2024-05-29T01:46:38.498121192-06:00" level=warning msg="Failed to invoke video-analytics-standalone-python-30-3ru86zu.default.192.168.1.240.sslip.io:80, err=rpc error: code = Unavailable desc = upstream request timeout"
time="2024-05-29T01:46:43.743600914-06:00" level=warning msg="Failed to invoke video-analytics-standalone-python-30-3ru86zu.default.192.168.1.240.sslip.io:80, err=rpc error: code = Unavailable desc = upstream request timeout"
time="2024-05-29T01:46:48.987484482-06:00" level=warning msg="Failed to invoke video-analytics-standalone-python-30-3ru86zu.default.192.168.1.240.sslip.io:80, err=rpc error: code = Unavailable desc = upstream request timeout"
time="2024-05-29T01:46:54.229609986-06:00" level=warning msg="Failed to invoke video-analytics-standalone-python-30-3ru86zu.default.192.168.1.240.sslip.io:80, err=rpc error: code = Unavailable desc = upstream request timeout"
time="2024-05-29T01:46:59.477862561-06:00" level=warning msg="Failed to invoke video-analytics-standalone-python-30-3ru86zu.default.192.168.1.240.sslip.io:80, err=rpc error: code = DeadlineExceeded desc = context deadline exceeded"
time="2024-05-29T01:47:04.717352814-06:00" level=warning msg="Failed to invoke video-analytics-standalone-python-30-3ru86zu.default.192.168.1.240.sslip.io:80, err=rpc error: code = Unavailable desc = upstream request timeout"
time="2024-05-29T01:47:09.964013481-06:00" level=warning msg="Failed to invoke video-analytics-standalone-python-30-3ru86zu.default.192.168.1.240.sslip.io:80, err=rpc error: code = Unavailable desc = upstream request timeout"
time="2024-05-29T01:47:15.208009718-06:00" level=warning msg="Failed to invoke video-analytics-standalone-python-30-3ru86zu.default.192.168.1.240.sslip.io:80, err=rpc error: code = DeadlineExceeded desc = context deadline exceeded"
time="2024-05-29T01:47:20.454881105-06:00" level=warning msg="Failed to invoke video-analytics-standalone-python-30-3ru86zu.default.192.168.1.240.sslip.io:80, err=rpc error: code = DeadlineExceeded desc = context deadline exceeded"
time="2024-05-29T01:47:25.699835243-06:00" level=warning msg="Failed to invoke video-analytics-standalone-python-30-3ru86zu.default.192.168.1.240.sslip.io:80, err=rpc error: code = Unavailable desc = upstream request timeout"
time="2024-05-29T01:47:30.938976728-06:00" level=warning msg="Failed to invoke video-analytics-standalone-python-30-3ru86zu.default.192.168.1.240.sslip.io:80, err=rpc error: code = Unavailable desc = upstream request timeout"
time="2024-05-29T01:47:36.185677472-06:00" level=warning msg="Failed to invoke video-analytics-standalone-python-30-3ru86zu.default.192.168.1.240.sslip.io:80, err=rpc error: code = DeadlineExceeded desc = context deadline exceeded"
time="2024-05-29T01:47:41.428928582-06:00" level=warning msg="Failed to invoke video-analytics-standalone-python-30-3ru86zu.default.192.168.1.240.sslip.io:80, err=rpc error: code = DeadlineExceeded desc = context deadline exceeded"
time="2024-05-29T01:47:46.66970724-06:00" level=warning msg="Failed to invoke video-analytics-standalone-python-30-3ru86zu.default.192.168.1.240.sslip.io:80, err=rpc error: code = Unavailable desc = upstream request timeout"
time="2024-05-29T01:47:51.918569754-06:00" level=warning msg="Failed to invoke video-analytics-standalone-python-30-3ru86zu.default.192.168.1.240.sslip.io:80, err=rpc error: code = DeadlineExceeded desc = context deadline exceeded"
time="2024-05-29T01:47:57.163972907-06:00" level=warning msg="Failed to invoke video-analytics-standalone-python-30-3ru86zu.default.192.168.1.240.sslip.io:80, err=rpc error: code = DeadlineExceeded desc = context deadline exceeded"
time="2024-05-29T01:48:02.405735938-06:00" level=warning msg="Failed to invoke video-analytics-standalone-python-30-3ru86zu.default.192.168.1.240.sslip.io:80, err=rpc error: code = Unavailable desc = upstream request timeout"
time="2024-05-29T01:48:07.648158651-06:00" level=warning msg="Failed to invoke video-analytics-standalone-python-30-3ru86zu.default.192.168.1.240.sslip.io:80, err=rpc error: code = DeadlineExceeded desc = context deadline exceeded"
time="2024-05-29T01:48:12.894489624-06:00" level=warning msg="Failed to invoke video-analytics-standalone-python-30-3ru86zu.default.192.168.1.240.sslip.io:80, err=rpc error: code = Unavailable desc = upstream request timeout"
time="2024-05-29T01:48:18.138187029-06:00" level=warning msg="Failed to invoke video-analytics-standalone-python-30-3ru86zu.default.192.168.1.240.sslip.io:80, err=rpc error: code = Unavailable desc = upstream request timeout"
time="2024-05-29T01:48:23.383962194-06:00" level=warning msg="Failed to invoke video-analytics-standalone-python-30-3ru86zu.default.192.168.1.240.sslip.io:80, err=rpc error: code = DeadlineExceeded desc = context deadline exceeded"
time="2024-05-29T01:48:28.627961948-06:00" level=warning msg="Failed to invoke video-analytics-standalone-python-30-3ru86zu.default.192.168.1.240.sslip.io:80, err=rpc error: code = DeadlineExceeded desc = context deadline exceeded"
time="2024-05-29T01:48:33.871882001-06:00" level=warning msg="Failed to invoke video-analytics-standalone-python-30-3ru86zu.default.192.168.1.240.sslip.io:80, err=rpc error: code = DeadlineExceeded desc = context deadline exceeded"
time="2024-05-29T01:48:39.116088723-06:00" level=warning msg="Failed to invoke video-analytics-standalone-python-30-3ru86zu.default.192.168.1.240.sslip.io:80, err=rpc error: code = DeadlineExceeded desc = context deadline exceeded"
time="2024-05-29T01:48:44.359874115-06:00" level=warning msg="Failed to invoke video-analytics-standalone-python-30-3ru86zu.default.192.168.1.240.sslip.io:80, err=rpc error: code = DeadlineExceeded desc = context deadline exceeded"
time="2024-05-29T01:48:49.605600832-06:00" level=warning msg="Failed to invoke video-analytics-standalone-python-30-3ru86zu.default.192.168.1.240.sslip.io:80, err=rpc error: code = DeadlineExceeded desc = context deadline exceeded"
time="2024-05-29T01:48:54.845498215-06:00" level=warning msg="Failed to invoke video-analytics-standalone-python-30-3ru86zu.default.192.168.1.240.sslip.io:80, err=rpc error: code = Unavailable desc = upstream request timeout"
time="2024-05-29T01:49:00.089227855-06:00" level=warning msg="Failed to invoke video-analytics-standalone-python-30-3ru86zu.default.192.168.1.240.sslip.io:80, err=rpc error: code = Unavailable desc = upstream request timeout"
time="2024-05-29T01:49:05.335943058-06:00" level=warning msg="Failed to invoke video-analytics-standalone-python-30-3ru86zu.default.192.168.1.240.sslip.io:80, err=rpc error: code = DeadlineExceeded desc = context deadline exceeded"
time="2024-05-29T01:49:10.578802999-06:00" level=warning msg="Failed to invoke video-analytics-standalone-python-30-3ru86zu.default.192.168.1.240.sslip.io:80, err=rpc error: code = Unavailable desc = upstream request timeout"
time="2024-05-29T01:49:15.821950544-06:00" level=warning msg="Failed to invoke video-analytics-standalone-python-30-3ru86zu.default.192.168.1.240.sslip.io:80, err=rpc error: code = Unavailable desc = upstream request timeout"
time="2024-05-29T01:49:21.065064901-06:00" level=warning msg="Failed to invoke video-analytics-standalone-python-30-3ru86zu.default.192.168.1.240.sslip.io:80, err=rpc error: code = Unavailable desc = upstream request timeout"
time="2024-05-29T01:49:26.315172478-06:00" level=warning msg="Failed to invoke video-analytics-standalone-python-30-3ru86zu.default.192.168.1.240.sslip.io:80, err=rpc error: code = Unavailable desc = upstream request timeout"
time="2024-05-29T01:49:31.554434935-06:00" level=warning msg="Failed to invoke video-analytics-standalone-python-30-3ru86zu.default.192.168.1.240.sslip.io:80, err=rpc error: code = Unavailable desc = upstream request timeout"
time="2024-05-29T01:49:36.799099257-06:00" level=warning msg="Failed to invoke video-analytics-standalone-python-30-3ru86zu.default.192.168.1.240.sslip.io:80, err=rpc error: code = Unavailable desc = upstream request timeout"
time="2024-05-29T01:49:42.041756581-06:00" level=warning msg="Failed to invoke video-analytics-standalone-python-30-3ru86zu.default.192.168.1.240.sslip.io:80, err=rpc error: code = Unavailable desc = upstream request timeout"
time="2024-05-29T01:49:47.28643352-06:00" level=warning msg="Failed to invoke video-analytics-standalone-python-30-3ru86zu.default.192.168.1.240.sslip.io:80, err=rpc error: code = Unavailable desc = upstream request timeout"
time="2024-05-29T01:49:52.531175343-06:00" level=warning msg="Failed to invoke video-analytics-standalone-python-30-3ru86zu.default.192.168.1.240.sslip.io:80, err=rpc error: code = Unavailable desc = upstream request timeout"
time="2024-05-29T01:49:57.772984459-06:00" level=warning msg="Failed to invoke video-analytics-standalone-python-30-3ru86zu.default.192.168.1.240.sslip.io:80, err=rpc error: code = Unavailable desc = upstream request timeout"
time="2024-05-29T01:50:03.021399978-06:00" level=warning msg="Failed to invoke video-analytics-standalone-python-30-3ru86zu.default.192.168.1.240.sslip.io:80, err=rpc error: code = Unavailable desc = upstream request timeout"
time="2024-05-29T01:50:08.262991548-06:00" level=warning msg="Failed to invoke video-analytics-standalone-python-30-3ru86zu.default.192.168.1.240.sslip.io:80, err=rpc error: code = Unavailable desc = upstream request timeout"
time="2024-05-29T01:50:13.506130081-06:00" level=warning msg="Failed to invoke video-analytics-standalone-python-30-3ru86zu.default.192.168.1.240.sslip.io:80, err=rpc error: code = Unavailable desc = upstream request timeout"
time="2024-05-29T01:50:18.753595558-06:00" level=warning msg="Failed to invoke video-analytics-standalone-python-30-3ru86zu.default.192.168.1.240.sslip.io:80, err=rpc error: code = Unavailable desc = upstream request timeout"
time="2024-05-29T01:50:23.995897877-06:00" level=warning msg="Failed to invoke video-analytics-standalone-python-30-3ru86zu.default.192.168.1.240.sslip.io:80, err=rpc error: code = DeadlineExceeded desc = context deadline exceeded"
time="2024-05-29T01:50:29.242651472-06:00" level=warning msg="Failed to invoke video-analytics-standalone-python-30-3ru86zu.default.192.168.1.240.sslip.io:80, err=rpc error: code = Unavailable desc = upstream request timeout"
time="2024-05-29T01:50:34.484959097-06:00" level=warning msg="Failed to invoke video-analytics-standalone-python-30-3ru86zu.default.192.168.1.240.sslip.io:80, err=rpc error: code = DeadlineExceeded desc = context deadline exceeded"
time="2024-05-29T01:50:39.729054552-06:00" level=warning msg="Failed to invoke video-analytics-standalone-python-30-3ru86zu.default.192.168.1.240.sslip.io:80, err=rpc error: code = Unavailable desc = upstream request timeout"
time="2024-05-29T01:50:44.975390873-06:00" level=warning msg="Failed to invoke video-analytics-standalone-python-30-3ru86zu.default.192.168.1.240.sslip.io:80, err=rpc error: code = Unavailable desc = upstream request timeout"
time="2024-05-29T01:50:50.215897953-06:00" level=warning msg="Failed to invoke video-analytics-standalone-python-30-3ru86zu.default.192.168.1.240.sslip.io:80, err=rpc error: code = DeadlineExceeded desc = context deadline exceeded"
time="2024-05-29T01:50:55.463246515-06:00" level=warning msg="Failed to invoke video-analytics-standalone-python-30-3ru86zu.default.192.168.1.240.sslip.io:80, err=rpc error: code = DeadlineExceeded desc = context deadline exceeded"
time="2024-05-29T01:51:00.704975391-06:00" level=warning msg="Failed to invoke video-analytics-standalone-python-30-3ru86zu.default.192.168.1.240.sslip.io:80, err=rpc error: code = DeadlineExceeded desc = context deadline exceeded"
time="2024-05-29T01:51:05.94907689-06:00" level=warning msg="Failed to invoke video-analytics-standalone-python-30-3ru86zu.default.192.168.1.240.sslip.io:80, err=rpc error: code = Unavailable desc = upstream request timeout"
time="2024-05-29T01:51:11.194073618-06:00" level=warning msg="Failed to invoke video-analytics-standalone-python-30-3ru86zu.default.192.168.1.240.sslip.io:80, err=rpc error: code = Unavailable desc = upstream request timeout"
time="2024-05-29T01:51:16.436794073-06:00" level=warning msg="Failed to invoke video-analytics-standalone-python-30-3ru86zu.default.192.168.1.240.sslip.io:80, err=rpc error: code = DeadlineExceeded desc = context deadline exceeded"
time="2024-05-29T01:51:21.68330077-06:00" level=warning msg="Failed to invoke video-analytics-standalone-python-30-3ru86zu.default.192.168.1.240.sslip.io:80, err=rpc error: code = Unavailable desc = upstream request timeout"
time="2024-05-29T01:51:26.935879165-06:00" level=warning msg="Failed to invoke video-analytics-standalone-python-30-3ru86zu.default.192.168.1.240.sslip.io:80, err=rpc error: code = DeadlineExceeded desc = context deadline exceeded"
time="2024-05-29T01:51:32.171304358-06:00" level=warning msg="Failed to invoke video-analytics-standalone-python-30-3ru86zu.default.192.168.1.240.sslip.io:80, err=rpc error: code = Unavailable desc = upstream request timeout"
time="2024-05-29T01:51:37.419918823-06:00" level=warning msg="Failed to invoke video-analytics-standalone-python-30-3ru86zu.default.192.168.1.240.sslip.io:80, err=rpc error: code = DeadlineExceeded desc = context deadline exceeded"
time="2024-05-29T01:51:42.65681049-06:00" level=warning msg="Failed to invoke video-analytics-standalone-python-30-3ru86zu.default.192.168.1.240.sslip.io:80, err=rpc error: code = Unavailable desc = upstream request timeout"
time="2024-05-29T01:51:47.902706093-06:00" level=warning msg="Failed to invoke video-analytics-standalone-python-30-3ru86zu.default.192.168.1.240.sslip.io:80, err=rpc error: code = Unavailable desc = upstream request timeout"
time="2024-05-29T01:51:53.146082455-06:00" level=warning msg="Failed to invoke video-analytics-standalone-python-30-3ru86zu.default.192.168.1.240.sslip.io:80, err=rpc error: code = Unavailable desc = upstream request timeout"
time="2024-05-29T01:51:58.391655839-06:00" level=warning msg="Failed to invoke video-analytics-standalone-python-30-3ru86zu.default.192.168.1.240.sslip.io:80, err=rpc error: code = Unavailable desc = upstream request timeout"
time="2024-05-29T01:52:03.640599945-06:00" level=warning msg="Failed to invoke video-analytics-standalone-python-30-3ru86zu.default.192.168.1.240.sslip.io:80, err=rpc error: code = Unavailable desc = upstream request timeout"
time="2024-05-29T01:52:08.880552235-06:00" level=warning msg="Failed to invoke video-analytics-standalone-python-30-3ru86zu.default.192.168.1.240.sslip.io:80, err=rpc error: code = Unavailable desc = upstream request timeout"
time="2024-05-29T01:52:14.123253792-06:00" level=warning msg="Failed to invoke video-analytics-standalone-python-30-3ru86zu.default.192.168.1.240.sslip.io:80, err=rpc error: code = Unavailable desc = upstream request timeout"
time="2024-05-29T01:52:19.366393805-06:00" level=warning msg="Failed to invoke video-analytics-standalone-python-30-3ru86zu.default.192.168.1.240.sslip.io:80, err=rpc error: code = Unavailable desc = upstream request timeout"
time="2024-05-29T01:52:24.614908486-06:00" level=warning msg="Failed to invoke video-analytics-standalone-python-30-3ru86zu.default.192.168.1.240.sslip.io:80, err=rpc error: code = Unavailable desc = upstream request timeout"
time="2024-05-29T01:52:29.859875719-06:00" level=warning msg="Failed to invoke video-analytics-standalone-python-30-3ru86zu.default.192.168.1.240.sslip.io:80, err=rpc error: code = Unavailable desc = upstream request timeout"
time="2024-05-29T01:52:35.099942967-06:00" level=warning msg="Failed to invoke video-analytics-standalone-python-30-3ru86zu.default.192.168.1.240.sslip.io:80, err=rpc error: code = DeadlineExceeded desc = context deadline exceeded"
time="2024-05-29T01:52:40.341325787-06:00" level=warning msg="Failed to invoke video-analytics-standalone-python-30-3ru86zu.default.192.168.1.240.sslip.io:80, err=rpc error: code = Unavailable desc = upstream request timeout"
time="2024-05-29T01:52:45.586782365-06:00" level=warning msg="Failed to invoke video-analytics-standalone-python-30-3ru86zu.default.192.168.1.240.sslip.io:80, err=rpc error: code = Unavailable desc = upstream request timeout"
time="2024-05-29T01:52:50.835956372-06:00" level=warning msg="Failed to invoke video-analytics-standalone-python-30-3ru86zu.default.192.168.1.240.sslip.io:80, err=rpc error: code = DeadlineExceeded desc = context deadline exceeded"
time="2024-05-29T01:52:56.079219892-06:00" level=warning msg="Failed to invoke video-analytics-standalone-python-30-3ru86zu.default.192.168.1.240.sslip.io:80, err=rpc error: code = DeadlineExceeded desc = context deadline exceeded"
time="2024-05-29T01:53:01.320522857-06:00" level=warning msg="Failed to invoke video-analytics-standalone-python-30-3ru86zu.default.192.168.1.240.sslip.io:80, err=rpc error: code = DeadlineExceeded desc = context deadline exceeded"
time="2024-05-29T01:53:06.565083295-06:00" level=warning msg="Failed to invoke video-analytics-standalone-python-30-3ru86zu.default.192.168.1.240.sslip.io:80, err=rpc error: code = DeadlineExceeded desc = context deadline exceeded"
time="2024-05-29T01:53:11.811913767-06:00" level=warning msg="Failed to invoke video-analytics-standalone-python-30-3ru86zu.default.192.168.1.240.sslip.io:80, err=rpc error: code = DeadlineExceeded desc = context deadline exceeded"
time="2024-05-29T01:53:17.053446733-06:00" level=warning msg="Failed to invoke video-analytics-standalone-python-30-3ru86zu.default.192.168.1.240.sslip.io:80, err=rpc error: code = DeadlineExceeded desc = context deadline exceeded"
time="2024-05-29T01:53:22.299966473-06:00" level=warning msg="Failed to invoke video-analytics-standalone-python-30-3ru86zu.default.192.168.1.240.sslip.io:80, err=rpc error: code = DeadlineExceeded desc = context deadline exceeded"
time="2024-05-29T01:53:27.544018163-06:00" level=warning msg="Failed to invoke video-analytics-standalone-python-30-3ru86zu.default.192.168.1.240.sslip.io:80, err=rpc error: code = Unavailable desc = upstream request timeout"
time="2024-05-29T01:53:32.787875225-06:00" level=warning msg="Failed to invoke video-analytics-standalone-python-30-3ru86zu.default.192.168.1.240.sslip.io:80, err=rpc error: code = DeadlineExceeded desc = context deadline exceeded"
time="2024-05-29T01:53:38.030588408-06:00" level=warning msg="Failed to invoke video-analytics-standalone-python-30-3ru86zu.default.192.168.1.240.sslip.io:80, err=rpc error: code = Unavailable desc = upstream request timeout"
time="2024-05-29T01:53:43.283485457-06:00" level=warning msg="Failed to invoke video-analytics-standalone-python-30-3ru86zu.default.192.168.1.240.sslip.io:80, err=rpc error: code = DeadlineExceeded desc = context deadline exceeded"
time="2024-05-29T01:53:48.520295006-06:00" level=warning msg="Failed to invoke video-analytics-standalone-python-30-3ru86zu.default.192.168.1.240.sslip.io:80, err=rpc error: code = DeadlineExceeded desc = context deadline exceeded"
time="2024-05-29T01:53:53.764003807-06:00" level=warning msg="Failed to invoke video-analytics-standalone-python-30-3ru86zu.default.192.168.1.240.sslip.io:80, err=rpc error: code = DeadlineExceeded desc = context deadline exceeded"
time="2024-05-29T01:53:59.005262469-06:00" level=warning msg="Failed to invoke video-analytics-standalone-python-30-3ru86zu.default.192.168.1.240.sslip.io:80, err=rpc error: code = Unavailable desc = upstream request timeout"
time="2024-05-29T01:54:04.249739221-06:00" level=warning msg="Failed to invoke video-analytics-standalone-python-30-3ru86zu.default.192.168.1.240.sslip.io:80, err=rpc error: code = Unavailable desc = upstream request timeout"
time="2024-05-29T01:54:09.496116086-06:00" level=warning msg="Failed to invoke video-analytics-standalone-python-30-3ru86zu.default.192.168.1.240.sslip.io:80, err=rpc error: code = DeadlineExceeded desc = context deadline exceeded"
time="2024-05-29T01:54:14.738359568-06:00" level=warning msg="Failed to invoke video-analytics-standalone-python-30-3ru86zu.default.192.168.1.240.sslip.io:80, err=rpc error: code = Unavailable desc = upstream request timeout"
time="2024-05-29T01:54:19.984017123-06:00" level=warning msg="Failed to invoke video-analytics-standalone-python-30-3ru86zu.default.192.168.1.240.sslip.io:80, err=rpc error: code = Unavailable desc = upstream request timeout"
time="2024-05-29T01:54:25.225342571-06:00" level=warning msg="Failed to invoke video-analytics-standalone-python-30-3ru86zu.default.192.168.1.240.sslip.io:80, err=rpc error: code = Unavailable desc = upstream request timeout"
time="2024-05-29T01:54:30.471591971-06:00" level=warning msg="Failed to invoke video-analytics-standalone-python-30-3ru86zu.default.192.168.1.240.sslip.io:80, err=rpc error: code = Unavailable desc = upstream request timeout"
time="2024-05-29T01:54:35.712948599-06:00" level=warning msg="Failed to invoke video-analytics-standalone-python-30-3ru86zu.default.192.168.1.240.sslip.io:80, err=rpc error: code = Unavailable desc = upstream request timeout"
time="2024-05-29T01:54:40.956713162-06:00" level=warning msg="Failed to invoke video-analytics-standalone-python-30-3ru86zu.default.192.168.1.240.sslip.io:80, err=rpc error: code = Unavailable desc = upstream request timeout"
time="2024-05-29T01:54:46.202293562-06:00" level=warning msg="Failed to invoke video-analytics-standalone-python-30-3ru86zu.default.192.168.1.240.sslip.io:80, err=rpc error: code = Unavailable desc = upstream request timeout"
time="2024-05-29T01:54:51.448886163-06:00" level=warning msg="Failed to invoke video-analytics-standalone-python-30-3ru86zu.default.192.168.1.240.sslip.io:80, err=rpc error: code = Unavailable desc = upstream request timeout"
time="2024-05-29T01:54:56.692262241-06:00" level=warning msg="Failed to invoke video-analytics-standalone-python-30-3ru86zu.default.192.168.1.240.sslip.io:80, err=rpc error: code = DeadlineExceeded desc = context deadline exceeded"
time="2024-05-29T01:55:01.935909533-06:00" level=warning msg="Failed to invoke video-analytics-standalone-python-30-3ru86zu.default.192.168.1.240.sslip.io:80, err=rpc error: code = DeadlineExceeded desc = context deadline exceeded"
time="2024-05-29T01:55:07.179674542-06:00" level=warning msg="Failed to invoke video-analytics-standalone-python-30-3ru86zu.default.192.168.1.240.sslip.io:80, err=rpc error: code = Unavailable desc = upstream request timeout"
time="2024-05-29T01:55:12.421932492-06:00" level=warning msg="Failed to invoke video-analytics-standalone-python-30-3ru86zu.default.192.168.1.240.sslip.io:80, err=rpc error: code = Unavailable desc = upstream request timeout"
time="2024-05-29T01:55:17.673336076-06:00" level=warning msg="Failed to invoke video-analytics-standalone-python-30-3ru86zu.default.192.168.1.240.sslip.io:80, err=rpc error: code = Unavailable desc = upstream request timeout"
time="2024-05-29T01:55:22.910704818-06:00" level=warning msg="Failed to invoke video-analytics-standalone-python-30-3ru86zu.default.192.168.1.240.sslip.io:80, err=rpc error: code = Unavailable desc = upstream request timeout"
time="2024-05-29T01:55:28.156973863-06:00" level=warning msg="Failed to invoke video-analytics-standalone-python-30-3ru86zu.default.192.168.1.240.sslip.io:80, err=rpc error: code = DeadlineExceeded desc = context deadline exceeded"
time="2024-05-29T01:55:28.241164923-06:00" level=info msg="Issued / completed requests: 149, 29"
time="2024-05-29T01:55:28.241235027-06:00" level=info msg="Real / target RPS: 0.04 / 0.2"
time="2024-05-29T01:55:28.241245246-06:00" level=info msg="Experiment finished!"
time="2024-05-29T01:55:28.241255871-06:00" level=info msg="The measured latencies are saved in video-analytics-standalone-python-30-400/lat.txt"
time="2024-05-29T01:55:28.241390739-06:00" level=info msg="The measured function durations are saved in video-analytics-standalone-python-30-400/dur.txt"
