time="2024-05-29T01:58:10.3660154-06:00" level=info msg="Reading the endpoints from the file: video-analytics-standalone-python-70-400/endpoints.json"
time="2024-05-29T02:00:28.265006377-06:00" level=warning msg="Failed to invoke video-analytics-standalone-python-70-9twuafu.default.192.168.1.240.sslip.io:80, err=rpc error: code = DeadlineExceeded desc = context deadline exceeded"
time="2024-05-29T02:00:39.227918135-06:00" level=warning msg="Failed to invoke video-analytics-standalone-python-70-9twuafu.default.192.168.1.240.sslip.io:80, err=rpc error: code = DeadlineExceeded desc = context deadline exceeded"
time="2024-05-29T02:00:50.193509817-06:00" level=warning msg="Failed to invoke video-analytics-standalone-python-70-9twuafu.default.192.168.1.240.sslip.io:80, err=rpc error: code = Unavailable desc = upstream request timeout"
time="2024-05-29T02:01:01.169395071-06:00" level=warning msg="Failed to invoke video-analytics-standalone-python-70-9twuafu.default.192.168.1.240.sslip.io:80, err=rpc error: code = Unavailable desc = upstream request timeout"
time="2024-05-29T02:01:12.135567089-06:00" level=warning msg="Failed to invoke video-analytics-standalone-python-70-9twuafu.default.192.168.1.240.sslip.io:80, err=rpc error: code = Unavailable desc = upstream request timeout"
time="2024-05-29T02:01:23.104852498-06:00" level=warning msg="Failed to invoke video-analytics-standalone-python-70-9twuafu.default.192.168.1.240.sslip.io:80, err=rpc error: code = Unavailable desc = upstream request timeout"
time="2024-05-29T02:01:34.082650895-06:00" level=warning msg="Failed to invoke video-analytics-standalone-python-70-9twuafu.default.192.168.1.240.sslip.io:80, err=rpc error: code = Unavailable desc = upstream request timeout"
time="2024-05-29T02:01:45.049502566-06:00" level=warning msg="Failed to invoke video-analytics-standalone-python-70-9twuafu.default.192.168.1.240.sslip.io:80, err=rpc error: code = Unavailable desc = upstream request timeout"
time="2024-05-29T02:01:56.021344008-06:00" level=warning msg="Failed to invoke video-analytics-standalone-python-70-9twuafu.default.192.168.1.240.sslip.io:80, err=rpc error: code = Unavailable desc = upstream request timeout"
time="2024-05-29T02:02:06.994958235-06:00" level=warning msg="Failed to invoke video-analytics-standalone-python-70-9twuafu.default.192.168.1.240.sslip.io:80, err=rpc error: code = Unavailable desc = upstream request timeout"
time="2024-05-29T02:02:17.961908763-06:00" level=warning msg="Failed to invoke video-analytics-standalone-python-70-9twuafu.default.192.168.1.240.sslip.io:80, err=rpc error: code = DeadlineExceeded desc = context deadline exceeded"
time="2024-05-29T02:02:28.936009796-06:00" level=warning msg="Failed to invoke video-analytics-standalone-python-70-9twuafu.default.192.168.1.240.sslip.io:80, err=rpc error: code = Unavailable desc = upstream request timeout"
time="2024-05-29T02:02:39.902211033-06:00" level=warning msg="Failed to invoke video-analytics-standalone-python-70-9twuafu.default.192.168.1.240.sslip.io:80, err=rpc error: code = Unavailable desc = upstream request timeout"
time="2024-05-29T02:02:50.873540667-06:00" level=warning msg="Failed to invoke video-analytics-standalone-python-70-9twuafu.default.192.168.1.240.sslip.io:80, err=rpc error: code = Unavailable desc = upstream request timeout"
time="2024-05-29T02:03:01.844097188-06:00" level=warning msg="Failed to invoke video-analytics-standalone-python-70-9twuafu.default.192.168.1.240.sslip.io:80, err=rpc error: code = Unavailable desc = upstream request timeout"
time="2024-05-29T02:03:12.814673355-06:00" level=warning msg="Failed to invoke video-analytics-standalone-python-70-9twuafu.default.192.168.1.240.sslip.io:80, err=rpc error: code = Unavailable desc = upstream request timeout"
time="2024-05-29T02:03:23.788199765-06:00" level=warning msg="Failed to invoke video-analytics-standalone-python-70-9twuafu.default.192.168.1.240.sslip.io:80, err=rpc error: code = Unavailable desc = upstream request timeout"
time="2024-05-29T02:03:34.761499159-06:00" level=warning msg="Failed to invoke video-analytics-standalone-python-70-9twuafu.default.192.168.1.240.sslip.io:80, err=rpc error: code = Unavailable desc = upstream request timeout"
time="2024-05-29T02:03:45.724897046-06:00" level=warning msg="Failed to invoke video-analytics-standalone-python-70-9twuafu.default.192.168.1.240.sslip.io:80, err=rpc error: code = Unavailable desc = upstream request timeout"
time="2024-05-29T02:03:56.697596824-06:00" level=warning msg="Failed to invoke video-analytics-standalone-python-70-9twuafu.default.192.168.1.240.sslip.io:80, err=rpc error: code = Unavailable desc = upstream request timeout"
time="2024-05-29T02:04:07.67041667-06:00" level=warning msg="Failed to invoke video-analytics-standalone-python-70-9twuafu.default.192.168.1.240.sslip.io:80, err=rpc error: code = Unavailable desc = upstream request timeout"
time="2024-05-29T02:04:18.642640483-06:00" level=warning msg="Failed to invoke video-analytics-standalone-python-70-9twuafu.default.192.168.1.240.sslip.io:80, err=rpc error: code = DeadlineExceeded desc = context deadline exceeded"
time="2024-05-29T02:04:29.609359782-06:00" level=warning msg="Failed to invoke video-analytics-standalone-python-70-9twuafu.default.192.168.1.240.sslip.io:80, err=rpc error: code = Unavailable desc = upstream request timeout"
time="2024-05-29T02:04:40.588200308-06:00" level=warning msg="Failed to invoke video-analytics-standalone-python-70-9twuafu.default.192.168.1.240.sslip.io:80, err=rpc error: code = Unavailable desc = upstream request timeout"
time="2024-05-29T02:04:51.555021983-06:00" level=warning msg="Failed to invoke video-analytics-standalone-python-70-9twuafu.default.192.168.1.240.sslip.io:80, err=rpc error: code = Unavailable desc = upstream request timeout"
time="2024-05-29T02:05:02.528587007-06:00" level=warning msg="Failed to invoke video-analytics-standalone-python-70-9twuafu.default.192.168.1.240.sslip.io:80, err=rpc error: code = Unavailable desc = upstream request timeout"
time="2024-05-29T02:05:13.4930816-06:00" level=warning msg="Failed to invoke video-analytics-standalone-python-70-9twuafu.default.192.168.1.240.sslip.io:80, err=rpc error: code = Unavailable desc = upstream request timeout"
time="2024-05-29T02:05:24.471854435-06:00" level=warning msg="Failed to invoke video-analytics-standalone-python-70-9twuafu.default.192.168.1.240.sslip.io:80, err=rpc error: code = Unavailable desc = upstream request timeout"
time="2024-05-29T02:05:35.43812338-06:00" level=warning msg="Failed to invoke video-analytics-standalone-python-70-9twuafu.default.192.168.1.240.sslip.io:80, err=rpc error: code = Unavailable desc = upstream request timeout"
time="2024-05-29T02:05:46.409761706-06:00" level=warning msg="Failed to invoke video-analytics-standalone-python-70-9twuafu.default.192.168.1.240.sslip.io:80, err=rpc error: code = Unavailable desc = upstream request timeout"
time="2024-05-29T02:05:57.377378996-06:00" level=warning msg="Failed to invoke video-analytics-standalone-python-70-9twuafu.default.192.168.1.240.sslip.io:80, err=rpc error: code = Unavailable desc = upstream request timeout"
time="2024-05-29T02:06:08.352470706-06:00" level=warning msg="Failed to invoke video-analytics-standalone-python-70-9twuafu.default.192.168.1.240.sslip.io:80, err=rpc error: code = Unavailable desc = upstream request timeout"
time="2024-05-29T02:06:19.322134836-06:00" level=warning msg="Failed to invoke video-analytics-standalone-python-70-9twuafu.default.192.168.1.240.sslip.io:80, err=rpc error: code = DeadlineExceeded desc = context deadline exceeded"
time="2024-05-29T02:06:30.300635746-06:00" level=warning msg="Failed to invoke video-analytics-standalone-python-70-9twuafu.default.192.168.1.240.sslip.io:80, err=rpc error: code = Unavailable desc = upstream request timeout"
time="2024-05-29T02:06:41.26333444-06:00" level=warning msg="Failed to invoke video-analytics-standalone-python-70-9twuafu.default.192.168.1.240.sslip.io:80, err=rpc error: code = Unavailable desc = upstream request timeout"
time="2024-05-29T02:06:52.233453339-06:00" level=warning msg="Failed to invoke video-analytics-standalone-python-70-9twuafu.default.192.168.1.240.sslip.io:80, err=rpc error: code = Unavailable desc = upstream request timeout"
time="2024-05-29T02:07:03.208028568-06:00" level=warning msg="Failed to invoke video-analytics-standalone-python-70-9twuafu.default.192.168.1.240.sslip.io:80, err=rpc error: code = Unavailable desc = upstream request timeout"
time="2024-05-29T02:07:14.17485416-06:00" level=warning msg="Failed to invoke video-analytics-standalone-python-70-9twuafu.default.192.168.1.240.sslip.io:80, err=rpc error: code = Unavailable desc = upstream request timeout"
time="2024-05-29T02:07:25.154076543-06:00" level=warning msg="Failed to invoke video-analytics-standalone-python-70-9twuafu.default.192.168.1.240.sslip.io:80, err=rpc error: code = Unavailable desc = upstream request timeout"
time="2024-05-29T02:07:36.123859355-06:00" level=warning msg="Failed to invoke video-analytics-standalone-python-70-9twuafu.default.192.168.1.240.sslip.io:80, err=rpc error: code = DeadlineExceeded desc = context deadline exceeded"
time="2024-05-29T02:07:47.092573088-06:00" level=warning msg="Failed to invoke video-analytics-standalone-python-70-9twuafu.default.192.168.1.240.sslip.io:80, err=rpc error: code = Unavailable desc = upstream request timeout"
time="2024-05-29T02:07:58.061807217-06:00" level=warning msg="Failed to invoke video-analytics-standalone-python-70-9twuafu.default.192.168.1.240.sslip.io:80, err=rpc error: code = Unavailable desc = upstream request timeout"
time="2024-05-29T02:08:09.031636818-06:00" level=warning msg="Failed to invoke video-analytics-standalone-python-70-9twuafu.default.192.168.1.240.sslip.io:80, err=rpc error: code = Unavailable desc = upstream request timeout"
time="2024-05-29T02:08:20.003032082-06:00" level=warning msg="Failed to invoke video-analytics-standalone-python-70-9twuafu.default.192.168.1.240.sslip.io:80, err=rpc error: code = DeadlineExceeded desc = context deadline exceeded"
time="2024-05-29T02:08:30.973331576-06:00" level=warning msg="Failed to invoke video-analytics-standalone-python-70-9twuafu.default.192.168.1.240.sslip.io:80, err=rpc error: code = Unavailable desc = upstream request timeout"
time="2024-05-29T02:08:41.94258047-06:00" level=warning msg="Failed to invoke video-analytics-standalone-python-70-9twuafu.default.192.168.1.240.sslip.io:80, err=rpc error: code = Unavailable desc = upstream request timeout"
time="2024-05-29T02:08:52.916969015-06:00" level=warning msg="Failed to invoke video-analytics-standalone-python-70-9twuafu.default.192.168.1.240.sslip.io:80, err=rpc error: code = Unavailable desc = upstream request timeout"
time="2024-05-29T02:09:03.886245452-06:00" level=warning msg="Failed to invoke video-analytics-standalone-python-70-9twuafu.default.192.168.1.240.sslip.io:80, err=rpc error: code = Unavailable desc = upstream request timeout"
time="2024-05-29T02:09:14.860566017-06:00" level=warning msg="Failed to invoke video-analytics-standalone-python-70-9twuafu.default.192.168.1.240.sslip.io:80, err=rpc error: code = Unavailable desc = upstream request timeout"
time="2024-05-29T02:09:25.826672487-06:00" level=warning msg="Failed to invoke video-analytics-standalone-python-70-9twuafu.default.192.168.1.240.sslip.io:80, err=rpc error: code = Unavailable desc = upstream request timeout"
time="2024-05-29T02:09:36.798402775-06:00" level=warning msg="Failed to invoke video-analytics-standalone-python-70-9twuafu.default.192.168.1.240.sslip.io:80, err=rpc error: code = Unavailable desc = upstream request timeout"
time="2024-05-29T02:09:47.769103823-06:00" level=warning msg="Failed to invoke video-analytics-standalone-python-70-9twuafu.default.192.168.1.240.sslip.io:80, err=rpc error: code = Unavailable desc = upstream request timeout"
time="2024-05-29T02:09:58.741888864-06:00" level=warning msg="Failed to invoke video-analytics-standalone-python-70-9twuafu.default.192.168.1.240.sslip.io:80, err=rpc error: code = Unavailable desc = upstream request timeout"
time="2024-05-29T02:10:09.709862503-06:00" level=warning msg="Failed to invoke video-analytics-standalone-python-70-9twuafu.default.192.168.1.240.sslip.io:80, err=rpc error: code = Unavailable desc = upstream request timeout"
time="2024-05-29T02:10:20.682646317-06:00" level=warning msg="Failed to invoke video-analytics-standalone-python-70-9twuafu.default.192.168.1.240.sslip.io:80, err=rpc error: code = DeadlineExceeded desc = context deadline exceeded"
time="2024-05-29T02:10:31.652724233-06:00" level=warning msg="Failed to invoke video-analytics-standalone-python-70-9twuafu.default.192.168.1.240.sslip.io:80, err=rpc error: code = Unavailable desc = upstream request timeout"
time="2024-05-29T02:10:42.63192011-06:00" level=warning msg="Failed to invoke video-analytics-standalone-python-70-9twuafu.default.192.168.1.240.sslip.io:80, err=rpc error: code = DeadlineExceeded desc = context deadline exceeded"
time="2024-05-29T02:10:53.606007797-06:00" level=warning msg="Failed to invoke video-analytics-standalone-python-70-9twuafu.default.192.168.1.240.sslip.io:80, err=rpc error: code = Unavailable desc = upstream request timeout"
time="2024-05-29T02:11:04.569508412-06:00" level=warning msg="Failed to invoke video-analytics-standalone-python-70-9twuafu.default.192.168.1.240.sslip.io:80, err=rpc error: code = Unavailable desc = upstream request timeout"
time="2024-05-29T02:11:15.539954014-06:00" level=warning msg="Failed to invoke video-analytics-standalone-python-70-9twuafu.default.192.168.1.240.sslip.io:80, err=rpc error: code = Unavailable desc = upstream request timeout"
time="2024-05-29T02:11:19.509105176-06:00" level=info msg="Issued / completed requests: 72, 10"
time="2024-05-29T02:11:19.509213987-06:00" level=info msg="Real / target RPS: 0.01 / 0.2"
time="2024-05-29T02:11:19.509228223-06:00" level=info msg="Experiment finished!"
time="2024-05-29T02:11:19.50924143-06:00" level=info msg="The measured latencies are saved in video-analytics-standalone-python-70-400/lat.txt"
time="2024-05-29T02:11:19.50940775-06:00" level=info msg="The measured function durations are saved in video-analytics-standalone-python-70-400/dur.txt"
