time="2024-05-30T03:13:00.431031367-06:00" level=debug msg="Debug logging is enabled"
time="2024-05-30T03:13:00.431233067-06:00" level=info msg="Reading the trace endpoints from the file: /users/ArunAMS/vSwarm/tools/load-generator/load.json"
time="2024-05-30T03:13:00.43291447-06:00" level=info msg="Warmup Duration: 3"
time="2024-05-30T03:13:00.432945887-06:00" level=info msg="Experiment Duration: 11"
time="2024-05-30T03:13:00.432970938-06:00" level=info msg="Minute Granularity: true"
time="2024-05-30T03:14:00.489720271-06:00" level=info msg="Running Warmup Phase"
time="2024-05-30T03:14:00.489804631-06:00" level=debug msg="Minute: 0"
time="2024-05-30T03:14:00.489885024-06:00" level=debug msg="Number of Invocations this iteration: 8"
time="2024-05-30T03:14:00.489995876-06:00" level=debug msg="Invoking: cartservice-kd5pyggyz5tr9jp7k8ws.default.192.168.1.240.sslip.io:80"
time="2024-05-30T03:14:07.993736168-06:00" level=debug msg="Invoking: gptj-python-9pxorshgg1admpou4gjh.default.192.168.1.240.sslip.io:80"
time="2024-05-30T03:14:15.494204948-06:00" level=debug msg="Invoking: gptj-python-9pxorshgg1admpou4gjh.default.192.168.1.240.sslip.io:80"
time="2024-05-30T03:14:22.997726535-06:00" level=debug msg="Invoking: gptj-python-9pxorshgg1admpou4gjh.default.192.168.1.240.sslip.io:80"
time="2024-05-30T03:14:30.501701952-06:00" level=debug msg="Invoking: cartservice-kd5pyggyz5tr9jp7k8ws.default.192.168.1.240.sslip.io:80"
time="2024-05-30T03:14:38.007977606-06:00" level=debug msg="Invoking: gptj-python-9pxorshgg1admpou4gjh.default.192.168.1.240.sslip.io:80"
time="2024-05-30T03:14:45.513675711-06:00" level=debug msg="Invoking: gptj-python-9pxorshgg1admpou4gjh.default.192.168.1.240.sslip.io:80"
time="2024-05-30T03:14:53.017730341-06:00" level=debug msg="Invoking: gptj-python-9pxorshgg1admpou4gjh.default.192.168.1.240.sslip.io:80"
time="2024-05-30T03:15:00.438625098-06:00" level=debug msg="Minute: 1"
time="2024-05-30T03:15:00.438713462-06:00" level=debug msg="Number of Invocations this iteration: 8"
time="2024-05-30T03:15:00.438808863-06:00" level=debug msg="Invoking: image-rotate-go-6-ybnum7ydh6avyhot1z20.default.192.168.1.240.sslip.io:80"
time="2024-05-30T03:15:07.939534395-06:00" level=debug msg="Invoking: gptj-python-9pxorshgg1admpou4gjh.default.192.168.1.240.sslip.io:80"
time="2024-05-30T03:15:15.445668398-06:00" level=debug msg="Invoking: gptj-python-9pxorshgg1admpou4gjh.default.192.168.1.240.sslip.io:80"
time="2024-05-30T03:15:22.949681169-06:00" level=debug msg="Invoking: gptj-python-9pxorshgg1admpou4gjh.default.192.168.1.240.sslip.io:80"
time="2024-05-30T03:15:30.453942101-06:00" level=debug msg="Invoking: cartservice-kd5pyggyz5tr9jp7k8ws.default.192.168.1.240.sslip.io:80"
time="2024-05-30T03:15:37.957751028-06:00" level=debug msg="Invoking: gptj-python-9pxorshgg1admpou4gjh.default.192.168.1.240.sslip.io:80"
time="2024-05-30T03:15:45.461675632-06:00" level=debug msg="Invoking: gptj-python-9pxorshgg1admpou4gjh.default.192.168.1.240.sslip.io:80"
time="2024-05-30T03:15:52.96572157-06:00" level=debug msg="Invoking: gptj-python-9pxorshgg1admpou4gjh.default.192.168.1.240.sslip.io:80"
time="2024-05-30T03:16:00.440112476-06:00" level=debug msg="Minute: 2"
time="2024-05-30T03:16:00.440212128-06:00" level=debug msg="Number of Invocations this iteration: 8"
time="2024-05-30T03:16:00.440305303-06:00" level=debug msg="Invoking: cartservice-kd5pyggyz5tr9jp7k8ws.default.192.168.1.240.sslip.io:80"
time="2024-05-30T03:16:07.945671292-06:00" level=debug msg="Invoking: gptj-python-9pxorshgg1admpou4gjh.default.192.168.1.240.sslip.io:80"
time="2024-05-30T03:16:15.449680703-06:00" level=debug msg="Invoking: gptj-python-9pxorshgg1admpou4gjh.default.192.168.1.240.sslip.io:80"
time="2024-05-30T03:16:22.955605555-06:00" level=debug msg="Invoking: gptj-python-9pxorshgg1admpou4gjh.default.192.168.1.240.sslip.io:80"
time="2024-05-30T03:16:30.461673602-06:00" level=debug msg="Invoking: cartservice-kd5pyggyz5tr9jp7k8ws.default.192.168.1.240.sslip.io:80"
time="2024-05-30T03:16:37.965692786-06:00" level=debug msg="Invoking: gptj-python-9pxorshgg1admpou4gjh.default.192.168.1.240.sslip.io:80"
time="2024-05-30T03:16:45.470205955-06:00" level=debug msg="Invoking: gptj-python-9pxorshgg1admpou4gjh.default.192.168.1.240.sslip.io:80"
time="2024-05-30T03:16:52.970662248-06:00" level=debug msg="Invoking: gptj-python-9pxorshgg1admpou4gjh.default.192.168.1.240.sslip.io:80"
time="2024-05-30T03:17:00.440126639-06:00" level=info msg="Warmup Phase Completed"
time="2024-05-30T03:17:00.440212353-06:00" level=info msg="Running Experiment Phase"
time="2024-05-30T03:17:00.440241809-06:00" level=debug msg="Minute: 3"
time="2024-05-30T03:17:00.440307802-06:00" level=debug msg="Number of Invocations this iteration: 8"
time="2024-05-30T03:17:00.440392204-06:00" level=debug msg="Invoking: cartservice-kd5pyggyz5tr9jp7k8ws.default.192.168.1.240.sslip.io:80"
time="2024-05-30T03:17:00.457713259-06:00" level=debug msg="Invoked cartservice-kd5pyggyz5tr9jp7k8ws.default.192.168.1.240.sslip.io in 17318 usec\n"
time="2024-05-30T03:17:07.945734406-06:00" level=debug msg="Invoking: gptj-python-9pxorshgg1admpou4gjh.default.192.168.1.240.sslip.io:80"
time="2024-05-30T03:17:07.956033137-06:00" level=debug msg="Invoked gptj-python-9pxorshgg1admpou4gjh.default.192.168.1.240.sslip.io in 10310 usec\n"
time="2024-05-30T03:17:15.449681789-06:00" level=debug msg="Invoking: gptj-python-9pxorshgg1admpou4gjh.default.192.168.1.240.sslip.io:80"
time="2024-05-30T03:17:15.460156025-06:00" level=debug msg="Invoked gptj-python-9pxorshgg1admpou4gjh.default.192.168.1.240.sslip.io in 10483 usec\n"
time="2024-05-30T03:17:22.953723342-06:00" level=debug msg="Invoking: gptj-python-9pxorshgg1admpou4gjh.default.192.168.1.240.sslip.io:80"
time="2024-05-30T03:17:22.96421858-06:00" level=debug msg="Invoked gptj-python-9pxorshgg1admpou4gjh.default.192.168.1.240.sslip.io in 10499 usec\n"
time="2024-05-30T03:17:30.460628314-06:00" level=debug msg="Invoking: cartservice-kd5pyggyz5tr9jp7k8ws.default.192.168.1.240.sslip.io:80"
time="2024-05-30T03:17:30.472976009-06:00" level=debug msg="Invoked cartservice-kd5pyggyz5tr9jp7k8ws.default.192.168.1.240.sslip.io in 13400 usec\n"
time="2024-05-30T03:17:37.965695593-06:00" level=debug msg="Invoking: gptj-python-9pxorshgg1admpou4gjh.default.192.168.1.240.sslip.io:80"
time="2024-05-30T03:17:37.97662215-06:00" level=debug msg="Invoked gptj-python-9pxorshgg1admpou4gjh.default.192.168.1.240.sslip.io in 10936 usec\n"
time="2024-05-30T03:17:45.469707182-06:00" level=debug msg="Invoking: gptj-python-9pxorshgg1admpou4gjh.default.192.168.1.240.sslip.io:80"
time="2024-05-30T03:17:45.480262313-06:00" level=debug msg="Invoked gptj-python-9pxorshgg1admpou4gjh.default.192.168.1.240.sslip.io in 10566 usec\n"
time="2024-05-30T03:17:52.973891567-06:00" level=debug msg="Invoking: gptj-python-9pxorshgg1admpou4gjh.default.192.168.1.240.sslip.io:80"
time="2024-05-30T03:17:52.984577389-06:00" level=debug msg="Invoked gptj-python-9pxorshgg1admpou4gjh.default.192.168.1.240.sslip.io in 10697 usec\n"
time="2024-05-30T03:18:00.440009678-06:00" level=debug msg="Minute: 4"
time="2024-05-30T03:18:00.440108885-06:00" level=debug msg="Number of Invocations this iteration: 8"
time="2024-05-30T03:18:00.440204042-06:00" level=debug msg="Invoking: rnn-serving-python-10-10-5788qtb29qr3qkmv4j6u.default.192.168.1.240.sslip.io:80"
time="2024-05-30T03:18:07.945706545-06:00" level=debug msg="Invoking: gptj-python-9pxorshgg1admpou4gjh.default.192.168.1.240.sslip.io:80"
time="2024-05-30T03:18:07.956283698-06:00" level=debug msg="Invoked gptj-python-9pxorshgg1admpou4gjh.default.192.168.1.240.sslip.io in 10592 usec\n"
time="2024-05-30T03:18:11.166754778-06:00" level=debug msg="Invoked rnn-serving-python-10-10-5788qtb29qr3qkmv4j6u.default.192.168.1.240.sslip.io in 10726547 usec\n"
time="2024-05-30T03:18:15.449737523-06:00" level=debug msg="Invoking: gptj-python-9pxorshgg1admpou4gjh.default.192.168.1.240.sslip.io:80"
time="2024-05-30T03:18:15.459783132-06:00" level=debug msg="Invoked gptj-python-9pxorshgg1admpou4gjh.default.192.168.1.240.sslip.io in 10057 usec\n"
time="2024-05-30T03:18:22.95375114-06:00" level=debug msg="Invoking: gptj-python-9pxorshgg1admpou4gjh.default.192.168.1.240.sslip.io:80"
time="2024-05-30T03:18:22.964830932-06:00" level=debug msg="Invoked gptj-python-9pxorshgg1admpou4gjh.default.192.168.1.240.sslip.io in 11089 usec\n"
time="2024-05-30T03:18:30.457730738-06:00" level=debug msg="Invoking: cartservice-kd5pyggyz5tr9jp7k8ws.default.192.168.1.240.sslip.io:80"
time="2024-05-30T03:18:30.470625759-06:00" level=debug msg="Invoked cartservice-kd5pyggyz5tr9jp7k8ws.default.192.168.1.240.sslip.io in 12904 usec\n"
time="2024-05-30T03:18:37.96432898-06:00" level=debug msg="Invoking: gptj-python-9pxorshgg1admpou4gjh.default.192.168.1.240.sslip.io:80"
time="2024-05-30T03:18:37.974965701-06:00" level=debug msg="Invoked gptj-python-9pxorshgg1admpou4gjh.default.192.168.1.240.sslip.io in 10647 usec\n"
time="2024-05-30T03:18:45.469852118-06:00" level=debug msg="Invoking: gptj-python-9pxorshgg1admpou4gjh.default.192.168.1.240.sslip.io:80"
time="2024-05-30T03:18:45.479940305-06:00" level=debug msg="Invoked gptj-python-9pxorshgg1admpou4gjh.default.192.168.1.240.sslip.io in 10100 usec\n"
time="2024-05-30T03:18:52.973688441-06:00" level=debug msg="Invoking: gptj-python-9pxorshgg1admpou4gjh.default.192.168.1.240.sslip.io:80"
time="2024-05-30T03:18:52.984609593-06:00" level=debug msg="Invoked gptj-python-9pxorshgg1admpou4gjh.default.192.168.1.240.sslip.io in 10929 usec\n"
time="2024-05-30T03:19:00.43987178-06:00" level=debug msg="Minute: 5"
time="2024-05-30T03:19:00.439930678-06:00" level=debug msg="Number of Invocations this iteration: 8"
time="2024-05-30T03:19:00.439993672-06:00" level=debug msg="Invoking: cartservice-kd5pyggyz5tr9jp7k8ws.default.192.168.1.240.sslip.io:80"
time="2024-05-30T03:19:00.453375838-06:00" level=debug msg="Invoked cartservice-kd5pyggyz5tr9jp7k8ws.default.192.168.1.240.sslip.io in 13377 usec\n"
time="2024-05-30T03:19:07.945678911-06:00" level=debug msg="Invoking: gptj-python-9pxorshgg1admpou4gjh.default.192.168.1.240.sslip.io:80"
time="2024-05-30T03:19:07.956271039-06:00" level=debug msg="Invoked gptj-python-9pxorshgg1admpou4gjh.default.192.168.1.240.sslip.io in 10604 usec\n"
time="2024-05-30T03:19:15.449752365-06:00" level=debug msg="Invoking: gptj-python-9pxorshgg1admpou4gjh.default.192.168.1.240.sslip.io:80"
time="2024-05-30T03:19:15.460664156-06:00" level=debug msg="Invoked gptj-python-9pxorshgg1admpou4gjh.default.192.168.1.240.sslip.io in 10924 usec\n"
time="2024-05-30T03:19:22.95374114-06:00" level=debug msg="Invoking: gptj-python-9pxorshgg1admpou4gjh.default.192.168.1.240.sslip.io:80"
time="2024-05-30T03:19:22.964406474-06:00" level=debug msg="Invoked gptj-python-9pxorshgg1admpou4gjh.default.192.168.1.240.sslip.io in 10675 usec\n"
time="2024-05-30T03:19:30.457852587-06:00" level=debug msg="Invoking: cartservice-kd5pyggyz5tr9jp7k8ws.default.192.168.1.240.sslip.io:80"
time="2024-05-30T03:19:30.472011744-06:00" level=debug msg="Invoked cartservice-kd5pyggyz5tr9jp7k8ws.default.192.168.1.240.sslip.io in 14186 usec\n"
time="2024-05-30T03:19:37.963965858-06:00" level=debug msg="Invoking: gptj-python-9pxorshgg1admpou4gjh.default.192.168.1.240.sslip.io:80"
time="2024-05-30T03:19:37.974963163-06:00" level=debug msg="Invoked gptj-python-9pxorshgg1admpou4gjh.default.192.168.1.240.sslip.io in 11004 usec\n"
time="2024-05-30T03:19:45.469731857-06:00" level=debug msg="Invoking: gptj-python-9pxorshgg1admpou4gjh.default.192.168.1.240.sslip.io:80"
time="2024-05-30T03:19:45.47991654-06:00" level=debug msg="Invoked gptj-python-9pxorshgg1admpou4gjh.default.192.168.1.240.sslip.io in 10194 usec\n"
time="2024-05-30T03:19:52.977275142-06:00" level=debug msg="Invoking: gptj-python-9pxorshgg1admpou4gjh.default.192.168.1.240.sslip.io:80"
time="2024-05-30T03:19:52.987712119-06:00" level=debug msg="Invoked gptj-python-9pxorshgg1admpou4gjh.default.192.168.1.240.sslip.io in 10448 usec\n"
time="2024-05-30T03:20:00.437735425-06:00" level=debug msg="Minute: 6"
time="2024-05-30T03:20:00.437838141-06:00" level=debug msg="Number of Invocations this iteration: 8"
time="2024-05-30T03:20:00.437917343-06:00" level=debug msg="Invoking: image-rotate-go-6-ybnum7ydh6avyhot1z20.default.192.168.1.240.sslip.io:80"
time="2024-05-30T03:20:07.776336554-06:00" level=debug msg="Invoked image-rotate-go-6-ybnum7ydh6avyhot1z20.default.192.168.1.240.sslip.io in 7338415 usec\n"
time="2024-05-30T03:20:07.93856167-06:00" level=debug msg="Invoking: gptj-python-9pxorshgg1admpou4gjh.default.192.168.1.240.sslip.io:80"
time="2024-05-30T03:20:07.949593081-06:00" level=debug msg="Invoked gptj-python-9pxorshgg1admpou4gjh.default.192.168.1.240.sslip.io in 11023 usec\n"
time="2024-05-30T03:20:15.445657481-06:00" level=debug msg="Invoking: gptj-python-9pxorshgg1admpou4gjh.default.192.168.1.240.sslip.io:80"
time="2024-05-30T03:20:15.457081887-06:00" level=debug msg="Invoked gptj-python-9pxorshgg1admpou4gjh.default.192.168.1.240.sslip.io in 11431 usec\n"
time="2024-05-30T03:20:22.950136272-06:00" level=debug msg="Invoking: gptj-python-9pxorshgg1admpou4gjh.default.192.168.1.240.sslip.io:80"
time="2024-05-30T03:20:22.960296845-06:00" level=debug msg="Invoked gptj-python-9pxorshgg1admpou4gjh.default.192.168.1.240.sslip.io in 10171 usec\n"
time="2024-05-30T03:20:30.45775428-06:00" level=debug msg="Invoking: cartservice-kd5pyggyz5tr9jp7k8ws.default.192.168.1.240.sslip.io:80"
time="2024-05-30T03:20:30.470115848-06:00" level=debug msg="Invoked cartservice-kd5pyggyz5tr9jp7k8ws.default.192.168.1.240.sslip.io in 12374 usec\n"
time="2024-05-30T03:20:37.961754333-06:00" level=debug msg="Invoking: gptj-python-9pxorshgg1admpou4gjh.default.192.168.1.240.sslip.io:80"
time="2024-05-30T03:20:37.972266289-06:00" level=debug msg="Invoked gptj-python-9pxorshgg1admpou4gjh.default.192.168.1.240.sslip.io in 10506 usec\n"
time="2024-05-30T03:20:45.466681132-06:00" level=debug msg="Invoking: gptj-python-9pxorshgg1admpou4gjh.default.192.168.1.240.sslip.io:80"
time="2024-05-30T03:20:45.477566651-06:00" level=debug msg="Invoked gptj-python-9pxorshgg1admpou4gjh.default.192.168.1.240.sslip.io in 10896 usec\n"
time="2024-05-30T03:20:52.973855582-06:00" level=debug msg="Invoking: gptj-python-9pxorshgg1admpou4gjh.default.192.168.1.240.sslip.io:80"
time="2024-05-30T03:20:52.986631446-06:00" level=debug msg="Invoked gptj-python-9pxorshgg1admpou4gjh.default.192.168.1.240.sslip.io in 12788 usec\n"
time="2024-05-30T03:21:00.437726885-06:00" level=debug msg="Minute: 7"
time="2024-05-30T03:21:00.437833223-06:00" level=debug msg="Number of Invocations this iteration: 8"
time="2024-05-30T03:21:00.437931734-06:00" level=debug msg="Invoking: cartservice-kd5pyggyz5tr9jp7k8ws.default.192.168.1.240.sslip.io:80"
time="2024-05-30T03:21:00.450743226-06:00" level=debug msg="Invoked cartservice-kd5pyggyz5tr9jp7k8ws.default.192.168.1.240.sslip.io in 12809 usec\n"
time="2024-05-30T03:21:07.941752456-06:00" level=debug msg="Invoking: gptj-python-9pxorshgg1admpou4gjh.default.192.168.1.240.sslip.io:80"
time="2024-05-30T03:21:07.952480446-06:00" level=debug msg="Invoked gptj-python-9pxorshgg1admpou4gjh.default.192.168.1.240.sslip.io in 10741 usec\n"
time="2024-05-30T03:21:15.447277092-06:00" level=debug msg="Invoking: gptj-python-9pxorshgg1admpou4gjh.default.192.168.1.240.sslip.io:80"
time="2024-05-30T03:21:15.457186409-06:00" level=debug msg="Invoked gptj-python-9pxorshgg1admpou4gjh.default.192.168.1.240.sslip.io in 9919 usec\n"
time="2024-05-30T03:21:22.953747742-06:00" level=debug msg="Invoking: gptj-python-9pxorshgg1admpou4gjh.default.192.168.1.240.sslip.io:80"
time="2024-05-30T03:21:22.964147889-06:00" level=debug msg="Invoked gptj-python-9pxorshgg1admpou4gjh.default.192.168.1.240.sslip.io in 10410 usec\n"
time="2024-05-30T03:21:30.457749492-06:00" level=debug msg="Invoking: cartservice-kd5pyggyz5tr9jp7k8ws.default.192.168.1.240.sslip.io:80"
time="2024-05-30T03:21:30.475244328-06:00" level=debug msg="Invoked cartservice-kd5pyggyz5tr9jp7k8ws.default.192.168.1.240.sslip.io in 17523 usec\n"
time="2024-05-30T03:21:37.961678397-06:00" level=debug msg="Invoking: gptj-python-9pxorshgg1admpou4gjh.default.192.168.1.240.sslip.io:80"
time="2024-05-30T03:21:37.972390824-06:00" level=debug msg="Invoked gptj-python-9pxorshgg1admpou4gjh.default.192.168.1.240.sslip.io in 10721 usec\n"
time="2024-05-30T03:21:45.465676576-06:00" level=debug msg="Invoking: gptj-python-9pxorshgg1admpou4gjh.default.192.168.1.240.sslip.io:80"
time="2024-05-30T03:21:45.476636916-06:00" level=debug msg="Invoked gptj-python-9pxorshgg1admpou4gjh.default.192.168.1.240.sslip.io in 10983 usec\n"
time="2024-05-30T03:21:52.972374305-06:00" level=debug msg="Invoking: gptj-python-9pxorshgg1admpou4gjh.default.192.168.1.240.sslip.io:80"
time="2024-05-30T03:21:52.98334728-06:00" level=debug msg="Invoked gptj-python-9pxorshgg1admpou4gjh.default.192.168.1.240.sslip.io in 10986 usec\n"
time="2024-05-30T03:22:00.43766616-06:00" level=debug msg="Minute: 8"
time="2024-05-30T03:22:00.437813019-06:00" level=debug msg="Number of Invocations this iteration: 8"
time="2024-05-30T03:22:00.437899519-06:00" level=debug msg="Invoking: cartservice-kd5pyggyz5tr9jp7k8ws.default.192.168.1.240.sslip.io:80"
time="2024-05-30T03:22:00.450422975-06:00" level=debug msg="Invoked cartservice-kd5pyggyz5tr9jp7k8ws.default.192.168.1.240.sslip.io in 12523 usec\n"
time="2024-05-30T03:22:07.943600022-06:00" level=debug msg="Invoking: gptj-python-9pxorshgg1admpou4gjh.default.192.168.1.240.sslip.io:80"
time="2024-05-30T03:22:07.954131172-06:00" level=debug msg="Invoked gptj-python-9pxorshgg1admpou4gjh.default.192.168.1.240.sslip.io in 10542 usec\n"
time="2024-05-30T03:22:15.449674664-06:00" level=debug msg="Invoking: gptj-python-9pxorshgg1admpou4gjh.default.192.168.1.240.sslip.io:80"
time="2024-05-30T03:22:15.462478922-06:00" level=debug msg="Invoked gptj-python-9pxorshgg1admpou4gjh.default.192.168.1.240.sslip.io in 12817 usec\n"
time="2024-05-30T03:22:22.95375325-06:00" level=debug msg="Invoking: gptj-python-9pxorshgg1admpou4gjh.default.192.168.1.240.sslip.io:80"
time="2024-05-30T03:22:22.965040749-06:00" level=debug msg="Invoked gptj-python-9pxorshgg1admpou4gjh.default.192.168.1.240.sslip.io in 11299 usec\n"
time="2024-05-30T03:22:30.460598894-06:00" level=debug msg="Invoking: cartservice-kd5pyggyz5tr9jp7k8ws.default.192.168.1.240.sslip.io:80"
time="2024-05-30T03:22:30.47280085-06:00" level=debug msg="Invoked cartservice-kd5pyggyz5tr9jp7k8ws.default.192.168.1.240.sslip.io in 12214 usec\n"
time="2024-05-30T03:22:37.968007545-06:00" level=debug msg="Invoking: gptj-python-9pxorshgg1admpou4gjh.default.192.168.1.240.sslip.io:80"
time="2024-05-30T03:22:37.979250481-06:00" level=debug msg="Invoked gptj-python-9pxorshgg1admpou4gjh.default.192.168.1.240.sslip.io in 11252 usec\n"
time="2024-05-30T03:22:45.47375352-06:00" level=debug msg="Invoking: gptj-python-9pxorshgg1admpou4gjh.default.192.168.1.240.sslip.io:80"
time="2024-05-30T03:22:45.484295878-06:00" level=debug msg="Invoked gptj-python-9pxorshgg1admpou4gjh.default.192.168.1.240.sslip.io in 10539 usec\n"
time="2024-05-30T03:22:52.977662122-06:00" level=debug msg="Invoking: gptj-python-9pxorshgg1admpou4gjh.default.192.168.1.240.sslip.io:80"
time="2024-05-30T03:22:52.988967495-06:00" level=debug msg="Invoked gptj-python-9pxorshgg1admpou4gjh.default.192.168.1.240.sslip.io in 11316 usec\n"
time="2024-05-30T03:23:00.437720886-06:00" level=debug msg="Minute: 9"
time="2024-05-30T03:23:00.437854513-06:00" level=debug msg="Number of Invocations this iteration: 8"
time="2024-05-30T03:23:00.437945516-06:00" level=debug msg="Invoking: cartservice-kd5pyggyz5tr9jp7k8ws.default.192.168.1.240.sslip.io:80"
time="2024-05-30T03:23:00.45262875-06:00" level=debug msg="Invoked cartservice-kd5pyggyz5tr9jp7k8ws.default.192.168.1.240.sslip.io in 14681 usec\n"
time="2024-05-30T03:23:07.944989695-06:00" level=debug msg="Invoking: gptj-python-9pxorshgg1admpou4gjh.default.192.168.1.240.sslip.io:80"
time="2024-05-30T03:23:07.956444613-06:00" level=debug msg="Invoked gptj-python-9pxorshgg1admpou4gjh.default.192.168.1.240.sslip.io in 11466 usec\n"
time="2024-05-30T03:23:15.449751969-06:00" level=debug msg="Invoking: gptj-python-9pxorshgg1admpou4gjh.default.192.168.1.240.sslip.io:80"
time="2024-05-30T03:23:15.459783729-06:00" level=debug msg="Invoked gptj-python-9pxorshgg1admpou4gjh.default.192.168.1.240.sslip.io in 10040 usec\n"
time="2024-05-30T03:23:22.953725924-06:00" level=debug msg="Invoking: gptj-python-9pxorshgg1admpou4gjh.default.192.168.1.240.sslip.io:80"
time="2024-05-30T03:23:22.964260503-06:00" level=debug msg="Invoked gptj-python-9pxorshgg1admpou4gjh.default.192.168.1.240.sslip.io in 10545 usec\n"
time="2024-05-30T03:23:30.457724144-06:00" level=debug msg="Invoking: cartservice-kd5pyggyz5tr9jp7k8ws.default.192.168.1.240.sslip.io:80"
time="2024-05-30T03:23:30.470883021-06:00" level=debug msg="Invoked cartservice-kd5pyggyz5tr9jp7k8ws.default.192.168.1.240.sslip.io in 13169 usec\n"
time="2024-05-30T03:23:37.958420203-06:00" level=debug msg="Invoking: gptj-python-9pxorshgg1admpou4gjh.default.192.168.1.240.sslip.io:80"
time="2024-05-30T03:23:37.969226794-06:00" level=debug msg="Invoked gptj-python-9pxorshgg1admpou4gjh.default.192.168.1.240.sslip.io in 10861 usec\n"
time="2024-05-30T03:23:45.462368528-06:00" level=debug msg="Invoking: gptj-python-9pxorshgg1admpou4gjh.default.192.168.1.240.sslip.io:80"
time="2024-05-30T03:23:45.473786044-06:00" level=debug msg="Invoked gptj-python-9pxorshgg1admpou4gjh.default.192.168.1.240.sslip.io in 11428 usec\n"
time="2024-05-30T03:23:52.965722062-06:00" level=debug msg="Invoking: gptj-python-9pxorshgg1admpou4gjh.default.192.168.1.240.sslip.io:80"
time="2024-05-30T03:23:53.099940132-06:00" level=debug msg="Invoked gptj-python-9pxorshgg1admpou4gjh.default.192.168.1.240.sslip.io in 134229 usec\n"
time="2024-05-30T03:24:00.440173002-06:00" level=debug msg="Minute: 10"
time="2024-05-30T03:24:00.440307715-06:00" level=debug msg="Number of Invocations this iteration: 8"
time="2024-05-30T03:24:00.44038241-06:00" level=debug msg="Invoking: rnn-serving-python-10-10-5788qtb29qr3qkmv4j6u.default.192.168.1.240.sslip.io:80"
time="2024-05-30T03:24:07.945689963-06:00" level=debug msg="Invoking: gptj-python-9pxorshgg1admpou4gjh.default.192.168.1.240.sslip.io:80"
time="2024-05-30T03:24:07.956753076-06:00" level=debug msg="Invoked gptj-python-9pxorshgg1admpou4gjh.default.192.168.1.240.sslip.io in 11080 usec\n"
time="2024-05-30T03:24:11.287145795-06:00" level=debug msg="Invoked rnn-serving-python-10-10-5788qtb29qr3qkmv4j6u.default.192.168.1.240.sslip.io in 10846762 usec\n"
time="2024-05-30T03:24:15.449213088-06:00" level=debug msg="Invoking: gptj-python-9pxorshgg1admpou4gjh.default.192.168.1.240.sslip.io:80"
time="2024-05-30T03:24:15.460732722-06:00" level=debug msg="Invoked gptj-python-9pxorshgg1admpou4gjh.default.192.168.1.240.sslip.io in 11531 usec\n"
time="2024-05-30T03:24:22.953729078-06:00" level=debug msg="Invoking: gptj-python-9pxorshgg1admpou4gjh.default.192.168.1.240.sslip.io:80"
time="2024-05-30T03:24:22.964053987-06:00" level=debug msg="Invoked gptj-python-9pxorshgg1admpou4gjh.default.192.168.1.240.sslip.io in 10337 usec\n"
time="2024-05-30T03:24:30.457764595-06:00" level=debug msg="Invoking: cartservice-kd5pyggyz5tr9jp7k8ws.default.192.168.1.240.sslip.io:80"
time="2024-05-30T03:24:30.590018949-06:00" level=debug msg="Invoked cartservice-kd5pyggyz5tr9jp7k8ws.default.192.168.1.240.sslip.io in 132270 usec\n"
time="2024-05-30T03:24:37.961737481-06:00" level=debug msg="Invoking: gptj-python-9pxorshgg1admpou4gjh.default.192.168.1.240.sslip.io:80"
time="2024-05-30T03:24:37.971837214-06:00" level=debug msg="Invoked gptj-python-9pxorshgg1admpou4gjh.default.192.168.1.240.sslip.io in 10130 usec\n"
time="2024-05-30T03:24:45.465689759-06:00" level=debug msg="Invoking: gptj-python-9pxorshgg1admpou4gjh.default.192.168.1.240.sslip.io:80"
time="2024-05-30T03:24:45.474851666-06:00" level=debug msg="Invoked gptj-python-9pxorshgg1admpou4gjh.default.192.168.1.240.sslip.io in 9180 usec\n"
time="2024-05-30T03:24:52.969719988-06:00" level=debug msg="Invoking: gptj-python-9pxorshgg1admpou4gjh.default.192.168.1.240.sslip.io:80"
time="2024-05-30T03:24:52.980139396-06:00" level=debug msg="Invoked gptj-python-9pxorshgg1admpou4gjh.default.192.168.1.240.sslip.io in 10430 usec\n"
time="2024-05-30T03:25:00.440161688-06:00" level=debug msg="Minute: 11"
time="2024-05-30T03:25:00.44026486-06:00" level=debug msg="Number of Invocations this iteration: 8"
time="2024-05-30T03:25:00.440393123-06:00" level=debug msg="Invoking: image-rotate-go-6-ybnum7ydh6avyhot1z20.default.192.168.1.240.sslip.io:80"
time="2024-05-30T03:25:07.945775883-06:00" level=debug msg="Invoking: gptj-python-9pxorshgg1admpou4gjh.default.192.168.1.240.sslip.io:80"
time="2024-05-30T03:25:07.956138333-06:00" level=debug msg="Invoked gptj-python-9pxorshgg1admpou4gjh.default.192.168.1.240.sslip.io in 10374 usec\n"
time="2024-05-30T03:25:12.702937385-06:00" level=debug msg="Invoked image-rotate-go-6-ybnum7ydh6avyhot1z20.default.192.168.1.240.sslip.io in 12262574 usec\n"
time="2024-05-30T03:25:15.446083967-06:00" level=debug msg="Invoking: gptj-python-9pxorshgg1admpou4gjh.default.192.168.1.240.sslip.io:80"
time="2024-05-30T03:25:15.457721541-06:00" level=debug msg="Invoked gptj-python-9pxorshgg1admpou4gjh.default.192.168.1.240.sslip.io in 11648 usec\n"
time="2024-05-30T03:25:22.949733225-06:00" level=debug msg="Invoking: gptj-python-9pxorshgg1admpou4gjh.default.192.168.1.240.sslip.io:80"
time="2024-05-30T03:25:22.960657753-06:00" level=debug msg="Invoked gptj-python-9pxorshgg1admpou4gjh.default.192.168.1.240.sslip.io in 10936 usec\n"
time="2024-05-30T03:25:30.453739298-06:00" level=debug msg="Invoking: cartservice-kd5pyggyz5tr9jp7k8ws.default.192.168.1.240.sslip.io:80"
time="2024-05-30T03:25:30.466524128-06:00" level=debug msg="Invoked cartservice-kd5pyggyz5tr9jp7k8ws.default.192.168.1.240.sslip.io in 12795 usec\n"
time="2024-05-30T03:25:37.957645723-06:00" level=debug msg="Invoking: gptj-python-9pxorshgg1admpou4gjh.default.192.168.1.240.sslip.io:80"
time="2024-05-30T03:25:37.969471007-06:00" level=debug msg="Invoked gptj-python-9pxorshgg1admpou4gjh.default.192.168.1.240.sslip.io in 11820 usec\n"
time="2024-05-30T03:25:45.461797258-06:00" level=debug msg="Invoking: gptj-python-9pxorshgg1admpou4gjh.default.192.168.1.240.sslip.io:80"
time="2024-05-30T03:25:45.472237871-06:00" level=debug msg="Invoked gptj-python-9pxorshgg1admpou4gjh.default.192.168.1.240.sslip.io in 10519 usec\n"
time="2024-05-30T03:25:52.968715023-06:00" level=debug msg="Invoking: gptj-python-9pxorshgg1admpou4gjh.default.192.168.1.240.sslip.io:80"
time="2024-05-30T03:25:52.979216139-06:00" level=debug msg="Invoked gptj-python-9pxorshgg1admpou4gjh.default.192.168.1.240.sslip.io in 10506 usec\n"
time="2024-05-30T03:26:00.434059465-06:00" level=debug msg="Minute: 12"
time="2024-05-30T03:26:00.434221908-06:00" level=debug msg="Number of Invocations this iteration: 8"
time="2024-05-30T03:26:00.434297165-06:00" level=debug msg="Invoking: cartservice-kd5pyggyz5tr9jp7k8ws.default.192.168.1.240.sslip.io:80"
time="2024-05-30T03:26:00.446652521-06:00" level=debug msg="Invoked cartservice-kd5pyggyz5tr9jp7k8ws.default.192.168.1.240.sslip.io in 12352 usec\n"
time="2024-05-30T03:26:07.937680733-06:00" level=debug msg="Invoking: gptj-python-9pxorshgg1admpou4gjh.default.192.168.1.240.sslip.io:80"
time="2024-05-30T03:26:07.947854323-06:00" level=debug msg="Invoked gptj-python-9pxorshgg1admpou4gjh.default.192.168.1.240.sslip.io in 10188 usec\n"
time="2024-05-30T03:26:15.442750728-06:00" level=debug msg="Invoking: gptj-python-9pxorshgg1admpou4gjh.default.192.168.1.240.sslip.io:80"
time="2024-05-30T03:26:15.453356569-06:00" level=debug msg="Invoked gptj-python-9pxorshgg1admpou4gjh.default.192.168.1.240.sslip.io in 10614 usec\n"
time="2024-05-30T03:26:22.948969222-06:00" level=debug msg="Invoking: gptj-python-9pxorshgg1admpou4gjh.default.192.168.1.240.sslip.io:80"
time="2024-05-30T03:26:22.959338983-06:00" level=debug msg="Invoked gptj-python-9pxorshgg1admpou4gjh.default.192.168.1.240.sslip.io in 10378 usec\n"
time="2024-05-30T03:26:30.449232248-06:00" level=debug msg="Invoking: cartservice-kd5pyggyz5tr9jp7k8ws.default.192.168.1.240.sslip.io:80"
time="2024-05-30T03:26:30.460488384-06:00" level=debug msg="Invoked cartservice-kd5pyggyz5tr9jp7k8ws.default.192.168.1.240.sslip.io in 11289 usec\n"
time="2024-05-30T03:26:37.955596595-06:00" level=debug msg="Invoking: gptj-python-9pxorshgg1admpou4gjh.default.192.168.1.240.sslip.io:80"
time="2024-05-30T03:26:37.966781086-06:00" level=debug msg="Invoked gptj-python-9pxorshgg1admpou4gjh.default.192.168.1.240.sslip.io in 11195 usec\n"
time="2024-05-30T03:26:45.462108335-06:00" level=debug msg="Invoking: gptj-python-9pxorshgg1admpou4gjh.default.192.168.1.240.sslip.io:80"
time="2024-05-30T03:26:45.472638516-06:00" level=debug msg="Invoked gptj-python-9pxorshgg1admpou4gjh.default.192.168.1.240.sslip.io in 10540 usec\n"
time="2024-05-30T03:26:52.965694299-06:00" level=debug msg="Invoking: gptj-python-9pxorshgg1admpou4gjh.default.192.168.1.240.sslip.io:80"
time="2024-05-30T03:26:52.97750622-06:00" level=debug msg="Invoked gptj-python-9pxorshgg1admpou4gjh.default.192.168.1.240.sslip.io in 11825 usec\n"
time="2024-05-30T03:27:00.437718405-06:00" level=debug msg="Minute: 13"
time="2024-05-30T03:27:00.437822722-06:00" level=debug msg="Number of Invocations this iteration: 8"
time="2024-05-30T03:27:00.437912675-06:00" level=debug msg="Invoking: cartservice-kd5pyggyz5tr9jp7k8ws.default.192.168.1.240.sslip.io:80"
time="2024-05-30T03:27:00.451844673-06:00" level=debug msg="Invoked cartservice-kd5pyggyz5tr9jp7k8ws.default.192.168.1.240.sslip.io in 13924 usec\n"
time="2024-05-30T03:27:07.941725537-06:00" level=debug msg="Invoking: gptj-python-9pxorshgg1admpou4gjh.default.192.168.1.240.sslip.io:80"
time="2024-05-30T03:27:07.954366077-06:00" level=debug msg="Invoked gptj-python-9pxorshgg1admpou4gjh.default.192.168.1.240.sslip.io in 12648 usec\n"
time="2024-05-30T03:27:15.445722741-06:00" level=debug msg="Invoking: gptj-python-9pxorshgg1admpou4gjh.default.192.168.1.240.sslip.io:80"
time="2024-05-30T03:27:15.456277467-06:00" level=debug msg="Invoked gptj-python-9pxorshgg1admpou4gjh.default.192.168.1.240.sslip.io in 10564 usec\n"
time="2024-05-30T03:27:22.949737891-06:00" level=debug msg="Invoking: gptj-python-9pxorshgg1admpou4gjh.default.192.168.1.240.sslip.io:80"
time="2024-05-30T03:27:22.960346564-06:00" level=debug msg="Invoked gptj-python-9pxorshgg1admpou4gjh.default.192.168.1.240.sslip.io in 10621 usec\n"
time="2024-05-30T03:27:30.453722714-06:00" level=debug msg="Invoking: cartservice-kd5pyggyz5tr9jp7k8ws.default.192.168.1.240.sslip.io:80"
time="2024-05-30T03:27:30.464106521-06:00" level=debug msg="Invoked cartservice-kd5pyggyz5tr9jp7k8ws.default.192.168.1.240.sslip.io in 10417 usec\n"
time="2024-05-30T03:27:37.957671076-06:00" level=debug msg="Invoking: gptj-python-9pxorshgg1admpou4gjh.default.192.168.1.240.sslip.io:80"
time="2024-05-30T03:27:37.968084984-06:00" level=debug msg="Invoked gptj-python-9pxorshgg1admpou4gjh.default.192.168.1.240.sslip.io in 10413 usec\n"
time="2024-05-30T03:27:45.461670584-06:00" level=debug msg="Invoking: gptj-python-9pxorshgg1admpou4gjh.default.192.168.1.240.sslip.io:80"
time="2024-05-30T03:27:45.472132459-06:00" level=debug msg="Invoked gptj-python-9pxorshgg1admpou4gjh.default.192.168.1.240.sslip.io in 10469 usec\n"
time="2024-05-30T03:27:52.965679438-06:00" level=debug msg="Invoking: gptj-python-9pxorshgg1admpou4gjh.default.192.168.1.240.sslip.io:80"
time="2024-05-30T03:27:52.97613951-06:00" level=debug msg="Invoked gptj-python-9pxorshgg1admpou4gjh.default.192.168.1.240.sslip.io in 10469 usec\n"
time="2024-05-30T03:28:00.439993968-06:00" level=info msg="Experiment Phase Completed"
time="2024-05-30T03:28:00.440124281-06:00" level=info msg="Issued / completed requests: 112, 112"
time="2024-05-30T03:28:00.440161855-06:00" level=info msg="Average Real RPS: 0.13 "
time="2024-05-30T03:28:00.440187065-06:00" level=info msg="Experiment finished!"
time="2024-05-30T03:28:00.440213232-06:00" level=info msg="The measured latencies are saved in rps_lat.csv"
