time="2024-05-30T01:44:16.781227923-06:00" level=debug msg="Debug logging is enabled"
time="2024-05-30T01:44:16.781402026-06:00" level=info msg="Reading the trace endpoints from the file: /users/ArunAMS/vSwarm/tools/load-generator/load.json"
time="2024-05-30T01:44:16.782950001-06:00" level=info msg="Warmup Duration: 3"
time="2024-05-30T01:44:16.782978501-06:00" level=info msg="Experiment Duration: 11"
time="2024-05-30T01:44:16.783001027-06:00" level=info msg="Minute Granularity: true"
time="2024-05-30T01:45:16.839988033-06:00" level=info msg="Running Warmup Phase"
time="2024-05-30T01:45:16.840094189-06:00" level=debug msg="Minute: 0"
time="2024-05-30T01:45:16.840192573-06:00" level=debug msg="Number of Invocations this iteration: 8"
time="2024-05-30T01:45:16.840304755-06:00" level=debug msg="Invoking: cartservice-h242qqbdsewbyppchbro.default.192.168.1.240.sslip.io:80"
time="2024-05-30T01:45:24.344307027-06:00" level=debug msg="Invoking: gptj-python-4lsvtjczaeotnzax25j6.default.192.168.1.240.sslip.io:80"
time="2024-05-30T01:45:31.848079136-06:00" level=debug msg="Invoking: gptj-python-4lsvtjczaeotnzax25j6.default.192.168.1.240.sslip.io:80"
time="2024-05-30T01:45:39.349384872-06:00" level=debug msg="Invoking: gptj-python-4lsvtjczaeotnzax25j6.default.192.168.1.240.sslip.io:80"
time="2024-05-30T01:45:46.856141792-06:00" level=debug msg="Invoking: cartservice-h242qqbdsewbyppchbro.default.192.168.1.240.sslip.io:80"
time="2024-05-30T01:45:54.361651666-06:00" level=debug msg="Invoking: gptj-python-4lsvtjczaeotnzax25j6.default.192.168.1.240.sslip.io:80"
time="2024-05-30T01:46:01.868053308-06:00" level=debug msg="Invoking: gptj-python-4lsvtjczaeotnzax25j6.default.192.168.1.240.sslip.io:80"
time="2024-05-30T01:46:09.371994466-06:00" level=debug msg="Invoking: gptj-python-4lsvtjczaeotnzax25j6.default.192.168.1.240.sslip.io:80"
time="2024-05-30T01:46:16.789090964-06:00" level=debug msg="Minute: 1"
time="2024-05-30T01:46:16.789273278-06:00" level=debug msg="Number of Invocations this iteration: 8"
time="2024-05-30T01:46:16.789358963-06:00" level=debug msg="Invoking: image-rotate-go-6-dp1ovw0994v9vif0zzyl.default.192.168.1.240.sslip.io:80"
time="2024-05-30T01:46:24.290503157-06:00" level=debug msg="Invoking: gptj-python-4lsvtjczaeotnzax25j6.default.192.168.1.240.sslip.io:80"
time="2024-05-30T01:46:31.796072299-06:00" level=debug msg="Invoking: gptj-python-4lsvtjczaeotnzax25j6.default.192.168.1.240.sslip.io:80"
time="2024-05-30T01:46:39.30006427-06:00" level=debug msg="Invoking: gptj-python-4lsvtjczaeotnzax25j6.default.192.168.1.240.sslip.io:80"
time="2024-05-30T01:46:46.805244913-06:00" level=debug msg="Invoking: cartservice-h242qqbdsewbyppchbro.default.192.168.1.240.sslip.io:80"
time="2024-05-30T01:46:54.31189468-06:00" level=debug msg="Invoking: gptj-python-4lsvtjczaeotnzax25j6.default.192.168.1.240.sslip.io:80"
time="2024-05-30T01:47:01.816306872-06:00" level=debug msg="Invoking: gptj-python-4lsvtjczaeotnzax25j6.default.192.168.1.240.sslip.io:80"
time="2024-05-30T01:47:09.320083997-06:00" level=debug msg="Invoking: gptj-python-4lsvtjczaeotnzax25j6.default.192.168.1.240.sslip.io:80"
time="2024-05-30T01:47:16.788067611-06:00" level=debug msg="Minute: 2"
time="2024-05-30T01:47:16.788170792-06:00" level=debug msg="Number of Invocations this iteration: 8"
time="2024-05-30T01:47:16.788263867-06:00" level=debug msg="Invoking: cartservice-h242qqbdsewbyppchbro.default.192.168.1.240.sslip.io:80"
time="2024-05-30T01:47:24.292873961-06:00" level=debug msg="Invoking: gptj-python-4lsvtjczaeotnzax25j6.default.192.168.1.240.sslip.io:80"
time="2024-05-30T01:47:31.800018764-06:00" level=debug msg="Invoking: gptj-python-4lsvtjczaeotnzax25j6.default.192.168.1.240.sslip.io:80"
time="2024-05-30T01:47:39.304078445-06:00" level=debug msg="Invoking: gptj-python-4lsvtjczaeotnzax25j6.default.192.168.1.240.sslip.io:80"
time="2024-05-30T01:47:46.810020122-06:00" level=debug msg="Invoking: cartservice-h242qqbdsewbyppchbro.default.192.168.1.240.sslip.io:80"
time="2024-05-30T01:47:54.31621856-06:00" level=debug msg="Invoking: gptj-python-4lsvtjczaeotnzax25j6.default.192.168.1.240.sslip.io:80"
time="2024-05-30T01:48:01.821411033-06:00" level=debug msg="Invoking: gptj-python-4lsvtjczaeotnzax25j6.default.192.168.1.240.sslip.io:80"
time="2024-05-30T01:48:09.328586821-06:00" level=debug msg="Invoking: gptj-python-4lsvtjczaeotnzax25j6.default.192.168.1.240.sslip.io:80"
time="2024-05-30T01:48:16.788037365-06:00" level=info msg="Warmup Phase Completed"
time="2024-05-30T01:48:16.788119593-06:00" level=info msg="Running Experiment Phase"
time="2024-05-30T01:48:16.788193791-06:00" level=debug msg="Minute: 3"
time="2024-05-30T01:48:16.788244333-06:00" level=debug msg="Number of Invocations this iteration: 8"
time="2024-05-30T01:48:16.788335165-06:00" level=debug msg="Invoking: cartservice-h242qqbdsewbyppchbro.default.192.168.1.240.sslip.io:80"
time="2024-05-30T01:48:16.800855814-06:00" level=debug msg="Invoked cartservice-h242qqbdsewbyppchbro.default.192.168.1.240.sslip.io in 12518 usec\n"
time="2024-05-30T01:48:24.292059938-06:00" level=debug msg="Invoking: gptj-python-4lsvtjczaeotnzax25j6.default.192.168.1.240.sslip.io:80"
time="2024-05-30T01:48:24.301979626-06:00" level=debug msg="Invoked gptj-python-4lsvtjczaeotnzax25j6.default.192.168.1.240.sslip.io in 9932 usec\n"
time="2024-05-30T01:48:31.79609352-06:00" level=debug msg="Invoking: gptj-python-4lsvtjczaeotnzax25j6.default.192.168.1.240.sslip.io:80"
time="2024-05-30T01:48:31.806942612-06:00" level=debug msg="Invoked gptj-python-4lsvtjczaeotnzax25j6.default.192.168.1.240.sslip.io in 10862 usec\n"
time="2024-05-30T01:48:39.300370281-06:00" level=debug msg="Invoking: gptj-python-4lsvtjczaeotnzax25j6.default.192.168.1.240.sslip.io:80"
time="2024-05-30T01:48:39.310420553-06:00" level=debug msg="Invoked gptj-python-4lsvtjczaeotnzax25j6.default.192.168.1.240.sslip.io in 10062 usec\n"
time="2024-05-30T01:48:46.804053125-06:00" level=debug msg="Invoking: cartservice-h242qqbdsewbyppchbro.default.192.168.1.240.sslip.io:80"
time="2024-05-30T01:48:46.817268092-06:00" level=debug msg="Invoked cartservice-h242qqbdsewbyppchbro.default.192.168.1.240.sslip.io in 13220 usec\n"
time="2024-05-30T01:48:54.304335582-06:00" level=debug msg="Invoking: gptj-python-4lsvtjczaeotnzax25j6.default.192.168.1.240.sslip.io:80"
time="2024-05-30T01:48:54.314956001-06:00" level=debug msg="Invoked gptj-python-4lsvtjczaeotnzax25j6.default.192.168.1.240.sslip.io in 10701 usec\n"
time="2024-05-30T01:49:01.808041974-06:00" level=debug msg="Invoking: gptj-python-4lsvtjczaeotnzax25j6.default.192.168.1.240.sslip.io:80"
time="2024-05-30T01:49:01.81799714-06:00" level=debug msg="Invoked gptj-python-4lsvtjczaeotnzax25j6.default.192.168.1.240.sslip.io in 9948 usec\n"
time="2024-05-30T01:49:09.311479007-06:00" level=debug msg="Invoking: gptj-python-4lsvtjczaeotnzax25j6.default.192.168.1.240.sslip.io:80"
time="2024-05-30T01:49:09.322000146-06:00" level=debug msg="Invoked gptj-python-4lsvtjczaeotnzax25j6.default.192.168.1.240.sslip.io in 10557 usec\n"
time="2024-05-30T01:49:16.788004889-06:00" level=debug msg="Minute: 4"
time="2024-05-30T01:49:16.788079752-06:00" level=debug msg="Number of Invocations this iteration: 8"
time="2024-05-30T01:49:16.78814606-06:00" level=debug msg="Invoking: rnn-serving-python-10-10-kby5zzuptiffqexgildf.default.192.168.1.240.sslip.io:80"
time="2024-05-30T01:49:24.294946119-06:00" level=debug msg="Invoking: gptj-python-4lsvtjczaeotnzax25j6.default.192.168.1.240.sslip.io:80"
time="2024-05-30T01:49:24.306192806-06:00" level=debug msg="Invoked gptj-python-4lsvtjczaeotnzax25j6.default.192.168.1.240.sslip.io in 11263 usec\n"
time="2024-05-30T01:49:26.576235404-06:00" level=debug msg="Invoked rnn-serving-python-10-10-kby5zzuptiffqexgildf.default.192.168.1.240.sslip.io in 9788085 usec\n"
time="2024-05-30T01:49:31.796087688-06:00" level=debug msg="Invoking: gptj-python-4lsvtjczaeotnzax25j6.default.192.168.1.240.sslip.io:80"
time="2024-05-30T01:49:31.806341837-06:00" level=debug msg="Invoked gptj-python-4lsvtjczaeotnzax25j6.default.192.168.1.240.sslip.io in 10268 usec\n"
time="2024-05-30T01:49:39.300083336-06:00" level=debug msg="Invoking: gptj-python-4lsvtjczaeotnzax25j6.default.192.168.1.240.sslip.io:80"
time="2024-05-30T01:49:39.310609205-06:00" level=debug msg="Invoked gptj-python-4lsvtjczaeotnzax25j6.default.192.168.1.240.sslip.io in 10540 usec\n"
time="2024-05-30T01:49:46.804045338-06:00" level=debug msg="Invoking: cartservice-h242qqbdsewbyppchbro.default.192.168.1.240.sslip.io:80"
time="2024-05-30T01:49:46.817281792-06:00" level=debug msg="Invoked cartservice-h242qqbdsewbyppchbro.default.192.168.1.240.sslip.io in 13276 usec\n"
time="2024-05-30T01:49:54.308098073-06:00" level=debug msg="Invoking: gptj-python-4lsvtjczaeotnzax25j6.default.192.168.1.240.sslip.io:80"
time="2024-05-30T01:49:54.318644955-06:00" level=debug msg="Invoked gptj-python-4lsvtjczaeotnzax25j6.default.192.168.1.240.sslip.io in 10559 usec\n"
time="2024-05-30T01:50:01.812062555-06:00" level=debug msg="Invoking: gptj-python-4lsvtjczaeotnzax25j6.default.192.168.1.240.sslip.io:80"
time="2024-05-30T01:50:01.824444398-06:00" level=debug msg="Invoked gptj-python-4lsvtjczaeotnzax25j6.default.192.168.1.240.sslip.io in 12395 usec\n"
time="2024-05-30T01:50:09.316090535-06:00" level=debug msg="Invoking: gptj-python-4lsvtjczaeotnzax25j6.default.192.168.1.240.sslip.io:80"
time="2024-05-30T01:50:09.326393483-06:00" level=debug msg="Invoked gptj-python-4lsvtjczaeotnzax25j6.default.192.168.1.240.sslip.io in 10315 usec\n"
time="2024-05-30T01:50:16.78880373-06:00" level=debug msg="Minute: 5"
time="2024-05-30T01:50:16.78890725-06:00" level=debug msg="Number of Invocations this iteration: 8"
time="2024-05-30T01:50:16.788992497-06:00" level=debug msg="Invoking: cartservice-h242qqbdsewbyppchbro.default.192.168.1.240.sslip.io:80"
time="2024-05-30T01:50:16.802169876-06:00" level=debug msg="Invoked cartservice-h242qqbdsewbyppchbro.default.192.168.1.240.sslip.io in 13175 usec\n"
time="2024-05-30T01:50:24.292011193-06:00" level=debug msg="Invoking: gptj-python-4lsvtjczaeotnzax25j6.default.192.168.1.240.sslip.io:80"
time="2024-05-30T01:50:24.305693842-06:00" level=debug msg="Invoked gptj-python-4lsvtjczaeotnzax25j6.default.192.168.1.240.sslip.io in 13695 usec\n"
time="2024-05-30T01:50:31.799028702-06:00" level=debug msg="Invoking: gptj-python-4lsvtjczaeotnzax25j6.default.192.168.1.240.sslip.io:80"
time="2024-05-30T01:50:31.809585151-06:00" level=debug msg="Invoked gptj-python-4lsvtjczaeotnzax25j6.default.192.168.1.240.sslip.io in 10567 usec\n"
time="2024-05-30T01:50:39.304059042-06:00" level=debug msg="Invoking: gptj-python-4lsvtjczaeotnzax25j6.default.192.168.1.240.sslip.io:80"
time="2024-05-30T01:50:39.314333976-06:00" level=debug msg="Invoked gptj-python-4lsvtjczaeotnzax25j6.default.192.168.1.240.sslip.io in 10286 usec\n"
time="2024-05-30T01:50:46.80805923-06:00" level=debug msg="Invoking: cartservice-h242qqbdsewbyppchbro.default.192.168.1.240.sslip.io:80"
time="2024-05-30T01:50:46.822605724-06:00" level=debug msg="Invoked cartservice-h242qqbdsewbyppchbro.default.192.168.1.240.sslip.io in 14553 usec\n"
time="2024-05-30T01:50:54.313015941-06:00" level=debug msg="Invoking: gptj-python-4lsvtjczaeotnzax25j6.default.192.168.1.240.sslip.io:80"
time="2024-05-30T01:50:54.323727474-06:00" level=debug msg="Invoked gptj-python-4lsvtjczaeotnzax25j6.default.192.168.1.240.sslip.io in 10721 usec\n"
time="2024-05-30T01:51:01.820050337-06:00" level=debug msg="Invoking: gptj-python-4lsvtjczaeotnzax25j6.default.192.168.1.240.sslip.io:80"
time="2024-05-30T01:51:01.830155433-06:00" level=debug msg="Invoked gptj-python-4lsvtjczaeotnzax25j6.default.192.168.1.240.sslip.io in 10102 usec\n"
time="2024-05-30T01:51:09.324010774-06:00" level=debug msg="Invoking: gptj-python-4lsvtjczaeotnzax25j6.default.192.168.1.240.sslip.io:80"
time="2024-05-30T01:51:09.335319803-06:00" level=debug msg="Invoked gptj-python-4lsvtjczaeotnzax25j6.default.192.168.1.240.sslip.io in 11319 usec\n"
time="2024-05-30T01:51:16.788953194-06:00" level=debug msg="Minute: 6"
time="2024-05-30T01:51:16.789063517-06:00" level=debug msg="Number of Invocations this iteration: 8"
time="2024-05-30T01:51:16.789158578-06:00" level=debug msg="Invoking: image-rotate-go-6-dp1ovw0994v9vif0zzyl.default.192.168.1.240.sslip.io:80"
time="2024-05-30T01:51:24.003443287-06:00" level=debug msg="Invoked image-rotate-go-6-dp1ovw0994v9vif0zzyl.default.192.168.1.240.sslip.io in 7214277 usec\n"
time="2024-05-30T01:51:24.289666664-06:00" level=debug msg="Invoking: gptj-python-4lsvtjczaeotnzax25j6.default.192.168.1.240.sslip.io:80"
time="2024-05-30T01:51:24.30051016-06:00" level=debug msg="Invoked gptj-python-4lsvtjczaeotnzax25j6.default.192.168.1.240.sslip.io in 10853 usec\n"
time="2024-05-30T01:51:31.796024587-06:00" level=debug msg="Invoking: gptj-python-4lsvtjczaeotnzax25j6.default.192.168.1.240.sslip.io:80"
time="2024-05-30T01:51:31.806309859-06:00" level=debug msg="Invoked gptj-python-4lsvtjczaeotnzax25j6.default.192.168.1.240.sslip.io in 10285 usec\n"
time="2024-05-30T01:51:39.300019679-06:00" level=debug msg="Invoking: gptj-python-4lsvtjczaeotnzax25j6.default.192.168.1.240.sslip.io:80"
time="2024-05-30T01:51:39.311931992-06:00" level=debug msg="Invoked gptj-python-4lsvtjczaeotnzax25j6.default.192.168.1.240.sslip.io in 11922 usec\n"
time="2024-05-30T01:51:46.80415111-06:00" level=debug msg="Invoking: cartservice-h242qqbdsewbyppchbro.default.192.168.1.240.sslip.io:80"
time="2024-05-30T01:51:46.817656974-06:00" level=debug msg="Invoked cartservice-h242qqbdsewbyppchbro.default.192.168.1.240.sslip.io in 13518 usec\n"
time="2024-05-30T01:51:54.308063267-06:00" level=debug msg="Invoking: gptj-python-4lsvtjczaeotnzax25j6.default.192.168.1.240.sslip.io:80"
time="2024-05-30T01:51:54.320387142-06:00" level=debug msg="Invoked gptj-python-4lsvtjczaeotnzax25j6.default.192.168.1.240.sslip.io in 12330 usec\n"
time="2024-05-30T01:52:01.812073417-06:00" level=debug msg="Invoking: gptj-python-4lsvtjczaeotnzax25j6.default.192.168.1.240.sslip.io:80"
time="2024-05-30T01:52:01.823588488-06:00" level=debug msg="Invoked gptj-python-4lsvtjczaeotnzax25j6.default.192.168.1.240.sslip.io in 11526 usec\n"
time="2024-05-30T01:52:09.317015792-06:00" level=debug msg="Invoking: gptj-python-4lsvtjczaeotnzax25j6.default.192.168.1.240.sslip.io:80"
time="2024-05-30T01:52:09.32772741-06:00" level=debug msg="Invoked gptj-python-4lsvtjczaeotnzax25j6.default.192.168.1.240.sslip.io in 10725 usec\n"
time="2024-05-30T01:52:16.787997082-06:00" level=debug msg="Minute: 7"
time="2024-05-30T01:52:16.78809844-06:00" level=debug msg="Number of Invocations this iteration: 8"
time="2024-05-30T01:52:16.788224439-06:00" level=debug msg="Invoking: cartservice-h242qqbdsewbyppchbro.default.192.168.1.240.sslip.io:80"
time="2024-05-30T01:52:16.801916493-06:00" level=debug msg="Invoked cartservice-h242qqbdsewbyppchbro.default.192.168.1.240.sslip.io in 13688 usec\n"
time="2024-05-30T01:52:24.292059235-06:00" level=debug msg="Invoking: gptj-python-4lsvtjczaeotnzax25j6.default.192.168.1.240.sslip.io:80"
time="2024-05-30T01:52:24.303170302-06:00" level=debug msg="Invoked gptj-python-4lsvtjczaeotnzax25j6.default.192.168.1.240.sslip.io in 11121 usec\n"
time="2024-05-30T01:52:31.79608484-06:00" level=debug msg="Invoking: gptj-python-4lsvtjczaeotnzax25j6.default.192.168.1.240.sslip.io:80"
time="2024-05-30T01:52:31.80701802-06:00" level=debug msg="Invoked gptj-python-4lsvtjczaeotnzax25j6.default.192.168.1.240.sslip.io in 10971 usec\n"
time="2024-05-30T01:52:39.300107767-06:00" level=debug msg="Invoking: gptj-python-4lsvtjczaeotnzax25j6.default.192.168.1.240.sslip.io:80"
time="2024-05-30T01:52:39.312699003-06:00" level=debug msg="Invoked gptj-python-4lsvtjczaeotnzax25j6.default.192.168.1.240.sslip.io in 12598 usec\n"
time="2024-05-30T01:52:46.806948164-06:00" level=debug msg="Invoking: cartservice-h242qqbdsewbyppchbro.default.192.168.1.240.sslip.io:80"
time="2024-05-30T01:52:46.821531568-06:00" level=debug msg="Invoked cartservice-h242qqbdsewbyppchbro.default.192.168.1.240.sslip.io in 14591 usec\n"
time="2024-05-30T01:52:54.308101079-06:00" level=debug msg="Invoking: gptj-python-4lsvtjczaeotnzax25j6.default.192.168.1.240.sslip.io:80"
time="2024-05-30T01:52:54.320147321-06:00" level=debug msg="Invoked gptj-python-4lsvtjczaeotnzax25j6.default.192.168.1.240.sslip.io in 12138 usec\n"
time="2024-05-30T01:53:01.812076329-06:00" level=debug msg="Invoking: gptj-python-4lsvtjczaeotnzax25j6.default.192.168.1.240.sslip.io:80"
time="2024-05-30T01:53:01.822942177-06:00" level=debug msg="Invoked gptj-python-4lsvtjczaeotnzax25j6.default.192.168.1.240.sslip.io in 10881 usec\n"
time="2024-05-30T01:53:09.316021054-06:00" level=debug msg="Invoking: gptj-python-4lsvtjczaeotnzax25j6.default.192.168.1.240.sslip.io:80"
time="2024-05-30T01:53:09.32641591-06:00" level=debug msg="Invoked gptj-python-4lsvtjczaeotnzax25j6.default.192.168.1.240.sslip.io in 10408 usec\n"
time="2024-05-30T01:53:16.78800419-06:00" level=debug msg="Minute: 8"
time="2024-05-30T01:53:16.788160969-06:00" level=debug msg="Number of Invocations this iteration: 8"
time="2024-05-30T01:53:16.788249432-06:00" level=debug msg="Invoking: cartservice-h242qqbdsewbyppchbro.default.192.168.1.240.sslip.io:80"
time="2024-05-30T01:53:16.801274502-06:00" level=debug msg="Invoked cartservice-h242qqbdsewbyppchbro.default.192.168.1.240.sslip.io in 13023 usec\n"
time="2024-05-30T01:53:24.292080997-06:00" level=debug msg="Invoking: gptj-python-4lsvtjczaeotnzax25j6.default.192.168.1.240.sslip.io:80"
time="2024-05-30T01:53:24.302746822-06:00" level=debug msg="Invoked gptj-python-4lsvtjczaeotnzax25j6.default.192.168.1.240.sslip.io in 10678 usec\n"
time="2024-05-30T01:53:31.795994017-06:00" level=debug msg="Invoking: gptj-python-4lsvtjczaeotnzax25j6.default.192.168.1.240.sslip.io:80"
time="2024-05-30T01:53:31.805999313-06:00" level=debug msg="Invoked gptj-python-4lsvtjczaeotnzax25j6.default.192.168.1.240.sslip.io in 10016 usec\n"
time="2024-05-30T01:53:39.302815115-06:00" level=debug msg="Invoking: gptj-python-4lsvtjczaeotnzax25j6.default.192.168.1.240.sslip.io:80"
time="2024-05-30T01:53:39.313587604-06:00" level=debug msg="Invoked gptj-python-4lsvtjczaeotnzax25j6.default.192.168.1.240.sslip.io in 10781 usec\n"
time="2024-05-30T01:53:46.808995676-06:00" level=debug msg="Invoking: cartservice-h242qqbdsewbyppchbro.default.192.168.1.240.sslip.io:80"
time="2024-05-30T01:53:46.822415799-06:00" level=debug msg="Invoked cartservice-h242qqbdsewbyppchbro.default.192.168.1.240.sslip.io in 13434 usec\n"
time="2024-05-30T01:53:54.313123426-06:00" level=debug msg="Invoking: gptj-python-4lsvtjczaeotnzax25j6.default.192.168.1.240.sslip.io:80"
time="2024-05-30T01:53:54.323291717-06:00" level=debug msg="Invoked gptj-python-4lsvtjczaeotnzax25j6.default.192.168.1.240.sslip.io in 10177 usec\n"
time="2024-05-30T01:54:01.820058447-06:00" level=debug msg="Invoking: gptj-python-4lsvtjczaeotnzax25j6.default.192.168.1.240.sslip.io:80"
time="2024-05-30T01:54:01.830689809-06:00" level=debug msg="Invoked gptj-python-4lsvtjczaeotnzax25j6.default.192.168.1.240.sslip.io in 10644 usec\n"
time="2024-05-30T01:54:09.324061518-06:00" level=debug msg="Invoking: gptj-python-4lsvtjczaeotnzax25j6.default.192.168.1.240.sslip.io:80"
time="2024-05-30T01:54:09.335977347-06:00" level=debug msg="Invoked gptj-python-4lsvtjczaeotnzax25j6.default.192.168.1.240.sslip.io in 11925 usec\n"
time="2024-05-30T01:54:16.78806549-06:00" level=debug msg="Minute: 9"
time="2024-05-30T01:54:16.788166051-06:00" level=debug msg="Number of Invocations this iteration: 8"
time="2024-05-30T01:54:16.788251266-06:00" level=debug msg="Invoking: cartservice-h242qqbdsewbyppchbro.default.192.168.1.240.sslip.io:80"
time="2024-05-30T01:54:16.80421913-06:00" level=debug msg="Invoked cartservice-h242qqbdsewbyppchbro.default.192.168.1.240.sslip.io in 15966 usec\n"
time="2024-05-30T01:54:24.295417826-06:00" level=debug msg="Invoking: gptj-python-4lsvtjczaeotnzax25j6.default.192.168.1.240.sslip.io:80"
time="2024-05-30T01:54:24.308964448-06:00" level=debug msg="Invoked gptj-python-4lsvtjczaeotnzax25j6.default.192.168.1.240.sslip.io in 13556 usec\n"
time="2024-05-30T01:54:31.800103177-06:00" level=debug msg="Invoking: gptj-python-4lsvtjczaeotnzax25j6.default.192.168.1.240.sslip.io:80"
time="2024-05-30T01:54:31.81045819-06:00" level=debug msg="Invoked gptj-python-4lsvtjczaeotnzax25j6.default.192.168.1.240.sslip.io in 10364 usec\n"
time="2024-05-30T01:54:39.304131878-06:00" level=debug msg="Invoking: gptj-python-4lsvtjczaeotnzax25j6.default.192.168.1.240.sslip.io:80"
time="2024-05-30T01:54:39.314731215-06:00" level=debug msg="Invoked gptj-python-4lsvtjczaeotnzax25j6.default.192.168.1.240.sslip.io in 10609 usec\n"
time="2024-05-30T01:54:46.808026588-06:00" level=debug msg="Invoking: cartservice-h242qqbdsewbyppchbro.default.192.168.1.240.sslip.io:80"
time="2024-05-30T01:54:46.820682809-06:00" level=debug msg="Invoked cartservice-h242qqbdsewbyppchbro.default.192.168.1.240.sslip.io in 12668 usec\n"
time="2024-05-30T01:54:54.309211079-06:00" level=debug msg="Invoking: gptj-python-4lsvtjczaeotnzax25j6.default.192.168.1.240.sslip.io:80"
time="2024-05-30T01:54:54.319536176-06:00" level=debug msg="Invoked gptj-python-4lsvtjczaeotnzax25j6.default.192.168.1.240.sslip.io in 10433 usec\n"
time="2024-05-30T01:55:01.816059926-06:00" level=debug msg="Invoking: gptj-python-4lsvtjczaeotnzax25j6.default.192.168.1.240.sslip.io:80"
time="2024-05-30T01:55:01.826939144-06:00" level=debug msg="Invoked gptj-python-4lsvtjczaeotnzax25j6.default.192.168.1.240.sslip.io in 10889 usec\n"
time="2024-05-30T01:55:09.320508936-06:00" level=debug msg="Invoking: gptj-python-4lsvtjczaeotnzax25j6.default.192.168.1.240.sslip.io:80"
time="2024-05-30T01:55:09.331233005-06:00" level=debug msg="Invoked gptj-python-4lsvtjczaeotnzax25j6.default.192.168.1.240.sslip.io in 10728 usec\n"
time="2024-05-30T01:55:16.788226126-06:00" level=debug msg="Minute: 10"
time="2024-05-30T01:55:16.788372745-06:00" level=debug msg="Number of Invocations this iteration: 8"
time="2024-05-30T01:55:16.788458872-06:00" level=debug msg="Invoking: rnn-serving-python-10-10-kby5zzuptiffqexgildf.default.192.168.1.240.sslip.io:80"
time="2024-05-30T01:55:24.292279115-06:00" level=debug msg="Invoking: gptj-python-4lsvtjczaeotnzax25j6.default.192.168.1.240.sslip.io:80"
time="2024-05-30T01:55:24.302808095-06:00" level=debug msg="Invoked gptj-python-4lsvtjczaeotnzax25j6.default.192.168.1.240.sslip.io in 10541 usec\n"
time="2024-05-30T01:55:31.796033779-06:00" level=debug msg="Invoking: gptj-python-4lsvtjczaeotnzax25j6.default.192.168.1.240.sslip.io:80"
time="2024-05-30T01:55:31.806307121-06:00" level=debug msg="Invoked gptj-python-4lsvtjczaeotnzax25j6.default.192.168.1.240.sslip.io in 10302 usec\n"
time="2024-05-30T01:55:32.555565506-06:00" level=debug msg="Invoked rnn-serving-python-10-10-kby5zzuptiffqexgildf.default.192.168.1.240.sslip.io in 15767104 usec\n"
time="2024-05-30T01:55:39.300105563-06:00" level=debug msg="Invoking: gptj-python-4lsvtjczaeotnzax25j6.default.192.168.1.240.sslip.io:80"
time="2024-05-30T01:55:39.310724567-06:00" level=debug msg="Invoked gptj-python-4lsvtjczaeotnzax25j6.default.192.168.1.240.sslip.io in 10628 usec\n"
time="2024-05-30T01:55:46.804090384-06:00" level=debug msg="Invoking: cartservice-h242qqbdsewbyppchbro.default.192.168.1.240.sslip.io:80"
time="2024-05-30T01:55:46.817498447-06:00" level=debug msg="Invoked cartservice-h242qqbdsewbyppchbro.default.192.168.1.240.sslip.io in 13439 usec\n"
time="2024-05-30T01:55:54.308071694-06:00" level=debug msg="Invoking: gptj-python-4lsvtjczaeotnzax25j6.default.192.168.1.240.sslip.io:80"
time="2024-05-30T01:55:54.31821749-06:00" level=debug msg="Invoked gptj-python-4lsvtjczaeotnzax25j6.default.192.168.1.240.sslip.io in 10157 usec\n"
time="2024-05-30T01:56:01.812057367-06:00" level=debug msg="Invoking: gptj-python-4lsvtjczaeotnzax25j6.default.192.168.1.240.sslip.io:80"
time="2024-05-30T01:56:01.822962435-06:00" level=debug msg="Invoked gptj-python-4lsvtjczaeotnzax25j6.default.192.168.1.240.sslip.io in 10913 usec\n"
time="2024-05-30T01:56:09.316073036-06:00" level=debug msg="Invoking: gptj-python-4lsvtjczaeotnzax25j6.default.192.168.1.240.sslip.io:80"
time="2024-05-30T01:56:09.326779897-06:00" level=debug msg="Invoked gptj-python-4lsvtjczaeotnzax25j6.default.192.168.1.240.sslip.io in 10715 usec\n"
time="2024-05-30T01:56:16.788033168-06:00" level=debug msg="Minute: 11"
time="2024-05-30T01:56:16.78813213-06:00" level=debug msg="Number of Invocations this iteration: 8"
time="2024-05-30T01:56:16.78824353-06:00" level=debug msg="Invoking: image-rotate-go-6-dp1ovw0994v9vif0zzyl.default.192.168.1.240.sslip.io:80"
time="2024-05-30T01:56:24.292001201-06:00" level=debug msg="Invoking: gptj-python-4lsvtjczaeotnzax25j6.default.192.168.1.240.sslip.io:80"
time="2024-05-30T01:56:24.303007557-06:00" level=debug msg="Invoked gptj-python-4lsvtjczaeotnzax25j6.default.192.168.1.240.sslip.io in 11017 usec\n"
time="2024-05-30T01:56:29.189483377-06:00" level=debug msg="Invoked image-rotate-go-6-dp1ovw0994v9vif0zzyl.default.192.168.1.240.sslip.io in 12401239 usec\n"
time="2024-05-30T01:56:31.793122652-06:00" level=debug msg="Invoking: gptj-python-4lsvtjczaeotnzax25j6.default.192.168.1.240.sslip.io:80"
time="2024-05-30T01:56:31.803779713-06:00" level=debug msg="Invoked gptj-python-4lsvtjczaeotnzax25j6.default.192.168.1.240.sslip.io in 10666 usec\n"
time="2024-05-30T01:56:39.300017487-06:00" level=debug msg="Invoking: gptj-python-4lsvtjczaeotnzax25j6.default.192.168.1.240.sslip.io:80"
time="2024-05-30T01:56:39.309704848-06:00" level=debug msg="Invoked gptj-python-4lsvtjczaeotnzax25j6.default.192.168.1.240.sslip.io in 9696 usec\n"
time="2024-05-30T01:56:46.804290984-06:00" level=debug msg="Invoking: cartservice-h242qqbdsewbyppchbro.default.192.168.1.240.sslip.io:80"
time="2024-05-30T01:56:46.817345182-06:00" level=debug msg="Invoked cartservice-h242qqbdsewbyppchbro.default.192.168.1.240.sslip.io in 13065 usec\n"
time="2024-05-30T01:56:54.308010405-06:00" level=debug msg="Invoking: gptj-python-4lsvtjczaeotnzax25j6.default.192.168.1.240.sslip.io:80"
time="2024-05-30T01:56:54.319640806-06:00" level=debug msg="Invoked gptj-python-4lsvtjczaeotnzax25j6.default.192.168.1.240.sslip.io in 11630 usec\n"
time="2024-05-30T01:57:01.812084724-06:00" level=debug msg="Invoking: gptj-python-4lsvtjczaeotnzax25j6.default.192.168.1.240.sslip.io:80"
time="2024-05-30T01:57:01.822685139-06:00" level=debug msg="Invoked gptj-python-4lsvtjczaeotnzax25j6.default.192.168.1.240.sslip.io in 10609 usec\n"
time="2024-05-30T01:57:09.316299796-06:00" level=debug msg="Invoking: gptj-python-4lsvtjczaeotnzax25j6.default.192.168.1.240.sslip.io:80"
time="2024-05-30T01:57:09.327208187-06:00" level=debug msg="Invoked gptj-python-4lsvtjczaeotnzax25j6.default.192.168.1.240.sslip.io in 10940 usec\n"
time="2024-05-30T01:57:16.784000251-06:00" level=debug msg="Minute: 12"
time="2024-05-30T01:57:16.784157514-06:00" level=debug msg="Number of Invocations this iteration: 8"
time="2024-05-30T01:57:16.784239606-06:00" level=debug msg="Invoking: cartservice-h242qqbdsewbyppchbro.default.192.168.1.240.sslip.io:80"
time="2024-05-30T01:57:16.796986634-06:00" level=debug msg="Invoked cartservice-h242qqbdsewbyppchbro.default.192.168.1.240.sslip.io in 12739 usec\n"
time="2024-05-30T01:57:24.288075227-06:00" level=debug msg="Invoking: gptj-python-4lsvtjczaeotnzax25j6.default.192.168.1.240.sslip.io:80"
time="2024-05-30T01:57:24.298764243-06:00" level=debug msg="Invoked gptj-python-4lsvtjczaeotnzax25j6.default.192.168.1.240.sslip.io in 10699 usec\n"
time="2024-05-30T01:57:31.793578191-06:00" level=debug msg="Invoking: gptj-python-4lsvtjczaeotnzax25j6.default.192.168.1.240.sslip.io:80"
time="2024-05-30T01:57:31.80443922-06:00" level=debug msg="Invoked gptj-python-4lsvtjczaeotnzax25j6.default.192.168.1.240.sslip.io in 10871 usec\n"
time="2024-05-30T01:57:39.300056961-06:00" level=debug msg="Invoking: gptj-python-4lsvtjczaeotnzax25j6.default.192.168.1.240.sslip.io:80"
time="2024-05-30T01:57:39.310771961-06:00" level=debug msg="Invoked gptj-python-4lsvtjczaeotnzax25j6.default.192.168.1.240.sslip.io in 10723 usec\n"
time="2024-05-30T01:57:46.807077904-06:00" level=debug msg="Invoking: cartservice-h242qqbdsewbyppchbro.default.192.168.1.240.sslip.io:80"
time="2024-05-30T01:57:46.820445405-06:00" level=debug msg="Invoked cartservice-h242qqbdsewbyppchbro.default.192.168.1.240.sslip.io in 13375 usec\n"
time="2024-05-30T01:57:54.312062176-06:00" level=debug msg="Invoking: gptj-python-4lsvtjczaeotnzax25j6.default.192.168.1.240.sslip.io:80"
time="2024-05-30T01:57:54.322954739-06:00" level=debug msg="Invoked gptj-python-4lsvtjczaeotnzax25j6.default.192.168.1.240.sslip.io in 10902 usec\n"
time="2024-05-30T01:58:01.816206766-06:00" level=debug msg="Invoking: gptj-python-4lsvtjczaeotnzax25j6.default.192.168.1.240.sslip.io:80"
time="2024-05-30T01:58:01.828446411-06:00" level=debug msg="Invoked gptj-python-4lsvtjczaeotnzax25j6.default.192.168.1.240.sslip.io in 12248 usec\n"
time="2024-05-30T01:58:09.320027311-06:00" level=debug msg="Invoking: gptj-python-4lsvtjczaeotnzax25j6.default.192.168.1.240.sslip.io:80"
time="2024-05-30T01:58:09.332127985-06:00" level=debug msg="Invoked gptj-python-4lsvtjczaeotnzax25j6.default.192.168.1.240.sslip.io in 12111 usec\n"
time="2024-05-30T01:58:16.788048531-06:00" level=debug msg="Minute: 13"
time="2024-05-30T01:58:16.788152142-06:00" level=debug msg="Number of Invocations this iteration: 8"
time="2024-05-30T01:58:16.788267142-06:00" level=debug msg="Invoking: cartservice-h242qqbdsewbyppchbro.default.192.168.1.240.sslip.io:80"
time="2024-05-30T01:58:16.802677828-06:00" level=debug msg="Invoked cartservice-h242qqbdsewbyppchbro.default.192.168.1.240.sslip.io in 14409 usec\n"
time="2024-05-30T01:58:24.295032613-06:00" level=debug msg="Invoking: gptj-python-4lsvtjczaeotnzax25j6.default.192.168.1.240.sslip.io:80"
time="2024-05-30T01:58:24.304816646-06:00" level=debug msg="Invoked gptj-python-4lsvtjczaeotnzax25j6.default.192.168.1.240.sslip.io in 9791 usec\n"
time="2024-05-30T01:58:31.800076665-06:00" level=debug msg="Invoking: gptj-python-4lsvtjczaeotnzax25j6.default.192.168.1.240.sslip.io:80"
time="2024-05-30T01:58:31.810541127-06:00" level=debug msg="Invoked gptj-python-4lsvtjczaeotnzax25j6.default.192.168.1.240.sslip.io in 10474 usec\n"
time="2024-05-30T01:58:39.304065556-06:00" level=debug msg="Invoking: gptj-python-4lsvtjczaeotnzax25j6.default.192.168.1.240.sslip.io:80"
time="2024-05-30T01:58:39.314863522-06:00" level=debug msg="Invoked gptj-python-4lsvtjczaeotnzax25j6.default.192.168.1.240.sslip.io in 10837 usec\n"
time="2024-05-30T01:58:46.808058586-06:00" level=debug msg="Invoking: cartservice-h242qqbdsewbyppchbro.default.192.168.1.240.sslip.io:80"
time="2024-05-30T01:58:46.819021399-06:00" level=debug msg="Invoked cartservice-h242qqbdsewbyppchbro.default.192.168.1.240.sslip.io in 10971 usec\n"
time="2024-05-30T01:58:54.311742241-06:00" level=debug msg="Invoking: gptj-python-4lsvtjczaeotnzax25j6.default.192.168.1.240.sslip.io:80"
time="2024-05-30T01:58:54.324483051-06:00" level=debug msg="Invoked gptj-python-4lsvtjczaeotnzax25j6.default.192.168.1.240.sslip.io in 12834 usec\n"
time="2024-05-30T01:59:01.818829054-06:00" level=debug msg="Invoking: gptj-python-4lsvtjczaeotnzax25j6.default.192.168.1.240.sslip.io:80"
time="2024-05-30T01:59:01.830430902-06:00" level=debug msg="Invoked gptj-python-4lsvtjczaeotnzax25j6.default.192.168.1.240.sslip.io in 11608 usec\n"
time="2024-05-30T01:59:09.32407085-06:00" level=debug msg="Invoking: gptj-python-4lsvtjczaeotnzax25j6.default.192.168.1.240.sslip.io:80"
time="2024-05-30T01:59:09.33503659-06:00" level=debug msg="Invoked gptj-python-4lsvtjczaeotnzax25j6.default.192.168.1.240.sslip.io in 10980 usec\n"
time="2024-05-30T01:59:16.788325149-06:00" level=info msg="Experiment Phase Completed"
time="2024-05-30T01:59:16.788458678-06:00" level=info msg="Issued / completed requests: 112, 112"
time="2024-05-30T01:59:16.788495368-06:00" level=info msg="Average Real RPS: 0.13 "
time="2024-05-30T01:59:16.788520961-06:00" level=info msg="Experiment finished!"
time="2024-05-30T01:59:16.78854808-06:00" level=info msg="The measured latencies are saved in rps_lat.csv"
