time="2024-05-30T02:29:56.102347604-06:00" level=debug msg="Debug logging is enabled"
time="2024-05-30T02:29:56.102493302-06:00" level=info msg="Reading the trace endpoints from the file: /users/ArunAMS/vSwarm/tools/load-generator/load.json"
time="2024-05-30T02:29:56.103750211-06:00" level=info msg="Warmup Duration: 3"
time="2024-05-30T02:29:56.103772844-06:00" level=info msg="Experiment Duration: 11"
time="2024-05-30T02:29:56.103790971-06:00" level=info msg="Minute Granularity: true"
time="2024-05-30T02:30:56.161359813-06:00" level=info msg="Running Warmup Phase"
time="2024-05-30T02:30:56.161437267-06:00" level=debug msg="Minute: 0"
time="2024-05-30T02:30:56.161509601-06:00" level=debug msg="Number of Invocations this iteration: 8"
time="2024-05-30T02:30:56.161617242-06:00" level=debug msg="Invoking: cartservice-x4nbmikn7nqh44isrp27.default.192.168.1.240.sslip.io:80"
time="2024-05-30T02:31:03.662405303-06:00" level=debug msg="Invoking: gptj-python-rae3dupxiyqgd33gj444.default.192.168.1.240.sslip.io:80"
time="2024-05-30T02:31:11.162840232-06:00" level=debug msg="Invoking: gptj-python-rae3dupxiyqgd33gj444.default.192.168.1.240.sslip.io:80"
time="2024-05-30T02:31:18.669342801-06:00" level=debug msg="Invoking: gptj-python-rae3dupxiyqgd33gj444.default.192.168.1.240.sslip.io:80"
time="2024-05-30T02:31:26.173381609-06:00" level=debug msg="Invoking: cartservice-x4nbmikn7nqh44isrp27.default.192.168.1.240.sslip.io:80"
time="2024-05-30T02:31:33.677406108-06:00" level=debug msg="Invoking: gptj-python-rae3dupxiyqgd33gj444.default.192.168.1.240.sslip.io:80"
time="2024-05-30T02:31:41.181329162-06:00" level=debug msg="Invoking: gptj-python-rae3dupxiyqgd33gj444.default.192.168.1.240.sslip.io:80"
time="2024-05-30T02:31:48.685657965-06:00" level=debug msg="Invoking: gptj-python-rae3dupxiyqgd33gj444.default.192.168.1.240.sslip.io:80"
time="2024-05-30T02:31:56.110444178-06:00" level=debug msg="Minute: 1"
time="2024-05-30T02:31:56.110533212-06:00" level=debug msg="Number of Invocations this iteration: 8"
time="2024-05-30T02:31:56.110658061-06:00" level=debug msg="Invoking: image-rotate-go-6-22qqcnsgzvavdryj0x3x.default.192.168.1.240.sslip.io:80"
time="2024-05-30T02:32:03.611355234-06:00" level=debug msg="Invoking: gptj-python-rae3dupxiyqgd33gj444.default.192.168.1.240.sslip.io:80"
time="2024-05-30T02:32:11.117494801-06:00" level=debug msg="Invoking: gptj-python-rae3dupxiyqgd33gj444.default.192.168.1.240.sslip.io:80"
time="2024-05-30T02:32:18.621406564-06:00" level=debug msg="Invoking: gptj-python-rae3dupxiyqgd33gj444.default.192.168.1.240.sslip.io:80"
time="2024-05-30T02:32:26.125381396-06:00" level=debug msg="Invoking: cartservice-x4nbmikn7nqh44isrp27.default.192.168.1.240.sslip.io:80"
time="2024-05-30T02:32:33.629498415-06:00" level=debug msg="Invoking: gptj-python-rae3dupxiyqgd33gj444.default.192.168.1.240.sslip.io:80"
time="2024-05-30T02:32:41.133326658-06:00" level=debug msg="Invoking: gptj-python-rae3dupxiyqgd33gj444.default.192.168.1.240.sslip.io:80"
time="2024-05-30T02:32:48.637338293-06:00" level=debug msg="Invoking: gptj-python-rae3dupxiyqgd33gj444.default.192.168.1.240.sslip.io:80"
time="2024-05-30T02:32:56.109375596-06:00" level=debug msg="Minute: 2"
time="2024-05-30T02:32:56.109471543-06:00" level=debug msg="Number of Invocations this iteration: 8"
time="2024-05-30T02:32:56.109550188-06:00" level=debug msg="Invoking: cartservice-x4nbmikn7nqh44isrp27.default.192.168.1.240.sslip.io:80"
time="2024-05-30T02:33:03.613464658-06:00" level=debug msg="Invoking: gptj-python-rae3dupxiyqgd33gj444.default.192.168.1.240.sslip.io:80"
time="2024-05-30T02:33:11.11738725-06:00" level=debug msg="Invoking: gptj-python-rae3dupxiyqgd33gj444.default.192.168.1.240.sslip.io:80"
time="2024-05-30T02:33:18.621400393-06:00" level=debug msg="Invoking: gptj-python-rae3dupxiyqgd33gj444.default.192.168.1.240.sslip.io:80"
time="2024-05-30T02:33:26.125426498-06:00" level=debug msg="Invoking: cartservice-x4nbmikn7nqh44isrp27.default.192.168.1.240.sslip.io:80"
time="2024-05-30T02:33:33.629455023-06:00" level=debug msg="Invoking: gptj-python-rae3dupxiyqgd33gj444.default.192.168.1.240.sslip.io:80"
time="2024-05-30T02:33:41.133442974-06:00" level=debug msg="Invoking: gptj-python-rae3dupxiyqgd33gj444.default.192.168.1.240.sslip.io:80"
time="2024-05-30T02:33:48.637340311-06:00" level=debug msg="Invoking: gptj-python-rae3dupxiyqgd33gj444.default.192.168.1.240.sslip.io:80"
time="2024-05-30T02:33:56.10932413-06:00" level=info msg="Warmup Phase Completed"
time="2024-05-30T02:33:56.109394292-06:00" level=info msg="Running Experiment Phase"
time="2024-05-30T02:33:56.109422171-06:00" level=debug msg="Minute: 3"
time="2024-05-30T02:33:56.109469088-06:00" level=debug msg="Number of Invocations this iteration: 8"
time="2024-05-30T02:33:56.109544994-06:00" level=debug msg="Invoking: cartservice-x4nbmikn7nqh44isrp27.default.192.168.1.240.sslip.io:80"
time="2024-05-30T02:33:56.122862257-06:00" level=debug msg="Invoked cartservice-x4nbmikn7nqh44isrp27.default.192.168.1.240.sslip.io in 13315 usec\n"
time="2024-05-30T02:34:03.61337001-06:00" level=debug msg="Invoking: gptj-python-rae3dupxiyqgd33gj444.default.192.168.1.240.sslip.io:80"
time="2024-05-30T02:34:03.626136556-06:00" level=debug msg="Invoked gptj-python-rae3dupxiyqgd33gj444.default.192.168.1.240.sslip.io in 12777 usec\n"
time="2024-05-30T02:34:11.119614661-06:00" level=debug msg="Invoking: gptj-python-rae3dupxiyqgd33gj444.default.192.168.1.240.sslip.io:80"
time="2024-05-30T02:34:11.129132631-06:00" level=debug msg="Invoked gptj-python-rae3dupxiyqgd33gj444.default.192.168.1.240.sslip.io in 9527 usec\n"
time="2024-05-30T02:34:18.625490482-06:00" level=debug msg="Invoking: gptj-python-rae3dupxiyqgd33gj444.default.192.168.1.240.sslip.io:80"
time="2024-05-30T02:34:18.636113012-06:00" level=debug msg="Invoked gptj-python-rae3dupxiyqgd33gj444.default.192.168.1.240.sslip.io in 10631 usec\n"
time="2024-05-30T02:34:26.129302547-06:00" level=debug msg="Invoking: cartservice-x4nbmikn7nqh44isrp27.default.192.168.1.240.sslip.io:80"
time="2024-05-30T02:34:26.142775637-06:00" level=debug msg="Invoked cartservice-x4nbmikn7nqh44isrp27.default.192.168.1.240.sslip.io in 13469 usec\n"
time="2024-05-30T02:34:33.633396468-06:00" level=debug msg="Invoking: gptj-python-rae3dupxiyqgd33gj444.default.192.168.1.240.sslip.io:80"
time="2024-05-30T02:34:33.643850638-06:00" level=debug msg="Invoked gptj-python-rae3dupxiyqgd33gj444.default.192.168.1.240.sslip.io in 10460 usec\n"
time="2024-05-30T02:34:41.137351291-06:00" level=debug msg="Invoking: gptj-python-rae3dupxiyqgd33gj444.default.192.168.1.240.sslip.io:80"
time="2024-05-30T02:34:41.147237457-06:00" level=debug msg="Invoked gptj-python-rae3dupxiyqgd33gj444.default.192.168.1.240.sslip.io in 9897 usec\n"
time="2024-05-30T02:34:48.639993762-06:00" level=debug msg="Invoking: gptj-python-rae3dupxiyqgd33gj444.default.192.168.1.240.sslip.io:80"
time="2024-05-30T02:34:48.650745719-06:00" level=debug msg="Invoked gptj-python-rae3dupxiyqgd33gj444.default.192.168.1.240.sslip.io in 10767 usec\n"
time="2024-05-30T02:34:56.109383832-06:00" level=debug msg="Minute: 4"
time="2024-05-30T02:34:56.109473164-06:00" level=debug msg="Number of Invocations this iteration: 8"
time="2024-05-30T02:34:56.10955907-06:00" level=debug msg="Invoking: rnn-serving-python-10-10-5w5wso5twocsowcefvnm.default.192.168.1.240.sslip.io:80"
time="2024-05-30T02:35:03.615953435-06:00" level=debug msg="Invoking: gptj-python-rae3dupxiyqgd33gj444.default.192.168.1.240.sslip.io:80"
time="2024-05-30T02:35:03.627157556-06:00" level=debug msg="Invoked gptj-python-rae3dupxiyqgd33gj444.default.192.168.1.240.sslip.io in 11203 usec\n"
time="2024-05-30T02:35:05.618213055-06:00" level=debug msg="Invoked rnn-serving-python-10-10-5w5wso5twocsowcefvnm.default.192.168.1.240.sslip.io in 9508652 usec\n"
time="2024-05-30T02:35:11.121329998-06:00" level=debug msg="Invoking: gptj-python-rae3dupxiyqgd33gj444.default.192.168.1.240.sslip.io:80"
time="2024-05-30T02:35:11.131570671-06:00" level=debug msg="Invoked gptj-python-rae3dupxiyqgd33gj444.default.192.168.1.240.sslip.io in 10253 usec\n"
time="2024-05-30T02:35:18.625406503-06:00" level=debug msg="Invoking: gptj-python-rae3dupxiyqgd33gj444.default.192.168.1.240.sslip.io:80"
time="2024-05-30T02:35:18.635964009-06:00" level=debug msg="Invoked gptj-python-rae3dupxiyqgd33gj444.default.192.168.1.240.sslip.io in 10563 usec\n"
time="2024-05-30T02:35:26.130098241-06:00" level=debug msg="Invoking: cartservice-x4nbmikn7nqh44isrp27.default.192.168.1.240.sslip.io:80"
time="2024-05-30T02:35:26.147063883-06:00" level=debug msg="Invoked cartservice-x4nbmikn7nqh44isrp27.default.192.168.1.240.sslip.io in 16976 usec\n"
time="2024-05-30T02:35:33.637400012-06:00" level=debug msg="Invoking: gptj-python-rae3dupxiyqgd33gj444.default.192.168.1.240.sslip.io:80"
time="2024-05-30T02:35:33.648113945-06:00" level=debug msg="Invoked gptj-python-rae3dupxiyqgd33gj444.default.192.168.1.240.sslip.io in 10726 usec\n"
time="2024-05-30T02:35:41.141398234-06:00" level=debug msg="Invoking: gptj-python-rae3dupxiyqgd33gj444.default.192.168.1.240.sslip.io:80"
time="2024-05-30T02:35:41.151360878-06:00" level=debug msg="Invoked gptj-python-rae3dupxiyqgd33gj444.default.192.168.1.240.sslip.io in 9974 usec\n"
time="2024-05-30T02:35:48.648759639-06:00" level=debug msg="Invoking: gptj-python-rae3dupxiyqgd33gj444.default.192.168.1.240.sslip.io:80"
time="2024-05-30T02:35:48.659875977-06:00" level=debug msg="Invoked gptj-python-rae3dupxiyqgd33gj444.default.192.168.1.240.sslip.io in 11129 usec\n"
time="2024-05-30T02:35:56.109326037-06:00" level=debug msg="Minute: 5"
time="2024-05-30T02:35:56.10942266-06:00" level=debug msg="Number of Invocations this iteration: 8"
time="2024-05-30T02:35:56.109510964-06:00" level=debug msg="Invoking: cartservice-x4nbmikn7nqh44isrp27.default.192.168.1.240.sslip.io:80"
time="2024-05-30T02:35:57.203148635-06:00" level=debug msg="Invoked cartservice-x4nbmikn7nqh44isrp27.default.192.168.1.240.sslip.io in 1093635 usec\n"
time="2024-05-30T02:36:03.613381518-06:00" level=debug msg="Invoking: gptj-python-rae3dupxiyqgd33gj444.default.192.168.1.240.sslip.io:80"
time="2024-05-30T02:36:03.622642574-06:00" level=debug msg="Invoked gptj-python-rae3dupxiyqgd33gj444.default.192.168.1.240.sslip.io in 9272 usec\n"
time="2024-05-30T02:36:11.1186338-06:00" level=debug msg="Invoking: gptj-python-rae3dupxiyqgd33gj444.default.192.168.1.240.sslip.io:80"
time="2024-05-30T02:36:11.128983775-06:00" level=debug msg="Invoked gptj-python-rae3dupxiyqgd33gj444.default.192.168.1.240.sslip.io in 10358 usec\n"
time="2024-05-30T02:36:18.625423763-06:00" level=debug msg="Invoking: gptj-python-rae3dupxiyqgd33gj444.default.192.168.1.240.sslip.io:80"
time="2024-05-30T02:36:18.635999922-06:00" level=debug msg="Invoked gptj-python-rae3dupxiyqgd33gj444.default.192.168.1.240.sslip.io in 10587 usec\n"
time="2024-05-30T02:36:26.132810054-06:00" level=debug msg="Invoking: cartservice-x4nbmikn7nqh44isrp27.default.192.168.1.240.sslip.io:80"
time="2024-05-30T02:36:26.158137147-06:00" level=debug msg="Invoked cartservice-x4nbmikn7nqh44isrp27.default.192.168.1.240.sslip.io in 25453 usec\n"
time="2024-05-30T02:36:33.638075572-06:00" level=debug msg="Invoking: gptj-python-rae3dupxiyqgd33gj444.default.192.168.1.240.sslip.io:80"
time="2024-05-30T02:36:33.648259379-06:00" level=debug msg="Invoked gptj-python-rae3dupxiyqgd33gj444.default.192.168.1.240.sslip.io in 10191 usec\n"
time="2024-05-30T02:36:41.14533727-06:00" level=debug msg="Invoking: gptj-python-rae3dupxiyqgd33gj444.default.192.168.1.240.sslip.io:80"
time="2024-05-30T02:36:41.155363562-06:00" level=debug msg="Invoked gptj-python-rae3dupxiyqgd33gj444.default.192.168.1.240.sslip.io in 10035 usec\n"
time="2024-05-30T02:36:48.645753363-06:00" level=debug msg="Invoking: gptj-python-rae3dupxiyqgd33gj444.default.192.168.1.240.sslip.io:80"
time="2024-05-30T02:36:48.656687027-06:00" level=debug msg="Invoked gptj-python-rae3dupxiyqgd33gj444.default.192.168.1.240.sslip.io in 10945 usec\n"
time="2024-05-30T02:36:56.109352983-06:00" level=debug msg="Minute: 6"
time="2024-05-30T02:36:56.109450297-06:00" level=debug msg="Number of Invocations this iteration: 8"
time="2024-05-30T02:36:56.109543849-06:00" level=debug msg="Invoking: image-rotate-go-6-22qqcnsgzvavdryj0x3x.default.192.168.1.240.sslip.io:80"
time="2024-05-30T02:37:03.26980674-06:00" level=debug msg="Invoked image-rotate-go-6-22qqcnsgzvavdryj0x3x.default.192.168.1.240.sslip.io in 7160260 usec\n"
time="2024-05-30T02:37:03.610160867-06:00" level=debug msg="Invoking: gptj-python-rae3dupxiyqgd33gj444.default.192.168.1.240.sslip.io:80"
time="2024-05-30T02:37:03.624437812-06:00" level=debug msg="Invoked gptj-python-rae3dupxiyqgd33gj444.default.192.168.1.240.sslip.io in 14317 usec\n"
time="2024-05-30T02:37:11.113390733-06:00" level=debug msg="Invoking: gptj-python-rae3dupxiyqgd33gj444.default.192.168.1.240.sslip.io:80"
time="2024-05-30T02:37:11.123951459-06:00" level=debug msg="Invoked gptj-python-rae3dupxiyqgd33gj444.default.192.168.1.240.sslip.io in 10571 usec\n"
time="2024-05-30T02:37:18.620099543-06:00" level=debug msg="Invoking: gptj-python-rae3dupxiyqgd33gj444.default.192.168.1.240.sslip.io:80"
time="2024-05-30T02:37:18.630651608-06:00" level=debug msg="Invoked gptj-python-rae3dupxiyqgd33gj444.default.192.168.1.240.sslip.io in 10562 usec\n"
time="2024-05-30T02:37:26.125350618-06:00" level=debug msg="Invoking: cartservice-x4nbmikn7nqh44isrp27.default.192.168.1.240.sslip.io:80"
time="2024-05-30T02:37:26.138932699-06:00" level=debug msg="Invoked cartservice-x4nbmikn7nqh44isrp27.default.192.168.1.240.sslip.io in 13592 usec\n"
time="2024-05-30T02:37:33.629414533-06:00" level=debug msg="Invoking: gptj-python-rae3dupxiyqgd33gj444.default.192.168.1.240.sslip.io:80"
time="2024-05-30T02:37:33.639828515-06:00" level=debug msg="Invoked gptj-python-rae3dupxiyqgd33gj444.default.192.168.1.240.sslip.io in 10445 usec\n"
time="2024-05-30T02:37:41.133343074-06:00" level=debug msg="Invoking: gptj-python-rae3dupxiyqgd33gj444.default.192.168.1.240.sslip.io:80"
time="2024-05-30T02:37:41.143376443-06:00" level=debug msg="Invoked gptj-python-rae3dupxiyqgd33gj444.default.192.168.1.240.sslip.io in 10059 usec\n"
time="2024-05-30T02:37:48.637408601-06:00" level=debug msg="Invoking: gptj-python-rae3dupxiyqgd33gj444.default.192.168.1.240.sslip.io:80"
time="2024-05-30T02:37:48.647783123-06:00" level=debug msg="Invoked gptj-python-rae3dupxiyqgd33gj444.default.192.168.1.240.sslip.io in 10383 usec\n"
time="2024-05-30T02:37:56.109406769-06:00" level=debug msg="Minute: 7"
time="2024-05-30T02:37:56.109504434-06:00" level=debug msg="Number of Invocations this iteration: 8"
time="2024-05-30T02:37:56.109593847-06:00" level=debug msg="Invoking: cartservice-x4nbmikn7nqh44isrp27.default.192.168.1.240.sslip.io:80"
time="2024-05-30T02:37:57.190534869-06:00" level=debug msg="Invoked cartservice-x4nbmikn7nqh44isrp27.default.192.168.1.240.sslip.io in 1080940 usec\n"
time="2024-05-30T02:38:03.613348789-06:00" level=debug msg="Invoking: gptj-python-rae3dupxiyqgd33gj444.default.192.168.1.240.sslip.io:80"
time="2024-05-30T02:38:03.623089724-06:00" level=debug msg="Invoked gptj-python-rae3dupxiyqgd33gj444.default.192.168.1.240.sslip.io in 9745 usec\n"
time="2024-05-30T02:38:11.117296592-06:00" level=debug msg="Invoking: gptj-python-rae3dupxiyqgd33gj444.default.192.168.1.240.sslip.io:80"
time="2024-05-30T02:38:11.127721409-06:00" level=debug msg="Invoked gptj-python-rae3dupxiyqgd33gj444.default.192.168.1.240.sslip.io in 10424 usec\n"
time="2024-05-30T02:38:18.624024252-06:00" level=debug msg="Invoking: gptj-python-rae3dupxiyqgd33gj444.default.192.168.1.240.sslip.io:80"
time="2024-05-30T02:38:18.634531388-06:00" level=debug msg="Invoked gptj-python-rae3dupxiyqgd33gj444.default.192.168.1.240.sslip.io in 10517 usec\n"
time="2024-05-30T02:38:26.130626266-06:00" level=debug msg="Invoking: cartservice-x4nbmikn7nqh44isrp27.default.192.168.1.240.sslip.io:80"
time="2024-05-30T02:38:26.155001625-06:00" level=debug msg="Invoked cartservice-x4nbmikn7nqh44isrp27.default.192.168.1.240.sslip.io in 24375 usec\n"
time="2024-05-30T02:38:33.631203131-06:00" level=debug msg="Invoking: gptj-python-rae3dupxiyqgd33gj444.default.192.168.1.240.sslip.io:80"
time="2024-05-30T02:38:33.641641935-06:00" level=debug msg="Invoked gptj-python-rae3dupxiyqgd33gj444.default.192.168.1.240.sslip.io in 10448 usec\n"
time="2024-05-30T02:38:41.133306297-06:00" level=debug msg="Invoking: gptj-python-rae3dupxiyqgd33gj444.default.192.168.1.240.sslip.io:80"
time="2024-05-30T02:38:41.143301255-06:00" level=debug msg="Invoked gptj-python-rae3dupxiyqgd33gj444.default.192.168.1.240.sslip.io in 9999 usec\n"
time="2024-05-30T02:38:48.637443725-06:00" level=debug msg="Invoking: gptj-python-rae3dupxiyqgd33gj444.default.192.168.1.240.sslip.io:80"
time="2024-05-30T02:38:48.648081219-06:00" level=debug msg="Invoked gptj-python-rae3dupxiyqgd33gj444.default.192.168.1.240.sslip.io in 10647 usec\n"
time="2024-05-30T02:38:56.109333147-06:00" level=debug msg="Minute: 8"
time="2024-05-30T02:38:56.10947236-06:00" level=debug msg="Number of Invocations this iteration: 8"
time="2024-05-30T02:38:56.109554021-06:00" level=debug msg="Invoking: cartservice-x4nbmikn7nqh44isrp27.default.192.168.1.240.sslip.io:80"
time="2024-05-30T02:38:56.122864296-06:00" level=debug msg="Invoked cartservice-x4nbmikn7nqh44isrp27.default.192.168.1.240.sslip.io in 13306 usec\n"
time="2024-05-30T02:39:03.613414477-06:00" level=debug msg="Invoking: gptj-python-rae3dupxiyqgd33gj444.default.192.168.1.240.sslip.io:80"
time="2024-05-30T02:39:03.62330536-06:00" level=debug msg="Invoked gptj-python-rae3dupxiyqgd33gj444.default.192.168.1.240.sslip.io in 9903 usec\n"
time="2024-05-30T02:39:11.117382925-06:00" level=debug msg="Invoking: gptj-python-rae3dupxiyqgd33gj444.default.192.168.1.240.sslip.io:80"
time="2024-05-30T02:39:11.137149643-06:00" level=debug msg="Invoked gptj-python-rae3dupxiyqgd33gj444.default.192.168.1.240.sslip.io in 19773 usec\n"
time="2024-05-30T02:39:18.621346999-06:00" level=debug msg="Invoking: gptj-python-rae3dupxiyqgd33gj444.default.192.168.1.240.sslip.io:80"
time="2024-05-30T02:39:18.631781284-06:00" level=debug msg="Invoked gptj-python-rae3dupxiyqgd33gj444.default.192.168.1.240.sslip.io in 10443 usec\n"
time="2024-05-30T02:39:26.128195062-06:00" level=debug msg="Invoking: cartservice-x4nbmikn7nqh44isrp27.default.192.168.1.240.sslip.io:80"
time="2024-05-30T02:39:26.141091112-06:00" level=debug msg="Invoked cartservice-x4nbmikn7nqh44isrp27.default.192.168.1.240.sslip.io in 12904 usec\n"
time="2024-05-30T02:39:33.635149962-06:00" level=debug msg="Invoking: gptj-python-rae3dupxiyqgd33gj444.default.192.168.1.240.sslip.io:80"
time="2024-05-30T02:39:33.64521006-06:00" level=debug msg="Invoked gptj-python-rae3dupxiyqgd33gj444.default.192.168.1.240.sslip.io in 10070 usec\n"
time="2024-05-30T02:39:41.141322282-06:00" level=debug msg="Invoking: gptj-python-rae3dupxiyqgd33gj444.default.192.168.1.240.sslip.io:80"
time="2024-05-30T02:39:41.150982776-06:00" level=debug msg="Invoked gptj-python-rae3dupxiyqgd33gj444.default.192.168.1.240.sslip.io in 9669 usec\n"
time="2024-05-30T02:39:48.64634143-06:00" level=debug msg="Invoking: gptj-python-rae3dupxiyqgd33gj444.default.192.168.1.240.sslip.io:80"
time="2024-05-30T02:39:48.656828236-06:00" level=debug msg="Invoked gptj-python-rae3dupxiyqgd33gj444.default.192.168.1.240.sslip.io in 10501 usec\n"
time="2024-05-30T02:39:56.10932371-06:00" level=debug msg="Minute: 9"
time="2024-05-30T02:39:56.109417317-06:00" level=debug msg="Number of Invocations this iteration: 8"
time="2024-05-30T02:39:56.109500394-06:00" level=debug msg="Invoking: cartservice-x4nbmikn7nqh44isrp27.default.192.168.1.240.sslip.io:80"
time="2024-05-30T02:39:56.120945554-06:00" level=debug msg="Invoked cartservice-x4nbmikn7nqh44isrp27.default.192.168.1.240.sslip.io in 11442 usec\n"
time="2024-05-30T02:40:03.613393764-06:00" level=debug msg="Invoking: gptj-python-rae3dupxiyqgd33gj444.default.192.168.1.240.sslip.io:80"
time="2024-05-30T02:40:03.623679092-06:00" level=debug msg="Invoked gptj-python-rae3dupxiyqgd33gj444.default.192.168.1.240.sslip.io in 10297 usec\n"
time="2024-05-30T02:40:11.117765097-06:00" level=debug msg="Invoking: gptj-python-rae3dupxiyqgd33gj444.default.192.168.1.240.sslip.io:80"
time="2024-05-30T02:40:11.128806882-06:00" level=debug msg="Invoked gptj-python-rae3dupxiyqgd33gj444.default.192.168.1.240.sslip.io in 11052 usec\n"
time="2024-05-30T02:40:18.624300559-06:00" level=debug msg="Invoking: gptj-python-rae3dupxiyqgd33gj444.default.192.168.1.240.sslip.io:80"
time="2024-05-30T02:40:18.634961787-06:00" level=debug msg="Invoked gptj-python-rae3dupxiyqgd33gj444.default.192.168.1.240.sslip.io in 10674 usec\n"
time="2024-05-30T02:40:26.129334036-06:00" level=debug msg="Invoking: cartservice-x4nbmikn7nqh44isrp27.default.192.168.1.240.sslip.io:80"
time="2024-05-30T02:40:26.141401653-06:00" level=debug msg="Invoked cartservice-x4nbmikn7nqh44isrp27.default.192.168.1.240.sslip.io in 12079 usec\n"
time="2024-05-30T02:40:33.630118119-06:00" level=debug msg="Invoking: gptj-python-rae3dupxiyqgd33gj444.default.192.168.1.240.sslip.io:80"
time="2024-05-30T02:40:33.642357445-06:00" level=debug msg="Invoked gptj-python-rae3dupxiyqgd33gj444.default.192.168.1.240.sslip.io in 12426 usec\n"
time="2024-05-30T02:40:41.133340453-06:00" level=debug msg="Invoking: gptj-python-rae3dupxiyqgd33gj444.default.192.168.1.240.sslip.io:80"
time="2024-05-30T02:40:41.143401275-06:00" level=debug msg="Invoked gptj-python-rae3dupxiyqgd33gj444.default.192.168.1.240.sslip.io in 10066 usec\n"
time="2024-05-30T02:40:48.637350329-06:00" level=debug msg="Invoking: gptj-python-rae3dupxiyqgd33gj444.default.192.168.1.240.sslip.io:80"
time="2024-05-30T02:40:48.647828187-06:00" level=debug msg="Invoked gptj-python-rae3dupxiyqgd33gj444.default.192.168.1.240.sslip.io in 10485 usec\n"
time="2024-05-30T02:40:56.109307876-06:00" level=debug msg="Minute: 10"
time="2024-05-30T02:40:56.109440882-06:00" level=debug msg="Number of Invocations this iteration: 8"
time="2024-05-30T02:40:56.109525549-06:00" level=debug msg="Invoking: rnn-serving-python-10-10-5w5wso5twocsowcefvnm.default.192.168.1.240.sslip.io:80"
time="2024-05-30T02:41:03.612793965-06:00" level=debug msg="Invoking: gptj-python-rae3dupxiyqgd33gj444.default.192.168.1.240.sslip.io:80"
time="2024-05-30T02:41:03.623985361-06:00" level=debug msg="Invoked gptj-python-rae3dupxiyqgd33gj444.default.192.168.1.240.sslip.io in 11202 usec\n"
time="2024-05-30T02:41:11.117335381-06:00" level=debug msg="Invoking: gptj-python-rae3dupxiyqgd33gj444.default.192.168.1.240.sslip.io:80"
time="2024-05-30T02:41:11.130876402-06:00" level=debug msg="Invoked gptj-python-rae3dupxiyqgd33gj444.default.192.168.1.240.sslip.io in 13551 usec\n"
time="2024-05-30T02:41:11.98978555-06:00" level=debug msg="Invoked rnn-serving-python-10-10-5w5wso5twocsowcefvnm.default.192.168.1.240.sslip.io in 15880257 usec\n"
time="2024-05-30T02:41:18.621416787-06:00" level=debug msg="Invoking: gptj-python-rae3dupxiyqgd33gj444.default.192.168.1.240.sslip.io:80"
time="2024-05-30T02:41:18.631876392-06:00" level=debug msg="Invoked gptj-python-rae3dupxiyqgd33gj444.default.192.168.1.240.sslip.io in 10471 usec\n"
time="2024-05-30T02:41:26.125364047-06:00" level=debug msg="Invoking: cartservice-x4nbmikn7nqh44isrp27.default.192.168.1.240.sslip.io:80"
time="2024-05-30T02:41:26.13787372-06:00" level=debug msg="Invoked cartservice-x4nbmikn7nqh44isrp27.default.192.168.1.240.sslip.io in 12520 usec\n"
time="2024-05-30T02:41:33.630111493-06:00" level=debug msg="Invoking: gptj-python-rae3dupxiyqgd33gj444.default.192.168.1.240.sslip.io:80"
time="2024-05-30T02:41:33.640282462-06:00" level=debug msg="Invoked gptj-python-rae3dupxiyqgd33gj444.default.192.168.1.240.sslip.io in 10180 usec\n"
time="2024-05-30T02:41:41.133355986-06:00" level=debug msg="Invoking: gptj-python-rae3dupxiyqgd33gj444.default.192.168.1.240.sslip.io:80"
time="2024-05-30T02:41:41.143407545-06:00" level=debug msg="Invoked gptj-python-rae3dupxiyqgd33gj444.default.192.168.1.240.sslip.io in 10080 usec\n"
time="2024-05-30T02:41:48.63737695-06:00" level=debug msg="Invoking: gptj-python-rae3dupxiyqgd33gj444.default.192.168.1.240.sslip.io:80"
time="2024-05-30T02:41:48.647767714-06:00" level=debug msg="Invoked gptj-python-rae3dupxiyqgd33gj444.default.192.168.1.240.sslip.io in 10401 usec\n"
time="2024-05-30T02:41:56.109375323-06:00" level=debug msg="Minute: 11"
time="2024-05-30T02:41:56.109465878-06:00" level=debug msg="Number of Invocations this iteration: 8"
time="2024-05-30T02:41:56.109545059-06:00" level=debug msg="Invoking: image-rotate-go-6-22qqcnsgzvavdryj0x3x.default.192.168.1.240.sslip.io:80"
time="2024-05-30T02:42:03.61334139-06:00" level=debug msg="Invoking: gptj-python-rae3dupxiyqgd33gj444.default.192.168.1.240.sslip.io:80"
time="2024-05-30T02:42:03.622767578-06:00" level=debug msg="Invoked gptj-python-rae3dupxiyqgd33gj444.default.192.168.1.240.sslip.io in 9439 usec\n"
time="2024-05-30T02:42:08.275762981-06:00" level=debug msg="Invoked image-rotate-go-6-22qqcnsgzvavdryj0x3x.default.192.168.1.240.sslip.io in 12166212 usec\n"
time="2024-05-30T02:42:11.114429824-06:00" level=debug msg="Invoking: gptj-python-rae3dupxiyqgd33gj444.default.192.168.1.240.sslip.io:80"
time="2024-05-30T02:42:11.123453335-06:00" level=debug msg="Invoked gptj-python-rae3dupxiyqgd33gj444.default.192.168.1.240.sslip.io in 9041 usec\n"
time="2024-05-30T02:42:18.621750405-06:00" level=debug msg="Invoking: gptj-python-rae3dupxiyqgd33gj444.default.192.168.1.240.sslip.io:80"
time="2024-05-30T02:42:18.632118166-06:00" level=debug msg="Invoked gptj-python-rae3dupxiyqgd33gj444.default.192.168.1.240.sslip.io in 10376 usec\n"
time="2024-05-30T02:42:26.125404961-06:00" level=debug msg="Invoking: cartservice-x4nbmikn7nqh44isrp27.default.192.168.1.240.sslip.io:80"
time="2024-05-30T02:42:27.129340709-06:00" level=debug msg="Invoked cartservice-x4nbmikn7nqh44isrp27.default.192.168.1.240.sslip.io in 1003944 usec\n"
time="2024-05-30T02:42:33.630437649-06:00" level=debug msg="Invoking: gptj-python-rae3dupxiyqgd33gj444.default.192.168.1.240.sslip.io:80"
time="2024-05-30T02:42:33.642041662-06:00" level=debug msg="Invoked gptj-python-rae3dupxiyqgd33gj444.default.192.168.1.240.sslip.io in 11645 usec\n"
time="2024-05-30T02:42:41.133725728-06:00" level=debug msg="Invoking: gptj-python-rae3dupxiyqgd33gj444.default.192.168.1.240.sslip.io:80"
time="2024-05-30T02:42:41.143677523-06:00" level=debug msg="Invoked gptj-python-rae3dupxiyqgd33gj444.default.192.168.1.240.sslip.io in 10018 usec\n"
time="2024-05-30T02:42:48.637403161-06:00" level=debug msg="Invoking: gptj-python-rae3dupxiyqgd33gj444.default.192.168.1.240.sslip.io:80"
time="2024-05-30T02:42:48.648409722-06:00" level=debug msg="Invoked gptj-python-rae3dupxiyqgd33gj444.default.192.168.1.240.sslip.io in 11015 usec\n"
time="2024-05-30T02:42:56.10937841-06:00" level=debug msg="Minute: 12"
time="2024-05-30T02:42:56.109509914-06:00" level=debug msg="Number of Invocations this iteration: 8"
time="2024-05-30T02:42:56.10958912-06:00" level=debug msg="Invoking: cartservice-x4nbmikn7nqh44isrp27.default.192.168.1.240.sslip.io:80"
time="2024-05-30T02:42:56.135575581-06:00" level=debug msg="Invoked cartservice-x4nbmikn7nqh44isrp27.default.192.168.1.240.sslip.io in 25984 usec\n"
time="2024-05-30T02:43:03.613385162-06:00" level=debug msg="Invoking: gptj-python-rae3dupxiyqgd33gj444.default.192.168.1.240.sslip.io:80"
time="2024-05-30T02:43:03.623985757-06:00" level=debug msg="Invoked gptj-python-rae3dupxiyqgd33gj444.default.192.168.1.240.sslip.io in 10605 usec\n"
time="2024-05-30T02:43:11.117388484-06:00" level=debug msg="Invoking: gptj-python-rae3dupxiyqgd33gj444.default.192.168.1.240.sslip.io:80"
time="2024-05-30T02:43:11.127697176-06:00" level=debug msg="Invoked gptj-python-rae3dupxiyqgd33gj444.default.192.168.1.240.sslip.io in 10321 usec\n"
time="2024-05-30T02:43:18.621405594-06:00" level=debug msg="Invoking: gptj-python-rae3dupxiyqgd33gj444.default.192.168.1.240.sslip.io:80"
time="2024-05-30T02:43:18.631849742-06:00" level=debug msg="Invoked gptj-python-rae3dupxiyqgd33gj444.default.192.168.1.240.sslip.io in 10452 usec\n"
time="2024-05-30T02:43:26.127935403-06:00" level=debug msg="Invoking: cartservice-x4nbmikn7nqh44isrp27.default.192.168.1.240.sslip.io:80"
time="2024-05-30T02:43:26.141098592-06:00" level=debug msg="Invoked cartservice-x4nbmikn7nqh44isrp27.default.192.168.1.240.sslip.io in 13172 usec\n"
time="2024-05-30T02:43:33.634575717-06:00" level=debug msg="Invoking: gptj-python-rae3dupxiyqgd33gj444.default.192.168.1.240.sslip.io:80"
time="2024-05-30T02:43:33.645426464-06:00" level=debug msg="Invoked gptj-python-rae3dupxiyqgd33gj444.default.192.168.1.240.sslip.io in 10854 usec\n"
time="2024-05-30T02:43:41.141326936-06:00" level=debug msg="Invoking: gptj-python-rae3dupxiyqgd33gj444.default.192.168.1.240.sslip.io:80"
time="2024-05-30T02:43:41.150167919-06:00" level=debug msg="Invoked gptj-python-rae3dupxiyqgd33gj444.default.192.168.1.240.sslip.io in 8848 usec\n"
time="2024-05-30T02:43:48.645333185-06:00" level=debug msg="Invoking: gptj-python-rae3dupxiyqgd33gj444.default.192.168.1.240.sslip.io:80"
time="2024-05-30T02:43:48.656178021-06:00" level=debug msg="Invoked gptj-python-rae3dupxiyqgd33gj444.default.192.168.1.240.sslip.io in 10851 usec\n"
time="2024-05-30T02:43:56.110423839-06:00" level=debug msg="Minute: 13"
time="2024-05-30T02:43:56.110521459-06:00" level=debug msg="Number of Invocations this iteration: 8"
time="2024-05-30T02:43:56.110626918-06:00" level=debug msg="Invoking: cartservice-x4nbmikn7nqh44isrp27.default.192.168.1.240.sslip.io:80"
time="2024-05-30T02:43:56.125395199-06:00" level=debug msg="Invoked cartservice-x4nbmikn7nqh44isrp27.default.192.168.1.240.sslip.io in 14765 usec\n"
time="2024-05-30T02:44:03.617339085-06:00" level=debug msg="Invoking: gptj-python-rae3dupxiyqgd33gj444.default.192.168.1.240.sslip.io:80"
time="2024-05-30T02:44:03.628335695-06:00" level=debug msg="Invoked gptj-python-rae3dupxiyqgd33gj444.default.192.168.1.240.sslip.io in 11000 usec\n"
time="2024-05-30T02:44:11.121605701-06:00" level=debug msg="Invoking: gptj-python-rae3dupxiyqgd33gj444.default.192.168.1.240.sslip.io:80"
time="2024-05-30T02:44:11.132666833-06:00" level=debug msg="Invoked gptj-python-rae3dupxiyqgd33gj444.default.192.168.1.240.sslip.io in 11104 usec\n"
time="2024-05-30T02:44:18.625410553-06:00" level=debug msg="Invoking: gptj-python-rae3dupxiyqgd33gj444.default.192.168.1.240.sslip.io:80"
time="2024-05-30T02:44:18.637042168-06:00" level=debug msg="Invoked gptj-python-rae3dupxiyqgd33gj444.default.192.168.1.240.sslip.io in 11640 usec\n"
time="2024-05-30T02:44:26.129931405-06:00" level=debug msg="Invoking: cartservice-x4nbmikn7nqh44isrp27.default.192.168.1.240.sslip.io:80"
time="2024-05-30T02:44:26.143313063-06:00" level=debug msg="Invoked cartservice-x4nbmikn7nqh44isrp27.default.192.168.1.240.sslip.io in 13388 usec\n"
time="2024-05-30T02:44:33.632808885-06:00" level=debug msg="Invoking: gptj-python-rae3dupxiyqgd33gj444.default.192.168.1.240.sslip.io:80"
time="2024-05-30T02:44:33.644368242-06:00" level=debug msg="Invoked gptj-python-rae3dupxiyqgd33gj444.default.192.168.1.240.sslip.io in 11709 usec\n"
time="2024-05-30T02:44:41.137369958-06:00" level=debug msg="Invoking: gptj-python-rae3dupxiyqgd33gj444.default.192.168.1.240.sslip.io:80"
time="2024-05-30T02:44:41.14743032-06:00" level=debug msg="Invoked gptj-python-rae3dupxiyqgd33gj444.default.192.168.1.240.sslip.io in 10056 usec\n"
time="2024-05-30T02:44:48.641408769-06:00" level=debug msg="Invoking: gptj-python-rae3dupxiyqgd33gj444.default.192.168.1.240.sslip.io:80"
time="2024-05-30T02:44:48.651686922-06:00" level=debug msg="Invoked gptj-python-rae3dupxiyqgd33gj444.default.192.168.1.240.sslip.io in 10292 usec\n"
time="2024-05-30T02:44:56.109349047-06:00" level=info msg="Experiment Phase Completed"
time="2024-05-30T02:44:56.109512165-06:00" level=info msg="Issued / completed requests: 112, 112"
time="2024-05-30T02:44:56.109549611-06:00" level=info msg="Average Real RPS: 0.13 "
time="2024-05-30T02:44:56.109575375-06:00" level=info msg="Experiment finished!"
time="2024-05-30T02:44:56.109601957-06:00" level=info msg="The measured latencies are saved in rps_lat.csv"
