time="2024-05-28T19:19:15.618085443-06:00" level=debug msg="Debug logging is enabled"
time="2024-05-28T19:19:15.618288989-06:00" level=info msg="Reading the trace endpoints from the file: /users/ArunAMS/vSwarm/tools/load-generator/load.json"
time="2024-05-28T19:19:15.619989384-06:00" level=info msg="Warmup Duration: 3"
time="2024-05-28T19:19:15.620023754-06:00" level=info msg="Experiment Duration: 11"
time="2024-05-28T19:19:15.620048525-06:00" level=info msg="Minute Granularity: true"
time="2024-05-28T19:20:15.675881397-06:00" level=info msg="Running Warmup Phase"
time="2024-05-28T19:20:15.675936683-06:00" level=debug msg="Minute: 0"
time="2024-05-28T19:20:15.676011993-06:00" level=debug msg="Number of Invocations this iteration: 8"
time="2024-05-28T19:20:15.676073472-06:00" level=debug msg="Invoking: cartservice-lg0g2dlpavxbj7xko92c.default.192.168.1.240.sslip.io:80"
time="2024-05-28T19:20:23.177341594-06:00" level=debug msg="Invoking: gptj-python-h3rg7675n8i5gclxt127.default.192.168.1.240.sslip.io:80"
time="2024-05-28T19:20:30.677464399-06:00" level=debug msg="Invoking: gptj-python-h3rg7675n8i5gclxt127.default.192.168.1.240.sslip.io:80"
time="2024-05-28T19:20:38.183838152-06:00" level=debug msg="Invoking: gptj-python-h3rg7675n8i5gclxt127.default.192.168.1.240.sslip.io:80"
time="2024-05-28T19:20:45.687929473-06:00" level=debug msg="Invoking: cartservice-lg0g2dlpavxbj7xko92c.default.192.168.1.240.sslip.io:80"
time="2024-05-28T19:20:53.191835347-06:00" level=debug msg="Invoking: gptj-python-h3rg7675n8i5gclxt127.default.192.168.1.240.sslip.io:80"
time="2024-05-28T19:21:00.695941584-06:00" level=debug msg="Invoking: gptj-python-h3rg7675n8i5gclxt127.default.192.168.1.240.sslip.io:80"
time="2024-05-28T19:21:08.199831334-06:00" level=debug msg="Invoking: gptj-python-h3rg7675n8i5gclxt127.default.192.168.1.240.sslip.io:80"
time="2024-05-28T19:21:15.623852783-06:00" level=debug msg="Minute: 1"
time="2024-05-28T19:21:15.623912302-06:00" level=debug msg="Number of Invocations this iteration: 8"
time="2024-05-28T19:21:15.623963855-06:00" level=debug msg="Invoking: image-rotate-go-6-zbdo17r8vfbbqngriv2s.default.192.168.1.240.sslip.io:80"
time="2024-05-28T19:21:23.124707302-06:00" level=debug msg="Invoking: gptj-python-h3rg7675n8i5gclxt127.default.192.168.1.240.sslip.io:80"
time="2024-05-28T19:21:30.627934349-06:00" level=debug msg="Invoking: gptj-python-h3rg7675n8i5gclxt127.default.192.168.1.240.sslip.io:80"
time="2024-05-28T19:21:38.132908978-06:00" level=debug msg="Invoking: gptj-python-h3rg7675n8i5gclxt127.default.192.168.1.240.sslip.io:80"
time="2024-05-28T19:21:45.639939403-06:00" level=debug msg="Invoking: cartservice-lg0g2dlpavxbj7xko92c.default.192.168.1.240.sslip.io:80"
time="2024-05-28T19:21:53.140140778-06:00" level=debug msg="Invoking: gptj-python-h3rg7675n8i5gclxt127.default.192.168.1.240.sslip.io:80"
time="2024-05-28T19:22:00.646727258-06:00" level=debug msg="Invoking: gptj-python-h3rg7675n8i5gclxt127.default.192.168.1.240.sslip.io:80"
time="2024-05-28T19:22:08.152093368-06:00" level=debug msg="Invoking: gptj-python-h3rg7675n8i5gclxt127.default.192.168.1.240.sslip.io:80"
time="2024-05-28T19:22:15.624070618-06:00" level=debug msg="Minute: 2"
time="2024-05-28T19:22:15.624174219-06:00" level=debug msg="Number of Invocations this iteration: 8"
time="2024-05-28T19:22:15.624301914-06:00" level=debug msg="Invoking: cartservice-lg0g2dlpavxbj7xko92c.default.192.168.1.240.sslip.io:80"
time="2024-05-28T19:22:23.127905969-06:00" level=debug msg="Invoking: gptj-python-h3rg7675n8i5gclxt127.default.192.168.1.240.sslip.io:80"
time="2024-05-28T19:22:30.631948301-06:00" level=debug msg="Invoking: gptj-python-h3rg7675n8i5gclxt127.default.192.168.1.240.sslip.io:80"
time="2024-05-28T19:22:38.13609896-06:00" level=debug msg="Invoking: gptj-python-h3rg7675n8i5gclxt127.default.192.168.1.240.sslip.io:80"
time="2024-05-28T19:22:45.639563317-06:00" level=debug msg="Invoking: cartservice-lg0g2dlpavxbj7xko92c.default.192.168.1.240.sslip.io:80"
time="2024-05-28T19:22:53.143846427-06:00" level=debug msg="Invoking: gptj-python-h3rg7675n8i5gclxt127.default.192.168.1.240.sslip.io:80"
time="2024-05-28T19:23:00.647886582-06:00" level=debug msg="Invoking: gptj-python-h3rg7675n8i5gclxt127.default.192.168.1.240.sslip.io:80"
time="2024-05-28T19:23:08.151845263-06:00" level=debug msg="Invoking: gptj-python-h3rg7675n8i5gclxt127.default.192.168.1.240.sslip.io:80"
time="2024-05-28T19:23:15.623850545-06:00" level=info msg="Warmup Phase Completed"
time="2024-05-28T19:23:15.623915456-06:00" level=info msg="Running Experiment Phase"
time="2024-05-28T19:23:15.623930079-06:00" level=debug msg="Minute: 3"
time="2024-05-28T19:23:15.623957099-06:00" level=debug msg="Number of Invocations this iteration: 8"
time="2024-05-28T19:23:15.624004865-06:00" level=debug msg="Invoking: cartservice-lg0g2dlpavxbj7xko92c.default.192.168.1.240.sslip.io:80"
time="2024-05-28T19:23:15.637393803-06:00" level=debug msg="Invoked cartservice-lg0g2dlpavxbj7xko92c.default.192.168.1.240.sslip.io in 13384 usec\n"
time="2024-05-28T19:23:23.127899802-06:00" level=debug msg="Invoking: gptj-python-h3rg7675n8i5gclxt127.default.192.168.1.240.sslip.io:80"
time="2024-05-28T19:23:23.13672613-06:00" level=debug msg="Invoked gptj-python-h3rg7675n8i5gclxt127.default.192.168.1.240.sslip.io in 8841 usec\n"
time="2024-05-28T19:23:30.631909242-06:00" level=debug msg="Invoking: gptj-python-h3rg7675n8i5gclxt127.default.192.168.1.240.sslip.io:80"
time="2024-05-28T19:23:30.643144774-06:00" level=debug msg="Invoked gptj-python-h3rg7675n8i5gclxt127.default.192.168.1.240.sslip.io in 11248 usec\n"
time="2024-05-28T19:23:38.136346129-06:00" level=debug msg="Invoking: gptj-python-h3rg7675n8i5gclxt127.default.192.168.1.240.sslip.io:80"
time="2024-05-28T19:23:38.147534059-06:00" level=debug msg="Invoked gptj-python-h3rg7675n8i5gclxt127.default.192.168.1.240.sslip.io in 11197 usec\n"
time="2024-05-28T19:23:45.640983482-06:00" level=debug msg="Invoking: cartservice-lg0g2dlpavxbj7xko92c.default.192.168.1.240.sslip.io:80"
time="2024-05-28T19:23:45.654460496-06:00" level=debug msg="Invoked cartservice-lg0g2dlpavxbj7xko92c.default.192.168.1.240.sslip.io in 13490 usec\n"
time="2024-05-28T19:23:53.141717423-06:00" level=debug msg="Invoking: gptj-python-h3rg7675n8i5gclxt127.default.192.168.1.240.sslip.io:80"
time="2024-05-28T19:23:53.152175231-06:00" level=debug msg="Invoked gptj-python-h3rg7675n8i5gclxt127.default.192.168.1.240.sslip.io in 10569 usec\n"
time="2024-05-28T19:24:00.64616289-06:00" level=debug msg="Invoking: gptj-python-h3rg7675n8i5gclxt127.default.192.168.1.240.sslip.io:80"
time="2024-05-28T19:24:00.656174592-06:00" level=debug msg="Invoked gptj-python-h3rg7675n8i5gclxt127.default.192.168.1.240.sslip.io in 10075 usec\n"
time="2024-05-28T19:24:08.153157072-06:00" level=debug msg="Invoking: gptj-python-h3rg7675n8i5gclxt127.default.192.168.1.240.sslip.io:80"
time="2024-05-28T19:24:08.160296691-06:00" level=debug msg="Invoked gptj-python-h3rg7675n8i5gclxt127.default.192.168.1.240.sslip.io in 7148 usec\n"
time="2024-05-28T19:24:15.626588785-06:00" level=debug msg="Minute: 4"
time="2024-05-28T19:24:15.626688207-06:00" level=debug msg="Number of Invocations this iteration: 8"
time="2024-05-28T19:24:15.626772394-06:00" level=debug msg="Invoking: rnn-serving-python-10-10-1ge5kay8a1czr0ox0fvp.default.192.168.1.240.sslip.io:80"
time="2024-05-28T19:24:23.131859711-06:00" level=debug msg="Invoking: gptj-python-h3rg7675n8i5gclxt127.default.192.168.1.240.sslip.io:80"
time="2024-05-28T19:24:23.141821962-06:00" level=debug msg="Invoked gptj-python-h3rg7675n8i5gclxt127.default.192.168.1.240.sslip.io in 9965 usec\n"
time="2024-05-28T19:24:26.700417107-06:00" level=debug msg="Invoked rnn-serving-python-10-10-1ge5kay8a1czr0ox0fvp.default.192.168.1.240.sslip.io in 11073642 usec\n"
time="2024-05-28T19:24:30.632939949-06:00" level=debug msg="Invoking: gptj-python-h3rg7675n8i5gclxt127.default.192.168.1.240.sslip.io:80"
time="2024-05-28T19:24:30.643602676-06:00" level=debug msg="Invoked gptj-python-h3rg7675n8i5gclxt127.default.192.168.1.240.sslip.io in 10673 usec\n"
time="2024-05-28T19:24:38.139849716-06:00" level=debug msg="Invoking: gptj-python-h3rg7675n8i5gclxt127.default.192.168.1.240.sslip.io:80"
time="2024-05-28T19:24:38.150102531-06:00" level=debug msg="Invoked gptj-python-h3rg7675n8i5gclxt127.default.192.168.1.240.sslip.io in 10257 usec\n"
time="2024-05-28T19:24:45.643882127-06:00" level=debug msg="Invoking: cartservice-lg0g2dlpavxbj7xko92c.default.192.168.1.240.sslip.io:80"
time="2024-05-28T19:24:52.885824986-06:00" level=debug msg="Invoked cartservice-lg0g2dlpavxbj7xko92c.default.192.168.1.240.sslip.io in 7241955 usec\n"
time="2024-05-28T19:24:53.144954811-06:00" level=debug msg="Invoking: gptj-python-h3rg7675n8i5gclxt127.default.192.168.1.240.sslip.io:80"
time="2024-05-28T19:24:53.155824863-06:00" level=debug msg="Invoked gptj-python-h3rg7675n8i5gclxt127.default.192.168.1.240.sslip.io in 10879 usec\n"
time="2024-05-28T19:25:00.651929349-06:00" level=debug msg="Invoking: gptj-python-h3rg7675n8i5gclxt127.default.192.168.1.240.sslip.io:80"
time="2024-05-28T19:25:00.66156774-06:00" level=debug msg="Invoked gptj-python-h3rg7675n8i5gclxt127.default.192.168.1.240.sslip.io in 9648 usec\n"
time="2024-05-28T19:25:08.158061996-06:00" level=debug msg="Invoking: gptj-python-h3rg7675n8i5gclxt127.default.192.168.1.240.sslip.io:80"
time="2024-05-28T19:25:08.165504115-06:00" level=debug msg="Invoked gptj-python-h3rg7675n8i5gclxt127.default.192.168.1.240.sslip.io in 7451 usec\n"
time="2024-05-28T19:25:15.623918913-06:00" level=debug msg="Minute: 5"
time="2024-05-28T19:25:15.624019004-06:00" level=debug msg="Number of Invocations this iteration: 8"
time="2024-05-28T19:25:15.624130466-06:00" level=debug msg="Invoking: cartservice-lg0g2dlpavxbj7xko92c.default.192.168.1.240.sslip.io:80"
time="2024-05-28T19:25:15.651010364-06:00" level=debug msg="Invoked cartservice-lg0g2dlpavxbj7xko92c.default.192.168.1.240.sslip.io in 26878 usec\n"
time="2024-05-28T19:25:23.127863536-06:00" level=debug msg="Invoking: gptj-python-h3rg7675n8i5gclxt127.default.192.168.1.240.sslip.io:80"
time="2024-05-28T19:25:23.135648193-06:00" level=debug msg="Invoked gptj-python-h3rg7675n8i5gclxt127.default.192.168.1.240.sslip.io in 7796 usec\n"
time="2024-05-28T19:25:30.635073917-06:00" level=debug msg="Invoking: gptj-python-h3rg7675n8i5gclxt127.default.192.168.1.240.sslip.io:80"
time="2024-05-28T19:25:30.644874781-06:00" level=debug msg="Invoked gptj-python-h3rg7675n8i5gclxt127.default.192.168.1.240.sslip.io in 9815 usec\n"
time="2024-05-28T19:25:38.139842165-06:00" level=debug msg="Invoking: gptj-python-h3rg7675n8i5gclxt127.default.192.168.1.240.sslip.io:80"
time="2024-05-28T19:25:38.148048863-06:00" level=debug msg="Invoked gptj-python-h3rg7675n8i5gclxt127.default.192.168.1.240.sslip.io in 8211 usec\n"
time="2024-05-28T19:25:45.64538357-06:00" level=debug msg="Invoking: cartservice-lg0g2dlpavxbj7xko92c.default.192.168.1.240.sslip.io:80"
time="2024-05-28T19:25:45.658270178-06:00" level=debug msg="Invoked cartservice-lg0g2dlpavxbj7xko92c.default.192.168.1.240.sslip.io in 12897 usec\n"
time="2024-05-28T19:25:53.146137794-06:00" level=debug msg="Invoking: gptj-python-h3rg7675n8i5gclxt127.default.192.168.1.240.sslip.io:80"
time="2024-05-28T19:25:53.155537636-06:00" level=debug msg="Invoked gptj-python-h3rg7675n8i5gclxt127.default.192.168.1.240.sslip.io in 9428 usec\n"
time="2024-05-28T19:26:00.652488626-06:00" level=debug msg="Invoking: gptj-python-h3rg7675n8i5gclxt127.default.192.168.1.240.sslip.io:80"
time="2024-05-28T19:26:00.663315252-06:00" level=debug msg="Invoked gptj-python-h3rg7675n8i5gclxt127.default.192.168.1.240.sslip.io in 10835 usec\n"
time="2024-05-28T19:26:08.155935209-06:00" level=debug msg="Invoking: gptj-python-h3rg7675n8i5gclxt127.default.192.168.1.240.sslip.io:80"
time="2024-05-28T19:26:08.165738536-06:00" level=debug msg="Invoked gptj-python-h3rg7675n8i5gclxt127.default.192.168.1.240.sslip.io in 9811 usec\n"
time="2024-05-28T19:26:15.62389007-06:00" level=debug msg="Minute: 6"
time="2024-05-28T19:26:15.624025927-06:00" level=debug msg="Number of Invocations this iteration: 8"
time="2024-05-28T19:26:15.624119464-06:00" level=debug msg="Invoking: image-rotate-go-6-zbdo17r8vfbbqngriv2s.default.192.168.1.240.sslip.io:80"
time="2024-05-28T19:26:23.127871306-06:00" level=debug msg="Invoking: gptj-python-h3rg7675n8i5gclxt127.default.192.168.1.240.sslip.io:80"
time="2024-05-28T19:26:23.136626425-06:00" level=debug msg="Invoked gptj-python-h3rg7675n8i5gclxt127.default.192.168.1.240.sslip.io in 8768 usec\n"
time="2024-05-28T19:26:27.857527162-06:00" level=debug msg="Invoked image-rotate-go-6-zbdo17r8vfbbqngriv2s.default.192.168.1.240.sslip.io in 12233399 usec\n"
time="2024-05-28T19:26:30.627948396-06:00" level=debug msg="Invoking: gptj-python-h3rg7675n8i5gclxt127.default.192.168.1.240.sslip.io:80"
time="2024-05-28T19:26:30.63866027-06:00" level=debug msg="Invoked gptj-python-h3rg7675n8i5gclxt127.default.192.168.1.240.sslip.io in 10728 usec\n"
time="2024-05-28T19:26:38.131891784-06:00" level=debug msg="Invoking: gptj-python-h3rg7675n8i5gclxt127.default.192.168.1.240.sslip.io:80"
time="2024-05-28T19:26:38.141621531-06:00" level=debug msg="Invoked gptj-python-h3rg7675n8i5gclxt127.default.192.168.1.240.sslip.io in 9739 usec\n"
time="2024-05-28T19:26:45.639068054-06:00" level=debug msg="Invoking: cartservice-lg0g2dlpavxbj7xko92c.default.192.168.1.240.sslip.io:80"
time="2024-05-28T19:26:52.502099109-06:00" level=debug msg="Invoked cartservice-lg0g2dlpavxbj7xko92c.default.192.168.1.240.sslip.io in 6863042 usec\n"
time="2024-05-28T19:26:53.139605358-06:00" level=debug msg="Invoking: gptj-python-h3rg7675n8i5gclxt127.default.192.168.1.240.sslip.io:80"
time="2024-05-28T19:26:53.146734944-06:00" level=debug msg="Invoked gptj-python-h3rg7675n8i5gclxt127.default.192.168.1.240.sslip.io in 7137 usec\n"
time="2024-05-28T19:27:00.643953665-06:00" level=debug msg="Invoking: gptj-python-h3rg7675n8i5gclxt127.default.192.168.1.240.sslip.io:80"
time="2024-05-28T19:27:00.654556616-06:00" level=debug msg="Invoked gptj-python-h3rg7675n8i5gclxt127.default.192.168.1.240.sslip.io in 10615 usec\n"
time="2024-05-28T19:27:08.147856322-06:00" level=debug msg="Invoking: gptj-python-h3rg7675n8i5gclxt127.default.192.168.1.240.sslip.io:80"
time="2024-05-28T19:27:08.155166004-06:00" level=debug msg="Invoked gptj-python-h3rg7675n8i5gclxt127.default.192.168.1.240.sslip.io in 7318 usec\n"
time="2024-05-28T19:27:15.623921319-06:00" level=debug msg="Minute: 7"
time="2024-05-28T19:27:15.624103392-06:00" level=debug msg="Number of Invocations this iteration: 8"
time="2024-05-28T19:27:15.624210749-06:00" level=debug msg="Invoking: cartservice-lg0g2dlpavxbj7xko92c.default.192.168.1.240.sslip.io:80"
time="2024-05-28T19:27:15.651090398-06:00" level=debug msg="Invoked cartservice-lg0g2dlpavxbj7xko92c.default.192.168.1.240.sslip.io in 26877 usec\n"
time="2024-05-28T19:27:23.128292959-06:00" level=debug msg="Invoking: gptj-python-h3rg7675n8i5gclxt127.default.192.168.1.240.sslip.io:80"
time="2024-05-28T19:27:23.136217877-06:00" level=debug msg="Invoked gptj-python-h3rg7675n8i5gclxt127.default.192.168.1.240.sslip.io in 7933 usec\n"
time="2024-05-28T19:27:30.634381061-06:00" level=debug msg="Invoking: gptj-python-h3rg7675n8i5gclxt127.default.192.168.1.240.sslip.io:80"
time="2024-05-28T19:27:30.644911363-06:00" level=debug msg="Invoked gptj-python-h3rg7675n8i5gclxt127.default.192.168.1.240.sslip.io in 10543 usec\n"
time="2024-05-28T19:27:38.139934055-06:00" level=debug msg="Invoking: gptj-python-h3rg7675n8i5gclxt127.default.192.168.1.240.sslip.io:80"
time="2024-05-28T19:27:38.146107787-06:00" level=debug msg="Invoked gptj-python-h3rg7675n8i5gclxt127.default.192.168.1.240.sslip.io in 6184 usec\n"
time="2024-05-28T19:27:45.643917756-06:00" level=debug msg="Invoking: cartservice-lg0g2dlpavxbj7xko92c.default.192.168.1.240.sslip.io:80"
time="2024-05-28T19:27:45.658791542-06:00" level=debug msg="Invoked cartservice-lg0g2dlpavxbj7xko92c.default.192.168.1.240.sslip.io in 14887 usec\n"
time="2024-05-28T19:27:53.147887033-06:00" level=debug msg="Invoking: gptj-python-h3rg7675n8i5gclxt127.default.192.168.1.240.sslip.io:80"
time="2024-05-28T19:27:53.154692308-06:00" level=debug msg="Invoked gptj-python-h3rg7675n8i5gclxt127.default.192.168.1.240.sslip.io in 6812 usec\n"
time="2024-05-28T19:28:00.65191426-06:00" level=debug msg="Invoking: gptj-python-h3rg7675n8i5gclxt127.default.192.168.1.240.sslip.io:80"
time="2024-05-28T19:28:00.66197052-06:00" level=debug msg="Invoked gptj-python-h3rg7675n8i5gclxt127.default.192.168.1.240.sslip.io in 10060 usec\n"
time="2024-05-28T19:28:08.155829131-06:00" level=debug msg="Invoking: gptj-python-h3rg7675n8i5gclxt127.default.192.168.1.240.sslip.io:80"
time="2024-05-28T19:28:08.162411867-06:00" level=debug msg="Invoked gptj-python-h3rg7675n8i5gclxt127.default.192.168.1.240.sslip.io in 6584 usec\n"
time="2024-05-28T19:28:15.626748914-06:00" level=debug msg="Minute: 8"
time="2024-05-28T19:28:15.626919267-06:00" level=debug msg="Number of Invocations this iteration: 8"
time="2024-05-28T19:28:15.62700109-06:00" level=debug msg="Invoking: cartservice-lg0g2dlpavxbj7xko92c.default.192.168.1.240.sslip.io:80"
time="2024-05-28T19:28:15.640623034-06:00" level=debug msg="Invoked cartservice-lg0g2dlpavxbj7xko92c.default.192.168.1.240.sslip.io in 13616 usec\n"
time="2024-05-28T19:28:23.132273485-06:00" level=debug msg="Invoking: gptj-python-h3rg7675n8i5gclxt127.default.192.168.1.240.sslip.io:80"
time="2024-05-28T19:28:23.138057792-06:00" level=debug msg="Invoked gptj-python-h3rg7675n8i5gclxt127.default.192.168.1.240.sslip.io in 5789 usec\n"
time="2024-05-28T19:28:30.637033557-06:00" level=debug msg="Invoking: gptj-python-h3rg7675n8i5gclxt127.default.192.168.1.240.sslip.io:80"
time="2024-05-28T19:28:30.648474747-06:00" level=debug msg="Invoked gptj-python-h3rg7675n8i5gclxt127.default.192.168.1.240.sslip.io in 11450 usec\n"
time="2024-05-28T19:28:38.143841003-06:00" level=debug msg="Invoking: gptj-python-h3rg7675n8i5gclxt127.default.192.168.1.240.sslip.io:80"
time="2024-05-28T19:28:38.150403728-06:00" level=debug msg="Invoked gptj-python-h3rg7675n8i5gclxt127.default.192.168.1.240.sslip.io in 6568 usec\n"
time="2024-05-28T19:28:45.647913627-06:00" level=debug msg="Invoking: cartservice-lg0g2dlpavxbj7xko92c.default.192.168.1.240.sslip.io:80"
time="2024-05-28T19:28:45.660418509-06:00" level=debug msg="Invoked cartservice-lg0g2dlpavxbj7xko92c.default.192.168.1.240.sslip.io in 12515 usec\n"
time="2024-05-28T19:28:53.151849821-06:00" level=debug msg="Invoking: gptj-python-h3rg7675n8i5gclxt127.default.192.168.1.240.sslip.io:80"
time="2024-05-28T19:28:53.157512517-06:00" level=debug msg="Invoked gptj-python-h3rg7675n8i5gclxt127.default.192.168.1.240.sslip.io in 5670 usec\n"
time="2024-05-28T19:29:00.656936386-06:00" level=debug msg="Invoking: gptj-python-h3rg7675n8i5gclxt127.default.192.168.1.240.sslip.io:80"
time="2024-05-28T19:29:00.667618462-06:00" level=debug msg="Invoked gptj-python-h3rg7675n8i5gclxt127.default.192.168.1.240.sslip.io in 10695 usec\n"
time="2024-05-28T19:29:08.163840141-06:00" level=debug msg="Invoking: gptj-python-h3rg7675n8i5gclxt127.default.192.168.1.240.sslip.io:80"
time="2024-05-28T19:29:08.170858194-06:00" level=debug msg="Invoked gptj-python-h3rg7675n8i5gclxt127.default.192.168.1.240.sslip.io in 7029 usec\n"
time="2024-05-28T19:29:15.623930332-06:00" level=debug msg="Minute: 9"
time="2024-05-28T19:29:15.62404808-06:00" level=debug msg="Number of Invocations this iteration: 8"
time="2024-05-28T19:29:15.624154923-06:00" level=debug msg="Invoking: cartservice-lg0g2dlpavxbj7xko92c.default.192.168.1.240.sslip.io:80"
time="2024-05-28T19:29:15.637224564-06:00" level=debug msg="Invoked cartservice-lg0g2dlpavxbj7xko92c.default.192.168.1.240.sslip.io in 13068 usec\n"
time="2024-05-28T19:29:23.127883283-06:00" level=debug msg="Invoking: gptj-python-h3rg7675n8i5gclxt127.default.192.168.1.240.sslip.io:80"
time="2024-05-28T19:29:23.135574113-06:00" level=debug msg="Invoked gptj-python-h3rg7675n8i5gclxt127.default.192.168.1.240.sslip.io in 7705 usec\n"
time="2024-05-28T19:29:30.635058427-06:00" level=debug msg="Invoking: gptj-python-h3rg7675n8i5gclxt127.default.192.168.1.240.sslip.io:80"
time="2024-05-28T19:29:30.645621551-06:00" level=debug msg="Invoked gptj-python-h3rg7675n8i5gclxt127.default.192.168.1.240.sslip.io in 10572 usec\n"
time="2024-05-28T19:29:38.14174281-06:00" level=debug msg="Invoking: gptj-python-h3rg7675n8i5gclxt127.default.192.168.1.240.sslip.io:80"
time="2024-05-28T19:29:38.148654716-06:00" level=debug msg="Invoked gptj-python-h3rg7675n8i5gclxt127.default.192.168.1.240.sslip.io in 6924 usec\n"
time="2024-05-28T19:29:45.647962458-06:00" level=debug msg="Invoking: cartservice-lg0g2dlpavxbj7xko92c.default.192.168.1.240.sslip.io:80"
time="2024-05-28T19:29:45.65987948-06:00" level=debug msg="Invoked cartservice-lg0g2dlpavxbj7xko92c.default.192.168.1.240.sslip.io in 11930 usec\n"
time="2024-05-28T19:29:53.150417601-06:00" level=debug msg="Invoking: gptj-python-h3rg7675n8i5gclxt127.default.192.168.1.240.sslip.io:80"
time="2024-05-28T19:29:53.16122984-06:00" level=debug msg="Invoked gptj-python-h3rg7675n8i5gclxt127.default.192.168.1.240.sslip.io in 10831 usec\n"
time="2024-05-28T19:30:00.656547701-06:00" level=debug msg="Invoking: gptj-python-h3rg7675n8i5gclxt127.default.192.168.1.240.sslip.io:80"
time="2024-05-28T19:30:00.666240425-06:00" level=debug msg="Invoked gptj-python-h3rg7675n8i5gclxt127.default.192.168.1.240.sslip.io in 9704 usec\n"
time="2024-05-28T19:30:08.159910345-06:00" level=debug msg="Invoking: gptj-python-h3rg7675n8i5gclxt127.default.192.168.1.240.sslip.io:80"
time="2024-05-28T19:30:08.169967709-06:00" level=debug msg="Invoked gptj-python-h3rg7675n8i5gclxt127.default.192.168.1.240.sslip.io in 10090 usec\n"
time="2024-05-28T19:30:15.623913219-06:00" level=debug msg="Minute: 10"
time="2024-05-28T19:30:15.624050616-06:00" level=debug msg="Number of Invocations this iteration: 8"
time="2024-05-28T19:30:15.624120212-06:00" level=debug msg="Invoking: rnn-serving-python-10-10-1ge5kay8a1czr0ox0fvp.default.192.168.1.240.sslip.io:80"
time="2024-05-28T19:30:23.127874357-06:00" level=debug msg="Invoking: gptj-python-h3rg7675n8i5gclxt127.default.192.168.1.240.sslip.io:80"
time="2024-05-28T19:30:23.137625501-06:00" level=debug msg="Invoked gptj-python-h3rg7675n8i5gclxt127.default.192.168.1.240.sslip.io in 9757 usec\n"
time="2024-05-28T19:30:26.935680175-06:00" level=debug msg="Invoked rnn-serving-python-10-10-1ge5kay8a1czr0ox0fvp.default.192.168.1.240.sslip.io in 11311561 usec\n"
time="2024-05-28T19:30:30.628086309-06:00" level=debug msg="Invoking: gptj-python-h3rg7675n8i5gclxt127.default.192.168.1.240.sslip.io:80"
time="2024-05-28T19:30:30.638445403-06:00" level=debug msg="Invoked gptj-python-h3rg7675n8i5gclxt127.default.192.168.1.240.sslip.io in 10391 usec\n"
time="2024-05-28T19:30:38.131828887-06:00" level=debug msg="Invoking: gptj-python-h3rg7675n8i5gclxt127.default.192.168.1.240.sslip.io:80"
time="2024-05-28T19:30:38.137426851-06:00" level=debug msg="Invoked gptj-python-h3rg7675n8i5gclxt127.default.192.168.1.240.sslip.io in 5605 usec\n"
time="2024-05-28T19:30:45.639116642-06:00" level=debug msg="Invoking: cartservice-lg0g2dlpavxbj7xko92c.default.192.168.1.240.sslip.io:80"
time="2024-05-28T19:30:52.464035636-06:00" level=debug msg="Invoked cartservice-lg0g2dlpavxbj7xko92c.default.192.168.1.240.sslip.io in 6824928 usec\n"
time="2024-05-28T19:30:53.139575408-06:00" level=debug msg="Invoking: gptj-python-h3rg7675n8i5gclxt127.default.192.168.1.240.sslip.io:80"
time="2024-05-28T19:30:53.149297586-06:00" level=debug msg="Invoked gptj-python-h3rg7675n8i5gclxt127.default.192.168.1.240.sslip.io in 9732 usec\n"
time="2024-05-28T19:31:00.643865203-06:00" level=debug msg="Invoking: gptj-python-h3rg7675n8i5gclxt127.default.192.168.1.240.sslip.io:80"
time="2024-05-28T19:31:00.653458584-06:00" level=debug msg="Invoked gptj-python-h3rg7675n8i5gclxt127.default.192.168.1.240.sslip.io in 9602 usec\n"
time="2024-05-28T19:31:08.147899761-06:00" level=debug msg="Invoking: gptj-python-h3rg7675n8i5gclxt127.default.192.168.1.240.sslip.io:80"
time="2024-05-28T19:31:08.157145935-06:00" level=debug msg="Invoked gptj-python-h3rg7675n8i5gclxt127.default.192.168.1.240.sslip.io in 9258 usec\n"
time="2024-05-28T19:31:15.624148254-06:00" level=debug msg="Minute: 11"
time="2024-05-28T19:31:15.624246315-06:00" level=debug msg="Number of Invocations this iteration: 8"
time="2024-05-28T19:31:15.624342623-06:00" level=debug msg="Invoking: image-rotate-go-6-zbdo17r8vfbbqngriv2s.default.192.168.1.240.sslip.io:80"
time="2024-05-28T19:31:23.127870464-06:00" level=debug msg="Invoking: gptj-python-h3rg7675n8i5gclxt127.default.192.168.1.240.sslip.io:80"
time="2024-05-28T19:31:23.134310513-06:00" level=debug msg="Invoked gptj-python-h3rg7675n8i5gclxt127.default.192.168.1.240.sslip.io in 6447 usec\n"
time="2024-05-28T19:31:30.631886267-06:00" level=debug msg="Invoking: gptj-python-h3rg7675n8i5gclxt127.default.192.168.1.240.sslip.io:80"
time="2024-05-28T19:31:30.643609974-06:00" level=debug msg="Invoked gptj-python-h3rg7675n8i5gclxt127.default.192.168.1.240.sslip.io in 11733 usec\n"
time="2024-05-28T19:31:32.81683314-06:00" level=debug msg="Invoked image-rotate-go-6-zbdo17r8vfbbqngriv2s.default.192.168.1.240.sslip.io in 17192487 usec\n"
time="2024-05-28T19:31:38.136909169-06:00" level=debug msg="Invoking: gptj-python-h3rg7675n8i5gclxt127.default.192.168.1.240.sslip.io:80"
time="2024-05-28T19:31:38.145580458-06:00" level=debug msg="Invoked gptj-python-h3rg7675n8i5gclxt127.default.192.168.1.240.sslip.io in 8677 usec\n"
time="2024-05-28T19:31:45.643952189-06:00" level=debug msg="Invoking: cartservice-lg0g2dlpavxbj7xko92c.default.192.168.1.240.sslip.io:80"
time="2024-05-28T19:31:45.672253901-06:00" level=debug msg="Invoked cartservice-lg0g2dlpavxbj7xko92c.default.192.168.1.240.sslip.io in 28311 usec\n"
time="2024-05-28T19:31:53.147893678-06:00" level=debug msg="Invoking: gptj-python-h3rg7675n8i5gclxt127.default.192.168.1.240.sslip.io:80"
time="2024-05-28T19:31:53.157522697-06:00" level=debug msg="Invoked gptj-python-h3rg7675n8i5gclxt127.default.192.168.1.240.sslip.io in 9630 usec\n"
time="2024-05-28T19:32:00.653976775-06:00" level=debug msg="Invoking: gptj-python-h3rg7675n8i5gclxt127.default.192.168.1.240.sslip.io:80"
time="2024-05-28T19:32:00.664577975-06:00" level=debug msg="Invoked gptj-python-h3rg7675n8i5gclxt127.default.192.168.1.240.sslip.io in 10658 usec\n"
time="2024-05-28T19:32:08.160617823-06:00" level=debug msg="Invoking: gptj-python-h3rg7675n8i5gclxt127.default.192.168.1.240.sslip.io:80"
time="2024-05-28T19:32:08.167870273-06:00" level=debug msg="Invoked gptj-python-h3rg7675n8i5gclxt127.default.192.168.1.240.sslip.io in 7260 usec\n"
time="2024-05-28T19:32:15.623875266-06:00" level=debug msg="Minute: 12"
time="2024-05-28T19:32:15.624029703-06:00" level=debug msg="Number of Invocations this iteration: 8"
time="2024-05-28T19:32:15.624112654-06:00" level=debug msg="Invoking: cartservice-lg0g2dlpavxbj7xko92c.default.192.168.1.240.sslip.io:80"
time="2024-05-28T19:32:15.638613283-06:00" level=debug msg="Invoked cartservice-lg0g2dlpavxbj7xko92c.default.192.168.1.240.sslip.io in 14497 usec\n"
time="2024-05-28T19:32:23.130071504-06:00" level=debug msg="Invoking: gptj-python-h3rg7675n8i5gclxt127.default.192.168.1.240.sslip.io:80"
time="2024-05-28T19:32:23.140710234-06:00" level=debug msg="Invoked gptj-python-h3rg7675n8i5gclxt127.default.192.168.1.240.sslip.io in 10653 usec\n"
time="2024-05-28T19:32:30.635881447-06:00" level=debug msg="Invoking: gptj-python-h3rg7675n8i5gclxt127.default.192.168.1.240.sslip.io:80"
time="2024-05-28T19:32:30.645592141-06:00" level=debug msg="Invoked gptj-python-h3rg7675n8i5gclxt127.default.192.168.1.240.sslip.io in 9724 usec\n"
time="2024-05-28T19:32:38.139976576-06:00" level=debug msg="Invoking: gptj-python-h3rg7675n8i5gclxt127.default.192.168.1.240.sslip.io:80"
time="2024-05-28T19:32:38.15355591-06:00" level=debug msg="Invoked gptj-python-h3rg7675n8i5gclxt127.default.192.168.1.240.sslip.io in 13589 usec\n"
time="2024-05-28T19:32:45.643971731-06:00" level=debug msg="Invoking: cartservice-lg0g2dlpavxbj7xko92c.default.192.168.1.240.sslip.io:80"
time="2024-05-28T19:32:45.657556319-06:00" level=debug msg="Invoked cartservice-lg0g2dlpavxbj7xko92c.default.192.168.1.240.sslip.io in 13595 usec\n"
time="2024-05-28T19:32:53.147939758-06:00" level=debug msg="Invoking: gptj-python-h3rg7675n8i5gclxt127.default.192.168.1.240.sslip.io:80"
time="2024-05-28T19:32:53.157468852-06:00" level=debug msg="Invoked gptj-python-h3rg7675n8i5gclxt127.default.192.168.1.240.sslip.io in 9540 usec\n"
time="2024-05-28T19:33:00.651947412-06:00" level=debug msg="Invoking: gptj-python-h3rg7675n8i5gclxt127.default.192.168.1.240.sslip.io:80"
time="2024-05-28T19:33:00.662612292-06:00" level=debug msg="Invoked gptj-python-h3rg7675n8i5gclxt127.default.192.168.1.240.sslip.io in 10654 usec\n"
time="2024-05-28T19:33:08.155958427-06:00" level=debug msg="Invoking: gptj-python-h3rg7675n8i5gclxt127.default.192.168.1.240.sslip.io:80"
time="2024-05-28T19:33:08.166599465-06:00" level=debug msg="Invoked gptj-python-h3rg7675n8i5gclxt127.default.192.168.1.240.sslip.io in 10652 usec\n"
time="2024-05-28T19:33:15.624285112-06:00" level=debug msg="Minute: 13"
time="2024-05-28T19:33:15.624394714-06:00" level=debug msg="Number of Invocations this iteration: 8"
time="2024-05-28T19:33:15.624491834-06:00" level=debug msg="Invoking: cartservice-lg0g2dlpavxbj7xko92c.default.192.168.1.240.sslip.io:80"
time="2024-05-28T19:33:15.637902688-06:00" level=debug msg="Invoked cartservice-lg0g2dlpavxbj7xko92c.default.192.168.1.240.sslip.io in 13408 usec\n"
time="2024-05-28T19:33:23.130889108-06:00" level=debug msg="Invoking: gptj-python-h3rg7675n8i5gclxt127.default.192.168.1.240.sslip.io:80"
time="2024-05-28T19:33:23.141020162-06:00" level=debug msg="Invoked gptj-python-h3rg7675n8i5gclxt127.default.192.168.1.240.sslip.io in 10144 usec\n"
time="2024-05-28T19:33:30.635889677-06:00" level=debug msg="Invoking: gptj-python-h3rg7675n8i5gclxt127.default.192.168.1.240.sslip.io:80"
time="2024-05-28T19:33:30.646382207-06:00" level=debug msg="Invoked gptj-python-h3rg7675n8i5gclxt127.default.192.168.1.240.sslip.io in 10502 usec\n"
time="2024-05-28T19:33:38.14043197-06:00" level=debug msg="Invoking: gptj-python-h3rg7675n8i5gclxt127.default.192.168.1.240.sslip.io:80"
time="2024-05-28T19:33:38.150747693-06:00" level=debug msg="Invoked gptj-python-h3rg7675n8i5gclxt127.default.192.168.1.240.sslip.io in 10324 usec\n"
time="2024-05-28T19:33:45.643930539-06:00" level=debug msg="Invoking: cartservice-lg0g2dlpavxbj7xko92c.default.192.168.1.240.sslip.io:80"
time="2024-05-28T19:33:45.665605461-06:00" level=debug msg="Invoked cartservice-lg0g2dlpavxbj7xko92c.default.192.168.1.240.sslip.io in 21712 usec\n"
time="2024-05-28T19:33:53.147929508-06:00" level=debug msg="Invoking: gptj-python-h3rg7675n8i5gclxt127.default.192.168.1.240.sslip.io:80"
time="2024-05-28T19:33:53.159388388-06:00" level=debug msg="Invoked gptj-python-h3rg7675n8i5gclxt127.default.192.168.1.240.sslip.io in 11452 usec\n"
time="2024-05-28T19:34:00.648461819-06:00" level=debug msg="Invoking: gptj-python-h3rg7675n8i5gclxt127.default.192.168.1.240.sslip.io:80"
time="2024-05-28T19:34:00.657632898-06:00" level=debug msg="Invoked gptj-python-h3rg7675n8i5gclxt127.default.192.168.1.240.sslip.io in 9240 usec\n"
time="2024-05-28T19:34:08.152791928-06:00" level=debug msg="Invoking: gptj-python-h3rg7675n8i5gclxt127.default.192.168.1.240.sslip.io:80"
time="2024-05-28T19:34:08.162772415-06:00" level=debug msg="Invoked gptj-python-h3rg7675n8i5gclxt127.default.192.168.1.240.sslip.io in 9992 usec\n"
time="2024-05-28T19:34:15.623931214-06:00" level=info msg="Experiment Phase Completed"
time="2024-05-28T19:34:15.624096749-06:00" level=info msg="Issued / completed requests: 112, 112"
time="2024-05-28T19:34:15.624133342-06:00" level=info msg="Average Real RPS: 0.13 "
time="2024-05-28T19:34:15.624159845-06:00" level=info msg="Experiment finished!"
time="2024-05-28T19:34:15.624188865-06:00" level=info msg="The measured latencies are saved in rps_lat.csv"
