time="2024-05-28T18:25:20.993415684-06:00" level=debug msg="Debug logging is enabled"
time="2024-05-28T18:25:20.99357057-06:00" level=info msg="Reading the trace endpoints from the file: /users/ArunAMS/vSwarm/tools/load-generator/load.json"
time="2024-05-28T18:25:20.994835673-06:00" level=info msg="Warmup Duration: 3"
time="2024-05-28T18:25:20.994858555-06:00" level=info msg="Experiment Duration: 11"
time="2024-05-28T18:25:20.994876466-06:00" level=info msg="Minute Granularity: true"
time="2024-05-28T18:26:21.053679474-06:00" level=info msg="Running Warmup Phase"
time="2024-05-28T18:26:21.053741819-06:00" level=debug msg="Minute: 0"
time="2024-05-28T18:26:21.053798381-06:00" level=debug msg="Number of Invocations this iteration: 8"
time="2024-05-28T18:26:21.053881183-06:00" level=debug msg="Invoking: cartservice-6tlo4eudeqsrdpcuf1wt.default.192.168.1.240.sslip.io:80"
time="2024-05-28T18:26:28.554625731-06:00" level=debug msg="Invoking: gptj-python-ltxutuei8pgf9hnybja8.default.192.168.1.240.sslip.io:80"
time="2024-05-28T18:26:36.055028941-06:00" level=debug msg="Invoking: gptj-python-ltxutuei8pgf9hnybja8.default.192.168.1.240.sslip.io:80"
time="2024-05-28T18:26:43.561738265-06:00" level=debug msg="Invoking: gptj-python-ltxutuei8pgf9hnybja8.default.192.168.1.240.sslip.io:80"
time="2024-05-28T18:26:51.065762654-06:00" level=debug msg="Invoking: cartservice-6tlo4eudeqsrdpcuf1wt.default.192.168.1.240.sslip.io:80"
time="2024-05-28T18:26:58.570973844-06:00" level=debug msg="Invoking: gptj-python-ltxutuei8pgf9hnybja8.default.192.168.1.240.sslip.io:80"
time="2024-05-28T18:27:06.077704818-06:00" level=debug msg="Invoking: gptj-python-ltxutuei8pgf9hnybja8.default.192.168.1.240.sslip.io:80"
time="2024-05-28T18:27:13.581742358-06:00" level=debug msg="Invoking: gptj-python-ltxutuei8pgf9hnybja8.default.192.168.1.240.sslip.io:80"
time="2024-05-28T18:27:21.001659349-06:00" level=debug msg="Minute: 1"
time="2024-05-28T18:27:21.001759322-06:00" level=debug msg="Number of Invocations this iteration: 8"
time="2024-05-28T18:27:21.001850038-06:00" level=debug msg="Invoking: image-rotate-go-6-f5hdmou9j9711et4ku04.default.192.168.1.240.sslip.io:80"
time="2024-05-28T18:27:28.502536826-06:00" level=debug msg="Invoking: gptj-python-ltxutuei8pgf9hnybja8.default.192.168.1.240.sslip.io:80"
time="2024-05-28T18:27:36.009344473-06:00" level=debug msg="Invoking: gptj-python-ltxutuei8pgf9hnybja8.default.192.168.1.240.sslip.io:80"
time="2024-05-28T18:27:43.513742989-06:00" level=debug msg="Invoking: gptj-python-ltxutuei8pgf9hnybja8.default.192.168.1.240.sslip.io:80"
time="2024-05-28T18:27:51.018659418-06:00" level=debug msg="Invoking: cartservice-6tlo4eudeqsrdpcuf1wt.default.192.168.1.240.sslip.io:80"
time="2024-05-28T18:27:58.521824355-06:00" level=debug msg="Invoking: gptj-python-ltxutuei8pgf9hnybja8.default.192.168.1.240.sslip.io:80"
time="2024-05-28T18:28:06.025733541-06:00" level=debug msg="Invoking: gptj-python-ltxutuei8pgf9hnybja8.default.192.168.1.240.sslip.io:80"
time="2024-05-28T18:28:13.531825191-06:00" level=debug msg="Invoking: gptj-python-ltxutuei8pgf9hnybja8.default.192.168.1.240.sslip.io:80"
time="2024-05-28T18:28:21.001745546-06:00" level=debug msg="Minute: 2"
time="2024-05-28T18:28:21.001857276-06:00" level=debug msg="Number of Invocations this iteration: 8"
time="2024-05-28T18:28:21.001953873-06:00" level=debug msg="Invoking: cartservice-6tlo4eudeqsrdpcuf1wt.default.192.168.1.240.sslip.io:80"
time="2024-05-28T18:28:28.509278304-06:00" level=debug msg="Invoking: gptj-python-ltxutuei8pgf9hnybja8.default.192.168.1.240.sslip.io:80"
time="2024-05-28T18:28:36.014711846-06:00" level=debug msg="Invoking: gptj-python-ltxutuei8pgf9hnybja8.default.192.168.1.240.sslip.io:80"
time="2024-05-28T18:28:43.517711309-06:00" level=debug msg="Invoking: gptj-python-ltxutuei8pgf9hnybja8.default.192.168.1.240.sslip.io:80"
time="2024-05-28T18:28:51.024653855-06:00" level=debug msg="Invoking: cartservice-6tlo4eudeqsrdpcuf1wt.default.192.168.1.240.sslip.io:80"
time="2024-05-28T18:28:58.529767873-06:00" level=debug msg="Invoking: gptj-python-ltxutuei8pgf9hnybja8.default.192.168.1.240.sslip.io:80"
time="2024-05-28T18:29:06.033718283-06:00" level=debug msg="Invoking: gptj-python-ltxutuei8pgf9hnybja8.default.192.168.1.240.sslip.io:80"
time="2024-05-28T18:29:13.53772058-06:00" level=debug msg="Invoking: gptj-python-ltxutuei8pgf9hnybja8.default.192.168.1.240.sslip.io:80"
time="2024-05-28T18:29:21.001724619-06:00" level=info msg="Warmup Phase Completed"
time="2024-05-28T18:29:21.001831866-06:00" level=info msg="Running Experiment Phase"
time="2024-05-28T18:29:21.001861381-06:00" level=debug msg="Minute: 3"
time="2024-05-28T18:29:21.001924242-06:00" level=debug msg="Number of Invocations this iteration: 8"
time="2024-05-28T18:29:21.002015184-06:00" level=debug msg="Invoking: cartservice-6tlo4eudeqsrdpcuf1wt.default.192.168.1.240.sslip.io:80"
time="2024-05-28T18:29:21.015442556-06:00" level=debug msg="Invoked cartservice-6tlo4eudeqsrdpcuf1wt.default.192.168.1.240.sslip.io in 13425 usec\n"
time="2024-05-28T18:29:28.505666048-06:00" level=debug msg="Invoking: gptj-python-ltxutuei8pgf9hnybja8.default.192.168.1.240.sslip.io:80"
time="2024-05-28T18:29:28.516672345-06:00" level=debug msg="Invoked gptj-python-ltxutuei8pgf9hnybja8.default.192.168.1.240.sslip.io in 11015 usec\n"
time="2024-05-28T18:29:36.009730011-06:00" level=debug msg="Invoking: gptj-python-ltxutuei8pgf9hnybja8.default.192.168.1.240.sslip.io:80"
time="2024-05-28T18:29:36.020569221-06:00" level=debug msg="Invoked gptj-python-ltxutuei8pgf9hnybja8.default.192.168.1.240.sslip.io in 10850 usec\n"
time="2024-05-28T18:29:43.515808274-06:00" level=debug msg="Invoking: gptj-python-ltxutuei8pgf9hnybja8.default.192.168.1.240.sslip.io:80"
time="2024-05-28T18:29:43.526984135-06:00" level=debug msg="Invoked gptj-python-ltxutuei8pgf9hnybja8.default.192.168.1.240.sslip.io in 11185 usec\n"
time="2024-05-28T18:29:51.023387209-06:00" level=debug msg="Invoking: cartservice-6tlo4eudeqsrdpcuf1wt.default.192.168.1.240.sslip.io:80"
time="2024-05-28T18:29:51.038505861-06:00" level=debug msg="Invoked cartservice-6tlo4eudeqsrdpcuf1wt.default.192.168.1.240.sslip.io in 15121 usec\n"
time="2024-05-28T18:29:58.52973962-06:00" level=debug msg="Invoking: gptj-python-ltxutuei8pgf9hnybja8.default.192.168.1.240.sslip.io:80"
time="2024-05-28T18:29:58.542316254-06:00" level=debug msg="Invoked gptj-python-ltxutuei8pgf9hnybja8.default.192.168.1.240.sslip.io in 12589 usec\n"
time="2024-05-28T18:30:06.033691715-06:00" level=debug msg="Invoking: gptj-python-ltxutuei8pgf9hnybja8.default.192.168.1.240.sslip.io:80"
time="2024-05-28T18:30:06.045215098-06:00" level=debug msg="Invoked gptj-python-ltxutuei8pgf9hnybja8.default.192.168.1.240.sslip.io in 11550 usec\n"
time="2024-05-28T18:30:13.536245678-06:00" level=debug msg="Invoking: gptj-python-ltxutuei8pgf9hnybja8.default.192.168.1.240.sslip.io:80"
time="2024-05-28T18:30:13.54718151-06:00" level=debug msg="Invoked gptj-python-ltxutuei8pgf9hnybja8.default.192.168.1.240.sslip.io in 10946 usec\n"
time="2024-05-28T18:30:21.001712565-06:00" level=debug msg="Minute: 4"
time="2024-05-28T18:30:21.00181385-06:00" level=debug msg="Number of Invocations this iteration: 8"
time="2024-05-28T18:30:21.001908339-06:00" level=debug msg="Invoking: rnn-serving-python-10-10-q58vo2v1kclvhpvhz69v.default.192.168.1.240.sslip.io:80"
time="2024-05-28T18:30:28.505678343-06:00" level=debug msg="Invoking: gptj-python-ltxutuei8pgf9hnybja8.default.192.168.1.240.sslip.io:80"
time="2024-05-28T18:30:28.516092214-06:00" level=debug msg="Invoked gptj-python-ltxutuei8pgf9hnybja8.default.192.168.1.240.sslip.io in 10421 usec\n"
time="2024-05-28T18:30:32.194022829-06:00" level=debug msg="Invoked rnn-serving-python-10-10-q58vo2v1kclvhpvhz69v.default.192.168.1.240.sslip.io in 11192114 usec\n"
time="2024-05-28T18:30:36.005805734-06:00" level=debug msg="Invoking: gptj-python-ltxutuei8pgf9hnybja8.default.192.168.1.240.sslip.io:80"
time="2024-05-28T18:30:36.016602553-06:00" level=debug msg="Invoked gptj-python-ltxutuei8pgf9hnybja8.default.192.168.1.240.sslip.io in 10806 usec\n"
time="2024-05-28T18:30:43.506164718-06:00" level=debug msg="Invoking: gptj-python-ltxutuei8pgf9hnybja8.default.192.168.1.240.sslip.io:80"
time="2024-05-28T18:30:43.517408809-06:00" level=debug msg="Invoked gptj-python-ltxutuei8pgf9hnybja8.default.192.168.1.240.sslip.io in 11255 usec\n"
time="2024-05-28T18:30:51.009763889-06:00" level=debug msg="Invoking: cartservice-6tlo4eudeqsrdpcuf1wt.default.192.168.1.240.sslip.io:80"
time="2024-05-28T18:30:51.023689632-06:00" level=debug msg="Invoked cartservice-6tlo4eudeqsrdpcuf1wt.default.192.168.1.240.sslip.io in 13954 usec\n"
time="2024-05-28T18:30:58.513693877-06:00" level=debug msg="Invoking: gptj-python-ltxutuei8pgf9hnybja8.default.192.168.1.240.sslip.io:80"
time="2024-05-28T18:30:58.524337871-06:00" level=debug msg="Invoked gptj-python-ltxutuei8pgf9hnybja8.default.192.168.1.240.sslip.io in 10654 usec\n"
time="2024-05-28T18:31:06.020369204-06:00" level=debug msg="Invoking: gptj-python-ltxutuei8pgf9hnybja8.default.192.168.1.240.sslip.io:80"
time="2024-05-28T18:31:06.030779839-06:00" level=debug msg="Invoked gptj-python-ltxutuei8pgf9hnybja8.default.192.168.1.240.sslip.io in 10424 usec\n"
time="2024-05-28T18:31:13.525722375-06:00" level=debug msg="Invoking: gptj-python-ltxutuei8pgf9hnybja8.default.192.168.1.240.sslip.io:80"
time="2024-05-28T18:31:13.536216107-06:00" level=debug msg="Invoked gptj-python-ltxutuei8pgf9hnybja8.default.192.168.1.240.sslip.io in 10505 usec\n"
time="2024-05-28T18:31:20.997640153-06:00" level=debug msg="Minute: 5"
time="2024-05-28T18:31:20.997715691-06:00" level=debug msg="Number of Invocations this iteration: 8"
time="2024-05-28T18:31:20.997790828-06:00" level=debug msg="Invoking: cartservice-6tlo4eudeqsrdpcuf1wt.default.192.168.1.240.sslip.io:80"
time="2024-05-28T18:31:21.011288283-06:00" level=debug msg="Invoked cartservice-6tlo4eudeqsrdpcuf1wt.default.192.168.1.240.sslip.io in 13507 usec\n"
time="2024-05-28T18:31:28.502510589-06:00" level=debug msg="Invoking: gptj-python-ltxutuei8pgf9hnybja8.default.192.168.1.240.sslip.io:80"
time="2024-05-28T18:31:28.512604942-06:00" level=debug msg="Invoked gptj-python-ltxutuei8pgf9hnybja8.default.192.168.1.240.sslip.io in 10104 usec\n"
time="2024-05-28T18:31:36.009734502-06:00" level=debug msg="Invoking: gptj-python-ltxutuei8pgf9hnybja8.default.192.168.1.240.sslip.io:80"
time="2024-05-28T18:31:36.019969857-06:00" level=debug msg="Invoked gptj-python-ltxutuei8pgf9hnybja8.default.192.168.1.240.sslip.io in 10246 usec\n"
time="2024-05-28T18:31:43.514200536-06:00" level=debug msg="Invoking: gptj-python-ltxutuei8pgf9hnybja8.default.192.168.1.240.sslip.io:80"
time="2024-05-28T18:31:43.526065408-06:00" level=debug msg="Invoked gptj-python-ltxutuei8pgf9hnybja8.default.192.168.1.240.sslip.io in 11877 usec\n"
time="2024-05-28T18:31:51.018717246-06:00" level=debug msg="Invoking: cartservice-6tlo4eudeqsrdpcuf1wt.default.192.168.1.240.sslip.io:80"
time="2024-05-28T18:31:51.034469941-06:00" level=debug msg="Invoked cartservice-6tlo4eudeqsrdpcuf1wt.default.192.168.1.240.sslip.io in 15744 usec\n"
time="2024-05-28T18:31:58.525722571-06:00" level=debug msg="Invoking: gptj-python-ltxutuei8pgf9hnybja8.default.192.168.1.240.sslip.io:80"
time="2024-05-28T18:31:58.535976122-06:00" level=debug msg="Invoked gptj-python-ltxutuei8pgf9hnybja8.default.192.168.1.240.sslip.io in 10265 usec\n"
time="2024-05-28T18:32:06.029687662-06:00" level=debug msg="Invoking: gptj-python-ltxutuei8pgf9hnybja8.default.192.168.1.240.sslip.io:80"
time="2024-05-28T18:32:06.040252093-06:00" level=debug msg="Invoked gptj-python-ltxutuei8pgf9hnybja8.default.192.168.1.240.sslip.io in 10571 usec\n"
time="2024-05-28T18:32:13.533755493-06:00" level=debug msg="Invoking: gptj-python-ltxutuei8pgf9hnybja8.default.192.168.1.240.sslip.io:80"
time="2024-05-28T18:32:13.543627913-06:00" level=debug msg="Invoked gptj-python-ltxutuei8pgf9hnybja8.default.192.168.1.240.sslip.io in 9883 usec\n"
time="2024-05-28T18:32:21.001726887-06:00" level=debug msg="Minute: 6"
time="2024-05-28T18:32:21.001825033-06:00" level=debug msg="Number of Invocations this iteration: 8"
time="2024-05-28T18:32:21.001903644-06:00" level=debug msg="Invoking: image-rotate-go-6-f5hdmou9j9711et4ku04.default.192.168.1.240.sslip.io:80"
time="2024-05-28T18:32:28.505739672-06:00" level=debug msg="Invoking: gptj-python-ltxutuei8pgf9hnybja8.default.192.168.1.240.sslip.io:80"
time="2024-05-28T18:32:28.516850006-06:00" level=debug msg="Invoked gptj-python-ltxutuei8pgf9hnybja8.default.192.168.1.240.sslip.io in 11120 usec\n"
time="2024-05-28T18:32:33.190795458-06:00" level=debug msg="Invoked image-rotate-go-6-f5hdmou9j9711et4ku04.default.192.168.1.240.sslip.io in 12188889 usec\n"
time="2024-05-28T18:32:36.008519675-06:00" level=debug msg="Invoking: gptj-python-ltxutuei8pgf9hnybja8.default.192.168.1.240.sslip.io:80"
time="2024-05-28T18:32:36.019423239-06:00" level=debug msg="Invoked gptj-python-ltxutuei8pgf9hnybja8.default.192.168.1.240.sslip.io in 10914 usec\n"
time="2024-05-28T18:32:43.513732693-06:00" level=debug msg="Invoking: gptj-python-ltxutuei8pgf9hnybja8.default.192.168.1.240.sslip.io:80"
time="2024-05-28T18:32:43.525657688-06:00" level=debug msg="Invoked gptj-python-ltxutuei8pgf9hnybja8.default.192.168.1.240.sslip.io in 11937 usec\n"
time="2024-05-28T18:32:51.020959762-06:00" level=debug msg="Invoking: cartservice-6tlo4eudeqsrdpcuf1wt.default.192.168.1.240.sslip.io:80"
time="2024-05-28T18:32:51.034291584-06:00" level=debug msg="Invoked cartservice-6tlo4eudeqsrdpcuf1wt.default.192.168.1.240.sslip.io in 13343 usec\n"
time="2024-05-28T18:32:58.525717992-06:00" level=debug msg="Invoking: gptj-python-ltxutuei8pgf9hnybja8.default.192.168.1.240.sslip.io:80"
time="2024-05-28T18:32:58.535861069-06:00" level=debug msg="Invoked gptj-python-ltxutuei8pgf9hnybja8.default.192.168.1.240.sslip.io in 10154 usec\n"
time="2024-05-28T18:33:06.029663597-06:00" level=debug msg="Invoking: gptj-python-ltxutuei8pgf9hnybja8.default.192.168.1.240.sslip.io:80"
time="2024-05-28T18:33:06.04076581-06:00" level=debug msg="Invoked gptj-python-ltxutuei8pgf9hnybja8.default.192.168.1.240.sslip.io in 11109 usec\n"
time="2024-05-28T18:33:13.53725899-06:00" level=debug msg="Invoking: gptj-python-ltxutuei8pgf9hnybja8.default.192.168.1.240.sslip.io:80"
time="2024-05-28T18:33:13.547840646-06:00" level=debug msg="Invoked gptj-python-ltxutuei8pgf9hnybja8.default.192.168.1.240.sslip.io in 10588 usec\n"
time="2024-05-28T18:33:21.001659065-06:00" level=debug msg="Minute: 7"
time="2024-05-28T18:33:21.001733647-06:00" level=debug msg="Number of Invocations this iteration: 8"
time="2024-05-28T18:33:21.001802829-06:00" level=debug msg="Invoking: cartservice-6tlo4eudeqsrdpcuf1wt.default.192.168.1.240.sslip.io:80"
time="2024-05-28T18:33:21.021764712-06:00" level=debug msg="Invoked cartservice-6tlo4eudeqsrdpcuf1wt.default.192.168.1.240.sslip.io in 19959 usec\n"
time="2024-05-28T18:33:28.507671437-06:00" level=debug msg="Invoking: gptj-python-ltxutuei8pgf9hnybja8.default.192.168.1.240.sslip.io:80"
time="2024-05-28T18:33:28.518973918-06:00" level=debug msg="Invoked gptj-python-ltxutuei8pgf9hnybja8.default.192.168.1.240.sslip.io in 11316 usec\n"
time="2024-05-28T18:33:36.013731482-06:00" level=debug msg="Invoking: gptj-python-ltxutuei8pgf9hnybja8.default.192.168.1.240.sslip.io:80"
time="2024-05-28T18:33:36.023713397-06:00" level=debug msg="Invoked gptj-python-ltxutuei8pgf9hnybja8.default.192.168.1.240.sslip.io in 9995 usec\n"
time="2024-05-28T18:33:43.517749044-06:00" level=debug msg="Invoking: gptj-python-ltxutuei8pgf9hnybja8.default.192.168.1.240.sslip.io:80"
time="2024-05-28T18:33:43.530658949-06:00" level=debug msg="Invoked gptj-python-ltxutuei8pgf9hnybja8.default.192.168.1.240.sslip.io in 12921 usec\n"
time="2024-05-28T18:33:51.024557287-06:00" level=debug msg="Invoking: cartservice-6tlo4eudeqsrdpcuf1wt.default.192.168.1.240.sslip.io:80"
time="2024-05-28T18:33:51.039922077-06:00" level=debug msg="Invoked cartservice-6tlo4eudeqsrdpcuf1wt.default.192.168.1.240.sslip.io in 15352 usec\n"
time="2024-05-28T18:33:58.529690889-06:00" level=debug msg="Invoking: gptj-python-ltxutuei8pgf9hnybja8.default.192.168.1.240.sslip.io:80"
time="2024-05-28T18:33:58.540553989-06:00" level=debug msg="Invoked gptj-python-ltxutuei8pgf9hnybja8.default.192.168.1.240.sslip.io in 10873 usec\n"
time="2024-05-28T18:34:06.034578615-06:00" level=debug msg="Invoking: gptj-python-ltxutuei8pgf9hnybja8.default.192.168.1.240.sslip.io:80"
time="2024-05-28T18:34:06.045616104-06:00" level=debug msg="Invoked gptj-python-ltxutuei8pgf9hnybja8.default.192.168.1.240.sslip.io in 11045 usec\n"
time="2024-05-28T18:34:13.54174397-06:00" level=debug msg="Invoking: gptj-python-ltxutuei8pgf9hnybja8.default.192.168.1.240.sslip.io:80"
time="2024-05-28T18:34:13.552505775-06:00" level=debug msg="Invoked gptj-python-ltxutuei8pgf9hnybja8.default.192.168.1.240.sslip.io in 10774 usec\n"
time="2024-05-28T18:34:21.001836041-06:00" level=debug msg="Minute: 8"
time="2024-05-28T18:34:21.001986611-06:00" level=debug msg="Number of Invocations this iteration: 8"
time="2024-05-28T18:34:21.002074333-06:00" level=debug msg="Invoking: cartservice-6tlo4eudeqsrdpcuf1wt.default.192.168.1.240.sslip.io:80"
time="2024-05-28T18:34:21.013820844-06:00" level=debug msg="Invoked cartservice-6tlo4eudeqsrdpcuf1wt.default.192.168.1.240.sslip.io in 11744 usec\n"
time="2024-05-28T18:34:28.505750763-06:00" level=debug msg="Invoking: gptj-python-ltxutuei8pgf9hnybja8.default.192.168.1.240.sslip.io:80"
time="2024-05-28T18:34:28.516968059-06:00" level=debug msg="Invoked gptj-python-ltxutuei8pgf9hnybja8.default.192.168.1.240.sslip.io in 11230 usec\n"
time="2024-05-28T18:34:36.006011311-06:00" level=debug msg="Invoking: gptj-python-ltxutuei8pgf9hnybja8.default.192.168.1.240.sslip.io:80"
time="2024-05-28T18:34:36.018395677-06:00" level=debug msg="Invoked gptj-python-ltxutuei8pgf9hnybja8.default.192.168.1.240.sslip.io in 12419 usec\n"
time="2024-05-28T18:34:43.511194953-06:00" level=debug msg="Invoking: gptj-python-ltxutuei8pgf9hnybja8.default.192.168.1.240.sslip.io:80"
time="2024-05-28T18:34:43.521847798-06:00" level=debug msg="Invoked gptj-python-ltxutuei8pgf9hnybja8.default.192.168.1.240.sslip.io in 10665 usec\n"
time="2024-05-28T18:34:51.017735034-06:00" level=debug msg="Invoking: cartservice-6tlo4eudeqsrdpcuf1wt.default.192.168.1.240.sslip.io:80"
time="2024-05-28T18:34:51.029997371-06:00" level=debug msg="Invoked cartservice-6tlo4eudeqsrdpcuf1wt.default.192.168.1.240.sslip.io in 12272 usec\n"
time="2024-05-28T18:34:58.521801384-06:00" level=debug msg="Invoking: gptj-python-ltxutuei8pgf9hnybja8.default.192.168.1.240.sslip.io:80"
time="2024-05-28T18:34:58.532265643-06:00" level=debug msg="Invoked gptj-python-ltxutuei8pgf9hnybja8.default.192.168.1.240.sslip.io in 10479 usec\n"
time="2024-05-28T18:35:06.028649309-06:00" level=debug msg="Invoking: gptj-python-ltxutuei8pgf9hnybja8.default.192.168.1.240.sslip.io:80"
time="2024-05-28T18:35:06.040219508-06:00" level=debug msg="Invoked gptj-python-ltxutuei8pgf9hnybja8.default.192.168.1.240.sslip.io in 11582 usec\n"
time="2024-05-28T18:35:13.533688237-06:00" level=debug msg="Invoking: gptj-python-ltxutuei8pgf9hnybja8.default.192.168.1.240.sslip.io:80"
time="2024-05-28T18:35:13.543478533-06:00" level=debug msg="Invoked gptj-python-ltxutuei8pgf9hnybja8.default.192.168.1.240.sslip.io in 9803 usec\n"
time="2024-05-28T18:35:21.001718559-06:00" level=debug msg="Minute: 9"
time="2024-05-28T18:35:21.001822909-06:00" level=debug msg="Number of Invocations this iteration: 8"
time="2024-05-28T18:35:21.00191934-06:00" level=debug msg="Invoking: cartservice-6tlo4eudeqsrdpcuf1wt.default.192.168.1.240.sslip.io:80"
time="2024-05-28T18:35:21.015534994-06:00" level=debug msg="Invoked cartservice-6tlo4eudeqsrdpcuf1wt.default.192.168.1.240.sslip.io in 13613 usec\n"
time="2024-05-28T18:35:28.505695989-06:00" level=debug msg="Invoking: gptj-python-ltxutuei8pgf9hnybja8.default.192.168.1.240.sslip.io:80"
time="2024-05-28T18:35:28.51590666-06:00" level=debug msg="Invoked gptj-python-ltxutuei8pgf9hnybja8.default.192.168.1.240.sslip.io in 10224 usec\n"
time="2024-05-28T18:35:36.009741079-06:00" level=debug msg="Invoking: gptj-python-ltxutuei8pgf9hnybja8.default.192.168.1.240.sslip.io:80"
time="2024-05-28T18:35:36.01952763-06:00" level=debug msg="Invoked gptj-python-ltxutuei8pgf9hnybja8.default.192.168.1.240.sslip.io in 9798 usec\n"
time="2024-05-28T18:35:43.513994245-06:00" level=debug msg="Invoking: gptj-python-ltxutuei8pgf9hnybja8.default.192.168.1.240.sslip.io:80"
time="2024-05-28T18:35:43.524590767-06:00" level=debug msg="Invoked gptj-python-ltxutuei8pgf9hnybja8.default.192.168.1.240.sslip.io in 10607 usec\n"
time="2024-05-28T18:35:51.018707475-06:00" level=debug msg="Invoking: cartservice-6tlo4eudeqsrdpcuf1wt.default.192.168.1.240.sslip.io:80"
time="2024-05-28T18:35:51.031080168-06:00" level=debug msg="Invoked cartservice-6tlo4eudeqsrdpcuf1wt.default.192.168.1.240.sslip.io in 12386 usec\n"
time="2024-05-28T18:35:58.518925094-06:00" level=debug msg="Invoking: gptj-python-ltxutuei8pgf9hnybja8.default.192.168.1.240.sslip.io:80"
time="2024-05-28T18:35:58.531116714-06:00" level=debug msg="Invoked gptj-python-ltxutuei8pgf9hnybja8.default.192.168.1.240.sslip.io in 12198 usec\n"
time="2024-05-28T18:36:06.0257319-06:00" level=debug msg="Invoking: gptj-python-ltxutuei8pgf9hnybja8.default.192.168.1.240.sslip.io:80"
time="2024-05-28T18:36:06.036760449-06:00" level=debug msg="Invoked gptj-python-ltxutuei8pgf9hnybja8.default.192.168.1.240.sslip.io in 11040 usec\n"
time="2024-05-28T18:36:13.529670862-06:00" level=debug msg="Invoking: gptj-python-ltxutuei8pgf9hnybja8.default.192.168.1.240.sslip.io:80"
time="2024-05-28T18:36:13.540932212-06:00" level=debug msg="Invoked gptj-python-ltxutuei8pgf9hnybja8.default.192.168.1.240.sslip.io in 11271 usec\n"
time="2024-05-28T18:36:21.001689703-06:00" level=debug msg="Minute: 10"
time="2024-05-28T18:36:21.001841191-06:00" level=debug msg="Number of Invocations this iteration: 8"
time="2024-05-28T18:36:21.001918142-06:00" level=debug msg="Invoking: rnn-serving-python-10-10-q58vo2v1kclvhpvhz69v.default.192.168.1.240.sslip.io:80"
time="2024-05-28T18:36:28.50574409-06:00" level=debug msg="Invoking: gptj-python-ltxutuei8pgf9hnybja8.default.192.168.1.240.sslip.io:80"
time="2024-05-28T18:36:28.516243121-06:00" level=debug msg="Invoked gptj-python-ltxutuei8pgf9hnybja8.default.192.168.1.240.sslip.io in 10508 usec\n"
time="2024-05-28T18:36:31.272984986-06:00" level=debug msg="Invoked rnn-serving-python-10-10-q58vo2v1kclvhpvhz69v.default.192.168.1.240.sslip.io in 10271064 usec\n"
time="2024-05-28T18:36:36.006883039-06:00" level=debug msg="Invoking: gptj-python-ltxutuei8pgf9hnybja8.default.192.168.1.240.sslip.io:80"
time="2024-05-28T18:36:36.019532714-06:00" level=debug msg="Invoked gptj-python-ltxutuei8pgf9hnybja8.default.192.168.1.240.sslip.io in 12661 usec\n"
time="2024-05-28T18:36:43.51371911-06:00" level=debug msg="Invoking: gptj-python-ltxutuei8pgf9hnybja8.default.192.168.1.240.sslip.io:80"
time="2024-05-28T18:36:43.523243997-06:00" level=debug msg="Invoked gptj-python-ltxutuei8pgf9hnybja8.default.192.168.1.240.sslip.io in 9534 usec\n"
time="2024-05-28T18:36:51.016355621-06:00" level=debug msg="Invoking: cartservice-6tlo4eudeqsrdpcuf1wt.default.192.168.1.240.sslip.io:80"
time="2024-05-28T18:36:51.028576588-06:00" level=debug msg="Invoked cartservice-6tlo4eudeqsrdpcuf1wt.default.192.168.1.240.sslip.io in 12235 usec\n"
time="2024-05-28T18:36:58.521650113-06:00" level=debug msg="Invoking: gptj-python-ltxutuei8pgf9hnybja8.default.192.168.1.240.sslip.io:80"
time="2024-05-28T18:36:58.531501416-06:00" level=debug msg="Invoked gptj-python-ltxutuei8pgf9hnybja8.default.192.168.1.240.sslip.io in 9857 usec\n"
time="2024-05-28T18:37:06.025728106-06:00" level=debug msg="Invoking: gptj-python-ltxutuei8pgf9hnybja8.default.192.168.1.240.sslip.io:80"
time="2024-05-28T18:37:06.035998836-06:00" level=debug msg="Invoked gptj-python-ltxutuei8pgf9hnybja8.default.192.168.1.240.sslip.io in 10282 usec\n"
time="2024-05-28T18:37:13.529717726-06:00" level=debug msg="Invoking: gptj-python-ltxutuei8pgf9hnybja8.default.192.168.1.240.sslip.io:80"
time="2024-05-28T18:37:13.539815737-06:00" level=debug msg="Invoked gptj-python-ltxutuei8pgf9hnybja8.default.192.168.1.240.sslip.io in 10109 usec\n"
time="2024-05-28T18:37:21.002110925-06:00" level=debug msg="Minute: 11"
time="2024-05-28T18:37:21.002216571-06:00" level=debug msg="Number of Invocations this iteration: 8"
time="2024-05-28T18:37:21.002303863-06:00" level=debug msg="Invoking: image-rotate-go-6-f5hdmou9j9711et4ku04.default.192.168.1.240.sslip.io:80"
time="2024-05-28T18:37:28.263629417-06:00" level=debug msg="Invoked image-rotate-go-6-f5hdmou9j9711et4ku04.default.192.168.1.240.sslip.io in 7261322 usec\n"
time="2024-05-28T18:37:28.502897888-06:00" level=debug msg="Invoking: gptj-python-ltxutuei8pgf9hnybja8.default.192.168.1.240.sslip.io:80"
time="2024-05-28T18:37:28.513387113-06:00" level=debug msg="Invoked gptj-python-ltxutuei8pgf9hnybja8.default.192.168.1.240.sslip.io in 10502 usec\n"
time="2024-05-28T18:37:36.009746987-06:00" level=debug msg="Invoking: gptj-python-ltxutuei8pgf9hnybja8.default.192.168.1.240.sslip.io:80"
time="2024-05-28T18:37:36.019798787-06:00" level=debug msg="Invoked gptj-python-ltxutuei8pgf9hnybja8.default.192.168.1.240.sslip.io in 10065 usec\n"
time="2024-05-28T18:37:43.513787632-06:00" level=debug msg="Invoking: gptj-python-ltxutuei8pgf9hnybja8.default.192.168.1.240.sslip.io:80"
time="2024-05-28T18:37:43.524147605-06:00" level=debug msg="Invoked gptj-python-ltxutuei8pgf9hnybja8.default.192.168.1.240.sslip.io in 10371 usec\n"
time="2024-05-28T18:37:51.020600384-06:00" level=debug msg="Invoking: cartservice-6tlo4eudeqsrdpcuf1wt.default.192.168.1.240.sslip.io:80"
time="2024-05-28T18:37:51.033379972-06:00" level=debug msg="Invoked cartservice-6tlo4eudeqsrdpcuf1wt.default.192.168.1.240.sslip.io in 12792 usec\n"
time="2024-05-28T18:37:58.521250101-06:00" level=debug msg="Invoking: gptj-python-ltxutuei8pgf9hnybja8.default.192.168.1.240.sslip.io:80"
time="2024-05-28T18:37:58.850762772-06:00" level=debug msg="Invoked gptj-python-ltxutuei8pgf9hnybja8.default.192.168.1.240.sslip.io in 329553 usec\n"
time="2024-05-28T18:38:06.025693871-06:00" level=debug msg="Invoking: gptj-python-ltxutuei8pgf9hnybja8.default.192.168.1.240.sslip.io:80"
time="2024-05-28T18:38:06.036582813-06:00" level=debug msg="Invoked gptj-python-ltxutuei8pgf9hnybja8.default.192.168.1.240.sslip.io in 10899 usec\n"
time="2024-05-28T18:38:13.530574989-06:00" level=debug msg="Invoking: gptj-python-ltxutuei8pgf9hnybja8.default.192.168.1.240.sslip.io:80"
time="2024-05-28T18:38:13.541119793-06:00" level=debug msg="Invoked gptj-python-ltxutuei8pgf9hnybja8.default.192.168.1.240.sslip.io in 10552 usec\n"
time="2024-05-28T18:38:20.999125428-06:00" level=debug msg="Minute: 12"
time="2024-05-28T18:38:20.999272155-06:00" level=debug msg="Number of Invocations this iteration: 8"
time="2024-05-28T18:38:20.999347987-06:00" level=debug msg="Invoking: cartservice-6tlo4eudeqsrdpcuf1wt.default.192.168.1.240.sslip.io:80"
time="2024-05-28T18:38:21.137616809-06:00" level=debug msg="Invoked cartservice-6tlo4eudeqsrdpcuf1wt.default.192.168.1.240.sslip.io in 138267 usec\n"
time="2024-05-28T18:38:28.505767074-06:00" level=debug msg="Invoking: gptj-python-ltxutuei8pgf9hnybja8.default.192.168.1.240.sslip.io:80"
time="2024-05-28T18:38:28.515599536-06:00" level=debug msg="Invoked gptj-python-ltxutuei8pgf9hnybja8.default.192.168.1.240.sslip.io in 9846 usec\n"
time="2024-05-28T18:38:36.011269627-06:00" level=debug msg="Invoking: gptj-python-ltxutuei8pgf9hnybja8.default.192.168.1.240.sslip.io:80"
time="2024-05-28T18:38:36.022508133-06:00" level=debug msg="Invoked gptj-python-ltxutuei8pgf9hnybja8.default.192.168.1.240.sslip.io in 11291 usec\n"
time="2024-05-28T18:38:43.517688467-06:00" level=debug msg="Invoking: gptj-python-ltxutuei8pgf9hnybja8.default.192.168.1.240.sslip.io:80"
time="2024-05-28T18:38:43.527429674-06:00" level=debug msg="Invoked gptj-python-ltxutuei8pgf9hnybja8.default.192.168.1.240.sslip.io in 9775 usec\n"
time="2024-05-28T18:38:51.021693993-06:00" level=debug msg="Invoking: cartservice-6tlo4eudeqsrdpcuf1wt.default.192.168.1.240.sslip.io:80"
time="2024-05-28T18:38:51.032604499-06:00" level=debug msg="Invoked cartservice-6tlo4eudeqsrdpcuf1wt.default.192.168.1.240.sslip.io in 10920 usec\n"
time="2024-05-28T18:38:58.529058319-06:00" level=debug msg="Invoking: gptj-python-ltxutuei8pgf9hnybja8.default.192.168.1.240.sslip.io:80"
time="2024-05-28T18:38:58.539935237-06:00" level=debug msg="Invoked gptj-python-ltxutuei8pgf9hnybja8.default.192.168.1.240.sslip.io in 10886 usec\n"
time="2024-05-28T18:39:06.033727546-06:00" level=debug msg="Invoking: gptj-python-ltxutuei8pgf9hnybja8.default.192.168.1.240.sslip.io:80"
time="2024-05-28T18:39:06.044099529-06:00" level=debug msg="Invoked gptj-python-ltxutuei8pgf9hnybja8.default.192.168.1.240.sslip.io in 10383 usec\n"
time="2024-05-28T18:39:13.540468727-06:00" level=debug msg="Invoking: gptj-python-ltxutuei8pgf9hnybja8.default.192.168.1.240.sslip.io:80"
time="2024-05-28T18:39:13.551278817-06:00" level=debug msg="Invoked gptj-python-ltxutuei8pgf9hnybja8.default.192.168.1.240.sslip.io in 10822 usec\n"
time="2024-05-28T18:39:21.000722783-06:00" level=debug msg="Minute: 13"
time="2024-05-28T18:39:21.000825021-06:00" level=debug msg="Number of Invocations this iteration: 8"
time="2024-05-28T18:39:21.00091692-06:00" level=debug msg="Invoking: cartservice-6tlo4eudeqsrdpcuf1wt.default.192.168.1.240.sslip.io:80"
time="2024-05-28T18:39:21.013862795-06:00" level=debug msg="Invoked cartservice-6tlo4eudeqsrdpcuf1wt.default.192.168.1.240.sslip.io in 12942 usec\n"
time="2024-05-28T18:39:28.505742568-06:00" level=debug msg="Invoking: gptj-python-ltxutuei8pgf9hnybja8.default.192.168.1.240.sslip.io:80"
time="2024-05-28T18:39:28.516383096-06:00" level=debug msg="Invoked gptj-python-ltxutuei8pgf9hnybja8.default.192.168.1.240.sslip.io in 10651 usec\n"
time="2024-05-28T18:39:36.011208948-06:00" level=debug msg="Invoking: gptj-python-ltxutuei8pgf9hnybja8.default.192.168.1.240.sslip.io:80"
time="2024-05-28T18:39:36.021714375-06:00" level=debug msg="Invoked gptj-python-ltxutuei8pgf9hnybja8.default.192.168.1.240.sslip.io in 10512 usec\n"
time="2024-05-28T18:39:43.517742333-06:00" level=debug msg="Invoking: gptj-python-ltxutuei8pgf9hnybja8.default.192.168.1.240.sslip.io:80"
time="2024-05-28T18:39:43.527805033-06:00" level=debug msg="Invoked gptj-python-ltxutuei8pgf9hnybja8.default.192.168.1.240.sslip.io in 10066 usec\n"
time="2024-05-28T18:39:51.023093466-06:00" level=debug msg="Invoking: cartservice-6tlo4eudeqsrdpcuf1wt.default.192.168.1.240.sslip.io:80"
time="2024-05-28T18:39:51.033972433-06:00" level=debug msg="Invoked cartservice-6tlo4eudeqsrdpcuf1wt.default.192.168.1.240.sslip.io in 10885 usec\n"
time="2024-05-28T18:39:58.524023384-06:00" level=debug msg="Invoking: gptj-python-ltxutuei8pgf9hnybja8.default.192.168.1.240.sslip.io:80"
time="2024-05-28T18:39:58.536672433-06:00" level=debug msg="Invoked gptj-python-ltxutuei8pgf9hnybja8.default.192.168.1.240.sslip.io in 12828 usec\n"
time="2024-05-28T18:40:06.029807359-06:00" level=debug msg="Invoking: gptj-python-ltxutuei8pgf9hnybja8.default.192.168.1.240.sslip.io:80"
time="2024-05-28T18:40:06.041672305-06:00" level=debug msg="Invoked gptj-python-ltxutuei8pgf9hnybja8.default.192.168.1.240.sslip.io in 11879 usec\n"
time="2024-05-28T18:40:13.533675514-06:00" level=debug msg="Invoking: gptj-python-ltxutuei8pgf9hnybja8.default.192.168.1.240.sslip.io:80"
time="2024-05-28T18:40:13.544155984-06:00" level=debug msg="Invoked gptj-python-ltxutuei8pgf9hnybja8.default.192.168.1.240.sslip.io in 10493 usec\n"
time="2024-05-28T18:40:21.001672006-06:00" level=info msg="Experiment Phase Completed"
time="2024-05-28T18:40:21.001809094-06:00" level=info msg="Issued / completed requests: 112, 112"
time="2024-05-28T18:40:21.001846237-06:00" level=info msg="Average Real RPS: 0.13 "
time="2024-05-28T18:40:21.001882246-06:00" level=info msg="Experiment finished!"
time="2024-05-28T18:40:21.001908047-06:00" level=info msg="The measured latencies are saved in rps_lat.csv"
