time="2024-05-30T07:09:29.613942554-06:00" level=info msg="Reading the endpoints from the file: video-analytics-standalone-python-30-300/endpoints.json"
time="2024-05-30T07:12:33.431146133-06:00" level=warning msg="Failed to invoke video-analytics-standalone-python-30-yb0uvj0.default.192.168.1.240.sslip.io:80, err=rpc error: code = DeadlineExceeded desc = context deadline exceeded"
time="2024-05-30T07:12:38.584835527-06:00" level=warning msg="Failed to invoke video-analytics-standalone-python-30-yb0uvj0.default.192.168.1.240.sslip.io:80, err=rpc error: code = DeadlineExceeded desc = context deadline exceeded"
time="2024-05-30T07:12:43.739254564-06:00" level=warning msg="Failed to invoke video-analytics-standalone-python-30-yb0uvj0.default.192.168.1.240.sslip.io:80, err=rpc error: code = Unavailable desc = upstream request timeout"
time="2024-05-30T07:12:48.895863132-06:00" level=warning msg="Failed to invoke video-analytics-standalone-python-30-yb0uvj0.default.192.168.1.240.sslip.io:80, err=rpc error: code = DeadlineExceeded desc = context deadline exceeded"
time="2024-05-30T07:12:54.05249959-06:00" level=warning msg="Failed to invoke video-analytics-standalone-python-30-yb0uvj0.default.192.168.1.240.sslip.io:80, err=rpc error: code = Unavailable desc = upstream request timeout"
time="2024-05-30T07:12:59.20445551-06:00" level=warning msg="Failed to invoke video-analytics-standalone-python-30-yb0uvj0.default.192.168.1.240.sslip.io:80, err=rpc error: code = Unavailable desc = upstream request timeout"
time="2024-05-30T07:13:04.36386316-06:00" level=warning msg="Failed to invoke video-analytics-standalone-python-30-yb0uvj0.default.192.168.1.240.sslip.io:80, err=rpc error: code = DeadlineExceeded desc = context deadline exceeded"
time="2024-05-30T07:13:09.522122994-06:00" level=warning msg="Failed to invoke video-analytics-standalone-python-30-yb0uvj0.default.192.168.1.240.sslip.io:80, err=rpc error: code = DeadlineExceeded desc = context deadline exceeded"
time="2024-05-30T07:13:14.673328714-06:00" level=warning msg="Failed to invoke video-analytics-standalone-python-30-yb0uvj0.default.192.168.1.240.sslip.io:80, err=rpc error: code = Unavailable desc = upstream request timeout"
time="2024-05-30T07:13:19.831221822-06:00" level=warning msg="Failed to invoke video-analytics-standalone-python-30-yb0uvj0.default.192.168.1.240.sslip.io:80, err=rpc error: code = Unavailable desc = upstream request timeout"
time="2024-05-30T07:13:24.985872728-06:00" level=warning msg="Failed to invoke video-analytics-standalone-python-30-yb0uvj0.default.192.168.1.240.sslip.io:80, err=rpc error: code = Unavailable desc = upstream request timeout"
time="2024-05-30T07:13:30.140745318-06:00" level=warning msg="Failed to invoke video-analytics-standalone-python-30-yb0uvj0.default.192.168.1.240.sslip.io:80, err=rpc error: code = Unavailable desc = upstream request timeout"
time="2024-05-30T07:13:35.30004985-06:00" level=warning msg="Failed to invoke video-analytics-standalone-python-30-yb0uvj0.default.192.168.1.240.sslip.io:80, err=rpc error: code = Unavailable desc = upstream request timeout"
time="2024-05-30T07:13:40.455448463-06:00" level=warning msg="Failed to invoke video-analytics-standalone-python-30-yb0uvj0.default.192.168.1.240.sslip.io:80, err=rpc error: code = Unavailable desc = upstream request timeout"
time="2024-05-30T07:13:45.607904924-06:00" level=warning msg="Failed to invoke video-analytics-standalone-python-30-yb0uvj0.default.192.168.1.240.sslip.io:80, err=rpc error: code = DeadlineExceeded desc = context deadline exceeded"
time="2024-05-30T07:13:50.764034625-06:00" level=warning msg="Failed to invoke video-analytics-standalone-python-30-yb0uvj0.default.192.168.1.240.sslip.io:80, err=rpc error: code = DeadlineExceeded desc = context deadline exceeded"
time="2024-05-30T07:13:55.916960335-06:00" level=warning msg="Failed to invoke video-analytics-standalone-python-30-yb0uvj0.default.192.168.1.240.sslip.io:80, err=rpc error: code = Unavailable desc = upstream request timeout"
time="2024-05-30T07:14:01.075231173-06:00" level=warning msg="Failed to invoke video-analytics-standalone-python-30-yb0uvj0.default.192.168.1.240.sslip.io:80, err=rpc error: code = Unavailable desc = upstream request timeout"
time="2024-05-30T07:14:06.229361079-06:00" level=warning msg="Failed to invoke video-analytics-standalone-python-30-yb0uvj0.default.192.168.1.240.sslip.io:80, err=rpc error: code = Unavailable desc = upstream request timeout"
time="2024-05-30T07:14:11.386298904-06:00" level=warning msg="Failed to invoke video-analytics-standalone-python-30-yb0uvj0.default.192.168.1.240.sslip.io:80, err=rpc error: code = Unavailable desc = upstream request timeout"
time="2024-05-30T07:14:16.795987654-06:00" level=warning msg="Failed to invoke video-analytics-standalone-python-30-yb0uvj0.default.192.168.1.240.sslip.io:80, err=rpc error: code = DeadlineExceeded desc = context deadline exceeded"
time="2024-05-30T07:14:21.700008584-06:00" level=warning msg="Failed to invoke video-analytics-standalone-python-30-yb0uvj0.default.192.168.1.240.sslip.io:80, err=rpc error: code = Unavailable desc = upstream request timeout"
time="2024-05-30T07:14:26.855060893-06:00" level=warning msg="Failed to invoke video-analytics-standalone-python-30-yb0uvj0.default.192.168.1.240.sslip.io:80, err=rpc error: code = Unavailable desc = upstream request timeout"
time="2024-05-30T07:14:32.009664662-06:00" level=warning msg="Failed to invoke video-analytics-standalone-python-30-yb0uvj0.default.192.168.1.240.sslip.io:80, err=rpc error: code = Unavailable desc = upstream request timeout"
time="2024-05-30T07:14:37.165687665-06:00" level=warning msg="Failed to invoke video-analytics-standalone-python-30-yb0uvj0.default.192.168.1.240.sslip.io:80, err=rpc error: code = Unavailable desc = upstream request timeout"
time="2024-05-30T07:14:42.322185018-06:00" level=warning msg="Failed to invoke video-analytics-standalone-python-30-yb0uvj0.default.192.168.1.240.sslip.io:80, err=rpc error: code = Unavailable desc = upstream request timeout"
time="2024-05-30T07:14:47.48396074-06:00" level=warning msg="Failed to invoke video-analytics-standalone-python-30-yb0uvj0.default.192.168.1.240.sslip.io:80, err=rpc error: code = DeadlineExceeded desc = context deadline exceeded"
time="2024-05-30T07:14:52.632135631-06:00" level=warning msg="Failed to invoke video-analytics-standalone-python-30-yb0uvj0.default.192.168.1.240.sslip.io:80, err=rpc error: code = DeadlineExceeded desc = context deadline exceeded"
time="2024-05-30T07:14:57.79304921-06:00" level=warning msg="Failed to invoke video-analytics-standalone-python-30-yb0uvj0.default.192.168.1.240.sslip.io:80, err=rpc error: code = DeadlineExceeded desc = context deadline exceeded"
time="2024-05-30T07:15:02.954992748-06:00" level=warning msg="Failed to invoke video-analytics-standalone-python-30-yb0uvj0.default.192.168.1.240.sslip.io:80, err=rpc error: code = DeadlineExceeded desc = context deadline exceeded"
time="2024-05-30T07:15:08.105825905-06:00" level=warning msg="Failed to invoke video-analytics-standalone-python-30-yb0uvj0.default.192.168.1.240.sslip.io:80, err=rpc error: code = DeadlineExceeded desc = context deadline exceeded"
time="2024-05-30T07:15:13.259894864-06:00" level=warning msg="Failed to invoke video-analytics-standalone-python-30-yb0uvj0.default.192.168.1.240.sslip.io:80, err=rpc error: code = DeadlineExceeded desc = context deadline exceeded"
time="2024-05-30T07:15:18.413020683-06:00" level=warning msg="Failed to invoke video-analytics-standalone-python-30-yb0uvj0.default.192.168.1.240.sslip.io:80, err=rpc error: code = DeadlineExceeded desc = context deadline exceeded"
time="2024-05-30T07:15:23.567913996-06:00" level=warning msg="Failed to invoke video-analytics-standalone-python-30-yb0uvj0.default.192.168.1.240.sslip.io:80, err=rpc error: code = DeadlineExceeded desc = context deadline exceeded"
time="2024-05-30T07:15:28.721332486-06:00" level=warning msg="Failed to invoke video-analytics-standalone-python-30-yb0uvj0.default.192.168.1.240.sslip.io:80, err=rpc error: code = Unavailable desc = upstream request timeout"
time="2024-05-30T07:15:33.881912209-06:00" level=warning msg="Failed to invoke video-analytics-standalone-python-30-yb0uvj0.default.192.168.1.240.sslip.io:80, err=rpc error: code = Unavailable desc = upstream request timeout"
time="2024-05-30T07:15:39.035837883-06:00" level=warning msg="Failed to invoke video-analytics-standalone-python-30-yb0uvj0.default.192.168.1.240.sslip.io:80, err=rpc error: code = Unavailable desc = upstream request timeout"
time="2024-05-30T07:15:44.192931394-06:00" level=warning msg="Failed to invoke video-analytics-standalone-python-30-yb0uvj0.default.192.168.1.240.sslip.io:80, err=rpc error: code = Unavailable desc = upstream request timeout"
time="2024-05-30T07:15:49.348706741-06:00" level=warning msg="Failed to invoke video-analytics-standalone-python-30-yb0uvj0.default.192.168.1.240.sslip.io:80, err=rpc error: code = DeadlineExceeded desc = context deadline exceeded"
time="2024-05-30T07:15:54.502002658-06:00" level=warning msg="Failed to invoke video-analytics-standalone-python-30-yb0uvj0.default.192.168.1.240.sslip.io:80, err=rpc error: code = Unavailable desc = upstream request timeout"
time="2024-05-30T07:15:59.660153831-06:00" level=warning msg="Failed to invoke video-analytics-standalone-python-30-yb0uvj0.default.192.168.1.240.sslip.io:80, err=rpc error: code = DeadlineExceeded desc = context deadline exceeded"
time="2024-05-30T07:16:04.81239019-06:00" level=warning msg="Failed to invoke video-analytics-standalone-python-30-yb0uvj0.default.192.168.1.240.sslip.io:80, err=rpc error: code = DeadlineExceeded desc = context deadline exceeded"
time="2024-05-30T07:16:09.968862439-06:00" level=warning msg="Failed to invoke video-analytics-standalone-python-30-yb0uvj0.default.192.168.1.240.sslip.io:80, err=rpc error: code = Unavailable desc = upstream request timeout"
time="2024-05-30T07:16:15.127953737-06:00" level=warning msg="Failed to invoke video-analytics-standalone-python-30-yb0uvj0.default.192.168.1.240.sslip.io:80, err=rpc error: code = Unavailable desc = upstream request timeout"
time="2024-05-30T07:16:20.280585027-06:00" level=warning msg="Failed to invoke video-analytics-standalone-python-30-yb0uvj0.default.192.168.1.240.sslip.io:80, err=rpc error: code = Unavailable desc = upstream request timeout"
time="2024-05-30T07:16:25.433406662-06:00" level=warning msg="Failed to invoke video-analytics-standalone-python-30-yb0uvj0.default.192.168.1.240.sslip.io:80, err=rpc error: code = Unavailable desc = upstream request timeout"
time="2024-05-30T07:16:30.595027894-06:00" level=warning msg="Failed to invoke video-analytics-standalone-python-30-yb0uvj0.default.192.168.1.240.sslip.io:80, err=rpc error: code = Unavailable desc = upstream request timeout"
time="2024-05-30T07:16:35.747947184-06:00" level=warning msg="Failed to invoke video-analytics-standalone-python-30-yb0uvj0.default.192.168.1.240.sslip.io:80, err=rpc error: code = DeadlineExceeded desc = context deadline exceeded"
time="2024-05-30T07:16:40.907980866-06:00" level=warning msg="Failed to invoke video-analytics-standalone-python-30-yb0uvj0.default.192.168.1.240.sslip.io:80, err=rpc error: code = Unavailable desc = upstream request timeout"
time="2024-05-30T07:16:46.05902943-06:00" level=warning msg="Failed to invoke video-analytics-standalone-python-30-yb0uvj0.default.192.168.1.240.sslip.io:80, err=rpc error: code = Unavailable desc = upstream request timeout"
time="2024-05-30T07:16:51.215860562-06:00" level=warning msg="Failed to invoke video-analytics-standalone-python-30-yb0uvj0.default.192.168.1.240.sslip.io:80, err=rpc error: code = DeadlineExceeded desc = context deadline exceeded"
time="2024-05-30T07:16:56.374006638-06:00" level=warning msg="Failed to invoke video-analytics-standalone-python-30-yb0uvj0.default.192.168.1.240.sslip.io:80, err=rpc error: code = Unavailable desc = upstream request timeout"
time="2024-05-30T07:17:01.526566222-06:00" level=warning msg="Failed to invoke video-analytics-standalone-python-30-yb0uvj0.default.192.168.1.240.sslip.io:80, err=rpc error: code = Unavailable desc = upstream request timeout"
time="2024-05-30T07:17:06.687889503-06:00" level=warning msg="Failed to invoke video-analytics-standalone-python-30-yb0uvj0.default.192.168.1.240.sslip.io:80, err=rpc error: code = DeadlineExceeded desc = context deadline exceeded"
time="2024-05-30T07:17:11.836647977-06:00" level=warning msg="Failed to invoke video-analytics-standalone-python-30-yb0uvj0.default.192.168.1.240.sslip.io:80, err=rpc error: code = Unavailable desc = upstream request timeout"
time="2024-05-30T07:17:16.995868682-06:00" level=warning msg="Failed to invoke video-analytics-standalone-python-30-yb0uvj0.default.192.168.1.240.sslip.io:80, err=rpc error: code = Unavailable desc = upstream request timeout"
time="2024-05-30T07:17:22.151844416-06:00" level=warning msg="Failed to invoke video-analytics-standalone-python-30-yb0uvj0.default.192.168.1.240.sslip.io:80, err=rpc error: code = Unavailable desc = upstream request timeout"
time="2024-05-30T07:17:27.303939515-06:00" level=warning msg="Failed to invoke video-analytics-standalone-python-30-yb0uvj0.default.192.168.1.240.sslip.io:80, err=rpc error: code = DeadlineExceeded desc = context deadline exceeded"
time="2024-05-30T07:17:32.458438467-06:00" level=warning msg="Failed to invoke video-analytics-standalone-python-30-yb0uvj0.default.192.168.1.240.sslip.io:80, err=rpc error: code = Unavailable desc = upstream request timeout"
time="2024-05-30T07:17:37.612551345-06:00" level=warning msg="Failed to invoke video-analytics-standalone-python-30-yb0uvj0.default.192.168.1.240.sslip.io:80, err=rpc error: code = Unavailable desc = upstream request timeout"
time="2024-05-30T07:17:42.769085891-06:00" level=warning msg="Failed to invoke video-analytics-standalone-python-30-yb0uvj0.default.192.168.1.240.sslip.io:80, err=rpc error: code = Unavailable desc = upstream request timeout"
time="2024-05-30T07:17:47.929008035-06:00" level=warning msg="Failed to invoke video-analytics-standalone-python-30-yb0uvj0.default.192.168.1.240.sslip.io:80, err=rpc error: code = DeadlineExceeded desc = context deadline exceeded"
time="2024-05-30T07:17:53.081292182-06:00" level=warning msg="Failed to invoke video-analytics-standalone-python-30-yb0uvj0.default.192.168.1.240.sslip.io:80, err=rpc error: code = Unavailable desc = upstream request timeout"
time="2024-05-30T07:17:58.238032649-06:00" level=warning msg="Failed to invoke video-analytics-standalone-python-30-yb0uvj0.default.192.168.1.240.sslip.io:80, err=rpc error: code = Unavailable desc = upstream request timeout"
time="2024-05-30T07:18:03.393882119-06:00" level=warning msg="Failed to invoke video-analytics-standalone-python-30-yb0uvj0.default.192.168.1.240.sslip.io:80, err=rpc error: code = Unavailable desc = upstream request timeout"
time="2024-05-30T07:18:08.551282774-06:00" level=warning msg="Failed to invoke video-analytics-standalone-python-30-yb0uvj0.default.192.168.1.240.sslip.io:80, err=rpc error: code = Unavailable desc = upstream request timeout"
time="2024-05-30T07:18:13.706905114-06:00" level=warning msg="Failed to invoke video-analytics-standalone-python-30-yb0uvj0.default.192.168.1.240.sslip.io:80, err=rpc error: code = Unavailable desc = upstream request timeout"
time="2024-05-30T07:18:18.862339971-06:00" level=warning msg="Failed to invoke video-analytics-standalone-python-30-yb0uvj0.default.192.168.1.240.sslip.io:80, err=rpc error: code = Unavailable desc = upstream request timeout"
time="2024-05-30T07:18:24.019115545-06:00" level=warning msg="Failed to invoke video-analytics-standalone-python-30-yb0uvj0.default.192.168.1.240.sslip.io:80, err=rpc error: code = Unavailable desc = upstream request timeout"
time="2024-05-30T07:18:29.172948657-06:00" level=warning msg="Failed to invoke video-analytics-standalone-python-30-yb0uvj0.default.192.168.1.240.sslip.io:80, err=rpc error: code = DeadlineExceeded desc = context deadline exceeded"
time="2024-05-30T07:18:34.331314721-06:00" level=warning msg="Failed to invoke video-analytics-standalone-python-30-yb0uvj0.default.192.168.1.240.sslip.io:80, err=rpc error: code = DeadlineExceeded desc = context deadline exceeded"
time="2024-05-30T07:18:39.483721467-06:00" level=warning msg="Failed to invoke video-analytics-standalone-python-30-yb0uvj0.default.192.168.1.240.sslip.io:80, err=rpc error: code = Unavailable desc = upstream request timeout"
time="2024-05-30T07:18:44.639361436-06:00" level=warning msg="Failed to invoke video-analytics-standalone-python-30-yb0uvj0.default.192.168.1.240.sslip.io:80, err=rpc error: code = Unavailable desc = upstream request timeout"
time="2024-05-30T07:18:49.798183641-06:00" level=warning msg="Failed to invoke video-analytics-standalone-python-30-yb0uvj0.default.192.168.1.240.sslip.io:80, err=rpc error: code = Unavailable desc = upstream request timeout"
time="2024-05-30T07:18:54.950421232-06:00" level=warning msg="Failed to invoke video-analytics-standalone-python-30-yb0uvj0.default.192.168.1.240.sslip.io:80, err=rpc error: code = Unavailable desc = upstream request timeout"
time="2024-05-30T07:19:00.10792156-06:00" level=warning msg="Failed to invoke video-analytics-standalone-python-30-yb0uvj0.default.192.168.1.240.sslip.io:80, err=rpc error: code = DeadlineExceeded desc = context deadline exceeded"
time="2024-05-30T07:19:05.263075376-06:00" level=warning msg="Failed to invoke video-analytics-standalone-python-30-yb0uvj0.default.192.168.1.240.sslip.io:80, err=rpc error: code = Unavailable desc = upstream request timeout"
time="2024-05-30T07:19:10.419931329-06:00" level=warning msg="Failed to invoke video-analytics-standalone-python-30-yb0uvj0.default.192.168.1.240.sslip.io:80, err=rpc error: code = DeadlineExceeded desc = context deadline exceeded"
time="2024-05-30T07:19:15.575988588-06:00" level=warning msg="Failed to invoke video-analytics-standalone-python-30-yb0uvj0.default.192.168.1.240.sslip.io:80, err=rpc error: code = DeadlineExceeded desc = context deadline exceeded"
time="2024-05-30T07:19:20.731905595-06:00" level=warning msg="Failed to invoke video-analytics-standalone-python-30-yb0uvj0.default.192.168.1.240.sslip.io:80, err=rpc error: code = DeadlineExceeded desc = context deadline exceeded"
time="2024-05-30T07:19:25.887947515-06:00" level=warning msg="Failed to invoke video-analytics-standalone-python-30-yb0uvj0.default.192.168.1.240.sslip.io:80, err=rpc error: code = DeadlineExceeded desc = context deadline exceeded"
time="2024-05-30T07:19:31.04610583-06:00" level=warning msg="Failed to invoke video-analytics-standalone-python-30-yb0uvj0.default.192.168.1.240.sslip.io:80, err=rpc error: code = DeadlineExceeded desc = context deadline exceeded"
time="2024-05-30T07:19:36.19990975-06:00" level=warning msg="Failed to invoke video-analytics-standalone-python-30-yb0uvj0.default.192.168.1.240.sslip.io:80, err=rpc error: code = DeadlineExceeded desc = context deadline exceeded"
time="2024-05-30T07:19:41.355918862-06:00" level=warning msg="Failed to invoke video-analytics-standalone-python-30-yb0uvj0.default.192.168.1.240.sslip.io:80, err=rpc error: code = DeadlineExceeded desc = context deadline exceeded"
time="2024-05-30T07:19:46.509514864-06:00" level=warning msg="Failed to invoke video-analytics-standalone-python-30-yb0uvj0.default.192.168.1.240.sslip.io:80, err=rpc error: code = Unavailable desc = upstream request timeout"
time="2024-05-30T07:19:51.661532534-06:00" level=warning msg="Failed to invoke video-analytics-standalone-python-30-yb0uvj0.default.192.168.1.240.sslip.io:80, err=rpc error: code = Unavailable desc = upstream request timeout"
time="2024-05-30T07:19:56.81977902-06:00" level=warning msg="Failed to invoke video-analytics-standalone-python-30-yb0uvj0.default.192.168.1.240.sslip.io:80, err=rpc error: code = Unavailable desc = upstream request timeout"
time="2024-05-30T07:20:01.97278381-06:00" level=warning msg="Failed to invoke video-analytics-standalone-python-30-yb0uvj0.default.192.168.1.240.sslip.io:80, err=rpc error: code = Unavailable desc = upstream request timeout"
time="2024-05-30T07:20:07.130329225-06:00" level=warning msg="Failed to invoke video-analytics-standalone-python-30-yb0uvj0.default.192.168.1.240.sslip.io:80, err=rpc error: code = Unavailable desc = upstream request timeout"
time="2024-05-30T07:20:12.287808522-06:00" level=warning msg="Failed to invoke video-analytics-standalone-python-30-yb0uvj0.default.192.168.1.240.sslip.io:80, err=rpc error: code = Unavailable desc = upstream request timeout"
time="2024-05-30T07:20:17.443987462-06:00" level=warning msg="Failed to invoke video-analytics-standalone-python-30-yb0uvj0.default.192.168.1.240.sslip.io:80, err=rpc error: code = DeadlineExceeded desc = context deadline exceeded"
time="2024-05-30T07:20:22.603991604-06:00" level=warning msg="Failed to invoke video-analytics-standalone-python-30-yb0uvj0.default.192.168.1.240.sslip.io:80, err=rpc error: code = Unavailable desc = upstream request timeout"
time="2024-05-30T07:20:27.754611924-06:00" level=warning msg="Failed to invoke video-analytics-standalone-python-30-yb0uvj0.default.192.168.1.240.sslip.io:80, err=rpc error: code = Unavailable desc = upstream request timeout"
time="2024-05-30T07:20:32.909950689-06:00" level=warning msg="Failed to invoke video-analytics-standalone-python-30-yb0uvj0.default.192.168.1.240.sslip.io:80, err=rpc error: code = Unavailable desc = upstream request timeout"
time="2024-05-30T07:20:38.072129025-06:00" level=warning msg="Failed to invoke video-analytics-standalone-python-30-yb0uvj0.default.192.168.1.240.sslip.io:80, err=rpc error: code = Unavailable desc = upstream request timeout"
time="2024-05-30T07:20:43.221750592-06:00" level=warning msg="Failed to invoke video-analytics-standalone-python-30-yb0uvj0.default.192.168.1.240.sslip.io:80, err=rpc error: code = Unavailable desc = upstream request timeout"
time="2024-05-30T07:20:48.384255027-06:00" level=warning msg="Failed to invoke video-analytics-standalone-python-30-yb0uvj0.default.192.168.1.240.sslip.io:80, err=rpc error: code = DeadlineExceeded desc = context deadline exceeded"
time="2024-05-30T07:20:53.534844935-06:00" level=warning msg="Failed to invoke video-analytics-standalone-python-30-yb0uvj0.default.192.168.1.240.sslip.io:80, err=rpc error: code = Unavailable desc = upstream request timeout"
time="2024-05-30T07:20:58.691723763-06:00" level=warning msg="Failed to invoke video-analytics-standalone-python-30-yb0uvj0.default.192.168.1.240.sslip.io:80, err=rpc error: code = Unavailable desc = upstream request timeout"
time="2024-05-30T07:21:03.843224378-06:00" level=warning msg="Failed to invoke video-analytics-standalone-python-30-yb0uvj0.default.192.168.1.240.sslip.io:80, err=rpc error: code = Unavailable desc = upstream request timeout"
time="2024-05-30T07:21:08.998403019-06:00" level=warning msg="Failed to invoke video-analytics-standalone-python-30-yb0uvj0.default.192.168.1.240.sslip.io:80, err=rpc error: code = Unavailable desc = upstream request timeout"
time="2024-05-30T07:21:14.153446867-06:00" level=warning msg="Failed to invoke video-analytics-standalone-python-30-yb0uvj0.default.192.168.1.240.sslip.io:80, err=rpc error: code = Unavailable desc = upstream request timeout"
time="2024-05-30T07:21:19.312632303-06:00" level=warning msg="Failed to invoke video-analytics-standalone-python-30-yb0uvj0.default.192.168.1.240.sslip.io:80, err=rpc error: code = Unavailable desc = upstream request timeout"
time="2024-05-30T07:21:24.471936119-06:00" level=warning msg="Failed to invoke video-analytics-standalone-python-30-yb0uvj0.default.192.168.1.240.sslip.io:80, err=rpc error: code = DeadlineExceeded desc = context deadline exceeded"
time="2024-05-30T07:21:29.621528405-06:00" level=warning msg="Failed to invoke video-analytics-standalone-python-30-yb0uvj0.default.192.168.1.240.sslip.io:80, err=rpc error: code = Unavailable desc = upstream request timeout"
time="2024-05-30T07:21:34.777319864-06:00" level=warning msg="Failed to invoke video-analytics-standalone-python-30-yb0uvj0.default.192.168.1.240.sslip.io:80, err=rpc error: code = Unavailable desc = upstream request timeout"
time="2024-05-30T07:21:39.933617233-06:00" level=warning msg="Failed to invoke video-analytics-standalone-python-30-yb0uvj0.default.192.168.1.240.sslip.io:80, err=rpc error: code = Unavailable desc = upstream request timeout"
time="2024-05-30T07:21:45.107288159-06:00" level=warning msg="Failed to invoke video-analytics-standalone-python-30-yb0uvj0.default.192.168.1.240.sslip.io:80, err=rpc error: code = DeadlineExceeded desc = context deadline exceeded"
time="2024-05-30T07:21:50.244921168-06:00" level=warning msg="Failed to invoke video-analytics-standalone-python-30-yb0uvj0.default.192.168.1.240.sslip.io:80, err=rpc error: code = Unavailable desc = upstream request timeout"
time="2024-05-30T07:21:55.916098029-06:00" level=warning msg="Failed to invoke video-analytics-standalone-python-30-yb0uvj0.default.192.168.1.240.sslip.io:80, err=rpc error: code = Unavailable desc = upstream request timeout"
time="2024-05-30T07:22:00.55400614-06:00" level=warning msg="Failed to invoke video-analytics-standalone-python-30-yb0uvj0.default.192.168.1.240.sslip.io:80, err=rpc error: code = Unavailable desc = upstream request timeout"
time="2024-05-30T07:22:05.712547194-06:00" level=warning msg="Failed to invoke video-analytics-standalone-python-30-yb0uvj0.default.192.168.1.240.sslip.io:80, err=rpc error: code = Unavailable desc = upstream request timeout"
time="2024-05-30T07:22:10.86703634-06:00" level=warning msg="Failed to invoke video-analytics-standalone-python-30-yb0uvj0.default.192.168.1.240.sslip.io:80, err=rpc error: code = Unavailable desc = upstream request timeout"
time="2024-05-30T07:22:16.028042768-06:00" level=warning msg="Failed to invoke video-analytics-standalone-python-30-yb0uvj0.default.192.168.1.240.sslip.io:80, err=rpc error: code = Unavailable desc = upstream request timeout"
time="2024-05-30T07:22:21.180249641-06:00" level=warning msg="Failed to invoke video-analytics-standalone-python-30-yb0uvj0.default.192.168.1.240.sslip.io:80, err=rpc error: code = Unavailable desc = upstream request timeout"
time="2024-05-30T07:22:26.338907868-06:00" level=warning msg="Failed to invoke video-analytics-standalone-python-30-yb0uvj0.default.192.168.1.240.sslip.io:80, err=rpc error: code = Unavailable desc = upstream request timeout"
time="2024-05-30T07:22:31.488905374-06:00" level=warning msg="Failed to invoke video-analytics-standalone-python-30-yb0uvj0.default.192.168.1.240.sslip.io:80, err=rpc error: code = Unavailable desc = upstream request timeout"
time="2024-05-30T07:22:33.911287981-06:00" level=info msg="Issued / completed requests: 152, 30"
time="2024-05-30T07:22:33.911377655-06:00" level=info msg="Real / target RPS: 0.04 / 0.2"
time="2024-05-30T07:22:33.91139789-06:00" level=info msg="Experiment finished!"
time="2024-05-30T07:22:33.911417159-06:00" level=info msg="The measured latencies are saved in video-analytics-standalone-python-30-300/lat.txt"
time="2024-05-30T07:22:33.911640303-06:00" level=info msg="The measured function durations are saved in video-analytics-standalone-python-30-300/dur.txt"
