time="2024-05-30T01:32:08.840597995-06:00" level=debug msg="Debug logging is enabled"
time="2024-05-30T01:32:08.840741258-06:00" level=info msg="Reading the trace endpoints from the file: /users/ArunAMS/vSwarm/tools/load-generator/load.json"
time="2024-05-30T01:32:08.841900731-06:00" level=info msg="Warmup Duration: 3"
time="2024-05-30T01:32:08.841921543-06:00" level=info msg="Experiment Duration: 11"
time="2024-05-30T01:32:08.841938644-06:00" level=info msg="Minute Granularity: true"
time="2024-05-30T01:33:08.899892755-06:00" level=info msg="Running Warmup Phase"
time="2024-05-30T01:33:08.899976149-06:00" level=debug msg="Minute: 0"
time="2024-05-30T01:33:08.900054321-06:00" level=debug msg="Number of Invocations this iteration: 8"
time="2024-05-30T01:33:08.900172518-06:00" level=debug msg="Invoking: cartservice-oah7kyny8t81ifpdzn3t.default.192.168.1.240.sslip.io:80"
time="2024-05-30T01:33:16.403950668-06:00" level=debug msg="Invoking: gptj-python-3dbjxphbvt6hjb2tf5ab.default.192.168.1.240.sslip.io:80"
time="2024-05-30T01:33:23.909792631-06:00" level=debug msg="Invoking: gptj-python-3dbjxphbvt6hjb2tf5ab.default.192.168.1.240.sslip.io:80"
time="2024-05-30T01:33:31.415945205-06:00" level=debug msg="Invoking: gptj-python-3dbjxphbvt6hjb2tf5ab.default.192.168.1.240.sslip.io:80"
time="2024-05-30T01:33:38.920642758-06:00" level=debug msg="Invoking: cartservice-oah7kyny8t81ifpdzn3t.default.192.168.1.240.sslip.io:80"
time="2024-05-30T01:33:46.427900359-06:00" level=debug msg="Invoking: gptj-python-3dbjxphbvt6hjb2tf5ab.default.192.168.1.240.sslip.io:80"
time="2024-05-30T01:33:53.931940882-06:00" level=debug msg="Invoking: gptj-python-3dbjxphbvt6hjb2tf5ab.default.192.168.1.240.sslip.io:80"
time="2024-05-30T01:34:01.437945361-06:00" level=debug msg="Invoking: gptj-python-3dbjxphbvt6hjb2tf5ab.default.192.168.1.240.sslip.io:80"
time="2024-05-30T01:34:08.847860801-06:00" level=debug msg="Minute: 1"
time="2024-05-30T01:34:08.847968753-06:00" level=debug msg="Number of Invocations this iteration: 8"
time="2024-05-30T01:34:08.84805828-06:00" level=debug msg="Invoking: image-rotate-go-6-0d4p7u3210ie5e8nz429.default.192.168.1.240.sslip.io:80"
time="2024-05-30T01:34:16.351935775-06:00" level=debug msg="Invoking: gptj-python-3dbjxphbvt6hjb2tf5ab.default.192.168.1.240.sslip.io:80"
time="2024-05-30T01:34:23.852960606-06:00" level=debug msg="Invoking: gptj-python-3dbjxphbvt6hjb2tf5ab.default.192.168.1.240.sslip.io:80"
time="2024-05-30T01:34:31.359869861-06:00" level=debug msg="Invoking: gptj-python-3dbjxphbvt6hjb2tf5ab.default.192.168.1.240.sslip.io:80"
time="2024-05-30T01:34:38.863869941-06:00" level=debug msg="Invoking: cartservice-oah7kyny8t81ifpdzn3t.default.192.168.1.240.sslip.io:80"
time="2024-05-30T01:34:46.369246211-06:00" level=debug msg="Invoking: gptj-python-3dbjxphbvt6hjb2tf5ab.default.192.168.1.240.sslip.io:80"
time="2024-05-30T01:34:53.875878211-06:00" level=debug msg="Invoking: gptj-python-3dbjxphbvt6hjb2tf5ab.default.192.168.1.240.sslip.io:80"
time="2024-05-30T01:35:01.383008199-06:00" level=debug msg="Invoking: gptj-python-3dbjxphbvt6hjb2tf5ab.default.192.168.1.240.sslip.io:80"
time="2024-05-30T01:35:08.847876103-06:00" level=debug msg="Minute: 2"
time="2024-05-30T01:35:08.847982775-06:00" level=debug msg="Number of Invocations this iteration: 8"
time="2024-05-30T01:35:08.848072801-06:00" level=debug msg="Invoking: cartservice-oah7kyny8t81ifpdzn3t.default.192.168.1.240.sslip.io:80"
time="2024-05-30T01:35:16.351879444-06:00" level=debug msg="Invoking: gptj-python-3dbjxphbvt6hjb2tf5ab.default.192.168.1.240.sslip.io:80"
time="2024-05-30T01:35:23.855875271-06:00" level=debug msg="Invoking: gptj-python-3dbjxphbvt6hjb2tf5ab.default.192.168.1.240.sslip.io:80"
time="2024-05-30T01:35:31.359943847-06:00" level=debug msg="Invoking: gptj-python-3dbjxphbvt6hjb2tf5ab.default.192.168.1.240.sslip.io:80"
time="2024-05-30T01:35:38.866930389-06:00" level=debug msg="Invoking: cartservice-oah7kyny8t81ifpdzn3t.default.192.168.1.240.sslip.io:80"
time="2024-05-30T01:35:46.371895723-06:00" level=debug msg="Invoking: gptj-python-3dbjxphbvt6hjb2tf5ab.default.192.168.1.240.sslip.io:80"
time="2024-05-30T01:35:53.875887778-06:00" level=debug msg="Invoking: gptj-python-3dbjxphbvt6hjb2tf5ab.default.192.168.1.240.sslip.io:80"
time="2024-05-30T01:36:01.379932743-06:00" level=debug msg="Invoking: gptj-python-3dbjxphbvt6hjb2tf5ab.default.192.168.1.240.sslip.io:80"
time="2024-05-30T01:36:08.847926612-06:00" level=info msg="Warmup Phase Completed"
time="2024-05-30T01:36:08.848014694-06:00" level=info msg="Running Experiment Phase"
time="2024-05-30T01:36:08.848051961-06:00" level=debug msg="Minute: 3"
time="2024-05-30T01:36:08.848097883-06:00" level=debug msg="Number of Invocations this iteration: 8"
time="2024-05-30T01:36:08.848184672-06:00" level=debug msg="Invoking: cartservice-oah7kyny8t81ifpdzn3t.default.192.168.1.240.sslip.io:80"
time="2024-05-30T01:36:08.860469393-06:00" level=debug msg="Invoked cartservice-oah7kyny8t81ifpdzn3t.default.192.168.1.240.sslip.io in 12281 usec\n"
time="2024-05-30T01:36:16.353470283-06:00" level=debug msg="Invoking: gptj-python-3dbjxphbvt6hjb2tf5ab.default.192.168.1.240.sslip.io:80"
time="2024-05-30T01:36:16.363326345-06:00" level=debug msg="Invoked gptj-python-3dbjxphbvt6hjb2tf5ab.default.192.168.1.240.sslip.io in 9870 usec\n"
time="2024-05-30T01:36:23.859849251-06:00" level=debug msg="Invoking: gptj-python-3dbjxphbvt6hjb2tf5ab.default.192.168.1.240.sslip.io:80"
time="2024-05-30T01:36:23.866512678-06:00" level=debug msg="Invoked gptj-python-3dbjxphbvt6hjb2tf5ab.default.192.168.1.240.sslip.io in 6672 usec\n"
time="2024-05-30T01:36:31.363956608-06:00" level=debug msg="Invoking: gptj-python-3dbjxphbvt6hjb2tf5ab.default.192.168.1.240.sslip.io:80"
time="2024-05-30T01:36:31.375007132-06:00" level=debug msg="Invoked gptj-python-3dbjxphbvt6hjb2tf5ab.default.192.168.1.240.sslip.io in 11061 usec\n"
time="2024-05-30T01:36:38.868556512-06:00" level=debug msg="Invoking: cartservice-oah7kyny8t81ifpdzn3t.default.192.168.1.240.sslip.io:80"
time="2024-05-30T01:36:38.89003611-06:00" level=debug msg="Invoked cartservice-oah7kyny8t81ifpdzn3t.default.192.168.1.240.sslip.io in 22262 usec\n"
time="2024-05-30T01:36:46.372350928-06:00" level=debug msg="Invoking: gptj-python-3dbjxphbvt6hjb2tf5ab.default.192.168.1.240.sslip.io:80"
time="2024-05-30T01:36:46.384465178-06:00" level=debug msg="Invoked gptj-python-3dbjxphbvt6hjb2tf5ab.default.192.168.1.240.sslip.io in 12129 usec\n"
time="2024-05-30T01:36:53.875861816-06:00" level=debug msg="Invoking: gptj-python-3dbjxphbvt6hjb2tf5ab.default.192.168.1.240.sslip.io:80"
time="2024-05-30T01:36:53.886881246-06:00" level=debug msg="Invoked gptj-python-3dbjxphbvt6hjb2tf5ab.default.192.168.1.240.sslip.io in 11031 usec\n"
time="2024-05-30T01:37:01.380990463-06:00" level=debug msg="Invoking: gptj-python-3dbjxphbvt6hjb2tf5ab.default.192.168.1.240.sslip.io:80"
time="2024-05-30T01:37:01.391698888-06:00" level=debug msg="Invoked gptj-python-3dbjxphbvt6hjb2tf5ab.default.192.168.1.240.sslip.io in 10721 usec\n"
time="2024-05-30T01:37:08.847877854-06:00" level=debug msg="Minute: 4"
time="2024-05-30T01:37:08.847982816-06:00" level=debug msg="Number of Invocations this iteration: 8"
time="2024-05-30T01:37:08.848080391-06:00" level=debug msg="Invoking: rnn-serving-python-10-10-am8mhg6kc5nberqjzl0l.default.192.168.1.240.sslip.io:80"
time="2024-05-30T01:37:16.35196854-06:00" level=debug msg="Invoking: gptj-python-3dbjxphbvt6hjb2tf5ab.default.192.168.1.240.sslip.io:80"
time="2024-05-30T01:37:16.362472109-06:00" level=debug msg="Invoked gptj-python-3dbjxphbvt6hjb2tf5ab.default.192.168.1.240.sslip.io in 10517 usec\n"
time="2024-05-30T01:37:19.366015741-06:00" level=debug msg="Invoked rnn-serving-python-10-10-am8mhg6kc5nberqjzl0l.default.192.168.1.240.sslip.io in 10517934 usec\n"
time="2024-05-30T01:37:23.855890572-06:00" level=debug msg="Invoking: gptj-python-3dbjxphbvt6hjb2tf5ab.default.192.168.1.240.sslip.io:80"
time="2024-05-30T01:37:23.866938535-06:00" level=debug msg="Invoked gptj-python-3dbjxphbvt6hjb2tf5ab.default.192.168.1.240.sslip.io in 11059 usec\n"
time="2024-05-30T01:37:31.35999771-06:00" level=debug msg="Invoking: gptj-python-3dbjxphbvt6hjb2tf5ab.default.192.168.1.240.sslip.io:80"
time="2024-05-30T01:37:31.37056767-06:00" level=debug msg="Invoked gptj-python-3dbjxphbvt6hjb2tf5ab.default.192.168.1.240.sslip.io in 10607 usec\n"
time="2024-05-30T01:37:38.863945994-06:00" level=debug msg="Invoking: cartservice-oah7kyny8t81ifpdzn3t.default.192.168.1.240.sslip.io:80"
time="2024-05-30T01:37:38.876845267-06:00" level=debug msg="Invoked cartservice-oah7kyny8t81ifpdzn3t.default.192.168.1.240.sslip.io in 12909 usec\n"
time="2024-05-30T01:37:46.371296433-06:00" level=debug msg="Invoking: gptj-python-3dbjxphbvt6hjb2tf5ab.default.192.168.1.240.sslip.io:80"
time="2024-05-30T01:37:46.381827218-06:00" level=debug msg="Invoked gptj-python-3dbjxphbvt6hjb2tf5ab.default.192.168.1.240.sslip.io in 10539 usec\n"
time="2024-05-30T01:37:53.875884249-06:00" level=debug msg="Invoking: gptj-python-3dbjxphbvt6hjb2tf5ab.default.192.168.1.240.sslip.io:80"
time="2024-05-30T01:37:53.885613362-06:00" level=debug msg="Invoked gptj-python-3dbjxphbvt6hjb2tf5ab.default.192.168.1.240.sslip.io in 9740 usec\n"
time="2024-05-30T01:38:01.382063576-06:00" level=debug msg="Invoking: gptj-python-3dbjxphbvt6hjb2tf5ab.default.192.168.1.240.sslip.io:80"
time="2024-05-30T01:38:01.392435273-06:00" level=debug msg="Invoked gptj-python-3dbjxphbvt6hjb2tf5ab.default.192.168.1.240.sslip.io in 10379 usec\n"
time="2024-05-30T01:38:08.84786336-06:00" level=debug msg="Minute: 5"
time="2024-05-30T01:38:08.847976211-06:00" level=debug msg="Number of Invocations this iteration: 8"
time="2024-05-30T01:38:08.848065498-06:00" level=debug msg="Invoking: cartservice-oah7kyny8t81ifpdzn3t.default.192.168.1.240.sslip.io:80"
time="2024-05-30T01:38:08.859449683-06:00" level=debug msg="Invoked cartservice-oah7kyny8t81ifpdzn3t.default.192.168.1.240.sslip.io in 11360 usec\n"
time="2024-05-30T01:38:16.351960744-06:00" level=debug msg="Invoking: gptj-python-3dbjxphbvt6hjb2tf5ab.default.192.168.1.240.sslip.io:80"
time="2024-05-30T01:38:16.361981869-06:00" level=debug msg="Invoked gptj-python-3dbjxphbvt6hjb2tf5ab.default.192.168.1.240.sslip.io in 10031 usec\n"
time="2024-05-30T01:38:23.855866803-06:00" level=debug msg="Invoking: gptj-python-3dbjxphbvt6hjb2tf5ab.default.192.168.1.240.sslip.io:80"
time="2024-05-30T01:38:23.866775604-06:00" level=debug msg="Invoked gptj-python-3dbjxphbvt6hjb2tf5ab.default.192.168.1.240.sslip.io in 10920 usec\n"
time="2024-05-30T01:38:31.35995739-06:00" level=debug msg="Invoking: gptj-python-3dbjxphbvt6hjb2tf5ab.default.192.168.1.240.sslip.io:80"
time="2024-05-30T01:38:31.370896225-06:00" level=debug msg="Invoked gptj-python-3dbjxphbvt6hjb2tf5ab.default.192.168.1.240.sslip.io in 10950 usec\n"
time="2024-05-30T01:38:38.863863005-06:00" level=debug msg="Invoking: cartservice-oah7kyny8t81ifpdzn3t.default.192.168.1.240.sslip.io:80"
time="2024-05-30T01:38:38.877179115-06:00" level=debug msg="Invoked cartservice-oah7kyny8t81ifpdzn3t.default.192.168.1.240.sslip.io in 13301 usec\n"
time="2024-05-30T01:38:46.367902971-06:00" level=debug msg="Invoking: gptj-python-3dbjxphbvt6hjb2tf5ab.default.192.168.1.240.sslip.io:80"
time="2024-05-30T01:38:46.378967189-06:00" level=debug msg="Invoked gptj-python-3dbjxphbvt6hjb2tf5ab.default.192.168.1.240.sslip.io in 11070 usec\n"
time="2024-05-30T01:38:53.871974602-06:00" level=debug msg="Invoking: gptj-python-3dbjxphbvt6hjb2tf5ab.default.192.168.1.240.sslip.io:80"
time="2024-05-30T01:38:53.88086547-06:00" level=debug msg="Invoked gptj-python-3dbjxphbvt6hjb2tf5ab.default.192.168.1.240.sslip.io in 8895 usec\n"
time="2024-05-30T01:39:01.376756391-06:00" level=debug msg="Invoking: gptj-python-3dbjxphbvt6hjb2tf5ab.default.192.168.1.240.sslip.io:80"
time="2024-05-30T01:39:01.387223619-06:00" level=debug msg="Invoked gptj-python-3dbjxphbvt6hjb2tf5ab.default.192.168.1.240.sslip.io in 10479 usec\n"
time="2024-05-30T01:39:08.848251696-06:00" level=debug msg="Minute: 6"
time="2024-05-30T01:39:08.848348503-06:00" level=debug msg="Number of Invocations this iteration: 8"
time="2024-05-30T01:39:08.848426831-06:00" level=debug msg="Invoking: image-rotate-go-6-0d4p7u3210ie5e8nz429.default.192.168.1.240.sslip.io:80"
time="2024-05-30T01:39:16.168445024-06:00" level=debug msg="Invoked image-rotate-go-6-0d4p7u3210ie5e8nz429.default.192.168.1.240.sslip.io in 7320016 usec\n"
time="2024-05-30T01:39:16.348487081-06:00" level=debug msg="Invoking: gptj-python-3dbjxphbvt6hjb2tf5ab.default.192.168.1.240.sslip.io:80"
time="2024-05-30T01:39:16.358493445-06:00" level=debug msg="Invoked gptj-python-3dbjxphbvt6hjb2tf5ab.default.192.168.1.240.sslip.io in 10018 usec\n"
time="2024-05-30T01:39:23.85193386-06:00" level=debug msg="Invoking: gptj-python-3dbjxphbvt6hjb2tf5ab.default.192.168.1.240.sslip.io:80"
time="2024-05-30T01:39:23.862916277-06:00" level=debug msg="Invoked gptj-python-3dbjxphbvt6hjb2tf5ab.default.192.168.1.240.sslip.io in 10993 usec\n"
time="2024-05-30T01:39:31.355938961-06:00" level=debug msg="Invoking: gptj-python-3dbjxphbvt6hjb2tf5ab.default.192.168.1.240.sslip.io:80"
time="2024-05-30T01:39:31.366474478-06:00" level=debug msg="Invoked gptj-python-3dbjxphbvt6hjb2tf5ab.default.192.168.1.240.sslip.io in 10547 usec\n"
time="2024-05-30T01:39:38.859897299-06:00" level=debug msg="Invoking: cartservice-oah7kyny8t81ifpdzn3t.default.192.168.1.240.sslip.io:80"
time="2024-05-30T01:39:38.873854245-06:00" level=debug msg="Invoked cartservice-oah7kyny8t81ifpdzn3t.default.192.168.1.240.sslip.io in 13972 usec\n"
time="2024-05-30T01:39:46.364107018-06:00" level=debug msg="Invoking: gptj-python-3dbjxphbvt6hjb2tf5ab.default.192.168.1.240.sslip.io:80"
time="2024-05-30T01:39:46.373966993-06:00" level=debug msg="Invoked gptj-python-3dbjxphbvt6hjb2tf5ab.default.192.168.1.240.sslip.io in 9868 usec\n"
time="2024-05-30T01:39:53.867888795-06:00" level=debug msg="Invoking: gptj-python-3dbjxphbvt6hjb2tf5ab.default.192.168.1.240.sslip.io:80"
time="2024-05-30T01:39:53.878620484-06:00" level=debug msg="Invoked gptj-python-3dbjxphbvt6hjb2tf5ab.default.192.168.1.240.sslip.io in 10743 usec\n"
time="2024-05-30T01:40:01.372790669-06:00" level=debug msg="Invoking: gptj-python-3dbjxphbvt6hjb2tf5ab.default.192.168.1.240.sslip.io:80"
time="2024-05-30T01:40:01.383407007-06:00" level=debug msg="Invoked gptj-python-3dbjxphbvt6hjb2tf5ab.default.192.168.1.240.sslip.io in 10626 usec\n"
time="2024-05-30T01:40:08.847850462-06:00" level=debug msg="Minute: 7"
time="2024-05-30T01:40:08.847953531-06:00" level=debug msg="Number of Invocations this iteration: 8"
time="2024-05-30T01:40:08.848048511-06:00" level=debug msg="Invoking: cartservice-oah7kyny8t81ifpdzn3t.default.192.168.1.240.sslip.io:80"
time="2024-05-30T01:40:08.866076526-06:00" level=debug msg="Invoked cartservice-oah7kyny8t81ifpdzn3t.default.192.168.1.240.sslip.io in 18024 usec\n"
time="2024-05-30T01:40:16.351872074-06:00" level=debug msg="Invoking: gptj-python-3dbjxphbvt6hjb2tf5ab.default.192.168.1.240.sslip.io:80"
time="2024-05-30T01:40:16.362250314-06:00" level=debug msg="Invoked gptj-python-3dbjxphbvt6hjb2tf5ab.default.192.168.1.240.sslip.io in 10387 usec\n"
time="2024-05-30T01:40:23.856836185-06:00" level=debug msg="Invoking: gptj-python-3dbjxphbvt6hjb2tf5ab.default.192.168.1.240.sslip.io:80"
time="2024-05-30T01:40:23.865640352-06:00" level=debug msg="Invoked gptj-python-3dbjxphbvt6hjb2tf5ab.default.192.168.1.240.sslip.io in 8813 usec\n"
time="2024-05-30T01:40:31.36390902-06:00" level=debug msg="Invoking: gptj-python-3dbjxphbvt6hjb2tf5ab.default.192.168.1.240.sslip.io:80"
time="2024-05-30T01:40:31.373695594-06:00" level=debug msg="Invoked gptj-python-3dbjxphbvt6hjb2tf5ab.default.192.168.1.240.sslip.io in 9810 usec\n"
time="2024-05-30T01:40:38.868912347-06:00" level=debug msg="Invoking: cartservice-oah7kyny8t81ifpdzn3t.default.192.168.1.240.sslip.io:80"
time="2024-05-30T01:40:38.883063493-06:00" level=debug msg="Invoked cartservice-oah7kyny8t81ifpdzn3t.default.192.168.1.240.sslip.io in 14148 usec\n"
time="2024-05-30T01:40:46.371968613-06:00" level=debug msg="Invoking: gptj-python-3dbjxphbvt6hjb2tf5ab.default.192.168.1.240.sslip.io:80"
time="2024-05-30T01:40:46.382827608-06:00" level=debug msg="Invoked gptj-python-3dbjxphbvt6hjb2tf5ab.default.192.168.1.240.sslip.io in 10875 usec\n"
time="2024-05-30T01:40:53.875869582-06:00" level=debug msg="Invoking: gptj-python-3dbjxphbvt6hjb2tf5ab.default.192.168.1.240.sslip.io:80"
time="2024-05-30T01:40:53.886326113-06:00" level=debug msg="Invoked gptj-python-3dbjxphbvt6hjb2tf5ab.default.192.168.1.240.sslip.io in 10469 usec\n"
time="2024-05-30T01:41:01.380711818-06:00" level=debug msg="Invoking: gptj-python-3dbjxphbvt6hjb2tf5ab.default.192.168.1.240.sslip.io:80"
time="2024-05-30T01:41:01.390980037-06:00" level=debug msg="Invoked gptj-python-3dbjxphbvt6hjb2tf5ab.default.192.168.1.240.sslip.io in 10278 usec\n"
time="2024-05-30T01:41:08.847925616-06:00" level=debug msg="Minute: 8"
time="2024-05-30T01:41:08.848072625-06:00" level=debug msg="Number of Invocations this iteration: 8"
time="2024-05-30T01:41:08.848162129-06:00" level=debug msg="Invoking: cartservice-oah7kyny8t81ifpdzn3t.default.192.168.1.240.sslip.io:80"
time="2024-05-30T01:41:08.861343107-06:00" level=debug msg="Invoked cartservice-oah7kyny8t81ifpdzn3t.default.192.168.1.240.sslip.io in 13179 usec\n"
time="2024-05-30T01:41:16.35567022-06:00" level=debug msg="Invoking: gptj-python-3dbjxphbvt6hjb2tf5ab.default.192.168.1.240.sslip.io:80"
time="2024-05-30T01:41:16.366467265-06:00" level=debug msg="Invoked gptj-python-3dbjxphbvt6hjb2tf5ab.default.192.168.1.240.sslip.io in 10809 usec\n"
time="2024-05-30T01:41:23.859891757-06:00" level=debug msg="Invoking: gptj-python-3dbjxphbvt6hjb2tf5ab.default.192.168.1.240.sslip.io:80"
time="2024-05-30T01:41:23.869978841-06:00" level=debug msg="Invoked gptj-python-3dbjxphbvt6hjb2tf5ab.default.192.168.1.240.sslip.io in 10094 usec\n"
time="2024-05-30T01:41:31.363942016-06:00" level=debug msg="Invoking: gptj-python-3dbjxphbvt6hjb2tf5ab.default.192.168.1.240.sslip.io:80"
time="2024-05-30T01:41:31.374095145-06:00" level=debug msg="Invoked gptj-python-3dbjxphbvt6hjb2tf5ab.default.192.168.1.240.sslip.io in 10163 usec\n"
time="2024-05-30T01:41:38.867868347-06:00" level=debug msg="Invoking: cartservice-oah7kyny8t81ifpdzn3t.default.192.168.1.240.sslip.io:80"
time="2024-05-30T01:41:38.881190115-06:00" level=debug msg="Invoked cartservice-oah7kyny8t81ifpdzn3t.default.192.168.1.240.sslip.io in 13333 usec\n"
time="2024-05-30T01:41:46.372898794-06:00" level=debug msg="Invoking: gptj-python-3dbjxphbvt6hjb2tf5ab.default.192.168.1.240.sslip.io:80"
time="2024-05-30T01:41:46.383358835-06:00" level=debug msg="Invoked gptj-python-3dbjxphbvt6hjb2tf5ab.default.192.168.1.240.sslip.io in 10470 usec\n"
time="2024-05-30T01:41:53.875915533-06:00" level=debug msg="Invoking: gptj-python-3dbjxphbvt6hjb2tf5ab.default.192.168.1.240.sslip.io:80"
time="2024-05-30T01:41:53.885726878-06:00" level=debug msg="Invoked gptj-python-3dbjxphbvt6hjb2tf5ab.default.192.168.1.240.sslip.io in 9846 usec\n"
time="2024-05-30T01:42:01.380883642-06:00" level=debug msg="Invoking: gptj-python-3dbjxphbvt6hjb2tf5ab.default.192.168.1.240.sslip.io:80"
time="2024-05-30T01:42:01.39131316-06:00" level=debug msg="Invoked gptj-python-3dbjxphbvt6hjb2tf5ab.default.192.168.1.240.sslip.io in 10435 usec\n"
time="2024-05-30T01:42:08.847847863-06:00" level=debug msg="Minute: 9"
time="2024-05-30T01:42:08.847936621-06:00" level=debug msg="Number of Invocations this iteration: 8"
time="2024-05-30T01:42:08.848012172-06:00" level=debug msg="Invoking: cartservice-oah7kyny8t81ifpdzn3t.default.192.168.1.240.sslip.io:80"
time="2024-05-30T01:42:08.859689447-06:00" level=debug msg="Invoked cartservice-oah7kyny8t81ifpdzn3t.default.192.168.1.240.sslip.io in 11675 usec\n"
time="2024-05-30T01:42:16.351918357-06:00" level=debug msg="Invoking: gptj-python-3dbjxphbvt6hjb2tf5ab.default.192.168.1.240.sslip.io:80"
time="2024-05-30T01:42:16.361790459-06:00" level=debug msg="Invoked gptj-python-3dbjxphbvt6hjb2tf5ab.default.192.168.1.240.sslip.io in 9908 usec\n"
time="2024-05-30T01:42:23.858350864-06:00" level=debug msg="Invoking: gptj-python-3dbjxphbvt6hjb2tf5ab.default.192.168.1.240.sslip.io:80"
time="2024-05-30T01:42:23.870803685-06:00" level=debug msg="Invoked gptj-python-3dbjxphbvt6hjb2tf5ab.default.192.168.1.240.sslip.io in 12461 usec\n"
time="2024-05-30T01:42:31.363968007-06:00" level=debug msg="Invoking: gptj-python-3dbjxphbvt6hjb2tf5ab.default.192.168.1.240.sslip.io:80"
time="2024-05-30T01:42:31.375134135-06:00" level=debug msg="Invoked gptj-python-3dbjxphbvt6hjb2tf5ab.default.192.168.1.240.sslip.io in 11178 usec\n"
time="2024-05-30T01:42:38.867903709-06:00" level=debug msg="Invoking: cartservice-oah7kyny8t81ifpdzn3t.default.192.168.1.240.sslip.io:80"
time="2024-05-30T01:42:38.879804952-06:00" level=debug msg="Invoked cartservice-oah7kyny8t81ifpdzn3t.default.192.168.1.240.sslip.io in 11921 usec\n"
time="2024-05-30T01:42:46.368710832-06:00" level=debug msg="Invoking: gptj-python-3dbjxphbvt6hjb2tf5ab.default.192.168.1.240.sslip.io:80"
time="2024-05-30T01:42:46.382711277-06:00" level=debug msg="Invoked gptj-python-3dbjxphbvt6hjb2tf5ab.default.192.168.1.240.sslip.io in 14231 usec\n"
time="2024-05-30T01:42:53.871865073-06:00" level=debug msg="Invoking: gptj-python-3dbjxphbvt6hjb2tf5ab.default.192.168.1.240.sslip.io:80"
time="2024-05-30T01:42:53.881872838-06:00" level=debug msg="Invoked gptj-python-3dbjxphbvt6hjb2tf5ab.default.192.168.1.240.sslip.io in 9987 usec\n"
time="2024-05-30T01:43:01.377782581-06:00" level=debug msg="Invoking: gptj-python-3dbjxphbvt6hjb2tf5ab.default.192.168.1.240.sslip.io:80"
time="2024-05-30T01:43:01.38824364-06:00" level=debug msg="Invoked gptj-python-3dbjxphbvt6hjb2tf5ab.default.192.168.1.240.sslip.io in 10471 usec\n"
time="2024-05-30T01:43:08.849507267-06:00" level=debug msg="Minute: 10"
time="2024-05-30T01:43:08.849647841-06:00" level=debug msg="Number of Invocations this iteration: 8"
time="2024-05-30T01:43:08.849730128-06:00" level=debug msg="Invoking: rnn-serving-python-10-10-am8mhg6kc5nberqjzl0l.default.192.168.1.240.sslip.io:80"
time="2024-05-30T01:43:16.35615036-06:00" level=debug msg="Invoking: gptj-python-3dbjxphbvt6hjb2tf5ab.default.192.168.1.240.sslip.io:80"
time="2024-05-30T01:43:16.368905415-06:00" level=debug msg="Invoked gptj-python-3dbjxphbvt6hjb2tf5ab.default.192.168.1.240.sslip.io in 12766 usec\n"
time="2024-05-30T01:43:18.273900994-06:00" level=debug msg="Invoked rnn-serving-python-10-10-am8mhg6kc5nberqjzl0l.default.192.168.1.240.sslip.io in 9424168 usec\n"
time="2024-05-30T01:43:23.85989588-06:00" level=debug msg="Invoking: gptj-python-3dbjxphbvt6hjb2tf5ab.default.192.168.1.240.sslip.io:80"
time="2024-05-30T01:43:23.868909108-06:00" level=debug msg="Invoked gptj-python-3dbjxphbvt6hjb2tf5ab.default.192.168.1.240.sslip.io in 9016 usec\n"
time="2024-05-30T01:43:31.364405407-06:00" level=debug msg="Invoking: gptj-python-3dbjxphbvt6hjb2tf5ab.default.192.168.1.240.sslip.io:80"
time="2024-05-30T01:43:31.376567123-06:00" level=debug msg="Invoked gptj-python-3dbjxphbvt6hjb2tf5ab.default.192.168.1.240.sslip.io in 12171 usec\n"
time="2024-05-30T01:43:38.86788227-06:00" level=debug msg="Invoking: cartservice-oah7kyny8t81ifpdzn3t.default.192.168.1.240.sslip.io:80"
time="2024-05-30T01:43:38.880587349-06:00" level=debug msg="Invoked cartservice-oah7kyny8t81ifpdzn3t.default.192.168.1.240.sslip.io in 12718 usec\n"
time="2024-05-30T01:43:46.371937808-06:00" level=debug msg="Invoking: gptj-python-3dbjxphbvt6hjb2tf5ab.default.192.168.1.240.sslip.io:80"
time="2024-05-30T01:43:46.3822009-06:00" level=debug msg="Invoked gptj-python-3dbjxphbvt6hjb2tf5ab.default.192.168.1.240.sslip.io in 10273 usec\n"
time="2024-05-30T01:43:53.875870343-06:00" level=debug msg="Invoking: gptj-python-3dbjxphbvt6hjb2tf5ab.default.192.168.1.240.sslip.io:80"
time="2024-05-30T01:43:53.887005012-06:00" level=debug msg="Invoked gptj-python-3dbjxphbvt6hjb2tf5ab.default.192.168.1.240.sslip.io in 11146 usec\n"
time="2024-05-30T01:44:01.383316056-06:00" level=debug msg="Invoking: gptj-python-3dbjxphbvt6hjb2tf5ab.default.192.168.1.240.sslip.io:80"
time="2024-05-30T01:44:01.393674102-06:00" level=debug msg="Invoked gptj-python-3dbjxphbvt6hjb2tf5ab.default.192.168.1.240.sslip.io in 10369 usec\n"
time="2024-05-30T01:44:08.847924809-06:00" level=debug msg="Minute: 11"
time="2024-05-30T01:44:08.848032997-06:00" level=debug msg="Number of Invocations this iteration: 8"
time="2024-05-30T01:44:08.848140782-06:00" level=debug msg="Invoking: image-rotate-go-6-0d4p7u3210ie5e8nz429.default.192.168.1.240.sslip.io:80"
time="2024-05-30T01:44:16.157083898-06:00" level=debug msg="Invoked image-rotate-go-6-0d4p7u3210ie5e8nz429.default.192.168.1.240.sslip.io in 7308941 usec\n"
time="2024-05-30T01:44:16.349098772-06:00" level=debug msg="Invoking: gptj-python-3dbjxphbvt6hjb2tf5ab.default.192.168.1.240.sslip.io:80"
time="2024-05-30T01:44:16.359227099-06:00" level=debug msg="Invoked gptj-python-3dbjxphbvt6hjb2tf5ab.default.192.168.1.240.sslip.io in 10140 usec\n"
time="2024-05-30T01:44:23.855875529-06:00" level=debug msg="Invoking: gptj-python-3dbjxphbvt6hjb2tf5ab.default.192.168.1.240.sslip.io:80"
time="2024-05-30T01:44:23.865800342-06:00" level=debug msg="Invoked gptj-python-3dbjxphbvt6hjb2tf5ab.default.192.168.1.240.sslip.io in 9933 usec\n"
time="2024-05-30T01:44:31.360568802-06:00" level=debug msg="Invoking: gptj-python-3dbjxphbvt6hjb2tf5ab.default.192.168.1.240.sslip.io:80"
time="2024-05-30T01:44:31.370786114-06:00" level=debug msg="Invoked gptj-python-3dbjxphbvt6hjb2tf5ab.default.192.168.1.240.sslip.io in 10229 usec\n"
time="2024-05-30T01:44:38.867862117-06:00" level=debug msg="Invoking: cartservice-oah7kyny8t81ifpdzn3t.default.192.168.1.240.sslip.io:80"
time="2024-05-30T01:44:38.878504248-06:00" level=debug msg="Invoked cartservice-oah7kyny8t81ifpdzn3t.default.192.168.1.240.sslip.io in 10631 usec\n"
time="2024-05-30T01:44:46.369696212-06:00" level=debug msg="Invoking: gptj-python-3dbjxphbvt6hjb2tf5ab.default.192.168.1.240.sslip.io:80"
time="2024-05-30T01:44:46.380954347-06:00" level=debug msg="Invoked gptj-python-3dbjxphbvt6hjb2tf5ab.default.192.168.1.240.sslip.io in 11322 usec\n"
time="2024-05-30T01:44:53.875882862-06:00" level=debug msg="Invoking: gptj-python-3dbjxphbvt6hjb2tf5ab.default.192.168.1.240.sslip.io:80"
time="2024-05-30T01:44:53.887724237-06:00" level=debug msg="Invoked gptj-python-3dbjxphbvt6hjb2tf5ab.default.192.168.1.240.sslip.io in 11849 usec\n"
time="2024-05-30T01:45:01.379963586-06:00" level=debug msg="Invoking: gptj-python-3dbjxphbvt6hjb2tf5ab.default.192.168.1.240.sslip.io:80"
time="2024-05-30T01:45:01.389283681-06:00" level=debug msg="Invoked gptj-python-3dbjxphbvt6hjb2tf5ab.default.192.168.1.240.sslip.io in 9338 usec\n"
time="2024-05-30T01:45:08.847937464-06:00" level=debug msg="Minute: 12"
time="2024-05-30T01:45:08.848090742-06:00" level=debug msg="Number of Invocations this iteration: 8"
time="2024-05-30T01:45:08.848177896-06:00" level=debug msg="Invoking: cartservice-oah7kyny8t81ifpdzn3t.default.192.168.1.240.sslip.io:80"
time="2024-05-30T01:45:08.863921959-06:00" level=debug msg="Invoked cartservice-oah7kyny8t81ifpdzn3t.default.192.168.1.240.sslip.io in 15739 usec\n"
time="2024-05-30T01:45:16.3519425-06:00" level=debug msg="Invoking: gptj-python-3dbjxphbvt6hjb2tf5ab.default.192.168.1.240.sslip.io:80"
time="2024-05-30T01:45:16.36273912-06:00" level=debug msg="Invoked gptj-python-3dbjxphbvt6hjb2tf5ab.default.192.168.1.240.sslip.io in 10807 usec\n"
time="2024-05-30T01:45:23.858763129-06:00" level=debug msg="Invoking: gptj-python-3dbjxphbvt6hjb2tf5ab.default.192.168.1.240.sslip.io:80"
time="2024-05-30T01:45:23.869244572-06:00" level=debug msg="Invoked gptj-python-3dbjxphbvt6hjb2tf5ab.default.192.168.1.240.sslip.io in 10492 usec\n"
time="2024-05-30T01:45:31.363934894-06:00" level=debug msg="Invoking: gptj-python-3dbjxphbvt6hjb2tf5ab.default.192.168.1.240.sslip.io:80"
time="2024-05-30T01:45:31.37420551-06:00" level=debug msg="Invoked gptj-python-3dbjxphbvt6hjb2tf5ab.default.192.168.1.240.sslip.io in 10281 usec\n"
time="2024-05-30T01:45:38.867876141-06:00" level=debug msg="Invoking: cartservice-oah7kyny8t81ifpdzn3t.default.192.168.1.240.sslip.io:80"
time="2024-05-30T01:45:38.879366001-06:00" level=debug msg="Invoked cartservice-oah7kyny8t81ifpdzn3t.default.192.168.1.240.sslip.io in 11501 usec\n"
time="2024-05-30T01:45:46.372015149-06:00" level=debug msg="Invoking: gptj-python-3dbjxphbvt6hjb2tf5ab.default.192.168.1.240.sslip.io:80"
time="2024-05-30T01:45:46.383341921-06:00" level=debug msg="Invoked gptj-python-3dbjxphbvt6hjb2tf5ab.default.192.168.1.240.sslip.io in 11334 usec\n"
time="2024-05-30T01:45:53.875940554-06:00" level=debug msg="Invoking: gptj-python-3dbjxphbvt6hjb2tf5ab.default.192.168.1.240.sslip.io:80"
time="2024-05-30T01:45:53.886059064-06:00" level=debug msg="Invoked gptj-python-3dbjxphbvt6hjb2tf5ab.default.192.168.1.240.sslip.io in 10129 usec\n"
time="2024-05-30T01:46:01.383402214-06:00" level=debug msg="Invoking: gptj-python-3dbjxphbvt6hjb2tf5ab.default.192.168.1.240.sslip.io:80"
time="2024-05-30T01:46:01.394101532-06:00" level=debug msg="Invoked gptj-python-3dbjxphbvt6hjb2tf5ab.default.192.168.1.240.sslip.io in 10711 usec\n"
time="2024-05-30T01:46:08.847911304-06:00" level=debug msg="Minute: 13"
time="2024-05-30T01:46:08.848013373-06:00" level=debug msg="Number of Invocations this iteration: 8"
time="2024-05-30T01:46:08.848097974-06:00" level=debug msg="Invoking: cartservice-oah7kyny8t81ifpdzn3t.default.192.168.1.240.sslip.io:80"
time="2024-05-30T01:46:08.860257453-06:00" level=debug msg="Invoked cartservice-oah7kyny8t81ifpdzn3t.default.192.168.1.240.sslip.io in 12156 usec\n"
time="2024-05-30T01:46:16.351903739-06:00" level=debug msg="Invoking: gptj-python-3dbjxphbvt6hjb2tf5ab.default.192.168.1.240.sslip.io:80"
time="2024-05-30T01:46:16.361307847-06:00" level=debug msg="Invoked gptj-python-3dbjxphbvt6hjb2tf5ab.default.192.168.1.240.sslip.io in 9413 usec\n"
time="2024-05-30T01:46:23.856574004-06:00" level=debug msg="Invoking: gptj-python-3dbjxphbvt6hjb2tf5ab.default.192.168.1.240.sslip.io:80"
time="2024-05-30T01:46:23.867111175-06:00" level=debug msg="Invoked gptj-python-3dbjxphbvt6hjb2tf5ab.default.192.168.1.240.sslip.io in 10547 usec\n"
time="2024-05-30T01:46:31.359985207-06:00" level=debug msg="Invoking: gptj-python-3dbjxphbvt6hjb2tf5ab.default.192.168.1.240.sslip.io:80"
time="2024-05-30T01:46:31.370129285-06:00" level=debug msg="Invoked gptj-python-3dbjxphbvt6hjb2tf5ab.default.192.168.1.240.sslip.io in 10180 usec\n"
time="2024-05-30T01:46:38.864942897-06:00" level=debug msg="Invoking: cartservice-oah7kyny8t81ifpdzn3t.default.192.168.1.240.sslip.io:80"
time="2024-05-30T01:46:38.877306577-06:00" level=debug msg="Invoked cartservice-oah7kyny8t81ifpdzn3t.default.192.168.1.240.sslip.io in 12376 usec\n"
time="2024-05-30T01:46:46.367946197-06:00" level=debug msg="Invoking: gptj-python-3dbjxphbvt6hjb2tf5ab.default.192.168.1.240.sslip.io:80"
time="2024-05-30T01:46:46.379685254-06:00" level=debug msg="Invoked gptj-python-3dbjxphbvt6hjb2tf5ab.default.192.168.1.240.sslip.io in 11741 usec\n"
time="2024-05-30T01:46:53.873011051-06:00" level=debug msg="Invoking: gptj-python-3dbjxphbvt6hjb2tf5ab.default.192.168.1.240.sslip.io:80"
time="2024-05-30T01:46:53.883768833-06:00" level=debug msg="Invoked gptj-python-3dbjxphbvt6hjb2tf5ab.default.192.168.1.240.sslip.io in 10816 usec\n"
time="2024-05-30T01:47:01.379946479-06:00" level=debug msg="Invoking: gptj-python-3dbjxphbvt6hjb2tf5ab.default.192.168.1.240.sslip.io:80"
time="2024-05-30T01:47:01.389957772-06:00" level=debug msg="Invoked gptj-python-3dbjxphbvt6hjb2tf5ab.default.192.168.1.240.sslip.io in 10022 usec\n"
time="2024-05-30T01:47:08.847935706-06:00" level=info msg="Experiment Phase Completed"
time="2024-05-30T01:47:08.848071071-06:00" level=info msg="Issued / completed requests: 112, 112"
time="2024-05-30T01:47:08.848107398-06:00" level=info msg="Average Real RPS: 0.13 "
time="2024-05-30T01:47:08.848134497-06:00" level=info msg="Experiment finished!"
time="2024-05-30T01:47:08.848161574-06:00" level=info msg="The measured latencies are saved in rps_lat.csv"
