time="2024-05-30T02:49:40.88465091-06:00" level=debug msg="Debug logging is enabled"
time="2024-05-30T02:49:40.884797991-06:00" level=info msg="Reading the trace endpoints from the file: /users/ArunAMS/vSwarm/tools/load-generator/load.json"
time="2024-05-30T02:49:40.885936344-06:00" level=info msg="Warmup Duration: 3"
time="2024-05-30T02:49:40.885957983-06:00" level=info msg="Experiment Duration: 11"
time="2024-05-30T02:49:40.885974503-06:00" level=info msg="Minute Granularity: true"
time="2024-05-30T02:50:40.943827424-06:00" level=info msg="Running Warmup Phase"
time="2024-05-30T02:50:40.943885154-06:00" level=debug msg="Minute: 0"
time="2024-05-30T02:50:40.94394467-06:00" level=debug msg="Number of Invocations this iteration: 8"
time="2024-05-30T02:50:40.944023869-06:00" level=debug msg="Invoking: cartservice-oah7kyny8t81ifpdzn3t.default.192.168.1.240.sslip.io:80"
time="2024-05-30T02:50:48.447939664-06:00" level=debug msg="Invoking: gptj-python-3dbjxphbvt6hjb2tf5ab.default.192.168.1.240.sslip.io:80"
time="2024-05-30T02:50:55.949069319-06:00" level=debug msg="Invoking: gptj-python-3dbjxphbvt6hjb2tf5ab.default.192.168.1.240.sslip.io:80"
time="2024-05-30T02:51:03.452667299-06:00" level=debug msg="Invoking: gptj-python-3dbjxphbvt6hjb2tf5ab.default.192.168.1.240.sslip.io:80"
time="2024-05-30T02:51:10.956047163-06:00" level=debug msg="Invoking: cartservice-oah7kyny8t81ifpdzn3t.default.192.168.1.240.sslip.io:80"
time="2024-05-30T02:51:18.459936701-06:00" level=debug msg="Invoking: gptj-python-3dbjxphbvt6hjb2tf5ab.default.192.168.1.240.sslip.io:80"
time="2024-05-30T02:51:25.965895533-06:00" level=debug msg="Invoking: gptj-python-3dbjxphbvt6hjb2tf5ab.default.192.168.1.240.sslip.io:80"
time="2024-05-30T02:51:33.471946236-06:00" level=debug msg="Invoking: gptj-python-3dbjxphbvt6hjb2tf5ab.default.192.168.1.240.sslip.io:80"
time="2024-05-30T02:51:40.891947387-06:00" level=debug msg="Minute: 1"
time="2024-05-30T02:51:40.892119992-06:00" level=debug msg="Number of Invocations this iteration: 8"
time="2024-05-30T02:51:40.892288379-06:00" level=debug msg="Invoking: image-rotate-go-6-0d4p7u3210ie5e8nz429.default.192.168.1.240.sslip.io:80"
time="2024-05-30T02:51:48.392519298-06:00" level=debug msg="Invoking: gptj-python-3dbjxphbvt6hjb2tf5ab.default.192.168.1.240.sslip.io:80"
time="2024-05-30T02:51:55.896000305-06:00" level=debug msg="Invoking: gptj-python-3dbjxphbvt6hjb2tf5ab.default.192.168.1.240.sslip.io:80"
time="2024-05-30T02:52:03.39996615-06:00" level=debug msg="Invoking: gptj-python-3dbjxphbvt6hjb2tf5ab.default.192.168.1.240.sslip.io:80"
time="2024-05-30T02:52:10.903944194-06:00" level=debug msg="Invoking: cartservice-oah7kyny8t81ifpdzn3t.default.192.168.1.240.sslip.io:80"
time="2024-05-30T02:52:18.407998286-06:00" level=debug msg="Invoking: gptj-python-3dbjxphbvt6hjb2tf5ab.default.192.168.1.240.sslip.io:80"
time="2024-05-30T02:52:25.911953336-06:00" level=debug msg="Invoking: gptj-python-3dbjxphbvt6hjb2tf5ab.default.192.168.1.240.sslip.io:80"
time="2024-05-30T02:52:33.415925297-06:00" level=debug msg="Invoking: gptj-python-3dbjxphbvt6hjb2tf5ab.default.192.168.1.240.sslip.io:80"
time="2024-05-30T02:52:40.891892049-06:00" level=debug msg="Minute: 2"
time="2024-05-30T02:52:40.891967783-06:00" level=debug msg="Number of Invocations this iteration: 8"
time="2024-05-30T02:52:40.892044088-06:00" level=debug msg="Invoking: cartservice-oah7kyny8t81ifpdzn3t.default.192.168.1.240.sslip.io:80"
time="2024-05-30T02:52:48.395541327-06:00" level=debug msg="Invoking: gptj-python-3dbjxphbvt6hjb2tf5ab.default.192.168.1.240.sslip.io:80"
time="2024-05-30T02:52:55.899939948-06:00" level=debug msg="Invoking: gptj-python-3dbjxphbvt6hjb2tf5ab.default.192.168.1.240.sslip.io:80"
time="2024-05-30T02:53:03.403941917-06:00" level=debug msg="Invoking: gptj-python-3dbjxphbvt6hjb2tf5ab.default.192.168.1.240.sslip.io:80"
time="2024-05-30T02:53:10.907891136-06:00" level=debug msg="Invoking: cartservice-oah7kyny8t81ifpdzn3t.default.192.168.1.240.sslip.io:80"
time="2024-05-30T02:53:18.411969268-06:00" level=debug msg="Invoking: gptj-python-3dbjxphbvt6hjb2tf5ab.default.192.168.1.240.sslip.io:80"
time="2024-05-30T02:53:25.915933759-06:00" level=debug msg="Invoking: gptj-python-3dbjxphbvt6hjb2tf5ab.default.192.168.1.240.sslip.io:80"
time="2024-05-30T02:53:33.423275313-06:00" level=debug msg="Invoking: gptj-python-3dbjxphbvt6hjb2tf5ab.default.192.168.1.240.sslip.io:80"
time="2024-05-30T02:53:40.891904593-06:00" level=info msg="Warmup Phase Completed"
time="2024-05-30T02:53:40.89197416-06:00" level=info msg="Running Experiment Phase"
time="2024-05-30T02:53:40.892001587-06:00" level=debug msg="Minute: 3"
time="2024-05-30T02:53:40.892043195-06:00" level=debug msg="Number of Invocations this iteration: 8"
time="2024-05-30T02:53:40.89212649-06:00" level=debug msg="Invoking: cartservice-oah7kyny8t81ifpdzn3t.default.192.168.1.240.sslip.io:80"
time="2024-05-30T02:53:40.904429681-06:00" level=debug msg="Invoked cartservice-oah7kyny8t81ifpdzn3t.default.192.168.1.240.sslip.io in 12300 usec\n"
time="2024-05-30T02:53:48.395931548-06:00" level=debug msg="Invoking: gptj-python-3dbjxphbvt6hjb2tf5ab.default.192.168.1.240.sslip.io:80"
time="2024-05-30T02:53:48.406322457-06:00" level=debug msg="Invoked gptj-python-3dbjxphbvt6hjb2tf5ab.default.192.168.1.240.sslip.io in 10398 usec\n"
time="2024-05-30T02:53:55.899943874-06:00" level=debug msg="Invoking: gptj-python-3dbjxphbvt6hjb2tf5ab.default.192.168.1.240.sslip.io:80"
time="2024-05-30T02:53:55.912597417-06:00" level=debug msg="Invoked gptj-python-3dbjxphbvt6hjb2tf5ab.default.192.168.1.240.sslip.io in 12654 usec\n"
time="2024-05-30T02:54:03.403999778-06:00" level=debug msg="Invoking: gptj-python-3dbjxphbvt6hjb2tf5ab.default.192.168.1.240.sslip.io:80"
time="2024-05-30T02:54:03.414454863-06:00" level=debug msg="Invoked gptj-python-3dbjxphbvt6hjb2tf5ab.default.192.168.1.240.sslip.io in 10512 usec\n"
time="2024-05-30T02:54:10.907866621-06:00" level=debug msg="Invoking: cartservice-oah7kyny8t81ifpdzn3t.default.192.168.1.240.sslip.io:80"
time="2024-05-30T02:54:10.920087148-06:00" level=debug msg="Invoked cartservice-oah7kyny8t81ifpdzn3t.default.192.168.1.240.sslip.io in 12226 usec\n"
time="2024-05-30T02:54:18.411883445-06:00" level=debug msg="Invoking: gptj-python-3dbjxphbvt6hjb2tf5ab.default.192.168.1.240.sslip.io:80"
time="2024-05-30T02:54:18.422523898-06:00" level=debug msg="Invoked gptj-python-3dbjxphbvt6hjb2tf5ab.default.192.168.1.240.sslip.io in 10653 usec\n"
time="2024-05-30T02:54:25.915885539-06:00" level=debug msg="Invoking: gptj-python-3dbjxphbvt6hjb2tf5ab.default.192.168.1.240.sslip.io:80"
time="2024-05-30T02:54:25.925176202-06:00" level=debug msg="Invoked gptj-python-3dbjxphbvt6hjb2tf5ab.default.192.168.1.240.sslip.io in 9302 usec\n"
time="2024-05-30T02:54:33.419897326-06:00" level=debug msg="Invoking: gptj-python-3dbjxphbvt6hjb2tf5ab.default.192.168.1.240.sslip.io:80"
time="2024-05-30T02:54:33.429883764-06:00" level=debug msg="Invoked gptj-python-3dbjxphbvt6hjb2tf5ab.default.192.168.1.240.sslip.io in 10000 usec\n"
time="2024-05-30T02:54:40.891869917-06:00" level=debug msg="Minute: 4"
time="2024-05-30T02:54:40.891965006-06:00" level=debug msg="Number of Invocations this iteration: 8"
time="2024-05-30T02:54:40.892057053-06:00" level=debug msg="Invoking: rnn-serving-python-10-10-am8mhg6kc5nberqjzl0l.default.192.168.1.240.sslip.io:80"
time="2024-05-30T02:54:48.395929594-06:00" level=debug msg="Invoking: gptj-python-3dbjxphbvt6hjb2tf5ab.default.192.168.1.240.sslip.io:80"
time="2024-05-30T02:54:48.405332854-06:00" level=debug msg="Invoked gptj-python-3dbjxphbvt6hjb2tf5ab.default.192.168.1.240.sslip.io in 9410 usec\n"
time="2024-05-30T02:54:51.442888439-06:00" level=debug msg="Invoked rnn-serving-python-10-10-am8mhg6kc5nberqjzl0l.default.192.168.1.240.sslip.io in 10550830 usec\n"
time="2024-05-30T02:54:55.899984618-06:00" level=debug msg="Invoking: gptj-python-3dbjxphbvt6hjb2tf5ab.default.192.168.1.240.sslip.io:80"
time="2024-05-30T02:54:55.909685128-06:00" level=debug msg="Invoked gptj-python-3dbjxphbvt6hjb2tf5ab.default.192.168.1.240.sslip.io in 9713 usec\n"
time="2024-05-30T02:55:03.403880989-06:00" level=debug msg="Invoking: gptj-python-3dbjxphbvt6hjb2tf5ab.default.192.168.1.240.sslip.io:80"
time="2024-05-30T02:55:03.413726806-06:00" level=debug msg="Invoked gptj-python-3dbjxphbvt6hjb2tf5ab.default.192.168.1.240.sslip.io in 9859 usec\n"
time="2024-05-30T02:55:10.907874298-06:00" level=debug msg="Invoking: cartservice-oah7kyny8t81ifpdzn3t.default.192.168.1.240.sslip.io:80"
time="2024-05-30T02:55:10.918912167-06:00" level=debug msg="Invoked cartservice-oah7kyny8t81ifpdzn3t.default.192.168.1.240.sslip.io in 11048 usec\n"
time="2024-05-30T02:55:18.411904458-06:00" level=debug msg="Invoking: gptj-python-3dbjxphbvt6hjb2tf5ab.default.192.168.1.240.sslip.io:80"
time="2024-05-30T02:55:18.422540054-06:00" level=debug msg="Invoked gptj-python-3dbjxphbvt6hjb2tf5ab.default.192.168.1.240.sslip.io in 10665 usec\n"
time="2024-05-30T02:55:25.915876171-06:00" level=debug msg="Invoking: gptj-python-3dbjxphbvt6hjb2tf5ab.default.192.168.1.240.sslip.io:80"
time="2024-05-30T02:55:25.927441529-06:00" level=debug msg="Invoked gptj-python-3dbjxphbvt6hjb2tf5ab.default.192.168.1.240.sslip.io in 11573 usec\n"
time="2024-05-30T02:55:33.419886642-06:00" level=debug msg="Invoking: gptj-python-3dbjxphbvt6hjb2tf5ab.default.192.168.1.240.sslip.io:80"
time="2024-05-30T02:55:33.431062922-06:00" level=debug msg="Invoked gptj-python-3dbjxphbvt6hjb2tf5ab.default.192.168.1.240.sslip.io in 11194 usec\n"
time="2024-05-30T02:55:40.891910921-06:00" level=debug msg="Minute: 5"
time="2024-05-30T02:55:40.892004966-06:00" level=debug msg="Number of Invocations this iteration: 8"
time="2024-05-30T02:55:40.892095747-06:00" level=debug msg="Invoking: cartservice-oah7kyny8t81ifpdzn3t.default.192.168.1.240.sslip.io:80"
time="2024-05-30T02:55:40.904462187-06:00" level=debug msg="Invoked cartservice-oah7kyny8t81ifpdzn3t.default.192.168.1.240.sslip.io in 12364 usec\n"
time="2024-05-30T02:55:48.395951166-06:00" level=debug msg="Invoking: gptj-python-3dbjxphbvt6hjb2tf5ab.default.192.168.1.240.sslip.io:80"
time="2024-05-30T02:55:48.406084694-06:00" level=debug msg="Invoked gptj-python-3dbjxphbvt6hjb2tf5ab.default.192.168.1.240.sslip.io in 10166 usec\n"
time="2024-05-30T02:55:55.899928142-06:00" level=debug msg="Invoking: gptj-python-3dbjxphbvt6hjb2tf5ab.default.192.168.1.240.sslip.io:80"
time="2024-05-30T02:55:55.912594625-06:00" level=debug msg="Invoked gptj-python-3dbjxphbvt6hjb2tf5ab.default.192.168.1.240.sslip.io in 12668 usec\n"
time="2024-05-30T02:56:03.404617766-06:00" level=debug msg="Invoking: gptj-python-3dbjxphbvt6hjb2tf5ab.default.192.168.1.240.sslip.io:80"
time="2024-05-30T02:56:03.414931303-06:00" level=debug msg="Invoked gptj-python-3dbjxphbvt6hjb2tf5ab.default.192.168.1.240.sslip.io in 10318 usec\n"
time="2024-05-30T02:56:10.908436641-06:00" level=debug msg="Invoking: cartservice-oah7kyny8t81ifpdzn3t.default.192.168.1.240.sslip.io:80"
time="2024-05-30T02:56:10.920131559-06:00" level=debug msg="Invoked cartservice-oah7kyny8t81ifpdzn3t.default.192.168.1.240.sslip.io in 11703 usec\n"
time="2024-05-30T02:56:18.412983562-06:00" level=debug msg="Invoking: gptj-python-3dbjxphbvt6hjb2tf5ab.default.192.168.1.240.sslip.io:80"
time="2024-05-30T02:56:18.422768518-06:00" level=debug msg="Invoked gptj-python-3dbjxphbvt6hjb2tf5ab.default.192.168.1.240.sslip.io in 9790 usec\n"
time="2024-05-30T02:56:25.919917637-06:00" level=debug msg="Invoking: gptj-python-3dbjxphbvt6hjb2tf5ab.default.192.168.1.240.sslip.io:80"
time="2024-05-30T02:56:25.930311075-06:00" level=debug msg="Invoked gptj-python-3dbjxphbvt6hjb2tf5ab.default.192.168.1.240.sslip.io in 10401 usec\n"
time="2024-05-30T02:56:33.423892527-06:00" level=debug msg="Invoking: gptj-python-3dbjxphbvt6hjb2tf5ab.default.192.168.1.240.sslip.io:80"
time="2024-05-30T02:56:33.432858975-06:00" level=debug msg="Invoked gptj-python-3dbjxphbvt6hjb2tf5ab.default.192.168.1.240.sslip.io in 9001 usec\n"
time="2024-05-30T02:56:40.891864264-06:00" level=debug msg="Minute: 6"
time="2024-05-30T02:56:40.891952992-06:00" level=debug msg="Number of Invocations this iteration: 8"
time="2024-05-30T02:56:40.892043043-06:00" level=debug msg="Invoking: image-rotate-go-6-0d4p7u3210ie5e8nz429.default.192.168.1.240.sslip.io:80"
time="2024-05-30T02:56:48.396365553-06:00" level=debug msg="Invoking: gptj-python-3dbjxphbvt6hjb2tf5ab.default.192.168.1.240.sslip.io:80"
time="2024-05-30T02:56:48.406007819-06:00" level=debug msg="Invoked gptj-python-3dbjxphbvt6hjb2tf5ab.default.192.168.1.240.sslip.io in 9650 usec\n"
time="2024-05-30T02:56:55.899833588-06:00" level=debug msg="Invoking: gptj-python-3dbjxphbvt6hjb2tf5ab.default.192.168.1.240.sslip.io:80"
time="2024-05-30T02:56:55.910702931-06:00" level=debug msg="Invoked gptj-python-3dbjxphbvt6hjb2tf5ab.default.192.168.1.240.sslip.io in 10871 usec\n"
time="2024-05-30T02:56:58.143840856-06:00" level=debug msg="Invoked image-rotate-go-6-0d4p7u3210ie5e8nz429.default.192.168.1.240.sslip.io in 17251795 usec\n"
time="2024-05-30T02:57:03.404710112-06:00" level=debug msg="Invoking: gptj-python-3dbjxphbvt6hjb2tf5ab.default.192.168.1.240.sslip.io:80"
time="2024-05-30T02:57:03.41487366-06:00" level=debug msg="Invoked gptj-python-3dbjxphbvt6hjb2tf5ab.default.192.168.1.240.sslip.io in 10170 usec\n"
time="2024-05-30T02:57:10.911954185-06:00" level=debug msg="Invoking: cartservice-oah7kyny8t81ifpdzn3t.default.192.168.1.240.sslip.io:80"
time="2024-05-30T02:57:10.928012053-06:00" level=debug msg="Invoked cartservice-oah7kyny8t81ifpdzn3t.default.192.168.1.240.sslip.io in 16066 usec\n"
time="2024-05-30T02:57:18.418862127-06:00" level=debug msg="Invoking: gptj-python-3dbjxphbvt6hjb2tf5ab.default.192.168.1.240.sslip.io:80"
time="2024-05-30T02:57:18.429400246-06:00" level=debug msg="Invoked gptj-python-3dbjxphbvt6hjb2tf5ab.default.192.168.1.240.sslip.io in 10543 usec\n"
time="2024-05-30T02:57:25.923973086-06:00" level=debug msg="Invoking: gptj-python-3dbjxphbvt6hjb2tf5ab.default.192.168.1.240.sslip.io:80"
time="2024-05-30T02:57:25.933666459-06:00" level=debug msg="Invoked gptj-python-3dbjxphbvt6hjb2tf5ab.default.192.168.1.240.sslip.io in 9701 usec\n"
time="2024-05-30T02:57:33.428053496-06:00" level=debug msg="Invoking: gptj-python-3dbjxphbvt6hjb2tf5ab.default.192.168.1.240.sslip.io:80"
time="2024-05-30T02:57:33.43966671-06:00" level=debug msg="Invoked gptj-python-3dbjxphbvt6hjb2tf5ab.default.192.168.1.240.sslip.io in 11622 usec\n"
time="2024-05-30T02:57:40.891921787-06:00" level=debug msg="Minute: 7"
time="2024-05-30T02:57:40.892008223-06:00" level=debug msg="Number of Invocations this iteration: 8"
time="2024-05-30T02:57:40.89209745-06:00" level=debug msg="Invoking: cartservice-oah7kyny8t81ifpdzn3t.default.192.168.1.240.sslip.io:80"
time="2024-05-30T02:57:40.908997419-06:00" level=debug msg="Invoked cartservice-oah7kyny8t81ifpdzn3t.default.192.168.1.240.sslip.io in 16898 usec\n"
time="2024-05-30T02:57:48.399397316-06:00" level=debug msg="Invoking: gptj-python-3dbjxphbvt6hjb2tf5ab.default.192.168.1.240.sslip.io:80"
time="2024-05-30T02:57:48.409601067-06:00" level=debug msg="Invoked gptj-python-3dbjxphbvt6hjb2tf5ab.default.192.168.1.240.sslip.io in 10216 usec\n"
time="2024-05-30T02:57:55.904610494-06:00" level=debug msg="Invoking: gptj-python-3dbjxphbvt6hjb2tf5ab.default.192.168.1.240.sslip.io:80"
time="2024-05-30T02:57:55.919232981-06:00" level=debug msg="Invoked gptj-python-3dbjxphbvt6hjb2tf5ab.default.192.168.1.240.sslip.io in 14676 usec\n"
time="2024-05-30T02:58:03.40644816-06:00" level=debug msg="Invoking: gptj-python-3dbjxphbvt6hjb2tf5ab.default.192.168.1.240.sslip.io:80"
time="2024-05-30T02:58:03.416477244-06:00" level=debug msg="Invoked gptj-python-3dbjxphbvt6hjb2tf5ab.default.192.168.1.240.sslip.io in 10046 usec\n"
time="2024-05-30T02:58:10.911925635-06:00" level=debug msg="Invoking: cartservice-oah7kyny8t81ifpdzn3t.default.192.168.1.240.sslip.io:80"
time="2024-05-30T02:58:10.925161996-06:00" level=debug msg="Invoked cartservice-oah7kyny8t81ifpdzn3t.default.192.168.1.240.sslip.io in 13244 usec\n"
time="2024-05-30T02:58:18.415959009-06:00" level=debug msg="Invoking: gptj-python-3dbjxphbvt6hjb2tf5ab.default.192.168.1.240.sslip.io:80"
time="2024-05-30T02:58:18.427296569-06:00" level=debug msg="Invoked gptj-python-3dbjxphbvt6hjb2tf5ab.default.192.168.1.240.sslip.io in 11348 usec\n"
time="2024-05-30T02:58:25.919864931-06:00" level=debug msg="Invoking: gptj-python-3dbjxphbvt6hjb2tf5ab.default.192.168.1.240.sslip.io:80"
time="2024-05-30T02:58:25.930505923-06:00" level=debug msg="Invoked gptj-python-3dbjxphbvt6hjb2tf5ab.default.192.168.1.240.sslip.io in 10646 usec\n"
time="2024-05-30T02:58:33.423937583-06:00" level=debug msg="Invoking: gptj-python-3dbjxphbvt6hjb2tf5ab.default.192.168.1.240.sslip.io:80"
time="2024-05-30T02:58:33.434289707-06:00" level=debug msg="Invoked gptj-python-3dbjxphbvt6hjb2tf5ab.default.192.168.1.240.sslip.io in 10360 usec\n"
time="2024-05-30T02:58:40.892034637-06:00" level=debug msg="Minute: 8"
time="2024-05-30T02:58:40.892171926-06:00" level=debug msg="Number of Invocations this iteration: 8"
time="2024-05-30T02:58:40.892272162-06:00" level=debug msg="Invoking: cartservice-oah7kyny8t81ifpdzn3t.default.192.168.1.240.sslip.io:80"
time="2024-05-30T02:58:40.905801805-06:00" level=debug msg="Invoked cartservice-oah7kyny8t81ifpdzn3t.default.192.168.1.240.sslip.io in 13527 usec\n"
time="2024-05-30T02:58:48.397484587-06:00" level=debug msg="Invoking: gptj-python-3dbjxphbvt6hjb2tf5ab.default.192.168.1.240.sslip.io:80"
time="2024-05-30T02:58:48.407264212-06:00" level=debug msg="Invoked gptj-python-3dbjxphbvt6hjb2tf5ab.default.192.168.1.240.sslip.io in 9787 usec\n"
time="2024-05-30T02:58:55.903939978-06:00" level=debug msg="Invoking: gptj-python-3dbjxphbvt6hjb2tf5ab.default.192.168.1.240.sslip.io:80"
time="2024-05-30T02:58:55.915928826-06:00" level=debug msg="Invoked gptj-python-3dbjxphbvt6hjb2tf5ab.default.192.168.1.240.sslip.io in 11995 usec\n"
time="2024-05-30T02:59:03.407949998-06:00" level=debug msg="Invoking: gptj-python-3dbjxphbvt6hjb2tf5ab.default.192.168.1.240.sslip.io:80"
time="2024-05-30T02:59:03.418139804-06:00" level=debug msg="Invoked gptj-python-3dbjxphbvt6hjb2tf5ab.default.192.168.1.240.sslip.io in 10199 usec\n"
time="2024-05-30T02:59:10.91192995-06:00" level=debug msg="Invoking: cartservice-oah7kyny8t81ifpdzn3t.default.192.168.1.240.sslip.io:80"
time="2024-05-30T02:59:10.924859913-06:00" level=debug msg="Invoked cartservice-oah7kyny8t81ifpdzn3t.default.192.168.1.240.sslip.io in 12933 usec\n"
time="2024-05-30T02:59:18.415956134-06:00" level=debug msg="Invoking: gptj-python-3dbjxphbvt6hjb2tf5ab.default.192.168.1.240.sslip.io:80"
time="2024-05-30T02:59:18.426028326-06:00" level=debug msg="Invoked gptj-python-3dbjxphbvt6hjb2tf5ab.default.192.168.1.240.sslip.io in 10081 usec\n"
time="2024-05-30T02:59:25.919941855-06:00" level=debug msg="Invoking: gptj-python-3dbjxphbvt6hjb2tf5ab.default.192.168.1.240.sslip.io:80"
time="2024-05-30T02:59:25.929857843-06:00" level=debug msg="Invoked gptj-python-3dbjxphbvt6hjb2tf5ab.default.192.168.1.240.sslip.io in 9927 usec\n"
time="2024-05-30T02:59:33.426156329-06:00" level=debug msg="Invoking: gptj-python-3dbjxphbvt6hjb2tf5ab.default.192.168.1.240.sslip.io:80"
time="2024-05-30T02:59:33.436642772-06:00" level=debug msg="Invoked gptj-python-3dbjxphbvt6hjb2tf5ab.default.192.168.1.240.sslip.io in 10498 usec\n"
time="2024-05-30T02:59:40.891931582-06:00" level=debug msg="Minute: 9"
time="2024-05-30T02:59:40.892030207-06:00" level=debug msg="Number of Invocations this iteration: 8"
time="2024-05-30T02:59:40.892129609-06:00" level=debug msg="Invoking: cartservice-oah7kyny8t81ifpdzn3t.default.192.168.1.240.sslip.io:80"
time="2024-05-30T02:59:40.904586207-06:00" level=debug msg="Invoked cartservice-oah7kyny8t81ifpdzn3t.default.192.168.1.240.sslip.io in 12454 usec\n"
time="2024-05-30T02:59:48.395952337-06:00" level=debug msg="Invoking: gptj-python-3dbjxphbvt6hjb2tf5ab.default.192.168.1.240.sslip.io:80"
time="2024-05-30T02:59:48.405797617-06:00" level=debug msg="Invoked gptj-python-3dbjxphbvt6hjb2tf5ab.default.192.168.1.240.sslip.io in 9856 usec\n"
time="2024-05-30T02:59:55.901831801-06:00" level=debug msg="Invoking: gptj-python-3dbjxphbvt6hjb2tf5ab.default.192.168.1.240.sslip.io:80"
time="2024-05-30T02:59:55.91387459-06:00" level=debug msg="Invoked gptj-python-3dbjxphbvt6hjb2tf5ab.default.192.168.1.240.sslip.io in 12047 usec\n"
time="2024-05-30T03:00:03.407890906-06:00" level=debug msg="Invoking: gptj-python-3dbjxphbvt6hjb2tf5ab.default.192.168.1.240.sslip.io:80"
time="2024-05-30T03:00:03.416539109-06:00" level=debug msg="Invoked gptj-python-3dbjxphbvt6hjb2tf5ab.default.192.168.1.240.sslip.io in 8668 usec\n"
time="2024-05-30T03:00:10.911941361-06:00" level=debug msg="Invoking: cartservice-oah7kyny8t81ifpdzn3t.default.192.168.1.240.sslip.io:80"
time="2024-05-30T03:00:10.923834076-06:00" level=debug msg="Invoked cartservice-oah7kyny8t81ifpdzn3t.default.192.168.1.240.sslip.io in 11899 usec\n"
time="2024-05-30T03:00:18.416050905-06:00" level=debug msg="Invoking: gptj-python-3dbjxphbvt6hjb2tf5ab.default.192.168.1.240.sslip.io:80"
time="2024-05-30T03:00:18.426092515-06:00" level=debug msg="Invoked gptj-python-3dbjxphbvt6hjb2tf5ab.default.192.168.1.240.sslip.io in 10052 usec\n"
time="2024-05-30T03:00:25.91987342-06:00" level=debug msg="Invoking: gptj-python-3dbjxphbvt6hjb2tf5ab.default.192.168.1.240.sslip.io:80"
time="2024-05-30T03:00:25.929052867-06:00" level=debug msg="Invoked gptj-python-3dbjxphbvt6hjb2tf5ab.default.192.168.1.240.sslip.io in 9190 usec\n"
time="2024-05-30T03:00:33.423936034-06:00" level=debug msg="Invoking: gptj-python-3dbjxphbvt6hjb2tf5ab.default.192.168.1.240.sslip.io:80"
time="2024-05-30T03:00:33.434383864-06:00" level=debug msg="Invoked gptj-python-3dbjxphbvt6hjb2tf5ab.default.192.168.1.240.sslip.io in 10456 usec\n"
time="2024-05-30T03:00:40.891870991-06:00" level=debug msg="Minute: 10"
time="2024-05-30T03:00:40.892024018-06:00" level=debug msg="Number of Invocations this iteration: 8"
time="2024-05-30T03:00:40.892107491-06:00" level=debug msg="Invoking: rnn-serving-python-10-10-am8mhg6kc5nberqjzl0l.default.192.168.1.240.sslip.io:80"
time="2024-05-30T03:00:48.39595301-06:00" level=debug msg="Invoking: gptj-python-3dbjxphbvt6hjb2tf5ab.default.192.168.1.240.sslip.io:80"
time="2024-05-30T03:00:48.405110161-06:00" level=debug msg="Invoked gptj-python-3dbjxphbvt6hjb2tf5ab.default.192.168.1.240.sslip.io in 9170 usec\n"
time="2024-05-30T03:00:54.228824105-06:00" level=debug msg="Invoked rnn-serving-python-10-10-am8mhg6kc5nberqjzl0l.default.192.168.1.240.sslip.io in 13336718 usec\n"
time="2024-05-30T03:00:55.896049856-06:00" level=debug msg="Invoking: gptj-python-3dbjxphbvt6hjb2tf5ab.default.192.168.1.240.sslip.io:80"
time="2024-05-30T03:00:55.905952464-06:00" level=debug msg="Invoked gptj-python-3dbjxphbvt6hjb2tf5ab.default.192.168.1.240.sslip.io in 9937 usec\n"
time="2024-05-30T03:01:03.401861639-06:00" level=debug msg="Invoking: gptj-python-3dbjxphbvt6hjb2tf5ab.default.192.168.1.240.sslip.io:80"
time="2024-05-30T03:01:03.412581821-06:00" level=debug msg="Invoked gptj-python-3dbjxphbvt6hjb2tf5ab.default.192.168.1.240.sslip.io in 10733 usec\n"
time="2024-05-30T03:01:10.907944647-06:00" level=debug msg="Invoking: cartservice-oah7kyny8t81ifpdzn3t.default.192.168.1.240.sslip.io:80"
time="2024-05-30T03:01:10.919433449-06:00" level=debug msg="Invoked cartservice-oah7kyny8t81ifpdzn3t.default.192.168.1.240.sslip.io in 11500 usec\n"
time="2024-05-30T03:01:18.411896788-06:00" level=debug msg="Invoking: gptj-python-3dbjxphbvt6hjb2tf5ab.default.192.168.1.240.sslip.io:80"
time="2024-05-30T03:01:18.421755919-06:00" level=debug msg="Invoked gptj-python-3dbjxphbvt6hjb2tf5ab.default.192.168.1.240.sslip.io in 9872 usec\n"
time="2024-05-30T03:01:25.916918505-06:00" level=debug msg="Invoking: gptj-python-3dbjxphbvt6hjb2tf5ab.default.192.168.1.240.sslip.io:80"
time="2024-05-30T03:01:25.92658548-06:00" level=debug msg="Invoked gptj-python-3dbjxphbvt6hjb2tf5ab.default.192.168.1.240.sslip.io in 9678 usec\n"
time="2024-05-30T03:01:33.423923507-06:00" level=debug msg="Invoking: gptj-python-3dbjxphbvt6hjb2tf5ab.default.192.168.1.240.sslip.io:80"
time="2024-05-30T03:01:33.434128405-06:00" level=debug msg="Invoked gptj-python-3dbjxphbvt6hjb2tf5ab.default.192.168.1.240.sslip.io in 10214 usec\n"
time="2024-05-30T03:01:40.891916461-06:00" level=debug msg="Minute: 11"
time="2024-05-30T03:01:40.892015866-06:00" level=debug msg="Number of Invocations this iteration: 8"
time="2024-05-30T03:01:40.892106572-06:00" level=debug msg="Invoking: image-rotate-go-6-0d4p7u3210ie5e8nz429.default.192.168.1.240.sslip.io:80"
time="2024-05-30T03:01:48.060748268-06:00" level=debug msg="Invoked image-rotate-go-6-0d4p7u3210ie5e8nz429.default.192.168.1.240.sslip.io in 7168639 usec\n"
time="2024-05-30T03:01:48.393053805-06:00" level=debug msg="Invoking: gptj-python-3dbjxphbvt6hjb2tf5ab.default.192.168.1.240.sslip.io:80"
time="2024-05-30T03:01:48.403446948-06:00" level=debug msg="Invoked gptj-python-3dbjxphbvt6hjb2tf5ab.default.192.168.1.240.sslip.io in 10429 usec\n"
time="2024-05-30T03:01:55.896812738-06:00" level=debug msg="Invoking: gptj-python-3dbjxphbvt6hjb2tf5ab.default.192.168.1.240.sslip.io:80"
time="2024-05-30T03:01:55.906940493-06:00" level=debug msg="Invoked gptj-python-3dbjxphbvt6hjb2tf5ab.default.192.168.1.240.sslip.io in 10139 usec\n"
time="2024-05-30T03:02:03.397603361-06:00" level=debug msg="Invoking: gptj-python-3dbjxphbvt6hjb2tf5ab.default.192.168.1.240.sslip.io:80"
time="2024-05-30T03:02:03.408070917-06:00" level=debug msg="Invoked gptj-python-3dbjxphbvt6hjb2tf5ab.default.192.168.1.240.sslip.io in 10584 usec\n"
time="2024-05-30T03:02:10.903937898-06:00" level=debug msg="Invoking: cartservice-oah7kyny8t81ifpdzn3t.default.192.168.1.240.sslip.io:80"
time="2024-05-30T03:02:10.913959499-06:00" level=debug msg="Invoked cartservice-oah7kyny8t81ifpdzn3t.default.192.168.1.240.sslip.io in 10033 usec\n"
time="2024-05-30T03:02:18.40795382-06:00" level=debug msg="Invoking: gptj-python-3dbjxphbvt6hjb2tf5ab.default.192.168.1.240.sslip.io:80"
time="2024-05-30T03:02:18.417933794-06:00" level=debug msg="Invoked gptj-python-3dbjxphbvt6hjb2tf5ab.default.192.168.1.240.sslip.io in 9993 usec\n"
time="2024-05-30T03:02:25.911876374-06:00" level=debug msg="Invoking: gptj-python-3dbjxphbvt6hjb2tf5ab.default.192.168.1.240.sslip.io:80"
time="2024-05-30T03:02:25.921975213-06:00" level=debug msg="Invoked gptj-python-3dbjxphbvt6hjb2tf5ab.default.192.168.1.240.sslip.io in 10107 usec\n"
time="2024-05-30T03:02:33.416588251-06:00" level=debug msg="Invoking: gptj-python-3dbjxphbvt6hjb2tf5ab.default.192.168.1.240.sslip.io:80"
time="2024-05-30T03:02:33.427881407-06:00" level=debug msg="Invoked gptj-python-3dbjxphbvt6hjb2tf5ab.default.192.168.1.240.sslip.io in 11305 usec\n"
time="2024-05-30T03:02:40.891854742-06:00" level=debug msg="Minute: 12"
time="2024-05-30T03:02:40.891960633-06:00" level=debug msg="Number of Invocations this iteration: 8"
time="2024-05-30T03:02:40.892009781-06:00" level=debug msg="Invoking: cartservice-oah7kyny8t81ifpdzn3t.default.192.168.1.240.sslip.io:80"
time="2024-05-30T03:02:40.903540747-06:00" level=debug msg="Invoked cartservice-oah7kyny8t81ifpdzn3t.default.192.168.1.240.sslip.io in 11526 usec\n"
time="2024-05-30T03:02:48.395917872-06:00" level=debug msg="Invoking: gptj-python-3dbjxphbvt6hjb2tf5ab.default.192.168.1.240.sslip.io:80"
time="2024-05-30T03:02:48.405746416-06:00" level=debug msg="Invoked gptj-python-3dbjxphbvt6hjb2tf5ab.default.192.168.1.240.sslip.io in 9844 usec\n"
time="2024-05-30T03:02:55.899976585-06:00" level=debug msg="Invoking: gptj-python-3dbjxphbvt6hjb2tf5ab.default.192.168.1.240.sslip.io:80"
time="2024-05-30T03:02:55.910084091-06:00" level=debug msg="Invoked gptj-python-3dbjxphbvt6hjb2tf5ab.default.192.168.1.240.sslip.io in 10120 usec\n"
time="2024-05-30T03:03:03.403917471-06:00" level=debug msg="Invoking: gptj-python-3dbjxphbvt6hjb2tf5ab.default.192.168.1.240.sslip.io:80"
time="2024-05-30T03:03:03.414585004-06:00" level=debug msg="Invoked gptj-python-3dbjxphbvt6hjb2tf5ab.default.192.168.1.240.sslip.io in 10707 usec\n"
time="2024-05-30T03:03:10.908059401-06:00" level=debug msg="Invoking: cartservice-oah7kyny8t81ifpdzn3t.default.192.168.1.240.sslip.io:80"
time="2024-05-30T03:03:10.919971475-06:00" level=debug msg="Invoked cartservice-oah7kyny8t81ifpdzn3t.default.192.168.1.240.sslip.io in 11922 usec\n"
time="2024-05-30T03:03:18.411944704-06:00" level=debug msg="Invoking: gptj-python-3dbjxphbvt6hjb2tf5ab.default.192.168.1.240.sslip.io:80"
time="2024-05-30T03:03:18.422137366-06:00" level=debug msg="Invoked gptj-python-3dbjxphbvt6hjb2tf5ab.default.192.168.1.240.sslip.io in 10209 usec\n"
time="2024-05-30T03:03:25.915943635-06:00" level=debug msg="Invoking: gptj-python-3dbjxphbvt6hjb2tf5ab.default.192.168.1.240.sslip.io:80"
time="2024-05-30T03:03:25.926119688-06:00" level=debug msg="Invoked gptj-python-3dbjxphbvt6hjb2tf5ab.default.192.168.1.240.sslip.io in 10188 usec\n"
time="2024-05-30T03:03:33.42093385-06:00" level=debug msg="Invoking: gptj-python-3dbjxphbvt6hjb2tf5ab.default.192.168.1.240.sslip.io:80"
time="2024-05-30T03:03:33.431253339-06:00" level=debug msg="Invoked gptj-python-3dbjxphbvt6hjb2tf5ab.default.192.168.1.240.sslip.io in 10331 usec\n"
time="2024-05-30T03:03:40.892313177-06:00" level=debug msg="Minute: 13"
time="2024-05-30T03:03:40.892430222-06:00" level=debug msg="Number of Invocations this iteration: 8"
time="2024-05-30T03:03:40.892524474-06:00" level=debug msg="Invoking: cartservice-oah7kyny8t81ifpdzn3t.default.192.168.1.240.sslip.io:80"
time="2024-05-30T03:03:40.903442971-06:00" level=debug msg="Invoked cartservice-oah7kyny8t81ifpdzn3t.default.192.168.1.240.sslip.io in 10916 usec\n"
time="2024-05-30T03:03:48.397188848-06:00" level=debug msg="Invoking: gptj-python-3dbjxphbvt6hjb2tf5ab.default.192.168.1.240.sslip.io:80"
time="2024-05-30T03:03:48.408777486-06:00" level=debug msg="Invoked gptj-python-3dbjxphbvt6hjb2tf5ab.default.192.168.1.240.sslip.io in 11623 usec\n"
time="2024-05-30T03:03:55.903959443-06:00" level=debug msg="Invoking: gptj-python-3dbjxphbvt6hjb2tf5ab.default.192.168.1.240.sslip.io:80"
time="2024-05-30T03:03:55.915624633-06:00" level=debug msg="Invoked gptj-python-3dbjxphbvt6hjb2tf5ab.default.192.168.1.240.sslip.io in 11687 usec\n"
time="2024-05-30T03:04:03.404590584-06:00" level=debug msg="Invoking: gptj-python-3dbjxphbvt6hjb2tf5ab.default.192.168.1.240.sslip.io:80"
time="2024-05-30T03:04:03.416088209-06:00" level=debug msg="Invoked gptj-python-3dbjxphbvt6hjb2tf5ab.default.192.168.1.240.sslip.io in 11613 usec\n"
time="2024-05-30T03:04:10.908951128-06:00" level=debug msg="Invoking: cartservice-oah7kyny8t81ifpdzn3t.default.192.168.1.240.sslip.io:80"
time="2024-05-30T03:04:10.921090374-06:00" level=debug msg="Invoked cartservice-oah7kyny8t81ifpdzn3t.default.192.168.1.240.sslip.io in 12147 usec\n"
time="2024-05-30T03:04:18.415891055-06:00" level=debug msg="Invoking: gptj-python-3dbjxphbvt6hjb2tf5ab.default.192.168.1.240.sslip.io:80"
time="2024-05-30T03:04:18.427928993-06:00" level=debug msg="Invoked gptj-python-3dbjxphbvt6hjb2tf5ab.default.192.168.1.240.sslip.io in 12048 usec\n"
time="2024-05-30T03:04:25.921533859-06:00" level=debug msg="Invoking: gptj-python-3dbjxphbvt6hjb2tf5ab.default.192.168.1.240.sslip.io:80"
time="2024-05-30T03:04:25.933032812-06:00" level=debug msg="Invoked gptj-python-3dbjxphbvt6hjb2tf5ab.default.192.168.1.240.sslip.io in 11512 usec\n"
time="2024-05-30T03:04:33.428184613-06:00" level=debug msg="Invoking: gptj-python-3dbjxphbvt6hjb2tf5ab.default.192.168.1.240.sslip.io:80"
time="2024-05-30T03:04:33.438846185-06:00" level=debug msg="Invoked gptj-python-3dbjxphbvt6hjb2tf5ab.default.192.168.1.240.sslip.io in 10675 usec\n"
time="2024-05-30T03:04:40.89252607-06:00" level=info msg="Experiment Phase Completed"
time="2024-05-30T03:04:40.892654712-06:00" level=info msg="Issued / completed requests: 112, 112"
time="2024-05-30T03:04:40.892689932-06:00" level=info msg="Average Real RPS: 0.13 "
time="2024-05-30T03:04:40.892715944-06:00" level=info msg="Experiment finished!"
time="2024-05-30T03:04:40.892743348-06:00" level=info msg="The measured latencies are saved in rps_lat.csv"
