time="2024-05-28T18:45:16.293145037-06:00" level=debug msg="Debug logging is enabled"
time="2024-05-28T18:45:16.293306829-06:00" level=info msg="Reading the trace endpoints from the file: /users/ArunAMS/vSwarm/tools/load-generator/load.json"
time="2024-05-28T18:45:16.294468333-06:00" level=info msg="Warmup Duration: 3"
time="2024-05-28T18:45:16.294490986-06:00" level=info msg="Experiment Duration: 11"
time="2024-05-28T18:45:16.294507638-06:00" level=info msg="Minute Granularity: true"
time="2024-05-28T18:46:16.353393522-06:00" level=info msg="Running Warmup Phase"
time="2024-05-28T18:46:16.353463614-06:00" level=debug msg="Minute: 0"
time="2024-05-28T18:46:16.353535917-06:00" level=debug msg="Number of Invocations this iteration: 8"
time="2024-05-28T18:46:16.353638506-06:00" level=debug msg="Invoking: cartservice-4mf3mt3nhec7292n4auc.default.192.168.1.240.sslip.io:80"
time="2024-05-28T18:46:23.853760705-06:00" level=debug msg="Invoking: gptj-python-lzhfozkltzapbnmdvqdz.default.192.168.1.240.sslip.io:80"
time="2024-05-28T18:46:31.354569634-06:00" level=debug msg="Invoking: gptj-python-lzhfozkltzapbnmdvqdz.default.192.168.1.240.sslip.io:80"
time="2024-05-28T18:46:38.861507535-06:00" level=debug msg="Invoking: gptj-python-lzhfozkltzapbnmdvqdz.default.192.168.1.240.sslip.io:80"
time="2024-05-28T18:46:46.365506503-06:00" level=debug msg="Invoking: cartservice-4mf3mt3nhec7292n4auc.default.192.168.1.240.sslip.io:80"
time="2024-05-28T18:46:53.869502566-06:00" level=debug msg="Invoking: gptj-python-lzhfozkltzapbnmdvqdz.default.192.168.1.240.sslip.io:80"
time="2024-05-28T18:47:01.37355199-06:00" level=debug msg="Invoking: gptj-python-lzhfozkltzapbnmdvqdz.default.192.168.1.240.sslip.io:80"
time="2024-05-28T18:47:08.877908725-06:00" level=debug msg="Invoking: gptj-python-lzhfozkltzapbnmdvqdz.default.192.168.1.240.sslip.io:80"
time="2024-05-28T18:47:16.301419543-06:00" level=debug msg="Minute: 1"
time="2024-05-28T18:47:16.301515491-06:00" level=debug msg="Number of Invocations this iteration: 8"
time="2024-05-28T18:47:16.301606296-06:00" level=debug msg="Invoking: image-rotate-go-6-c2ml8qo1z2f9u8lrxdof.default.192.168.1.240.sslip.io:80"
time="2024-05-28T18:47:23.802659808-06:00" level=debug msg="Invoking: gptj-python-lzhfozkltzapbnmdvqdz.default.192.168.1.240.sslip.io:80"
time="2024-05-28T18:47:31.309621839-06:00" level=debug msg="Invoking: gptj-python-lzhfozkltzapbnmdvqdz.default.192.168.1.240.sslip.io:80"
time="2024-05-28T18:47:38.814503177-06:00" level=debug msg="Invoking: gptj-python-lzhfozkltzapbnmdvqdz.default.192.168.1.240.sslip.io:80"
time="2024-05-28T18:47:46.321568262-06:00" level=debug msg="Invoking: cartservice-4mf3mt3nhec7292n4auc.default.192.168.1.240.sslip.io:80"
time="2024-05-28T18:47:53.825445936-06:00" level=debug msg="Invoking: gptj-python-lzhfozkltzapbnmdvqdz.default.192.168.1.240.sslip.io:80"
time="2024-05-28T18:48:01.330414745-06:00" level=debug msg="Invoking: gptj-python-lzhfozkltzapbnmdvqdz.default.192.168.1.240.sslip.io:80"
time="2024-05-28T18:48:08.837483673-06:00" level=debug msg="Invoking: gptj-python-lzhfozkltzapbnmdvqdz.default.192.168.1.240.sslip.io:80"
time="2024-05-28T18:48:16.301447587-06:00" level=debug msg="Minute: 2"
time="2024-05-28T18:48:16.301571449-06:00" level=debug msg="Number of Invocations this iteration: 8"
time="2024-05-28T18:48:16.301726491-06:00" level=debug msg="Invoking: cartservice-4mf3mt3nhec7292n4auc.default.192.168.1.240.sslip.io:80"
time="2024-05-28T18:48:23.805493881-06:00" level=debug msg="Invoking: gptj-python-lzhfozkltzapbnmdvqdz.default.192.168.1.240.sslip.io:80"
time="2024-05-28T18:48:31.309519181-06:00" level=debug msg="Invoking: gptj-python-lzhfozkltzapbnmdvqdz.default.192.168.1.240.sslip.io:80"
time="2024-05-28T18:48:38.813460794-06:00" level=debug msg="Invoking: gptj-python-lzhfozkltzapbnmdvqdz.default.192.168.1.240.sslip.io:80"
time="2024-05-28T18:48:46.317429046-06:00" level=debug msg="Invoking: cartservice-4mf3mt3nhec7292n4auc.default.192.168.1.240.sslip.io:80"
time="2024-05-28T18:48:53.823600786-06:00" level=debug msg="Invoking: gptj-python-lzhfozkltzapbnmdvqdz.default.192.168.1.240.sslip.io:80"
time="2024-05-28T18:49:01.329415728-06:00" level=debug msg="Invoking: gptj-python-lzhfozkltzapbnmdvqdz.default.192.168.1.240.sslip.io:80"
time="2024-05-28T18:49:08.833557942-06:00" level=debug msg="Invoking: gptj-python-lzhfozkltzapbnmdvqdz.default.192.168.1.240.sslip.io:80"
time="2024-05-28T18:49:16.301478685-06:00" level=info msg="Warmup Phase Completed"
time="2024-05-28T18:49:16.30155018-06:00" level=info msg="Running Experiment Phase"
time="2024-05-28T18:49:16.301578751-06:00" level=debug msg="Minute: 3"
time="2024-05-28T18:49:16.301626715-06:00" level=debug msg="Number of Invocations this iteration: 8"
time="2024-05-28T18:49:16.301708302-06:00" level=debug msg="Invoking: cartservice-4mf3mt3nhec7292n4auc.default.192.168.1.240.sslip.io:80"
time="2024-05-28T18:49:16.313961527-06:00" level=debug msg="Invoked cartservice-4mf3mt3nhec7292n4auc.default.192.168.1.240.sslip.io in 12251 usec\n"
time="2024-05-28T18:49:23.805501377-06:00" level=debug msg="Invoking: gptj-python-lzhfozkltzapbnmdvqdz.default.192.168.1.240.sslip.io:80"
time="2024-05-28T18:49:23.815524393-06:00" level=debug msg="Invoked gptj-python-lzhfozkltzapbnmdvqdz.default.192.168.1.240.sslip.io in 10037 usec\n"
time="2024-05-28T18:49:31.312920959-06:00" level=debug msg="Invoking: gptj-python-lzhfozkltzapbnmdvqdz.default.192.168.1.240.sslip.io:80"
time="2024-05-28T18:49:31.324424111-06:00" level=debug msg="Invoked gptj-python-lzhfozkltzapbnmdvqdz.default.192.168.1.240.sslip.io in 11505 usec\n"
time="2024-05-28T18:49:38.8188733-06:00" level=debug msg="Invoking: gptj-python-lzhfozkltzapbnmdvqdz.default.192.168.1.240.sslip.io:80"
time="2024-05-28T18:49:38.829550353-06:00" level=debug msg="Invoked gptj-python-lzhfozkltzapbnmdvqdz.default.192.168.1.240.sslip.io in 10683 usec\n"
time="2024-05-28T18:49:46.32560938-06:00" level=debug msg="Invoking: cartservice-4mf3mt3nhec7292n4auc.default.192.168.1.240.sslip.io:80"
time="2024-05-28T18:49:46.337007099-06:00" level=debug msg="Invoked cartservice-4mf3mt3nhec7292n4auc.default.192.168.1.240.sslip.io in 11408 usec\n"
time="2024-05-28T18:49:53.8294779-06:00" level=debug msg="Invoking: gptj-python-lzhfozkltzapbnmdvqdz.default.192.168.1.240.sslip.io:80"
time="2024-05-28T18:49:53.839568861-06:00" level=debug msg="Invoked gptj-python-lzhfozkltzapbnmdvqdz.default.192.168.1.240.sslip.io in 10103 usec\n"
time="2024-05-28T18:50:01.333427138-06:00" level=debug msg="Invoking: gptj-python-lzhfozkltzapbnmdvqdz.default.192.168.1.240.sslip.io:80"
time="2024-05-28T18:50:01.342689752-06:00" level=debug msg="Invoked gptj-python-lzhfozkltzapbnmdvqdz.default.192.168.1.240.sslip.io in 9272 usec\n"
time="2024-05-28T18:50:08.837447101-06:00" level=debug msg="Invoking: gptj-python-lzhfozkltzapbnmdvqdz.default.192.168.1.240.sslip.io:80"
time="2024-05-28T18:50:08.848565953-06:00" level=debug msg="Invoked gptj-python-lzhfozkltzapbnmdvqdz.default.192.168.1.240.sslip.io in 11128 usec\n"
time="2024-05-28T18:50:16.301471742-06:00" level=debug msg="Minute: 4"
time="2024-05-28T18:50:16.301563974-06:00" level=debug msg="Number of Invocations this iteration: 8"
time="2024-05-28T18:50:16.301657492-06:00" level=debug msg="Invoking: rnn-serving-python-10-10-onhziiug1s82ooyds1gs.default.192.168.1.240.sslip.io:80"
time="2024-05-28T18:50:23.805513041-06:00" level=debug msg="Invoking: gptj-python-lzhfozkltzapbnmdvqdz.default.192.168.1.240.sslip.io:80"
time="2024-05-28T18:50:23.816174088-06:00" level=debug msg="Invoked gptj-python-lzhfozkltzapbnmdvqdz.default.192.168.1.240.sslip.io in 10672 usec\n"
time="2024-05-28T18:50:26.766042729-06:00" level=debug msg="Invoked rnn-serving-python-10-10-onhziiug1s82ooyds1gs.default.192.168.1.240.sslip.io in 10464383 usec\n"
time="2024-05-28T18:50:31.309492061-06:00" level=debug msg="Invoking: gptj-python-lzhfozkltzapbnmdvqdz.default.192.168.1.240.sslip.io:80"
time="2024-05-28T18:50:31.319180983-06:00" level=debug msg="Invoked gptj-python-lzhfozkltzapbnmdvqdz.default.192.168.1.240.sslip.io in 9698 usec\n"
time="2024-05-28T18:50:38.813490454-06:00" level=debug msg="Invoking: gptj-python-lzhfozkltzapbnmdvqdz.default.192.168.1.240.sslip.io:80"
time="2024-05-28T18:50:38.823437569-06:00" level=debug msg="Invoked gptj-python-lzhfozkltzapbnmdvqdz.default.192.168.1.240.sslip.io in 9957 usec\n"
time="2024-05-28T18:50:46.318941653-06:00" level=debug msg="Invoking: cartservice-4mf3mt3nhec7292n4auc.default.192.168.1.240.sslip.io:80"
time="2024-05-28T18:50:46.330114001-06:00" level=debug msg="Invoked cartservice-4mf3mt3nhec7292n4auc.default.192.168.1.240.sslip.io in 11181 usec\n"
time="2024-05-28T18:50:53.825485707-06:00" level=debug msg="Invoking: gptj-python-lzhfozkltzapbnmdvqdz.default.192.168.1.240.sslip.io:80"
time="2024-05-28T18:50:53.835767216-06:00" level=debug msg="Invoked gptj-python-lzhfozkltzapbnmdvqdz.default.192.168.1.240.sslip.io in 10289 usec\n"
time="2024-05-28T18:51:01.329484927-06:00" level=debug msg="Invoking: gptj-python-lzhfozkltzapbnmdvqdz.default.192.168.1.240.sslip.io:80"
time="2024-05-28T18:51:01.34075124-06:00" level=debug msg="Invoked gptj-python-lzhfozkltzapbnmdvqdz.default.192.168.1.240.sslip.io in 11274 usec\n"
time="2024-05-28T18:51:08.836038229-06:00" level=debug msg="Invoking: gptj-python-lzhfozkltzapbnmdvqdz.default.192.168.1.240.sslip.io:80"
time="2024-05-28T18:51:08.846418321-06:00" level=debug msg="Invoked gptj-python-lzhfozkltzapbnmdvqdz.default.192.168.1.240.sslip.io in 10389 usec\n"
time="2024-05-28T18:51:16.301489473-06:00" level=debug msg="Minute: 5"
time="2024-05-28T18:51:16.301581844-06:00" level=debug msg="Number of Invocations this iteration: 8"
time="2024-05-28T18:51:16.301670757-06:00" level=debug msg="Invoking: cartservice-4mf3mt3nhec7292n4auc.default.192.168.1.240.sslip.io:80"
time="2024-05-28T18:51:16.312706599-06:00" level=debug msg="Invoked cartservice-4mf3mt3nhec7292n4auc.default.192.168.1.240.sslip.io in 11034 usec\n"
time="2024-05-28T18:51:23.805487654-06:00" level=debug msg="Invoking: gptj-python-lzhfozkltzapbnmdvqdz.default.192.168.1.240.sslip.io:80"
time="2024-05-28T18:51:23.815865328-06:00" level=debug msg="Invoked gptj-python-lzhfozkltzapbnmdvqdz.default.192.168.1.240.sslip.io in 10371 usec\n"
time="2024-05-28T18:51:31.310462144-06:00" level=debug msg="Invoking: gptj-python-lzhfozkltzapbnmdvqdz.default.192.168.1.240.sslip.io:80"
time="2024-05-28T18:51:31.321783596-06:00" level=debug msg="Invoked gptj-python-lzhfozkltzapbnmdvqdz.default.192.168.1.240.sslip.io in 11319 usec\n"
time="2024-05-28T18:51:38.817549073-06:00" level=debug msg="Invoking: gptj-python-lzhfozkltzapbnmdvqdz.default.192.168.1.240.sslip.io:80"
time="2024-05-28T18:51:38.828485039-06:00" level=debug msg="Invoked gptj-python-lzhfozkltzapbnmdvqdz.default.192.168.1.240.sslip.io in 10999 usec\n"
time="2024-05-28T18:51:46.321963586-06:00" level=debug msg="Invoking: cartservice-4mf3mt3nhec7292n4auc.default.192.168.1.240.sslip.io:80"
time="2024-05-28T18:51:46.334122519-06:00" level=debug msg="Invoked cartservice-4mf3mt3nhec7292n4auc.default.192.168.1.240.sslip.io in 12175 usec\n"
time="2024-05-28T18:51:53.829495384-06:00" level=debug msg="Invoking: gptj-python-lzhfozkltzapbnmdvqdz.default.192.168.1.240.sslip.io:80"
time="2024-05-28T18:51:53.839882864-06:00" level=debug msg="Invoked gptj-python-lzhfozkltzapbnmdvqdz.default.192.168.1.240.sslip.io in 10394 usec\n"
time="2024-05-28T18:52:01.33349398-06:00" level=debug msg="Invoking: gptj-python-lzhfozkltzapbnmdvqdz.default.192.168.1.240.sslip.io:80"
time="2024-05-28T18:52:01.343372892-06:00" level=debug msg="Invoked gptj-python-lzhfozkltzapbnmdvqdz.default.192.168.1.240.sslip.io in 9886 usec\n"
time="2024-05-28T18:52:08.837495023-06:00" level=debug msg="Invoking: gptj-python-lzhfozkltzapbnmdvqdz.default.192.168.1.240.sslip.io:80"
time="2024-05-28T18:52:08.848197014-06:00" level=debug msg="Invoked gptj-python-lzhfozkltzapbnmdvqdz.default.192.168.1.240.sslip.io in 10712 usec\n"
time="2024-05-28T18:52:16.301454138-06:00" level=debug msg="Minute: 6"
time="2024-05-28T18:52:16.301544041-06:00" level=debug msg="Number of Invocations this iteration: 8"
time="2024-05-28T18:52:16.301633778-06:00" level=debug msg="Invoking: image-rotate-go-6-c2ml8qo1z2f9u8lrxdof.default.192.168.1.240.sslip.io:80"
time="2024-05-28T18:52:23.806064218-06:00" level=debug msg="Invoking: gptj-python-lzhfozkltzapbnmdvqdz.default.192.168.1.240.sslip.io:80"
time="2024-05-28T18:52:23.816963886-06:00" level=debug msg="Invoked gptj-python-lzhfozkltzapbnmdvqdz.default.192.168.1.240.sslip.io in 10908 usec\n"
time="2024-05-28T18:52:28.404256695-06:00" level=debug msg="Invoked image-rotate-go-6-c2ml8qo1z2f9u8lrxdof.default.192.168.1.240.sslip.io in 12102620 usec\n"
time="2024-05-28T18:52:31.309059334-06:00" level=debug msg="Invoking: gptj-python-lzhfozkltzapbnmdvqdz.default.192.168.1.240.sslip.io:80"
time="2024-05-28T18:52:31.319312465-06:00" level=debug msg="Invoked gptj-python-lzhfozkltzapbnmdvqdz.default.192.168.1.240.sslip.io in 10285 usec\n"
time="2024-05-28T18:52:38.813514144-06:00" level=debug msg="Invoking: gptj-python-lzhfozkltzapbnmdvqdz.default.192.168.1.240.sslip.io:80"
time="2024-05-28T18:52:38.824013748-06:00" level=debug msg="Invoked gptj-python-lzhfozkltzapbnmdvqdz.default.192.168.1.240.sslip.io in 10504 usec\n"
time="2024-05-28T18:52:46.320377947-06:00" level=debug msg="Invoking: cartservice-4mf3mt3nhec7292n4auc.default.192.168.1.240.sslip.io:80"
time="2024-05-28T18:52:46.33359666-06:00" level=debug msg="Invoked cartservice-4mf3mt3nhec7292n4auc.default.192.168.1.240.sslip.io in 13231 usec\n"
time="2024-05-28T18:52:53.826257086-06:00" level=debug msg="Invoking: gptj-python-lzhfozkltzapbnmdvqdz.default.192.168.1.240.sslip.io:80"
time="2024-05-28T18:52:53.837456815-06:00" level=debug msg="Invoked gptj-python-lzhfozkltzapbnmdvqdz.default.192.168.1.240.sslip.io in 11205 usec\n"
time="2024-05-28T18:53:01.33355011-06:00" level=debug msg="Invoking: gptj-python-lzhfozkltzapbnmdvqdz.default.192.168.1.240.sslip.io:80"
time="2024-05-28T18:53:01.343955289-06:00" level=debug msg="Invoked gptj-python-lzhfozkltzapbnmdvqdz.default.192.168.1.240.sslip.io in 10417 usec\n"
time="2024-05-28T18:53:08.837446382-06:00" level=debug msg="Invoking: gptj-python-lzhfozkltzapbnmdvqdz.default.192.168.1.240.sslip.io:80"
time="2024-05-28T18:53:08.847871708-06:00" level=debug msg="Invoked gptj-python-lzhfozkltzapbnmdvqdz.default.192.168.1.240.sslip.io in 10439 usec\n"
time="2024-05-28T18:53:16.297479509-06:00" level=debug msg="Minute: 7"
time="2024-05-28T18:53:16.297572897-06:00" level=debug msg="Number of Invocations this iteration: 8"
time="2024-05-28T18:53:16.297696623-06:00" level=debug msg="Invoking: cartservice-4mf3mt3nhec7292n4auc.default.192.168.1.240.sslip.io:80"
time="2024-05-28T18:53:16.310546546-06:00" level=debug msg="Invoked cartservice-4mf3mt3nhec7292n4auc.default.192.168.1.240.sslip.io in 12848 usec\n"
time="2024-05-28T18:53:23.80144621-06:00" level=debug msg="Invoking: gptj-python-lzhfozkltzapbnmdvqdz.default.192.168.1.240.sslip.io:80"
time="2024-05-28T18:53:23.813272796-06:00" level=debug msg="Invoked gptj-python-lzhfozkltzapbnmdvqdz.default.192.168.1.240.sslip.io in 11844 usec\n"
time="2024-05-28T18:53:31.306250437-06:00" level=debug msg="Invoking: gptj-python-lzhfozkltzapbnmdvqdz.default.192.168.1.240.sslip.io:80"
time="2024-05-28T18:53:31.31603293-06:00" level=debug msg="Invoked gptj-python-lzhfozkltzapbnmdvqdz.default.192.168.1.240.sslip.io in 9809 usec\n"
time="2024-05-28T18:53:38.807114371-06:00" level=debug msg="Invoking: gptj-python-lzhfozkltzapbnmdvqdz.default.192.168.1.240.sslip.io:80"
time="2024-05-28T18:53:38.817977182-06:00" level=debug msg="Invoked gptj-python-lzhfozkltzapbnmdvqdz.default.192.168.1.240.sslip.io in 11047 usec\n"
time="2024-05-28T18:53:46.313634579-06:00" level=debug msg="Invoking: cartservice-4mf3mt3nhec7292n4auc.default.192.168.1.240.sslip.io:80"
time="2024-05-28T18:53:46.325616967-06:00" level=debug msg="Invoked cartservice-4mf3mt3nhec7292n4auc.default.192.168.1.240.sslip.io in 11986 usec\n"
time="2024-05-28T18:53:53.817507341-06:00" level=debug msg="Invoking: gptj-python-lzhfozkltzapbnmdvqdz.default.192.168.1.240.sslip.io:80"
time="2024-05-28T18:53:53.828252626-06:00" level=debug msg="Invoked gptj-python-lzhfozkltzapbnmdvqdz.default.192.168.1.240.sslip.io in 10751 usec\n"
time="2024-05-28T18:54:01.321484772-06:00" level=debug msg="Invoking: gptj-python-lzhfozkltzapbnmdvqdz.default.192.168.1.240.sslip.io:80"
time="2024-05-28T18:54:01.330955776-06:00" level=debug msg="Invoked gptj-python-lzhfozkltzapbnmdvqdz.default.192.168.1.240.sslip.io in 9479 usec\n"
time="2024-05-28T18:54:08.827516014-06:00" level=debug msg="Invoking: gptj-python-lzhfozkltzapbnmdvqdz.default.192.168.1.240.sslip.io:80"
time="2024-05-28T18:54:08.837397211-06:00" level=debug msg="Invoked gptj-python-lzhfozkltzapbnmdvqdz.default.192.168.1.240.sslip.io in 9889 usec\n"
time="2024-05-28T18:54:16.301402607-06:00" level=debug msg="Minute: 8"
time="2024-05-28T18:54:16.301531269-06:00" level=debug msg="Number of Invocations this iteration: 8"
time="2024-05-28T18:54:16.301610003-06:00" level=debug msg="Invoking: cartservice-4mf3mt3nhec7292n4auc.default.192.168.1.240.sslip.io:80"
time="2024-05-28T18:54:16.313519191-06:00" level=debug msg="Invoked cartservice-4mf3mt3nhec7292n4auc.default.192.168.1.240.sslip.io in 11906 usec\n"
time="2024-05-28T18:54:23.805509654-06:00" level=debug msg="Invoking: gptj-python-lzhfozkltzapbnmdvqdz.default.192.168.1.240.sslip.io:80"
time="2024-05-28T18:54:23.815746938-06:00" level=debug msg="Invoked gptj-python-lzhfozkltzapbnmdvqdz.default.192.168.1.240.sslip.io in 10273 usec\n"
time="2024-05-28T18:54:31.309432945-06:00" level=debug msg="Invoking: gptj-python-lzhfozkltzapbnmdvqdz.default.192.168.1.240.sslip.io:80"
time="2024-05-28T18:54:31.318652011-06:00" level=debug msg="Invoked gptj-python-lzhfozkltzapbnmdvqdz.default.192.168.1.240.sslip.io in 9221 usec\n"
time="2024-05-28T18:54:38.813485842-06:00" level=debug msg="Invoking: gptj-python-lzhfozkltzapbnmdvqdz.default.192.168.1.240.sslip.io:80"
time="2024-05-28T18:54:38.824015794-06:00" level=debug msg="Invoked gptj-python-lzhfozkltzapbnmdvqdz.default.192.168.1.240.sslip.io in 10539 usec\n"
time="2024-05-28T18:54:46.318952344-06:00" level=debug msg="Invoking: cartservice-4mf3mt3nhec7292n4auc.default.192.168.1.240.sslip.io:80"
time="2024-05-28T18:54:46.331107909-06:00" level=debug msg="Invoked cartservice-4mf3mt3nhec7292n4auc.default.192.168.1.240.sslip.io in 12164 usec\n"
time="2024-05-28T18:54:53.825447564-06:00" level=debug msg="Invoking: gptj-python-lzhfozkltzapbnmdvqdz.default.192.168.1.240.sslip.io:80"
time="2024-05-28T18:54:53.835101583-06:00" level=debug msg="Invoked gptj-python-lzhfozkltzapbnmdvqdz.default.192.168.1.240.sslip.io in 9663 usec\n"
time="2024-05-28T18:55:01.329452735-06:00" level=debug msg="Invoking: gptj-python-lzhfozkltzapbnmdvqdz.default.192.168.1.240.sslip.io:80"
time="2024-05-28T18:55:01.339028313-06:00" level=debug msg="Invoked gptj-python-lzhfozkltzapbnmdvqdz.default.192.168.1.240.sslip.io in 9582 usec\n"
time="2024-05-28T18:55:08.83349279-06:00" level=debug msg="Invoking: gptj-python-lzhfozkltzapbnmdvqdz.default.192.168.1.240.sslip.io:80"
time="2024-05-28T18:55:08.843732297-06:00" level=debug msg="Invoked gptj-python-lzhfozkltzapbnmdvqdz.default.192.168.1.240.sslip.io in 10249 usec\n"
time="2024-05-28T18:55:16.301402144-06:00" level=debug msg="Minute: 9"
time="2024-05-28T18:55:16.30149443-06:00" level=debug msg="Number of Invocations this iteration: 8"
time="2024-05-28T18:55:16.301581091-06:00" level=debug msg="Invoking: cartservice-4mf3mt3nhec7292n4auc.default.192.168.1.240.sslip.io:80"
time="2024-05-28T18:55:16.312868994-06:00" level=debug msg="Invoked cartservice-4mf3mt3nhec7292n4auc.default.192.168.1.240.sslip.io in 11285 usec\n"
time="2024-05-28T18:55:23.805424606-06:00" level=debug msg="Invoking: gptj-python-lzhfozkltzapbnmdvqdz.default.192.168.1.240.sslip.io:80"
time="2024-05-28T18:55:23.815409417-06:00" level=debug msg="Invoked gptj-python-lzhfozkltzapbnmdvqdz.default.192.168.1.240.sslip.io in 9994 usec\n"
time="2024-05-28T18:55:31.311486552-06:00" level=debug msg="Invoking: gptj-python-lzhfozkltzapbnmdvqdz.default.192.168.1.240.sslip.io:80"
time="2024-05-28T18:55:31.321178092-06:00" level=debug msg="Invoked gptj-python-lzhfozkltzapbnmdvqdz.default.192.168.1.240.sslip.io in 9697 usec\n"
time="2024-05-28T18:55:38.812640609-06:00" level=debug msg="Invoking: gptj-python-lzhfozkltzapbnmdvqdz.default.192.168.1.240.sslip.io:80"
time="2024-05-28T18:55:38.823435907-06:00" level=debug msg="Invoked gptj-python-lzhfozkltzapbnmdvqdz.default.192.168.1.240.sslip.io in 10939 usec\n"
time="2024-05-28T18:55:46.317485572-06:00" level=debug msg="Invoking: cartservice-4mf3mt3nhec7292n4auc.default.192.168.1.240.sslip.io:80"
time="2024-05-28T18:55:46.32978959-06:00" level=debug msg="Invoked cartservice-4mf3mt3nhec7292n4auc.default.192.168.1.240.sslip.io in 12314 usec\n"
time="2024-05-28T18:55:53.821434717-06:00" level=debug msg="Invoking: gptj-python-lzhfozkltzapbnmdvqdz.default.192.168.1.240.sslip.io:80"
time="2024-05-28T18:55:53.83241106-06:00" level=debug msg="Invoked gptj-python-lzhfozkltzapbnmdvqdz.default.192.168.1.240.sslip.io in 10987 usec\n"
time="2024-05-28T18:56:01.325496451-06:00" level=debug msg="Invoking: gptj-python-lzhfozkltzapbnmdvqdz.default.192.168.1.240.sslip.io:80"
time="2024-05-28T18:56:01.334839053-06:00" level=debug msg="Invoked gptj-python-lzhfozkltzapbnmdvqdz.default.192.168.1.240.sslip.io in 9349 usec\n"
time="2024-05-28T18:56:08.832245663-06:00" level=debug msg="Invoking: gptj-python-lzhfozkltzapbnmdvqdz.default.192.168.1.240.sslip.io:80"
time="2024-05-28T18:56:08.842741687-06:00" level=debug msg="Invoked gptj-python-lzhfozkltzapbnmdvqdz.default.192.168.1.240.sslip.io in 10510 usec\n"
time="2024-05-28T18:56:16.301501864-06:00" level=debug msg="Minute: 10"
time="2024-05-28T18:56:16.301646461-06:00" level=debug msg="Number of Invocations this iteration: 8"
time="2024-05-28T18:56:16.301730622-06:00" level=debug msg="Invoking: rnn-serving-python-10-10-onhziiug1s82ooyds1gs.default.192.168.1.240.sslip.io:80"
time="2024-05-28T18:56:23.440730208-06:00" level=debug msg="Invoked rnn-serving-python-10-10-onhziiug1s82ooyds1gs.default.192.168.1.240.sslip.io in 7138996 usec\n"
time="2024-05-28T18:56:23.802029839-06:00" level=debug msg="Invoking: gptj-python-lzhfozkltzapbnmdvqdz.default.192.168.1.240.sslip.io:80"
time="2024-05-28T18:56:23.812712968-06:00" level=debug msg="Invoked gptj-python-lzhfozkltzapbnmdvqdz.default.192.168.1.240.sslip.io in 10693 usec\n"
time="2024-05-28T18:56:31.307797579-06:00" level=debug msg="Invoking: gptj-python-lzhfozkltzapbnmdvqdz.default.192.168.1.240.sslip.io:80"
time="2024-05-28T18:56:31.317144011-06:00" level=debug msg="Invoked gptj-python-lzhfozkltzapbnmdvqdz.default.192.168.1.240.sslip.io in 9354 usec\n"
time="2024-05-28T18:56:38.813480818-06:00" level=debug msg="Invoking: gptj-python-lzhfozkltzapbnmdvqdz.default.192.168.1.240.sslip.io:80"
time="2024-05-28T18:56:38.824216879-06:00" level=debug msg="Invoked gptj-python-lzhfozkltzapbnmdvqdz.default.192.168.1.240.sslip.io in 10745 usec\n"
time="2024-05-28T18:56:46.317437009-06:00" level=debug msg="Invoking: cartservice-4mf3mt3nhec7292n4auc.default.192.168.1.240.sslip.io:80"
time="2024-05-28T18:56:46.330438937-06:00" level=debug msg="Invoked cartservice-4mf3mt3nhec7292n4auc.default.192.168.1.240.sslip.io in 13017 usec\n"
time="2024-05-28T18:56:53.821517471-06:00" level=debug msg="Invoking: gptj-python-lzhfozkltzapbnmdvqdz.default.192.168.1.240.sslip.io:80"
time="2024-05-28T18:56:53.832085617-06:00" level=debug msg="Invoked gptj-python-lzhfozkltzapbnmdvqdz.default.192.168.1.240.sslip.io in 10581 usec\n"
time="2024-05-28T18:57:01.325893992-06:00" level=debug msg="Invoking: gptj-python-lzhfozkltzapbnmdvqdz.default.192.168.1.240.sslip.io:80"
time="2024-05-28T18:57:01.334929131-06:00" level=debug msg="Invoked gptj-python-lzhfozkltzapbnmdvqdz.default.192.168.1.240.sslip.io in 9040 usec\n"
time="2024-05-28T18:57:08.82960376-06:00" level=debug msg="Invoking: gptj-python-lzhfozkltzapbnmdvqdz.default.192.168.1.240.sslip.io:80"
time="2024-05-28T18:57:08.840361721-06:00" level=debug msg="Invoked gptj-python-lzhfozkltzapbnmdvqdz.default.192.168.1.240.sslip.io in 10773 usec\n"
time="2024-05-28T18:57:16.301406482-06:00" level=debug msg="Minute: 11"
time="2024-05-28T18:57:16.301506331-06:00" level=debug msg="Number of Invocations this iteration: 8"
time="2024-05-28T18:57:16.301597464-06:00" level=debug msg="Invoking: image-rotate-go-6-c2ml8qo1z2f9u8lrxdof.default.192.168.1.240.sslip.io:80"
time="2024-05-28T18:57:23.805433609-06:00" level=debug msg="Invoking: gptj-python-lzhfozkltzapbnmdvqdz.default.192.168.1.240.sslip.io:80"
time="2024-05-28T18:57:23.815549281-06:00" level=debug msg="Invoked gptj-python-lzhfozkltzapbnmdvqdz.default.192.168.1.240.sslip.io in 10130 usec\n"
time="2024-05-28T18:57:28.495639494-06:00" level=debug msg="Invoked image-rotate-go-6-c2ml8qo1z2f9u8lrxdof.default.192.168.1.240.sslip.io in 12194040 usec\n"
time="2024-05-28T18:57:31.307887973-06:00" level=debug msg="Invoking: gptj-python-lzhfozkltzapbnmdvqdz.default.192.168.1.240.sslip.io:80"
time="2024-05-28T18:57:31.317764061-06:00" level=debug msg="Invoked gptj-python-lzhfozkltzapbnmdvqdz.default.192.168.1.240.sslip.io in 9885 usec\n"
time="2024-05-28T18:57:38.814018195-06:00" level=debug msg="Invoking: gptj-python-lzhfozkltzapbnmdvqdz.default.192.168.1.240.sslip.io:80"
time="2024-05-28T18:57:38.824804181-06:00" level=debug msg="Invoked gptj-python-lzhfozkltzapbnmdvqdz.default.192.168.1.240.sslip.io in 10917 usec\n"
time="2024-05-28T18:57:46.317525556-06:00" level=debug msg="Invoking: cartservice-4mf3mt3nhec7292n4auc.default.192.168.1.240.sslip.io:80"
time="2024-05-28T18:57:46.330510875-06:00" level=debug msg="Invoked cartservice-4mf3mt3nhec7292n4auc.default.192.168.1.240.sslip.io in 13015 usec\n"
time="2024-05-28T18:57:53.823965951-06:00" level=debug msg="Invoking: gptj-python-lzhfozkltzapbnmdvqdz.default.192.168.1.240.sslip.io:80"
time="2024-05-28T18:57:53.833986783-06:00" level=debug msg="Invoked gptj-python-lzhfozkltzapbnmdvqdz.default.192.168.1.240.sslip.io in 10034 usec\n"
time="2024-05-28T18:58:01.329480072-06:00" level=debug msg="Invoking: gptj-python-lzhfozkltzapbnmdvqdz.default.192.168.1.240.sslip.io:80"
time="2024-05-28T18:58:01.339429985-06:00" level=debug msg="Invoked gptj-python-lzhfozkltzapbnmdvqdz.default.192.168.1.240.sslip.io in 9961 usec\n"
time="2024-05-28T18:58:08.836871267-06:00" level=debug msg="Invoking: gptj-python-lzhfozkltzapbnmdvqdz.default.192.168.1.240.sslip.io:80"
time="2024-05-28T18:58:08.846378458-06:00" level=debug msg="Invoked gptj-python-lzhfozkltzapbnmdvqdz.default.192.168.1.240.sslip.io in 9521 usec\n"
time="2024-05-28T18:58:16.301462434-06:00" level=debug msg="Minute: 12"
time="2024-05-28T18:58:16.301599089-06:00" level=debug msg="Number of Invocations this iteration: 8"
time="2024-05-28T18:58:16.301669553-06:00" level=debug msg="Invoking: cartservice-4mf3mt3nhec7292n4auc.default.192.168.1.240.sslip.io:80"
time="2024-05-28T18:58:16.313037102-06:00" level=debug msg="Invoked cartservice-4mf3mt3nhec7292n4auc.default.192.168.1.240.sslip.io in 11366 usec\n"
time="2024-05-28T18:58:23.805484883-06:00" level=debug msg="Invoking: gptj-python-lzhfozkltzapbnmdvqdz.default.192.168.1.240.sslip.io:80"
time="2024-05-28T18:58:23.815550452-06:00" level=debug msg="Invoked gptj-python-lzhfozkltzapbnmdvqdz.default.192.168.1.240.sslip.io in 10074 usec\n"
time="2024-05-28T18:58:31.309516994-06:00" level=debug msg="Invoking: gptj-python-lzhfozkltzapbnmdvqdz.default.192.168.1.240.sslip.io:80"
time="2024-05-28T18:58:31.319685986-06:00" level=debug msg="Invoked gptj-python-lzhfozkltzapbnmdvqdz.default.192.168.1.240.sslip.io in 10184 usec\n"
time="2024-05-28T18:58:38.813418891-06:00" level=debug msg="Invoking: gptj-python-lzhfozkltzapbnmdvqdz.default.192.168.1.240.sslip.io:80"
time="2024-05-28T18:58:38.82416797-06:00" level=debug msg="Invoked gptj-python-lzhfozkltzapbnmdvqdz.default.192.168.1.240.sslip.io in 10760 usec\n"
time="2024-05-28T18:58:46.317485912-06:00" level=debug msg="Invoking: cartservice-4mf3mt3nhec7292n4auc.default.192.168.1.240.sslip.io:80"
time="2024-05-28T18:58:46.330005417-06:00" level=debug msg="Invoked cartservice-4mf3mt3nhec7292n4auc.default.192.168.1.240.sslip.io in 12531 usec\n"
time="2024-05-28T18:58:53.821453981-06:00" level=debug msg="Invoking: gptj-python-lzhfozkltzapbnmdvqdz.default.192.168.1.240.sslip.io:80"
time="2024-05-28T18:58:53.832003226-06:00" level=debug msg="Invoked gptj-python-lzhfozkltzapbnmdvqdz.default.192.168.1.240.sslip.io in 10573 usec\n"
time="2024-05-28T18:59:01.325427084-06:00" level=debug msg="Invoking: gptj-python-lzhfozkltzapbnmdvqdz.default.192.168.1.240.sslip.io:80"
time="2024-05-28T18:59:01.335386992-06:00" level=debug msg="Invoked gptj-python-lzhfozkltzapbnmdvqdz.default.192.168.1.240.sslip.io in 9970 usec\n"
time="2024-05-28T18:59:08.829474269-06:00" level=debug msg="Invoking: gptj-python-lzhfozkltzapbnmdvqdz.default.192.168.1.240.sslip.io:80"
time="2024-05-28T18:59:08.843140425-06:00" level=debug msg="Invoked gptj-python-lzhfozkltzapbnmdvqdz.default.192.168.1.240.sslip.io in 13676 usec\n"
time="2024-05-28T18:59:16.301506243-06:00" level=debug msg="Minute: 13"
time="2024-05-28T18:59:16.301616182-06:00" level=debug msg="Number of Invocations this iteration: 8"
time="2024-05-28T18:59:16.301712481-06:00" level=debug msg="Invoking: cartservice-4mf3mt3nhec7292n4auc.default.192.168.1.240.sslip.io:80"
time="2024-05-28T18:59:16.314105867-06:00" level=debug msg="Invoked cartservice-4mf3mt3nhec7292n4auc.default.192.168.1.240.sslip.io in 12391 usec\n"
time="2024-05-28T18:59:23.807916881-06:00" level=debug msg="Invoking: gptj-python-lzhfozkltzapbnmdvqdz.default.192.168.1.240.sslip.io:80"
time="2024-05-28T18:59:23.818231027-06:00" level=debug msg="Invoked gptj-python-lzhfozkltzapbnmdvqdz.default.192.168.1.240.sslip.io in 10323 usec\n"
time="2024-05-28T18:59:31.31352718-06:00" level=debug msg="Invoking: gptj-python-lzhfozkltzapbnmdvqdz.default.192.168.1.240.sslip.io:80"
time="2024-05-28T18:59:31.323427021-06:00" level=debug msg="Invoked gptj-python-lzhfozkltzapbnmdvqdz.default.192.168.1.240.sslip.io in 9924 usec\n"
time="2024-05-28T18:59:38.81457975-06:00" level=debug msg="Invoking: gptj-python-lzhfozkltzapbnmdvqdz.default.192.168.1.240.sslip.io:80"
time="2024-05-28T18:59:38.826385456-06:00" level=debug msg="Invoked gptj-python-lzhfozkltzapbnmdvqdz.default.192.168.1.240.sslip.io in 11812 usec\n"
time="2024-05-28T18:59:46.321480059-06:00" level=debug msg="Invoking: cartservice-4mf3mt3nhec7292n4auc.default.192.168.1.240.sslip.io:80"
time="2024-05-28T18:59:46.334835274-06:00" level=debug msg="Invoked cartservice-4mf3mt3nhec7292n4auc.default.192.168.1.240.sslip.io in 13364 usec\n"
time="2024-05-28T18:59:53.825489876-06:00" level=debug msg="Invoking: gptj-python-lzhfozkltzapbnmdvqdz.default.192.168.1.240.sslip.io:80"
time="2024-05-28T18:59:53.835166222-06:00" level=debug msg="Invoked gptj-python-lzhfozkltzapbnmdvqdz.default.192.168.1.240.sslip.io in 9688 usec\n"
time="2024-05-28T19:00:01.32949653-06:00" level=debug msg="Invoking: gptj-python-lzhfozkltzapbnmdvqdz.default.192.168.1.240.sslip.io:80"
time="2024-05-28T19:00:01.339728016-06:00" level=debug msg="Invoked gptj-python-lzhfozkltzapbnmdvqdz.default.192.168.1.240.sslip.io in 10241 usec\n"
time="2024-05-28T19:00:08.833514671-06:00" level=debug msg="Invoking: gptj-python-lzhfozkltzapbnmdvqdz.default.192.168.1.240.sslip.io:80"
time="2024-05-28T19:00:08.844318144-06:00" level=debug msg="Invoked gptj-python-lzhfozkltzapbnmdvqdz.default.192.168.1.240.sslip.io in 10816 usec\n"
time="2024-05-28T19:00:16.301467037-06:00" level=info msg="Experiment Phase Completed"
time="2024-05-28T19:00:16.301599966-06:00" level=info msg="Issued / completed requests: 112, 112"
time="2024-05-28T19:00:16.301638066-06:00" level=info msg="Average Real RPS: 0.13 "
time="2024-05-28T19:00:16.301664008-06:00" level=info msg="Experiment finished!"
time="2024-05-28T19:00:16.301690387-06:00" level=info msg="The measured latencies are saved in rps_lat.csv"
