time="2024-05-28T19:11:42.561211066-06:00" level=debug msg="Debug logging is enabled"
time="2024-05-28T19:11:42.561402252-06:00" level=info msg="Reading the trace endpoints from the file: /users/ArunAMS/vSwarm/tools/load-generator/load.json"
time="2024-05-28T19:11:42.563163682-06:00" level=info msg="Warmup Duration: 3"
time="2024-05-28T19:11:42.563197899-06:00" level=info msg="Experiment Duration: 11"
time="2024-05-28T19:11:42.563222683-06:00" level=info msg="Minute Granularity: true"
time="2024-05-28T19:12:42.62166466-06:00" level=info msg="Running Warmup Phase"
time="2024-05-28T19:12:42.621745207-06:00" level=debug msg="Minute: 0"
time="2024-05-28T19:12:42.621819182-06:00" level=debug msg="Number of Invocations this iteration: 8"
time="2024-05-28T19:12:42.621939355-06:00" level=debug msg="Invoking: cartservice-6tlo4eudeqsrdpcuf1wt.default.192.168.1.240.sslip.io:80"
time="2024-05-28T19:12:50.122761774-06:00" level=debug msg="Invoking: gptj-python-ltxutuei8pgf9hnybja8.default.192.168.1.240.sslip.io:80"
time="2024-05-28T19:12:57.623838356-06:00" level=debug msg="Invoking: gptj-python-ltxutuei8pgf9hnybja8.default.192.168.1.240.sslip.io:80"
time="2024-05-28T19:13:05.130725047-06:00" level=debug msg="Invoking: gptj-python-ltxutuei8pgf9hnybja8.default.192.168.1.240.sslip.io:80"
time="2024-05-28T19:13:12.633731555-06:00" level=debug msg="Invoking: cartservice-6tlo4eudeqsrdpcuf1wt.default.192.168.1.240.sslip.io:80"
time="2024-05-28T19:13:20.137746503-06:00" level=debug msg="Invoking: gptj-python-ltxutuei8pgf9hnybja8.default.192.168.1.240.sslip.io:80"
time="2024-05-28T19:13:27.641656861-06:00" level=debug msg="Invoking: gptj-python-ltxutuei8pgf9hnybja8.default.192.168.1.240.sslip.io:80"
time="2024-05-28T19:13:35.145689405-06:00" level=debug msg="Invoking: gptj-python-ltxutuei8pgf9hnybja8.default.192.168.1.240.sslip.io:80"
time="2024-05-28T19:13:42.569694881-06:00" level=debug msg="Minute: 1"
time="2024-05-28T19:13:42.569798118-06:00" level=debug msg="Number of Invocations this iteration: 8"
time="2024-05-28T19:13:42.569867157-06:00" level=debug msg="Invoking: image-rotate-go-6-f5hdmou9j9711et4ku04.default.192.168.1.240.sslip.io:80"
time="2024-05-28T19:13:50.073658943-06:00" level=debug msg="Invoking: gptj-python-ltxutuei8pgf9hnybja8.default.192.168.1.240.sslip.io:80"
time="2024-05-28T19:13:57.574849613-06:00" level=debug msg="Invoking: gptj-python-ltxutuei8pgf9hnybja8.default.192.168.1.240.sslip.io:80"
time="2024-05-28T19:14:05.081723285-06:00" level=debug msg="Invoking: gptj-python-ltxutuei8pgf9hnybja8.default.192.168.1.240.sslip.io:80"
time="2024-05-28T19:14:12.585748813-06:00" level=debug msg="Invoking: cartservice-6tlo4eudeqsrdpcuf1wt.default.192.168.1.240.sslip.io:80"
time="2024-05-28T19:14:20.089767709-06:00" level=debug msg="Invoking: gptj-python-ltxutuei8pgf9hnybja8.default.192.168.1.240.sslip.io:80"
time="2024-05-28T19:14:27.593757057-06:00" level=debug msg="Invoking: gptj-python-ltxutuei8pgf9hnybja8.default.192.168.1.240.sslip.io:80"
time="2024-05-28T19:14:35.097656241-06:00" level=debug msg="Invoking: gptj-python-ltxutuei8pgf9hnybja8.default.192.168.1.240.sslip.io:80"
time="2024-05-28T19:14:42.569846411-06:00" level=debug msg="Minute: 2"
time="2024-05-28T19:14:42.569939609-06:00" level=debug msg="Number of Invocations this iteration: 8"
time="2024-05-28T19:14:42.570033056-06:00" level=debug msg="Invoking: cartservice-6tlo4eudeqsrdpcuf1wt.default.192.168.1.240.sslip.io:80"
time="2024-05-28T19:14:50.07365523-06:00" level=debug msg="Invoking: gptj-python-ltxutuei8pgf9hnybja8.default.192.168.1.240.sslip.io:80"
time="2024-05-28T19:14:57.577690929-06:00" level=debug msg="Invoking: gptj-python-ltxutuei8pgf9hnybja8.default.192.168.1.240.sslip.io:80"
time="2024-05-28T19:15:05.083936917-06:00" level=debug msg="Invoking: gptj-python-ltxutuei8pgf9hnybja8.default.192.168.1.240.sslip.io:80"
time="2024-05-28T19:15:12.589720336-06:00" level=debug msg="Invoking: cartservice-6tlo4eudeqsrdpcuf1wt.default.192.168.1.240.sslip.io:80"
time="2024-05-28T19:15:20.093701889-06:00" level=debug msg="Invoking: gptj-python-ltxutuei8pgf9hnybja8.default.192.168.1.240.sslip.io:80"
time="2024-05-28T19:15:27.597783476-06:00" level=debug msg="Invoking: gptj-python-ltxutuei8pgf9hnybja8.default.192.168.1.240.sslip.io:80"
time="2024-05-28T19:15:35.101710332-06:00" level=debug msg="Invoking: gptj-python-ltxutuei8pgf9hnybja8.default.192.168.1.240.sslip.io:80"
time="2024-05-28T19:15:42.569658946-06:00" level=info msg="Warmup Phase Completed"
time="2024-05-28T19:15:42.569708436-06:00" level=info msg="Running Experiment Phase"
time="2024-05-28T19:15:42.569723454-06:00" level=debug msg="Minute: 3"
time="2024-05-28T19:15:42.569751885-06:00" level=debug msg="Number of Invocations this iteration: 8"
time="2024-05-28T19:15:42.569802776-06:00" level=debug msg="Invoking: cartservice-6tlo4eudeqsrdpcuf1wt.default.192.168.1.240.sslip.io:80"
time="2024-05-28T19:15:42.582960004-06:00" level=debug msg="Invoked cartservice-6tlo4eudeqsrdpcuf1wt.default.192.168.1.240.sslip.io in 13152 usec\n"
time="2024-05-28T19:15:50.07655734-06:00" level=debug msg="Invoking: gptj-python-ltxutuei8pgf9hnybja8.default.192.168.1.240.sslip.io:80"
time="2024-05-28T19:15:50.086079396-06:00" level=debug msg="Invoked gptj-python-ltxutuei8pgf9hnybja8.default.192.168.1.240.sslip.io in 9532 usec\n"
time="2024-05-28T19:15:57.58168066-06:00" level=debug msg="Invoking: gptj-python-ltxutuei8pgf9hnybja8.default.192.168.1.240.sslip.io:80"
time="2024-05-28T19:15:57.592555216-06:00" level=debug msg="Invoked gptj-python-ltxutuei8pgf9hnybja8.default.192.168.1.240.sslip.io in 10884 usec\n"
time="2024-05-28T19:16:05.085999857-06:00" level=debug msg="Invoking: gptj-python-ltxutuei8pgf9hnybja8.default.192.168.1.240.sslip.io:80"
time="2024-05-28T19:16:05.095655399-06:00" level=debug msg="Invoked gptj-python-ltxutuei8pgf9hnybja8.default.192.168.1.240.sslip.io in 9661 usec\n"
time="2024-05-28T19:16:12.588828038-06:00" level=debug msg="Invoking: cartservice-6tlo4eudeqsrdpcuf1wt.default.192.168.1.240.sslip.io:80"
time="2024-05-28T19:16:12.602718378-06:00" level=debug msg="Invoked cartservice-6tlo4eudeqsrdpcuf1wt.default.192.168.1.240.sslip.io in 14087 usec\n"
time="2024-05-28T19:16:20.093719316-06:00" level=debug msg="Invoking: gptj-python-ltxutuei8pgf9hnybja8.default.192.168.1.240.sslip.io:80"
time="2024-05-28T19:16:20.107137834-06:00" level=debug msg="Invoked gptj-python-ltxutuei8pgf9hnybja8.default.192.168.1.240.sslip.io in 13430 usec\n"
time="2024-05-28T19:16:27.597743955-06:00" level=debug msg="Invoking: gptj-python-ltxutuei8pgf9hnybja8.default.192.168.1.240.sslip.io:80"
time="2024-05-28T19:16:27.608021667-06:00" level=debug msg="Invoked gptj-python-ltxutuei8pgf9hnybja8.default.192.168.1.240.sslip.io in 10291 usec\n"
time="2024-05-28T19:16:35.101683115-06:00" level=debug msg="Invoking: gptj-python-ltxutuei8pgf9hnybja8.default.192.168.1.240.sslip.io:80"
time="2024-05-28T19:16:35.111406546-06:00" level=debug msg="Invoked gptj-python-ltxutuei8pgf9hnybja8.default.192.168.1.240.sslip.io in 9732 usec\n"
time="2024-05-28T19:16:42.569645901-06:00" level=debug msg="Minute: 4"
time="2024-05-28T19:16:42.569705916-06:00" level=debug msg="Number of Invocations this iteration: 8"
time="2024-05-28T19:16:42.569763382-06:00" level=debug msg="Invoking: rnn-serving-python-10-10-q58vo2v1kclvhpvhz69v.default.192.168.1.240.sslip.io:80"
time="2024-05-28T19:16:49.112495175-06:00" level=debug msg="Invoked rnn-serving-python-10-10-q58vo2v1kclvhpvhz69v.default.192.168.1.240.sslip.io in 6542727 usec\n"
time="2024-05-28T19:16:50.070716465-06:00" level=debug msg="Invoking: gptj-python-ltxutuei8pgf9hnybja8.default.192.168.1.240.sslip.io:80"
time="2024-05-28T19:16:50.080221141-06:00" level=debug msg="Invoked gptj-python-ltxutuei8pgf9hnybja8.default.192.168.1.240.sslip.io in 9514 usec\n"
time="2024-05-28T19:16:57.573719321-06:00" level=debug msg="Invoking: gptj-python-ltxutuei8pgf9hnybja8.default.192.168.1.240.sslip.io:80"
time="2024-05-28T19:16:57.584344334-06:00" level=debug msg="Invoked gptj-python-ltxutuei8pgf9hnybja8.default.192.168.1.240.sslip.io in 10636 usec\n"
time="2024-05-28T19:17:05.077709185-06:00" level=debug msg="Invoking: gptj-python-ltxutuei8pgf9hnybja8.default.192.168.1.240.sslip.io:80"
time="2024-05-28T19:17:05.087248094-06:00" level=debug msg="Invoked gptj-python-ltxutuei8pgf9hnybja8.default.192.168.1.240.sslip.io in 9547 usec\n"
time="2024-05-28T19:17:12.581742805-06:00" level=debug msg="Invoking: cartservice-6tlo4eudeqsrdpcuf1wt.default.192.168.1.240.sslip.io:80"
time="2024-05-28T19:17:12.594404416-06:00" level=debug msg="Invoked cartservice-6tlo4eudeqsrdpcuf1wt.default.192.168.1.240.sslip.io in 12675 usec\n"
time="2024-05-28T19:17:20.085686617-06:00" level=debug msg="Invoking: gptj-python-ltxutuei8pgf9hnybja8.default.192.168.1.240.sslip.io:80"
time="2024-05-28T19:17:20.097478354-06:00" level=debug msg="Invoked gptj-python-ltxutuei8pgf9hnybja8.default.192.168.1.240.sslip.io in 11837 usec\n"
time="2024-05-28T19:17:27.589718554-06:00" level=debug msg="Invoking: gptj-python-ltxutuei8pgf9hnybja8.default.192.168.1.240.sslip.io:80"
time="2024-05-28T19:17:27.600131394-06:00" level=debug msg="Invoked gptj-python-ltxutuei8pgf9hnybja8.default.192.168.1.240.sslip.io in 10422 usec\n"
time="2024-05-28T19:17:35.093661773-06:00" level=debug msg="Invoking: gptj-python-ltxutuei8pgf9hnybja8.default.192.168.1.240.sslip.io:80"
time="2024-05-28T19:17:35.104585531-06:00" level=debug msg="Invoked gptj-python-ltxutuei8pgf9hnybja8.default.192.168.1.240.sslip.io in 10933 usec\n"
time="2024-05-28T19:17:42.569668942-06:00" level=debug msg="Minute: 5"
time="2024-05-28T19:17:42.569770298-06:00" level=debug msg="Number of Invocations this iteration: 8"
time="2024-05-28T19:17:42.569863766-06:00" level=debug msg="Invoking: cartservice-6tlo4eudeqsrdpcuf1wt.default.192.168.1.240.sslip.io:80"
time="2024-05-28T19:17:42.583949001-06:00" level=debug msg="Invoked cartservice-6tlo4eudeqsrdpcuf1wt.default.192.168.1.240.sslip.io in 14083 usec\n"
time="2024-05-28T19:17:50.073661234-06:00" level=debug msg="Invoking: gptj-python-ltxutuei8pgf9hnybja8.default.192.168.1.240.sslip.io:80"
time="2024-05-28T19:17:50.083562201-06:00" level=debug msg="Invoked gptj-python-ltxutuei8pgf9hnybja8.default.192.168.1.240.sslip.io in 9903 usec\n"
time="2024-05-28T19:17:57.577678856-06:00" level=debug msg="Invoking: gptj-python-ltxutuei8pgf9hnybja8.default.192.168.1.240.sslip.io:80"
time="2024-05-28T19:17:57.587193304-06:00" level=debug msg="Invoked gptj-python-ltxutuei8pgf9hnybja8.default.192.168.1.240.sslip.io in 9524 usec\n"
time="2024-05-28T19:18:05.081741189-06:00" level=debug msg="Invoking: gptj-python-ltxutuei8pgf9hnybja8.default.192.168.1.240.sslip.io:80"
time="2024-05-28T19:18:05.090776959-06:00" level=debug msg="Invoked gptj-python-ltxutuei8pgf9hnybja8.default.192.168.1.240.sslip.io in 9045 usec\n"
time="2024-05-28T19:18:12.585729539-06:00" level=debug msg="Invoking: cartservice-6tlo4eudeqsrdpcuf1wt.default.192.168.1.240.sslip.io:80"
time="2024-05-28T19:18:12.599937208-06:00" level=debug msg="Invoked cartservice-6tlo4eudeqsrdpcuf1wt.default.192.168.1.240.sslip.io in 14246 usec\n"
time="2024-05-28T19:18:20.089720647-06:00" level=debug msg="Invoking: gptj-python-ltxutuei8pgf9hnybja8.default.192.168.1.240.sslip.io:80"
time="2024-05-28T19:18:20.099448273-06:00" level=debug msg="Invoked gptj-python-ltxutuei8pgf9hnybja8.default.192.168.1.240.sslip.io in 9735 usec\n"
time="2024-05-28T19:18:27.596798103-06:00" level=debug msg="Invoking: gptj-python-ltxutuei8pgf9hnybja8.default.192.168.1.240.sslip.io:80"
time="2024-05-28T19:18:27.611356081-06:00" level=debug msg="Invoked gptj-python-ltxutuei8pgf9hnybja8.default.192.168.1.240.sslip.io in 14567 usec\n"
time="2024-05-28T19:18:35.101666377-06:00" level=debug msg="Invoking: gptj-python-ltxutuei8pgf9hnybja8.default.192.168.1.240.sslip.io:80"
time="2024-05-28T19:18:35.111846816-06:00" level=debug msg="Invoked gptj-python-ltxutuei8pgf9hnybja8.default.192.168.1.240.sslip.io in 10188 usec\n"
time="2024-05-28T19:18:42.569660019-06:00" level=debug msg="Minute: 6"
time="2024-05-28T19:18:42.56976293-06:00" level=debug msg="Number of Invocations this iteration: 8"
time="2024-05-28T19:18:42.56984542-06:00" level=debug msg="Invoking: image-rotate-go-6-f5hdmou9j9711et4ku04.default.192.168.1.240.sslip.io:80"
time="2024-05-28T19:18:50.073664856-06:00" level=debug msg="Invoking: gptj-python-ltxutuei8pgf9hnybja8.default.192.168.1.240.sslip.io:80"
time="2024-05-28T19:18:50.082478773-06:00" level=debug msg="Invoked gptj-python-ltxutuei8pgf9hnybja8.default.192.168.1.240.sslip.io in 8827 usec\n"
time="2024-05-28T19:18:54.770901101-06:00" level=debug msg="Invoked image-rotate-go-6-f5hdmou9j9711et4ku04.default.192.168.1.240.sslip.io in 12201053 usec\n"
time="2024-05-28T19:18:57.576557939-06:00" level=debug msg="Invoking: gptj-python-ltxutuei8pgf9hnybja8.default.192.168.1.240.sslip.io:80"
time="2024-05-28T19:18:57.587252069-06:00" level=debug msg="Invoked gptj-python-ltxutuei8pgf9hnybja8.default.192.168.1.240.sslip.io in 10705 usec\n"
time="2024-05-28T19:19:05.081723384-06:00" level=debug msg="Invoking: gptj-python-ltxutuei8pgf9hnybja8.default.192.168.1.240.sslip.io:80"
time="2024-05-28T19:19:05.091266887-06:00" level=debug msg="Invoked gptj-python-ltxutuei8pgf9hnybja8.default.192.168.1.240.sslip.io in 9551 usec\n"
time="2024-05-28T19:19:12.585690932-06:00" level=debug msg="Invoking: cartservice-6tlo4eudeqsrdpcuf1wt.default.192.168.1.240.sslip.io:80"
time="2024-05-28T19:19:12.598914527-06:00" level=debug msg="Invoked cartservice-6tlo4eudeqsrdpcuf1wt.default.192.168.1.240.sslip.io in 13234 usec\n"
time="2024-05-28T19:19:20.089732774-06:00" level=debug msg="Invoking: gptj-python-ltxutuei8pgf9hnybja8.default.192.168.1.240.sslip.io:80"
time="2024-05-28T19:19:20.102708449-06:00" level=debug msg="Invoked gptj-python-ltxutuei8pgf9hnybja8.default.192.168.1.240.sslip.io in 12986 usec\n"
time="2024-05-28T19:19:27.593719893-06:00" level=debug msg="Invoking: gptj-python-ltxutuei8pgf9hnybja8.default.192.168.1.240.sslip.io:80"
time="2024-05-28T19:19:27.604520983-06:00" level=debug msg="Invoked gptj-python-ltxutuei8pgf9hnybja8.default.192.168.1.240.sslip.io in 10808 usec\n"
time="2024-05-28T19:19:35.097660944-06:00" level=debug msg="Invoking: gptj-python-ltxutuei8pgf9hnybja8.default.192.168.1.240.sslip.io:80"
time="2024-05-28T19:19:35.107333519-06:00" level=debug msg="Invoked gptj-python-ltxutuei8pgf9hnybja8.default.192.168.1.240.sslip.io in 9683 usec\n"
time="2024-05-28T19:19:42.569654355-06:00" level=debug msg="Minute: 7"
time="2024-05-28T19:19:42.569741772-06:00" level=debug msg="Number of Invocations this iteration: 8"
time="2024-05-28T19:19:42.569832193-06:00" level=debug msg="Invoking: cartservice-6tlo4eudeqsrdpcuf1wt.default.192.168.1.240.sslip.io:80"
time="2024-05-28T19:19:42.582920381-06:00" level=debug msg="Invoked cartservice-6tlo4eudeqsrdpcuf1wt.default.192.168.1.240.sslip.io in 13086 usec\n"
time="2024-05-28T19:19:50.073679655-06:00" level=debug msg="Invoking: gptj-python-ltxutuei8pgf9hnybja8.default.192.168.1.240.sslip.io:80"
time="2024-05-28T19:19:50.086356594-06:00" level=debug msg="Invoked gptj-python-ltxutuei8pgf9hnybja8.default.192.168.1.240.sslip.io in 12687 usec\n"
time="2024-05-28T19:19:57.579703323-06:00" level=debug msg="Invoking: gptj-python-ltxutuei8pgf9hnybja8.default.192.168.1.240.sslip.io:80"
time="2024-05-28T19:19:57.588732884-06:00" level=debug msg="Invoked gptj-python-ltxutuei8pgf9hnybja8.default.192.168.1.240.sslip.io in 9031 usec\n"
time="2024-05-28T19:20:05.085686706-06:00" level=debug msg="Invoking: gptj-python-ltxutuei8pgf9hnybja8.default.192.168.1.240.sslip.io:80"
time="2024-05-28T19:20:05.095365015-06:00" level=debug msg="Invoked gptj-python-ltxutuei8pgf9hnybja8.default.192.168.1.240.sslip.io in 9688 usec\n"
time="2024-05-28T19:20:12.589745234-06:00" level=debug msg="Invoking: cartservice-6tlo4eudeqsrdpcuf1wt.default.192.168.1.240.sslip.io:80"
time="2024-05-28T19:20:12.60816756-06:00" level=debug msg="Invoked cartservice-6tlo4eudeqsrdpcuf1wt.default.192.168.1.240.sslip.io in 18424 usec\n"
time="2024-05-28T19:20:20.093670201-06:00" level=debug msg="Invoking: gptj-python-ltxutuei8pgf9hnybja8.default.192.168.1.240.sslip.io:80"
time="2024-05-28T19:20:20.104299327-06:00" level=debug msg="Invoked gptj-python-ltxutuei8pgf9hnybja8.default.192.168.1.240.sslip.io in 10645 usec\n"
time="2024-05-28T19:20:27.599341174-06:00" level=debug msg="Invoking: gptj-python-ltxutuei8pgf9hnybja8.default.192.168.1.240.sslip.io:80"
time="2024-05-28T19:20:27.609825187-06:00" level=debug msg="Invoked gptj-python-ltxutuei8pgf9hnybja8.default.192.168.1.240.sslip.io in 10495 usec\n"
time="2024-05-28T19:20:35.105725773-06:00" level=debug msg="Invoking: gptj-python-ltxutuei8pgf9hnybja8.default.192.168.1.240.sslip.io:80"
time="2024-05-28T19:20:35.115608672-06:00" level=debug msg="Invoked gptj-python-ltxutuei8pgf9hnybja8.default.192.168.1.240.sslip.io in 9889 usec\n"
time="2024-05-28T19:20:42.569738646-06:00" level=debug msg="Minute: 8"
time="2024-05-28T19:20:42.569879769-06:00" level=debug msg="Number of Invocations this iteration: 8"
time="2024-05-28T19:20:42.569982571-06:00" level=debug msg="Invoking: cartservice-6tlo4eudeqsrdpcuf1wt.default.192.168.1.240.sslip.io:80"
time="2024-05-28T19:20:42.583031639-06:00" level=debug msg="Invoked cartservice-6tlo4eudeqsrdpcuf1wt.default.192.168.1.240.sslip.io in 13047 usec\n"
time="2024-05-28T19:20:50.073672824-06:00" level=debug msg="Invoking: gptj-python-ltxutuei8pgf9hnybja8.default.192.168.1.240.sslip.io:80"
time="2024-05-28T19:20:50.083607167-06:00" level=debug msg="Invoked gptj-python-ltxutuei8pgf9hnybja8.default.192.168.1.240.sslip.io in 9945 usec\n"
time="2024-05-28T19:20:57.580922789-06:00" level=debug msg="Invoking: gptj-python-ltxutuei8pgf9hnybja8.default.192.168.1.240.sslip.io:80"
time="2024-05-28T19:20:57.593385016-06:00" level=debug msg="Invoked gptj-python-ltxutuei8pgf9hnybja8.default.192.168.1.240.sslip.io in 12468 usec\n"
time="2024-05-28T19:21:05.085762743-06:00" level=debug msg="Invoking: gptj-python-ltxutuei8pgf9hnybja8.default.192.168.1.240.sslip.io:80"
time="2024-05-28T19:21:05.095943527-06:00" level=debug msg="Invoked gptj-python-ltxutuei8pgf9hnybja8.default.192.168.1.240.sslip.io in 10191 usec\n"
time="2024-05-28T19:21:12.589691603-06:00" level=debug msg="Invoking: cartservice-6tlo4eudeqsrdpcuf1wt.default.192.168.1.240.sslip.io:80"
time="2024-05-28T19:21:12.601971805-06:00" level=debug msg="Invoked cartservice-6tlo4eudeqsrdpcuf1wt.default.192.168.1.240.sslip.io in 12290 usec\n"
time="2024-05-28T19:21:20.093660963-06:00" level=debug msg="Invoking: gptj-python-ltxutuei8pgf9hnybja8.default.192.168.1.240.sslip.io:80"
time="2024-05-28T19:21:20.105977779-06:00" level=debug msg="Invoked gptj-python-ltxutuei8pgf9hnybja8.default.192.168.1.240.sslip.io in 12326 usec\n"
time="2024-05-28T19:21:27.599303824-06:00" level=debug msg="Invoking: gptj-python-ltxutuei8pgf9hnybja8.default.192.168.1.240.sslip.io:80"
time="2024-05-28T19:21:27.609319222-06:00" level=debug msg="Invoked gptj-python-ltxutuei8pgf9hnybja8.default.192.168.1.240.sslip.io in 10027 usec\n"
time="2024-05-28T19:21:35.106670197-06:00" level=debug msg="Invoking: gptj-python-ltxutuei8pgf9hnybja8.default.192.168.1.240.sslip.io:80"
time="2024-05-28T19:21:35.116234338-06:00" level=debug msg="Invoked gptj-python-ltxutuei8pgf9hnybja8.default.192.168.1.240.sslip.io in 9573 usec\n"
time="2024-05-28T19:21:42.569685891-06:00" level=debug msg="Minute: 9"
time="2024-05-28T19:21:42.569792656-06:00" level=debug msg="Number of Invocations this iteration: 8"
time="2024-05-28T19:21:42.569894314-06:00" level=debug msg="Invoking: cartservice-6tlo4eudeqsrdpcuf1wt.default.192.168.1.240.sslip.io:80"
time="2024-05-28T19:21:42.584506853-06:00" level=debug msg="Invoked cartservice-6tlo4eudeqsrdpcuf1wt.default.192.168.1.240.sslip.io in 14611 usec\n"
time="2024-05-28T19:21:50.07370708-06:00" level=debug msg="Invoking: gptj-python-ltxutuei8pgf9hnybja8.default.192.168.1.240.sslip.io:80"
time="2024-05-28T19:21:50.083473659-06:00" level=debug msg="Invoked gptj-python-ltxutuei8pgf9hnybja8.default.192.168.1.240.sslip.io in 9778 usec\n"
time="2024-05-28T19:21:57.577657835-06:00" level=debug msg="Invoking: gptj-python-ltxutuei8pgf9hnybja8.default.192.168.1.240.sslip.io:80"
time="2024-05-28T19:21:57.587642229-06:00" level=debug msg="Invoked gptj-python-ltxutuei8pgf9hnybja8.default.192.168.1.240.sslip.io in 9993 usec\n"
time="2024-05-28T19:22:05.083937088-06:00" level=debug msg="Invoking: gptj-python-ltxutuei8pgf9hnybja8.default.192.168.1.240.sslip.io:80"
time="2024-05-28T19:22:05.093826454-06:00" level=debug msg="Invoked gptj-python-ltxutuei8pgf9hnybja8.default.192.168.1.240.sslip.io in 9898 usec\n"
time="2024-05-28T19:22:12.58971442-06:00" level=debug msg="Invoking: cartservice-6tlo4eudeqsrdpcuf1wt.default.192.168.1.240.sslip.io:80"
time="2024-05-28T19:22:12.602213335-06:00" level=debug msg="Invoked cartservice-6tlo4eudeqsrdpcuf1wt.default.192.168.1.240.sslip.io in 12550 usec\n"
time="2024-05-28T19:22:20.090414451-06:00" level=debug msg="Invoking: gptj-python-ltxutuei8pgf9hnybja8.default.192.168.1.240.sslip.io:80"
time="2024-05-28T19:22:20.100464423-06:00" level=debug msg="Invoked gptj-python-ltxutuei8pgf9hnybja8.default.192.168.1.240.sslip.io in 10179 usec\n"
time="2024-05-28T19:22:27.593825538-06:00" level=debug msg="Invoking: gptj-python-ltxutuei8pgf9hnybja8.default.192.168.1.240.sslip.io:80"
time="2024-05-28T19:22:27.608602991-06:00" level=debug msg="Invoked gptj-python-ltxutuei8pgf9hnybja8.default.192.168.1.240.sslip.io in 14827 usec\n"
time="2024-05-28T19:22:35.097731615-06:00" level=debug msg="Invoking: gptj-python-ltxutuei8pgf9hnybja8.default.192.168.1.240.sslip.io:80"
time="2024-05-28T19:22:35.107131402-06:00" level=debug msg="Invoked gptj-python-ltxutuei8pgf9hnybja8.default.192.168.1.240.sslip.io in 9408 usec\n"
time="2024-05-28T19:22:42.569741088-06:00" level=debug msg="Minute: 10"
time="2024-05-28T19:22:42.569874299-06:00" level=debug msg="Number of Invocations this iteration: 8"
time="2024-05-28T19:22:42.569957715-06:00" level=debug msg="Invoking: rnn-serving-python-10-10-q58vo2v1kclvhpvhz69v.default.192.168.1.240.sslip.io:80"
time="2024-05-28T19:22:49.159771363-06:00" level=debug msg="Invoked rnn-serving-python-10-10-q58vo2v1kclvhpvhz69v.default.192.168.1.240.sslip.io in 6589811 usec\n"
time="2024-05-28T19:22:50.070170581-06:00" level=debug msg="Invoking: gptj-python-ltxutuei8pgf9hnybja8.default.192.168.1.240.sslip.io:80"
time="2024-05-28T19:22:50.079895131-06:00" level=debug msg="Invoked gptj-python-ltxutuei8pgf9hnybja8.default.192.168.1.240.sslip.io in 9733 usec\n"
time="2024-05-28T19:22:57.573749621-06:00" level=debug msg="Invoking: gptj-python-ltxutuei8pgf9hnybja8.default.192.168.1.240.sslip.io:80"
time="2024-05-28T19:22:57.584004957-06:00" level=debug msg="Invoked gptj-python-ltxutuei8pgf9hnybja8.default.192.168.1.240.sslip.io in 10265 usec\n"
time="2024-05-28T19:23:05.077773301-06:00" level=debug msg="Invoking: gptj-python-ltxutuei8pgf9hnybja8.default.192.168.1.240.sslip.io:80"
time="2024-05-28T19:23:05.087681678-06:00" level=debug msg="Invoked gptj-python-ltxutuei8pgf9hnybja8.default.192.168.1.240.sslip.io in 9918 usec\n"
time="2024-05-28T19:23:12.581688765-06:00" level=debug msg="Invoking: cartservice-6tlo4eudeqsrdpcuf1wt.default.192.168.1.240.sslip.io:80"
time="2024-05-28T19:23:12.59450907-06:00" level=debug msg="Invoked cartservice-6tlo4eudeqsrdpcuf1wt.default.192.168.1.240.sslip.io in 12827 usec\n"
time="2024-05-28T19:23:20.085655013-06:00" level=debug msg="Invoking: gptj-python-ltxutuei8pgf9hnybja8.default.192.168.1.240.sslip.io:80"
time="2024-05-28T19:23:20.095632271-06:00" level=debug msg="Invoked gptj-python-ltxutuei8pgf9hnybja8.default.192.168.1.240.sslip.io in 9982 usec\n"
time="2024-05-28T19:23:27.590510735-06:00" level=debug msg="Invoking: gptj-python-ltxutuei8pgf9hnybja8.default.192.168.1.240.sslip.io:80"
time="2024-05-28T19:23:27.601123164-06:00" level=debug msg="Invoked gptj-python-ltxutuei8pgf9hnybja8.default.192.168.1.240.sslip.io in 10622 usec\n"
time="2024-05-28T19:23:35.093668691-06:00" level=debug msg="Invoking: gptj-python-ltxutuei8pgf9hnybja8.default.192.168.1.240.sslip.io:80"
time="2024-05-28T19:23:35.103586981-06:00" level=debug msg="Invoked gptj-python-ltxutuei8pgf9hnybja8.default.192.168.1.240.sslip.io in 9929 usec\n"
time="2024-05-28T19:23:42.569670741-06:00" level=debug msg="Minute: 11"
time="2024-05-28T19:23:42.56977015-06:00" level=debug msg="Number of Invocations this iteration: 8"
time="2024-05-28T19:23:42.569880463-06:00" level=debug msg="Invoking: image-rotate-go-6-f5hdmou9j9711et4ku04.default.192.168.1.240.sslip.io:80"
time="2024-05-28T19:23:50.073723202-06:00" level=debug msg="Invoking: gptj-python-ltxutuei8pgf9hnybja8.default.192.168.1.240.sslip.io:80"
time="2024-05-28T19:23:50.085184812-06:00" level=debug msg="Invoked gptj-python-ltxutuei8pgf9hnybja8.default.192.168.1.240.sslip.io in 11472 usec\n"
time="2024-05-28T19:23:54.816932191-06:00" level=debug msg="Invoked image-rotate-go-6-f5hdmou9j9711et4ku04.default.192.168.1.240.sslip.io in 12247049 usec\n"
time="2024-05-28T19:23:57.576619199-06:00" level=debug msg="Invoking: gptj-python-ltxutuei8pgf9hnybja8.default.192.168.1.240.sslip.io:80"
time="2024-05-28T19:23:57.586956029-06:00" level=debug msg="Invoked gptj-python-ltxutuei8pgf9hnybja8.default.192.168.1.240.sslip.io in 10350 usec\n"
time="2024-05-28T19:24:05.081685991-06:00" level=debug msg="Invoking: gptj-python-ltxutuei8pgf9hnybja8.default.192.168.1.240.sslip.io:80"
time="2024-05-28T19:24:05.091464342-06:00" level=debug msg="Invoked gptj-python-ltxutuei8pgf9hnybja8.default.192.168.1.240.sslip.io in 9788 usec\n"
time="2024-05-28T19:24:12.58576979-06:00" level=debug msg="Invoking: cartservice-6tlo4eudeqsrdpcuf1wt.default.192.168.1.240.sslip.io:80"
time="2024-05-28T19:24:12.598809248-06:00" level=debug msg="Invoked cartservice-6tlo4eudeqsrdpcuf1wt.default.192.168.1.240.sslip.io in 13053 usec\n"
time="2024-05-28T19:24:20.089661203-06:00" level=debug msg="Invoking: gptj-python-ltxutuei8pgf9hnybja8.default.192.168.1.240.sslip.io:80"
time="2024-05-28T19:24:20.099977344-06:00" level=debug msg="Invoked gptj-python-ltxutuei8pgf9hnybja8.default.192.168.1.240.sslip.io in 10319 usec\n"
time="2024-05-28T19:24:27.591627973-06:00" level=debug msg="Invoking: gptj-python-ltxutuei8pgf9hnybja8.default.192.168.1.240.sslip.io:80"
time="2024-05-28T19:24:27.603241343-06:00" level=debug msg="Invoked gptj-python-ltxutuei8pgf9hnybja8.default.192.168.1.240.sslip.io in 11621 usec\n"
time="2024-05-28T19:24:35.097672809-06:00" level=debug msg="Invoking: gptj-python-ltxutuei8pgf9hnybja8.default.192.168.1.240.sslip.io:80"
time="2024-05-28T19:24:35.10790609-06:00" level=debug msg="Invoked gptj-python-ltxutuei8pgf9hnybja8.default.192.168.1.240.sslip.io in 10243 usec\n"
time="2024-05-28T19:24:42.569727192-06:00" level=debug msg="Minute: 12"
time="2024-05-28T19:24:42.569870768-06:00" level=debug msg="Number of Invocations this iteration: 8"
time="2024-05-28T19:24:42.569956734-06:00" level=debug msg="Invoking: cartservice-6tlo4eudeqsrdpcuf1wt.default.192.168.1.240.sslip.io:80"
time="2024-05-28T19:24:42.582899423-06:00" level=debug msg="Invoked cartservice-6tlo4eudeqsrdpcuf1wt.default.192.168.1.240.sslip.io in 12941 usec\n"
time="2024-05-28T19:24:50.073778736-06:00" level=debug msg="Invoking: gptj-python-ltxutuei8pgf9hnybja8.default.192.168.1.240.sslip.io:80"
time="2024-05-28T19:24:50.083978495-06:00" level=debug msg="Invoked gptj-python-ltxutuei8pgf9hnybja8.default.192.168.1.240.sslip.io in 10214 usec\n"
time="2024-05-28T19:24:57.577712254-06:00" level=debug msg="Invoking: gptj-python-ltxutuei8pgf9hnybja8.default.192.168.1.240.sslip.io:80"
time="2024-05-28T19:24:57.588146962-06:00" level=debug msg="Invoked gptj-python-ltxutuei8pgf9hnybja8.default.192.168.1.240.sslip.io in 10444 usec\n"
time="2024-05-28T19:25:05.084349657-06:00" level=debug msg="Invoking: gptj-python-ltxutuei8pgf9hnybja8.default.192.168.1.240.sslip.io:80"
time="2024-05-28T19:25:05.095023436-06:00" level=debug msg="Invoked gptj-python-ltxutuei8pgf9hnybja8.default.192.168.1.240.sslip.io in 10685 usec\n"
time="2024-05-28T19:25:12.58968906-06:00" level=debug msg="Invoking: cartservice-6tlo4eudeqsrdpcuf1wt.default.192.168.1.240.sslip.io:80"
time="2024-05-28T19:25:12.602097784-06:00" level=debug msg="Invoked cartservice-6tlo4eudeqsrdpcuf1wt.default.192.168.1.240.sslip.io in 12422 usec\n"
time="2024-05-28T19:25:20.093674246-06:00" level=debug msg="Invoking: gptj-python-ltxutuei8pgf9hnybja8.default.192.168.1.240.sslip.io:80"
time="2024-05-28T19:25:20.103700894-06:00" level=debug msg="Invoked gptj-python-ltxutuei8pgf9hnybja8.default.192.168.1.240.sslip.io in 10030 usec\n"
time="2024-05-28T19:25:27.597755626-06:00" level=debug msg="Invoking: gptj-python-ltxutuei8pgf9hnybja8.default.192.168.1.240.sslip.io:80"
time="2024-05-28T19:25:27.609502654-06:00" level=debug msg="Invoked gptj-python-ltxutuei8pgf9hnybja8.default.192.168.1.240.sslip.io in 11761 usec\n"
time="2024-05-28T19:25:35.104825641-06:00" level=debug msg="Invoking: gptj-python-ltxutuei8pgf9hnybja8.default.192.168.1.240.sslip.io:80"
time="2024-05-28T19:25:35.115197006-06:00" level=debug msg="Invoked gptj-python-ltxutuei8pgf9hnybja8.default.192.168.1.240.sslip.io in 10382 usec\n"
time="2024-05-28T19:25:42.569725087-06:00" level=debug msg="Minute: 13"
time="2024-05-28T19:25:42.569834324-06:00" level=debug msg="Number of Invocations this iteration: 8"
time="2024-05-28T19:25:42.569938713-06:00" level=debug msg="Invoking: cartservice-6tlo4eudeqsrdpcuf1wt.default.192.168.1.240.sslip.io:80"
time="2024-05-28T19:25:42.582450415-06:00" level=debug msg="Invoked cartservice-6tlo4eudeqsrdpcuf1wt.default.192.168.1.240.sslip.io in 12509 usec\n"
time="2024-05-28T19:25:50.073785099-06:00" level=debug msg="Invoking: gptj-python-ltxutuei8pgf9hnybja8.default.192.168.1.240.sslip.io:80"
time="2024-05-28T19:25:50.084212782-06:00" level=debug msg="Invoked gptj-python-ltxutuei8pgf9hnybja8.default.192.168.1.240.sslip.io in 10438 usec\n"
time="2024-05-28T19:25:57.577681921-06:00" level=debug msg="Invoking: gptj-python-ltxutuei8pgf9hnybja8.default.192.168.1.240.sslip.io:80"
time="2024-05-28T19:25:57.5872019-06:00" level=debug msg="Invoked gptj-python-ltxutuei8pgf9hnybja8.default.192.168.1.240.sslip.io in 9535 usec\n"
time="2024-05-28T19:26:05.08169328-06:00" level=debug msg="Invoking: gptj-python-ltxutuei8pgf9hnybja8.default.192.168.1.240.sslip.io:80"
time="2024-05-28T19:26:05.092256529-06:00" level=debug msg="Invoked gptj-python-ltxutuei8pgf9hnybja8.default.192.168.1.240.sslip.io in 10576 usec\n"
time="2024-05-28T19:26:12.585741634-06:00" level=debug msg="Invoking: cartservice-6tlo4eudeqsrdpcuf1wt.default.192.168.1.240.sslip.io:80"
time="2024-05-28T19:26:12.598539115-06:00" level=debug msg="Invoked cartservice-6tlo4eudeqsrdpcuf1wt.default.192.168.1.240.sslip.io in 12806 usec\n"
time="2024-05-28T19:26:20.089668021-06:00" level=debug msg="Invoking: gptj-python-ltxutuei8pgf9hnybja8.default.192.168.1.240.sslip.io:80"
time="2024-05-28T19:26:20.107437686-06:00" level=debug msg="Invoked gptj-python-ltxutuei8pgf9hnybja8.default.192.168.1.240.sslip.io in 17776 usec\n"
time="2024-05-28T19:26:27.593677484-06:00" level=debug msg="Invoking: gptj-python-ltxutuei8pgf9hnybja8.default.192.168.1.240.sslip.io:80"
time="2024-05-28T19:26:27.604586619-06:00" level=debug msg="Invoked gptj-python-ltxutuei8pgf9hnybja8.default.192.168.1.240.sslip.io in 10920 usec\n"
time="2024-05-28T19:26:35.097679456-06:00" level=debug msg="Invoking: gptj-python-ltxutuei8pgf9hnybja8.default.192.168.1.240.sslip.io:80"
time="2024-05-28T19:26:35.107801133-06:00" level=debug msg="Invoked gptj-python-ltxutuei8pgf9hnybja8.default.192.168.1.240.sslip.io in 10128 usec\n"
time="2024-05-28T19:26:42.570164584-06:00" level=info msg="Experiment Phase Completed"
time="2024-05-28T19:26:42.570297379-06:00" level=info msg="Issued / completed requests: 112, 112"
time="2024-05-28T19:26:42.570332698-06:00" level=info msg="Average Real RPS: 0.13 "
time="2024-05-28T19:26:42.570357888-06:00" level=info msg="Experiment finished!"
time="2024-05-28T19:26:42.570384485-06:00" level=info msg="The measured latencies are saved in rps_lat.csv"
