time="2024-05-28T18:58:03.815023059-06:00" level=debug msg="Debug logging is enabled"
time="2024-05-28T18:58:03.815154786-06:00" level=info msg="Reading the trace endpoints from the file: /users/ArunAMS/vSwarm/tools/load-generator/load.json"
time="2024-05-28T18:58:03.816131994-06:00" level=info msg="Warmup Duration: 3"
time="2024-05-28T18:58:03.816150586-06:00" level=info msg="Experiment Duration: 11"
time="2024-05-28T18:58:03.816164658-06:00" level=info msg="Minute Granularity: true"
time="2024-05-28T18:59:03.873115482-06:00" level=info msg="Running Warmup Phase"
time="2024-05-28T18:59:03.873163571-06:00" level=debug msg="Minute: 0"
time="2024-05-28T18:59:03.873206393-06:00" level=debug msg="Number of Invocations this iteration: 8"
time="2024-05-28T18:59:03.873263469-06:00" level=debug msg="Invoking: cartservice-9xr1uxoveiaq0i5yf1m5.default.192.168.1.240.sslip.io:80"
time="2024-05-28T18:59:11.377125162-06:00" level=debug msg="Invoking: gptj-python-rsryg16rhcb2lt3ui74t.default.192.168.1.240.sslip.io:80"
time="2024-05-28T18:59:18.878150381-06:00" level=debug msg="Invoking: gptj-python-rsryg16rhcb2lt3ui74t.default.192.168.1.240.sslip.io:80"
time="2024-05-28T18:59:26.379077829-06:00" level=debug msg="Invoking: gptj-python-rsryg16rhcb2lt3ui74t.default.192.168.1.240.sslip.io:80"
time="2024-05-28T18:59:33.88510831-06:00" level=debug msg="Invoking: cartservice-9xr1uxoveiaq0i5yf1m5.default.192.168.1.240.sslip.io:80"
time="2024-05-28T18:59:41.389911835-06:00" level=debug msg="Invoking: gptj-python-rsryg16rhcb2lt3ui74t.default.192.168.1.240.sslip.io:80"
time="2024-05-28T18:59:48.893167167-06:00" level=debug msg="Invoking: gptj-python-rsryg16rhcb2lt3ui74t.default.192.168.1.240.sslip.io:80"
time="2024-05-28T18:59:56.397161532-06:00" level=debug msg="Invoking: gptj-python-rsryg16rhcb2lt3ui74t.default.192.168.1.240.sslip.io:80"
time="2024-05-28T19:00:03.821638198-06:00" level=debug msg="Minute: 1"
time="2024-05-28T19:00:03.821736145-06:00" level=debug msg="Number of Invocations this iteration: 8"
time="2024-05-28T19:00:03.821814596-06:00" level=debug msg="Invoking: image-rotate-go-6-qlufoeykttcy2aqxhd69.default.192.168.1.240.sslip.io:80"
time="2024-05-28T19:00:11.322917327-06:00" level=debug msg="Invoking: gptj-python-rsryg16rhcb2lt3ui74t.default.192.168.1.240.sslip.io:80"
time="2024-05-28T19:00:18.829791022-06:00" level=debug msg="Invoking: gptj-python-rsryg16rhcb2lt3ui74t.default.192.168.1.240.sslip.io:80"
time="2024-05-28T19:00:26.333280052-06:00" level=debug msg="Invoking: gptj-python-rsryg16rhcb2lt3ui74t.default.192.168.1.240.sslip.io:80"
time="2024-05-28T19:00:33.837099316-06:00" level=debug msg="Invoking: cartservice-9xr1uxoveiaq0i5yf1m5.default.192.168.1.240.sslip.io:80"
time="2024-05-28T19:00:41.337272391-06:00" level=debug msg="Invoking: gptj-python-rsryg16rhcb2lt3ui74t.default.192.168.1.240.sslip.io:80"
time="2024-05-28T19:00:48.841208699-06:00" level=debug msg="Invoking: gptj-python-rsryg16rhcb2lt3ui74t.default.192.168.1.240.sslip.io:80"
time="2024-05-28T19:00:56.345203077-06:00" level=debug msg="Invoking: gptj-python-rsryg16rhcb2lt3ui74t.default.192.168.1.240.sslip.io:80"
time="2024-05-28T19:01:03.821690217-06:00" level=debug msg="Minute: 2"
time="2024-05-28T19:01:03.821786378-06:00" level=debug msg="Number of Invocations this iteration: 8"
time="2024-05-28T19:01:03.821878074-06:00" level=debug msg="Invoking: cartservice-9xr1uxoveiaq0i5yf1m5.default.192.168.1.240.sslip.io:80"
time="2024-05-28T19:01:11.328014814-06:00" level=debug msg="Invoking: gptj-python-rsryg16rhcb2lt3ui74t.default.192.168.1.240.sslip.io:80"
time="2024-05-28T19:01:18.833213863-06:00" level=debug msg="Invoking: gptj-python-rsryg16rhcb2lt3ui74t.default.192.168.1.240.sslip.io:80"
time="2024-05-28T19:01:26.337230765-06:00" level=debug msg="Invoking: gptj-python-rsryg16rhcb2lt3ui74t.default.192.168.1.240.sslip.io:80"
time="2024-05-28T19:01:33.843172606-06:00" level=debug msg="Invoking: cartservice-9xr1uxoveiaq0i5yf1m5.default.192.168.1.240.sslip.io:80"
time="2024-05-28T19:01:41.349599386-06:00" level=debug msg="Invoking: gptj-python-rsryg16rhcb2lt3ui74t.default.192.168.1.240.sslip.io:80"
time="2024-05-28T19:01:48.85318346-06:00" level=debug msg="Invoking: gptj-python-rsryg16rhcb2lt3ui74t.default.192.168.1.240.sslip.io:80"
time="2024-05-28T19:01:56.357817368-06:00" level=debug msg="Invoking: gptj-python-rsryg16rhcb2lt3ui74t.default.192.168.1.240.sslip.io:80"
time="2024-05-28T19:02:03.821204922-06:00" level=info msg="Warmup Phase Completed"
time="2024-05-28T19:02:03.821286016-06:00" level=info msg="Running Experiment Phase"
time="2024-05-28T19:02:03.821314323-06:00" level=debug msg="Minute: 3"
time="2024-05-28T19:02:03.821363444-06:00" level=debug msg="Number of Invocations this iteration: 8"
time="2024-05-28T19:02:03.821464078-06:00" level=debug msg="Invoking: cartservice-9xr1uxoveiaq0i5yf1m5.default.192.168.1.240.sslip.io:80"
time="2024-05-28T19:02:03.83321811-06:00" level=debug msg="Invoked cartservice-9xr1uxoveiaq0i5yf1m5.default.192.168.1.240.sslip.io in 11751 usec\n"
time="2024-05-28T19:02:11.325202059-06:00" level=debug msg="Invoking: gptj-python-rsryg16rhcb2lt3ui74t.default.192.168.1.240.sslip.io:80"
time="2024-05-28T19:02:11.336167452-06:00" level=debug msg="Invoked gptj-python-rsryg16rhcb2lt3ui74t.default.192.168.1.240.sslip.io in 10975 usec\n"
time="2024-05-28T19:02:18.829122024-06:00" level=debug msg="Invoking: gptj-python-rsryg16rhcb2lt3ui74t.default.192.168.1.240.sslip.io:80"
time="2024-05-28T19:02:18.840106497-06:00" level=debug msg="Invoked gptj-python-rsryg16rhcb2lt3ui74t.default.192.168.1.240.sslip.io in 11005 usec\n"
time="2024-05-28T19:02:26.333134386-06:00" level=debug msg="Invoking: gptj-python-rsryg16rhcb2lt3ui74t.default.192.168.1.240.sslip.io:80"
time="2024-05-28T19:02:26.344311164-06:00" level=debug msg="Invoked gptj-python-rsryg16rhcb2lt3ui74t.default.192.168.1.240.sslip.io in 11171 usec\n"
time="2024-05-28T19:02:33.837337725-06:00" level=debug msg="Invoking: cartservice-9xr1uxoveiaq0i5yf1m5.default.192.168.1.240.sslip.io:80"
time="2024-05-28T19:02:33.85167141-06:00" level=debug msg="Invoked cartservice-9xr1uxoveiaq0i5yf1m5.default.192.168.1.240.sslip.io in 14322 usec\n"
time="2024-05-28T19:02:41.337646417-06:00" level=debug msg="Invoking: gptj-python-rsryg16rhcb2lt3ui74t.default.192.168.1.240.sslip.io:80"
time="2024-05-28T19:02:41.348725661-06:00" level=debug msg="Invoked gptj-python-rsryg16rhcb2lt3ui74t.default.192.168.1.240.sslip.io in 11145 usec\n"
time="2024-05-28T19:02:48.845063627-06:00" level=debug msg="Invoking: gptj-python-rsryg16rhcb2lt3ui74t.default.192.168.1.240.sslip.io:80"
time="2024-05-28T19:02:48.855779643-06:00" level=debug msg="Invoked gptj-python-rsryg16rhcb2lt3ui74t.default.192.168.1.240.sslip.io in 10754 usec\n"
time="2024-05-28T19:02:56.349231743-06:00" level=debug msg="Invoking: gptj-python-rsryg16rhcb2lt3ui74t.default.192.168.1.240.sslip.io:80"
time="2024-05-28T19:02:56.359789868-06:00" level=debug msg="Invoked gptj-python-rsryg16rhcb2lt3ui74t.default.192.168.1.240.sslip.io in 10567 usec\n"
time="2024-05-28T19:03:03.821179955-06:00" level=debug msg="Minute: 4"
time="2024-05-28T19:03:03.821286187-06:00" level=debug msg="Number of Invocations this iteration: 8"
time="2024-05-28T19:03:03.821412479-06:00" level=debug msg="Invoking: rnn-serving-python-10-10-os8f9d57zrtmyak04rqx.default.192.168.1.240.sslip.io:80"
time="2024-05-28T19:03:11.325219512-06:00" level=debug msg="Invoking: gptj-python-rsryg16rhcb2lt3ui74t.default.192.168.1.240.sslip.io:80"
time="2024-05-28T19:03:11.336257069-06:00" level=debug msg="Invoked gptj-python-rsryg16rhcb2lt3ui74t.default.192.168.1.240.sslip.io in 11051 usec\n"
time="2024-05-28T19:03:14.520351221-06:00" level=debug msg="Invoked rnn-serving-python-10-10-os8f9d57zrtmyak04rqx.default.192.168.1.240.sslip.io in 10698936 usec\n"
time="2024-05-28T19:03:18.829198946-06:00" level=debug msg="Invoking: gptj-python-rsryg16rhcb2lt3ui74t.default.192.168.1.240.sslip.io:80"
time="2024-05-28T19:03:18.839365122-06:00" level=debug msg="Invoked gptj-python-rsryg16rhcb2lt3ui74t.default.192.168.1.240.sslip.io in 10179 usec\n"
time="2024-05-28T19:03:26.3331306-06:00" level=debug msg="Invoking: gptj-python-rsryg16rhcb2lt3ui74t.default.192.168.1.240.sslip.io:80"
time="2024-05-28T19:03:26.343530419-06:00" level=debug msg="Invoked gptj-python-rsryg16rhcb2lt3ui74t.default.192.168.1.240.sslip.io in 10413 usec\n"
time="2024-05-28T19:03:33.837206658-06:00" level=debug msg="Invoking: cartservice-9xr1uxoveiaq0i5yf1m5.default.192.168.1.240.sslip.io:80"
time="2024-05-28T19:03:39.910406703-06:00" level=debug msg="Invoked cartservice-9xr1uxoveiaq0i5yf1m5.default.192.168.1.240.sslip.io in 6073213 usec\n"
time="2024-05-28T19:03:41.338346309-06:00" level=debug msg="Invoking: gptj-python-rsryg16rhcb2lt3ui74t.default.192.168.1.240.sslip.io:80"
time="2024-05-28T19:03:41.350583067-06:00" level=debug msg="Invoked gptj-python-rsryg16rhcb2lt3ui74t.default.192.168.1.240.sslip.io in 12251 usec\n"
time="2024-05-28T19:03:48.84501715-06:00" level=debug msg="Invoking: gptj-python-rsryg16rhcb2lt3ui74t.default.192.168.1.240.sslip.io:80"
time="2024-05-28T19:03:48.85516607-06:00" level=debug msg="Invoked gptj-python-rsryg16rhcb2lt3ui74t.default.192.168.1.240.sslip.io in 10156 usec\n"
time="2024-05-28T19:03:56.349195415-06:00" level=debug msg="Invoking: gptj-python-rsryg16rhcb2lt3ui74t.default.192.168.1.240.sslip.io:80"
time="2024-05-28T19:03:56.36006082-06:00" level=debug msg="Invoked gptj-python-rsryg16rhcb2lt3ui74t.default.192.168.1.240.sslip.io in 10877 usec\n"
time="2024-05-28T19:04:03.821131283-06:00" level=debug msg="Minute: 5"
time="2024-05-28T19:04:03.821234965-06:00" level=debug msg="Number of Invocations this iteration: 8"
time="2024-05-28T19:04:03.821332691-06:00" level=debug msg="Invoking: cartservice-9xr1uxoveiaq0i5yf1m5.default.192.168.1.240.sslip.io:80"
time="2024-05-28T19:04:03.848271817-06:00" level=debug msg="Invoked cartservice-9xr1uxoveiaq0i5yf1m5.default.192.168.1.240.sslip.io in 26935 usec\n"
time="2024-05-28T19:04:11.32521791-06:00" level=debug msg="Invoking: gptj-python-rsryg16rhcb2lt3ui74t.default.192.168.1.240.sslip.io:80"
time="2024-05-28T19:04:11.336011434-06:00" level=debug msg="Invoked gptj-python-rsryg16rhcb2lt3ui74t.default.192.168.1.240.sslip.io in 10807 usec\n"
time="2024-05-28T19:04:18.829121733-06:00" level=debug msg="Invoking: gptj-python-rsryg16rhcb2lt3ui74t.default.192.168.1.240.sslip.io:80"
time="2024-05-28T19:04:18.839905266-06:00" level=debug msg="Invoked gptj-python-rsryg16rhcb2lt3ui74t.default.192.168.1.240.sslip.io in 10799 usec\n"
time="2024-05-28T19:04:26.33394801-06:00" level=debug msg="Invoking: gptj-python-rsryg16rhcb2lt3ui74t.default.192.168.1.240.sslip.io:80"
time="2024-05-28T19:04:26.344209456-06:00" level=debug msg="Invoked gptj-python-rsryg16rhcb2lt3ui74t.default.192.168.1.240.sslip.io in 10273 usec\n"
time="2024-05-28T19:04:33.837171977-06:00" level=debug msg="Invoking: cartservice-9xr1uxoveiaq0i5yf1m5.default.192.168.1.240.sslip.io:80"
time="2024-05-28T19:04:33.850701379-06:00" level=debug msg="Invoked cartservice-9xr1uxoveiaq0i5yf1m5.default.192.168.1.240.sslip.io in 13542 usec\n"
time="2024-05-28T19:04:41.338148076-06:00" level=debug msg="Invoking: gptj-python-rsryg16rhcb2lt3ui74t.default.192.168.1.240.sslip.io:80"
time="2024-05-28T19:04:41.349222399-06:00" level=debug msg="Invoked gptj-python-rsryg16rhcb2lt3ui74t.default.192.168.1.240.sslip.io in 11307 usec\n"
time="2024-05-28T19:04:48.841285579-06:00" level=debug msg="Invoking: gptj-python-rsryg16rhcb2lt3ui74t.default.192.168.1.240.sslip.io:80"
time="2024-05-28T19:04:48.851672213-06:00" level=debug msg="Invoked gptj-python-rsryg16rhcb2lt3ui74t.default.192.168.1.240.sslip.io in 10484 usec\n"
time="2024-05-28T19:04:56.345705038-06:00" level=debug msg="Invoking: gptj-python-rsryg16rhcb2lt3ui74t.default.192.168.1.240.sslip.io:80"
time="2024-05-28T19:04:56.356291191-06:00" level=debug msg="Invoked gptj-python-rsryg16rhcb2lt3ui74t.default.192.168.1.240.sslip.io in 10593 usec\n"
time="2024-05-28T19:05:03.821196828-06:00" level=debug msg="Minute: 6"
time="2024-05-28T19:05:03.82130156-06:00" level=debug msg="Number of Invocations this iteration: 8"
time="2024-05-28T19:05:03.821398491-06:00" level=debug msg="Invoking: image-rotate-go-6-qlufoeykttcy2aqxhd69.default.192.168.1.240.sslip.io:80"
time="2024-05-28T19:05:11.082701781-06:00" level=debug msg="Invoked image-rotate-go-6-qlufoeykttcy2aqxhd69.default.192.168.1.240.sslip.io in 7261302 usec\n"
time="2024-05-28T19:05:11.322033606-06:00" level=debug msg="Invoking: gptj-python-rsryg16rhcb2lt3ui74t.default.192.168.1.240.sslip.io:80"
time="2024-05-28T19:05:11.333221118-06:00" level=debug msg="Invoked gptj-python-rsryg16rhcb2lt3ui74t.default.192.168.1.240.sslip.io in 11196 usec\n"
time="2024-05-28T19:05:18.829190914-06:00" level=debug msg="Invoking: gptj-python-rsryg16rhcb2lt3ui74t.default.192.168.1.240.sslip.io:80"
time="2024-05-28T19:05:18.841933861-06:00" level=debug msg="Invoked gptj-python-rsryg16rhcb2lt3ui74t.default.192.168.1.240.sslip.io in 12755 usec\n"
time="2024-05-28T19:05:26.333164646-06:00" level=debug msg="Invoking: gptj-python-rsryg16rhcb2lt3ui74t.default.192.168.1.240.sslip.io:80"
time="2024-05-28T19:05:26.345782173-06:00" level=debug msg="Invoked gptj-python-rsryg16rhcb2lt3ui74t.default.192.168.1.240.sslip.io in 12631 usec\n"
time="2024-05-28T19:05:33.837200282-06:00" level=debug msg="Invoking: cartservice-9xr1uxoveiaq0i5yf1m5.default.192.168.1.240.sslip.io:80"
time="2024-05-28T19:05:41.34146261-06:00" level=debug msg="Invoking: gptj-python-rsryg16rhcb2lt3ui74t.default.192.168.1.240.sslip.io:80"
time="2024-05-28T19:05:41.353626373-06:00" level=debug msg="Invoked gptj-python-rsryg16rhcb2lt3ui74t.default.192.168.1.240.sslip.io in 12176 usec\n"
time="2024-05-28T19:05:48.62304717-06:00" level=debug msg="Invoked cartservice-9xr1uxoveiaq0i5yf1m5.default.192.168.1.240.sslip.io in 14785862 usec\n"
time="2024-05-28T19:05:48.842278094-06:00" level=debug msg="Invoking: gptj-python-rsryg16rhcb2lt3ui74t.default.192.168.1.240.sslip.io:80"
time="2024-05-28T19:05:48.852202147-06:00" level=debug msg="Invoked gptj-python-rsryg16rhcb2lt3ui74t.default.192.168.1.240.sslip.io in 9960 usec\n"
time="2024-05-28T19:05:56.349116309-06:00" level=debug msg="Invoking: gptj-python-rsryg16rhcb2lt3ui74t.default.192.168.1.240.sslip.io:80"
time="2024-05-28T19:05:56.359437405-06:00" level=debug msg="Invoked gptj-python-rsryg16rhcb2lt3ui74t.default.192.168.1.240.sslip.io in 10332 usec\n"
time="2024-05-28T19:06:03.821109715-06:00" level=debug msg="Minute: 7"
time="2024-05-28T19:06:03.8212086-06:00" level=debug msg="Number of Invocations this iteration: 8"
time="2024-05-28T19:06:03.821295775-06:00" level=debug msg="Invoking: cartservice-9xr1uxoveiaq0i5yf1m5.default.192.168.1.240.sslip.io:80"
time="2024-05-28T19:06:03.845957905-06:00" level=debug msg="Invoked cartservice-9xr1uxoveiaq0i5yf1m5.default.192.168.1.240.sslip.io in 24660 usec\n"
time="2024-05-28T19:06:11.325213141-06:00" level=debug msg="Invoking: gptj-python-rsryg16rhcb2lt3ui74t.default.192.168.1.240.sslip.io:80"
time="2024-05-28T19:06:11.335803561-06:00" level=debug msg="Invoked gptj-python-rsryg16rhcb2lt3ui74t.default.192.168.1.240.sslip.io in 10600 usec\n"
time="2024-05-28T19:06:18.82919808-06:00" level=debug msg="Invoking: gptj-python-rsryg16rhcb2lt3ui74t.default.192.168.1.240.sslip.io:80"
time="2024-05-28T19:06:18.840725688-06:00" level=debug msg="Invoked gptj-python-rsryg16rhcb2lt3ui74t.default.192.168.1.240.sslip.io in 11539 usec\n"
time="2024-05-28T19:06:26.333213571-06:00" level=debug msg="Invoking: gptj-python-rsryg16rhcb2lt3ui74t.default.192.168.1.240.sslip.io:80"
time="2024-05-28T19:06:26.344496456-06:00" level=debug msg="Invoked gptj-python-rsryg16rhcb2lt3ui74t.default.192.168.1.240.sslip.io in 11296 usec\n"
time="2024-05-28T19:06:33.837210595-06:00" level=debug msg="Invoking: cartservice-9xr1uxoveiaq0i5yf1m5.default.192.168.1.240.sslip.io:80"
time="2024-05-28T19:06:33.851059927-06:00" level=debug msg="Invoked cartservice-9xr1uxoveiaq0i5yf1m5.default.192.168.1.240.sslip.io in 13887 usec\n"
time="2024-05-28T19:06:41.340207407-06:00" level=debug msg="Invoking: gptj-python-rsryg16rhcb2lt3ui74t.default.192.168.1.240.sslip.io:80"
time="2024-05-28T19:06:41.35125589-06:00" level=debug msg="Invoked gptj-python-rsryg16rhcb2lt3ui74t.default.192.168.1.240.sslip.io in 11879 usec\n"
time="2024-05-28T19:06:48.845197947-06:00" level=debug msg="Invoking: gptj-python-rsryg16rhcb2lt3ui74t.default.192.168.1.240.sslip.io:80"
time="2024-05-28T19:06:48.856149079-06:00" level=debug msg="Invoked gptj-python-rsryg16rhcb2lt3ui74t.default.192.168.1.240.sslip.io in 10965 usec\n"
time="2024-05-28T19:06:56.349094846-06:00" level=debug msg="Invoking: gptj-python-rsryg16rhcb2lt3ui74t.default.192.168.1.240.sslip.io:80"
time="2024-05-28T19:06:56.35924143-06:00" level=debug msg="Invoked gptj-python-rsryg16rhcb2lt3ui74t.default.192.168.1.240.sslip.io in 10152 usec\n"
time="2024-05-28T19:07:03.821163249-06:00" level=debug msg="Minute: 8"
time="2024-05-28T19:07:03.821308224-06:00" level=debug msg="Number of Invocations this iteration: 8"
time="2024-05-28T19:07:03.821390439-06:00" level=debug msg="Invoking: cartservice-9xr1uxoveiaq0i5yf1m5.default.192.168.1.240.sslip.io:80"
time="2024-05-28T19:07:03.832662802-06:00" level=debug msg="Invoked cartservice-9xr1uxoveiaq0i5yf1m5.default.192.168.1.240.sslip.io in 11270 usec\n"
time="2024-05-28T19:07:11.325109147-06:00" level=debug msg="Invoking: gptj-python-rsryg16rhcb2lt3ui74t.default.192.168.1.240.sslip.io:80"
time="2024-05-28T19:07:11.335417265-06:00" level=debug msg="Invoked gptj-python-rsryg16rhcb2lt3ui74t.default.192.168.1.240.sslip.io in 10321 usec\n"
time="2024-05-28T19:07:18.829117135-06:00" level=debug msg="Invoking: gptj-python-rsryg16rhcb2lt3ui74t.default.192.168.1.240.sslip.io:80"
time="2024-05-28T19:07:18.840118065-06:00" level=debug msg="Invoked gptj-python-rsryg16rhcb2lt3ui74t.default.192.168.1.240.sslip.io in 11024 usec\n"
time="2024-05-28T19:07:26.333097245-06:00" level=debug msg="Invoking: gptj-python-rsryg16rhcb2lt3ui74t.default.192.168.1.240.sslip.io:80"
time="2024-05-28T19:07:26.342972138-06:00" level=debug msg="Invoked gptj-python-rsryg16rhcb2lt3ui74t.default.192.168.1.240.sslip.io in 9877 usec\n"
time="2024-05-28T19:07:33.84045129-06:00" level=debug msg="Invoking: cartservice-9xr1uxoveiaq0i5yf1m5.default.192.168.1.240.sslip.io:80"
time="2024-05-28T19:07:33.853178392-06:00" level=debug msg="Invoked cartservice-9xr1uxoveiaq0i5yf1m5.default.192.168.1.240.sslip.io in 12738 usec\n"
time="2024-05-28T19:07:41.345182851-06:00" level=debug msg="Invoking: gptj-python-rsryg16rhcb2lt3ui74t.default.192.168.1.240.sslip.io:80"
time="2024-05-28T19:07:41.356314868-06:00" level=debug msg="Invoked gptj-python-rsryg16rhcb2lt3ui74t.default.192.168.1.240.sslip.io in 11143 usec\n"
time="2024-05-28T19:07:48.849613236-06:00" level=debug msg="Invoking: gptj-python-rsryg16rhcb2lt3ui74t.default.192.168.1.240.sslip.io:80"
time="2024-05-28T19:07:48.860299052-06:00" level=debug msg="Invoked gptj-python-rsryg16rhcb2lt3ui74t.default.192.168.1.240.sslip.io in 10692 usec\n"
time="2024-05-28T19:07:56.353135697-06:00" level=debug msg="Invoking: gptj-python-rsryg16rhcb2lt3ui74t.default.192.168.1.240.sslip.io:80"
time="2024-05-28T19:07:56.363017348-06:00" level=debug msg="Invoked gptj-python-rsryg16rhcb2lt3ui74t.default.192.168.1.240.sslip.io in 9884 usec\n"
time="2024-05-28T19:08:03.822149796-06:00" level=debug msg="Minute: 9"
time="2024-05-28T19:08:03.822245042-06:00" level=debug msg="Number of Invocations this iteration: 8"
time="2024-05-28T19:08:03.822335998-06:00" level=debug msg="Invoking: cartservice-9xr1uxoveiaq0i5yf1m5.default.192.168.1.240.sslip.io:80"
time="2024-05-28T19:08:03.834043387-06:00" level=debug msg="Invoked cartservice-9xr1uxoveiaq0i5yf1m5.default.192.168.1.240.sslip.io in 11705 usec\n"
time="2024-05-28T19:08:11.32914311-06:00" level=debug msg="Invoking: gptj-python-rsryg16rhcb2lt3ui74t.default.192.168.1.240.sslip.io:80"
time="2024-05-28T19:08:11.339883429-06:00" level=debug msg="Invoked gptj-python-rsryg16rhcb2lt3ui74t.default.192.168.1.240.sslip.io in 10753 usec\n"
time="2024-05-28T19:08:18.833208392-06:00" level=debug msg="Invoking: gptj-python-rsryg16rhcb2lt3ui74t.default.192.168.1.240.sslip.io:80"
time="2024-05-28T19:08:18.843805046-06:00" level=debug msg="Invoked gptj-python-rsryg16rhcb2lt3ui74t.default.192.168.1.240.sslip.io in 10608 usec\n"
time="2024-05-28T19:08:26.338348894-06:00" level=debug msg="Invoking: gptj-python-rsryg16rhcb2lt3ui74t.default.192.168.1.240.sslip.io:80"
time="2024-05-28T19:08:26.349067728-06:00" level=debug msg="Invoked gptj-python-rsryg16rhcb2lt3ui74t.default.192.168.1.240.sslip.io in 10730 usec\n"
time="2024-05-28T19:08:33.845177025-06:00" level=debug msg="Invoking: cartservice-9xr1uxoveiaq0i5yf1m5.default.192.168.1.240.sslip.io:80"
time="2024-05-28T19:08:33.857641907-06:00" level=debug msg="Invoked cartservice-9xr1uxoveiaq0i5yf1m5.default.192.168.1.240.sslip.io in 12477 usec\n"
time="2024-05-28T19:08:41.346039007-06:00" level=debug msg="Invoking: gptj-python-rsryg16rhcb2lt3ui74t.default.192.168.1.240.sslip.io:80"
time="2024-05-28T19:08:41.356390842-06:00" level=debug msg="Invoked gptj-python-rsryg16rhcb2lt3ui74t.default.192.168.1.240.sslip.io in 10509 usec\n"
time="2024-05-28T19:08:48.849178615-06:00" level=debug msg="Invoking: gptj-python-rsryg16rhcb2lt3ui74t.default.192.168.1.240.sslip.io:80"
time="2024-05-28T19:08:48.8590534-06:00" level=debug msg="Invoked gptj-python-rsryg16rhcb2lt3ui74t.default.192.168.1.240.sslip.io in 9881 usec\n"
time="2024-05-28T19:08:56.355764604-06:00" level=debug msg="Invoking: gptj-python-rsryg16rhcb2lt3ui74t.default.192.168.1.240.sslip.io:80"
time="2024-05-28T19:08:56.366112309-06:00" level=debug msg="Invoked gptj-python-rsryg16rhcb2lt3ui74t.default.192.168.1.240.sslip.io in 10358 usec\n"
time="2024-05-28T19:09:03.82201134-06:00" level=debug msg="Minute: 10"
time="2024-05-28T19:09:03.822154802-06:00" level=debug msg="Number of Invocations this iteration: 8"
time="2024-05-28T19:09:03.822240243-06:00" level=debug msg="Invoking: rnn-serving-python-10-10-os8f9d57zrtmyak04rqx.default.192.168.1.240.sslip.io:80"
time="2024-05-28T19:09:11.329175685-06:00" level=debug msg="Invoking: gptj-python-rsryg16rhcb2lt3ui74t.default.192.168.1.240.sslip.io:80"
time="2024-05-28T19:09:11.33964641-06:00" level=debug msg="Invoked gptj-python-rsryg16rhcb2lt3ui74t.default.192.168.1.240.sslip.io in 10479 usec\n"
time="2024-05-28T19:09:14.465564644-06:00" level=debug msg="Invoked rnn-serving-python-10-10-os8f9d57zrtmyak04rqx.default.192.168.1.240.sslip.io in 10643322 usec\n"
time="2024-05-28T19:09:18.833054441-06:00" level=debug msg="Invoking: gptj-python-rsryg16rhcb2lt3ui74t.default.192.168.1.240.sslip.io:80"
time="2024-05-28T19:09:18.843930624-06:00" level=debug msg="Invoked gptj-python-rsryg16rhcb2lt3ui74t.default.192.168.1.240.sslip.io in 10939 usec\n"
time="2024-05-28T19:09:26.337108504-06:00" level=debug msg="Invoking: gptj-python-rsryg16rhcb2lt3ui74t.default.192.168.1.240.sslip.io:80"
time="2024-05-28T19:09:26.347035033-06:00" level=debug msg="Invoked gptj-python-rsryg16rhcb2lt3ui74t.default.192.168.1.240.sslip.io in 9934 usec\n"
time="2024-05-28T19:09:33.843203865-06:00" level=debug msg="Invoking: cartservice-9xr1uxoveiaq0i5yf1m5.default.192.168.1.240.sslip.io:80"
time="2024-05-28T19:09:39.296134455-06:00" level=debug msg="Invoked cartservice-9xr1uxoveiaq0i5yf1m5.default.192.168.1.240.sslip.io in 5452939 usec\n"
time="2024-05-28T19:09:41.344184498-06:00" level=debug msg="Invoking: gptj-python-rsryg16rhcb2lt3ui74t.default.192.168.1.240.sslip.io:80"
time="2024-05-28T19:09:41.355911676-06:00" level=debug msg="Invoked gptj-python-rsryg16rhcb2lt3ui74t.default.192.168.1.240.sslip.io in 11734 usec\n"
time="2024-05-28T19:09:48.849199369-06:00" level=debug msg="Invoking: gptj-python-rsryg16rhcb2lt3ui74t.default.192.168.1.240.sslip.io:80"
time="2024-05-28T19:09:48.859263457-06:00" level=debug msg="Invoked gptj-python-rsryg16rhcb2lt3ui74t.default.192.168.1.240.sslip.io in 10074 usec\n"
time="2024-05-28T19:09:56.353132458-06:00" level=debug msg="Invoking: gptj-python-rsryg16rhcb2lt3ui74t.default.192.168.1.240.sslip.io:80"
time="2024-05-28T19:09:56.36464665-06:00" level=debug msg="Invoked gptj-python-rsryg16rhcb2lt3ui74t.default.192.168.1.240.sslip.io in 11524 usec\n"
time="2024-05-28T19:10:03.821118917-06:00" level=debug msg="Minute: 11"
time="2024-05-28T19:10:03.821186062-06:00" level=debug msg="Number of Invocations this iteration: 8"
time="2024-05-28T19:10:03.821239457-06:00" level=debug msg="Invoking: image-rotate-go-6-qlufoeykttcy2aqxhd69.default.192.168.1.240.sslip.io:80"
time="2024-05-28T19:10:10.921886247-06:00" level=debug msg="Invoked image-rotate-go-6-qlufoeykttcy2aqxhd69.default.192.168.1.240.sslip.io in 7100645 usec\n"
time="2024-05-28T19:10:11.322360447-06:00" level=debug msg="Invoking: gptj-python-rsryg16rhcb2lt3ui74t.default.192.168.1.240.sslip.io:80"
time="2024-05-28T19:10:11.333268463-06:00" level=debug msg="Invoked gptj-python-rsryg16rhcb2lt3ui74t.default.192.168.1.240.sslip.io in 10921 usec\n"
time="2024-05-28T19:10:18.829110526-06:00" level=debug msg="Invoking: gptj-python-rsryg16rhcb2lt3ui74t.default.192.168.1.240.sslip.io:80"
time="2024-05-28T19:10:18.839370608-06:00" level=debug msg="Invoked gptj-python-rsryg16rhcb2lt3ui74t.default.192.168.1.240.sslip.io in 10271 usec\n"
time="2024-05-28T19:10:26.33376026-06:00" level=debug msg="Invoking: gptj-python-rsryg16rhcb2lt3ui74t.default.192.168.1.240.sslip.io:80"
time="2024-05-28T19:10:26.345163576-06:00" level=debug msg="Invoked gptj-python-rsryg16rhcb2lt3ui74t.default.192.168.1.240.sslip.io in 11411 usec\n"
time="2024-05-28T19:10:33.837178211-06:00" level=debug msg="Invoking: cartservice-9xr1uxoveiaq0i5yf1m5.default.192.168.1.240.sslip.io:80"
time="2024-05-28T19:10:33.865624999-06:00" level=debug msg="Invoked cartservice-9xr1uxoveiaq0i5yf1m5.default.192.168.1.240.sslip.io in 28455 usec\n"
time="2024-05-28T19:10:41.342081334-06:00" level=debug msg="Invoking: gptj-python-rsryg16rhcb2lt3ui74t.default.192.168.1.240.sslip.io:80"
time="2024-05-28T19:10:41.353552634-06:00" level=debug msg="Invoked gptj-python-rsryg16rhcb2lt3ui74t.default.192.168.1.240.sslip.io in 11474 usec\n"
time="2024-05-28T19:10:48.842423602-06:00" level=debug msg="Invoking: gptj-python-rsryg16rhcb2lt3ui74t.default.192.168.1.240.sslip.io:80"
time="2024-05-28T19:10:48.853317537-06:00" level=debug msg="Invoked gptj-python-rsryg16rhcb2lt3ui74t.default.192.168.1.240.sslip.io in 10961 usec\n"
time="2024-05-28T19:10:56.349150953-06:00" level=debug msg="Invoking: gptj-python-rsryg16rhcb2lt3ui74t.default.192.168.1.240.sslip.io:80"
time="2024-05-28T19:10:56.359840495-06:00" level=debug msg="Invoked gptj-python-rsryg16rhcb2lt3ui74t.default.192.168.1.240.sslip.io in 10696 usec\n"
time="2024-05-28T19:11:03.821177829-06:00" level=debug msg="Minute: 12"
time="2024-05-28T19:11:03.821317025-06:00" level=debug msg="Number of Invocations this iteration: 8"
time="2024-05-28T19:11:03.82138956-06:00" level=debug msg="Invoking: cartservice-9xr1uxoveiaq0i5yf1m5.default.192.168.1.240.sslip.io:80"
time="2024-05-28T19:11:03.834261882-06:00" level=debug msg="Invoked cartservice-9xr1uxoveiaq0i5yf1m5.default.192.168.1.240.sslip.io in 12870 usec\n"
time="2024-05-28T19:11:11.325175293-06:00" level=debug msg="Invoking: gptj-python-rsryg16rhcb2lt3ui74t.default.192.168.1.240.sslip.io:80"
time="2024-05-28T19:11:11.335241847-06:00" level=debug msg="Invoked gptj-python-rsryg16rhcb2lt3ui74t.default.192.168.1.240.sslip.io in 10074 usec\n"
time="2024-05-28T19:11:18.829148052-06:00" level=debug msg="Invoking: gptj-python-rsryg16rhcb2lt3ui74t.default.192.168.1.240.sslip.io:80"
time="2024-05-28T19:11:18.839455463-06:00" level=debug msg="Invoked gptj-python-rsryg16rhcb2lt3ui74t.default.192.168.1.240.sslip.io in 10345 usec\n"
time="2024-05-28T19:11:26.333209273-06:00" level=debug msg="Invoking: gptj-python-rsryg16rhcb2lt3ui74t.default.192.168.1.240.sslip.io:80"
time="2024-05-28T19:11:26.343739477-06:00" level=debug msg="Invoked gptj-python-rsryg16rhcb2lt3ui74t.default.192.168.1.240.sslip.io in 10539 usec\n"
time="2024-05-28T19:11:33.837193979-06:00" level=debug msg="Invoking: cartservice-9xr1uxoveiaq0i5yf1m5.default.192.168.1.240.sslip.io:80"
time="2024-05-28T19:11:33.848510324-06:00" level=debug msg="Invoked cartservice-9xr1uxoveiaq0i5yf1m5.default.192.168.1.240.sslip.io in 11342 usec\n"
time="2024-05-28T19:11:41.341344335-06:00" level=debug msg="Invoking: gptj-python-rsryg16rhcb2lt3ui74t.default.192.168.1.240.sslip.io:80"
time="2024-05-28T19:11:41.352444776-06:00" level=debug msg="Invoked gptj-python-rsryg16rhcb2lt3ui74t.default.192.168.1.240.sslip.io in 11110 usec\n"
time="2024-05-28T19:11:48.84517927-06:00" level=debug msg="Invoking: gptj-python-rsryg16rhcb2lt3ui74t.default.192.168.1.240.sslip.io:80"
time="2024-05-28T19:11:48.85546387-06:00" level=debug msg="Invoked gptj-python-rsryg16rhcb2lt3ui74t.default.192.168.1.240.sslip.io in 10294 usec\n"
time="2024-05-28T19:11:56.350486362-06:00" level=debug msg="Invoking: gptj-python-rsryg16rhcb2lt3ui74t.default.192.168.1.240.sslip.io:80"
time="2024-05-28T19:11:56.360277127-06:00" level=debug msg="Invoked gptj-python-rsryg16rhcb2lt3ui74t.default.192.168.1.240.sslip.io in 9793 usec\n"
time="2024-05-28T19:12:03.821124483-06:00" level=debug msg="Minute: 13"
time="2024-05-28T19:12:03.821216297-06:00" level=debug msg="Number of Invocations this iteration: 8"
time="2024-05-28T19:12:03.821306355-06:00" level=debug msg="Invoking: cartservice-9xr1uxoveiaq0i5yf1m5.default.192.168.1.240.sslip.io:80"
time="2024-05-28T19:12:03.837611995-06:00" level=debug msg="Invoked cartservice-9xr1uxoveiaq0i5yf1m5.default.192.168.1.240.sslip.io in 16301 usec\n"
time="2024-05-28T19:12:11.327919481-06:00" level=debug msg="Invoking: gptj-python-rsryg16rhcb2lt3ui74t.default.192.168.1.240.sslip.io:80"
time="2024-05-28T19:12:11.339322151-06:00" level=debug msg="Invoked gptj-python-rsryg16rhcb2lt3ui74t.default.192.168.1.240.sslip.io in 11406 usec\n"
time="2024-05-28T19:12:18.833192432-06:00" level=debug msg="Invoking: gptj-python-rsryg16rhcb2lt3ui74t.default.192.168.1.240.sslip.io:80"
time="2024-05-28T19:12:18.844913141-06:00" level=debug msg="Invoked gptj-python-rsryg16rhcb2lt3ui74t.default.192.168.1.240.sslip.io in 11729 usec\n"
time="2024-05-28T19:12:26.338684802-06:00" level=debug msg="Invoking: gptj-python-rsryg16rhcb2lt3ui74t.default.192.168.1.240.sslip.io:80"
time="2024-05-28T19:12:26.349306073-06:00" level=debug msg="Invoked gptj-python-rsryg16rhcb2lt3ui74t.default.192.168.1.240.sslip.io in 10644 usec\n"
time="2024-05-28T19:12:33.845181293-06:00" level=debug msg="Invoking: cartservice-9xr1uxoveiaq0i5yf1m5.default.192.168.1.240.sslip.io:80"
time="2024-05-28T19:12:33.859981423-06:00" level=debug msg="Invoked cartservice-9xr1uxoveiaq0i5yf1m5.default.192.168.1.240.sslip.io in 14808 usec\n"
time="2024-05-28T19:12:41.349161469-06:00" level=debug msg="Invoking: gptj-python-rsryg16rhcb2lt3ui74t.default.192.168.1.240.sslip.io:80"
time="2024-05-28T19:12:41.360796859-06:00" level=debug msg="Invoked gptj-python-rsryg16rhcb2lt3ui74t.default.192.168.1.240.sslip.io in 11676 usec\n"
time="2024-05-28T19:12:48.849342963-06:00" level=debug msg="Invoking: gptj-python-rsryg16rhcb2lt3ui74t.default.192.168.1.240.sslip.io:80"
time="2024-05-28T19:12:48.859791977-06:00" level=debug msg="Invoked gptj-python-rsryg16rhcb2lt3ui74t.default.192.168.1.240.sslip.io in 10463 usec\n"
time="2024-05-28T19:12:56.353140308-06:00" level=debug msg="Invoking: gptj-python-rsryg16rhcb2lt3ui74t.default.192.168.1.240.sslip.io:80"
time="2024-05-28T19:12:56.36577557-06:00" level=debug msg="Invoked gptj-python-rsryg16rhcb2lt3ui74t.default.192.168.1.240.sslip.io in 12645 usec\n"
time="2024-05-28T19:13:03.822817293-06:00" level=info msg="Experiment Phase Completed"
time="2024-05-28T19:13:03.822884888-06:00" level=info msg="Issued / completed requests: 112, 112"
time="2024-05-28T19:13:03.822898589-06:00" level=info msg="Average Real RPS: 0.13 "
time="2024-05-28T19:13:03.822907753-06:00" level=info msg="Experiment finished!"
time="2024-05-28T19:13:03.822917711-06:00" level=info msg="The measured latencies are saved in rps_lat.csv"
