time="2024-05-28T17:49:36.260800312-06:00" level=debug msg="Debug logging is enabled"
time="2024-05-28T17:49:36.26099134-06:00" level=info msg="Reading the trace endpoints from the file: /users/ArunAMS/vSwarm/tools/load-generator/load.json"
time="2024-05-28T17:49:36.262283219-06:00" level=info msg="Warmup Duration: 3"
time="2024-05-28T17:49:36.262306484-06:00" level=info msg="Experiment Duration: 11"
time="2024-05-28T17:49:36.262324689-06:00" level=info msg="Minute Granularity: true"
time="2024-05-28T17:50:36.320035023-06:00" level=info msg="Running Warmup Phase"
time="2024-05-28T17:50:36.320111056-06:00" level=debug msg="Minute: 0"
time="2024-05-28T17:50:36.320188854-06:00" level=debug msg="Number of Invocations this iteration: 8"
time="2024-05-28T17:50:36.320298923-06:00" level=debug msg="Invoking: cartservice-4qjzojgwccjr7i74pnwh.default.192.168.1.240.sslip.io:80"
time="2024-05-28T17:50:43.827509721-06:00" level=debug msg="Invoking: gptj-python-2c55vftu55ufythcq39x.default.192.168.1.240.sslip.io:80"
time="2024-05-28T17:50:51.329070328-06:00" level=debug msg="Invoking: gptj-python-2c55vftu55ufythcq39x.default.192.168.1.240.sslip.io:80"
time="2024-05-28T17:50:58.832000531-06:00" level=debug msg="Invoking: gptj-python-2c55vftu55ufythcq39x.default.192.168.1.240.sslip.io:80"
time="2024-05-28T17:51:06.336056052-06:00" level=debug msg="Invoking: cartservice-4qjzojgwccjr7i74pnwh.default.192.168.1.240.sslip.io:80"
time="2024-05-28T17:51:13.84337342-06:00" level=debug msg="Invoking: gptj-python-2c55vftu55ufythcq39x.default.192.168.1.240.sslip.io:80"
time="2024-05-28T17:51:21.348065552-06:00" level=debug msg="Invoking: gptj-python-2c55vftu55ufythcq39x.default.192.168.1.240.sslip.io:80"
time="2024-05-28T17:51:28.852068185-06:00" level=debug msg="Invoking: gptj-python-2c55vftu55ufythcq39x.default.192.168.1.240.sslip.io:80"
time="2024-05-28T17:51:36.268085048-06:00" level=debug msg="Minute: 1"
time="2024-05-28T17:51:36.268193913-06:00" level=debug msg="Number of Invocations this iteration: 8"
time="2024-05-28T17:51:36.268309576-06:00" level=debug msg="Invoking: image-rotate-go-6-ebqwerxvwz2gh460hyyp.default.192.168.1.240.sslip.io:80"
time="2024-05-28T17:51:43.772106587-06:00" level=debug msg="Invoking: gptj-python-2c55vftu55ufythcq39x.default.192.168.1.240.sslip.io:80"
time="2024-05-28T17:51:51.273293343-06:00" level=debug msg="Invoking: gptj-python-2c55vftu55ufythcq39x.default.192.168.1.240.sslip.io:80"
time="2024-05-28T17:51:58.780083495-06:00" level=debug msg="Invoking: gptj-python-2c55vftu55ufythcq39x.default.192.168.1.240.sslip.io:80"
time="2024-05-28T17:52:06.284070375-06:00" level=debug msg="Invoking: cartservice-4qjzojgwccjr7i74pnwh.default.192.168.1.240.sslip.io:80"
time="2024-05-28T17:52:13.788854982-06:00" level=debug msg="Invoking: gptj-python-2c55vftu55ufythcq39x.default.192.168.1.240.sslip.io:80"
time="2024-05-28T17:52:21.294122334-06:00" level=debug msg="Invoking: gptj-python-2c55vftu55ufythcq39x.default.192.168.1.240.sslip.io:80"
time="2024-05-28T17:52:28.800037578-06:00" level=debug msg="Invoking: gptj-python-2c55vftu55ufythcq39x.default.192.168.1.240.sslip.io:80"
time="2024-05-28T17:52:36.268000746-06:00" level=debug msg="Minute: 2"
time="2024-05-28T17:52:36.268113476-06:00" level=debug msg="Number of Invocations this iteration: 8"
time="2024-05-28T17:52:36.268233775-06:00" level=debug msg="Invoking: cartservice-4qjzojgwccjr7i74pnwh.default.192.168.1.240.sslip.io:80"
time="2024-05-28T17:52:43.772454829-06:00" level=debug msg="Invoking: gptj-python-2c55vftu55ufythcq39x.default.192.168.1.240.sslip.io:80"
time="2024-05-28T17:52:51.276071115-06:00" level=debug msg="Invoking: gptj-python-2c55vftu55ufythcq39x.default.192.168.1.240.sslip.io:80"
time="2024-05-28T17:52:58.783077152-06:00" level=debug msg="Invoking: gptj-python-2c55vftu55ufythcq39x.default.192.168.1.240.sslip.io:80"
time="2024-05-28T17:53:06.290581444-06:00" level=debug msg="Invoking: cartservice-4qjzojgwccjr7i74pnwh.default.192.168.1.240.sslip.io:80"
time="2024-05-28T17:53:13.796104236-06:00" level=debug msg="Invoking: gptj-python-2c55vftu55ufythcq39x.default.192.168.1.240.sslip.io:80"
time="2024-05-28T17:53:21.302372252-06:00" level=debug msg="Invoking: gptj-python-2c55vftu55ufythcq39x.default.192.168.1.240.sslip.io:80"
time="2024-05-28T17:53:28.808081188-06:00" level=debug msg="Invoking: gptj-python-2c55vftu55ufythcq39x.default.192.168.1.240.sslip.io:80"
time="2024-05-28T17:53:36.268054244-06:00" level=info msg="Warmup Phase Completed"
time="2024-05-28T17:53:36.268138827-06:00" level=info msg="Running Experiment Phase"
time="2024-05-28T17:53:36.268169395-06:00" level=debug msg="Minute: 3"
time="2024-05-28T17:53:36.268219689-06:00" level=debug msg="Number of Invocations this iteration: 8"
time="2024-05-28T17:53:36.268333229-06:00" level=debug msg="Invoking: cartservice-4qjzojgwccjr7i74pnwh.default.192.168.1.240.sslip.io:80"
time="2024-05-28T17:53:36.281944486-06:00" level=debug msg="Invoked cartservice-4qjzojgwccjr7i74pnwh.default.192.168.1.240.sslip.io in 13609 usec\n"
time="2024-05-28T17:53:43.77205225-06:00" level=debug msg="Invoking: gptj-python-2c55vftu55ufythcq39x.default.192.168.1.240.sslip.io:80"
time="2024-05-28T17:53:43.782864441-06:00" level=debug msg="Invoked gptj-python-2c55vftu55ufythcq39x.default.192.168.1.240.sslip.io in 10824 usec\n"
time="2024-05-28T17:53:51.276813363-06:00" level=debug msg="Invoking: gptj-python-2c55vftu55ufythcq39x.default.192.168.1.240.sslip.io:80"
time="2024-05-28T17:53:51.287737617-06:00" level=debug msg="Invoked gptj-python-2c55vftu55ufythcq39x.default.192.168.1.240.sslip.io in 10937 usec\n"
time="2024-05-28T17:53:58.784087316-06:00" level=debug msg="Invoking: gptj-python-2c55vftu55ufythcq39x.default.192.168.1.240.sslip.io:80"
time="2024-05-28T17:53:58.799744199-06:00" level=debug msg="Invoked gptj-python-2c55vftu55ufythcq39x.default.192.168.1.240.sslip.io in 15659 usec\n"
time="2024-05-28T17:54:06.28801232-06:00" level=debug msg="Invoking: cartservice-4qjzojgwccjr7i74pnwh.default.192.168.1.240.sslip.io:80"
time="2024-05-28T17:54:06.300559228-06:00" level=debug msg="Invoked cartservice-4qjzojgwccjr7i74pnwh.default.192.168.1.240.sslip.io in 12559 usec\n"
time="2024-05-28T17:54:13.792003814-06:00" level=debug msg="Invoking: gptj-python-2c55vftu55ufythcq39x.default.192.168.1.240.sslip.io:80"
time="2024-05-28T17:54:13.803653364-06:00" level=debug msg="Invoked gptj-python-2c55vftu55ufythcq39x.default.192.168.1.240.sslip.io in 11662 usec\n"
time="2024-05-28T17:54:21.295986836-06:00" level=debug msg="Invoking: gptj-python-2c55vftu55ufythcq39x.default.192.168.1.240.sslip.io:80"
time="2024-05-28T17:54:21.306450957-06:00" level=debug msg="Invoked gptj-python-2c55vftu55ufythcq39x.default.192.168.1.240.sslip.io in 10469 usec\n"
time="2024-05-28T17:54:28.800004483-06:00" level=debug msg="Invoking: gptj-python-2c55vftu55ufythcq39x.default.192.168.1.240.sslip.io:80"
time="2024-05-28T17:54:28.810974334-06:00" level=debug msg="Invoked gptj-python-2c55vftu55ufythcq39x.default.192.168.1.240.sslip.io in 10977 usec\n"
time="2024-05-28T17:54:36.26914352-06:00" level=debug msg="Minute: 4"
time="2024-05-28T17:54:36.269240033-06:00" level=debug msg="Number of Invocations this iteration: 8"
time="2024-05-28T17:54:36.269324807-06:00" level=debug msg="Invoking: rnn-serving-python-10-10-vcx3zszg4b7xa6ihdiq8.default.192.168.1.240.sslip.io:80"
time="2024-05-28T17:54:43.776294326-06:00" level=debug msg="Invoking: gptj-python-2c55vftu55ufythcq39x.default.192.168.1.240.sslip.io:80"
time="2024-05-28T17:54:43.786221476-06:00" level=debug msg="Invoked gptj-python-2c55vftu55ufythcq39x.default.192.168.1.240.sslip.io in 9937 usec\n"
time="2024-05-28T17:54:46.789321901-06:00" level=debug msg="Invoked rnn-serving-python-10-10-vcx3zszg4b7xa6ihdiq8.default.192.168.1.240.sslip.io in 10519995 usec\n"
time="2024-05-28T17:54:51.280001248-06:00" level=debug msg="Invoking: gptj-python-2c55vftu55ufythcq39x.default.192.168.1.240.sslip.io:80"
time="2024-05-28T17:54:51.290541304-06:00" level=debug msg="Invoked gptj-python-2c55vftu55ufythcq39x.default.192.168.1.240.sslip.io in 10544 usec\n"
time="2024-05-28T17:54:58.783996614-06:00" level=debug msg="Invoking: gptj-python-2c55vftu55ufythcq39x.default.192.168.1.240.sslip.io:80"
time="2024-05-28T17:54:58.795810166-06:00" level=debug msg="Invoked gptj-python-2c55vftu55ufythcq39x.default.192.168.1.240.sslip.io in 11819 usec\n"
time="2024-05-28T17:55:06.288077398-06:00" level=debug msg="Invoking: cartservice-4qjzojgwccjr7i74pnwh.default.192.168.1.240.sslip.io:80"
time="2024-05-28T17:55:06.300428457-06:00" level=debug msg="Invoked cartservice-4qjzojgwccjr7i74pnwh.default.192.168.1.240.sslip.io in 12361 usec\n"
time="2024-05-28T17:55:13.794851391-06:00" level=debug msg="Invoking: gptj-python-2c55vftu55ufythcq39x.default.192.168.1.240.sslip.io:80"
time="2024-05-28T17:55:13.809454178-06:00" level=debug msg="Invoked gptj-python-2c55vftu55ufythcq39x.default.192.168.1.240.sslip.io in 14617 usec\n"
time="2024-05-28T17:55:21.301421551-06:00" level=debug msg="Invoking: gptj-python-2c55vftu55ufythcq39x.default.192.168.1.240.sslip.io:80"
time="2024-05-28T17:55:21.309608206-06:00" level=debug msg="Invoked gptj-python-2c55vftu55ufythcq39x.default.192.168.1.240.sslip.io in 8198 usec\n"
time="2024-05-28T17:55:28.808065719-06:00" level=debug msg="Invoking: gptj-python-2c55vftu55ufythcq39x.default.192.168.1.240.sslip.io:80"
time="2024-05-28T17:55:28.819194942-06:00" level=debug msg="Invoked gptj-python-2c55vftu55ufythcq39x.default.192.168.1.240.sslip.io in 11142 usec\n"
time="2024-05-28T17:55:36.268017784-06:00" level=debug msg="Minute: 5"
time="2024-05-28T17:55:36.268087153-06:00" level=debug msg="Number of Invocations this iteration: 8"
time="2024-05-28T17:55:36.268138293-06:00" level=debug msg="Invoking: cartservice-4qjzojgwccjr7i74pnwh.default.192.168.1.240.sslip.io:80"
time="2024-05-28T17:55:36.280786168-06:00" level=debug msg="Invoked cartservice-4qjzojgwccjr7i74pnwh.default.192.168.1.240.sslip.io in 12642 usec\n"
time="2024-05-28T17:55:43.772114825-06:00" level=debug msg="Invoking: gptj-python-2c55vftu55ufythcq39x.default.192.168.1.240.sslip.io:80"
time="2024-05-28T17:55:43.782401319-06:00" level=debug msg="Invoked gptj-python-2c55vftu55ufythcq39x.default.192.168.1.240.sslip.io in 10323 usec\n"
time="2024-05-28T17:55:51.276064606-06:00" level=debug msg="Invoking: gptj-python-2c55vftu55ufythcq39x.default.192.168.1.240.sslip.io:80"
time="2024-05-28T17:55:51.286279984-06:00" level=debug msg="Invoked gptj-python-2c55vftu55ufythcq39x.default.192.168.1.240.sslip.io in 10273 usec\n"
time="2024-05-28T17:55:58.780074963-06:00" level=debug msg="Invoking: gptj-python-2c55vftu55ufythcq39x.default.192.168.1.240.sslip.io:80"
time="2024-05-28T17:55:58.791876218-06:00" level=debug msg="Invoked gptj-python-2c55vftu55ufythcq39x.default.192.168.1.240.sslip.io in 11807 usec\n"
time="2024-05-28T17:56:06.284071475-06:00" level=debug msg="Invoking: cartservice-4qjzojgwccjr7i74pnwh.default.192.168.1.240.sslip.io:80"
time="2024-05-28T17:56:06.295924975-06:00" level=debug msg="Invoked cartservice-4qjzojgwccjr7i74pnwh.default.192.168.1.240.sslip.io in 11844 usec\n"
time="2024-05-28T17:56:13.788080769-06:00" level=debug msg="Invoking: gptj-python-2c55vftu55ufythcq39x.default.192.168.1.240.sslip.io:80"
time="2024-05-28T17:56:13.798496532-06:00" level=debug msg="Invoked gptj-python-2c55vftu55ufythcq39x.default.192.168.1.240.sslip.io in 10429 usec\n"
time="2024-05-28T17:56:21.292108731-06:00" level=debug msg="Invoking: gptj-python-2c55vftu55ufythcq39x.default.192.168.1.240.sslip.io:80"
time="2024-05-28T17:56:21.305822941-06:00" level=debug msg="Invoked gptj-python-2c55vftu55ufythcq39x.default.192.168.1.240.sslip.io in 13727 usec\n"
time="2024-05-28T17:56:28.798373451-06:00" level=debug msg="Invoking: gptj-python-2c55vftu55ufythcq39x.default.192.168.1.240.sslip.io:80"
time="2024-05-28T17:56:28.808110168-06:00" level=debug msg="Invoked gptj-python-2c55vftu55ufythcq39x.default.192.168.1.240.sslip.io in 9751 usec\n"
time="2024-05-28T17:56:36.268058022-06:00" level=debug msg="Minute: 6"
time="2024-05-28T17:56:36.268172813-06:00" level=debug msg="Number of Invocations this iteration: 8"
time="2024-05-28T17:56:36.268268375-06:00" level=debug msg="Invoking: image-rotate-go-6-ebqwerxvwz2gh460hyyp.default.192.168.1.240.sslip.io:80"
time="2024-05-28T17:56:43.473140601-06:00" level=debug msg="Invoked image-rotate-go-6-ebqwerxvwz2gh460hyyp.default.192.168.1.240.sslip.io in 7204870 usec\n"
time="2024-05-28T17:56:43.769211379-06:00" level=debug msg="Invoking: gptj-python-2c55vftu55ufythcq39x.default.192.168.1.240.sslip.io:80"
time="2024-05-28T17:56:43.779704543-06:00" level=debug msg="Invoked gptj-python-2c55vftu55ufythcq39x.default.192.168.1.240.sslip.io in 10504 usec\n"
time="2024-05-28T17:56:51.276087938-06:00" level=debug msg="Invoking: gptj-python-2c55vftu55ufythcq39x.default.192.168.1.240.sslip.io:80"
time="2024-05-28T17:56:51.287423026-06:00" level=debug msg="Invoked gptj-python-2c55vftu55ufythcq39x.default.192.168.1.240.sslip.io in 11347 usec\n"
time="2024-05-28T17:56:58.782796852-06:00" level=debug msg="Invoking: gptj-python-2c55vftu55ufythcq39x.default.192.168.1.240.sslip.io:80"
time="2024-05-28T17:56:58.794627302-06:00" level=debug msg="Invoked gptj-python-2c55vftu55ufythcq39x.default.192.168.1.240.sslip.io in 11820 usec\n"
time="2024-05-28T17:57:06.288008969-06:00" level=debug msg="Invoking: cartservice-4qjzojgwccjr7i74pnwh.default.192.168.1.240.sslip.io:80"
time="2024-05-28T17:57:06.300368741-06:00" level=debug msg="Invoked cartservice-4qjzojgwccjr7i74pnwh.default.192.168.1.240.sslip.io in 12372 usec\n"
time="2024-05-28T17:57:13.794657654-06:00" level=debug msg="Invoking: gptj-python-2c55vftu55ufythcq39x.default.192.168.1.240.sslip.io:80"
time="2024-05-28T17:57:13.804843797-06:00" level=debug msg="Invoked gptj-python-2c55vftu55ufythcq39x.default.192.168.1.240.sslip.io in 10198 usec\n"
time="2024-05-28T17:57:21.300021438-06:00" level=debug msg="Invoking: gptj-python-2c55vftu55ufythcq39x.default.192.168.1.240.sslip.io:80"
time="2024-05-28T17:57:21.310218298-06:00" level=debug msg="Invoked gptj-python-2c55vftu55ufythcq39x.default.192.168.1.240.sslip.io in 10210 usec\n"
time="2024-05-28T17:57:28.804066802-06:00" level=debug msg="Invoking: gptj-python-2c55vftu55ufythcq39x.default.192.168.1.240.sslip.io:80"
time="2024-05-28T17:57:28.815024037-06:00" level=debug msg="Invoked gptj-python-2c55vftu55ufythcq39x.default.192.168.1.240.sslip.io in 10964 usec\n"
time="2024-05-28T17:57:36.268071083-06:00" level=debug msg="Minute: 7"
time="2024-05-28T17:57:36.26819725-06:00" level=debug msg="Number of Invocations this iteration: 8"
time="2024-05-28T17:57:36.268296461-06:00" level=debug msg="Invoking: cartservice-4qjzojgwccjr7i74pnwh.default.192.168.1.240.sslip.io:80"
time="2024-05-28T17:57:36.281078572-06:00" level=debug msg="Invoked cartservice-4qjzojgwccjr7i74pnwh.default.192.168.1.240.sslip.io in 12782 usec\n"
time="2024-05-28T17:57:43.772088455-06:00" level=debug msg="Invoking: gptj-python-2c55vftu55ufythcq39x.default.192.168.1.240.sslip.io:80"
time="2024-05-28T17:57:43.782739256-06:00" level=debug msg="Invoked gptj-python-2c55vftu55ufythcq39x.default.192.168.1.240.sslip.io in 10665 usec\n"
time="2024-05-28T17:57:51.277084658-06:00" level=debug msg="Invoking: gptj-python-2c55vftu55ufythcq39x.default.192.168.1.240.sslip.io:80"
time="2024-05-28T17:57:51.287779598-06:00" level=debug msg="Invoked gptj-python-2c55vftu55ufythcq39x.default.192.168.1.240.sslip.io in 10707 usec\n"
time="2024-05-28T17:57:58.783989784-06:00" level=debug msg="Invoking: gptj-python-2c55vftu55ufythcq39x.default.192.168.1.240.sslip.io:80"
time="2024-05-28T17:57:58.795410497-06:00" level=debug msg="Invoked gptj-python-2c55vftu55ufythcq39x.default.192.168.1.240.sslip.io in 11398 usec\n"
time="2024-05-28T17:58:06.288001651-06:00" level=debug msg="Invoking: cartservice-4qjzojgwccjr7i74pnwh.default.192.168.1.240.sslip.io:80"
time="2024-05-28T17:58:06.301512265-06:00" level=debug msg="Invoked cartservice-4qjzojgwccjr7i74pnwh.default.192.168.1.240.sslip.io in 13515 usec\n"
time="2024-05-28T17:58:13.793873024-06:00" level=debug msg="Invoking: gptj-python-2c55vftu55ufythcq39x.default.192.168.1.240.sslip.io:80"
time="2024-05-28T17:58:13.804708153-06:00" level=debug msg="Invoked gptj-python-2c55vftu55ufythcq39x.default.192.168.1.240.sslip.io in 10847 usec\n"
time="2024-05-28T17:58:21.300018309-06:00" level=debug msg="Invoking: gptj-python-2c55vftu55ufythcq39x.default.192.168.1.240.sslip.io:80"
time="2024-05-28T17:58:21.311015293-06:00" level=debug msg="Invoked gptj-python-2c55vftu55ufythcq39x.default.192.168.1.240.sslip.io in 11010 usec\n"
time="2024-05-28T17:58:28.807416054-06:00" level=debug msg="Invoking: gptj-python-2c55vftu55ufythcq39x.default.192.168.1.240.sslip.io:80"
time="2024-05-28T17:58:28.939371298-06:00" level=debug msg="Invoked gptj-python-2c55vftu55ufythcq39x.default.192.168.1.240.sslip.io in 131964 usec\n"
time="2024-05-28T17:58:36.269552296-06:00" level=debug msg="Minute: 8"
time="2024-05-28T17:58:36.269690448-06:00" level=debug msg="Number of Invocations this iteration: 8"
time="2024-05-28T17:58:36.269767112-06:00" level=debug msg="Invoking: cartservice-4qjzojgwccjr7i74pnwh.default.192.168.1.240.sslip.io:80"
time="2024-05-28T17:58:36.404511898-06:00" level=debug msg="Invoked cartservice-4qjzojgwccjr7i74pnwh.default.192.168.1.240.sslip.io in 134742 usec\n"
time="2024-05-28T17:58:43.776016776-06:00" level=debug msg="Invoking: gptj-python-2c55vftu55ufythcq39x.default.192.168.1.240.sslip.io:80"
time="2024-05-28T17:58:43.786297032-06:00" level=debug msg="Invoked gptj-python-2c55vftu55ufythcq39x.default.192.168.1.240.sslip.io in 10288 usec\n"
time="2024-05-28T17:58:51.282646616-06:00" level=debug msg="Invoking: gptj-python-2c55vftu55ufythcq39x.default.192.168.1.240.sslip.io:80"
time="2024-05-28T17:58:51.293012932-06:00" level=debug msg="Invoked gptj-python-2c55vftu55ufythcq39x.default.192.168.1.240.sslip.io in 10380 usec\n"
time="2024-05-28T17:58:58.788074662-06:00" level=debug msg="Invoking: gptj-python-2c55vftu55ufythcq39x.default.192.168.1.240.sslip.io:80"
time="2024-05-28T17:58:58.799799026-06:00" level=debug msg="Invoked gptj-python-2c55vftu55ufythcq39x.default.192.168.1.240.sslip.io in 11737 usec\n"
time="2024-05-28T17:59:06.288652002-06:00" level=debug msg="Invoking: cartservice-4qjzojgwccjr7i74pnwh.default.192.168.1.240.sslip.io:80"
time="2024-05-28T17:59:06.300604208-06:00" level=debug msg="Invoked cartservice-4qjzojgwccjr7i74pnwh.default.192.168.1.240.sslip.io in 11967 usec\n"
time="2024-05-28T17:59:13.794611691-06:00" level=debug msg="Invoking: gptj-python-2c55vftu55ufythcq39x.default.192.168.1.240.sslip.io:80"
time="2024-05-28T17:59:13.804581095-06:00" level=debug msg="Invoked gptj-python-2c55vftu55ufythcq39x.default.192.168.1.240.sslip.io in 9981 usec\n"
time="2024-05-28T17:59:21.301701754-06:00" level=debug msg="Invoking: gptj-python-2c55vftu55ufythcq39x.default.192.168.1.240.sslip.io:80"
time="2024-05-28T17:59:21.312538914-06:00" level=debug msg="Invoked gptj-python-2c55vftu55ufythcq39x.default.192.168.1.240.sslip.io in 10848 usec\n"
time="2024-05-28T17:59:28.808049277-06:00" level=debug msg="Invoking: gptj-python-2c55vftu55ufythcq39x.default.192.168.1.240.sslip.io:80"
time="2024-05-28T17:59:28.81884022-06:00" level=debug msg="Invoked gptj-python-2c55vftu55ufythcq39x.default.192.168.1.240.sslip.io in 10802 usec\n"
time="2024-05-28T17:59:36.269117794-06:00" level=debug msg="Minute: 9"
time="2024-05-28T17:59:36.26921848-06:00" level=debug msg="Number of Invocations this iteration: 8"
time="2024-05-28T17:59:36.269311898-06:00" level=debug msg="Invoking: cartservice-4qjzojgwccjr7i74pnwh.default.192.168.1.240.sslip.io:80"
time="2024-05-28T17:59:36.287402123-06:00" level=debug msg="Invoked cartservice-4qjzojgwccjr7i74pnwh.default.192.168.1.240.sslip.io in 18089 usec\n"
time="2024-05-28T17:59:43.775509337-06:00" level=debug msg="Invoking: gptj-python-2c55vftu55ufythcq39x.default.192.168.1.240.sslip.io:80"
time="2024-05-28T17:59:43.786066435-06:00" level=debug msg="Invoked gptj-python-2c55vftu55ufythcq39x.default.192.168.1.240.sslip.io in 10565 usec\n"
time="2024-05-28T17:59:51.280058515-06:00" level=debug msg="Invoking: gptj-python-2c55vftu55ufythcq39x.default.192.168.1.240.sslip.io:80"
time="2024-05-28T17:59:51.290150169-06:00" level=debug msg="Invoked gptj-python-2c55vftu55ufythcq39x.default.192.168.1.240.sslip.io in 10101 usec\n"
time="2024-05-28T17:59:58.784006924-06:00" level=debug msg="Invoking: gptj-python-2c55vftu55ufythcq39x.default.192.168.1.240.sslip.io:80"
time="2024-05-28T17:59:58.794510904-06:00" level=debug msg="Invoked gptj-python-2c55vftu55ufythcq39x.default.192.168.1.240.sslip.io in 10512 usec\n"
time="2024-05-28T18:00:06.284887743-06:00" level=debug msg="Invoking: cartservice-4qjzojgwccjr7i74pnwh.default.192.168.1.240.sslip.io:80"
time="2024-05-28T18:00:06.299620014-06:00" level=debug msg="Invoked cartservice-4qjzojgwccjr7i74pnwh.default.192.168.1.240.sslip.io in 14948 usec\n"
time="2024-05-28T18:00:13.787995428-06:00" level=debug msg="Invoking: gptj-python-2c55vftu55ufythcq39x.default.192.168.1.240.sslip.io:80"
time="2024-05-28T18:00:13.798728042-06:00" level=debug msg="Invoked gptj-python-2c55vftu55ufythcq39x.default.192.168.1.240.sslip.io in 10743 usec\n"
time="2024-05-28T18:00:21.292125912-06:00" level=debug msg="Invoking: gptj-python-2c55vftu55ufythcq39x.default.192.168.1.240.sslip.io:80"
time="2024-05-28T18:00:21.303467832-06:00" level=debug msg="Invoked gptj-python-2c55vftu55ufythcq39x.default.192.168.1.240.sslip.io in 11353 usec\n"
time="2024-05-28T18:00:28.796071498-06:00" level=debug msg="Invoking: gptj-python-2c55vftu55ufythcq39x.default.192.168.1.240.sslip.io:80"
time="2024-05-28T18:00:28.806811834-06:00" level=debug msg="Invoked gptj-python-2c55vftu55ufythcq39x.default.192.168.1.240.sslip.io in 10745 usec\n"
time="2024-05-28T18:00:36.268065976-06:00" level=debug msg="Minute: 10"
time="2024-05-28T18:00:36.268208381-06:00" level=debug msg="Number of Invocations this iteration: 8"
time="2024-05-28T18:00:36.268284322-06:00" level=debug msg="Invoking: rnn-serving-python-10-10-vcx3zszg4b7xa6ihdiq8.default.192.168.1.240.sslip.io:80"
time="2024-05-28T18:00:43.772026902-06:00" level=debug msg="Invoking: gptj-python-2c55vftu55ufythcq39x.default.192.168.1.240.sslip.io:80"
time="2024-05-28T18:00:43.782908006-06:00" level=debug msg="Invoked gptj-python-2c55vftu55ufythcq39x.default.192.168.1.240.sslip.io in 10912 usec\n"
time="2024-05-28T18:00:46.481554757-06:00" level=debug msg="Invoked rnn-serving-python-10-10-vcx3zszg4b7xa6ihdiq8.default.192.168.1.240.sslip.io in 10213271 usec\n"
time="2024-05-28T18:00:51.276006292-06:00" level=debug msg="Invoking: gptj-python-2c55vftu55ufythcq39x.default.192.168.1.240.sslip.io:80"
time="2024-05-28T18:00:51.286328542-06:00" level=debug msg="Invoked gptj-python-2c55vftu55ufythcq39x.default.192.168.1.240.sslip.io in 10332 usec\n"
time="2024-05-28T18:00:58.78001637-06:00" level=debug msg="Invoking: gptj-python-2c55vftu55ufythcq39x.default.192.168.1.240.sslip.io:80"
time="2024-05-28T18:00:58.790463217-06:00" level=debug msg="Invoked gptj-python-2c55vftu55ufythcq39x.default.192.168.1.240.sslip.io in 10450 usec\n"
time="2024-05-28T18:01:06.284071904-06:00" level=debug msg="Invoking: cartservice-4qjzojgwccjr7i74pnwh.default.192.168.1.240.sslip.io:80"
time="2024-05-28T18:01:06.299089574-06:00" level=debug msg="Invoked cartservice-4qjzojgwccjr7i74pnwh.default.192.168.1.240.sslip.io in 15030 usec\n"
time="2024-05-28T18:01:13.788085965-06:00" level=debug msg="Invoking: gptj-python-2c55vftu55ufythcq39x.default.192.168.1.240.sslip.io:80"
time="2024-05-28T18:01:13.79875677-06:00" level=debug msg="Invoked gptj-python-2c55vftu55ufythcq39x.default.192.168.1.240.sslip.io in 10681 usec\n"
time="2024-05-28T18:01:21.294650788-06:00" level=debug msg="Invoking: gptj-python-2c55vftu55ufythcq39x.default.192.168.1.240.sslip.io:80"
time="2024-05-28T18:01:21.305250623-06:00" level=debug msg="Invoked gptj-python-2c55vftu55ufythcq39x.default.192.168.1.240.sslip.io in 10612 usec\n"
time="2024-05-28T18:01:28.79998131-06:00" level=debug msg="Invoking: gptj-python-2c55vftu55ufythcq39x.default.192.168.1.240.sslip.io:80"
time="2024-05-28T18:01:28.809195421-06:00" level=debug msg="Invoked gptj-python-2c55vftu55ufythcq39x.default.192.168.1.240.sslip.io in 9220 usec\n"
time="2024-05-28T18:01:36.268059356-06:00" level=debug msg="Minute: 11"
time="2024-05-28T18:01:36.268159676-06:00" level=debug msg="Number of Invocations this iteration: 8"
time="2024-05-28T18:01:36.268254958-06:00" level=debug msg="Invoking: image-rotate-go-6-ebqwerxvwz2gh460hyyp.default.192.168.1.240.sslip.io:80"
time="2024-05-28T18:01:43.598109948-06:00" level=debug msg="Invoked image-rotate-go-6-ebqwerxvwz2gh460hyyp.default.192.168.1.240.sslip.io in 7329852 usec\n"
time="2024-05-28T18:01:43.769154578-06:00" level=debug msg="Invoking: gptj-python-2c55vftu55ufythcq39x.default.192.168.1.240.sslip.io:80"
time="2024-05-28T18:01:43.779109138-06:00" level=debug msg="Invoked gptj-python-2c55vftu55ufythcq39x.default.192.168.1.240.sslip.io in 9970 usec\n"
time="2024-05-28T18:01:51.276189399-06:00" level=debug msg="Invoking: gptj-python-2c55vftu55ufythcq39x.default.192.168.1.240.sslip.io:80"
time="2024-05-28T18:01:51.286815836-06:00" level=debug msg="Invoked gptj-python-2c55vftu55ufythcq39x.default.192.168.1.240.sslip.io in 10642 usec\n"
time="2024-05-28T18:01:58.77999041-06:00" level=debug msg="Invoking: gptj-python-2c55vftu55ufythcq39x.default.192.168.1.240.sslip.io:80"
time="2024-05-28T18:01:58.789469881-06:00" level=debug msg="Invoked gptj-python-2c55vftu55ufythcq39x.default.192.168.1.240.sslip.io in 9489 usec\n"
time="2024-05-28T18:02:06.2840307-06:00" level=debug msg="Invoking: cartservice-4qjzojgwccjr7i74pnwh.default.192.168.1.240.sslip.io:80"
time="2024-05-28T18:02:06.298334632-06:00" level=debug msg="Invoked cartservice-4qjzojgwccjr7i74pnwh.default.192.168.1.240.sslip.io in 14305 usec\n"
time="2024-05-28T18:02:13.788076626-06:00" level=debug msg="Invoking: gptj-python-2c55vftu55ufythcq39x.default.192.168.1.240.sslip.io:80"
time="2024-05-28T18:02:13.797874864-06:00" level=debug msg="Invoked gptj-python-2c55vftu55ufythcq39x.default.192.168.1.240.sslip.io in 9816 usec\n"
time="2024-05-28T18:02:21.292031278-06:00" level=debug msg="Invoking: gptj-python-2c55vftu55ufythcq39x.default.192.168.1.240.sslip.io:80"
time="2024-05-28T18:02:21.302936193-06:00" level=debug msg="Invoked gptj-python-2c55vftu55ufythcq39x.default.192.168.1.240.sslip.io in 10915 usec\n"
time="2024-05-28T18:02:28.796054514-06:00" level=debug msg="Invoking: gptj-python-2c55vftu55ufythcq39x.default.192.168.1.240.sslip.io:80"
time="2024-05-28T18:02:28.806719744-06:00" level=debug msg="Invoked gptj-python-2c55vftu55ufythcq39x.default.192.168.1.240.sslip.io in 10677 usec\n"
time="2024-05-28T18:02:36.268104439-06:00" level=debug msg="Minute: 12"
time="2024-05-28T18:02:36.268247549-06:00" level=debug msg="Number of Invocations this iteration: 8"
time="2024-05-28T18:02:36.268329219-06:00" level=debug msg="Invoking: cartservice-4qjzojgwccjr7i74pnwh.default.192.168.1.240.sslip.io:80"
time="2024-05-28T18:02:36.281131968-06:00" level=debug msg="Invoked cartservice-4qjzojgwccjr7i74pnwh.default.192.168.1.240.sslip.io in 12797 usec\n"
time="2024-05-28T18:02:43.775498439-06:00" level=debug msg="Invoking: gptj-python-2c55vftu55ufythcq39x.default.192.168.1.240.sslip.io:80"
time="2024-05-28T18:02:43.787650919-06:00" level=debug msg="Invoked gptj-python-2c55vftu55ufythcq39x.default.192.168.1.240.sslip.io in 12165 usec\n"
time="2024-05-28T18:02:51.280100641-06:00" level=debug msg="Invoking: gptj-python-2c55vftu55ufythcq39x.default.192.168.1.240.sslip.io:80"
time="2024-05-28T18:02:51.290260969-06:00" level=debug msg="Invoked gptj-python-2c55vftu55ufythcq39x.default.192.168.1.240.sslip.io in 10195 usec\n"
time="2024-05-28T18:02:58.784077442-06:00" level=debug msg="Invoking: gptj-python-2c55vftu55ufythcq39x.default.192.168.1.240.sslip.io:80"
time="2024-05-28T18:02:58.794359984-06:00" level=debug msg="Invoked gptj-python-2c55vftu55ufythcq39x.default.192.168.1.240.sslip.io in 10291 usec\n"
time="2024-05-28T18:03:06.287997301-06:00" level=debug msg="Invoking: cartservice-4qjzojgwccjr7i74pnwh.default.192.168.1.240.sslip.io:80"
time="2024-05-28T18:03:06.298055466-06:00" level=debug msg="Invoked cartservice-4qjzojgwccjr7i74pnwh.default.192.168.1.240.sslip.io in 10068 usec\n"
time="2024-05-28T18:03:13.793829012-06:00" level=debug msg="Invoking: gptj-python-2c55vftu55ufythcq39x.default.192.168.1.240.sslip.io:80"
time="2024-05-28T18:03:13.804239384-06:00" level=debug msg="Invoked gptj-python-2c55vftu55ufythcq39x.default.192.168.1.240.sslip.io in 10423 usec\n"
time="2024-05-28T18:03:21.300027774-06:00" level=debug msg="Invoking: gptj-python-2c55vftu55ufythcq39x.default.192.168.1.240.sslip.io:80"
time="2024-05-28T18:03:21.310214519-06:00" level=debug msg="Invoked gptj-python-2c55vftu55ufythcq39x.default.192.168.1.240.sslip.io in 10202 usec\n"
time="2024-05-28T18:03:28.804139072-06:00" level=debug msg="Invoking: gptj-python-2c55vftu55ufythcq39x.default.192.168.1.240.sslip.io:80"
time="2024-05-28T18:03:28.815150366-06:00" level=debug msg="Invoked gptj-python-2c55vftu55ufythcq39x.default.192.168.1.240.sslip.io in 11026 usec\n"
time="2024-05-28T18:03:36.269445025-06:00" level=debug msg="Minute: 13"
time="2024-05-28T18:03:36.269551387-06:00" level=debug msg="Number of Invocations this iteration: 8"
time="2024-05-28T18:03:36.269650135-06:00" level=debug msg="Invoking: cartservice-4qjzojgwccjr7i74pnwh.default.192.168.1.240.sslip.io:80"
time="2024-05-28T18:03:36.283011785-06:00" level=debug msg="Invoked cartservice-4qjzojgwccjr7i74pnwh.default.192.168.1.240.sslip.io in 13360 usec\n"
time="2024-05-28T18:03:43.776054304-06:00" level=debug msg="Invoking: gptj-python-2c55vftu55ufythcq39x.default.192.168.1.240.sslip.io:80"
time="2024-05-28T18:03:43.787253142-06:00" level=debug msg="Invoked gptj-python-2c55vftu55ufythcq39x.default.192.168.1.240.sslip.io in 11212 usec\n"
time="2024-05-28T18:03:51.280074706-06:00" level=debug msg="Invoking: gptj-python-2c55vftu55ufythcq39x.default.192.168.1.240.sslip.io:80"
time="2024-05-28T18:03:51.292099443-06:00" level=debug msg="Invoked gptj-python-2c55vftu55ufythcq39x.default.192.168.1.240.sslip.io in 12044 usec\n"
time="2024-05-28T18:03:58.784029357-06:00" level=debug msg="Invoking: gptj-python-2c55vftu55ufythcq39x.default.192.168.1.240.sslip.io:80"
time="2024-05-28T18:03:58.794592486-06:00" level=debug msg="Invoked gptj-python-2c55vftu55ufythcq39x.default.192.168.1.240.sslip.io in 10570 usec\n"
time="2024-05-28T18:04:06.28672303-06:00" level=debug msg="Invoking: cartservice-4qjzojgwccjr7i74pnwh.default.192.168.1.240.sslip.io:80"
time="2024-05-28T18:04:06.299712962-06:00" level=debug msg="Invoked cartservice-4qjzojgwccjr7i74pnwh.default.192.168.1.240.sslip.io in 13002 usec\n"
time="2024-05-28T18:04:13.792103248-06:00" level=debug msg="Invoking: gptj-python-2c55vftu55ufythcq39x.default.192.168.1.240.sslip.io:80"
time="2024-05-28T18:04:13.802467407-06:00" level=debug msg="Invoked gptj-python-2c55vftu55ufythcq39x.default.192.168.1.240.sslip.io in 10398 usec\n"
time="2024-05-28T18:04:21.298203043-06:00" level=debug msg="Invoking: gptj-python-2c55vftu55ufythcq39x.default.192.168.1.240.sslip.io:80"
time="2024-05-28T18:04:21.308588141-06:00" level=debug msg="Invoked gptj-python-2c55vftu55ufythcq39x.default.192.168.1.240.sslip.io in 10391 usec\n"
time="2024-05-28T18:04:28.804048004-06:00" level=debug msg="Invoking: gptj-python-2c55vftu55ufythcq39x.default.192.168.1.240.sslip.io:80"
time="2024-05-28T18:04:28.814308775-06:00" level=debug msg="Invoked gptj-python-2c55vftu55ufythcq39x.default.192.168.1.240.sslip.io in 10271 usec\n"
time="2024-05-28T18:04:36.26809366-06:00" level=info msg="Experiment Phase Completed"
time="2024-05-28T18:04:36.268228698-06:00" level=info msg="Issued / completed requests: 112, 112"
time="2024-05-28T18:04:36.268266653-06:00" level=info msg="Average Real RPS: 0.13 "
time="2024-05-28T18:04:36.268292825-06:00" level=info msg="Experiment finished!"
time="2024-05-28T18:04:36.268320759-06:00" level=info msg="The measured latencies are saved in rps_lat.csv"
