time="2024-05-30T02:11:11.443281264-06:00" level=debug msg="Debug logging is enabled"
time="2024-05-30T02:11:11.443476352-06:00" level=info msg="Reading the trace endpoints from the file: /users/ArunAMS/vSwarm/tools/load-generator/load.json"
time="2024-05-30T02:11:11.445191792-06:00" level=info msg="Warmup Duration: 3"
time="2024-05-30T02:11:11.445222869-06:00" level=info msg="Experiment Duration: 11"
time="2024-05-30T02:11:11.445248019-06:00" level=info msg="Minute Granularity: true"
time="2024-05-30T02:12:11.501723147-06:00" level=info msg="Running Warmup Phase"
time="2024-05-30T02:12:11.501804958-06:00" level=debug msg="Minute: 0"
time="2024-05-30T02:12:11.501892475-06:00" level=debug msg="Number of Invocations this iteration: 8"
time="2024-05-30T02:12:11.502006785-06:00" level=debug msg="Invoking: cartservice-kd5pyggyz5tr9jp7k8ws.default.192.168.1.240.sslip.io:80"
time="2024-05-30T02:12:19.00567075-06:00" level=debug msg="Invoking: gptj-python-9pxorshgg1admpou4gjh.default.192.168.1.240.sslip.io:80"
time="2024-05-30T02:12:26.506064669-06:00" level=debug msg="Invoking: gptj-python-9pxorshgg1admpou4gjh.default.192.168.1.240.sslip.io:80"
time="2024-05-30T02:12:34.009745118-06:00" level=debug msg="Invoking: gptj-python-9pxorshgg1admpou4gjh.default.192.168.1.240.sslip.io:80"
time="2024-05-30T02:12:41.513737537-06:00" level=debug msg="Invoking: cartservice-kd5pyggyz5tr9jp7k8ws.default.192.168.1.240.sslip.io:80"
time="2024-05-30T02:12:49.021349078-06:00" level=debug msg="Invoking: gptj-python-9pxorshgg1admpou4gjh.default.192.168.1.240.sslip.io:80"
time="2024-05-30T02:12:56.525730051-06:00" level=debug msg="Invoking: gptj-python-9pxorshgg1admpou4gjh.default.192.168.1.240.sslip.io:80"
time="2024-05-30T02:13:04.029794267-06:00" level=debug msg="Invoking: gptj-python-9pxorshgg1admpou4gjh.default.192.168.1.240.sslip.io:80"
time="2024-05-30T02:13:11.449669459-06:00" level=debug msg="Minute: 1"
time="2024-05-30T02:13:11.449767937-06:00" level=debug msg="Number of Invocations this iteration: 8"
time="2024-05-30T02:13:11.449866998-06:00" level=debug msg="Invoking: image-rotate-go-6-ybnum7ydh6avyhot1z20.default.192.168.1.240.sslip.io:80"
time="2024-05-30T02:13:18.954076308-06:00" level=debug msg="Invoking: gptj-python-9pxorshgg1admpou4gjh.default.192.168.1.240.sslip.io:80"
time="2024-05-30T02:13:26.454832352-06:00" level=debug msg="Invoking: gptj-python-9pxorshgg1admpou4gjh.default.192.168.1.240.sslip.io:80"
time="2024-05-30T02:13:33.96180477-06:00" level=debug msg="Invoking: gptj-python-9pxorshgg1admpou4gjh.default.192.168.1.240.sslip.io:80"
time="2024-05-30T02:13:41.465677386-06:00" level=debug msg="Invoking: cartservice-kd5pyggyz5tr9jp7k8ws.default.192.168.1.240.sslip.io:80"
time="2024-05-30T02:13:48.966404741-06:00" level=debug msg="Invoking: gptj-python-9pxorshgg1admpou4gjh.default.192.168.1.240.sslip.io:80"
time="2024-05-30T02:13:56.473754303-06:00" level=debug msg="Invoking: gptj-python-9pxorshgg1admpou4gjh.default.192.168.1.240.sslip.io:80"
time="2024-05-30T02:14:03.976056021-06:00" level=debug msg="Invoking: gptj-python-9pxorshgg1admpou4gjh.default.192.168.1.240.sslip.io:80"
time="2024-05-30T02:14:11.449781926-06:00" level=debug msg="Minute: 2"
time="2024-05-30T02:14:11.449877301-06:00" level=debug msg="Number of Invocations this iteration: 8"
time="2024-05-30T02:14:11.450012251-06:00" level=debug msg="Invoking: cartservice-kd5pyggyz5tr9jp7k8ws.default.192.168.1.240.sslip.io:80"
time="2024-05-30T02:14:18.955339648-06:00" level=debug msg="Invoking: gptj-python-9pxorshgg1admpou4gjh.default.192.168.1.240.sslip.io:80"
time="2024-05-30T02:14:26.461968589-06:00" level=debug msg="Invoking: gptj-python-9pxorshgg1admpou4gjh.default.192.168.1.240.sslip.io:80"
time="2024-05-30T02:14:33.965757365-06:00" level=debug msg="Invoking: gptj-python-9pxorshgg1admpou4gjh.default.192.168.1.240.sslip.io:80"
time="2024-05-30T02:14:41.46969614-06:00" level=debug msg="Invoking: cartservice-kd5pyggyz5tr9jp7k8ws.default.192.168.1.240.sslip.io:80"
time="2024-05-30T02:14:48.973693027-06:00" level=debug msg="Invoking: gptj-python-9pxorshgg1admpou4gjh.default.192.168.1.240.sslip.io:80"
time="2024-05-30T02:14:56.477717745-06:00" level=debug msg="Invoking: gptj-python-9pxorshgg1admpou4gjh.default.192.168.1.240.sslip.io:80"
time="2024-05-30T02:15:03.97888659-06:00" level=debug msg="Invoking: gptj-python-9pxorshgg1admpou4gjh.default.192.168.1.240.sslip.io:80"
time="2024-05-30T02:15:11.449747376-06:00" level=info msg="Warmup Phase Completed"
time="2024-05-30T02:15:11.449829456-06:00" level=info msg="Running Experiment Phase"
time="2024-05-30T02:15:11.449858703-06:00" level=debug msg="Minute: 3"
time="2024-05-30T02:15:11.449905942-06:00" level=debug msg="Number of Invocations this iteration: 8"
time="2024-05-30T02:15:11.450006041-06:00" level=debug msg="Invoking: cartservice-kd5pyggyz5tr9jp7k8ws.default.192.168.1.240.sslip.io:80"
time="2024-05-30T02:15:11.463665941-06:00" level=debug msg="Invoked cartservice-kd5pyggyz5tr9jp7k8ws.default.192.168.1.240.sslip.io in 13656 usec\n"
time="2024-05-30T02:15:18.957000345-06:00" level=debug msg="Invoking: gptj-python-9pxorshgg1admpou4gjh.default.192.168.1.240.sslip.io:80"
time="2024-05-30T02:15:18.968656755-06:00" level=debug msg="Invoked gptj-python-9pxorshgg1admpou4gjh.default.192.168.1.240.sslip.io in 11666 usec\n"
time="2024-05-30T02:15:26.461698016-06:00" level=debug msg="Invoking: gptj-python-9pxorshgg1admpou4gjh.default.192.168.1.240.sslip.io:80"
time="2024-05-30T02:15:26.472141782-06:00" level=debug msg="Invoked gptj-python-9pxorshgg1admpou4gjh.default.192.168.1.240.sslip.io in 10448 usec\n"
time="2024-05-30T02:15:33.966104221-06:00" level=debug msg="Invoking: gptj-python-9pxorshgg1admpou4gjh.default.192.168.1.240.sslip.io:80"
time="2024-05-30T02:15:33.977001354-06:00" level=debug msg="Invoked gptj-python-9pxorshgg1admpou4gjh.default.192.168.1.240.sslip.io in 10908 usec\n"
time="2024-05-30T02:15:41.470619364-06:00" level=debug msg="Invoking: cartservice-kd5pyggyz5tr9jp7k8ws.default.192.168.1.240.sslip.io:80"
time="2024-05-30T02:15:41.484672264-06:00" level=debug msg="Invoked cartservice-kd5pyggyz5tr9jp7k8ws.default.192.168.1.240.sslip.io in 14091 usec\n"
time="2024-05-30T02:15:48.977664174-06:00" level=debug msg="Invoking: gptj-python-9pxorshgg1admpou4gjh.default.192.168.1.240.sslip.io:80"
time="2024-05-30T02:15:48.988551252-06:00" level=debug msg="Invoked gptj-python-9pxorshgg1admpou4gjh.default.192.168.1.240.sslip.io in 10896 usec\n"
time="2024-05-30T02:15:56.481672657-06:00" level=debug msg="Invoking: gptj-python-9pxorshgg1admpou4gjh.default.192.168.1.240.sslip.io:80"
time="2024-05-30T02:15:56.492537353-06:00" level=debug msg="Invoked gptj-python-9pxorshgg1admpou4gjh.default.192.168.1.240.sslip.io in 10877 usec\n"
time="2024-05-30T02:16:03.985649887-06:00" level=debug msg="Invoking: gptj-python-9pxorshgg1admpou4gjh.default.192.168.1.240.sslip.io:80"
time="2024-05-30T02:16:03.996077521-06:00" level=debug msg="Invoked gptj-python-9pxorshgg1admpou4gjh.default.192.168.1.240.sslip.io in 10437 usec\n"
time="2024-05-30T02:16:11.451060952-06:00" level=debug msg="Minute: 4"
time="2024-05-30T02:16:11.451165606-06:00" level=debug msg="Number of Invocations this iteration: 8"
time="2024-05-30T02:16:11.451260666-06:00" level=debug msg="Invoking: rnn-serving-python-10-10-5788qtb29qr3qkmv4j6u.default.192.168.1.240.sslip.io:80"
time="2024-05-30T02:16:18.95769681-06:00" level=debug msg="Invoking: gptj-python-9pxorshgg1admpou4gjh.default.192.168.1.240.sslip.io:80"
time="2024-05-30T02:16:18.96727645-06:00" level=debug msg="Invoked gptj-python-9pxorshgg1admpou4gjh.default.192.168.1.240.sslip.io in 9585 usec\n"
time="2024-05-30T02:16:26.461716103-06:00" level=debug msg="Invoking: gptj-python-9pxorshgg1admpou4gjh.default.192.168.1.240.sslip.io:80"
time="2024-05-30T02:16:26.472407878-06:00" level=debug msg="Invoked gptj-python-9pxorshgg1admpou4gjh.default.192.168.1.240.sslip.io in 10727 usec\n"
time="2024-05-30T02:16:32.148932579-06:00" level=debug msg="Invoked rnn-serving-python-10-10-5788qtb29qr3qkmv4j6u.default.192.168.1.240.sslip.io in 20697670 usec\n"
time="2024-05-30T02:16:33.962821297-06:00" level=debug msg="Invoking: gptj-python-9pxorshgg1admpou4gjh.default.192.168.1.240.sslip.io:80"
time="2024-05-30T02:16:33.97349825-06:00" level=debug msg="Invoked gptj-python-9pxorshgg1admpou4gjh.default.192.168.1.240.sslip.io in 10685 usec\n"
time="2024-05-30T02:16:41.469683574-06:00" level=debug msg="Invoking: cartservice-kd5pyggyz5tr9jp7k8ws.default.192.168.1.240.sslip.io:80"
time="2024-05-30T02:16:48.973696221-06:00" level=debug msg="Invoking: gptj-python-9pxorshgg1admpou4gjh.default.192.168.1.240.sslip.io:80"
time="2024-05-30T02:16:48.984384362-06:00" level=debug msg="Invoked gptj-python-9pxorshgg1admpou4gjh.default.192.168.1.240.sslip.io in 10700 usec\n"
time="2024-05-30T02:16:56.477689697-06:00" level=debug msg="Invoking: gptj-python-9pxorshgg1admpou4gjh.default.192.168.1.240.sslip.io:80"
time="2024-05-30T02:16:56.488074599-06:00" level=debug msg="Invoked gptj-python-9pxorshgg1admpou4gjh.default.192.168.1.240.sslip.io in 10398 usec\n"
time="2024-05-30T02:16:59.33059502-06:00" level=debug msg="Invoked cartservice-kd5pyggyz5tr9jp7k8ws.default.192.168.1.240.sslip.io in 17860922 usec\n"
time="2024-05-30T02:17:03.981680658-06:00" level=debug msg="Invoking: gptj-python-9pxorshgg1admpou4gjh.default.192.168.1.240.sslip.io:80"
time="2024-05-30T02:17:03.991825243-06:00" level=debug msg="Invoked gptj-python-9pxorshgg1admpou4gjh.default.192.168.1.240.sslip.io in 10155 usec\n"
time="2024-05-30T02:17:11.45171243-06:00" level=debug msg="Minute: 5"
time="2024-05-30T02:17:11.451822027-06:00" level=debug msg="Number of Invocations this iteration: 8"
time="2024-05-30T02:17:11.451909119-06:00" level=debug msg="Invoking: cartservice-kd5pyggyz5tr9jp7k8ws.default.192.168.1.240.sslip.io:80"
time="2024-05-30T02:17:11.478454686-06:00" level=debug msg="Invoked cartservice-kd5pyggyz5tr9jp7k8ws.default.192.168.1.240.sslip.io in 26544 usec\n"
time="2024-05-30T02:17:18.957695008-06:00" level=debug msg="Invoking: gptj-python-9pxorshgg1admpou4gjh.default.192.168.1.240.sslip.io:80"
time="2024-05-30T02:17:18.969055069-06:00" level=debug msg="Invoked gptj-python-9pxorshgg1admpou4gjh.default.192.168.1.240.sslip.io in 11371 usec\n"
time="2024-05-30T02:17:26.461703077-06:00" level=debug msg="Invoking: gptj-python-9pxorshgg1admpou4gjh.default.192.168.1.240.sslip.io:80"
time="2024-05-30T02:17:26.472076485-06:00" level=debug msg="Invoked gptj-python-9pxorshgg1admpou4gjh.default.192.168.1.240.sslip.io in 10409 usec\n"
time="2024-05-30T02:17:33.968447059-06:00" level=debug msg="Invoking: gptj-python-9pxorshgg1admpou4gjh.default.192.168.1.240.sslip.io:80"
time="2024-05-30T02:17:33.981861097-06:00" level=debug msg="Invoked gptj-python-9pxorshgg1admpou4gjh.default.192.168.1.240.sslip.io in 13426 usec\n"
time="2024-05-30T02:17:41.471513669-06:00" level=debug msg="Invoking: cartservice-kd5pyggyz5tr9jp7k8ws.default.192.168.1.240.sslip.io:80"
time="2024-05-30T02:17:41.486321647-06:00" level=debug msg="Invoked cartservice-kd5pyggyz5tr9jp7k8ws.default.192.168.1.240.sslip.io in 14813 usec\n"
time="2024-05-30T02:17:48.97406892-06:00" level=debug msg="Invoking: gptj-python-9pxorshgg1admpou4gjh.default.192.168.1.240.sslip.io:80"
time="2024-05-30T02:17:48.984044736-06:00" level=debug msg="Invoked gptj-python-9pxorshgg1admpou4gjh.default.192.168.1.240.sslip.io in 10040 usec\n"
time="2024-05-30T02:17:56.477682631-06:00" level=debug msg="Invoking: gptj-python-9pxorshgg1admpou4gjh.default.192.168.1.240.sslip.io:80"
time="2024-05-30T02:17:56.488091059-06:00" level=debug msg="Invoked gptj-python-9pxorshgg1admpou4gjh.default.192.168.1.240.sslip.io in 10419 usec\n"
time="2024-05-30T02:18:03.982651344-06:00" level=debug msg="Invoking: gptj-python-9pxorshgg1admpou4gjh.default.192.168.1.240.sslip.io:80"
time="2024-05-30T02:18:03.993317509-06:00" level=debug msg="Invoked gptj-python-9pxorshgg1admpou4gjh.default.192.168.1.240.sslip.io in 10676 usec\n"
time="2024-05-30T02:18:11.449919889-06:00" level=debug msg="Minute: 6"
time="2024-05-30T02:18:11.450036107-06:00" level=debug msg="Number of Invocations this iteration: 8"
time="2024-05-30T02:18:11.450130729-06:00" level=debug msg="Invoking: image-rotate-go-6-ybnum7ydh6avyhot1z20.default.192.168.1.240.sslip.io:80"
time="2024-05-30T02:18:18.953725647-06:00" level=debug msg="Invoking: gptj-python-9pxorshgg1admpou4gjh.default.192.168.1.240.sslip.io:80"
time="2024-05-30T02:18:18.963815986-06:00" level=debug msg="Invoked gptj-python-9pxorshgg1admpou4gjh.default.192.168.1.240.sslip.io in 10100 usec\n"
time="2024-05-30T02:18:26.457745504-06:00" level=debug msg="Invoking: gptj-python-9pxorshgg1admpou4gjh.default.192.168.1.240.sslip.io:80"
time="2024-05-30T02:18:26.468234126-06:00" level=debug msg="Invoked gptj-python-9pxorshgg1admpou4gjh.default.192.168.1.240.sslip.io in 10498 usec\n"
time="2024-05-30T02:18:28.709098314-06:00" level=debug msg="Invoked image-rotate-go-6-ybnum7ydh6avyhot1z20.default.192.168.1.240.sslip.io in 17258965 usec\n"
time="2024-05-30T02:18:33.961737451-06:00" level=debug msg="Invoking: gptj-python-9pxorshgg1admpou4gjh.default.192.168.1.240.sslip.io:80"
time="2024-05-30T02:18:33.971744455-06:00" level=debug msg="Invoked gptj-python-9pxorshgg1admpou4gjh.default.192.168.1.240.sslip.io in 10014 usec\n"
time="2024-05-30T02:18:41.465793813-06:00" level=debug msg="Invoking: cartservice-kd5pyggyz5tr9jp7k8ws.default.192.168.1.240.sslip.io:80"
time="2024-05-30T02:18:48.969735122-06:00" level=debug msg="Invoking: gptj-python-9pxorshgg1admpou4gjh.default.192.168.1.240.sslip.io:80"
time="2024-05-30T02:18:48.982758152-06:00" level=debug msg="Invoked gptj-python-9pxorshgg1admpou4gjh.default.192.168.1.240.sslip.io in 13035 usec\n"
time="2024-05-30T02:18:56.477110267-06:00" level=debug msg="Invoking: gptj-python-9pxorshgg1admpou4gjh.default.192.168.1.240.sslip.io:80"
time="2024-05-30T02:18:56.489814531-06:00" level=debug msg="Invoked gptj-python-9pxorshgg1admpou4gjh.default.192.168.1.240.sslip.io in 12714 usec\n"
time="2024-05-30T02:18:58.950325081-06:00" level=debug msg="Invoked cartservice-kd5pyggyz5tr9jp7k8ws.default.192.168.1.240.sslip.io in 17484543 usec\n"
time="2024-05-30T02:19:03.982009386-06:00" level=debug msg="Invoking: gptj-python-9pxorshgg1admpou4gjh.default.192.168.1.240.sslip.io:80"
time="2024-05-30T02:19:03.993117421-06:00" level=debug msg="Invoked gptj-python-9pxorshgg1admpou4gjh.default.192.168.1.240.sslip.io in 11114 usec\n"
time="2024-05-30T02:19:11.450732308-06:00" level=debug msg="Minute: 7"
time="2024-05-30T02:19:11.450832811-06:00" level=debug msg="Number of Invocations this iteration: 8"
time="2024-05-30T02:19:11.450914475-06:00" level=debug msg="Invoking: cartservice-kd5pyggyz5tr9jp7k8ws.default.192.168.1.240.sslip.io:80"
time="2024-05-30T02:19:11.481726038-06:00" level=debug msg="Invoked cartservice-kd5pyggyz5tr9jp7k8ws.default.192.168.1.240.sslip.io in 30811 usec\n"
time="2024-05-30T02:19:18.957731595-06:00" level=debug msg="Invoking: gptj-python-9pxorshgg1admpou4gjh.default.192.168.1.240.sslip.io:80"
time="2024-05-30T02:19:18.968123436-06:00" level=debug msg="Invoked gptj-python-9pxorshgg1admpou4gjh.default.192.168.1.240.sslip.io in 10398 usec\n"
time="2024-05-30T02:19:26.462208305-06:00" level=debug msg="Invoking: gptj-python-9pxorshgg1admpou4gjh.default.192.168.1.240.sslip.io:80"
time="2024-05-30T02:19:26.473469581-06:00" level=debug msg="Invoked gptj-python-9pxorshgg1admpou4gjh.default.192.168.1.240.sslip.io in 11276 usec\n"
time="2024-05-30T02:19:33.969740811-06:00" level=debug msg="Invoking: gptj-python-9pxorshgg1admpou4gjh.default.192.168.1.240.sslip.io:80"
time="2024-05-30T02:19:33.980844833-06:00" level=debug msg="Invoked gptj-python-9pxorshgg1admpou4gjh.default.192.168.1.240.sslip.io in 11115 usec\n"
time="2024-05-30T02:19:41.473414623-06:00" level=debug msg="Invoking: cartservice-kd5pyggyz5tr9jp7k8ws.default.192.168.1.240.sslip.io:80"
time="2024-05-30T02:19:41.487796891-06:00" level=debug msg="Invoked cartservice-kd5pyggyz5tr9jp7k8ws.default.192.168.1.240.sslip.io in 15039 usec\n"
time="2024-05-30T02:19:48.977738654-06:00" level=debug msg="Invoking: gptj-python-9pxorshgg1admpou4gjh.default.192.168.1.240.sslip.io:80"
time="2024-05-30T02:19:48.989063368-06:00" level=debug msg="Invoked gptj-python-9pxorshgg1admpou4gjh.default.192.168.1.240.sslip.io in 11334 usec\n"
time="2024-05-30T02:19:56.481916006-06:00" level=debug msg="Invoking: gptj-python-9pxorshgg1admpou4gjh.default.192.168.1.240.sslip.io:80"
time="2024-05-30T02:19:56.492688238-06:00" level=debug msg="Invoked gptj-python-9pxorshgg1admpou4gjh.default.192.168.1.240.sslip.io in 10784 usec\n"
time="2024-05-30T02:20:03.98573892-06:00" level=debug msg="Invoking: gptj-python-9pxorshgg1admpou4gjh.default.192.168.1.240.sslip.io:80"
time="2024-05-30T02:20:03.996099161-06:00" level=debug msg="Invoked gptj-python-9pxorshgg1admpou4gjh.default.192.168.1.240.sslip.io in 10372 usec\n"
time="2024-05-30T02:20:11.452603284-06:00" level=debug msg="Minute: 8"
time="2024-05-30T02:20:11.452752377-06:00" level=debug msg="Number of Invocations this iteration: 8"
time="2024-05-30T02:20:11.452837155-06:00" level=debug msg="Invoking: cartservice-kd5pyggyz5tr9jp7k8ws.default.192.168.1.240.sslip.io:80"
time="2024-05-30T02:20:11.46520808-06:00" level=debug msg="Invoked cartservice-kd5pyggyz5tr9jp7k8ws.default.192.168.1.240.sslip.io in 12368 usec\n"
time="2024-05-30T02:20:18.957659623-06:00" level=debug msg="Invoking: gptj-python-9pxorshgg1admpou4gjh.default.192.168.1.240.sslip.io:80"
time="2024-05-30T02:20:18.967663092-06:00" level=debug msg="Invoked gptj-python-9pxorshgg1admpou4gjh.default.192.168.1.240.sslip.io in 10009 usec\n"
time="2024-05-30T02:20:26.461701998-06:00" level=debug msg="Invoking: gptj-python-9pxorshgg1admpou4gjh.default.192.168.1.240.sslip.io:80"
time="2024-05-30T02:20:26.471342063-06:00" level=debug msg="Invoked gptj-python-9pxorshgg1admpou4gjh.default.192.168.1.240.sslip.io in 9646 usec\n"
time="2024-05-30T02:20:33.965716356-06:00" level=debug msg="Invoking: gptj-python-9pxorshgg1admpou4gjh.default.192.168.1.240.sslip.io:80"
time="2024-05-30T02:20:33.976468615-06:00" level=debug msg="Invoked gptj-python-9pxorshgg1admpou4gjh.default.192.168.1.240.sslip.io in 10762 usec\n"
time="2024-05-30T02:20:41.470821526-06:00" level=debug msg="Invoking: cartservice-kd5pyggyz5tr9jp7k8ws.default.192.168.1.240.sslip.io:80"
time="2024-05-30T02:20:41.486380092-06:00" level=debug msg="Invoked cartservice-kd5pyggyz5tr9jp7k8ws.default.192.168.1.240.sslip.io in 15568 usec\n"
time="2024-05-30T02:20:48.973739131-06:00" level=debug msg="Invoking: gptj-python-9pxorshgg1admpou4gjh.default.192.168.1.240.sslip.io:80"
time="2024-05-30T02:20:48.984904961-06:00" level=debug msg="Invoked gptj-python-9pxorshgg1admpou4gjh.default.192.168.1.240.sslip.io in 11177 usec\n"
time="2024-05-30T02:20:56.47774357-06:00" level=debug msg="Invoking: gptj-python-9pxorshgg1admpou4gjh.default.192.168.1.240.sslip.io:80"
time="2024-05-30T02:20:56.488859598-06:00" level=debug msg="Invoked gptj-python-9pxorshgg1admpou4gjh.default.192.168.1.240.sslip.io in 11127 usec\n"
time="2024-05-30T02:21:03.985350805-06:00" level=debug msg="Invoking: gptj-python-9pxorshgg1admpou4gjh.default.192.168.1.240.sslip.io:80"
time="2024-05-30T02:21:03.996166882-06:00" level=debug msg="Invoked gptj-python-9pxorshgg1admpou4gjh.default.192.168.1.240.sslip.io in 10827 usec\n"
time="2024-05-30T02:21:11.451124374-06:00" level=debug msg="Minute: 9"
time="2024-05-30T02:21:11.451225374-06:00" level=debug msg="Number of Invocations this iteration: 8"
time="2024-05-30T02:21:11.451309291-06:00" level=debug msg="Invoking: cartservice-kd5pyggyz5tr9jp7k8ws.default.192.168.1.240.sslip.io:80"
time="2024-05-30T02:21:11.463512775-06:00" level=debug msg="Invoked cartservice-kd5pyggyz5tr9jp7k8ws.default.192.168.1.240.sslip.io in 12203 usec\n"
time="2024-05-30T02:21:18.957666342-06:00" level=debug msg="Invoking: gptj-python-9pxorshgg1admpou4gjh.default.192.168.1.240.sslip.io:80"
time="2024-05-30T02:21:18.968390755-06:00" level=debug msg="Invoked gptj-python-9pxorshgg1admpou4gjh.default.192.168.1.240.sslip.io in 10735 usec\n"
time="2024-05-30T02:21:26.461756353-06:00" level=debug msg="Invoking: gptj-python-9pxorshgg1admpou4gjh.default.192.168.1.240.sslip.io:80"
time="2024-05-30T02:21:26.472460753-06:00" level=debug msg="Invoked gptj-python-9pxorshgg1admpou4gjh.default.192.168.1.240.sslip.io in 10716 usec\n"
time="2024-05-30T02:21:33.965734858-06:00" level=debug msg="Invoking: gptj-python-9pxorshgg1admpou4gjh.default.192.168.1.240.sslip.io:80"
time="2024-05-30T02:21:33.97649338-06:00" level=debug msg="Invoked gptj-python-9pxorshgg1admpou4gjh.default.192.168.1.240.sslip.io in 10771 usec\n"
time="2024-05-30T02:21:41.469743904-06:00" level=debug msg="Invoking: cartservice-kd5pyggyz5tr9jp7k8ws.default.192.168.1.240.sslip.io:80"
time="2024-05-30T02:21:41.483418457-06:00" level=debug msg="Invoked cartservice-kd5pyggyz5tr9jp7k8ws.default.192.168.1.240.sslip.io in 13680 usec\n"
time="2024-05-30T02:21:48.973750769-06:00" level=debug msg="Invoking: gptj-python-9pxorshgg1admpou4gjh.default.192.168.1.240.sslip.io:80"
time="2024-05-30T02:21:48.984062051-06:00" level=debug msg="Invoked gptj-python-9pxorshgg1admpou4gjh.default.192.168.1.240.sslip.io in 10322 usec\n"
time="2024-05-30T02:21:56.477719077-06:00" level=debug msg="Invoking: gptj-python-9pxorshgg1admpou4gjh.default.192.168.1.240.sslip.io:80"
time="2024-05-30T02:21:56.486604807-06:00" level=debug msg="Invoked gptj-python-9pxorshgg1admpou4gjh.default.192.168.1.240.sslip.io in 8925 usec\n"
time="2024-05-30T02:22:03.981714521-06:00" level=debug msg="Invoking: gptj-python-9pxorshgg1admpou4gjh.default.192.168.1.240.sslip.io:80"
time="2024-05-30T02:22:03.991422509-06:00" level=debug msg="Invoked gptj-python-9pxorshgg1admpou4gjh.default.192.168.1.240.sslip.io in 9721 usec\n"
time="2024-05-30T02:22:11.4496847-06:00" level=debug msg="Minute: 10"
time="2024-05-30T02:22:11.449831158-06:00" level=debug msg="Number of Invocations this iteration: 8"
time="2024-05-30T02:22:11.449914564-06:00" level=debug msg="Invoking: rnn-serving-python-10-10-5788qtb29qr3qkmv4j6u.default.192.168.1.240.sslip.io:80"
time="2024-05-30T02:22:18.953750672-06:00" level=debug msg="Invoking: gptj-python-9pxorshgg1admpou4gjh.default.192.168.1.240.sslip.io:80"
time="2024-05-30T02:22:18.964322271-06:00" level=debug msg="Invoked gptj-python-9pxorshgg1admpou4gjh.default.192.168.1.240.sslip.io in 10586 usec\n"
time="2024-05-30T02:22:22.583646084-06:00" level=debug msg="Invoked rnn-serving-python-10-10-5788qtb29qr3qkmv4j6u.default.192.168.1.240.sslip.io in 11133728 usec\n"
time="2024-05-30T02:22:26.454822198-06:00" level=debug msg="Invoking: gptj-python-9pxorshgg1admpou4gjh.default.192.168.1.240.sslip.io:80"
time="2024-05-30T02:22:26.467018854-06:00" level=debug msg="Invoked gptj-python-9pxorshgg1admpou4gjh.default.192.168.1.240.sslip.io in 12210 usec\n"
time="2024-05-30T02:22:33.95817588-06:00" level=debug msg="Invoking: gptj-python-9pxorshgg1admpou4gjh.default.192.168.1.240.sslip.io:80"
time="2024-05-30T02:22:33.971768124-06:00" level=debug msg="Invoked gptj-python-9pxorshgg1admpou4gjh.default.192.168.1.240.sslip.io in 13604 usec\n"
time="2024-05-30T02:22:41.461689274-06:00" level=debug msg="Invoking: cartservice-kd5pyggyz5tr9jp7k8ws.default.192.168.1.240.sslip.io:80"
time="2024-05-30T02:22:48.967464831-06:00" level=debug msg="Invoking: gptj-python-9pxorshgg1admpou4gjh.default.192.168.1.240.sslip.io:80"
time="2024-05-30T02:22:48.977840658-06:00" level=debug msg="Invoked gptj-python-9pxorshgg1admpou4gjh.default.192.168.1.240.sslip.io in 10388 usec\n"
time="2024-05-30T02:22:49.439984874-06:00" level=debug msg="Invoked cartservice-kd5pyggyz5tr9jp7k8ws.default.192.168.1.240.sslip.io in 7978307 usec\n"
time="2024-05-30T02:22:56.473736784-06:00" level=debug msg="Invoking: gptj-python-9pxorshgg1admpou4gjh.default.192.168.1.240.sslip.io:80"
time="2024-05-30T02:22:56.484267262-06:00" level=debug msg="Invoked gptj-python-9pxorshgg1admpou4gjh.default.192.168.1.240.sslip.io in 10543 usec\n"
time="2024-05-30T02:23:03.977677496-06:00" level=debug msg="Invoking: gptj-python-9pxorshgg1admpou4gjh.default.192.168.1.240.sslip.io:80"
time="2024-05-30T02:23:03.987828394-06:00" level=debug msg="Invoked gptj-python-9pxorshgg1admpou4gjh.default.192.168.1.240.sslip.io in 10161 usec\n"
time="2024-05-30T02:23:11.44972613-06:00" level=debug msg="Minute: 11"
time="2024-05-30T02:23:11.449818338-06:00" level=debug msg="Number of Invocations this iteration: 8"
time="2024-05-30T02:23:11.44990008-06:00" level=debug msg="Invoking: image-rotate-go-6-ybnum7ydh6avyhot1z20.default.192.168.1.240.sslip.io:80"
time="2024-05-30T02:23:18.655327505-06:00" level=debug msg="Invoked image-rotate-go-6-ybnum7ydh6avyhot1z20.default.192.168.1.240.sslip.io in 7205425 usec\n"
time="2024-05-30T02:23:18.950540078-06:00" level=debug msg="Invoking: gptj-python-9pxorshgg1admpou4gjh.default.192.168.1.240.sslip.io:80"
time="2024-05-30T02:23:18.960960397-06:00" level=debug msg="Invoked gptj-python-9pxorshgg1admpou4gjh.default.192.168.1.240.sslip.io in 10444 usec\n"
time="2024-05-30T02:23:26.453688503-06:00" level=debug msg="Invoking: gptj-python-9pxorshgg1admpou4gjh.default.192.168.1.240.sslip.io:80"
time="2024-05-30T02:23:26.464425252-06:00" level=debug msg="Invoked gptj-python-9pxorshgg1admpou4gjh.default.192.168.1.240.sslip.io in 10770 usec\n"
time="2024-05-30T02:23:33.957743263-06:00" level=debug msg="Invoking: gptj-python-9pxorshgg1admpou4gjh.default.192.168.1.240.sslip.io:80"
time="2024-05-30T02:23:33.968417075-06:00" level=debug msg="Invoked gptj-python-9pxorshgg1admpou4gjh.default.192.168.1.240.sslip.io in 10683 usec\n"
time="2024-05-30T02:23:41.461694426-06:00" level=debug msg="Invoking: cartservice-kd5pyggyz5tr9jp7k8ws.default.192.168.1.240.sslip.io:80"
time="2024-05-30T02:23:41.486014918-06:00" level=debug msg="Invoked cartservice-kd5pyggyz5tr9jp7k8ws.default.192.168.1.240.sslip.io in 24330 usec\n"
time="2024-05-30T02:23:48.965780846-06:00" level=debug msg="Invoking: gptj-python-9pxorshgg1admpou4gjh.default.192.168.1.240.sslip.io:80"
time="2024-05-30T02:23:49.027170802-06:00" level=debug msg="Invoked gptj-python-9pxorshgg1admpou4gjh.default.192.168.1.240.sslip.io in 61423 usec\n"
time="2024-05-30T02:23:56.469831161-06:00" level=debug msg="Invoking: gptj-python-9pxorshgg1admpou4gjh.default.192.168.1.240.sslip.io:80"
time="2024-05-30T02:23:56.480558274-06:00" level=debug msg="Invoked gptj-python-9pxorshgg1admpou4gjh.default.192.168.1.240.sslip.io in 10743 usec\n"
time="2024-05-30T02:24:03.97395159-06:00" level=debug msg="Invoking: gptj-python-9pxorshgg1admpou4gjh.default.192.168.1.240.sslip.io:80"
time="2024-05-30T02:24:03.985557265-06:00" level=debug msg="Invoked gptj-python-9pxorshgg1admpou4gjh.default.192.168.1.240.sslip.io in 11612 usec\n"
time="2024-05-30T02:24:11.449752128-06:00" level=debug msg="Minute: 12"
time="2024-05-30T02:24:11.449900841-06:00" level=debug msg="Number of Invocations this iteration: 8"
time="2024-05-30T02:24:11.449988788-06:00" level=debug msg="Invoking: cartservice-kd5pyggyz5tr9jp7k8ws.default.192.168.1.240.sslip.io:80"
time="2024-05-30T02:24:11.515494439-06:00" level=debug msg="Invoked cartservice-kd5pyggyz5tr9jp7k8ws.default.192.168.1.240.sslip.io in 65500 usec\n"
time="2024-05-30T02:24:18.953791061-06:00" level=debug msg="Invoking: gptj-python-9pxorshgg1admpou4gjh.default.192.168.1.240.sslip.io:80"
time="2024-05-30T02:24:18.96450679-06:00" level=debug msg="Invoked gptj-python-9pxorshgg1admpou4gjh.default.192.168.1.240.sslip.io in 10754 usec\n"
time="2024-05-30T02:24:26.457640044-06:00" level=debug msg="Invoking: gptj-python-9pxorshgg1admpou4gjh.default.192.168.1.240.sslip.io:80"
time="2024-05-30T02:24:26.468455977-06:00" level=debug msg="Invoked gptj-python-9pxorshgg1admpou4gjh.default.192.168.1.240.sslip.io in 10821 usec\n"
time="2024-05-30T02:24:33.96176379-06:00" level=debug msg="Invoking: gptj-python-9pxorshgg1admpou4gjh.default.192.168.1.240.sslip.io:80"
time="2024-05-30T02:24:33.972256156-06:00" level=debug msg="Invoked gptj-python-9pxorshgg1admpou4gjh.default.192.168.1.240.sslip.io in 10504 usec\n"
time="2024-05-30T02:24:41.465752006-06:00" level=debug msg="Invoking: cartservice-kd5pyggyz5tr9jp7k8ws.default.192.168.1.240.sslip.io:80"
time="2024-05-30T02:24:41.478085166-06:00" level=debug msg="Invoked cartservice-kd5pyggyz5tr9jp7k8ws.default.192.168.1.240.sslip.io in 12369 usec\n"
time="2024-05-30T02:24:48.96992711-06:00" level=debug msg="Invoking: gptj-python-9pxorshgg1admpou4gjh.default.192.168.1.240.sslip.io:80"
time="2024-05-30T02:24:48.980435188-06:00" level=debug msg="Invoked gptj-python-9pxorshgg1admpou4gjh.default.192.168.1.240.sslip.io in 10515 usec\n"
time="2024-05-30T02:24:56.473707476-06:00" level=debug msg="Invoking: gptj-python-9pxorshgg1admpou4gjh.default.192.168.1.240.sslip.io:80"
time="2024-05-30T02:24:56.484654943-06:00" level=debug msg="Invoked gptj-python-9pxorshgg1admpou4gjh.default.192.168.1.240.sslip.io in 10981 usec\n"
time="2024-05-30T02:25:03.977663753-06:00" level=debug msg="Invoking: gptj-python-9pxorshgg1admpou4gjh.default.192.168.1.240.sslip.io:80"
time="2024-05-30T02:25:03.98852398-06:00" level=debug msg="Invoked gptj-python-9pxorshgg1admpou4gjh.default.192.168.1.240.sslip.io in 10868 usec\n"
time="2024-05-30T02:25:11.451189517-06:00" level=debug msg="Minute: 13"
time="2024-05-30T02:25:11.451264676-06:00" level=debug msg="Number of Invocations this iteration: 8"
time="2024-05-30T02:25:11.451348948-06:00" level=debug msg="Invoking: cartservice-kd5pyggyz5tr9jp7k8ws.default.192.168.1.240.sslip.io:80"
time="2024-05-30T02:25:11.46326388-06:00" level=debug msg="Invoked cartservice-kd5pyggyz5tr9jp7k8ws.default.192.168.1.240.sslip.io in 11932 usec\n"
time="2024-05-30T02:25:18.958234949-06:00" level=debug msg="Invoking: gptj-python-9pxorshgg1admpou4gjh.default.192.168.1.240.sslip.io:80"
time="2024-05-30T02:25:18.970201112-06:00" level=debug msg="Invoked gptj-python-9pxorshgg1admpou4gjh.default.192.168.1.240.sslip.io in 11976 usec\n"
time="2024-05-30T02:25:26.461687515-06:00" level=debug msg="Invoking: gptj-python-9pxorshgg1admpou4gjh.default.192.168.1.240.sslip.io:80"
time="2024-05-30T02:25:26.472420602-06:00" level=debug msg="Invoked gptj-python-9pxorshgg1admpou4gjh.default.192.168.1.240.sslip.io in 10745 usec\n"
time="2024-05-30T02:25:33.965734461-06:00" level=debug msg="Invoking: gptj-python-9pxorshgg1admpou4gjh.default.192.168.1.240.sslip.io:80"
time="2024-05-30T02:25:33.976533819-06:00" level=debug msg="Invoked gptj-python-9pxorshgg1admpou4gjh.default.192.168.1.240.sslip.io in 10810 usec\n"
time="2024-05-30T02:25:41.469736939-06:00" level=debug msg="Invoking: cartservice-kd5pyggyz5tr9jp7k8ws.default.192.168.1.240.sslip.io:80"
time="2024-05-30T02:25:41.484030037-06:00" level=debug msg="Invoked cartservice-kd5pyggyz5tr9jp7k8ws.default.192.168.1.240.sslip.io in 14305 usec\n"
time="2024-05-30T02:25:48.969878302-06:00" level=debug msg="Invoking: gptj-python-9pxorshgg1admpou4gjh.default.192.168.1.240.sslip.io:80"
time="2024-05-30T02:25:48.983579663-06:00" level=debug msg="Invoked gptj-python-9pxorshgg1admpou4gjh.default.192.168.1.240.sslip.io in 13705 usec\n"
time="2024-05-30T02:25:56.473680659-06:00" level=debug msg="Invoking: gptj-python-9pxorshgg1admpou4gjh.default.192.168.1.240.sslip.io:80"
time="2024-05-30T02:25:56.484052644-06:00" level=debug msg="Invoked gptj-python-9pxorshgg1admpou4gjh.default.192.168.1.240.sslip.io in 10383 usec\n"
time="2024-05-30T02:26:03.978280054-06:00" level=debug msg="Invoking: gptj-python-9pxorshgg1admpou4gjh.default.192.168.1.240.sslip.io:80"
time="2024-05-30T02:26:03.99680565-06:00" level=debug msg="Invoked gptj-python-9pxorshgg1admpou4gjh.default.192.168.1.240.sslip.io in 18531 usec\n"
time="2024-05-30T02:26:11.449717699-06:00" level=info msg="Experiment Phase Completed"
time="2024-05-30T02:26:11.449872084-06:00" level=info msg="Issued / completed requests: 112, 112"
time="2024-05-30T02:26:11.449909116-06:00" level=info msg="Average Real RPS: 0.13 "
time="2024-05-30T02:26:11.449935325-06:00" level=info msg="Experiment finished!"
time="2024-05-30T02:26:11.449962122-06:00" level=info msg="The measured latencies are saved in rps_lat.csv"
