time="2024-05-28T23:33:02.204224657-06:00" level=info msg="Reading the endpoints from the file: video-analytics-standalone-python-30-300/endpoints.json"
time="2024-05-28T23:36:27.613119791-06:00" level=warning msg="Failed to invoke video-analytics-standalone-python-30-e2nd2yk.default.192.168.1.240.sslip.io:80, err=rpc error: code = DeadlineExceeded desc = context deadline exceeded"
time="2024-05-28T23:36:32.649142231-06:00" level=warning msg="Failed to invoke video-analytics-standalone-python-30-e2nd2yk.default.192.168.1.240.sslip.io:80, err=rpc error: code = DeadlineExceeded desc = context deadline exceeded"
time="2024-05-28T23:36:37.683419552-06:00" level=warning msg="Failed to invoke video-analytics-standalone-python-30-e2nd2yk.default.192.168.1.240.sslip.io:80, err=rpc error: code = Unavailable desc = upstream request timeout"
time="2024-05-28T23:36:42.721561435-06:00" level=warning msg="Failed to invoke video-analytics-standalone-python-30-e2nd2yk.default.192.168.1.240.sslip.io:80, err=rpc error: code = DeadlineExceeded desc = context deadline exceeded"
time="2024-05-28T23:36:47.750010538-06:00" level=warning msg="Failed to invoke video-analytics-standalone-python-30-e2nd2yk.default.192.168.1.240.sslip.io:80, err=rpc error: code = Unavailable desc = upstream request timeout"
time="2024-05-28T23:36:52.788864162-06:00" level=warning msg="Failed to invoke video-analytics-standalone-python-30-e2nd2yk.default.192.168.1.240.sslip.io:80, err=rpc error: code = Unavailable desc = upstream request timeout"
time="2024-05-28T23:36:57.82643964-06:00" level=warning msg="Failed to invoke video-analytics-standalone-python-30-e2nd2yk.default.192.168.1.240.sslip.io:80, err=rpc error: code = Unavailable desc = upstream request timeout"
time="2024-05-28T23:37:02.86520488-06:00" level=warning msg="Failed to invoke video-analytics-standalone-python-30-e2nd2yk.default.192.168.1.240.sslip.io:80, err=rpc error: code = Unavailable desc = upstream request timeout"
time="2024-05-28T23:37:07.905185246-06:00" level=warning msg="Failed to invoke video-analytics-standalone-python-30-e2nd2yk.default.192.168.1.240.sslip.io:80, err=rpc error: code = Unavailable desc = upstream request timeout"
time="2024-05-28T23:37:12.930420053-06:00" level=warning msg="Failed to invoke video-analytics-standalone-python-30-e2nd2yk.default.192.168.1.240.sslip.io:80, err=rpc error: code = Unavailable desc = upstream request timeout"
time="2024-05-28T23:37:17.969119763-06:00" level=warning msg="Failed to invoke video-analytics-standalone-python-30-e2nd2yk.default.192.168.1.240.sslip.io:80, err=rpc error: code = DeadlineExceeded desc = context deadline exceeded"
time="2024-05-28T23:37:23.001877217-06:00" level=warning msg="Failed to invoke video-analytics-standalone-python-30-e2nd2yk.default.192.168.1.240.sslip.io:80, err=rpc error: code = DeadlineExceeded desc = context deadline exceeded"
time="2024-05-28T23:37:28.037645656-06:00" level=warning msg="Failed to invoke video-analytics-standalone-python-30-e2nd2yk.default.192.168.1.240.sslip.io:80, err=rpc error: code = DeadlineExceeded desc = context deadline exceeded"
time="2024-05-28T23:37:33.073140786-06:00" level=warning msg="Failed to invoke video-analytics-standalone-python-30-e2nd2yk.default.192.168.1.240.sslip.io:80, err=rpc error: code = DeadlineExceeded desc = context deadline exceeded"
time="2024-05-28T23:37:38.109097032-06:00" level=warning msg="Failed to invoke video-analytics-standalone-python-30-e2nd2yk.default.192.168.1.240.sslip.io:80, err=rpc error: code = DeadlineExceeded desc = context deadline exceeded"
time="2024-05-28T23:37:43.145141178-06:00" level=warning msg="Failed to invoke video-analytics-standalone-python-30-e2nd2yk.default.192.168.1.240.sslip.io:80, err=rpc error: code = DeadlineExceeded desc = context deadline exceeded"
time="2024-05-28T23:37:48.184304038-06:00" level=warning msg="Failed to invoke video-analytics-standalone-python-30-e2nd2yk.default.192.168.1.240.sslip.io:80, err=rpc error: code = Unavailable desc = upstream request timeout"
time="2024-05-28T23:37:53.21722327-06:00" level=warning msg="Failed to invoke video-analytics-standalone-python-30-e2nd2yk.default.192.168.1.240.sslip.io:80, err=rpc error: code = DeadlineExceeded desc = context deadline exceeded"
time="2024-05-28T23:37:58.249236701-06:00" level=warning msg="Failed to invoke video-analytics-standalone-python-30-e2nd2yk.default.192.168.1.240.sslip.io:80, err=rpc error: code = DeadlineExceeded desc = context deadline exceeded"
time="2024-05-28T23:38:03.28266181-06:00" level=warning msg="Failed to invoke video-analytics-standalone-python-30-e2nd2yk.default.192.168.1.240.sslip.io:80, err=rpc error: code = Unavailable desc = upstream request timeout"
time="2024-05-28T23:38:08.321130884-06:00" level=warning msg="Failed to invoke video-analytics-standalone-python-30-e2nd2yk.default.192.168.1.240.sslip.io:80, err=rpc error: code = DeadlineExceeded desc = context deadline exceeded"
time="2024-05-28T23:38:13.355245516-06:00" level=warning msg="Failed to invoke video-analytics-standalone-python-30-e2nd2yk.default.192.168.1.240.sslip.io:80, err=rpc error: code = Unavailable desc = upstream request timeout"
time="2024-05-28T23:38:18.391265305-06:00" level=warning msg="Failed to invoke video-analytics-standalone-python-30-e2nd2yk.default.192.168.1.240.sslip.io:80, err=rpc error: code = Unavailable desc = upstream request timeout"
time="2024-05-28T23:38:23.426453016-06:00" level=warning msg="Failed to invoke video-analytics-standalone-python-30-e2nd2yk.default.192.168.1.240.sslip.io:80, err=rpc error: code = Unavailable desc = upstream request timeout"
time="2024-05-28T23:38:28.466579407-06:00" level=warning msg="Failed to invoke video-analytics-standalone-python-30-e2nd2yk.default.192.168.1.240.sslip.io:80, err=rpc error: code = Unavailable desc = upstream request timeout"
time="2024-05-28T23:38:33.499380043-06:00" level=warning msg="Failed to invoke video-analytics-standalone-python-30-e2nd2yk.default.192.168.1.240.sslip.io:80, err=rpc error: code = Unavailable desc = upstream request timeout"
time="2024-05-28T23:38:38.536212896-06:00" level=warning msg="Failed to invoke video-analytics-standalone-python-30-e2nd2yk.default.192.168.1.240.sslip.io:80, err=rpc error: code = Unavailable desc = upstream request timeout"
time="2024-05-28T23:38:43.567424139-06:00" level=warning msg="Failed to invoke video-analytics-standalone-python-30-e2nd2yk.default.192.168.1.240.sslip.io:80, err=rpc error: code = Unavailable desc = upstream request timeout"
time="2024-05-28T23:38:48.603004802-06:00" level=warning msg="Failed to invoke video-analytics-standalone-python-30-e2nd2yk.default.192.168.1.240.sslip.io:80, err=rpc error: code = Unavailable desc = upstream request timeout"
time="2024-05-28T23:38:53.638562393-06:00" level=warning msg="Failed to invoke video-analytics-standalone-python-30-e2nd2yk.default.192.168.1.240.sslip.io:80, err=rpc error: code = Unavailable desc = upstream request timeout"
time="2024-05-28T23:38:58.674872104-06:00" level=warning msg="Failed to invoke video-analytics-standalone-python-30-e2nd2yk.default.192.168.1.240.sslip.io:80, err=rpc error: code = Unavailable desc = upstream request timeout"
time="2024-05-28T23:39:03.713216399-06:00" level=warning msg="Failed to invoke video-analytics-standalone-python-30-e2nd2yk.default.192.168.1.240.sslip.io:80, err=rpc error: code = Unavailable desc = upstream request timeout"
time="2024-05-28T23:39:08.749167417-06:00" level=warning msg="Failed to invoke video-analytics-standalone-python-30-e2nd2yk.default.192.168.1.240.sslip.io:80, err=rpc error: code = DeadlineExceeded desc = context deadline exceeded"
time="2024-05-28T23:39:13.782436316-06:00" level=warning msg="Failed to invoke video-analytics-standalone-python-30-e2nd2yk.default.192.168.1.240.sslip.io:80, err=rpc error: code = Unavailable desc = upstream request timeout"
time="2024-05-28T23:39:18.819019443-06:00" level=warning msg="Failed to invoke video-analytics-standalone-python-30-e2nd2yk.default.192.168.1.240.sslip.io:80, err=rpc error: code = Unavailable desc = upstream request timeout"
time="2024-05-28T23:39:23.852567225-06:00" level=warning msg="Failed to invoke video-analytics-standalone-python-30-e2nd2yk.default.192.168.1.240.sslip.io:80, err=rpc error: code = Unavailable desc = upstream request timeout"
time="2024-05-28T23:39:28.893166089-06:00" level=warning msg="Failed to invoke video-analytics-standalone-python-30-e2nd2yk.default.192.168.1.240.sslip.io:80, err=rpc error: code = DeadlineExceeded desc = context deadline exceeded"
time="2024-05-28T23:39:33.922526825-06:00" level=warning msg="Failed to invoke video-analytics-standalone-python-30-e2nd2yk.default.192.168.1.240.sslip.io:80, err=rpc error: code = Unavailable desc = upstream request timeout"
time="2024-05-28T23:39:38.957924408-06:00" level=warning msg="Failed to invoke video-analytics-standalone-python-30-e2nd2yk.default.192.168.1.240.sslip.io:80, err=rpc error: code = Unavailable desc = upstream request timeout"
time="2024-05-28T23:39:43.99723484-06:00" level=warning msg="Failed to invoke video-analytics-standalone-python-30-e2nd2yk.default.192.168.1.240.sslip.io:80, err=rpc error: code = DeadlineExceeded desc = context deadline exceeded"
time="2024-05-28T23:39:49.033125422-06:00" level=warning msg="Failed to invoke video-analytics-standalone-python-30-e2nd2yk.default.192.168.1.240.sslip.io:80, err=rpc error: code = DeadlineExceeded desc = context deadline exceeded"
time="2024-05-28T23:39:54.067474429-06:00" level=warning msg="Failed to invoke video-analytics-standalone-python-30-e2nd2yk.default.192.168.1.240.sslip.io:80, err=rpc error: code = Unavailable desc = upstream request timeout"
time="2024-05-28T23:39:59.099149523-06:00" level=warning msg="Failed to invoke video-analytics-standalone-python-30-e2nd2yk.default.192.168.1.240.sslip.io:80, err=rpc error: code = Unavailable desc = upstream request timeout"
time="2024-05-28T23:40:04.14066641-06:00" level=warning msg="Failed to invoke video-analytics-standalone-python-30-e2nd2yk.default.192.168.1.240.sslip.io:80, err=rpc error: code = Unavailable desc = upstream request timeout"
time="2024-05-28T23:40:09.176860205-06:00" level=warning msg="Failed to invoke video-analytics-standalone-python-30-e2nd2yk.default.192.168.1.240.sslip.io:80, err=rpc error: code = Unavailable desc = upstream request timeout"
time="2024-05-28T23:40:14.212734208-06:00" level=warning msg="Failed to invoke video-analytics-standalone-python-30-e2nd2yk.default.192.168.1.240.sslip.io:80, err=rpc error: code = Unavailable desc = upstream request timeout"
time="2024-05-28T23:40:19.243139623-06:00" level=warning msg="Failed to invoke video-analytics-standalone-python-30-e2nd2yk.default.192.168.1.240.sslip.io:80, err=rpc error: code = Unavailable desc = upstream request timeout"
time="2024-05-28T23:40:24.279503427-06:00" level=warning msg="Failed to invoke video-analytics-standalone-python-30-e2nd2yk.default.192.168.1.240.sslip.io:80, err=rpc error: code = Unavailable desc = upstream request timeout"
time="2024-05-28T23:40:29.314606974-06:00" level=warning msg="Failed to invoke video-analytics-standalone-python-30-e2nd2yk.default.192.168.1.240.sslip.io:80, err=rpc error: code = Unavailable desc = upstream request timeout"
time="2024-05-28T23:40:34.347658307-06:00" level=warning msg="Failed to invoke video-analytics-standalone-python-30-e2nd2yk.default.192.168.1.240.sslip.io:80, err=rpc error: code = Unavailable desc = upstream request timeout"
time="2024-05-28T23:40:39.389104103-06:00" level=warning msg="Failed to invoke video-analytics-standalone-python-30-e2nd2yk.default.192.168.1.240.sslip.io:80, err=rpc error: code = DeadlineExceeded desc = context deadline exceeded"
time="2024-05-28T23:40:44.420832512-06:00" level=warning msg="Failed to invoke video-analytics-standalone-python-30-e2nd2yk.default.192.168.1.240.sslip.io:80, err=rpc error: code = Unavailable desc = upstream request timeout"
time="2024-05-28T23:40:49.457298656-06:00" level=warning msg="Failed to invoke video-analytics-standalone-python-30-e2nd2yk.default.192.168.1.240.sslip.io:80, err=rpc error: code = DeadlineExceeded desc = context deadline exceeded"
time="2024-05-28T23:40:54.49577305-06:00" level=warning msg="Failed to invoke video-analytics-standalone-python-30-e2nd2yk.default.192.168.1.240.sslip.io:80, err=rpc error: code = DeadlineExceeded desc = context deadline exceeded"
time="2024-05-28T23:40:59.52910945-06:00" level=warning msg="Failed to invoke video-analytics-standalone-python-30-e2nd2yk.default.192.168.1.240.sslip.io:80, err=rpc error: code = DeadlineExceeded desc = context deadline exceeded"
time="2024-05-28T23:41:04.565173958-06:00" level=warning msg="Failed to invoke video-analytics-standalone-python-30-e2nd2yk.default.192.168.1.240.sslip.io:80, err=rpc error: code = DeadlineExceeded desc = context deadline exceeded"
time="2024-05-28T23:41:09.600821347-06:00" level=warning msg="Failed to invoke video-analytics-standalone-python-30-e2nd2yk.default.192.168.1.240.sslip.io:80, err=rpc error: code = Unavailable desc = upstream request timeout"
time="2024-05-28T23:41:14.633820112-06:00" level=warning msg="Failed to invoke video-analytics-standalone-python-30-e2nd2yk.default.192.168.1.240.sslip.io:80, err=rpc error: code = Unavailable desc = upstream request timeout"
time="2024-05-28T23:41:19.669680419-06:00" level=warning msg="Failed to invoke video-analytics-standalone-python-30-e2nd2yk.default.192.168.1.240.sslip.io:80, err=rpc error: code = Unavailable desc = upstream request timeout"
time="2024-05-28T23:41:24.704208726-06:00" level=warning msg="Failed to invoke video-analytics-standalone-python-30-e2nd2yk.default.192.168.1.240.sslip.io:80, err=rpc error: code = Unavailable desc = upstream request timeout"
time="2024-05-28T23:41:29.740292682-06:00" level=warning msg="Failed to invoke video-analytics-standalone-python-30-e2nd2yk.default.192.168.1.240.sslip.io:80, err=rpc error: code = Unavailable desc = upstream request timeout"
time="2024-05-28T23:41:34.7758025-06:00" level=warning msg="Failed to invoke video-analytics-standalone-python-30-e2nd2yk.default.192.168.1.240.sslip.io:80, err=rpc error: code = Unavailable desc = upstream request timeout"
time="2024-05-28T23:41:39.815961653-06:00" level=warning msg="Failed to invoke video-analytics-standalone-python-30-e2nd2yk.default.192.168.1.240.sslip.io:80, err=rpc error: code = DeadlineExceeded desc = context deadline exceeded"
time="2024-05-28T23:41:44.849148356-06:00" level=warning msg="Failed to invoke video-analytics-standalone-python-30-e2nd2yk.default.192.168.1.240.sslip.io:80, err=rpc error: code = DeadlineExceeded desc = context deadline exceeded"
time="2024-05-28T23:41:49.885161719-06:00" level=warning msg="Failed to invoke video-analytics-standalone-python-30-e2nd2yk.default.192.168.1.240.sslip.io:80, err=rpc error: code = DeadlineExceeded desc = context deadline exceeded"
time="2024-05-28T23:41:54.921676161-06:00" level=warning msg="Failed to invoke video-analytics-standalone-python-30-e2nd2yk.default.192.168.1.240.sslip.io:80, err=rpc error: code = DeadlineExceeded desc = context deadline exceeded"
time="2024-05-28T23:41:59.955736086-06:00" level=warning msg="Failed to invoke video-analytics-standalone-python-30-e2nd2yk.default.192.168.1.240.sslip.io:80, err=rpc error: code = DeadlineExceeded desc = context deadline exceeded"
time="2024-05-28T23:42:04.993033269-06:00" level=warning msg="Failed to invoke video-analytics-standalone-python-30-e2nd2yk.default.192.168.1.240.sslip.io:80, err=rpc error: code = DeadlineExceeded desc = Deadline Exceeded"
time="2024-05-28T23:42:10.026504258-06:00" level=warning msg="Failed to invoke video-analytics-standalone-python-30-e2nd2yk.default.192.168.1.240.sslip.io:80, err=rpc error: code = Unavailable desc = upstream request timeout"
time="2024-05-28T23:42:15.058942907-06:00" level=warning msg="Failed to invoke video-analytics-standalone-python-30-e2nd2yk.default.192.168.1.240.sslip.io:80, err=rpc error: code = Unavailable desc = upstream request timeout"
time="2024-05-28T23:42:20.096900901-06:00" level=warning msg="Failed to invoke video-analytics-standalone-python-30-e2nd2yk.default.192.168.1.240.sslip.io:80, err=rpc error: code = Unavailable desc = upstream request timeout"
time="2024-05-28T23:42:25.13118187-06:00" level=warning msg="Failed to invoke video-analytics-standalone-python-30-e2nd2yk.default.192.168.1.240.sslip.io:80, err=rpc error: code = Unavailable desc = upstream request timeout"
time="2024-05-28T23:42:30.168718693-06:00" level=warning msg="Failed to invoke video-analytics-standalone-python-30-e2nd2yk.default.192.168.1.240.sslip.io:80, err=rpc error: code = Unavailable desc = upstream request timeout"
time="2024-05-28T23:42:35.205123927-06:00" level=warning msg="Failed to invoke video-analytics-standalone-python-30-e2nd2yk.default.192.168.1.240.sslip.io:80, err=rpc error: code = DeadlineExceeded desc = context deadline exceeded"
time="2024-05-28T23:42:40.235888992-06:00" level=warning msg="Failed to invoke video-analytics-standalone-python-30-e2nd2yk.default.192.168.1.240.sslip.io:80, err=rpc error: code = Unavailable desc = upstream request timeout"
time="2024-05-28T23:42:45.271407626-06:00" level=warning msg="Failed to invoke video-analytics-standalone-python-30-e2nd2yk.default.192.168.1.240.sslip.io:80, err=rpc error: code = Unavailable desc = upstream request timeout"
time="2024-05-28T23:42:50.308673032-06:00" level=warning msg="Failed to invoke video-analytics-standalone-python-30-e2nd2yk.default.192.168.1.240.sslip.io:80, err=rpc error: code = Unavailable desc = upstream request timeout"
time="2024-05-28T23:42:55.344936899-06:00" level=warning msg="Failed to invoke video-analytics-standalone-python-30-e2nd2yk.default.192.168.1.240.sslip.io:80, err=rpc error: code = Unavailable desc = upstream request timeout"
time="2024-05-28T23:43:00.379739749-06:00" level=warning msg="Failed to invoke video-analytics-standalone-python-30-e2nd2yk.default.192.168.1.240.sslip.io:80, err=rpc error: code = Unavailable desc = upstream request timeout"
time="2024-05-28T23:43:05.41719593-06:00" level=warning msg="Failed to invoke video-analytics-standalone-python-30-e2nd2yk.default.192.168.1.240.sslip.io:80, err=rpc error: code = Unavailable desc = upstream request timeout"
time="2024-05-28T23:43:10.45296564-06:00" level=warning msg="Failed to invoke video-analytics-standalone-python-30-e2nd2yk.default.192.168.1.240.sslip.io:80, err=rpc error: code = Unavailable desc = upstream request timeout"
time="2024-05-28T23:43:15.487368888-06:00" level=warning msg="Failed to invoke video-analytics-standalone-python-30-e2nd2yk.default.192.168.1.240.sslip.io:80, err=rpc error: code = Unavailable desc = upstream request timeout"
time="2024-05-28T23:43:20.523908408-06:00" level=warning msg="Failed to invoke video-analytics-standalone-python-30-e2nd2yk.default.192.168.1.240.sslip.io:80, err=rpc error: code = Unavailable desc = upstream request timeout"
time="2024-05-28T23:43:25.555613756-06:00" level=warning msg="Failed to invoke video-analytics-standalone-python-30-e2nd2yk.default.192.168.1.240.sslip.io:80, err=rpc error: code = Unavailable desc = upstream request timeout"
time="2024-05-28T23:43:30.594268615-06:00" level=warning msg="Failed to invoke video-analytics-standalone-python-30-e2nd2yk.default.192.168.1.240.sslip.io:80, err=rpc error: code = Unavailable desc = upstream request timeout"
time="2024-05-28T23:43:35.62690207-06:00" level=warning msg="Failed to invoke video-analytics-standalone-python-30-e2nd2yk.default.192.168.1.240.sslip.io:80, err=rpc error: code = Unavailable desc = upstream request timeout"
time="2024-05-28T23:43:40.662424634-06:00" level=warning msg="Failed to invoke video-analytics-standalone-python-30-e2nd2yk.default.192.168.1.240.sslip.io:80, err=rpc error: code = Unavailable desc = upstream request timeout"
time="2024-05-28T23:43:45.70327767-06:00" level=warning msg="Failed to invoke video-analytics-standalone-python-30-e2nd2yk.default.192.168.1.240.sslip.io:80, err=rpc error: code = Unavailable desc = upstream request timeout"
time="2024-05-28T23:43:50.735976489-06:00" level=warning msg="Failed to invoke video-analytics-standalone-python-30-e2nd2yk.default.192.168.1.240.sslip.io:80, err=rpc error: code = Unavailable desc = upstream request timeout"
time="2024-05-28T23:43:55.766638849-06:00" level=warning msg="Failed to invoke video-analytics-standalone-python-30-e2nd2yk.default.192.168.1.240.sslip.io:80, err=rpc error: code = Unavailable desc = upstream request timeout"
time="2024-05-28T23:44:00.805749396-06:00" level=warning msg="Failed to invoke video-analytics-standalone-python-30-e2nd2yk.default.192.168.1.240.sslip.io:80, err=rpc error: code = Unavailable desc = upstream request timeout"
time="2024-05-28T23:44:05.839480084-06:00" level=warning msg="Failed to invoke video-analytics-standalone-python-30-e2nd2yk.default.192.168.1.240.sslip.io:80, err=rpc error: code = Unavailable desc = upstream request timeout"
time="2024-05-28T23:44:10.874301027-06:00" level=warning msg="Failed to invoke video-analytics-standalone-python-30-e2nd2yk.default.192.168.1.240.sslip.io:80, err=rpc error: code = Unavailable desc = upstream request timeout"
time="2024-05-28T23:44:15.910687167-06:00" level=warning msg="Failed to invoke video-analytics-standalone-python-30-e2nd2yk.default.192.168.1.240.sslip.io:80, err=rpc error: code = Unavailable desc = upstream request timeout"
time="2024-05-28T23:44:20.946080763-06:00" level=warning msg="Failed to invoke video-analytics-standalone-python-30-e2nd2yk.default.192.168.1.240.sslip.io:80, err=rpc error: code = Unavailable desc = upstream request timeout"
time="2024-05-28T23:44:25.982220181-06:00" level=warning msg="Failed to invoke video-analytics-standalone-python-30-e2nd2yk.default.192.168.1.240.sslip.io:80, err=rpc error: code = Unavailable desc = upstream request timeout"
time="2024-05-28T23:44:31.019172659-06:00" level=warning msg="Failed to invoke video-analytics-standalone-python-30-e2nd2yk.default.192.168.1.240.sslip.io:80, err=rpc error: code = Unavailable desc = upstream request timeout"
time="2024-05-28T23:44:36.056191489-06:00" level=warning msg="Failed to invoke video-analytics-standalone-python-30-e2nd2yk.default.192.168.1.240.sslip.io:80, err=rpc error: code = Unavailable desc = upstream request timeout"
time="2024-05-28T23:44:41.090859421-06:00" level=warning msg="Failed to invoke video-analytics-standalone-python-30-e2nd2yk.default.192.168.1.240.sslip.io:80, err=rpc error: code = Unavailable desc = upstream request timeout"
time="2024-05-28T23:44:46.124010451-06:00" level=warning msg="Failed to invoke video-analytics-standalone-python-30-e2nd2yk.default.192.168.1.240.sslip.io:80, err=rpc error: code = Unavailable desc = upstream request timeout"
time="2024-05-28T23:44:51.157975481-06:00" level=warning msg="Failed to invoke video-analytics-standalone-python-30-e2nd2yk.default.192.168.1.240.sslip.io:80, err=rpc error: code = Unavailable desc = upstream request timeout"
time="2024-05-28T23:44:56.195411244-06:00" level=warning msg="Failed to invoke video-analytics-standalone-python-30-e2nd2yk.default.192.168.1.240.sslip.io:80, err=rpc error: code = Unavailable desc = upstream request timeout"
time="2024-05-28T23:45:01.232645027-06:00" level=warning msg="Failed to invoke video-analytics-standalone-python-30-e2nd2yk.default.192.168.1.240.sslip.io:80, err=rpc error: code = Unavailable desc = upstream request timeout"
time="2024-05-28T23:45:06.266526346-06:00" level=warning msg="Failed to invoke video-analytics-standalone-python-30-e2nd2yk.default.192.168.1.240.sslip.io:80, err=rpc error: code = Unavailable desc = upstream request timeout"
time="2024-05-28T23:45:11.302467016-06:00" level=warning msg="Failed to invoke video-analytics-standalone-python-30-e2nd2yk.default.192.168.1.240.sslip.io:80, err=rpc error: code = Unavailable desc = upstream request timeout"
time="2024-05-28T23:45:16.34113178-06:00" level=warning msg="Failed to invoke video-analytics-standalone-python-30-e2nd2yk.default.192.168.1.240.sslip.io:80, err=rpc error: code = DeadlineExceeded desc = context deadline exceeded"
time="2024-05-28T23:45:21.372416672-06:00" level=warning msg="Failed to invoke video-analytics-standalone-python-30-e2nd2yk.default.192.168.1.240.sslip.io:80, err=rpc error: code = Unavailable desc = upstream request timeout"
time="2024-05-28T23:45:26.4074961-06:00" level=warning msg="Failed to invoke video-analytics-standalone-python-30-e2nd2yk.default.192.168.1.240.sslip.io:80, err=rpc error: code = Unavailable desc = upstream request timeout"
time="2024-05-28T23:45:31.445679318-06:00" level=warning msg="Failed to invoke video-analytics-standalone-python-30-e2nd2yk.default.192.168.1.240.sslip.io:80, err=rpc error: code = Unavailable desc = upstream request timeout"
time="2024-05-28T23:45:36.485206409-06:00" level=warning msg="Failed to invoke video-analytics-standalone-python-30-e2nd2yk.default.192.168.1.240.sslip.io:80, err=rpc error: code = DeadlineExceeded desc = context deadline exceeded"
time="2024-05-28T23:45:41.517860155-06:00" level=warning msg="Failed to invoke video-analytics-standalone-python-30-e2nd2yk.default.192.168.1.240.sslip.io:80, err=rpc error: code = Unavailable desc = upstream request timeout"
time="2024-05-28T23:45:46.552132264-06:00" level=warning msg="Failed to invoke video-analytics-standalone-python-30-e2nd2yk.default.192.168.1.240.sslip.io:80, err=rpc error: code = Unavailable desc = upstream request timeout"
time="2024-05-28T23:45:51.587943115-06:00" level=warning msg="Failed to invoke video-analytics-standalone-python-30-e2nd2yk.default.192.168.1.240.sslip.io:80, err=rpc error: code = Unavailable desc = upstream request timeout"
time="2024-05-28T23:45:56.62424427-06:00" level=warning msg="Failed to invoke video-analytics-standalone-python-30-e2nd2yk.default.192.168.1.240.sslip.io:80, err=rpc error: code = Unavailable desc = upstream request timeout"
time="2024-05-28T23:46:01.661267951-06:00" level=warning msg="Failed to invoke video-analytics-standalone-python-30-e2nd2yk.default.192.168.1.240.sslip.io:80, err=rpc error: code = DeadlineExceeded desc = context deadline exceeded"
time="2024-05-28T23:46:06.402652377-06:00" level=info msg="Issued / completed requests: 155, 35"
time="2024-05-28T23:46:06.402724615-06:00" level=info msg="Real / target RPS: 0.04 / 0.2"
time="2024-05-28T23:46:06.402738105-06:00" level=info msg="Experiment finished!"
time="2024-05-28T23:46:06.402754174-06:00" level=info msg="The measured latencies are saved in video-analytics-standalone-python-30-300/lat.txt"
time="2024-05-28T23:46:06.402892984-06:00" level=info msg="The measured function durations are saved in video-analytics-standalone-python-30-300/dur.txt"
