time="2024-05-28T17:53:55.458417372-06:00" level=debug msg="Debug logging is enabled"
time="2024-05-28T17:53:55.458629945-06:00" level=info msg="Reading the trace endpoints from the file: /users/ArunAMS/vSwarm/tools/load-generator/load.json"
time="2024-05-28T17:53:55.460320501-06:00" level=info msg="Warmup Duration: 3"
time="2024-05-28T17:53:55.460352076-06:00" level=info msg="Experiment Duration: 11"
time="2024-05-28T17:53:55.460376722-06:00" level=info msg="Minute Granularity: true"
time="2024-05-28T17:54:55.517670491-06:00" level=info msg="Running Warmup Phase"
time="2024-05-28T17:54:55.517749816-06:00" level=debug msg="Minute: 0"
time="2024-05-28T17:54:55.517830746-06:00" level=debug msg="Number of Invocations this iteration: 8"
time="2024-05-28T17:54:55.517939168-06:00" level=debug msg="Invoking: cartservice-6tlo4eudeqsrdpcuf1wt.default.192.168.1.240.sslip.io:80"
time="2024-05-28T17:55:03.021674317-06:00" level=debug msg="Invoking: gptj-python-ltxutuei8pgf9hnybja8.default.192.168.1.240.sslip.io:80"
time="2024-05-28T17:55:10.525760616-06:00" level=debug msg="Invoking: gptj-python-ltxutuei8pgf9hnybja8.default.192.168.1.240.sslip.io:80"
time="2024-05-28T17:55:18.029733799-06:00" level=debug msg="Invoking: gptj-python-ltxutuei8pgf9hnybja8.default.192.168.1.240.sslip.io:80"
time="2024-05-28T17:55:25.53384279-06:00" level=debug msg="Invoking: cartservice-6tlo4eudeqsrdpcuf1wt.default.192.168.1.240.sslip.io:80"
time="2024-05-28T17:55:33.040580633-06:00" level=debug msg="Invoking: gptj-python-ltxutuei8pgf9hnybja8.default.192.168.1.240.sslip.io:80"
time="2024-05-28T17:55:40.546331536-06:00" level=debug msg="Invoking: gptj-python-ltxutuei8pgf9hnybja8.default.192.168.1.240.sslip.io:80"
time="2024-05-28T17:55:48.049735267-06:00" level=debug msg="Invoking: gptj-python-ltxutuei8pgf9hnybja8.default.192.168.1.240.sslip.io:80"
time="2024-05-28T17:55:55.465670518-06:00" level=debug msg="Minute: 1"
time="2024-05-28T17:55:55.46577053-06:00" level=debug msg="Number of Invocations this iteration: 8"
time="2024-05-28T17:55:55.465862888-06:00" level=debug msg="Invoking: image-rotate-go-6-f5hdmou9j9711et4ku04.default.192.168.1.240.sslip.io:80"
time="2024-05-28T17:56:02.966756806-06:00" level=debug msg="Invoking: gptj-python-ltxutuei8pgf9hnybja8.default.192.168.1.240.sslip.io:80"
time="2024-05-28T17:56:10.470674146-06:00" level=debug msg="Invoking: gptj-python-ltxutuei8pgf9hnybja8.default.192.168.1.240.sslip.io:80"
time="2024-05-28T17:56:17.97366628-06:00" level=debug msg="Invoking: gptj-python-ltxutuei8pgf9hnybja8.default.192.168.1.240.sslip.io:80"
time="2024-05-28T17:56:25.47769471-06:00" level=debug msg="Invoking: cartservice-6tlo4eudeqsrdpcuf1wt.default.192.168.1.240.sslip.io:80"
time="2024-05-28T17:56:32.981741915-06:00" level=debug msg="Invoking: gptj-python-ltxutuei8pgf9hnybja8.default.192.168.1.240.sslip.io:80"
time="2024-05-28T17:56:40.485678499-06:00" level=debug msg="Invoking: gptj-python-ltxutuei8pgf9hnybja8.default.192.168.1.240.sslip.io:80"
time="2024-05-28T17:56:47.990935008-06:00" level=debug msg="Invoking: gptj-python-ltxutuei8pgf9hnybja8.default.192.168.1.240.sslip.io:80"
time="2024-05-28T17:56:55.467330165-06:00" level=debug msg="Minute: 2"
time="2024-05-28T17:56:55.467448605-06:00" level=debug msg="Number of Invocations this iteration: 8"
time="2024-05-28T17:56:55.46754383-06:00" level=debug msg="Invoking: cartservice-6tlo4eudeqsrdpcuf1wt.default.192.168.1.240.sslip.io:80"
time="2024-05-28T17:57:02.973680194-06:00" level=debug msg="Invoking: gptj-python-ltxutuei8pgf9hnybja8.default.192.168.1.240.sslip.io:80"
time="2024-05-28T17:57:10.477683203-06:00" level=debug msg="Invoking: gptj-python-ltxutuei8pgf9hnybja8.default.192.168.1.240.sslip.io:80"
time="2024-05-28T17:57:17.984571162-06:00" level=debug msg="Invoking: gptj-python-ltxutuei8pgf9hnybja8.default.192.168.1.240.sslip.io:80"
time="2024-05-28T17:57:25.489737412-06:00" level=debug msg="Invoking: cartservice-6tlo4eudeqsrdpcuf1wt.default.192.168.1.240.sslip.io:80"
time="2024-05-28T17:57:32.99386681-06:00" level=debug msg="Invoking: gptj-python-ltxutuei8pgf9hnybja8.default.192.168.1.240.sslip.io:80"
time="2024-05-28T17:57:40.49768719-06:00" level=debug msg="Invoking: gptj-python-ltxutuei8pgf9hnybja8.default.192.168.1.240.sslip.io:80"
time="2024-05-28T17:57:48.00173653-06:00" level=debug msg="Invoking: gptj-python-ltxutuei8pgf9hnybja8.default.192.168.1.240.sslip.io:80"
time="2024-05-28T17:57:55.465651933-06:00" level=info msg="Warmup Phase Completed"
time="2024-05-28T17:57:55.465708288-06:00" level=info msg="Running Experiment Phase"
time="2024-05-28T17:57:55.465727569-06:00" level=debug msg="Minute: 3"
time="2024-05-28T17:57:55.465754903-06:00" level=debug msg="Number of Invocations this iteration: 8"
time="2024-05-28T17:57:55.465816964-06:00" level=debug msg="Invoking: cartservice-6tlo4eudeqsrdpcuf1wt.default.192.168.1.240.sslip.io:80"
time="2024-05-28T17:57:55.480784257-06:00" level=debug msg="Invoked cartservice-6tlo4eudeqsrdpcuf1wt.default.192.168.1.240.sslip.io in 14960 usec\n"
time="2024-05-28T17:58:02.970010757-06:00" level=debug msg="Invoking: gptj-python-ltxutuei8pgf9hnybja8.default.192.168.1.240.sslip.io:80"
time="2024-05-28T17:58:02.981292196-06:00" level=debug msg="Invoked gptj-python-ltxutuei8pgf9hnybja8.default.192.168.1.240.sslip.io in 11293 usec\n"
time="2024-05-28T17:58:10.473744799-06:00" level=debug msg="Invoking: gptj-python-ltxutuei8pgf9hnybja8.default.192.168.1.240.sslip.io:80"
time="2024-05-28T17:58:10.4844346-06:00" level=debug msg="Invoked gptj-python-ltxutuei8pgf9hnybja8.default.192.168.1.240.sslip.io in 10702 usec\n"
time="2024-05-28T17:58:17.977681927-06:00" level=debug msg="Invoking: gptj-python-ltxutuei8pgf9hnybja8.default.192.168.1.240.sslip.io:80"
time="2024-05-28T17:58:17.988323271-06:00" level=debug msg="Invoked gptj-python-ltxutuei8pgf9hnybja8.default.192.168.1.240.sslip.io in 10651 usec\n"
time="2024-05-28T17:58:25.481683218-06:00" level=debug msg="Invoking: cartservice-6tlo4eudeqsrdpcuf1wt.default.192.168.1.240.sslip.io:80"
time="2024-05-28T17:58:25.493172733-06:00" level=debug msg="Invoked cartservice-6tlo4eudeqsrdpcuf1wt.default.192.168.1.240.sslip.io in 11506 usec\n"
time="2024-05-28T17:58:32.984805944-06:00" level=debug msg="Invoking: gptj-python-ltxutuei8pgf9hnybja8.default.192.168.1.240.sslip.io:80"
time="2024-05-28T17:58:32.99627074-06:00" level=debug msg="Invoked gptj-python-ltxutuei8pgf9hnybja8.default.192.168.1.240.sslip.io in 11566 usec\n"
time="2024-05-28T17:58:40.489750377-06:00" level=debug msg="Invoking: gptj-python-ltxutuei8pgf9hnybja8.default.192.168.1.240.sslip.io:80"
time="2024-05-28T17:58:40.500001351-06:00" level=debug msg="Invoked gptj-python-ltxutuei8pgf9hnybja8.default.192.168.1.240.sslip.io in 10263 usec\n"
time="2024-05-28T17:58:47.993743508-06:00" level=debug msg="Invoking: gptj-python-ltxutuei8pgf9hnybja8.default.192.168.1.240.sslip.io:80"
time="2024-05-28T17:58:48.004468583-06:00" level=debug msg="Invoked gptj-python-ltxutuei8pgf9hnybja8.default.192.168.1.240.sslip.io in 10760 usec\n"
time="2024-05-28T17:58:55.46647623-06:00" level=debug msg="Minute: 4"
time="2024-05-28T17:58:55.466573929-06:00" level=debug msg="Number of Invocations this iteration: 8"
time="2024-05-28T17:58:55.46666898-06:00" level=debug msg="Invoking: rnn-serving-python-10-10-q58vo2v1kclvhpvhz69v.default.192.168.1.240.sslip.io:80"
time="2024-05-28T17:59:02.138905263-06:00" level=debug msg="Invoked rnn-serving-python-10-10-q58vo2v1kclvhpvhz69v.default.192.168.1.240.sslip.io in 6672235 usec\n"
time="2024-05-28T17:59:02.967810832-06:00" level=debug msg="Invoking: gptj-python-ltxutuei8pgf9hnybja8.default.192.168.1.240.sslip.io:80"
time="2024-05-28T17:59:02.978121169-06:00" level=debug msg="Invoked gptj-python-ltxutuei8pgf9hnybja8.default.192.168.1.240.sslip.io in 10320 usec\n"
time="2024-05-28T17:59:10.473740063-06:00" level=debug msg="Invoking: gptj-python-ltxutuei8pgf9hnybja8.default.192.168.1.240.sslip.io:80"
time="2024-05-28T17:59:10.483265378-06:00" level=debug msg="Invoked gptj-python-ltxutuei8pgf9hnybja8.default.192.168.1.240.sslip.io in 9538 usec\n"
time="2024-05-28T17:59:17.977666342-06:00" level=debug msg="Invoking: gptj-python-ltxutuei8pgf9hnybja8.default.192.168.1.240.sslip.io:80"
time="2024-05-28T17:59:17.988783422-06:00" level=debug msg="Invoked gptj-python-ltxutuei8pgf9hnybja8.default.192.168.1.240.sslip.io in 11128 usec\n"
time="2024-05-28T17:59:25.482330687-06:00" level=debug msg="Invoking: cartservice-6tlo4eudeqsrdpcuf1wt.default.192.168.1.240.sslip.io:80"
time="2024-05-28T17:59:25.492401346-06:00" level=debug msg="Invoked cartservice-6tlo4eudeqsrdpcuf1wt.default.192.168.1.240.sslip.io in 10081 usec\n"
time="2024-05-28T17:59:32.989700306-06:00" level=debug msg="Invoking: gptj-python-ltxutuei8pgf9hnybja8.default.192.168.1.240.sslip.io:80"
time="2024-05-28T17:59:32.999988413-06:00" level=debug msg="Invoked gptj-python-ltxutuei8pgf9hnybja8.default.192.168.1.240.sslip.io in 10300 usec\n"
time="2024-05-28T17:59:40.494880733-06:00" level=debug msg="Invoking: gptj-python-ltxutuei8pgf9hnybja8.default.192.168.1.240.sslip.io:80"
time="2024-05-28T17:59:40.505539328-06:00" level=debug msg="Invoked gptj-python-ltxutuei8pgf9hnybja8.default.192.168.1.240.sslip.io in 10668 usec\n"
time="2024-05-28T17:59:48.001734591-06:00" level=debug msg="Invoking: gptj-python-ltxutuei8pgf9hnybja8.default.192.168.1.240.sslip.io:80"
time="2024-05-28T17:59:48.014298157-06:00" level=debug msg="Invoked gptj-python-ltxutuei8pgf9hnybja8.default.192.168.1.240.sslip.io in 12575 usec\n"
time="2024-05-28T17:59:55.465661511-06:00" level=debug msg="Minute: 5"
time="2024-05-28T17:59:55.465755636-06:00" level=debug msg="Number of Invocations this iteration: 8"
time="2024-05-28T17:59:55.465846289-06:00" level=debug msg="Invoking: cartservice-6tlo4eudeqsrdpcuf1wt.default.192.168.1.240.sslip.io:80"
time="2024-05-28T17:59:55.478046593-06:00" level=debug msg="Invoked cartservice-6tlo4eudeqsrdpcuf1wt.default.192.168.1.240.sslip.io in 12217 usec\n"
time="2024-05-28T18:00:02.96971467-06:00" level=debug msg="Invoking: gptj-python-ltxutuei8pgf9hnybja8.default.192.168.1.240.sslip.io:80"
time="2024-05-28T18:00:02.979806363-06:00" level=debug msg="Invoked gptj-python-ltxutuei8pgf9hnybja8.default.192.168.1.240.sslip.io in 10105 usec\n"
time="2024-05-28T18:00:10.477226981-06:00" level=debug msg="Invoking: gptj-python-ltxutuei8pgf9hnybja8.default.192.168.1.240.sslip.io:80"
time="2024-05-28T18:00:10.489237619-06:00" level=debug msg="Invoked gptj-python-ltxutuei8pgf9hnybja8.default.192.168.1.240.sslip.io in 12021 usec\n"
time="2024-05-28T18:00:17.984028103-06:00" level=debug msg="Invoking: gptj-python-ltxutuei8pgf9hnybja8.default.192.168.1.240.sslip.io:80"
time="2024-05-28T18:00:17.994776723-06:00" level=debug msg="Invoked gptj-python-ltxutuei8pgf9hnybja8.default.192.168.1.240.sslip.io in 10760 usec\n"
time="2024-05-28T18:00:25.489730344-06:00" level=debug msg="Invoking: cartservice-6tlo4eudeqsrdpcuf1wt.default.192.168.1.240.sslip.io:80"
time="2024-05-28T18:00:25.501269818-06:00" level=debug msg="Invoked cartservice-6tlo4eudeqsrdpcuf1wt.default.192.168.1.240.sslip.io in 11538 usec\n"
time="2024-05-28T18:00:32.991548051-06:00" level=debug msg="Invoking: gptj-python-ltxutuei8pgf9hnybja8.default.192.168.1.240.sslip.io:80"
time="2024-05-28T18:00:33.002258402-06:00" level=debug msg="Invoked gptj-python-ltxutuei8pgf9hnybja8.default.192.168.1.240.sslip.io in 11472 usec\n"
time="2024-05-28T18:00:40.494940685-06:00" level=debug msg="Invoking: gptj-python-ltxutuei8pgf9hnybja8.default.192.168.1.240.sslip.io:80"
time="2024-05-28T18:00:40.505763915-06:00" level=debug msg="Invoked gptj-python-ltxutuei8pgf9hnybja8.default.192.168.1.240.sslip.io in 10834 usec\n"
time="2024-05-28T18:00:48.001645837-06:00" level=debug msg="Invoking: gptj-python-ltxutuei8pgf9hnybja8.default.192.168.1.240.sslip.io:80"
time="2024-05-28T18:00:48.011087256-06:00" level=debug msg="Invoked gptj-python-ltxutuei8pgf9hnybja8.default.192.168.1.240.sslip.io in 9448 usec\n"
time="2024-05-28T18:00:55.465734283-06:00" level=debug msg="Minute: 6"
time="2024-05-28T18:00:55.465829718-06:00" level=debug msg="Number of Invocations this iteration: 8"
time="2024-05-28T18:00:55.465917965-06:00" level=debug msg="Invoking: image-rotate-go-6-f5hdmou9j9711et4ku04.default.192.168.1.240.sslip.io:80"
time="2024-05-28T18:01:02.969751574-06:00" level=debug msg="Invoking: gptj-python-ltxutuei8pgf9hnybja8.default.192.168.1.240.sslip.io:80"
time="2024-05-28T18:01:02.980121567-06:00" level=debug msg="Invoked gptj-python-ltxutuei8pgf9hnybja8.default.192.168.1.240.sslip.io in 10426 usec\n"
time="2024-05-28T18:01:07.541383398-06:00" level=debug msg="Invoked image-rotate-go-6-f5hdmou9j9711et4ku04.default.192.168.1.240.sslip.io in 12075463 usec\n"
time="2024-05-28T18:01:10.470805101-06:00" level=debug msg="Invoking: gptj-python-ltxutuei8pgf9hnybja8.default.192.168.1.240.sslip.io:80"
time="2024-05-28T18:01:10.48174832-06:00" level=debug msg="Invoked gptj-python-ltxutuei8pgf9hnybja8.default.192.168.1.240.sslip.io in 10955 usec\n"
time="2024-05-28T18:01:17.977677739-06:00" level=debug msg="Invoking: gptj-python-ltxutuei8pgf9hnybja8.default.192.168.1.240.sslip.io:80"
time="2024-05-28T18:01:17.987738349-06:00" level=debug msg="Invoked gptj-python-ltxutuei8pgf9hnybja8.default.192.168.1.240.sslip.io in 10076 usec\n"
time="2024-05-28T18:01:25.483934425-06:00" level=debug msg="Invoking: cartservice-6tlo4eudeqsrdpcuf1wt.default.192.168.1.240.sslip.io:80"
time="2024-05-28T18:01:25.49685121-06:00" level=debug msg="Invoked cartservice-6tlo4eudeqsrdpcuf1wt.default.192.168.1.240.sslip.io in 12924 usec\n"
time="2024-05-28T18:01:32.990916244-06:00" level=debug msg="Invoking: gptj-python-ltxutuei8pgf9hnybja8.default.192.168.1.240.sslip.io:80"
time="2024-05-28T18:01:33.001561381-06:00" level=debug msg="Invoked gptj-python-ltxutuei8pgf9hnybja8.default.192.168.1.240.sslip.io in 10655 usec\n"
time="2024-05-28T18:01:40.4977372-06:00" level=debug msg="Invoking: gptj-python-ltxutuei8pgf9hnybja8.default.192.168.1.240.sslip.io:80"
time="2024-05-28T18:01:40.508382804-06:00" level=debug msg="Invoked gptj-python-ltxutuei8pgf9hnybja8.default.192.168.1.240.sslip.io in 10657 usec\n"
time="2024-05-28T18:01:48.001737663-06:00" level=debug msg="Invoking: gptj-python-ltxutuei8pgf9hnybja8.default.192.168.1.240.sslip.io:80"
time="2024-05-28T18:01:48.013286365-06:00" level=debug msg="Invoked gptj-python-ltxutuei8pgf9hnybja8.default.192.168.1.240.sslip.io in 11558 usec\n"
time="2024-05-28T18:01:55.465664204-06:00" level=debug msg="Minute: 7"
time="2024-05-28T18:01:55.465767468-06:00" level=debug msg="Number of Invocations this iteration: 8"
time="2024-05-28T18:01:55.465884188-06:00" level=debug msg="Invoking: cartservice-6tlo4eudeqsrdpcuf1wt.default.192.168.1.240.sslip.io:80"
time="2024-05-28T18:01:55.48031038-06:00" level=debug msg="Invoked cartservice-6tlo4eudeqsrdpcuf1wt.default.192.168.1.240.sslip.io in 14424 usec\n"
time="2024-05-28T18:02:02.969692094-06:00" level=debug msg="Invoking: gptj-python-ltxutuei8pgf9hnybja8.default.192.168.1.240.sslip.io:80"
time="2024-05-28T18:02:02.9813313-06:00" level=debug msg="Invoked gptj-python-ltxutuei8pgf9hnybja8.default.192.168.1.240.sslip.io in 11644 usec\n"
time="2024-05-28T18:02:10.4737273-06:00" level=debug msg="Invoking: gptj-python-ltxutuei8pgf9hnybja8.default.192.168.1.240.sslip.io:80"
time="2024-05-28T18:02:10.48435749-06:00" level=debug msg="Invoked gptj-python-ltxutuei8pgf9hnybja8.default.192.168.1.240.sslip.io in 10642 usec\n"
time="2024-05-28T18:02:17.977689889-06:00" level=debug msg="Invoking: gptj-python-ltxutuei8pgf9hnybja8.default.192.168.1.240.sslip.io:80"
time="2024-05-28T18:02:17.989954377-06:00" level=debug msg="Invoked gptj-python-ltxutuei8pgf9hnybja8.default.192.168.1.240.sslip.io in 12274 usec\n"
time="2024-05-28T18:02:25.481712746-06:00" level=debug msg="Invoking: cartservice-6tlo4eudeqsrdpcuf1wt.default.192.168.1.240.sslip.io:80"
time="2024-05-28T18:02:25.493399622-06:00" level=debug msg="Invoked cartservice-6tlo4eudeqsrdpcuf1wt.default.192.168.1.240.sslip.io in 11697 usec\n"
time="2024-05-28T18:02:32.986271357-06:00" level=debug msg="Invoking: gptj-python-ltxutuei8pgf9hnybja8.default.192.168.1.240.sslip.io:80"
time="2024-05-28T18:02:32.99840137-06:00" level=debug msg="Invoked gptj-python-ltxutuei8pgf9hnybja8.default.192.168.1.240.sslip.io in 12127 usec\n"
time="2024-05-28T18:02:40.486423632-06:00" level=debug msg="Invoking: gptj-python-ltxutuei8pgf9hnybja8.default.192.168.1.240.sslip.io:80"
time="2024-05-28T18:02:40.497336631-06:00" level=debug msg="Invoked gptj-python-ltxutuei8pgf9hnybja8.default.192.168.1.240.sslip.io in 10923 usec\n"
time="2024-05-28T18:02:47.993681498-06:00" level=debug msg="Invoking: gptj-python-ltxutuei8pgf9hnybja8.default.192.168.1.240.sslip.io:80"
time="2024-05-28T18:02:48.004886211-06:00" level=debug msg="Invoked gptj-python-ltxutuei8pgf9hnybja8.default.192.168.1.240.sslip.io in 11211 usec\n"
time="2024-05-28T18:02:55.465678069-06:00" level=debug msg="Minute: 8"
time="2024-05-28T18:02:55.465781463-06:00" level=debug msg="Number of Invocations this iteration: 8"
time="2024-05-28T18:02:55.465834184-06:00" level=debug msg="Invoking: cartservice-6tlo4eudeqsrdpcuf1wt.default.192.168.1.240.sslip.io:80"
time="2024-05-28T18:02:55.478882441-06:00" level=debug msg="Invoked cartservice-6tlo4eudeqsrdpcuf1wt.default.192.168.1.240.sslip.io in 13043 usec\n"
time="2024-05-28T18:03:02.969756976-06:00" level=debug msg="Invoking: gptj-python-ltxutuei8pgf9hnybja8.default.192.168.1.240.sslip.io:80"
time="2024-05-28T18:03:02.980590796-06:00" level=debug msg="Invoked gptj-python-ltxutuei8pgf9hnybja8.default.192.168.1.240.sslip.io in 10838 usec\n"
time="2024-05-28T18:03:10.473781551-06:00" level=debug msg="Invoking: gptj-python-ltxutuei8pgf9hnybja8.default.192.168.1.240.sslip.io:80"
time="2024-05-28T18:03:10.484467703-06:00" level=debug msg="Invoked gptj-python-ltxutuei8pgf9hnybja8.default.192.168.1.240.sslip.io in 10707 usec\n"
time="2024-05-28T18:03:17.977687913-06:00" level=debug msg="Invoking: gptj-python-ltxutuei8pgf9hnybja8.default.192.168.1.240.sslip.io:80"
time="2024-05-28T18:03:17.989425648-06:00" level=debug msg="Invoked gptj-python-ltxutuei8pgf9hnybja8.default.192.168.1.240.sslip.io in 11750 usec\n"
time="2024-05-28T18:03:25.483669174-06:00" level=debug msg="Invoking: cartservice-6tlo4eudeqsrdpcuf1wt.default.192.168.1.240.sslip.io:80"
time="2024-05-28T18:03:25.494324345-06:00" level=debug msg="Invoked cartservice-6tlo4eudeqsrdpcuf1wt.default.192.168.1.240.sslip.io in 10664 usec\n"
time="2024-05-28T18:03:32.990112337-06:00" level=debug msg="Invoking: gptj-python-ltxutuei8pgf9hnybja8.default.192.168.1.240.sslip.io:80"
time="2024-05-28T18:03:33.000748151-06:00" level=debug msg="Invoked gptj-python-ltxutuei8pgf9hnybja8.default.192.168.1.240.sslip.io in 10641 usec\n"
time="2024-05-28T18:03:40.4961474-06:00" level=debug msg="Invoking: gptj-python-ltxutuei8pgf9hnybja8.default.192.168.1.240.sslip.io:80"
time="2024-05-28T18:03:40.506669826-06:00" level=debug msg="Invoked gptj-python-ltxutuei8pgf9hnybja8.default.192.168.1.240.sslip.io in 10533 usec\n"
time="2024-05-28T18:03:47.997467228-06:00" level=debug msg="Invoking: gptj-python-ltxutuei8pgf9hnybja8.default.192.168.1.240.sslip.io:80"
time="2024-05-28T18:03:48.007963689-06:00" level=debug msg="Invoked gptj-python-ltxutuei8pgf9hnybja8.default.192.168.1.240.sslip.io in 10506 usec\n"
time="2024-05-28T18:03:55.465666237-06:00" level=debug msg="Minute: 9"
time="2024-05-28T18:03:55.465738688-06:00" level=debug msg="Number of Invocations this iteration: 8"
time="2024-05-28T18:03:55.465812312-06:00" level=debug msg="Invoking: cartservice-6tlo4eudeqsrdpcuf1wt.default.192.168.1.240.sslip.io:80"
time="2024-05-28T18:03:55.479100933-06:00" level=debug msg="Invoked cartservice-6tlo4eudeqsrdpcuf1wt.default.192.168.1.240.sslip.io in 13286 usec\n"
time="2024-05-28T18:04:02.9696574-06:00" level=debug msg="Invoking: gptj-python-ltxutuei8pgf9hnybja8.default.192.168.1.240.sslip.io:80"
time="2024-05-28T18:04:02.980371326-06:00" level=debug msg="Invoked gptj-python-ltxutuei8pgf9hnybja8.default.192.168.1.240.sslip.io in 10724 usec\n"
time="2024-05-28T18:04:10.473750273-06:00" level=debug msg="Invoking: gptj-python-ltxutuei8pgf9hnybja8.default.192.168.1.240.sslip.io:80"
time="2024-05-28T18:04:10.484242169-06:00" level=debug msg="Invoked gptj-python-ltxutuei8pgf9hnybja8.default.192.168.1.240.sslip.io in 10500 usec\n"
time="2024-05-28T18:04:17.977780113-06:00" level=debug msg="Invoking: gptj-python-ltxutuei8pgf9hnybja8.default.192.168.1.240.sslip.io:80"
time="2024-05-28T18:04:17.98848662-06:00" level=debug msg="Invoked gptj-python-ltxutuei8pgf9hnybja8.default.192.168.1.240.sslip.io in 10731 usec\n"
time="2024-05-28T18:04:25.481686395-06:00" level=debug msg="Invoking: cartservice-6tlo4eudeqsrdpcuf1wt.default.192.168.1.240.sslip.io:80"
time="2024-05-28T18:04:25.495966622-06:00" level=debug msg="Invoked cartservice-6tlo4eudeqsrdpcuf1wt.default.192.168.1.240.sslip.io in 14293 usec\n"
time="2024-05-28T18:04:32.985786801-06:00" level=debug msg="Invoking: gptj-python-ltxutuei8pgf9hnybja8.default.192.168.1.240.sslip.io:80"
time="2024-05-28T18:04:32.996296183-06:00" level=debug msg="Invoked gptj-python-ltxutuei8pgf9hnybja8.default.192.168.1.240.sslip.io in 10520 usec\n"
time="2024-05-28T18:04:40.48742488-06:00" level=debug msg="Invoking: gptj-python-ltxutuei8pgf9hnybja8.default.192.168.1.240.sslip.io:80"
time="2024-05-28T18:04:40.499341873-06:00" level=debug msg="Invoked gptj-python-ltxutuei8pgf9hnybja8.default.192.168.1.240.sslip.io in 12766 usec\n"
time="2024-05-28T18:04:47.993747671-06:00" level=debug msg="Invoking: gptj-python-ltxutuei8pgf9hnybja8.default.192.168.1.240.sslip.io:80"
time="2024-05-28T18:04:48.004000369-06:00" level=debug msg="Invoked gptj-python-ltxutuei8pgf9hnybja8.default.192.168.1.240.sslip.io in 10263 usec\n"
time="2024-05-28T18:04:55.465719236-06:00" level=debug msg="Minute: 10"
time="2024-05-28T18:04:55.465863758-06:00" level=debug msg="Number of Invocations this iteration: 8"
time="2024-05-28T18:04:55.465947879-06:00" level=debug msg="Invoking: rnn-serving-python-10-10-q58vo2v1kclvhpvhz69v.default.192.168.1.240.sslip.io:80"
time="2024-05-28T18:05:02.970599059-06:00" level=debug msg="Invoking: gptj-python-ltxutuei8pgf9hnybja8.default.192.168.1.240.sslip.io:80"
time="2024-05-28T18:05:02.981052092-06:00" level=debug msg="Invoked gptj-python-ltxutuei8pgf9hnybja8.default.192.168.1.240.sslip.io in 10466 usec\n"
time="2024-05-28T18:05:04.974335328-06:00" level=debug msg="Invoked rnn-serving-python-10-10-q58vo2v1kclvhpvhz69v.default.192.168.1.240.sslip.io in 9508382 usec\n"
time="2024-05-28T18:05:10.475768489-06:00" level=debug msg="Invoking: gptj-python-ltxutuei8pgf9hnybja8.default.192.168.1.240.sslip.io:80"
time="2024-05-28T18:05:10.486515372-06:00" level=debug msg="Invoked gptj-python-ltxutuei8pgf9hnybja8.default.192.168.1.240.sslip.io in 10756 usec\n"
time="2024-05-28T18:05:17.981688453-06:00" level=debug msg="Invoking: gptj-python-ltxutuei8pgf9hnybja8.default.192.168.1.240.sslip.io:80"
time="2024-05-28T18:05:17.992495999-06:00" level=debug msg="Invoked gptj-python-ltxutuei8pgf9hnybja8.default.192.168.1.240.sslip.io in 10818 usec\n"
time="2024-05-28T18:05:25.485754133-06:00" level=debug msg="Invoking: cartservice-6tlo4eudeqsrdpcuf1wt.default.192.168.1.240.sslip.io:80"
time="2024-05-28T18:05:25.498576149-06:00" level=debug msg="Invoked cartservice-6tlo4eudeqsrdpcuf1wt.default.192.168.1.240.sslip.io in 12832 usec\n"
time="2024-05-28T18:05:32.992942091-06:00" level=debug msg="Invoking: gptj-python-ltxutuei8pgf9hnybja8.default.192.168.1.240.sslip.io:80"
time="2024-05-28T18:05:33.007425079-06:00" level=debug msg="Invoked gptj-python-ltxutuei8pgf9hnybja8.default.192.168.1.240.sslip.io in 14492 usec\n"
time="2024-05-28T18:05:40.497685243-06:00" level=debug msg="Invoking: gptj-python-ltxutuei8pgf9hnybja8.default.192.168.1.240.sslip.io:80"
time="2024-05-28T18:05:40.508194575-06:00" level=debug msg="Invoked gptj-python-ltxutuei8pgf9hnybja8.default.192.168.1.240.sslip.io in 10518 usec\n"
time="2024-05-28T18:05:48.004480918-06:00" level=debug msg="Invoking: gptj-python-ltxutuei8pgf9hnybja8.default.192.168.1.240.sslip.io:80"
time="2024-05-28T18:05:48.015248124-06:00" level=debug msg="Invoked gptj-python-ltxutuei8pgf9hnybja8.default.192.168.1.240.sslip.io in 10777 usec\n"
time="2024-05-28T18:05:55.466071047-06:00" level=debug msg="Minute: 11"
time="2024-05-28T18:05:55.466181626-06:00" level=debug msg="Number of Invocations this iteration: 8"
time="2024-05-28T18:05:55.466283428-06:00" level=debug msg="Invoking: image-rotate-go-6-f5hdmou9j9711et4ku04.default.192.168.1.240.sslip.io:80"
time="2024-05-28T18:06:02.971709204-06:00" level=debug msg="Invoking: gptj-python-ltxutuei8pgf9hnybja8.default.192.168.1.240.sslip.io:80"
time="2024-05-28T18:06:02.982393144-06:00" level=debug msg="Invoked gptj-python-ltxutuei8pgf9hnybja8.default.192.168.1.240.sslip.io in 10693 usec\n"
time="2024-05-28T18:06:10.477696074-06:00" level=debug msg="Invoking: gptj-python-ltxutuei8pgf9hnybja8.default.192.168.1.240.sslip.io:80"
time="2024-05-28T18:06:10.488086375-06:00" level=debug msg="Invoked gptj-python-ltxutuei8pgf9hnybja8.default.192.168.1.240.sslip.io in 10403 usec\n"
time="2024-05-28T18:06:12.587433648-06:00" level=debug msg="Invoked image-rotate-go-6-f5hdmou9j9711et4ku04.default.192.168.1.240.sslip.io in 17121148 usec\n"
time="2024-05-28T18:06:17.981887113-06:00" level=debug msg="Invoking: gptj-python-ltxutuei8pgf9hnybja8.default.192.168.1.240.sslip.io:80"
time="2024-05-28T18:06:17.992200029-06:00" level=debug msg="Invoked gptj-python-ltxutuei8pgf9hnybja8.default.192.168.1.240.sslip.io in 10322 usec\n"
time="2024-05-28T18:06:25.486419972-06:00" level=debug msg="Invoking: cartservice-6tlo4eudeqsrdpcuf1wt.default.192.168.1.240.sslip.io:80"
time="2024-05-28T18:06:25.499859912-06:00" level=debug msg="Invoked cartservice-6tlo4eudeqsrdpcuf1wt.default.192.168.1.240.sslip.io in 13448 usec\n"
time="2024-05-28T18:06:32.989729813-06:00" level=debug msg="Invoking: gptj-python-ltxutuei8pgf9hnybja8.default.192.168.1.240.sslip.io:80"
time="2024-05-28T18:06:33.001384964-06:00" level=debug msg="Invoked gptj-python-ltxutuei8pgf9hnybja8.default.192.168.1.240.sslip.io in 11666 usec\n"
time="2024-05-28T18:06:40.48991065-06:00" level=debug msg="Invoking: gptj-python-ltxutuei8pgf9hnybja8.default.192.168.1.240.sslip.io:80"
time="2024-05-28T18:06:40.501449065-06:00" level=debug msg="Invoked gptj-python-ltxutuei8pgf9hnybja8.default.192.168.1.240.sslip.io in 11547 usec\n"
time="2024-05-28T18:06:47.993760361-06:00" level=debug msg="Invoking: gptj-python-ltxutuei8pgf9hnybja8.default.192.168.1.240.sslip.io:80"
time="2024-05-28T18:06:48.004197322-06:00" level=debug msg="Invoked gptj-python-ltxutuei8pgf9hnybja8.default.192.168.1.240.sslip.io in 10468 usec\n"
time="2024-05-28T18:06:55.465743099-06:00" level=debug msg="Minute: 12"
time="2024-05-28T18:06:55.465889521-06:00" level=debug msg="Number of Invocations this iteration: 8"
time="2024-05-28T18:06:55.465974847-06:00" level=debug msg="Invoking: cartservice-6tlo4eudeqsrdpcuf1wt.default.192.168.1.240.sslip.io:80"
time="2024-05-28T18:06:55.479110744-06:00" level=debug msg="Invoked cartservice-6tlo4eudeqsrdpcuf1wt.default.192.168.1.240.sslip.io in 13135 usec\n"
time="2024-05-28T18:07:02.969727627-06:00" level=debug msg="Invoking: gptj-python-ltxutuei8pgf9hnybja8.default.192.168.1.240.sslip.io:80"
time="2024-05-28T18:07:02.980242689-06:00" level=debug msg="Invoked gptj-python-ltxutuei8pgf9hnybja8.default.192.168.1.240.sslip.io in 10522 usec\n"
time="2024-05-28T18:07:10.473696224-06:00" level=debug msg="Invoking: gptj-python-ltxutuei8pgf9hnybja8.default.192.168.1.240.sslip.io:80"
time="2024-05-28T18:07:10.48525319-06:00" level=debug msg="Invoked gptj-python-ltxutuei8pgf9hnybja8.default.192.168.1.240.sslip.io in 11570 usec\n"
time="2024-05-28T18:07:17.977765018-06:00" level=debug msg="Invoking: gptj-python-ltxutuei8pgf9hnybja8.default.192.168.1.240.sslip.io:80"
time="2024-05-28T18:07:17.988919443-06:00" level=debug msg="Invoked gptj-python-ltxutuei8pgf9hnybja8.default.192.168.1.240.sslip.io in 11169 usec\n"
time="2024-05-28T18:07:25.481712579-06:00" level=debug msg="Invoking: cartservice-6tlo4eudeqsrdpcuf1wt.default.192.168.1.240.sslip.io:80"
time="2024-05-28T18:07:25.493217859-06:00" level=debug msg="Invoked cartservice-6tlo4eudeqsrdpcuf1wt.default.192.168.1.240.sslip.io in 11534 usec\n"
time="2024-05-28T18:07:32.986750877-06:00" level=debug msg="Invoking: gptj-python-ltxutuei8pgf9hnybja8.default.192.168.1.240.sslip.io:80"
time="2024-05-28T18:07:32.996850789-06:00" level=debug msg="Invoked gptj-python-ltxutuei8pgf9hnybja8.default.192.168.1.240.sslip.io in 10108 usec\n"
time="2024-05-28T18:07:40.494166017-06:00" level=debug msg="Invoking: gptj-python-ltxutuei8pgf9hnybja8.default.192.168.1.240.sslip.io:80"
time="2024-05-28T18:07:40.505011041-06:00" level=debug msg="Invoked gptj-python-ltxutuei8pgf9hnybja8.default.192.168.1.240.sslip.io in 10855 usec\n"
time="2024-05-28T18:07:47.997701907-06:00" level=debug msg="Invoking: gptj-python-ltxutuei8pgf9hnybja8.default.192.168.1.240.sslip.io:80"
time="2024-05-28T18:07:48.007274799-06:00" level=debug msg="Invoked gptj-python-ltxutuei8pgf9hnybja8.default.192.168.1.240.sslip.io in 9579 usec\n"
time="2024-05-28T18:07:55.466306444-06:00" level=debug msg="Minute: 13"
time="2024-05-28T18:07:55.466399412-06:00" level=debug msg="Number of Invocations this iteration: 8"
time="2024-05-28T18:07:55.466497907-06:00" level=debug msg="Invoking: cartservice-6tlo4eudeqsrdpcuf1wt.default.192.168.1.240.sslip.io:80"
time="2024-05-28T18:07:55.482595866-06:00" level=debug msg="Invoked cartservice-6tlo4eudeqsrdpcuf1wt.default.192.168.1.240.sslip.io in 16095 usec\n"
time="2024-05-28T18:08:02.973662071-06:00" level=debug msg="Invoking: gptj-python-ltxutuei8pgf9hnybja8.default.192.168.1.240.sslip.io:80"
time="2024-05-28T18:08:02.985566734-06:00" level=debug msg="Invoked gptj-python-ltxutuei8pgf9hnybja8.default.192.168.1.240.sslip.io in 11913 usec\n"
time="2024-05-28T18:08:10.477713504-06:00" level=debug msg="Invoking: gptj-python-ltxutuei8pgf9hnybja8.default.192.168.1.240.sslip.io:80"
time="2024-05-28T18:08:10.488333025-06:00" level=debug msg="Invoked gptj-python-ltxutuei8pgf9hnybja8.default.192.168.1.240.sslip.io in 10630 usec\n"
time="2024-05-28T18:08:17.981725961-06:00" level=debug msg="Invoking: gptj-python-ltxutuei8pgf9hnybja8.default.192.168.1.240.sslip.io:80"
time="2024-05-28T18:08:17.992441643-06:00" level=debug msg="Invoked gptj-python-ltxutuei8pgf9hnybja8.default.192.168.1.240.sslip.io in 10726 usec\n"
time="2024-05-28T18:08:25.485783875-06:00" level=debug msg="Invoking: cartservice-6tlo4eudeqsrdpcuf1wt.default.192.168.1.240.sslip.io:80"
time="2024-05-28T18:08:25.499052708-06:00" level=debug msg="Invoked cartservice-6tlo4eudeqsrdpcuf1wt.default.192.168.1.240.sslip.io in 13314 usec\n"
time="2024-05-28T18:08:32.99012475-06:00" level=debug msg="Invoking: gptj-python-ltxutuei8pgf9hnybja8.default.192.168.1.240.sslip.io:80"
time="2024-05-28T18:08:33.000569294-06:00" level=debug msg="Invoked gptj-python-ltxutuei8pgf9hnybja8.default.192.168.1.240.sslip.io in 10455 usec\n"
time="2024-05-28T18:08:40.491861156-06:00" level=debug msg="Invoking: gptj-python-ltxutuei8pgf9hnybja8.default.192.168.1.240.sslip.io:80"
time="2024-05-28T18:08:40.503160839-06:00" level=debug msg="Invoked gptj-python-ltxutuei8pgf9hnybja8.default.192.168.1.240.sslip.io in 11458 usec\n"
time="2024-05-28T18:08:47.998424926-06:00" level=debug msg="Invoking: gptj-python-ltxutuei8pgf9hnybja8.default.192.168.1.240.sslip.io:80"
time="2024-05-28T18:08:48.008632623-06:00" level=debug msg="Invoked gptj-python-ltxutuei8pgf9hnybja8.default.192.168.1.240.sslip.io in 10219 usec\n"
time="2024-05-28T18:08:55.465662768-06:00" level=info msg="Experiment Phase Completed"
time="2024-05-28T18:08:55.4658129-06:00" level=info msg="Issued / completed requests: 112, 112"
time="2024-05-28T18:08:55.465847895-06:00" level=info msg="Average Real RPS: 0.13 "
time="2024-05-28T18:08:55.465873011-06:00" level=info msg="Experiment finished!"
time="2024-05-28T18:08:55.465899352-06:00" level=info msg="The measured latencies are saved in rps_lat.csv"
