time="2024-05-28T22:38:13.882481137-06:00" level=info msg="Reading the endpoints from the file: video-analytics-standalone-python-10-300/endpoints.json"
time="2024-05-28T22:39:55.757760429-06:00" level=warning msg="Failed to invoke video-analytics-standalone-python-10-wg8um6e.default.192.168.1.240.sslip.io:80, err=rpc error: code = Unimplemented desc = "
time="2024-05-28T22:40:10.666998155-06:00" level=warning msg="Failed to invoke video-analytics-standalone-python-10-wg8um6e.default.192.168.1.240.sslip.io:80, err=rpc error: code = Unimplemented desc = "
time="2024-05-28T22:40:25.573329707-06:00" level=warning msg="Failed to invoke video-analytics-standalone-python-10-wg8um6e.default.192.168.1.240.sslip.io:80, err=rpc error: code = Unimplemented desc = "
time="2024-05-28T22:40:40.4810128-06:00" level=warning msg="Failed to invoke video-analytics-standalone-python-10-wg8um6e.default.192.168.1.240.sslip.io:80, err=rpc error: code = Unimplemented desc = "
time="2024-05-28T22:40:55.386004278-06:00" level=warning msg="Failed to invoke video-analytics-standalone-python-10-wg8um6e.default.192.168.1.240.sslip.io:80, err=rpc error: code = Unimplemented desc = "
time="2024-05-28T22:41:10.293362845-06:00" level=warning msg="Failed to invoke video-analytics-standalone-python-10-wg8um6e.default.192.168.1.240.sslip.io:80, err=rpc error: code = Unimplemented desc = "
time="2024-05-28T22:41:25.201785039-06:00" level=warning msg="Failed to invoke video-analytics-standalone-python-10-wg8um6e.default.192.168.1.240.sslip.io:80, err=rpc error: code = Unimplemented desc = "
time="2024-05-28T22:41:40.102258369-06:00" level=warning msg="Failed to invoke video-analytics-standalone-python-10-wg8um6e.default.192.168.1.240.sslip.io:80, err=rpc error: code = Unimplemented desc = "
time="2024-05-28T22:41:55.00621785-06:00" level=warning msg="Failed to invoke video-analytics-standalone-python-10-wg8um6e.default.192.168.1.240.sslip.io:80, err=rpc error: code = Unimplemented desc = "
time="2024-05-28T22:42:09.919108376-06:00" level=warning msg="Failed to invoke video-analytics-standalone-python-10-wg8um6e.default.192.168.1.240.sslip.io:80, err=rpc error: code = Unimplemented desc = "
time="2024-05-28T22:42:24.828237619-06:00" level=warning msg="Failed to invoke video-analytics-standalone-python-10-wg8um6e.default.192.168.1.240.sslip.io:80, err=rpc error: code = Unimplemented desc = "
time="2024-05-28T22:42:39.73132215-06:00" level=warning msg="Failed to invoke video-analytics-standalone-python-10-wg8um6e.default.192.168.1.240.sslip.io:80, err=rpc error: code = Unimplemented desc = "
time="2024-05-28T22:42:54.637578028-06:00" level=warning msg="Failed to invoke video-analytics-standalone-python-10-wg8um6e.default.192.168.1.240.sslip.io:80, err=rpc error: code = Unimplemented desc = "
time="2024-05-28T22:43:09.541976226-06:00" level=warning msg="Failed to invoke video-analytics-standalone-python-10-wg8um6e.default.192.168.1.240.sslip.io:80, err=rpc error: code = Unimplemented desc = "
time="2024-05-28T22:43:24.436166937-06:00" level=warning msg="Failed to invoke video-analytics-standalone-python-10-wg8um6e.default.192.168.1.240.sslip.io:80, err=rpc error: code = Unimplemented desc = "
time="2024-05-28T22:43:39.342044593-06:00" level=warning msg="Failed to invoke video-analytics-standalone-python-10-wg8um6e.default.192.168.1.240.sslip.io:80, err=rpc error: code = Unimplemented desc = "
time="2024-05-28T22:43:54.26230822-06:00" level=warning msg="Failed to invoke video-analytics-standalone-python-10-wg8um6e.default.192.168.1.240.sslip.io:80, err=rpc error: code = Unimplemented desc = "
time="2024-05-28T22:44:09.167449048-06:00" level=warning msg="Failed to invoke video-analytics-standalone-python-10-wg8um6e.default.192.168.1.240.sslip.io:80, err=rpc error: code = Unimplemented desc = "
time="2024-05-28T22:44:24.073460364-06:00" level=warning msg="Failed to invoke video-analytics-standalone-python-10-wg8um6e.default.192.168.1.240.sslip.io:80, err=rpc error: code = Unimplemented desc = "
time="2024-05-28T22:44:38.97603563-06:00" level=warning msg="Failed to invoke video-analytics-standalone-python-10-wg8um6e.default.192.168.1.240.sslip.io:80, err=rpc error: code = Unimplemented desc = "
time="2024-05-28T22:44:53.885862648-06:00" level=warning msg="Failed to invoke video-analytics-standalone-python-10-wg8um6e.default.192.168.1.240.sslip.io:80, err=rpc error: code = Unimplemented desc = "
time="2024-05-28T22:45:08.7954605-06:00" level=warning msg="Failed to invoke video-analytics-standalone-python-10-wg8um6e.default.192.168.1.240.sslip.io:80, err=rpc error: code = Unimplemented desc = "
time="2024-05-28T22:45:23.700200752-06:00" level=warning msg="Failed to invoke video-analytics-standalone-python-10-wg8um6e.default.192.168.1.240.sslip.io:80, err=rpc error: code = Unimplemented desc = "
time="2024-05-28T22:45:38.594548248-06:00" level=warning msg="Failed to invoke video-analytics-standalone-python-10-wg8um6e.default.192.168.1.240.sslip.io:80, err=rpc error: code = Unimplemented desc = "
time="2024-05-28T22:45:53.51758722-06:00" level=warning msg="Failed to invoke video-analytics-standalone-python-10-wg8um6e.default.192.168.1.240.sslip.io:80, err=rpc error: code = Unimplemented desc = "
time="2024-05-28T22:46:08.418251397-06:00" level=warning msg="Failed to invoke video-analytics-standalone-python-10-wg8um6e.default.192.168.1.240.sslip.io:80, err=rpc error: code = Unimplemented desc = "
time="2024-05-28T22:46:23.327091422-06:00" level=warning msg="Failed to invoke video-analytics-standalone-python-10-wg8um6e.default.192.168.1.240.sslip.io:80, err=rpc error: code = Unimplemented desc = "
time="2024-05-28T22:46:38.229809709-06:00" level=warning msg="Failed to invoke video-analytics-standalone-python-10-wg8um6e.default.192.168.1.240.sslip.io:80, err=rpc error: code = Unimplemented desc = "
time="2024-05-28T22:46:53.139121685-06:00" level=warning msg="Failed to invoke video-analytics-standalone-python-10-wg8um6e.default.192.168.1.240.sslip.io:80, err=rpc error: code = Unimplemented desc = "
time="2024-05-28T22:47:08.046186742-06:00" level=warning msg="Failed to invoke video-analytics-standalone-python-10-wg8um6e.default.192.168.1.240.sslip.io:80, err=rpc error: code = Unimplemented desc = "
time="2024-05-28T22:47:22.94977905-06:00" level=warning msg="Failed to invoke video-analytics-standalone-python-10-wg8um6e.default.192.168.1.240.sslip.io:80, err=rpc error: code = Unimplemented desc = "
time="2024-05-28T22:47:37.858135859-06:00" level=warning msg="Failed to invoke video-analytics-standalone-python-10-wg8um6e.default.192.168.1.240.sslip.io:80, err=rpc error: code = Unimplemented desc = "
time="2024-05-28T22:47:52.769042423-06:00" level=warning msg="Failed to invoke video-analytics-standalone-python-10-wg8um6e.default.192.168.1.240.sslip.io:80, err=rpc error: code = Unimplemented desc = "
time="2024-05-28T22:48:07.676034979-06:00" level=warning msg="Failed to invoke video-analytics-standalone-python-10-wg8um6e.default.192.168.1.240.sslip.io:80, err=rpc error: code = Unimplemented desc = "
time="2024-05-28T22:48:22.577846865-06:00" level=warning msg="Failed to invoke video-analytics-standalone-python-10-wg8um6e.default.192.168.1.240.sslip.io:80, err=rpc error: code = Unimplemented desc = "
time="2024-05-28T22:48:37.504309702-06:00" level=warning msg="Failed to invoke video-analytics-standalone-python-10-wg8um6e.default.192.168.1.240.sslip.io:80, err=rpc error: code = Unimplemented desc = "
time="2024-05-28T22:48:52.385740811-06:00" level=warning msg="Failed to invoke video-analytics-standalone-python-10-wg8um6e.default.192.168.1.240.sslip.io:80, err=rpc error: code = Unimplemented desc = "
time="2024-05-28T22:49:07.297303931-06:00" level=warning msg="Failed to invoke video-analytics-standalone-python-10-wg8um6e.default.192.168.1.240.sslip.io:80, err=rpc error: code = Unimplemented desc = "
time="2024-05-28T22:49:22.208470388-06:00" level=warning msg="Failed to invoke video-analytics-standalone-python-10-wg8um6e.default.192.168.1.240.sslip.io:80, err=rpc error: code = Unimplemented desc = "
time="2024-05-28T22:49:37.111621839-06:00" level=warning msg="Failed to invoke video-analytics-standalone-python-10-wg8um6e.default.192.168.1.240.sslip.io:80, err=rpc error: code = Unimplemented desc = "
time="2024-05-28T22:49:52.016886308-06:00" level=warning msg="Failed to invoke video-analytics-standalone-python-10-wg8um6e.default.192.168.1.240.sslip.io:80, err=rpc error: code = Unimplemented desc = "
time="2024-05-28T22:50:06.910009626-06:00" level=warning msg="Failed to invoke video-analytics-standalone-python-10-wg8um6e.default.192.168.1.240.sslip.io:80, err=rpc error: code = Unimplemented desc = "
time="2024-05-28T22:50:21.823520297-06:00" level=warning msg="Failed to invoke video-analytics-standalone-python-10-wg8um6e.default.192.168.1.240.sslip.io:80, err=rpc error: code = Unimplemented desc = "
time="2024-05-28T22:50:36.734031174-06:00" level=warning msg="Failed to invoke video-analytics-standalone-python-10-wg8um6e.default.192.168.1.240.sslip.io:80, err=rpc error: code = Unimplemented desc = "
time="2024-05-28T22:50:51.64427512-06:00" level=warning msg="Failed to invoke video-analytics-standalone-python-10-wg8um6e.default.192.168.1.240.sslip.io:80, err=rpc error: code = Unimplemented desc = "
time="2024-05-28T22:51:06.545725265-06:00" level=warning msg="Failed to invoke video-analytics-standalone-python-10-wg8um6e.default.192.168.1.240.sslip.io:80, err=rpc error: code = Unimplemented desc = "
time="2024-05-28T22:51:21.455148617-06:00" level=warning msg="Failed to invoke video-analytics-standalone-python-10-wg8um6e.default.192.168.1.240.sslip.io:80, err=rpc error: code = Unimplemented desc = "
time="2024-05-28T22:51:26.308967325-06:00" level=info msg="Issued / completed requests: 53, 7"
time="2024-05-28T22:51:26.309021025-06:00" level=info msg="Real / target RPS: 0.01 / 0.2"
time="2024-05-28T22:51:26.309030851-06:00" level=info msg="Experiment finished!"
time="2024-05-28T22:51:26.309040877-06:00" level=info msg="The measured latencies are saved in video-analytics-standalone-python-10-300/lat.txt"
time="2024-05-28T22:51:26.309159722-06:00" level=info msg="The measured function durations are saved in video-analytics-standalone-python-10-300/dur.txt"
