time="2024-05-28T19:31:54.986113876-06:00" level=debug msg="Debug logging is enabled"
time="2024-05-28T19:31:54.986311413-06:00" level=info msg="Reading the trace endpoints from the file: /users/ArunAMS/vSwarm/tools/load-generator/load.json"
time="2024-05-28T19:31:54.988029802-06:00" level=info msg="Warmup Duration: 3"
time="2024-05-28T19:31:54.98806071-06:00" level=info msg="Experiment Duration: 11"
time="2024-05-28T19:31:54.988085691-06:00" level=info msg="Minute Granularity: true"
time="2024-05-28T19:32:55.04547245-06:00" level=info msg="Running Warmup Phase"
time="2024-05-28T19:32:55.045544987-06:00" level=debug msg="Minute: 0"
time="2024-05-28T19:32:55.045619048-06:00" level=debug msg="Number of Invocations this iteration: 8"
time="2024-05-28T19:32:55.045722343-06:00" level=debug msg="Invoking: cartservice-4mf3mt3nhec7292n4auc.default.192.168.1.240.sslip.io:80"
time="2024-05-28T19:33:02.549429744-06:00" level=debug msg="Invoking: gptj-python-lzhfozkltzapbnmdvqdz.default.192.168.1.240.sslip.io:80"
time="2024-05-28T19:33:10.054721147-06:00" level=debug msg="Invoking: gptj-python-lzhfozkltzapbnmdvqdz.default.192.168.1.240.sslip.io:80"
time="2024-05-28T19:33:17.561498003-06:00" level=debug msg="Invoking: gptj-python-lzhfozkltzapbnmdvqdz.default.192.168.1.240.sslip.io:80"
time="2024-05-28T19:33:25.066465768-06:00" level=debug msg="Invoking: cartservice-4mf3mt3nhec7292n4auc.default.192.168.1.240.sslip.io:80"
time="2024-05-28T19:33:32.573436031-06:00" level=debug msg="Invoking: gptj-python-lzhfozkltzapbnmdvqdz.default.192.168.1.240.sslip.io:80"
time="2024-05-28T19:33:40.078156291-06:00" level=debug msg="Invoking: gptj-python-lzhfozkltzapbnmdvqdz.default.192.168.1.240.sslip.io:80"
time="2024-05-28T19:33:47.581429018-06:00" level=debug msg="Invoking: gptj-python-lzhfozkltzapbnmdvqdz.default.192.168.1.240.sslip.io:80"
time="2024-05-28T19:33:54.993402087-06:00" level=debug msg="Minute: 1"
time="2024-05-28T19:33:54.993458872-06:00" level=debug msg="Number of Invocations this iteration: 8"
time="2024-05-28T19:33:54.993497718-06:00" level=debug msg="Invoking: image-rotate-go-6-c2ml8qo1z2f9u8lrxdof.default.192.168.1.240.sslip.io:80"
time="2024-05-28T19:34:02.49884245-06:00" level=debug msg="Invoking: gptj-python-lzhfozkltzapbnmdvqdz.default.192.168.1.240.sslip.io:80"
time="2024-05-28T19:34:10.001008017-06:00" level=debug msg="Invoking: gptj-python-lzhfozkltzapbnmdvqdz.default.192.168.1.240.sslip.io:80"
time="2024-05-28T19:34:17.507859681-06:00" level=debug msg="Invoking: gptj-python-lzhfozkltzapbnmdvqdz.default.192.168.1.240.sslip.io:80"
time="2024-05-28T19:34:25.013519346-06:00" level=debug msg="Invoking: cartservice-4mf3mt3nhec7292n4auc.default.192.168.1.240.sslip.io:80"
time="2024-05-28T19:34:32.517422343-06:00" level=debug msg="Invoking: gptj-python-lzhfozkltzapbnmdvqdz.default.192.168.1.240.sslip.io:80"
time="2024-05-28T19:34:40.020030635-06:00" level=debug msg="Invoking: gptj-python-lzhfozkltzapbnmdvqdz.default.192.168.1.240.sslip.io:80"
time="2024-05-28T19:34:47.526427598-06:00" level=debug msg="Invoking: gptj-python-lzhfozkltzapbnmdvqdz.default.192.168.1.240.sslip.io:80"
time="2024-05-28T19:34:54.993423238-06:00" level=debug msg="Minute: 2"
time="2024-05-28T19:34:54.993517516-06:00" level=debug msg="Number of Invocations this iteration: 8"
time="2024-05-28T19:34:54.993604414-06:00" level=debug msg="Invoking: cartservice-4mf3mt3nhec7292n4auc.default.192.168.1.240.sslip.io:80"
time="2024-05-28T19:35:02.497460378-06:00" level=debug msg="Invoking: gptj-python-lzhfozkltzapbnmdvqdz.default.192.168.1.240.sslip.io:80"
time="2024-05-28T19:35:10.004172671-06:00" level=debug msg="Invoking: gptj-python-lzhfozkltzapbnmdvqdz.default.192.168.1.240.sslip.io:80"
time="2024-05-28T19:35:17.509449151-06:00" level=debug msg="Invoking: gptj-python-lzhfozkltzapbnmdvqdz.default.192.168.1.240.sslip.io:80"
time="2024-05-28T19:35:25.01351548-06:00" level=debug msg="Invoking: cartservice-4mf3mt3nhec7292n4auc.default.192.168.1.240.sslip.io:80"
time="2024-05-28T19:35:32.517507491-06:00" level=debug msg="Invoking: gptj-python-lzhfozkltzapbnmdvqdz.default.192.168.1.240.sslip.io:80"
time="2024-05-28T19:35:40.021488789-06:00" level=debug msg="Invoking: gptj-python-lzhfozkltzapbnmdvqdz.default.192.168.1.240.sslip.io:80"
time="2024-05-28T19:35:47.525423483-06:00" level=debug msg="Invoking: gptj-python-lzhfozkltzapbnmdvqdz.default.192.168.1.240.sslip.io:80"
time="2024-05-28T19:35:54.993465983-06:00" level=info msg="Warmup Phase Completed"
time="2024-05-28T19:35:54.993551001-06:00" level=info msg="Running Experiment Phase"
time="2024-05-28T19:35:54.993580397-06:00" level=debug msg="Minute: 3"
time="2024-05-28T19:35:54.993635371-06:00" level=debug msg="Number of Invocations this iteration: 8"
time="2024-05-28T19:35:54.993757048-06:00" level=debug msg="Invoking: cartservice-4mf3mt3nhec7292n4auc.default.192.168.1.240.sslip.io:80"
time="2024-05-28T19:35:55.008101637-06:00" level=debug msg="Invoked cartservice-4mf3mt3nhec7292n4auc.default.192.168.1.240.sslip.io in 14341 usec\n"
time="2024-05-28T19:36:02.497414921-06:00" level=debug msg="Invoking: gptj-python-lzhfozkltzapbnmdvqdz.default.192.168.1.240.sslip.io:80"
time="2024-05-28T19:36:02.507308759-06:00" level=debug msg="Invoked gptj-python-lzhfozkltzapbnmdvqdz.default.192.168.1.240.sslip.io in 9901 usec\n"
time="2024-05-28T19:36:10.004778338-06:00" level=debug msg="Invoking: gptj-python-lzhfozkltzapbnmdvqdz.default.192.168.1.240.sslip.io:80"
time="2024-05-28T19:36:10.015322028-06:00" level=debug msg="Invoked gptj-python-lzhfozkltzapbnmdvqdz.default.192.168.1.240.sslip.io in 10575 usec\n"
time="2024-05-28T19:36:17.509483245-06:00" level=debug msg="Invoking: gptj-python-lzhfozkltzapbnmdvqdz.default.192.168.1.240.sslip.io:80"
time="2024-05-28T19:36:17.520771449-06:00" level=debug msg="Invoked gptj-python-lzhfozkltzapbnmdvqdz.default.192.168.1.240.sslip.io in 11333 usec\n"
time="2024-05-28T19:36:25.009737108-06:00" level=debug msg="Invoking: cartservice-4mf3mt3nhec7292n4auc.default.192.168.1.240.sslip.io:80"
time="2024-05-28T19:36:25.022276422-06:00" level=debug msg="Invoked cartservice-4mf3mt3nhec7292n4auc.default.192.168.1.240.sslip.io in 12660 usec\n"
time="2024-05-28T19:36:32.51569727-06:00" level=debug msg="Invoking: gptj-python-lzhfozkltzapbnmdvqdz.default.192.168.1.240.sslip.io:80"
time="2024-05-28T19:36:32.524614717-06:00" level=debug msg="Invoked gptj-python-lzhfozkltzapbnmdvqdz.default.192.168.1.240.sslip.io in 8921 usec\n"
time="2024-05-28T19:36:40.021463234-06:00" level=debug msg="Invoking: gptj-python-lzhfozkltzapbnmdvqdz.default.192.168.1.240.sslip.io:80"
time="2024-05-28T19:36:40.031918988-06:00" level=debug msg="Invoked gptj-python-lzhfozkltzapbnmdvqdz.default.192.168.1.240.sslip.io in 10468 usec\n"
time="2024-05-28T19:36:47.525456695-06:00" level=debug msg="Invoking: gptj-python-lzhfozkltzapbnmdvqdz.default.192.168.1.240.sslip.io:80"
time="2024-05-28T19:36:47.538523596-06:00" level=debug msg="Invoked gptj-python-lzhfozkltzapbnmdvqdz.default.192.168.1.240.sslip.io in 13079 usec\n"
time="2024-05-28T19:36:54.993517403-06:00" level=debug msg="Minute: 4"
time="2024-05-28T19:36:54.993623205-06:00" level=debug msg="Number of Invocations this iteration: 8"
time="2024-05-28T19:36:54.993720819-06:00" level=debug msg="Invoking: rnn-serving-python-10-10-onhziiug1s82ooyds1gs.default.192.168.1.240.sslip.io:80"
time="2024-05-28T19:37:01.822398901-06:00" level=debug msg="Invoked rnn-serving-python-10-10-onhziiug1s82ooyds1gs.default.192.168.1.240.sslip.io in 6828675 usec\n"
time="2024-05-28T19:37:02.494551678-06:00" level=debug msg="Invoking: gptj-python-lzhfozkltzapbnmdvqdz.default.192.168.1.240.sslip.io:80"
time="2024-05-28T19:37:02.504246925-06:00" level=debug msg="Invoked gptj-python-lzhfozkltzapbnmdvqdz.default.192.168.1.240.sslip.io in 9728 usec\n"
time="2024-05-28T19:37:10.001516111-06:00" level=debug msg="Invoking: gptj-python-lzhfozkltzapbnmdvqdz.default.192.168.1.240.sslip.io:80"
time="2024-05-28T19:37:10.012236511-06:00" level=debug msg="Invoked gptj-python-lzhfozkltzapbnmdvqdz.default.192.168.1.240.sslip.io in 10733 usec\n"
time="2024-05-28T19:37:17.507144237-06:00" level=debug msg="Invoking: gptj-python-lzhfozkltzapbnmdvqdz.default.192.168.1.240.sslip.io:80"
time="2024-05-28T19:37:17.519235584-06:00" level=debug msg="Invoked gptj-python-lzhfozkltzapbnmdvqdz.default.192.168.1.240.sslip.io in 12102 usec\n"
time="2024-05-28T19:37:25.013500566-06:00" level=debug msg="Invoking: cartservice-4mf3mt3nhec7292n4auc.default.192.168.1.240.sslip.io:80"
time="2024-05-28T19:37:25.026734134-06:00" level=debug msg="Invoked cartservice-4mf3mt3nhec7292n4auc.default.192.168.1.240.sslip.io in 13246 usec\n"
time="2024-05-28T19:37:32.517466042-06:00" level=debug msg="Invoking: gptj-python-lzhfozkltzapbnmdvqdz.default.192.168.1.240.sslip.io:80"
time="2024-05-28T19:37:32.527381252-06:00" level=debug msg="Invoked gptj-python-lzhfozkltzapbnmdvqdz.default.192.168.1.240.sslip.io in 9945 usec\n"
time="2024-05-28T19:37:40.021504668-06:00" level=debug msg="Invoking: gptj-python-lzhfozkltzapbnmdvqdz.default.192.168.1.240.sslip.io:80"
time="2024-05-28T19:37:40.031549302-06:00" level=debug msg="Invoked gptj-python-lzhfozkltzapbnmdvqdz.default.192.168.1.240.sslip.io in 10058 usec\n"
time="2024-05-28T19:37:47.52543033-06:00" level=debug msg="Invoking: gptj-python-lzhfozkltzapbnmdvqdz.default.192.168.1.240.sslip.io:80"
time="2024-05-28T19:37:47.536102506-06:00" level=debug msg="Invoked gptj-python-lzhfozkltzapbnmdvqdz.default.192.168.1.240.sslip.io in 10683 usec\n"
time="2024-05-28T19:37:54.994150969-06:00" level=debug msg="Minute: 5"
time="2024-05-28T19:37:54.994253781-06:00" level=debug msg="Number of Invocations this iteration: 8"
time="2024-05-28T19:37:54.994349482-06:00" level=debug msg="Invoking: cartservice-4mf3mt3nhec7292n4auc.default.192.168.1.240.sslip.io:80"
time="2024-05-28T19:37:55.007636121-06:00" level=debug msg="Invoked cartservice-4mf3mt3nhec7292n4auc.default.192.168.1.240.sslip.io in 13284 usec\n"
time="2024-05-28T19:38:02.501581523-06:00" level=debug msg="Invoking: gptj-python-lzhfozkltzapbnmdvqdz.default.192.168.1.240.sslip.io:80"
time="2024-05-28T19:38:02.510805915-06:00" level=debug msg="Invoked gptj-python-lzhfozkltzapbnmdvqdz.default.192.168.1.240.sslip.io in 9235 usec\n"
time="2024-05-28T19:38:10.006470498-06:00" level=debug msg="Invoking: gptj-python-lzhfozkltzapbnmdvqdz.default.192.168.1.240.sslip.io:80"
time="2024-05-28T19:38:10.016532595-06:00" level=debug msg="Invoked gptj-python-lzhfozkltzapbnmdvqdz.default.192.168.1.240.sslip.io in 10072 usec\n"
time="2024-05-28T19:38:17.513432841-06:00" level=debug msg="Invoking: gptj-python-lzhfozkltzapbnmdvqdz.default.192.168.1.240.sslip.io:80"
time="2024-05-28T19:38:17.525008949-06:00" level=debug msg="Invoked gptj-python-lzhfozkltzapbnmdvqdz.default.192.168.1.240.sslip.io in 11563 usec\n"
time="2024-05-28T19:38:25.013894815-06:00" level=debug msg="Invoking: cartservice-4mf3mt3nhec7292n4auc.default.192.168.1.240.sslip.io:80"
time="2024-05-28T19:38:25.026828238-06:00" level=debug msg="Invoked cartservice-4mf3mt3nhec7292n4auc.default.192.168.1.240.sslip.io in 12956 usec\n"
time="2024-05-28T19:38:32.520264351-06:00" level=debug msg="Invoking: gptj-python-lzhfozkltzapbnmdvqdz.default.192.168.1.240.sslip.io:80"
time="2024-05-28T19:38:32.529741125-06:00" level=debug msg="Invoked gptj-python-lzhfozkltzapbnmdvqdz.default.192.168.1.240.sslip.io in 9493 usec\n"
time="2024-05-28T19:38:40.025520848-06:00" level=debug msg="Invoking: gptj-python-lzhfozkltzapbnmdvqdz.default.192.168.1.240.sslip.io:80"
time="2024-05-28T19:38:40.036332531-06:00" level=debug msg="Invoked gptj-python-lzhfozkltzapbnmdvqdz.default.192.168.1.240.sslip.io in 10820 usec\n"
time="2024-05-28T19:38:47.529433831-06:00" level=debug msg="Invoking: gptj-python-lzhfozkltzapbnmdvqdz.default.192.168.1.240.sslip.io:80"
time="2024-05-28T19:38:47.539699652-06:00" level=debug msg="Invoked gptj-python-lzhfozkltzapbnmdvqdz.default.192.168.1.240.sslip.io in 10277 usec\n"
time="2024-05-28T19:38:54.993470582-06:00" level=debug msg="Minute: 6"
time="2024-05-28T19:38:54.993581317-06:00" level=debug msg="Number of Invocations this iteration: 8"
time="2024-05-28T19:38:54.99367766-06:00" level=debug msg="Invoking: image-rotate-go-6-c2ml8qo1z2f9u8lrxdof.default.192.168.1.240.sslip.io:80"
time="2024-05-28T19:39:02.494393756-06:00" level=debug msg="Invoking: gptj-python-lzhfozkltzapbnmdvqdz.default.192.168.1.240.sslip.io:80"
time="2024-05-28T19:39:02.495171267-06:00" level=debug msg="Invoked image-rotate-go-6-c2ml8qo1z2f9u8lrxdof.default.192.168.1.240.sslip.io in 7501487 usec\n"
time="2024-05-28T19:39:02.50375059-06:00" level=debug msg="Invoked gptj-python-lzhfozkltzapbnmdvqdz.default.192.168.1.240.sslip.io in 9384 usec\n"
time="2024-05-28T19:39:09.999238332-06:00" level=debug msg="Invoking: gptj-python-lzhfozkltzapbnmdvqdz.default.192.168.1.240.sslip.io:80"
time="2024-05-28T19:39:10.009631472-06:00" level=debug msg="Invoked gptj-python-lzhfozkltzapbnmdvqdz.default.192.168.1.240.sslip.io in 10402 usec\n"
time="2024-05-28T19:39:17.505518109-06:00" level=debug msg="Invoking: gptj-python-lzhfozkltzapbnmdvqdz.default.192.168.1.240.sslip.io:80"
time="2024-05-28T19:39:17.517444184-06:00" level=debug msg="Invoked gptj-python-lzhfozkltzapbnmdvqdz.default.192.168.1.240.sslip.io in 11939 usec\n"
time="2024-05-28T19:39:25.012666714-06:00" level=debug msg="Invoking: cartservice-4mf3mt3nhec7292n4auc.default.192.168.1.240.sslip.io:80"
time="2024-05-28T19:39:25.025229021-06:00" level=debug msg="Invoked cartservice-4mf3mt3nhec7292n4auc.default.192.168.1.240.sslip.io in 12574 usec\n"
time="2024-05-28T19:39:32.517484675-06:00" level=debug msg="Invoking: gptj-python-lzhfozkltzapbnmdvqdz.default.192.168.1.240.sslip.io:80"
time="2024-05-28T19:39:32.527025309-06:00" level=debug msg="Invoked gptj-python-lzhfozkltzapbnmdvqdz.default.192.168.1.240.sslip.io in 9549 usec\n"
time="2024-05-28T19:39:40.021496507-06:00" level=debug msg="Invoking: gptj-python-lzhfozkltzapbnmdvqdz.default.192.168.1.240.sslip.io:80"
time="2024-05-28T19:39:40.03227344-06:00" level=debug msg="Invoked gptj-python-lzhfozkltzapbnmdvqdz.default.192.168.1.240.sslip.io in 10788 usec\n"
time="2024-05-28T19:39:47.525415133-06:00" level=debug msg="Invoking: gptj-python-lzhfozkltzapbnmdvqdz.default.192.168.1.240.sslip.io:80"
time="2024-05-28T19:39:47.535722528-06:00" level=debug msg="Invoked gptj-python-lzhfozkltzapbnmdvqdz.default.192.168.1.240.sslip.io in 10316 usec\n"
time="2024-05-28T19:39:54.993510023-06:00" level=debug msg="Minute: 7"
time="2024-05-28T19:39:54.993605721-06:00" level=debug msg="Number of Invocations this iteration: 8"
time="2024-05-28T19:39:54.993706896-06:00" level=debug msg="Invoking: cartservice-4mf3mt3nhec7292n4auc.default.192.168.1.240.sslip.io:80"
time="2024-05-28T19:39:55.009784093-06:00" level=debug msg="Invoked cartservice-4mf3mt3nhec7292n4auc.default.192.168.1.240.sslip.io in 16072 usec\n"
time="2024-05-28T19:40:02.497495958-06:00" level=debug msg="Invoking: gptj-python-lzhfozkltzapbnmdvqdz.default.192.168.1.240.sslip.io:80"
time="2024-05-28T19:40:02.507220841-06:00" level=debug msg="Invoked gptj-python-lzhfozkltzapbnmdvqdz.default.192.168.1.240.sslip.io in 9733 usec\n"
time="2024-05-28T19:40:10.004109933-06:00" level=debug msg="Invoking: gptj-python-lzhfozkltzapbnmdvqdz.default.192.168.1.240.sslip.io:80"
time="2024-05-28T19:40:10.013711845-06:00" level=debug msg="Invoked gptj-python-lzhfozkltzapbnmdvqdz.default.192.168.1.240.sslip.io in 9610 usec\n"
time="2024-05-28T19:40:17.510898773-06:00" level=debug msg="Invoking: gptj-python-lzhfozkltzapbnmdvqdz.default.192.168.1.240.sslip.io:80"
time="2024-05-28T19:40:17.521077207-06:00" level=debug msg="Invoked gptj-python-lzhfozkltzapbnmdvqdz.default.192.168.1.240.sslip.io in 10186 usec\n"
time="2024-05-28T19:40:25.011105134-06:00" level=debug msg="Invoking: cartservice-4mf3mt3nhec7292n4auc.default.192.168.1.240.sslip.io:80"
time="2024-05-28T19:40:25.025312436-06:00" level=debug msg="Invoked cartservice-4mf3mt3nhec7292n4auc.default.192.168.1.240.sslip.io in 14211 usec\n"
time="2024-05-28T19:40:32.518459889-06:00" level=debug msg="Invoking: gptj-python-lzhfozkltzapbnmdvqdz.default.192.168.1.240.sslip.io:80"
time="2024-05-28T19:40:32.528447566-06:00" level=debug msg="Invoked gptj-python-lzhfozkltzapbnmdvqdz.default.192.168.1.240.sslip.io in 9995 usec\n"
time="2024-05-28T19:40:40.025501792-06:00" level=debug msg="Invoking: gptj-python-lzhfozkltzapbnmdvqdz.default.192.168.1.240.sslip.io:80"
time="2024-05-28T19:40:40.036404503-06:00" level=debug msg="Invoked gptj-python-lzhfozkltzapbnmdvqdz.default.192.168.1.240.sslip.io in 10908 usec\n"
time="2024-05-28T19:40:47.529420181-06:00" level=debug msg="Invoking: gptj-python-lzhfozkltzapbnmdvqdz.default.192.168.1.240.sslip.io:80"
time="2024-05-28T19:40:47.540262648-06:00" level=debug msg="Invoked gptj-python-lzhfozkltzapbnmdvqdz.default.192.168.1.240.sslip.io in 10852 usec\n"
time="2024-05-28T19:40:54.993436015-06:00" level=debug msg="Minute: 8"
time="2024-05-28T19:40:54.993579203-06:00" level=debug msg="Number of Invocations this iteration: 8"
time="2024-05-28T19:40:54.993683868-06:00" level=debug msg="Invoking: cartservice-4mf3mt3nhec7292n4auc.default.192.168.1.240.sslip.io:80"
time="2024-05-28T19:40:55.005847385-06:00" level=debug msg="Invoked cartservice-4mf3mt3nhec7292n4auc.default.192.168.1.240.sslip.io in 12160 usec\n"
time="2024-05-28T19:41:02.49743529-06:00" level=debug msg="Invoking: gptj-python-lzhfozkltzapbnmdvqdz.default.192.168.1.240.sslip.io:80"
time="2024-05-28T19:41:02.507136059-06:00" level=debug msg="Invoked gptj-python-lzhfozkltzapbnmdvqdz.default.192.168.1.240.sslip.io in 9707 usec\n"
time="2024-05-28T19:41:10.001427056-06:00" level=debug msg="Invoking: gptj-python-lzhfozkltzapbnmdvqdz.default.192.168.1.240.sslip.io:80"
time="2024-05-28T19:41:10.011762067-06:00" level=debug msg="Invoked gptj-python-lzhfozkltzapbnmdvqdz.default.192.168.1.240.sslip.io in 10342 usec\n"
time="2024-05-28T19:41:17.507884956-06:00" level=debug msg="Invoking: gptj-python-lzhfozkltzapbnmdvqdz.default.192.168.1.240.sslip.io:80"
time="2024-05-28T19:41:17.51844112-06:00" level=debug msg="Invoked gptj-python-lzhfozkltzapbnmdvqdz.default.192.168.1.240.sslip.io in 10564 usec\n"
time="2024-05-28T19:41:25.013530755-06:00" level=debug msg="Invoking: cartservice-4mf3mt3nhec7292n4auc.default.192.168.1.240.sslip.io:80"
time="2024-05-28T19:41:25.026108448-06:00" level=debug msg="Invoked cartservice-4mf3mt3nhec7292n4auc.default.192.168.1.240.sslip.io in 12588 usec\n"
time="2024-05-28T19:41:32.517427253-06:00" level=debug msg="Invoking: gptj-python-lzhfozkltzapbnmdvqdz.default.192.168.1.240.sslip.io:80"
time="2024-05-28T19:41:32.527493095-06:00" level=debug msg="Invoked gptj-python-lzhfozkltzapbnmdvqdz.default.192.168.1.240.sslip.io in 10074 usec\n"
time="2024-05-28T19:41:40.021462354-06:00" level=debug msg="Invoking: gptj-python-lzhfozkltzapbnmdvqdz.default.192.168.1.240.sslip.io:80"
time="2024-05-28T19:41:40.030901747-06:00" level=debug msg="Invoked gptj-python-lzhfozkltzapbnmdvqdz.default.192.168.1.240.sslip.io in 9492 usec\n"
time="2024-05-28T19:41:47.525434793-06:00" level=debug msg="Invoking: gptj-python-lzhfozkltzapbnmdvqdz.default.192.168.1.240.sslip.io:80"
time="2024-05-28T19:41:47.536427559-06:00" level=debug msg="Invoked gptj-python-lzhfozkltzapbnmdvqdz.default.192.168.1.240.sslip.io in 11002 usec\n"
time="2024-05-28T19:41:54.993398423-06:00" level=debug msg="Minute: 9"
time="2024-05-28T19:41:54.993490098-06:00" level=debug msg="Number of Invocations this iteration: 8"
time="2024-05-28T19:41:54.993572551-06:00" level=debug msg="Invoking: cartservice-4mf3mt3nhec7292n4auc.default.192.168.1.240.sslip.io:80"
time="2024-05-28T19:41:55.007959094-06:00" level=debug msg="Invoked cartservice-4mf3mt3nhec7292n4auc.default.192.168.1.240.sslip.io in 14383 usec\n"
time="2024-05-28T19:42:02.497860082-06:00" level=debug msg="Invoking: gptj-python-lzhfozkltzapbnmdvqdz.default.192.168.1.240.sslip.io:80"
time="2024-05-28T19:42:02.506223189-06:00" level=debug msg="Invoked gptj-python-lzhfozkltzapbnmdvqdz.default.192.168.1.240.sslip.io in 8374 usec\n"
time="2024-05-28T19:42:10.003429742-06:00" level=debug msg="Invoking: gptj-python-lzhfozkltzapbnmdvqdz.default.192.168.1.240.sslip.io:80"
time="2024-05-28T19:42:10.013786095-06:00" level=debug msg="Invoked gptj-python-lzhfozkltzapbnmdvqdz.default.192.168.1.240.sslip.io in 10365 usec\n"
time="2024-05-28T19:42:17.509467505-06:00" level=debug msg="Invoking: gptj-python-lzhfozkltzapbnmdvqdz.default.192.168.1.240.sslip.io:80"
time="2024-05-28T19:42:17.519439544-06:00" level=debug msg="Invoked gptj-python-lzhfozkltzapbnmdvqdz.default.192.168.1.240.sslip.io in 9983 usec\n"
time="2024-05-28T19:42:25.013056324-06:00" level=debug msg="Invoking: cartservice-4mf3mt3nhec7292n4auc.default.192.168.1.240.sslip.io:80"
time="2024-05-28T19:42:25.026382075-06:00" level=debug msg="Invoked cartservice-4mf3mt3nhec7292n4auc.default.192.168.1.240.sslip.io in 13399 usec\n"
time="2024-05-28T19:42:32.518834268-06:00" level=debug msg="Invoking: gptj-python-lzhfozkltzapbnmdvqdz.default.192.168.1.240.sslip.io:80"
time="2024-05-28T19:42:32.52849202-06:00" level=debug msg="Invoked gptj-python-lzhfozkltzapbnmdvqdz.default.192.168.1.240.sslip.io in 9665 usec\n"
time="2024-05-28T19:42:40.025462335-06:00" level=debug msg="Invoking: gptj-python-lzhfozkltzapbnmdvqdz.default.192.168.1.240.sslip.io:80"
time="2024-05-28T19:42:40.034479922-06:00" level=debug msg="Invoked gptj-python-lzhfozkltzapbnmdvqdz.default.192.168.1.240.sslip.io in 9027 usec\n"
time="2024-05-28T19:42:47.529441139-06:00" level=debug msg="Invoking: gptj-python-lzhfozkltzapbnmdvqdz.default.192.168.1.240.sslip.io:80"
time="2024-05-28T19:42:47.540349598-06:00" level=debug msg="Invoked gptj-python-lzhfozkltzapbnmdvqdz.default.192.168.1.240.sslip.io in 10915 usec\n"
time="2024-05-28T19:42:54.993516355-06:00" level=debug msg="Minute: 10"
time="2024-05-28T19:42:54.993670015-06:00" level=debug msg="Number of Invocations this iteration: 8"
time="2024-05-28T19:42:54.99375847-06:00" level=debug msg="Invoking: rnn-serving-python-10-10-onhziiug1s82ooyds1gs.default.192.168.1.240.sslip.io:80"
time="2024-05-28T19:43:02.497462706-06:00" level=debug msg="Invoking: gptj-python-lzhfozkltzapbnmdvqdz.default.192.168.1.240.sslip.io:80"
time="2024-05-28T19:43:02.626827628-06:00" level=debug msg="Invoked gptj-python-lzhfozkltzapbnmdvqdz.default.192.168.1.240.sslip.io in 129374 usec\n"
time="2024-05-28T19:43:05.171093726-06:00" level=debug msg="Invoked rnn-serving-python-10-10-onhziiug1s82ooyds1gs.default.192.168.1.240.sslip.io in 10177331 usec\n"
time="2024-05-28T19:43:10.001498967-06:00" level=debug msg="Invoking: gptj-python-lzhfozkltzapbnmdvqdz.default.192.168.1.240.sslip.io:80"
time="2024-05-28T19:43:10.012061995-06:00" level=debug msg="Invoked gptj-python-lzhfozkltzapbnmdvqdz.default.192.168.1.240.sslip.io in 10572 usec\n"
time="2024-05-28T19:43:17.505443279-06:00" level=debug msg="Invoking: gptj-python-lzhfozkltzapbnmdvqdz.default.192.168.1.240.sslip.io:80"
time="2024-05-28T19:43:17.515580392-06:00" level=debug msg="Invoked gptj-python-lzhfozkltzapbnmdvqdz.default.192.168.1.240.sslip.io in 10151 usec\n"
time="2024-05-28T19:43:25.009943328-06:00" level=debug msg="Invoking: cartservice-4mf3mt3nhec7292n4auc.default.192.168.1.240.sslip.io:80"
time="2024-05-28T19:43:25.140701483-06:00" level=debug msg="Invoked cartservice-4mf3mt3nhec7292n4auc.default.192.168.1.240.sslip.io in 130761 usec\n"
time="2024-05-28T19:43:32.513525626-06:00" level=debug msg="Invoking: gptj-python-lzhfozkltzapbnmdvqdz.default.192.168.1.240.sslip.io:80"
time="2024-05-28T19:43:32.522522218-06:00" level=debug msg="Invoked gptj-python-lzhfozkltzapbnmdvqdz.default.192.168.1.240.sslip.io in 8998 usec\n"
time="2024-05-28T19:43:40.01832872-06:00" level=debug msg="Invoking: gptj-python-lzhfozkltzapbnmdvqdz.default.192.168.1.240.sslip.io:80"
time="2024-05-28T19:43:40.029098075-06:00" level=debug msg="Invoked gptj-python-lzhfozkltzapbnmdvqdz.default.192.168.1.240.sslip.io in 10781 usec\n"
time="2024-05-28T19:43:47.525414384-06:00" level=debug msg="Invoking: gptj-python-lzhfozkltzapbnmdvqdz.default.192.168.1.240.sslip.io:80"
time="2024-05-28T19:43:47.535670854-06:00" level=debug msg="Invoked gptj-python-lzhfozkltzapbnmdvqdz.default.192.168.1.240.sslip.io in 10268 usec\n"
time="2024-05-28T19:43:54.993717765-06:00" level=debug msg="Minute: 11"
time="2024-05-28T19:43:54.993811886-06:00" level=debug msg="Number of Invocations this iteration: 8"
time="2024-05-28T19:43:54.993903753-06:00" level=debug msg="Invoking: image-rotate-go-6-c2ml8qo1z2f9u8lrxdof.default.192.168.1.240.sslip.io:80"
time="2024-05-28T19:44:02.49742702-06:00" level=debug msg="Invoking: gptj-python-lzhfozkltzapbnmdvqdz.default.192.168.1.240.sslip.io:80"
time="2024-05-28T19:44:02.50627951-06:00" level=debug msg="Invoked gptj-python-lzhfozkltzapbnmdvqdz.default.192.168.1.240.sslip.io in 8857 usec\n"
time="2024-05-28T19:44:07.162680106-06:00" level=debug msg="Invoked image-rotate-go-6-c2ml8qo1z2f9u8lrxdof.default.192.168.1.240.sslip.io in 12168774 usec\n"
time="2024-05-28T19:44:10.000352421-06:00" level=debug msg="Invoking: gptj-python-lzhfozkltzapbnmdvqdz.default.192.168.1.240.sslip.io:80"
time="2024-05-28T19:44:10.009957284-06:00" level=debug msg="Invoked gptj-python-lzhfozkltzapbnmdvqdz.default.192.168.1.240.sslip.io in 9616 usec\n"
time="2024-05-28T19:44:17.507126007-06:00" level=debug msg="Invoking: gptj-python-lzhfozkltzapbnmdvqdz.default.192.168.1.240.sslip.io:80"
time="2024-05-28T19:44:17.517140733-06:00" level=debug msg="Invoked gptj-python-lzhfozkltzapbnmdvqdz.default.192.168.1.240.sslip.io in 10025 usec\n"
time="2024-05-28T19:44:25.013450372-06:00" level=debug msg="Invoking: cartservice-4mf3mt3nhec7292n4auc.default.192.168.1.240.sslip.io:80"
time="2024-05-28T19:44:25.028151535-06:00" level=debug msg="Invoked cartservice-4mf3mt3nhec7292n4auc.default.192.168.1.240.sslip.io in 14703 usec\n"
time="2024-05-28T19:44:32.518199425-06:00" level=debug msg="Invoking: gptj-python-lzhfozkltzapbnmdvqdz.default.192.168.1.240.sslip.io:80"
time="2024-05-28T19:44:32.528388256-06:00" level=debug msg="Invoked gptj-python-lzhfozkltzapbnmdvqdz.default.192.168.1.240.sslip.io in 10198 usec\n"
time="2024-05-28T19:44:40.021453942-06:00" level=debug msg="Invoking: gptj-python-lzhfozkltzapbnmdvqdz.default.192.168.1.240.sslip.io:80"
time="2024-05-28T19:44:40.030796617-06:00" level=debug msg="Invoked gptj-python-lzhfozkltzapbnmdvqdz.default.192.168.1.240.sslip.io in 9346 usec\n"
time="2024-05-28T19:44:47.525417704-06:00" level=debug msg="Invoking: gptj-python-lzhfozkltzapbnmdvqdz.default.192.168.1.240.sslip.io:80"
time="2024-05-28T19:44:47.535311811-06:00" level=debug msg="Invoked gptj-python-lzhfozkltzapbnmdvqdz.default.192.168.1.240.sslip.io in 9901 usec\n"
time="2024-05-28T19:44:54.995669593-06:00" level=debug msg="Minute: 12"
time="2024-05-28T19:44:54.995814614-06:00" level=debug msg="Number of Invocations this iteration: 8"
time="2024-05-28T19:44:54.995889178-06:00" level=debug msg="Invoking: cartservice-4mf3mt3nhec7292n4auc.default.192.168.1.240.sslip.io:80"
time="2024-05-28T19:44:55.00842646-06:00" level=debug msg="Invoked cartservice-4mf3mt3nhec7292n4auc.default.192.168.1.240.sslip.io in 12535 usec\n"
time="2024-05-28T19:45:02.501493353-06:00" level=debug msg="Invoking: gptj-python-lzhfozkltzapbnmdvqdz.default.192.168.1.240.sslip.io:80"
time="2024-05-28T19:45:02.51324466-06:00" level=debug msg="Invoked gptj-python-lzhfozkltzapbnmdvqdz.default.192.168.1.240.sslip.io in 11760 usec\n"
time="2024-05-28T19:45:10.005524089-06:00" level=debug msg="Invoking: gptj-python-lzhfozkltzapbnmdvqdz.default.192.168.1.240.sslip.io:80"
time="2024-05-28T19:45:10.015482556-06:00" level=debug msg="Invoked gptj-python-lzhfozkltzapbnmdvqdz.default.192.168.1.240.sslip.io in 9992 usec\n"
time="2024-05-28T19:45:17.510141419-06:00" level=debug msg="Invoking: gptj-python-lzhfozkltzapbnmdvqdz.default.192.168.1.240.sslip.io:80"
time="2024-05-28T19:45:17.520559259-06:00" level=debug msg="Invoked gptj-python-lzhfozkltzapbnmdvqdz.default.192.168.1.240.sslip.io in 10449 usec\n"
time="2024-05-28T19:45:25.013488834-06:00" level=debug msg="Invoking: cartservice-4mf3mt3nhec7292n4auc.default.192.168.1.240.sslip.io:80"
time="2024-05-28T19:45:25.025745766-06:00" level=debug msg="Invoked cartservice-4mf3mt3nhec7292n4auc.default.192.168.1.240.sslip.io in 12266 usec\n"
time="2024-05-28T19:45:32.517420941-06:00" level=debug msg="Invoking: gptj-python-lzhfozkltzapbnmdvqdz.default.192.168.1.240.sslip.io:80"
time="2024-05-28T19:45:32.527237916-06:00" level=debug msg="Invoked gptj-python-lzhfozkltzapbnmdvqdz.default.192.168.1.240.sslip.io in 9827 usec\n"
time="2024-05-28T19:45:40.021440141-06:00" level=debug msg="Invoking: gptj-python-lzhfozkltzapbnmdvqdz.default.192.168.1.240.sslip.io:80"
time="2024-05-28T19:45:40.031516477-06:00" level=debug msg="Invoked gptj-python-lzhfozkltzapbnmdvqdz.default.192.168.1.240.sslip.io in 10091 usec\n"
time="2024-05-28T19:45:47.525705149-06:00" level=debug msg="Invoking: gptj-python-lzhfozkltzapbnmdvqdz.default.192.168.1.240.sslip.io:80"
time="2024-05-28T19:45:47.5355727-06:00" level=debug msg="Invoked gptj-python-lzhfozkltzapbnmdvqdz.default.192.168.1.240.sslip.io in 9873 usec\n"
time="2024-05-28T19:45:54.993431369-06:00" level=debug msg="Minute: 13"
time="2024-05-28T19:45:54.993512885-06:00" level=debug msg="Number of Invocations this iteration: 8"
time="2024-05-28T19:45:54.993606739-06:00" level=debug msg="Invoking: cartservice-4mf3mt3nhec7292n4auc.default.192.168.1.240.sslip.io:80"
time="2024-05-28T19:45:55.010109461-06:00" level=debug msg="Invoked cartservice-4mf3mt3nhec7292n4auc.default.192.168.1.240.sslip.io in 16501 usec\n"
time="2024-05-28T19:46:02.498257011-06:00" level=debug msg="Invoking: gptj-python-lzhfozkltzapbnmdvqdz.default.192.168.1.240.sslip.io:80"
time="2024-05-28T19:46:02.508025929-06:00" level=debug msg="Invoked gptj-python-lzhfozkltzapbnmdvqdz.default.192.168.1.240.sslip.io in 9778 usec\n"
time="2024-05-28T19:46:10.002021599-06:00" level=debug msg="Invoking: gptj-python-lzhfozkltzapbnmdvqdz.default.192.168.1.240.sslip.io:80"
time="2024-05-28T19:46:10.012011709-06:00" level=debug msg="Invoked gptj-python-lzhfozkltzapbnmdvqdz.default.192.168.1.240.sslip.io in 10000 usec\n"
time="2024-05-28T19:46:17.508189099-06:00" level=debug msg="Invoking: gptj-python-lzhfozkltzapbnmdvqdz.default.192.168.1.240.sslip.io:80"
time="2024-05-28T19:46:17.518344455-06:00" level=debug msg="Invoked gptj-python-lzhfozkltzapbnmdvqdz.default.192.168.1.240.sslip.io in 10164 usec\n"
time="2024-05-28T19:46:25.013490059-06:00" level=debug msg="Invoking: cartservice-4mf3mt3nhec7292n4auc.default.192.168.1.240.sslip.io:80"
time="2024-05-28T19:46:25.025542308-06:00" level=debug msg="Invoked cartservice-4mf3mt3nhec7292n4auc.default.192.168.1.240.sslip.io in 12054 usec\n"
time="2024-05-28T19:46:32.517412901-06:00" level=debug msg="Invoking: gptj-python-lzhfozkltzapbnmdvqdz.default.192.168.1.240.sslip.io:80"
time="2024-05-28T19:46:32.526622835-06:00" level=debug msg="Invoked gptj-python-lzhfozkltzapbnmdvqdz.default.192.168.1.240.sslip.io in 9217 usec\n"
time="2024-05-28T19:46:40.024304105-06:00" level=debug msg="Invoking: gptj-python-lzhfozkltzapbnmdvqdz.default.192.168.1.240.sslip.io:80"
time="2024-05-28T19:46:40.034983769-06:00" level=debug msg="Invoked gptj-python-lzhfozkltzapbnmdvqdz.default.192.168.1.240.sslip.io in 10689 usec\n"
time="2024-05-28T19:46:47.526103627-06:00" level=debug msg="Invoking: gptj-python-lzhfozkltzapbnmdvqdz.default.192.168.1.240.sslip.io:80"
time="2024-05-28T19:46:47.536340676-06:00" level=debug msg="Invoked gptj-python-lzhfozkltzapbnmdvqdz.default.192.168.1.240.sslip.io in 10248 usec\n"
time="2024-05-28T19:46:54.993473448-06:00" level=info msg="Experiment Phase Completed"
time="2024-05-28T19:46:54.993609995-06:00" level=info msg="Issued / completed requests: 112, 112"
time="2024-05-28T19:46:54.993646621-06:00" level=info msg="Average Real RPS: 0.13 "
time="2024-05-28T19:46:54.993673732-06:00" level=info msg="Experiment finished!"
time="2024-05-28T19:46:54.993700647-06:00" level=info msg="The measured latencies are saved in rps_lat.csv"
