time="2024-05-30T02:13:02.58980109-06:00" level=debug msg="Debug logging is enabled"
time="2024-05-30T02:13:02.589946073-06:00" level=info msg="Reading the trace endpoints from the file: /users/ArunAMS/vSwarm/tools/load-generator/load.json"
time="2024-05-30T02:13:02.591076413-06:00" level=info msg="Warmup Duration: 3"
time="2024-05-30T02:13:02.591097891-06:00" level=info msg="Experiment Duration: 11"
time="2024-05-30T02:13:02.591114429-06:00" level=info msg="Minute Granularity: true"
time="2024-05-30T02:14:02.649493802-06:00" level=info msg="Running Warmup Phase"
time="2024-05-30T02:14:02.649570265-06:00" level=debug msg="Minute: 0"
time="2024-05-30T02:14:02.649648465-06:00" level=debug msg="Number of Invocations this iteration: 8"
time="2024-05-30T02:14:02.649755948-06:00" level=debug msg="Invoking: cartservice-qdzirhitu7ygfyldnhj2.default.192.168.1.240.sslip.io:80"
time="2024-05-30T02:14:10.154744859-06:00" level=debug msg="Invoking: gptj-python-ftgrlkdv6won9e11macq.default.192.168.1.240.sslip.io:80"
time="2024-05-30T02:14:17.655437951-06:00" level=debug msg="Invoking: gptj-python-ftgrlkdv6won9e11macq.default.192.168.1.240.sslip.io:80"
time="2024-05-30T02:14:25.162456589-06:00" level=debug msg="Invoking: gptj-python-ftgrlkdv6won9e11macq.default.192.168.1.240.sslip.io:80"
time="2024-05-30T02:14:32.670039221-06:00" level=debug msg="Invoking: cartservice-qdzirhitu7ygfyldnhj2.default.192.168.1.240.sslip.io:80"
time="2024-05-30T02:14:40.176066232-06:00" level=debug msg="Invoking: gptj-python-ftgrlkdv6won9e11macq.default.192.168.1.240.sslip.io:80"
time="2024-05-30T02:14:47.681434593-06:00" level=debug msg="Invoking: gptj-python-ftgrlkdv6won9e11macq.default.192.168.1.240.sslip.io:80"
time="2024-05-30T02:14:55.185843449-06:00" level=debug msg="Invoking: gptj-python-ftgrlkdv6won9e11macq.default.192.168.1.240.sslip.io:80"
time="2024-05-30T02:15:02.597541455-06:00" level=debug msg="Minute: 1"
time="2024-05-30T02:15:02.59763308-06:00" level=debug msg="Number of Invocations this iteration: 8"
time="2024-05-30T02:15:02.597736282-06:00" level=debug msg="Invoking: image-rotate-go-6-e21io0wbip75miym6kuu.default.192.168.1.240.sslip.io:80"
time="2024-05-30T02:15:10.097959859-06:00" level=debug msg="Invoking: gptj-python-ftgrlkdv6won9e11macq.default.192.168.1.240.sslip.io:80"
time="2024-05-30T02:15:17.601515676-06:00" level=debug msg="Invoking: gptj-python-ftgrlkdv6won9e11macq.default.192.168.1.240.sslip.io:80"
time="2024-05-30T02:15:25.10551227-06:00" level=debug msg="Invoking: gptj-python-ftgrlkdv6won9e11macq.default.192.168.1.240.sslip.io:80"
time="2024-05-30T02:15:32.609531328-06:00" level=debug msg="Invoking: cartservice-qdzirhitu7ygfyldnhj2.default.192.168.1.240.sslip.io:80"
time="2024-05-30T02:15:40.109812137-06:00" level=debug msg="Invoking: gptj-python-ftgrlkdv6won9e11macq.default.192.168.1.240.sslip.io:80"
time="2024-05-30T02:15:47.609870561-06:00" level=debug msg="Invoking: gptj-python-ftgrlkdv6won9e11macq.default.192.168.1.240.sslip.io:80"
time="2024-05-30T02:15:55.113520363-06:00" level=debug msg="Invoking: gptj-python-ftgrlkdv6won9e11macq.default.192.168.1.240.sslip.io:80"
time="2024-05-30T02:16:02.597851681-06:00" level=debug msg="Minute: 2"
time="2024-05-30T02:16:02.597931378-06:00" level=debug msg="Number of Invocations this iteration: 8"
time="2024-05-30T02:16:02.598005459-06:00" level=debug msg="Invoking: cartservice-qdzirhitu7ygfyldnhj2.default.192.168.1.240.sslip.io:80"
time="2024-05-30T02:16:10.105175651-06:00" level=debug msg="Invoking: gptj-python-ftgrlkdv6won9e11macq.default.192.168.1.240.sslip.io:80"
time="2024-05-30T02:16:17.609446559-06:00" level=debug msg="Invoking: gptj-python-ftgrlkdv6won9e11macq.default.192.168.1.240.sslip.io:80"
time="2024-05-30T02:16:25.113459222-06:00" level=debug msg="Invoking: gptj-python-ftgrlkdv6won9e11macq.default.192.168.1.240.sslip.io:80"
time="2024-05-30T02:16:32.617447863-06:00" level=debug msg="Invoking: cartservice-qdzirhitu7ygfyldnhj2.default.192.168.1.240.sslip.io:80"
time="2024-05-30T02:16:40.12495293-06:00" level=debug msg="Invoking: gptj-python-ftgrlkdv6won9e11macq.default.192.168.1.240.sslip.io:80"
time="2024-05-30T02:16:47.631866161-06:00" level=debug msg="Invoking: gptj-python-ftgrlkdv6won9e11macq.default.192.168.1.240.sslip.io:80"
time="2024-05-30T02:16:55.13844338-06:00" level=debug msg="Invoking: gptj-python-ftgrlkdv6won9e11macq.default.192.168.1.240.sslip.io:80"
time="2024-05-30T02:17:02.597434007-06:00" level=info msg="Warmup Phase Completed"
time="2024-05-30T02:17:02.597510568-06:00" level=info msg="Running Experiment Phase"
time="2024-05-30T02:17:02.597538934-06:00" level=debug msg="Minute: 3"
time="2024-05-30T02:17:02.597585451-06:00" level=debug msg="Number of Invocations this iteration: 8"
time="2024-05-30T02:17:02.597673024-06:00" level=debug msg="Invoking: cartservice-qdzirhitu7ygfyldnhj2.default.192.168.1.240.sslip.io:80"
time="2024-05-30T02:17:02.609921704-06:00" level=debug msg="Invoked cartservice-qdzirhitu7ygfyldnhj2.default.192.168.1.240.sslip.io in 12246 usec\n"
time="2024-05-30T02:17:10.102069145-06:00" level=debug msg="Invoking: gptj-python-ftgrlkdv6won9e11macq.default.192.168.1.240.sslip.io:80"
time="2024-05-30T02:17:10.111611-06:00" level=debug msg="Invoked gptj-python-ftgrlkdv6won9e11macq.default.192.168.1.240.sslip.io in 9551 usec\n"
time="2024-05-30T02:17:17.605431792-06:00" level=debug msg="Invoking: gptj-python-ftgrlkdv6won9e11macq.default.192.168.1.240.sslip.io:80"
time="2024-05-30T02:17:17.617100401-06:00" level=debug msg="Invoked gptj-python-ftgrlkdv6won9e11macq.default.192.168.1.240.sslip.io in 11681 usec\n"
time="2024-05-30T02:17:25.109430159-06:00" level=debug msg="Invoking: gptj-python-ftgrlkdv6won9e11macq.default.192.168.1.240.sslip.io:80"
time="2024-05-30T02:17:25.120526943-06:00" level=debug msg="Invoked gptj-python-ftgrlkdv6won9e11macq.default.192.168.1.240.sslip.io in 11108 usec\n"
time="2024-05-30T02:17:32.613464541-06:00" level=debug msg="Invoking: cartservice-qdzirhitu7ygfyldnhj2.default.192.168.1.240.sslip.io:80"
time="2024-05-30T02:17:32.628164836-06:00" level=debug msg="Invoked cartservice-qdzirhitu7ygfyldnhj2.default.192.168.1.240.sslip.io in 14721 usec\n"
time="2024-05-30T02:17:40.117524291-06:00" level=debug msg="Invoking: gptj-python-ftgrlkdv6won9e11macq.default.192.168.1.240.sslip.io:80"
time="2024-05-30T02:17:40.128588074-06:00" level=debug msg="Invoked gptj-python-ftgrlkdv6won9e11macq.default.192.168.1.240.sslip.io in 11090 usec\n"
time="2024-05-30T02:17:47.624845083-06:00" level=debug msg="Invoking: gptj-python-ftgrlkdv6won9e11macq.default.192.168.1.240.sslip.io:80"
time="2024-05-30T02:17:47.635041442-06:00" level=debug msg="Invoked gptj-python-ftgrlkdv6won9e11macq.default.192.168.1.240.sslip.io in 10235 usec\n"
time="2024-05-30T02:17:55.129509813-06:00" level=debug msg="Invoking: gptj-python-ftgrlkdv6won9e11macq.default.192.168.1.240.sslip.io:80"
time="2024-05-30T02:17:55.140074872-06:00" level=debug msg="Invoked gptj-python-ftgrlkdv6won9e11macq.default.192.168.1.240.sslip.io in 10580 usec\n"
time="2024-05-30T02:18:02.59747291-06:00" level=debug msg="Minute: 4"
time="2024-05-30T02:18:02.59756669-06:00" level=debug msg="Number of Invocations this iteration: 8"
time="2024-05-30T02:18:02.597659103-06:00" level=debug msg="Invoking: rnn-serving-python-10-10-jzg9rl769tr9ptfim4mm.default.192.168.1.240.sslip.io:80"
time="2024-05-30T02:18:10.101504447-06:00" level=debug msg="Invoking: gptj-python-ftgrlkdv6won9e11macq.default.192.168.1.240.sslip.io:80"
time="2024-05-30T02:18:10.112061091-06:00" level=debug msg="Invoked gptj-python-ftgrlkdv6won9e11macq.default.192.168.1.240.sslip.io in 10570 usec\n"
time="2024-05-30T02:18:12.289145592-06:00" level=debug msg="Invoked rnn-serving-python-10-10-jzg9rl769tr9ptfim4mm.default.192.168.1.240.sslip.io in 9691483 usec\n"
time="2024-05-30T02:18:17.605437406-06:00" level=debug msg="Invoking: gptj-python-ftgrlkdv6won9e11macq.default.192.168.1.240.sslip.io:80"
time="2024-05-30T02:18:17.616348145-06:00" level=debug msg="Invoked gptj-python-ftgrlkdv6won9e11macq.default.192.168.1.240.sslip.io in 10928 usec\n"
time="2024-05-30T02:18:25.109980118-06:00" level=debug msg="Invoking: gptj-python-ftgrlkdv6won9e11macq.default.192.168.1.240.sslip.io:80"
time="2024-05-30T02:18:25.120218969-06:00" level=debug msg="Invoked gptj-python-ftgrlkdv6won9e11macq.default.192.168.1.240.sslip.io in 10256 usec\n"
time="2024-05-30T02:18:32.613491111-06:00" level=debug msg="Invoking: cartservice-qdzirhitu7ygfyldnhj2.default.192.168.1.240.sslip.io:80"
time="2024-05-30T02:18:40.117873238-06:00" level=debug msg="Invoking: gptj-python-ftgrlkdv6won9e11macq.default.192.168.1.240.sslip.io:80"
time="2024-05-30T02:18:40.128491518-06:00" level=debug msg="Invoked gptj-python-ftgrlkdv6won9e11macq.default.192.168.1.240.sslip.io in 10630 usec\n"
time="2024-05-30T02:18:45.232888371-06:00" level=debug msg="Invoked cartservice-qdzirhitu7ygfyldnhj2.default.192.168.1.240.sslip.io in 12619407 usec\n"
time="2024-05-30T02:18:47.620190706-06:00" level=debug msg="Invoking: gptj-python-ftgrlkdv6won9e11macq.default.192.168.1.240.sslip.io:80"
time="2024-05-30T02:18:47.632861113-06:00" level=debug msg="Invoked gptj-python-ftgrlkdv6won9e11macq.default.192.168.1.240.sslip.io in 12707 usec\n"
time="2024-05-30T02:18:55.125511207-06:00" level=debug msg="Invoking: gptj-python-ftgrlkdv6won9e11macq.default.192.168.1.240.sslip.io:80"
time="2024-05-30T02:18:55.135497143-06:00" level=debug msg="Invoked gptj-python-ftgrlkdv6won9e11macq.default.192.168.1.240.sslip.io in 10014 usec\n"
time="2024-05-30T02:19:02.597514877-06:00" level=debug msg="Minute: 5"
time="2024-05-30T02:19:02.597619245-06:00" level=debug msg="Number of Invocations this iteration: 8"
time="2024-05-30T02:19:02.597717973-06:00" level=debug msg="Invoking: cartservice-qdzirhitu7ygfyldnhj2.default.192.168.1.240.sslip.io:80"
time="2024-05-30T02:19:02.625959086-06:00" level=debug msg="Invoked cartservice-qdzirhitu7ygfyldnhj2.default.192.168.1.240.sslip.io in 28239 usec\n"
time="2024-05-30T02:19:10.101509827-06:00" level=debug msg="Invoking: gptj-python-ftgrlkdv6won9e11macq.default.192.168.1.240.sslip.io:80"
time="2024-05-30T02:19:10.112363728-06:00" level=debug msg="Invoked gptj-python-ftgrlkdv6won9e11macq.default.192.168.1.240.sslip.io in 10865 usec\n"
time="2024-05-30T02:19:17.605735717-06:00" level=debug msg="Invoking: gptj-python-ftgrlkdv6won9e11macq.default.192.168.1.240.sslip.io:80"
time="2024-05-30T02:19:17.616874705-06:00" level=debug msg="Invoked gptj-python-ftgrlkdv6won9e11macq.default.192.168.1.240.sslip.io in 11152 usec\n"
time="2024-05-30T02:19:25.109464537-06:00" level=debug msg="Invoking: gptj-python-ftgrlkdv6won9e11macq.default.192.168.1.240.sslip.io:80"
time="2024-05-30T02:19:25.120267449-06:00" level=debug msg="Invoked gptj-python-ftgrlkdv6won9e11macq.default.192.168.1.240.sslip.io in 10819 usec\n"
time="2024-05-30T02:19:32.613497539-06:00" level=debug msg="Invoking: cartservice-qdzirhitu7ygfyldnhj2.default.192.168.1.240.sslip.io:80"
time="2024-05-30T02:19:32.629011883-06:00" level=debug msg="Invoked cartservice-qdzirhitu7ygfyldnhj2.default.192.168.1.240.sslip.io in 15522 usec\n"
time="2024-05-30T02:19:40.119512658-06:00" level=debug msg="Invoking: gptj-python-ftgrlkdv6won9e11macq.default.192.168.1.240.sslip.io:80"
time="2024-05-30T02:19:40.13025828-06:00" level=debug msg="Invoked gptj-python-ftgrlkdv6won9e11macq.default.192.168.1.240.sslip.io in 10751 usec\n"
time="2024-05-30T02:19:47.625496199-06:00" level=debug msg="Invoking: gptj-python-ftgrlkdv6won9e11macq.default.192.168.1.240.sslip.io:80"
time="2024-05-30T02:19:47.635889504-06:00" level=debug msg="Invoked gptj-python-ftgrlkdv6won9e11macq.default.192.168.1.240.sslip.io in 10399 usec\n"
time="2024-05-30T02:19:55.1294295-06:00" level=debug msg="Invoking: gptj-python-ftgrlkdv6won9e11macq.default.192.168.1.240.sslip.io:80"
time="2024-05-30T02:19:55.139986089-06:00" level=debug msg="Invoked gptj-python-ftgrlkdv6won9e11macq.default.192.168.1.240.sslip.io in 10565 usec\n"
time="2024-05-30T02:20:02.597412707-06:00" level=debug msg="Minute: 6"
time="2024-05-30T02:20:02.597506741-06:00" level=debug msg="Number of Invocations this iteration: 8"
time="2024-05-30T02:20:02.597601443-06:00" level=debug msg="Invoking: image-rotate-go-6-e21io0wbip75miym6kuu.default.192.168.1.240.sslip.io:80"
time="2024-05-30T02:20:09.815646729-06:00" level=debug msg="Invoked image-rotate-go-6-e21io0wbip75miym6kuu.default.192.168.1.240.sslip.io in 7218041 usec\n"
time="2024-05-30T02:20:10.097877338-06:00" level=debug msg="Invoking: gptj-python-ftgrlkdv6won9e11macq.default.192.168.1.240.sslip.io:80"
time="2024-05-30T02:20:10.107545548-06:00" level=debug msg="Invoked gptj-python-ftgrlkdv6won9e11macq.default.192.168.1.240.sslip.io in 9698 usec\n"
time="2024-05-30T02:20:17.601486429-06:00" level=debug msg="Invoking: gptj-python-ftgrlkdv6won9e11macq.default.192.168.1.240.sslip.io:80"
time="2024-05-30T02:20:17.61159291-06:00" level=debug msg="Invoked gptj-python-ftgrlkdv6won9e11macq.default.192.168.1.240.sslip.io in 10117 usec\n"
time="2024-05-30T02:20:25.105735918-06:00" level=debug msg="Invoking: gptj-python-ftgrlkdv6won9e11macq.default.192.168.1.240.sslip.io:80"
time="2024-05-30T02:20:25.116958079-06:00" level=debug msg="Invoked gptj-python-ftgrlkdv6won9e11macq.default.192.168.1.240.sslip.io in 11228 usec\n"
time="2024-05-30T02:20:32.609776556-06:00" level=debug msg="Invoking: cartservice-qdzirhitu7ygfyldnhj2.default.192.168.1.240.sslip.io:80"
time="2024-05-30T02:20:40.113486196-06:00" level=debug msg="Invoking: gptj-python-ftgrlkdv6won9e11macq.default.192.168.1.240.sslip.io:80"
time="2024-05-30T02:20:40.12526664-06:00" level=debug msg="Invoked gptj-python-ftgrlkdv6won9e11macq.default.192.168.1.240.sslip.io in 11788 usec\n"
time="2024-05-30T02:20:45.260103399-06:00" level=debug msg="Invoked cartservice-qdzirhitu7ygfyldnhj2.default.192.168.1.240.sslip.io in 12650335 usec\n"
time="2024-05-30T02:20:47.614658329-06:00" level=debug msg="Invoking: gptj-python-ftgrlkdv6won9e11macq.default.192.168.1.240.sslip.io:80"
time="2024-05-30T02:20:47.625324819-06:00" level=debug msg="Invoked gptj-python-ftgrlkdv6won9e11macq.default.192.168.1.240.sslip.io in 10675 usec\n"
time="2024-05-30T02:20:55.121497364-06:00" level=debug msg="Invoking: gptj-python-ftgrlkdv6won9e11macq.default.192.168.1.240.sslip.io:80"
time="2024-05-30T02:20:55.131988425-06:00" level=debug msg="Invoked gptj-python-ftgrlkdv6won9e11macq.default.192.168.1.240.sslip.io in 10508 usec\n"
time="2024-05-30T02:21:02.597421629-06:00" level=debug msg="Minute: 7"
time="2024-05-30T02:21:02.597515356-06:00" level=debug msg="Number of Invocations this iteration: 8"
time="2024-05-30T02:21:02.597602487-06:00" level=debug msg="Invoking: cartservice-qdzirhitu7ygfyldnhj2.default.192.168.1.240.sslip.io:80"
time="2024-05-30T02:21:02.624014438-06:00" level=debug msg="Invoked cartservice-qdzirhitu7ygfyldnhj2.default.192.168.1.240.sslip.io in 26409 usec\n"
time="2024-05-30T02:21:10.104021805-06:00" level=debug msg="Invoking: gptj-python-ftgrlkdv6won9e11macq.default.192.168.1.240.sslip.io:80"
time="2024-05-30T02:21:10.115666287-06:00" level=debug msg="Invoked gptj-python-ftgrlkdv6won9e11macq.default.192.168.1.240.sslip.io in 11655 usec\n"
time="2024-05-30T02:21:17.610253862-06:00" level=debug msg="Invoking: gptj-python-ftgrlkdv6won9e11macq.default.192.168.1.240.sslip.io:80"
time="2024-05-30T02:21:17.620951002-06:00" level=debug msg="Invoked gptj-python-ftgrlkdv6won9e11macq.default.192.168.1.240.sslip.io in 10704 usec\n"
time="2024-05-30T02:21:25.115972239-06:00" level=debug msg="Invoking: gptj-python-ftgrlkdv6won9e11macq.default.192.168.1.240.sslip.io:80"
time="2024-05-30T02:21:25.126620175-06:00" level=debug msg="Invoked gptj-python-ftgrlkdv6won9e11macq.default.192.168.1.240.sslip.io in 10656 usec\n"
time="2024-05-30T02:21:32.621402519-06:00" level=debug msg="Invoking: cartservice-qdzirhitu7ygfyldnhj2.default.192.168.1.240.sslip.io:80"
time="2024-05-30T02:21:32.637047837-06:00" level=debug msg="Invoked cartservice-qdzirhitu7ygfyldnhj2.default.192.168.1.240.sslip.io in 15643 usec\n"
time="2024-05-30T02:21:40.125602002-06:00" level=debug msg="Invoking: gptj-python-ftgrlkdv6won9e11macq.default.192.168.1.240.sslip.io:80"
time="2024-05-30T02:21:40.135660614-06:00" level=debug msg="Invoked gptj-python-ftgrlkdv6won9e11macq.default.192.168.1.240.sslip.io in 10134 usec\n"
time="2024-05-30T02:21:47.629463537-06:00" level=debug msg="Invoking: gptj-python-ftgrlkdv6won9e11macq.default.192.168.1.240.sslip.io:80"
time="2024-05-30T02:21:47.637692722-06:00" level=debug msg="Invoked gptj-python-ftgrlkdv6won9e11macq.default.192.168.1.240.sslip.io in 8242 usec\n"
time="2024-05-30T02:21:55.133424475-06:00" level=debug msg="Invoking: gptj-python-ftgrlkdv6won9e11macq.default.192.168.1.240.sslip.io:80"
time="2024-05-30T02:21:55.143786175-06:00" level=debug msg="Invoked gptj-python-ftgrlkdv6won9e11macq.default.192.168.1.240.sslip.io in 10373 usec\n"
time="2024-05-30T02:22:02.597502485-06:00" level=debug msg="Minute: 8"
time="2024-05-30T02:22:02.59765635-06:00" level=debug msg="Number of Invocations this iteration: 8"
time="2024-05-30T02:22:02.597769952-06:00" level=debug msg="Invoking: cartservice-qdzirhitu7ygfyldnhj2.default.192.168.1.240.sslip.io:80"
time="2024-05-30T02:22:02.609737721-06:00" level=debug msg="Invoked cartservice-qdzirhitu7ygfyldnhj2.default.192.168.1.240.sslip.io in 11965 usec\n"
time="2024-05-30T02:22:10.10346007-06:00" level=debug msg="Invoking: gptj-python-ftgrlkdv6won9e11macq.default.192.168.1.240.sslip.io:80"
time="2024-05-30T02:22:10.114059364-06:00" level=debug msg="Invoked gptj-python-ftgrlkdv6won9e11macq.default.192.168.1.240.sslip.io in 10611 usec\n"
time="2024-05-30T02:22:17.609817487-06:00" level=debug msg="Invoking: gptj-python-ftgrlkdv6won9e11macq.default.192.168.1.240.sslip.io:80"
time="2024-05-30T02:22:17.62371393-06:00" level=debug msg="Invoked gptj-python-ftgrlkdv6won9e11macq.default.192.168.1.240.sslip.io in 13911 usec\n"
time="2024-05-30T02:22:25.115006856-06:00" level=debug msg="Invoking: gptj-python-ftgrlkdv6won9e11macq.default.192.168.1.240.sslip.io:80"
time="2024-05-30T02:22:25.126941094-06:00" level=debug msg="Invoked gptj-python-ftgrlkdv6won9e11macq.default.192.168.1.240.sslip.io in 11946 usec\n"
time="2024-05-30T02:22:32.621443624-06:00" level=debug msg="Invoking: cartservice-qdzirhitu7ygfyldnhj2.default.192.168.1.240.sslip.io:80"
time="2024-05-30T02:22:32.634630428-06:00" level=debug msg="Invoked cartservice-qdzirhitu7ygfyldnhj2.default.192.168.1.240.sslip.io in 13197 usec\n"
time="2024-05-30T02:22:40.125501249-06:00" level=debug msg="Invoking: gptj-python-ftgrlkdv6won9e11macq.default.192.168.1.240.sslip.io:80"
time="2024-05-30T02:22:40.136878355-06:00" level=debug msg="Invoked gptj-python-ftgrlkdv6won9e11macq.default.192.168.1.240.sslip.io in 11390 usec\n"
time="2024-05-30T02:22:47.629857672-06:00" level=debug msg="Invoking: gptj-python-ftgrlkdv6won9e11macq.default.192.168.1.240.sslip.io:80"
time="2024-05-30T02:22:47.641196306-06:00" level=debug msg="Invoked gptj-python-ftgrlkdv6won9e11macq.default.192.168.1.240.sslip.io in 11344 usec\n"
time="2024-05-30T02:22:55.137465201-06:00" level=debug msg="Invoking: gptj-python-ftgrlkdv6won9e11macq.default.192.168.1.240.sslip.io:80"
time="2024-05-30T02:22:55.148881448-06:00" level=debug msg="Invoked gptj-python-ftgrlkdv6won9e11macq.default.192.168.1.240.sslip.io in 11424 usec\n"
time="2024-05-30T02:23:02.597441911-06:00" level=debug msg="Minute: 9"
time="2024-05-30T02:23:02.59753949-06:00" level=debug msg="Number of Invocations this iteration: 8"
time="2024-05-30T02:23:02.597626422-06:00" level=debug msg="Invoking: cartservice-qdzirhitu7ygfyldnhj2.default.192.168.1.240.sslip.io:80"
time="2024-05-30T02:23:02.609491059-06:00" level=debug msg="Invoked cartservice-qdzirhitu7ygfyldnhj2.default.192.168.1.240.sslip.io in 11861 usec\n"
time="2024-05-30T02:23:10.101561561-06:00" level=debug msg="Invoking: gptj-python-ftgrlkdv6won9e11macq.default.192.168.1.240.sslip.io:80"
time="2024-05-30T02:23:10.111813963-06:00" level=debug msg="Invoked gptj-python-ftgrlkdv6won9e11macq.default.192.168.1.240.sslip.io in 10258 usec\n"
time="2024-05-30T02:23:17.608047433-06:00" level=debug msg="Invoking: gptj-python-ftgrlkdv6won9e11macq.default.192.168.1.240.sslip.io:80"
time="2024-05-30T02:23:17.618271238-06:00" level=debug msg="Invoked gptj-python-ftgrlkdv6won9e11macq.default.192.168.1.240.sslip.io in 10234 usec\n"
time="2024-05-30T02:23:25.113479759-06:00" level=debug msg="Invoking: gptj-python-ftgrlkdv6won9e11macq.default.192.168.1.240.sslip.io:80"
time="2024-05-30T02:23:25.175260692-06:00" level=debug msg="Invoked gptj-python-ftgrlkdv6won9e11macq.default.192.168.1.240.sslip.io in 61787 usec\n"
time="2024-05-30T02:23:32.617492162-06:00" level=debug msg="Invoking: cartservice-qdzirhitu7ygfyldnhj2.default.192.168.1.240.sslip.io:80"
time="2024-05-30T02:23:32.68309248-06:00" level=debug msg="Invoked cartservice-qdzirhitu7ygfyldnhj2.default.192.168.1.240.sslip.io in 65606 usec\n"
time="2024-05-30T02:23:40.124240365-06:00" level=debug msg="Invoking: gptj-python-ftgrlkdv6won9e11macq.default.192.168.1.240.sslip.io:80"
time="2024-05-30T02:23:40.134413752-06:00" level=debug msg="Invoked gptj-python-ftgrlkdv6won9e11macq.default.192.168.1.240.sslip.io in 10182 usec\n"
time="2024-05-30T02:23:47.629448537-06:00" level=debug msg="Invoking: gptj-python-ftgrlkdv6won9e11macq.default.192.168.1.240.sslip.io:80"
time="2024-05-30T02:23:47.639296652-06:00" level=debug msg="Invoked gptj-python-ftgrlkdv6won9e11macq.default.192.168.1.240.sslip.io in 9862 usec\n"
time="2024-05-30T02:23:55.13344597-06:00" level=debug msg="Invoking: gptj-python-ftgrlkdv6won9e11macq.default.192.168.1.240.sslip.io:80"
time="2024-05-30T02:23:55.143341044-06:00" level=debug msg="Invoked gptj-python-ftgrlkdv6won9e11macq.default.192.168.1.240.sslip.io in 9902 usec\n"
time="2024-05-30T02:24:02.597494912-06:00" level=debug msg="Minute: 10"
time="2024-05-30T02:24:02.597635184-06:00" level=debug msg="Number of Invocations this iteration: 8"
time="2024-05-30T02:24:02.597720443-06:00" level=debug msg="Invoking: rnn-serving-python-10-10-jzg9rl769tr9ptfim4mm.default.192.168.1.240.sslip.io:80"
time="2024-05-30T02:24:10.103533122-06:00" level=debug msg="Invoking: gptj-python-ftgrlkdv6won9e11macq.default.192.168.1.240.sslip.io:80"
time="2024-05-30T02:24:10.11378659-06:00" level=debug msg="Invoked gptj-python-ftgrlkdv6won9e11macq.default.192.168.1.240.sslip.io in 10258 usec\n"
time="2024-05-30T02:24:14.022897349-06:00" level=debug msg="Invoked rnn-serving-python-10-10-jzg9rl769tr9ptfim4mm.default.192.168.1.240.sslip.io in 11425174 usec\n"
time="2024-05-30T02:24:17.60540637-06:00" level=debug msg="Invoking: gptj-python-ftgrlkdv6won9e11macq.default.192.168.1.240.sslip.io:80"
time="2024-05-30T02:24:17.615370542-06:00" level=debug msg="Invoked gptj-python-ftgrlkdv6won9e11macq.default.192.168.1.240.sslip.io in 9969 usec\n"
time="2024-05-30T02:24:25.109540503-06:00" level=debug msg="Invoking: gptj-python-ftgrlkdv6won9e11macq.default.192.168.1.240.sslip.io:80"
time="2024-05-30T02:24:25.12021274-06:00" level=debug msg="Invoked gptj-python-ftgrlkdv6won9e11macq.default.192.168.1.240.sslip.io in 10682 usec\n"
time="2024-05-30T02:24:32.613495306-06:00" level=debug msg="Invoking: cartservice-qdzirhitu7ygfyldnhj2.default.192.168.1.240.sslip.io:80"
time="2024-05-30T02:24:38.346122381-06:00" level=debug msg="Invoked cartservice-qdzirhitu7ygfyldnhj2.default.192.168.1.240.sslip.io in 5732635 usec\n"
time="2024-05-30T02:24:40.114616538-06:00" level=debug msg="Invoking: gptj-python-ftgrlkdv6won9e11macq.default.192.168.1.240.sslip.io:80"
time="2024-05-30T02:24:40.124432534-06:00" level=debug msg="Invoked gptj-python-ftgrlkdv6won9e11macq.default.192.168.1.240.sslip.io in 9824 usec\n"
time="2024-05-30T02:24:47.621911111-06:00" level=debug msg="Invoking: gptj-python-ftgrlkdv6won9e11macq.default.192.168.1.240.sslip.io:80"
time="2024-05-30T02:24:47.630502049-06:00" level=debug msg="Invoked gptj-python-ftgrlkdv6won9e11macq.default.192.168.1.240.sslip.io in 8598 usec\n"
time="2024-05-30T02:24:55.125483753-06:00" level=debug msg="Invoking: gptj-python-ftgrlkdv6won9e11macq.default.192.168.1.240.sslip.io:80"
time="2024-05-30T02:24:55.136820426-06:00" level=debug msg="Invoked gptj-python-ftgrlkdv6won9e11macq.default.192.168.1.240.sslip.io in 11371 usec\n"
time="2024-05-30T02:25:02.597407744-06:00" level=debug msg="Minute: 11"
time="2024-05-30T02:25:02.597494165-06:00" level=debug msg="Number of Invocations this iteration: 8"
time="2024-05-30T02:25:02.597622482-06:00" level=debug msg="Invoking: image-rotate-go-6-e21io0wbip75miym6kuu.default.192.168.1.240.sslip.io:80"
time="2024-05-30T02:25:09.787934197-06:00" level=debug msg="Invoked image-rotate-go-6-e21io0wbip75miym6kuu.default.192.168.1.240.sslip.io in 7190326 usec\n"
time="2024-05-30T02:25:10.098083413-06:00" level=debug msg="Invoking: gptj-python-ftgrlkdv6won9e11macq.default.192.168.1.240.sslip.io:80"
time="2024-05-30T02:25:10.108480475-06:00" level=debug msg="Invoked gptj-python-ftgrlkdv6won9e11macq.default.192.168.1.240.sslip.io in 10409 usec\n"
time="2024-05-30T02:25:17.601500919-06:00" level=debug msg="Invoking: gptj-python-ftgrlkdv6won9e11macq.default.192.168.1.240.sslip.io:80"
time="2024-05-30T02:25:17.612648906-06:00" level=debug msg="Invoked gptj-python-ftgrlkdv6won9e11macq.default.192.168.1.240.sslip.io in 11181 usec\n"
time="2024-05-30T02:25:25.10550688-06:00" level=debug msg="Invoking: gptj-python-ftgrlkdv6won9e11macq.default.192.168.1.240.sslip.io:80"
time="2024-05-30T02:25:25.116066164-06:00" level=debug msg="Invoked gptj-python-ftgrlkdv6won9e11macq.default.192.168.1.240.sslip.io in 10568 usec\n"
time="2024-05-30T02:25:32.609523408-06:00" level=debug msg="Invoking: cartservice-qdzirhitu7ygfyldnhj2.default.192.168.1.240.sslip.io:80"
time="2024-05-30T02:25:32.638595605-06:00" level=debug msg="Invoked cartservice-qdzirhitu7ygfyldnhj2.default.192.168.1.240.sslip.io in 29109 usec\n"
time="2024-05-30T02:25:40.110294433-06:00" level=debug msg="Invoking: gptj-python-ftgrlkdv6won9e11macq.default.192.168.1.240.sslip.io:80"
time="2024-05-30T02:25:40.121799395-06:00" level=debug msg="Invoked gptj-python-ftgrlkdv6won9e11macq.default.192.168.1.240.sslip.io in 11627 usec\n"
time="2024-05-30T02:25:47.613686159-06:00" level=debug msg="Invoking: gptj-python-ftgrlkdv6won9e11macq.default.192.168.1.240.sslip.io:80"
time="2024-05-30T02:25:47.624962541-06:00" level=debug msg="Invoked gptj-python-ftgrlkdv6won9e11macq.default.192.168.1.240.sslip.io in 11289 usec\n"
time="2024-05-30T02:25:55.117469321-06:00" level=debug msg="Invoking: gptj-python-ftgrlkdv6won9e11macq.default.192.168.1.240.sslip.io:80"
time="2024-05-30T02:25:55.127911091-06:00" level=debug msg="Invoked gptj-python-ftgrlkdv6won9e11macq.default.192.168.1.240.sslip.io in 10449 usec\n"
time="2024-05-30T02:26:02.597444342-06:00" level=debug msg="Minute: 12"
time="2024-05-30T02:26:02.597577492-06:00" level=debug msg="Number of Invocations this iteration: 8"
time="2024-05-30T02:26:02.597661969-06:00" level=debug msg="Invoking: cartservice-qdzirhitu7ygfyldnhj2.default.192.168.1.240.sslip.io:80"
time="2024-05-30T02:26:02.611434457-06:00" level=debug msg="Invoked cartservice-qdzirhitu7ygfyldnhj2.default.192.168.1.240.sslip.io in 13770 usec\n"
time="2024-05-30T02:26:10.103795212-06:00" level=debug msg="Invoking: gptj-python-ftgrlkdv6won9e11macq.default.192.168.1.240.sslip.io:80"
time="2024-05-30T02:26:10.114208029-06:00" level=debug msg="Invoked gptj-python-ftgrlkdv6won9e11macq.default.192.168.1.240.sslip.io in 10419 usec\n"
time="2024-05-30T02:26:17.610188873-06:00" level=debug msg="Invoking: gptj-python-ftgrlkdv6won9e11macq.default.192.168.1.240.sslip.io:80"
time="2024-05-30T02:26:17.620583043-06:00" level=debug msg="Invoked gptj-python-ftgrlkdv6won9e11macq.default.192.168.1.240.sslip.io in 10401 usec\n"
time="2024-05-30T02:26:25.113953137-06:00" level=debug msg="Invoking: gptj-python-ftgrlkdv6won9e11macq.default.192.168.1.240.sslip.io:80"
time="2024-05-30T02:26:25.124021455-06:00" level=debug msg="Invoked gptj-python-ftgrlkdv6won9e11macq.default.192.168.1.240.sslip.io in 10075 usec\n"
time="2024-05-30T02:26:32.621438599-06:00" level=debug msg="Invoking: cartservice-qdzirhitu7ygfyldnhj2.default.192.168.1.240.sslip.io:80"
time="2024-05-30T02:26:32.63338046-06:00" level=debug msg="Invoked cartservice-qdzirhitu7ygfyldnhj2.default.192.168.1.240.sslip.io in 11952 usec\n"
time="2024-05-30T02:26:40.128218913-06:00" level=debug msg="Invoking: gptj-python-ftgrlkdv6won9e11macq.default.192.168.1.240.sslip.io:80"
time="2024-05-30T02:26:40.139226412-06:00" level=debug msg="Invoked gptj-python-ftgrlkdv6won9e11macq.default.192.168.1.240.sslip.io in 11016 usec\n"
time="2024-05-30T02:26:47.633444402-06:00" level=debug msg="Invoking: gptj-python-ftgrlkdv6won9e11macq.default.192.168.1.240.sslip.io:80"
time="2024-05-30T02:26:47.643541223-06:00" level=debug msg="Invoked gptj-python-ftgrlkdv6won9e11macq.default.192.168.1.240.sslip.io in 10102 usec\n"
time="2024-05-30T02:26:55.137500653-06:00" level=debug msg="Invoking: gptj-python-ftgrlkdv6won9e11macq.default.192.168.1.240.sslip.io:80"
time="2024-05-30T02:26:55.148406007-06:00" level=debug msg="Invoked gptj-python-ftgrlkdv6won9e11macq.default.192.168.1.240.sslip.io in 10919 usec\n"
time="2024-05-30T02:27:02.597419284-06:00" level=debug msg="Minute: 13"
time="2024-05-30T02:27:02.597518457-06:00" level=debug msg="Number of Invocations this iteration: 8"
time="2024-05-30T02:27:02.597612441-06:00" level=debug msg="Invoking: cartservice-qdzirhitu7ygfyldnhj2.default.192.168.1.240.sslip.io:80"
time="2024-05-30T02:27:02.618539157-06:00" level=debug msg="Invoked cartservice-qdzirhitu7ygfyldnhj2.default.192.168.1.240.sslip.io in 20924 usec\n"
time="2024-05-30T02:27:10.10153148-06:00" level=debug msg="Invoking: gptj-python-ftgrlkdv6won9e11macq.default.192.168.1.240.sslip.io:80"
time="2024-05-30T02:27:10.119218632-06:00" level=debug msg="Invoked gptj-python-ftgrlkdv6won9e11macq.default.192.168.1.240.sslip.io in 17699 usec\n"
time="2024-05-30T02:27:17.608065287-06:00" level=debug msg="Invoking: gptj-python-ftgrlkdv6won9e11macq.default.192.168.1.240.sslip.io:80"
time="2024-05-30T02:27:17.618689989-06:00" level=debug msg="Invoked gptj-python-ftgrlkdv6won9e11macq.default.192.168.1.240.sslip.io in 10634 usec\n"
time="2024-05-30T02:27:25.113693124-06:00" level=debug msg="Invoking: gptj-python-ftgrlkdv6won9e11macq.default.192.168.1.240.sslip.io:80"
time="2024-05-30T02:27:25.124126581-06:00" level=debug msg="Invoked gptj-python-ftgrlkdv6won9e11macq.default.192.168.1.240.sslip.io in 10447 usec\n"
time="2024-05-30T02:27:32.617493668-06:00" level=debug msg="Invoking: cartservice-qdzirhitu7ygfyldnhj2.default.192.168.1.240.sslip.io:80"
time="2024-05-30T02:27:32.631180877-06:00" level=debug msg="Invoked cartservice-qdzirhitu7ygfyldnhj2.default.192.168.1.240.sslip.io in 13695 usec\n"
time="2024-05-30T02:27:40.117656211-06:00" level=debug msg="Invoking: gptj-python-ftgrlkdv6won9e11macq.default.192.168.1.240.sslip.io:80"
time="2024-05-30T02:27:40.130362022-06:00" level=debug msg="Invoked gptj-python-ftgrlkdv6won9e11macq.default.192.168.1.240.sslip.io in 12711 usec\n"
time="2024-05-30T02:27:47.621511181-06:00" level=debug msg="Invoking: gptj-python-ftgrlkdv6won9e11macq.default.192.168.1.240.sslip.io:80"
time="2024-05-30T02:27:47.631836811-06:00" level=debug msg="Invoked gptj-python-ftgrlkdv6won9e11macq.default.192.168.1.240.sslip.io in 10334 usec\n"
time="2024-05-30T02:27:55.125507771-06:00" level=debug msg="Invoking: gptj-python-ftgrlkdv6won9e11macq.default.192.168.1.240.sslip.io:80"
time="2024-05-30T02:27:55.137719464-06:00" level=debug msg="Invoked gptj-python-ftgrlkdv6won9e11macq.default.192.168.1.240.sslip.io in 12221 usec\n"
time="2024-05-30T02:28:02.597476615-06:00" level=info msg="Experiment Phase Completed"
time="2024-05-30T02:28:02.59760682-06:00" level=info msg="Issued / completed requests: 112, 112"
time="2024-05-30T02:28:02.597644001-06:00" level=info msg="Average Real RPS: 0.13 "
time="2024-05-30T02:28:02.597670292-06:00" level=info msg="Experiment finished!"
time="2024-05-30T02:28:02.597719292-06:00" level=info msg="The measured latencies are saved in rps_lat.csv"
