time="2024-05-30T03:02:04.060761081-06:00" level=debug msg="Debug logging is enabled"
time="2024-05-30T03:02:04.060922173-06:00" level=info msg="Reading the trace endpoints from the file: /users/ArunAMS/vSwarm/tools/load-generator/load.json"
time="2024-05-30T03:02:04.062159073-06:00" level=info msg="Warmup Duration: 3"
time="2024-05-30T03:02:04.062182421-06:00" level=info msg="Experiment Duration: 11"
time="2024-05-30T03:02:04.06220084-06:00" level=info msg="Minute Granularity: true"
time="2024-05-30T03:03:04.121139267-06:00" level=info msg="Running Warmup Phase"
time="2024-05-30T03:03:04.121216904-06:00" level=debug msg="Minute: 0"
time="2024-05-30T03:03:04.121293229-06:00" level=debug msg="Number of Invocations this iteration: 8"
time="2024-05-30T03:03:04.121401192-06:00" level=debug msg="Invoking: cartservice-h242qqbdsewbyppchbro.default.192.168.1.240.sslip.io:80"
time="2024-05-30T03:03:11.628137531-06:00" level=debug msg="Invoking: gptj-python-4lsvtjczaeotnzax25j6.default.192.168.1.240.sslip.io:80"
time="2024-05-30T03:03:19.129174535-06:00" level=debug msg="Invoking: gptj-python-4lsvtjczaeotnzax25j6.default.192.168.1.240.sslip.io:80"
time="2024-05-30T03:03:26.63613045-06:00" level=debug msg="Invoking: gptj-python-4lsvtjczaeotnzax25j6.default.192.168.1.240.sslip.io:80"
time="2024-05-30T03:03:34.140086401-06:00" level=debug msg="Invoking: cartservice-h242qqbdsewbyppchbro.default.192.168.1.240.sslip.io:80"
time="2024-05-30T03:03:41.647249159-06:00" level=debug msg="Invoking: gptj-python-4lsvtjczaeotnzax25j6.default.192.168.1.240.sslip.io:80"
time="2024-05-30T03:03:49.152014193-06:00" level=debug msg="Invoking: gptj-python-4lsvtjczaeotnzax25j6.default.192.168.1.240.sslip.io:80"
time="2024-05-30T03:03:56.656318505-06:00" level=debug msg="Invoking: gptj-python-4lsvtjczaeotnzax25j6.default.192.168.1.240.sslip.io:80"
time="2024-05-30T03:04:04.068068431-06:00" level=debug msg="Minute: 1"
time="2024-05-30T03:04:04.068170837-06:00" level=debug msg="Number of Invocations this iteration: 8"
time="2024-05-30T03:04:04.068265277-06:00" level=debug msg="Invoking: image-rotate-go-6-dp1ovw0994v9vif0zzyl.default.192.168.1.240.sslip.io:80"
time="2024-05-30T03:04:11.572061341-06:00" level=debug msg="Invoking: gptj-python-4lsvtjczaeotnzax25j6.default.192.168.1.240.sslip.io:80"
time="2024-05-30T03:04:19.072087047-06:00" level=debug msg="Invoking: gptj-python-4lsvtjczaeotnzax25j6.default.192.168.1.240.sslip.io:80"
time="2024-05-30T03:04:26.57602001-06:00" level=debug msg="Invoking: gptj-python-4lsvtjczaeotnzax25j6.default.192.168.1.240.sslip.io:80"
time="2024-05-30T03:04:34.083652157-06:00" level=debug msg="Invoking: cartservice-h242qqbdsewbyppchbro.default.192.168.1.240.sslip.io:80"
time="2024-05-30T03:04:41.588063441-06:00" level=debug msg="Invoking: gptj-python-4lsvtjczaeotnzax25j6.default.192.168.1.240.sslip.io:80"
time="2024-05-30T03:04:49.092726868-06:00" level=debug msg="Invoking: gptj-python-4lsvtjczaeotnzax25j6.default.192.168.1.240.sslip.io:80"
time="2024-05-30T03:04:56.599210485-06:00" level=debug msg="Invoking: gptj-python-4lsvtjczaeotnzax25j6.default.192.168.1.240.sslip.io:80"
time="2024-05-30T03:05:04.06800395-06:00" level=debug msg="Minute: 2"
time="2024-05-30T03:05:04.068109828-06:00" level=debug msg="Number of Invocations this iteration: 8"
time="2024-05-30T03:05:04.068208861-06:00" level=debug msg="Invoking: cartservice-h242qqbdsewbyppchbro.default.192.168.1.240.sslip.io:80"
time="2024-05-30T03:05:11.572060525-06:00" level=debug msg="Invoking: gptj-python-4lsvtjczaeotnzax25j6.default.192.168.1.240.sslip.io:80"
time="2024-05-30T03:05:19.079639428-06:00" level=debug msg="Invoking: gptj-python-4lsvtjczaeotnzax25j6.default.192.168.1.240.sslip.io:80"
time="2024-05-30T03:05:26.584014059-06:00" level=debug msg="Invoking: gptj-python-4lsvtjczaeotnzax25j6.default.192.168.1.240.sslip.io:80"
time="2024-05-30T03:05:34.088044148-06:00" level=debug msg="Invoking: cartservice-h242qqbdsewbyppchbro.default.192.168.1.240.sslip.io:80"
time="2024-05-30T03:05:41.592049263-06:00" level=debug msg="Invoking: gptj-python-4lsvtjczaeotnzax25j6.default.192.168.1.240.sslip.io:80"
time="2024-05-30T03:05:49.096120059-06:00" level=debug msg="Invoking: gptj-python-4lsvtjczaeotnzax25j6.default.192.168.1.240.sslip.io:80"
time="2024-05-30T03:05:56.600077076-06:00" level=debug msg="Invoking: gptj-python-4lsvtjczaeotnzax25j6.default.192.168.1.240.sslip.io:80"
time="2024-05-30T03:06:04.068038014-06:00" level=info msg="Warmup Phase Completed"
time="2024-05-30T03:06:04.068119275-06:00" level=info msg="Running Experiment Phase"
time="2024-05-30T03:06:04.068148866-06:00" level=debug msg="Minute: 3"
time="2024-05-30T03:06:04.068197323-06:00" level=debug msg="Number of Invocations this iteration: 8"
time="2024-05-30T03:06:04.068295203-06:00" level=debug msg="Invoking: cartservice-h242qqbdsewbyppchbro.default.192.168.1.240.sslip.io:80"
time="2024-05-30T03:06:04.082055943-06:00" level=debug msg="Invoked cartservice-h242qqbdsewbyppchbro.default.192.168.1.240.sslip.io in 13758 usec\n"
time="2024-05-30T03:06:11.572018814-06:00" level=debug msg="Invoking: gptj-python-4lsvtjczaeotnzax25j6.default.192.168.1.240.sslip.io:80"
time="2024-05-30T03:06:11.58062185-06:00" level=debug msg="Invoked gptj-python-4lsvtjczaeotnzax25j6.default.192.168.1.240.sslip.io in 8617 usec\n"
time="2024-05-30T03:06:19.076117159-06:00" level=debug msg="Invoking: gptj-python-4lsvtjczaeotnzax25j6.default.192.168.1.240.sslip.io:80"
time="2024-05-30T03:06:19.08689906-06:00" level=debug msg="Invoked gptj-python-4lsvtjczaeotnzax25j6.default.192.168.1.240.sslip.io in 10821 usec\n"
time="2024-05-30T03:06:26.580067686-06:00" level=debug msg="Invoking: gptj-python-4lsvtjczaeotnzax25j6.default.192.168.1.240.sslip.io:80"
time="2024-05-30T03:06:26.590294353-06:00" level=debug msg="Invoked gptj-python-4lsvtjczaeotnzax25j6.default.192.168.1.240.sslip.io in 10237 usec\n"
time="2024-05-30T03:06:34.084771675-06:00" level=debug msg="Invoking: cartservice-h242qqbdsewbyppchbro.default.192.168.1.240.sslip.io:80"
time="2024-05-30T03:06:34.098157437-06:00" level=debug msg="Invoked cartservice-h242qqbdsewbyppchbro.default.192.168.1.240.sslip.io in 13413 usec\n"
time="2024-05-30T03:06:41.585005583-06:00" level=debug msg="Invoking: gptj-python-4lsvtjczaeotnzax25j6.default.192.168.1.240.sslip.io:80"
time="2024-05-30T03:06:41.594741677-06:00" level=debug msg="Invoked gptj-python-4lsvtjczaeotnzax25j6.default.192.168.1.240.sslip.io in 9782 usec\n"
time="2024-05-30T03:06:49.092067981-06:00" level=debug msg="Invoking: gptj-python-4lsvtjczaeotnzax25j6.default.192.168.1.240.sslip.io:80"
time="2024-05-30T03:06:49.105948667-06:00" level=debug msg="Invoked gptj-python-4lsvtjczaeotnzax25j6.default.192.168.1.240.sslip.io in 13889 usec\n"
time="2024-05-30T03:06:56.596052253-06:00" level=debug msg="Invoking: gptj-python-4lsvtjczaeotnzax25j6.default.192.168.1.240.sslip.io:80"
time="2024-05-30T03:06:56.606229278-06:00" level=debug msg="Invoked gptj-python-4lsvtjczaeotnzax25j6.default.192.168.1.240.sslip.io in 10188 usec\n"
time="2024-05-30T03:07:04.069682945-06:00" level=debug msg="Minute: 4"
time="2024-05-30T03:07:04.069787843-06:00" level=debug msg="Number of Invocations this iteration: 8"
time="2024-05-30T03:07:04.069876614-06:00" level=debug msg="Invoking: rnn-serving-python-10-10-kby5zzuptiffqexgildf.default.192.168.1.240.sslip.io:80"
time="2024-05-30T03:07:10.889070886-06:00" level=debug msg="Invoked rnn-serving-python-10-10-kby5zzuptiffqexgildf.default.192.168.1.240.sslip.io in 6819191 usec\n"
time="2024-05-30T03:07:11.570603525-06:00" level=debug msg="Invoking: gptj-python-4lsvtjczaeotnzax25j6.default.192.168.1.240.sslip.io:80"
time="2024-05-30T03:07:11.580089351-06:00" level=debug msg="Invoked gptj-python-4lsvtjczaeotnzax25j6.default.192.168.1.240.sslip.io in 9496 usec\n"
time="2024-05-30T03:07:19.076027016-06:00" level=debug msg="Invoking: gptj-python-4lsvtjczaeotnzax25j6.default.192.168.1.240.sslip.io:80"
time="2024-05-30T03:07:19.085605394-06:00" level=debug msg="Invoked gptj-python-4lsvtjczaeotnzax25j6.default.192.168.1.240.sslip.io in 9591 usec\n"
time="2024-05-30T03:07:26.580006542-06:00" level=debug msg="Invoking: gptj-python-4lsvtjczaeotnzax25j6.default.192.168.1.240.sslip.io:80"
time="2024-05-30T03:07:26.593409742-06:00" level=debug msg="Invoked gptj-python-4lsvtjczaeotnzax25j6.default.192.168.1.240.sslip.io in 13415 usec\n"
time="2024-05-30T03:07:34.084106035-06:00" level=debug msg="Invoking: cartservice-h242qqbdsewbyppchbro.default.192.168.1.240.sslip.io:80"
time="2024-05-30T03:07:34.09655124-06:00" level=debug msg="Invoked cartservice-h242qqbdsewbyppchbro.default.192.168.1.240.sslip.io in 12486 usec\n"
time="2024-05-30T03:07:41.588067991-06:00" level=debug msg="Invoking: gptj-python-4lsvtjczaeotnzax25j6.default.192.168.1.240.sslip.io:80"
time="2024-05-30T03:07:41.5982033-06:00" level=debug msg="Invoked gptj-python-4lsvtjczaeotnzax25j6.default.192.168.1.240.sslip.io in 10146 usec\n"
time="2024-05-30T03:07:49.092077679-06:00" level=debug msg="Invoking: gptj-python-4lsvtjczaeotnzax25j6.default.192.168.1.240.sslip.io:80"
time="2024-05-30T03:07:49.10282334-06:00" level=debug msg="Invoked gptj-python-4lsvtjczaeotnzax25j6.default.192.168.1.240.sslip.io in 10754 usec\n"
time="2024-05-30T03:07:56.596023256-06:00" level=debug msg="Invoking: gptj-python-4lsvtjczaeotnzax25j6.default.192.168.1.240.sslip.io:80"
time="2024-05-30T03:07:56.605965068-06:00" level=debug msg="Invoked gptj-python-4lsvtjczaeotnzax25j6.default.192.168.1.240.sslip.io in 9953 usec\n"
time="2024-05-30T03:08:04.068062668-06:00" level=debug msg="Minute: 5"
time="2024-05-30T03:08:04.068165332-06:00" level=debug msg="Number of Invocations this iteration: 8"
time="2024-05-30T03:08:04.068260945-06:00" level=debug msg="Invoking: cartservice-h242qqbdsewbyppchbro.default.192.168.1.240.sslip.io:80"
time="2024-05-30T03:08:04.082128911-06:00" level=debug msg="Invoked cartservice-h242qqbdsewbyppchbro.default.192.168.1.240.sslip.io in 13861 usec\n"
time="2024-05-30T03:08:11.572110444-06:00" level=debug msg="Invoking: gptj-python-4lsvtjczaeotnzax25j6.default.192.168.1.240.sslip.io:80"
time="2024-05-30T03:08:11.582342207-06:00" level=debug msg="Invoked gptj-python-4lsvtjczaeotnzax25j6.default.192.168.1.240.sslip.io in 10243 usec\n"
time="2024-05-30T03:08:19.078420879-06:00" level=debug msg="Invoking: gptj-python-4lsvtjczaeotnzax25j6.default.192.168.1.240.sslip.io:80"
time="2024-05-30T03:08:19.090640038-06:00" level=debug msg="Invoked gptj-python-4lsvtjczaeotnzax25j6.default.192.168.1.240.sslip.io in 12231 usec\n"
time="2024-05-30T03:08:26.585735016-06:00" level=debug msg="Invoking: gptj-python-4lsvtjczaeotnzax25j6.default.192.168.1.240.sslip.io:80"
time="2024-05-30T03:08:26.595683584-06:00" level=debug msg="Invoked gptj-python-4lsvtjczaeotnzax25j6.default.192.168.1.240.sslip.io in 9959 usec\n"
time="2024-05-30T03:08:34.092070731-06:00" level=debug msg="Invoking: cartservice-h242qqbdsewbyppchbro.default.192.168.1.240.sslip.io:80"
time="2024-05-30T03:08:34.105510854-06:00" level=debug msg="Invoked cartservice-h242qqbdsewbyppchbro.default.192.168.1.240.sslip.io in 13447 usec\n"
time="2024-05-30T03:08:41.592320457-06:00" level=debug msg="Invoking: gptj-python-4lsvtjczaeotnzax25j6.default.192.168.1.240.sslip.io:80"
time="2024-05-30T03:08:41.602027993-06:00" level=debug msg="Invoked gptj-python-4lsvtjczaeotnzax25j6.default.192.168.1.240.sslip.io in 9771 usec\n"
time="2024-05-30T03:08:49.09603169-06:00" level=debug msg="Invoking: gptj-python-4lsvtjczaeotnzax25j6.default.192.168.1.240.sslip.io:80"
time="2024-05-30T03:08:49.106114019-06:00" level=debug msg="Invoked gptj-python-4lsvtjczaeotnzax25j6.default.192.168.1.240.sslip.io in 10092 usec\n"
time="2024-05-30T03:08:56.603154119-06:00" level=debug msg="Invoking: gptj-python-4lsvtjczaeotnzax25j6.default.192.168.1.240.sslip.io:80"
time="2024-05-30T03:08:56.613347894-06:00" level=debug msg="Invoked gptj-python-4lsvtjczaeotnzax25j6.default.192.168.1.240.sslip.io in 10218 usec\n"
time="2024-05-30T03:09:04.068078841-06:00" level=debug msg="Minute: 6"
time="2024-05-30T03:09:04.068177688-06:00" level=debug msg="Number of Invocations this iteration: 8"
time="2024-05-30T03:09:04.068271983-06:00" level=debug msg="Invoking: image-rotate-go-6-dp1ovw0994v9vif0zzyl.default.192.168.1.240.sslip.io:80"
time="2024-05-30T03:09:11.334741463-06:00" level=debug msg="Invoked image-rotate-go-6-dp1ovw0994v9vif0zzyl.default.192.168.1.240.sslip.io in 7266470 usec\n"
time="2024-05-30T03:09:11.569166086-06:00" level=debug msg="Invoking: gptj-python-4lsvtjczaeotnzax25j6.default.192.168.1.240.sslip.io:80"
time="2024-05-30T03:09:11.579156662-06:00" level=debug msg="Invoked gptj-python-4lsvtjczaeotnzax25j6.default.192.168.1.240.sslip.io in 10004 usec\n"
time="2024-05-30T03:09:19.076048121-06:00" level=debug msg="Invoking: gptj-python-4lsvtjczaeotnzax25j6.default.192.168.1.240.sslip.io:80"
time="2024-05-30T03:09:19.087297287-06:00" level=debug msg="Invoked gptj-python-4lsvtjczaeotnzax25j6.default.192.168.1.240.sslip.io in 11283 usec\n"
time="2024-05-30T03:09:26.580836005-06:00" level=debug msg="Invoking: gptj-python-4lsvtjczaeotnzax25j6.default.192.168.1.240.sslip.io:80"
time="2024-05-30T03:09:26.59103212-06:00" level=debug msg="Invoked gptj-python-4lsvtjczaeotnzax25j6.default.192.168.1.240.sslip.io in 10207 usec\n"
time="2024-05-30T03:09:34.084020176-06:00" level=debug msg="Invoking: cartservice-h242qqbdsewbyppchbro.default.192.168.1.240.sslip.io:80"
time="2024-05-30T03:09:34.097625654-06:00" level=debug msg="Invoked cartservice-h242qqbdsewbyppchbro.default.192.168.1.240.sslip.io in 13619 usec\n"
time="2024-05-30T03:09:41.588049686-06:00" level=debug msg="Invoking: gptj-python-4lsvtjczaeotnzax25j6.default.192.168.1.240.sslip.io:80"
time="2024-05-30T03:09:41.600124466-06:00" level=debug msg="Invoked gptj-python-4lsvtjczaeotnzax25j6.default.192.168.1.240.sslip.io in 12084 usec\n"
time="2024-05-30T03:09:49.092071779-06:00" level=debug msg="Invoking: gptj-python-4lsvtjczaeotnzax25j6.default.192.168.1.240.sslip.io:80"
time="2024-05-30T03:09:49.102485397-06:00" level=debug msg="Invoked gptj-python-4lsvtjczaeotnzax25j6.default.192.168.1.240.sslip.io in 10421 usec\n"
time="2024-05-30T03:09:56.596055867-06:00" level=debug msg="Invoking: gptj-python-4lsvtjczaeotnzax25j6.default.192.168.1.240.sslip.io:80"
time="2024-05-30T03:09:56.606111915-06:00" level=debug msg="Invoked gptj-python-4lsvtjczaeotnzax25j6.default.192.168.1.240.sslip.io in 10067 usec\n"
time="2024-05-30T03:10:04.064063451-06:00" level=debug msg="Minute: 7"
time="2024-05-30T03:10:04.064183681-06:00" level=debug msg="Number of Invocations this iteration: 8"
time="2024-05-30T03:10:04.064270766-06:00" level=debug msg="Invoking: cartservice-h242qqbdsewbyppchbro.default.192.168.1.240.sslip.io:80"
time="2024-05-30T03:10:04.079382765-06:00" level=debug msg="Invoked cartservice-h242qqbdsewbyppchbro.default.192.168.1.240.sslip.io in 15109 usec\n"
time="2024-05-30T03:10:11.56810124-06:00" level=debug msg="Invoking: gptj-python-4lsvtjczaeotnzax25j6.default.192.168.1.240.sslip.io:80"
time="2024-05-30T03:10:11.578682367-06:00" level=debug msg="Invoked gptj-python-4lsvtjczaeotnzax25j6.default.192.168.1.240.sslip.io in 10595 usec\n"
time="2024-05-30T03:10:19.071967869-06:00" level=debug msg="Invoking: gptj-python-4lsvtjczaeotnzax25j6.default.192.168.1.240.sslip.io:80"
time="2024-05-30T03:10:19.081545676-06:00" level=debug msg="Invoked gptj-python-4lsvtjczaeotnzax25j6.default.192.168.1.240.sslip.io in 9579 usec\n"
time="2024-05-30T03:10:26.576039511-06:00" level=debug msg="Invoking: gptj-python-4lsvtjczaeotnzax25j6.default.192.168.1.240.sslip.io:80"
time="2024-05-30T03:10:26.585628181-06:00" level=debug msg="Invoked gptj-python-4lsvtjczaeotnzax25j6.default.192.168.1.240.sslip.io in 9592 usec\n"
time="2024-05-30T03:10:34.080056849-06:00" level=debug msg="Invoking: cartservice-h242qqbdsewbyppchbro.default.192.168.1.240.sslip.io:80"
time="2024-05-30T03:10:34.091963735-06:00" level=debug msg="Invoked cartservice-h242qqbdsewbyppchbro.default.192.168.1.240.sslip.io in 11919 usec\n"
time="2024-05-30T03:10:41.58077576-06:00" level=debug msg="Invoking: gptj-python-4lsvtjczaeotnzax25j6.default.192.168.1.240.sslip.io:80"
time="2024-05-30T03:10:41.591637851-06:00" level=debug msg="Invoked gptj-python-4lsvtjczaeotnzax25j6.default.192.168.1.240.sslip.io in 10998 usec\n"
time="2024-05-30T03:10:49.084064583-06:00" level=debug msg="Invoking: gptj-python-4lsvtjczaeotnzax25j6.default.192.168.1.240.sslip.io:80"
time="2024-05-30T03:10:49.093565864-06:00" level=debug msg="Invoked gptj-python-4lsvtjczaeotnzax25j6.default.192.168.1.240.sslip.io in 9517 usec\n"
time="2024-05-30T03:10:56.590521017-06:00" level=debug msg="Invoking: gptj-python-4lsvtjczaeotnzax25j6.default.192.168.1.240.sslip.io:80"
time="2024-05-30T03:10:56.600071629-06:00" level=debug msg="Invoked gptj-python-4lsvtjczaeotnzax25j6.default.192.168.1.240.sslip.io in 9556 usec\n"
time="2024-05-30T03:11:04.068062003-06:00" level=debug msg="Minute: 8"
time="2024-05-30T03:11:04.068208794-06:00" level=debug msg="Number of Invocations this iteration: 8"
time="2024-05-30T03:11:04.068298377-06:00" level=debug msg="Invoking: cartservice-h242qqbdsewbyppchbro.default.192.168.1.240.sslip.io:80"
time="2024-05-30T03:11:04.082546965-06:00" level=debug msg="Invoked cartservice-h242qqbdsewbyppchbro.default.192.168.1.240.sslip.io in 14247 usec\n"
time="2024-05-30T03:11:11.572923424-06:00" level=debug msg="Invoking: gptj-python-4lsvtjczaeotnzax25j6.default.192.168.1.240.sslip.io:80"
time="2024-05-30T03:11:11.582754984-06:00" level=debug msg="Invoked gptj-python-4lsvtjczaeotnzax25j6.default.192.168.1.240.sslip.io in 9843 usec\n"
time="2024-05-30T03:11:19.080077378-06:00" level=debug msg="Invoking: gptj-python-4lsvtjczaeotnzax25j6.default.192.168.1.240.sslip.io:80"
time="2024-05-30T03:11:19.090170027-06:00" level=debug msg="Invoked gptj-python-4lsvtjczaeotnzax25j6.default.192.168.1.240.sslip.io in 10100 usec\n"
time="2024-05-30T03:11:26.584065008-06:00" level=debug msg="Invoking: gptj-python-4lsvtjczaeotnzax25j6.default.192.168.1.240.sslip.io:80"
time="2024-05-30T03:11:26.593576102-06:00" level=debug msg="Invoked gptj-python-4lsvtjczaeotnzax25j6.default.192.168.1.240.sslip.io in 9523 usec\n"
time="2024-05-30T03:11:34.088013355-06:00" level=debug msg="Invoking: cartservice-h242qqbdsewbyppchbro.default.192.168.1.240.sslip.io:80"
time="2024-05-30T03:11:34.100920157-06:00" level=debug msg="Invoked cartservice-h242qqbdsewbyppchbro.default.192.168.1.240.sslip.io in 12920 usec\n"
time="2024-05-30T03:11:41.592031428-06:00" level=debug msg="Invoking: gptj-python-4lsvtjczaeotnzax25j6.default.192.168.1.240.sslip.io:80"
time="2024-05-30T03:11:41.601697853-06:00" level=debug msg="Invoked gptj-python-4lsvtjczaeotnzax25j6.default.192.168.1.240.sslip.io in 9675 usec\n"
time="2024-05-30T03:11:49.096076357-06:00" level=debug msg="Invoking: gptj-python-4lsvtjczaeotnzax25j6.default.192.168.1.240.sslip.io:80"
time="2024-05-30T03:11:49.106872079-06:00" level=debug msg="Invoked gptj-python-4lsvtjczaeotnzax25j6.default.192.168.1.240.sslip.io in 10808 usec\n"
time="2024-05-30T03:11:56.600073005-06:00" level=debug msg="Invoking: gptj-python-4lsvtjczaeotnzax25j6.default.192.168.1.240.sslip.io:80"
time="2024-05-30T03:11:56.609827261-06:00" level=debug msg="Invoked gptj-python-4lsvtjczaeotnzax25j6.default.192.168.1.240.sslip.io in 9766 usec\n"
time="2024-05-30T03:12:04.068321027-06:00" level=debug msg="Minute: 9"
time="2024-05-30T03:12:04.068406639-06:00" level=debug msg="Number of Invocations this iteration: 8"
time="2024-05-30T03:12:04.068477058-06:00" level=debug msg="Invoking: cartservice-h242qqbdsewbyppchbro.default.192.168.1.240.sslip.io:80"
time="2024-05-30T03:12:04.081754498-06:00" level=debug msg="Invoked cartservice-h242qqbdsewbyppchbro.default.192.168.1.240.sslip.io in 13273 usec\n"
time="2024-05-30T03:12:11.57599852-06:00" level=debug msg="Invoking: gptj-python-4lsvtjczaeotnzax25j6.default.192.168.1.240.sslip.io:80"
time="2024-05-30T03:12:11.586090827-06:00" level=debug msg="Invoked gptj-python-4lsvtjczaeotnzax25j6.default.192.168.1.240.sslip.io in 10100 usec\n"
time="2024-05-30T03:12:19.08006443-06:00" level=debug msg="Invoking: gptj-python-4lsvtjczaeotnzax25j6.default.192.168.1.240.sslip.io:80"
time="2024-05-30T03:12:19.08970154-06:00" level=debug msg="Invoked gptj-python-4lsvtjczaeotnzax25j6.default.192.168.1.240.sslip.io in 9648 usec\n"
time="2024-05-30T03:12:26.584016506-06:00" level=debug msg="Invoking: gptj-python-4lsvtjczaeotnzax25j6.default.192.168.1.240.sslip.io:80"
time="2024-05-30T03:12:26.593713866-06:00" level=debug msg="Invoked gptj-python-4lsvtjczaeotnzax25j6.default.192.168.1.240.sslip.io in 9711 usec\n"
time="2024-05-30T03:12:34.088043238-06:00" level=debug msg="Invoking: cartservice-h242qqbdsewbyppchbro.default.192.168.1.240.sslip.io:80"
time="2024-05-30T03:12:34.09857721-06:00" level=debug msg="Invoked cartservice-h242qqbdsewbyppchbro.default.192.168.1.240.sslip.io in 10541 usec\n"
time="2024-05-30T03:12:41.588776983-06:00" level=debug msg="Invoking: gptj-python-4lsvtjczaeotnzax25j6.default.192.168.1.240.sslip.io:80"
time="2024-05-30T03:12:41.59778831-06:00" level=debug msg="Invoked gptj-python-4lsvtjczaeotnzax25j6.default.192.168.1.240.sslip.io in 9085 usec\n"
time="2024-05-30T03:12:49.09615344-06:00" level=debug msg="Invoking: gptj-python-4lsvtjczaeotnzax25j6.default.192.168.1.240.sslip.io:80"
time="2024-05-30T03:12:49.108233279-06:00" level=debug msg="Invoked gptj-python-4lsvtjczaeotnzax25j6.default.192.168.1.240.sslip.io in 12089 usec\n"
time="2024-05-30T03:12:56.600076004-06:00" level=debug msg="Invoking: gptj-python-4lsvtjczaeotnzax25j6.default.192.168.1.240.sslip.io:80"
time="2024-05-30T03:12:56.609929311-06:00" level=debug msg="Invoked gptj-python-4lsvtjczaeotnzax25j6.default.192.168.1.240.sslip.io in 9861 usec\n"
time="2024-05-30T03:13:04.067988853-06:00" level=debug msg="Minute: 10"
time="2024-05-30T03:13:04.06810418-06:00" level=debug msg="Number of Invocations this iteration: 8"
time="2024-05-30T03:13:04.06816713-06:00" level=debug msg="Invoking: rnn-serving-python-10-10-kby5zzuptiffqexgildf.default.192.168.1.240.sslip.io:80"
time="2024-05-30T03:13:10.806210764-06:00" level=debug msg="Invoked rnn-serving-python-10-10-kby5zzuptiffqexgildf.default.192.168.1.240.sslip.io in 6738041 usec\n"
time="2024-05-30T03:13:11.568896054-06:00" level=debug msg="Invoking: gptj-python-4lsvtjczaeotnzax25j6.default.192.168.1.240.sslip.io:80"
time="2024-05-30T03:13:11.578875628-06:00" level=debug msg="Invoked gptj-python-4lsvtjczaeotnzax25j6.default.192.168.1.240.sslip.io in 10015 usec\n"
time="2024-05-30T03:13:19.076079158-06:00" level=debug msg="Invoking: gptj-python-4lsvtjczaeotnzax25j6.default.192.168.1.240.sslip.io:80"
time="2024-05-30T03:13:19.08677585-06:00" level=debug msg="Invoked gptj-python-4lsvtjczaeotnzax25j6.default.192.168.1.240.sslip.io in 10709 usec\n"
time="2024-05-30T03:13:26.582994813-06:00" level=debug msg="Invoking: gptj-python-4lsvtjczaeotnzax25j6.default.192.168.1.240.sslip.io:80"
time="2024-05-30T03:13:26.592943943-06:00" level=debug msg="Invoked gptj-python-4lsvtjczaeotnzax25j6.default.192.168.1.240.sslip.io in 9959 usec\n"
time="2024-05-30T03:13:34.085628617-06:00" level=debug msg="Invoking: cartservice-h242qqbdsewbyppchbro.default.192.168.1.240.sslip.io:80"
time="2024-05-30T03:13:34.098192513-06:00" level=debug msg="Invoked cartservice-h242qqbdsewbyppchbro.default.192.168.1.240.sslip.io in 12574 usec\n"
time="2024-05-30T03:13:41.592003375-06:00" level=debug msg="Invoking: gptj-python-4lsvtjczaeotnzax25j6.default.192.168.1.240.sslip.io:80"
time="2024-05-30T03:13:41.603344176-06:00" level=debug msg="Invoked gptj-python-4lsvtjczaeotnzax25j6.default.192.168.1.240.sslip.io in 11353 usec\n"
time="2024-05-30T03:13:49.097269092-06:00" level=debug msg="Invoking: gptj-python-4lsvtjczaeotnzax25j6.default.192.168.1.240.sslip.io:80"
time="2024-05-30T03:13:49.108722769-06:00" level=debug msg="Invoked gptj-python-4lsvtjczaeotnzax25j6.default.192.168.1.240.sslip.io in 11466 usec\n"
time="2024-05-30T03:13:56.604001195-06:00" level=debug msg="Invoking: gptj-python-4lsvtjczaeotnzax25j6.default.192.168.1.240.sslip.io:80"
time="2024-05-30T03:13:56.6145329-06:00" level=debug msg="Invoked gptj-python-4lsvtjczaeotnzax25j6.default.192.168.1.240.sslip.io in 10541 usec\n"
time="2024-05-30T03:14:04.06804165-06:00" level=debug msg="Minute: 11"
time="2024-05-30T03:14:04.068140776-06:00" level=debug msg="Number of Invocations this iteration: 8"
time="2024-05-30T03:14:04.068238236-06:00" level=debug msg="Invoking: image-rotate-go-6-dp1ovw0994v9vif0zzyl.default.192.168.1.240.sslip.io:80"
time="2024-05-30T03:14:11.573088814-06:00" level=debug msg="Invoking: gptj-python-4lsvtjczaeotnzax25j6.default.192.168.1.240.sslip.io:80"
time="2024-05-30T03:14:11.582216083-06:00" level=debug msg="Invoked gptj-python-4lsvtjczaeotnzax25j6.default.192.168.1.240.sslip.io in 9138 usec\n"
time="2024-05-30T03:14:16.335190134-06:00" level=debug msg="Invoked image-rotate-go-6-dp1ovw0994v9vif0zzyl.default.192.168.1.240.sslip.io in 12266950 usec\n"
time="2024-05-30T03:14:19.075452215-06:00" level=debug msg="Invoking: gptj-python-4lsvtjczaeotnzax25j6.default.192.168.1.240.sslip.io:80"
time="2024-05-30T03:14:19.085572199-06:00" level=debug msg="Invoked gptj-python-4lsvtjczaeotnzax25j6.default.192.168.1.240.sslip.io in 10134 usec\n"
time="2024-05-30T03:14:26.580031595-06:00" level=debug msg="Invoking: gptj-python-4lsvtjczaeotnzax25j6.default.192.168.1.240.sslip.io:80"
time="2024-05-30T03:14:26.590687559-06:00" level=debug msg="Invoked gptj-python-4lsvtjczaeotnzax25j6.default.192.168.1.240.sslip.io in 10668 usec\n"
time="2024-05-30T03:14:34.084072338-06:00" level=debug msg="Invoking: cartservice-h242qqbdsewbyppchbro.default.192.168.1.240.sslip.io:80"
time="2024-05-30T03:14:34.09647201-06:00" level=debug msg="Invoked cartservice-h242qqbdsewbyppchbro.default.192.168.1.240.sslip.io in 12412 usec\n"
time="2024-05-30T03:14:41.588060722-06:00" level=debug msg="Invoking: gptj-python-4lsvtjczaeotnzax25j6.default.192.168.1.240.sslip.io:80"
time="2024-05-30T03:14:41.599344037-06:00" level=debug msg="Invoked gptj-python-4lsvtjczaeotnzax25j6.default.192.168.1.240.sslip.io in 11288 usec\n"
time="2024-05-30T03:14:49.092064401-06:00" level=debug msg="Invoking: gptj-python-4lsvtjczaeotnzax25j6.default.192.168.1.240.sslip.io:80"
time="2024-05-30T03:14:49.102644685-06:00" level=debug msg="Invoked gptj-python-4lsvtjczaeotnzax25j6.default.192.168.1.240.sslip.io in 10589 usec\n"
time="2024-05-30T03:14:56.595997356-06:00" level=debug msg="Invoking: gptj-python-4lsvtjczaeotnzax25j6.default.192.168.1.240.sslip.io:80"
time="2024-05-30T03:14:56.606093492-06:00" level=debug msg="Invoked gptj-python-4lsvtjczaeotnzax25j6.default.192.168.1.240.sslip.io in 10106 usec\n"
time="2024-05-30T03:15:04.068067004-06:00" level=debug msg="Minute: 12"
time="2024-05-30T03:15:04.06821596-06:00" level=debug msg="Number of Invocations this iteration: 8"
time="2024-05-30T03:15:04.068304078-06:00" level=debug msg="Invoking: cartservice-h242qqbdsewbyppchbro.default.192.168.1.240.sslip.io:80"
time="2024-05-30T03:15:04.080997097-06:00" level=debug msg="Invoked cartservice-h242qqbdsewbyppchbro.default.192.168.1.240.sslip.io in 12691 usec\n"
time="2024-05-30T03:15:11.572016348-06:00" level=debug msg="Invoking: gptj-python-4lsvtjczaeotnzax25j6.default.192.168.1.240.sslip.io:80"
time="2024-05-30T03:15:11.582399538-06:00" level=debug msg="Invoked gptj-python-4lsvtjczaeotnzax25j6.default.192.168.1.240.sslip.io in 10395 usec\n"
time="2024-05-30T03:15:19.076052244-06:00" level=debug msg="Invoking: gptj-python-4lsvtjczaeotnzax25j6.default.192.168.1.240.sslip.io:80"
time="2024-05-30T03:15:19.085889749-06:00" level=debug msg="Invoked gptj-python-4lsvtjczaeotnzax25j6.default.192.168.1.240.sslip.io in 9850 usec\n"
time="2024-05-30T03:15:26.580066184-06:00" level=debug msg="Invoking: gptj-python-4lsvtjczaeotnzax25j6.default.192.168.1.240.sslip.io:80"
time="2024-05-30T03:15:26.590841222-06:00" level=debug msg="Invoked gptj-python-4lsvtjczaeotnzax25j6.default.192.168.1.240.sslip.io in 10788 usec\n"
time="2024-05-30T03:15:34.087303905-06:00" level=debug msg="Invoking: cartservice-h242qqbdsewbyppchbro.default.192.168.1.240.sslip.io:80"
time="2024-05-30T03:15:34.09912626-06:00" level=debug msg="Invoked cartservice-h242qqbdsewbyppchbro.default.192.168.1.240.sslip.io in 11835 usec\n"
time="2024-05-30T03:15:41.594277691-06:00" level=debug msg="Invoking: gptj-python-4lsvtjczaeotnzax25j6.default.192.168.1.240.sslip.io:80"
time="2024-05-30T03:15:41.605079624-06:00" level=debug msg="Invoked gptj-python-4lsvtjczaeotnzax25j6.default.192.168.1.240.sslip.io in 10796 usec\n"
time="2024-05-30T03:15:49.100955484-06:00" level=debug msg="Invoking: gptj-python-4lsvtjczaeotnzax25j6.default.192.168.1.240.sslip.io:80"
time="2024-05-30T03:15:49.111630181-06:00" level=debug msg="Invoked gptj-python-4lsvtjczaeotnzax25j6.default.192.168.1.240.sslip.io in 10687 usec\n"
time="2024-05-30T03:15:56.607245147-06:00" level=debug msg="Invoking: gptj-python-4lsvtjczaeotnzax25j6.default.192.168.1.240.sslip.io:80"
time="2024-05-30T03:15:56.619549975-06:00" level=debug msg="Invoked gptj-python-4lsvtjczaeotnzax25j6.default.192.168.1.240.sslip.io in 12317 usec\n"
time="2024-05-30T03:16:04.068065333-06:00" level=debug msg="Minute: 13"
time="2024-05-30T03:16:04.068175688-06:00" level=debug msg="Number of Invocations this iteration: 8"
time="2024-05-30T03:16:04.068272903-06:00" level=debug msg="Invoking: cartservice-h242qqbdsewbyppchbro.default.192.168.1.240.sslip.io:80"
time="2024-05-30T03:16:04.081560274-06:00" level=debug msg="Invoked cartservice-h242qqbdsewbyppchbro.default.192.168.1.240.sslip.io in 13287 usec\n"
time="2024-05-30T03:16:11.572045599-06:00" level=debug msg="Invoking: gptj-python-4lsvtjczaeotnzax25j6.default.192.168.1.240.sslip.io:80"
time="2024-05-30T03:16:11.5823785-06:00" level=debug msg="Invoked gptj-python-4lsvtjczaeotnzax25j6.default.192.168.1.240.sslip.io in 10344 usec\n"
time="2024-05-30T03:16:19.076076609-06:00" level=debug msg="Invoking: gptj-python-4lsvtjczaeotnzax25j6.default.192.168.1.240.sslip.io:80"
time="2024-05-30T03:16:19.088901015-06:00" level=debug msg="Invoked gptj-python-4lsvtjczaeotnzax25j6.default.192.168.1.240.sslip.io in 12836 usec\n"
time="2024-05-30T03:16:26.580118734-06:00" level=debug msg="Invoking: gptj-python-4lsvtjczaeotnzax25j6.default.192.168.1.240.sslip.io:80"
time="2024-05-30T03:16:26.592400312-06:00" level=debug msg="Invoked gptj-python-4lsvtjczaeotnzax25j6.default.192.168.1.240.sslip.io in 12311 usec\n"
time="2024-05-30T03:16:34.084010892-06:00" level=debug msg="Invoking: cartservice-h242qqbdsewbyppchbro.default.192.168.1.240.sslip.io:80"
time="2024-05-30T03:16:34.095768581-06:00" level=debug msg="Invoked cartservice-h242qqbdsewbyppchbro.default.192.168.1.240.sslip.io in 11772 usec\n"
time="2024-05-30T03:16:41.591031823-06:00" level=debug msg="Invoking: gptj-python-4lsvtjczaeotnzax25j6.default.192.168.1.240.sslip.io:80"
time="2024-05-30T03:16:41.601367322-06:00" level=debug msg="Invoked gptj-python-4lsvtjczaeotnzax25j6.default.192.168.1.240.sslip.io in 10339 usec\n"
time="2024-05-30T03:16:49.09600332-06:00" level=debug msg="Invoking: gptj-python-4lsvtjczaeotnzax25j6.default.192.168.1.240.sslip.io:80"
time="2024-05-30T03:16:49.107785471-06:00" level=debug msg="Invoked gptj-python-4lsvtjczaeotnzax25j6.default.192.168.1.240.sslip.io in 11793 usec\n"
time="2024-05-30T03:16:56.600021718-06:00" level=debug msg="Invoking: gptj-python-4lsvtjczaeotnzax25j6.default.192.168.1.240.sslip.io:80"
time="2024-05-30T03:16:56.610300265-06:00" level=debug msg="Invoked gptj-python-4lsvtjczaeotnzax25j6.default.192.168.1.240.sslip.io in 10291 usec\n"
time="2024-05-30T03:17:04.064051438-06:00" level=info msg="Experiment Phase Completed"
time="2024-05-30T03:17:04.064183887-06:00" level=info msg="Issued / completed requests: 112, 112"
time="2024-05-30T03:17:04.064220853-06:00" level=info msg="Average Real RPS: 0.13 "
time="2024-05-30T03:17:04.064247568-06:00" level=info msg="Experiment finished!"
time="2024-05-30T03:17:04.064275391-06:00" level=info msg="The measured latencies are saved in rps_lat.csv"
