time="2024-05-28T18:16:47.49439606-06:00" level=debug msg="Debug logging is enabled"
time="2024-05-28T18:16:47.494583433-06:00" level=info msg="Reading the trace endpoints from the file: /users/ArunAMS/vSwarm/tools/load-generator/load.json"
time="2024-05-28T18:16:47.496309128-06:00" level=info msg="Warmup Duration: 3"
time="2024-05-28T18:16:47.496340421-06:00" level=info msg="Experiment Duration: 11"
time="2024-05-28T18:16:47.496365152-06:00" level=info msg="Minute Granularity: true"
time="2024-05-28T18:17:47.553379636-06:00" level=info msg="Running Warmup Phase"
time="2024-05-28T18:17:47.553462972-06:00" level=debug msg="Minute: 0"
time="2024-05-28T18:17:47.553543363-06:00" level=debug msg="Number of Invocations this iteration: 8"
time="2024-05-28T18:17:47.553657976-06:00" level=debug msg="Invoking: cartservice-cqhqc3e2qakco07sui6k.default.192.168.1.240.sslip.io:80"
time="2024-05-28T18:17:55.057358261-06:00" level=debug msg="Invoking: gptj-python-asa451j36tksgm81hj47.default.192.168.1.240.sslip.io:80"
time="2024-05-28T18:18:02.55744544-06:00" level=debug msg="Invoking: gptj-python-asa451j36tksgm81hj47.default.192.168.1.240.sslip.io:80"
time="2024-05-28T18:18:10.061760721-06:00" level=debug msg="Invoking: gptj-python-asa451j36tksgm81hj47.default.192.168.1.240.sslip.io:80"
time="2024-05-28T18:18:17.565393905-06:00" level=debug msg="Invoking: cartservice-cqhqc3e2qakco07sui6k.default.192.168.1.240.sslip.io:80"
time="2024-05-28T18:18:25.069363464-06:00" level=debug msg="Invoking: gptj-python-asa451j36tksgm81hj47.default.192.168.1.240.sslip.io:80"
time="2024-05-28T18:18:32.573403206-06:00" level=debug msg="Invoking: gptj-python-asa451j36tksgm81hj47.default.192.168.1.240.sslip.io:80"
time="2024-05-28T18:18:40.077392589-06:00" level=debug msg="Invoking: gptj-python-asa451j36tksgm81hj47.default.192.168.1.240.sslip.io:80"
time="2024-05-28T18:18:47.50200796-06:00" level=debug msg="Minute: 1"
time="2024-05-28T18:18:47.502107668-06:00" level=debug msg="Number of Invocations this iteration: 8"
time="2024-05-28T18:18:47.502205033-06:00" level=debug msg="Invoking: image-rotate-go-6-xih9jbgnn7kc45o3to7j.default.192.168.1.240.sslip.io:80"
time="2024-05-28T18:18:55.003250397-06:00" level=debug msg="Invoking: gptj-python-asa451j36tksgm81hj47.default.192.168.1.240.sslip.io:80"
time="2024-05-28T18:19:02.510116626-06:00" level=debug msg="Invoking: gptj-python-asa451j36tksgm81hj47.default.192.168.1.240.sslip.io:80"
time="2024-05-28T18:19:10.013393495-06:00" level=debug msg="Invoking: gptj-python-asa451j36tksgm81hj47.default.192.168.1.240.sslip.io:80"
time="2024-05-28T18:19:17.517356714-06:00" level=debug msg="Invoking: cartservice-cqhqc3e2qakco07sui6k.default.192.168.1.240.sslip.io:80"
time="2024-05-28T18:19:25.021371222-06:00" level=debug msg="Invoking: gptj-python-asa451j36tksgm81hj47.default.192.168.1.240.sslip.io:80"
time="2024-05-28T18:19:32.525418524-06:00" level=debug msg="Invoking: gptj-python-asa451j36tksgm81hj47.default.192.168.1.240.sslip.io:80"
time="2024-05-28T18:19:40.030247934-06:00" level=debug msg="Invoking: gptj-python-asa451j36tksgm81hj47.default.192.168.1.240.sslip.io:80"
time="2024-05-28T18:19:47.501367258-06:00" level=debug msg="Minute: 2"
time="2024-05-28T18:19:47.501443224-06:00" level=debug msg="Number of Invocations this iteration: 8"
time="2024-05-28T18:19:47.501511287-06:00" level=debug msg="Invoking: cartservice-cqhqc3e2qakco07sui6k.default.192.168.1.240.sslip.io:80"
time="2024-05-28T18:19:55.005332166-06:00" level=debug msg="Invoking: gptj-python-asa451j36tksgm81hj47.default.192.168.1.240.sslip.io:80"
time="2024-05-28T18:20:02.510341059-06:00" level=debug msg="Invoking: gptj-python-asa451j36tksgm81hj47.default.192.168.1.240.sslip.io:80"
time="2024-05-28T18:20:10.01338813-06:00" level=debug msg="Invoking: gptj-python-asa451j36tksgm81hj47.default.192.168.1.240.sslip.io:80"
time="2024-05-28T18:20:17.518675998-06:00" level=debug msg="Invoking: cartservice-cqhqc3e2qakco07sui6k.default.192.168.1.240.sslip.io:80"
time="2024-05-28T18:20:25.025321961-06:00" level=debug msg="Invoking: gptj-python-asa451j36tksgm81hj47.default.192.168.1.240.sslip.io:80"
time="2024-05-28T18:20:32.530852762-06:00" level=debug msg="Invoking: gptj-python-asa451j36tksgm81hj47.default.192.168.1.240.sslip.io:80"
time="2024-05-28T18:20:40.037333955-06:00" level=debug msg="Invoking: gptj-python-asa451j36tksgm81hj47.default.192.168.1.240.sslip.io:80"
time="2024-05-28T18:20:47.501382407-06:00" level=info msg="Warmup Phase Completed"
time="2024-05-28T18:20:47.501466922-06:00" level=info msg="Running Experiment Phase"
time="2024-05-28T18:20:47.501497048-06:00" level=debug msg="Minute: 3"
time="2024-05-28T18:20:47.501542415-06:00" level=debug msg="Number of Invocations this iteration: 8"
time="2024-05-28T18:20:47.50162335-06:00" level=debug msg="Invoking: cartservice-cqhqc3e2qakco07sui6k.default.192.168.1.240.sslip.io:80"
time="2024-05-28T18:20:47.517388449-06:00" level=debug msg="Invoked cartservice-cqhqc3e2qakco07sui6k.default.192.168.1.240.sslip.io in 15763 usec\n"
time="2024-05-28T18:20:55.005397629-06:00" level=debug msg="Invoking: gptj-python-asa451j36tksgm81hj47.default.192.168.1.240.sslip.io:80"
time="2024-05-28T18:20:55.016449378-06:00" level=debug msg="Invoked gptj-python-asa451j36tksgm81hj47.default.192.168.1.240.sslip.io in 11061 usec\n"
time="2024-05-28T18:21:02.510048563-06:00" level=debug msg="Invoking: gptj-python-asa451j36tksgm81hj47.default.192.168.1.240.sslip.io:80"
time="2024-05-28T18:21:02.520611855-06:00" level=debug msg="Invoked gptj-python-asa451j36tksgm81hj47.default.192.168.1.240.sslip.io in 10572 usec\n"
time="2024-05-28T18:21:10.01334303-06:00" level=debug msg="Invoking: gptj-python-asa451j36tksgm81hj47.default.192.168.1.240.sslip.io:80"
time="2024-05-28T18:21:10.023814084-06:00" level=debug msg="Invoked gptj-python-asa451j36tksgm81hj47.default.192.168.1.240.sslip.io in 10480 usec\n"
time="2024-05-28T18:21:17.517319986-06:00" level=debug msg="Invoking: cartservice-cqhqc3e2qakco07sui6k.default.192.168.1.240.sslip.io:80"
time="2024-05-28T18:21:17.531082106-06:00" level=debug msg="Invoked cartservice-cqhqc3e2qakco07sui6k.default.192.168.1.240.sslip.io in 13745 usec\n"
time="2024-05-28T18:21:25.017519748-06:00" level=debug msg="Invoking: gptj-python-asa451j36tksgm81hj47.default.192.168.1.240.sslip.io:80"
time="2024-05-28T18:21:25.028249035-06:00" level=debug msg="Invoked gptj-python-asa451j36tksgm81hj47.default.192.168.1.240.sslip.io in 10749 usec\n"
time="2024-05-28T18:21:32.522176162-06:00" level=debug msg="Invoking: gptj-python-asa451j36tksgm81hj47.default.192.168.1.240.sslip.io:80"
time="2024-05-28T18:21:32.531975237-06:00" level=debug msg="Invoked gptj-python-asa451j36tksgm81hj47.default.192.168.1.240.sslip.io in 9806 usec\n"
time="2024-05-28T18:21:40.029420654-06:00" level=debug msg="Invoking: gptj-python-asa451j36tksgm81hj47.default.192.168.1.240.sslip.io:80"
time="2024-05-28T18:21:40.040695253-06:00" level=debug msg="Invoked gptj-python-asa451j36tksgm81hj47.default.192.168.1.240.sslip.io in 11289 usec\n"
time="2024-05-28T18:21:47.501396062-06:00" level=debug msg="Minute: 4"
time="2024-05-28T18:21:47.501516914-06:00" level=debug msg="Number of Invocations this iteration: 8"
time="2024-05-28T18:21:47.501635236-06:00" level=debug msg="Invoking: rnn-serving-python-10-10-8jt4fg6t0lhsn6nsy56q.default.192.168.1.240.sslip.io:80"
time="2024-05-28T18:21:54.384577336-06:00" level=debug msg="Invoked rnn-serving-python-10-10-8jt4fg6t0lhsn6nsy56q.default.192.168.1.240.sslip.io in 6882938 usec\n"
time="2024-05-28T18:21:55.002184456-06:00" level=debug msg="Invoking: gptj-python-asa451j36tksgm81hj47.default.192.168.1.240.sslip.io:80"
time="2024-05-28T18:21:55.012968785-06:00" level=debug msg="Invoked gptj-python-asa451j36tksgm81hj47.default.192.168.1.240.sslip.io in 10817 usec\n"
time="2024-05-28T18:22:02.505440012-06:00" level=debug msg="Invoking: gptj-python-asa451j36tksgm81hj47.default.192.168.1.240.sslip.io:80"
time="2024-05-28T18:22:02.515720052-06:00" level=debug msg="Invoked gptj-python-asa451j36tksgm81hj47.default.192.168.1.240.sslip.io in 10313 usec\n"
time="2024-05-28T18:22:10.011636425-06:00" level=debug msg="Invoking: gptj-python-asa451j36tksgm81hj47.default.192.168.1.240.sslip.io:80"
time="2024-05-28T18:22:10.021654901-06:00" level=debug msg="Invoked gptj-python-asa451j36tksgm81hj47.default.192.168.1.240.sslip.io in 10031 usec\n"
time="2024-05-28T18:22:17.517417076-06:00" level=debug msg="Invoking: cartservice-cqhqc3e2qakco07sui6k.default.192.168.1.240.sslip.io:80"
time="2024-05-28T18:22:17.529542707-06:00" level=debug msg="Invoked cartservice-cqhqc3e2qakco07sui6k.default.192.168.1.240.sslip.io in 12135 usec\n"
time="2024-05-28T18:22:25.021418256-06:00" level=debug msg="Invoking: gptj-python-asa451j36tksgm81hj47.default.192.168.1.240.sslip.io:80"
time="2024-05-28T18:22:25.03190705-06:00" level=debug msg="Invoked gptj-python-asa451j36tksgm81hj47.default.192.168.1.240.sslip.io in 10498 usec\n"
time="2024-05-28T18:22:32.525393793-06:00" level=debug msg="Invoking: gptj-python-asa451j36tksgm81hj47.default.192.168.1.240.sslip.io:80"
time="2024-05-28T18:22:32.536056942-06:00" level=debug msg="Invoked gptj-python-asa451j36tksgm81hj47.default.192.168.1.240.sslip.io in 10675 usec\n"
time="2024-05-28T18:22:40.029397666-06:00" level=debug msg="Invoking: gptj-python-asa451j36tksgm81hj47.default.192.168.1.240.sslip.io:80"
time="2024-05-28T18:22:40.038788449-06:00" level=debug msg="Invoked gptj-python-asa451j36tksgm81hj47.default.192.168.1.240.sslip.io in 9402 usec\n"
time="2024-05-28T18:22:47.501387583-06:00" level=debug msg="Minute: 5"
time="2024-05-28T18:22:47.501489561-06:00" level=debug msg="Number of Invocations this iteration: 8"
time="2024-05-28T18:22:47.5015813-06:00" level=debug msg="Invoking: cartservice-cqhqc3e2qakco07sui6k.default.192.168.1.240.sslip.io:80"
time="2024-05-28T18:22:47.514868391-06:00" level=debug msg="Invoked cartservice-cqhqc3e2qakco07sui6k.default.192.168.1.240.sslip.io in 13285 usec\n"
time="2024-05-28T18:22:55.005389197-06:00" level=debug msg="Invoking: gptj-python-asa451j36tksgm81hj47.default.192.168.1.240.sslip.io:80"
time="2024-05-28T18:22:55.015909726-06:00" level=debug msg="Invoked gptj-python-asa451j36tksgm81hj47.default.192.168.1.240.sslip.io in 10529 usec\n"
time="2024-05-28T18:23:02.509339928-06:00" level=debug msg="Invoking: gptj-python-asa451j36tksgm81hj47.default.192.168.1.240.sslip.io:80"
time="2024-05-28T18:23:02.520137525-06:00" level=debug msg="Invoked gptj-python-asa451j36tksgm81hj47.default.192.168.1.240.sslip.io in 10807 usec\n"
time="2024-05-28T18:23:10.013396673-06:00" level=debug msg="Invoking: gptj-python-asa451j36tksgm81hj47.default.192.168.1.240.sslip.io:80"
time="2024-05-28T18:23:10.02395845-06:00" level=debug msg="Invoked gptj-python-asa451j36tksgm81hj47.default.192.168.1.240.sslip.io in 10573 usec\n"
time="2024-05-28T18:23:17.517361917-06:00" level=debug msg="Invoking: cartservice-cqhqc3e2qakco07sui6k.default.192.168.1.240.sslip.io:80"
time="2024-05-28T18:23:17.529966315-06:00" level=debug msg="Invoked cartservice-cqhqc3e2qakco07sui6k.default.192.168.1.240.sslip.io in 12646 usec\n"
time="2024-05-28T18:23:25.017533-06:00" level=debug msg="Invoking: gptj-python-asa451j36tksgm81hj47.default.192.168.1.240.sslip.io:80"
time="2024-05-28T18:23:25.028055491-06:00" level=debug msg="Invoked gptj-python-asa451j36tksgm81hj47.default.192.168.1.240.sslip.io in 10548 usec\n"
time="2024-05-28T18:23:32.521424959-06:00" level=debug msg="Invoking: gptj-python-asa451j36tksgm81hj47.default.192.168.1.240.sslip.io:80"
time="2024-05-28T18:23:32.531621227-06:00" level=debug msg="Invoked gptj-python-asa451j36tksgm81hj47.default.192.168.1.240.sslip.io in 10202 usec\n"
time="2024-05-28T18:23:40.028989252-06:00" level=debug msg="Invoking: gptj-python-asa451j36tksgm81hj47.default.192.168.1.240.sslip.io:80"
time="2024-05-28T18:23:40.039530007-06:00" level=debug msg="Invoked gptj-python-asa451j36tksgm81hj47.default.192.168.1.240.sslip.io in 10552 usec\n"
time="2024-05-28T18:23:47.500686965-06:00" level=debug msg="Minute: 6"
time="2024-05-28T18:23:47.500798525-06:00" level=debug msg="Number of Invocations this iteration: 8"
time="2024-05-28T18:23:47.500885359-06:00" level=debug msg="Invoking: image-rotate-go-6-xih9jbgnn7kc45o3to7j.default.192.168.1.240.sslip.io:80"
time="2024-05-28T18:23:54.763837575-06:00" level=debug msg="Invoked image-rotate-go-6-xih9jbgnn7kc45o3to7j.default.192.168.1.240.sslip.io in 7262951 usec\n"
time="2024-05-28T18:23:55.000922258-06:00" level=debug msg="Invoking: gptj-python-asa451j36tksgm81hj47.default.192.168.1.240.sslip.io:80"
time="2024-05-28T18:23:55.011309588-06:00" level=debug msg="Invoked gptj-python-asa451j36tksgm81hj47.default.192.168.1.240.sslip.io in 10398 usec\n"
time="2024-05-28T18:24:02.505342048-06:00" level=debug msg="Invoking: gptj-python-asa451j36tksgm81hj47.default.192.168.1.240.sslip.io:80"
time="2024-05-28T18:24:02.515604774-06:00" level=debug msg="Invoked gptj-python-asa451j36tksgm81hj47.default.192.168.1.240.sslip.io in 10271 usec\n"
time="2024-05-28T18:24:10.012910707-06:00" level=debug msg="Invoking: gptj-python-asa451j36tksgm81hj47.default.192.168.1.240.sslip.io:80"
time="2024-05-28T18:24:10.023665142-06:00" level=debug msg="Invoked gptj-python-asa451j36tksgm81hj47.default.192.168.1.240.sslip.io in 10762 usec\n"
time="2024-05-28T18:24:17.520004594-06:00" level=debug msg="Invoking: cartservice-cqhqc3e2qakco07sui6k.default.192.168.1.240.sslip.io:80"
time="2024-05-28T18:24:17.531950315-06:00" level=debug msg="Invoked cartservice-cqhqc3e2qakco07sui6k.default.192.168.1.240.sslip.io in 11954 usec\n"
time="2024-05-28T18:24:25.025394116-06:00" level=debug msg="Invoking: gptj-python-asa451j36tksgm81hj47.default.192.168.1.240.sslip.io:80"
time="2024-05-28T18:24:25.038170323-06:00" level=debug msg="Invoked gptj-python-asa451j36tksgm81hj47.default.192.168.1.240.sslip.io in 12786 usec\n"
time="2024-05-28T18:24:32.529407586-06:00" level=debug msg="Invoking: gptj-python-asa451j36tksgm81hj47.default.192.168.1.240.sslip.io:80"
time="2024-05-28T18:24:32.54001507-06:00" level=debug msg="Invoked gptj-python-asa451j36tksgm81hj47.default.192.168.1.240.sslip.io in 10616 usec\n"
time="2024-05-28T18:24:40.033405868-06:00" level=debug msg="Invoking: gptj-python-asa451j36tksgm81hj47.default.192.168.1.240.sslip.io:80"
time="2024-05-28T18:24:40.043248606-06:00" level=debug msg="Invoked gptj-python-asa451j36tksgm81hj47.default.192.168.1.240.sslip.io in 9853 usec\n"
time="2024-05-28T18:24:47.50362397-06:00" level=debug msg="Minute: 7"
time="2024-05-28T18:24:47.503743632-06:00" level=debug msg="Number of Invocations this iteration: 8"
time="2024-05-28T18:24:47.503837593-06:00" level=debug msg="Invoking: cartservice-cqhqc3e2qakco07sui6k.default.192.168.1.240.sslip.io:80"
time="2024-05-28T18:24:47.517085847-06:00" level=debug msg="Invoked cartservice-cqhqc3e2qakco07sui6k.default.192.168.1.240.sslip.io in 13243 usec\n"
time="2024-05-28T18:24:55.010504978-06:00" level=debug msg="Invoking: gptj-python-asa451j36tksgm81hj47.default.192.168.1.240.sslip.io:80"
time="2024-05-28T18:24:55.020742717-06:00" level=debug msg="Invoked gptj-python-asa451j36tksgm81hj47.default.192.168.1.240.sslip.io in 10246 usec\n"
time="2024-05-28T18:25:02.517422564-06:00" level=debug msg="Invoking: gptj-python-asa451j36tksgm81hj47.default.192.168.1.240.sslip.io:80"
time="2024-05-28T18:25:02.528174363-06:00" level=debug msg="Invoked gptj-python-asa451j36tksgm81hj47.default.192.168.1.240.sslip.io in 10761 usec\n"
time="2024-05-28T18:25:10.021408331-06:00" level=debug msg="Invoking: gptj-python-asa451j36tksgm81hj47.default.192.168.1.240.sslip.io:80"
time="2024-05-28T18:25:10.033013943-06:00" level=debug msg="Invoked gptj-python-asa451j36tksgm81hj47.default.192.168.1.240.sslip.io in 11615 usec\n"
time="2024-05-28T18:25:17.527778171-06:00" level=debug msg="Invoking: cartservice-cqhqc3e2qakco07sui6k.default.192.168.1.240.sslip.io:80"
time="2024-05-28T18:25:17.543351835-06:00" level=debug msg="Invoked cartservice-cqhqc3e2qakco07sui6k.default.192.168.1.240.sslip.io in 15571 usec\n"
time="2024-05-28T18:25:25.033400666-06:00" level=debug msg="Invoking: gptj-python-asa451j36tksgm81hj47.default.192.168.1.240.sslip.io:80"
time="2024-05-28T18:25:25.043928281-06:00" level=debug msg="Invoked gptj-python-asa451j36tksgm81hj47.default.192.168.1.240.sslip.io in 10536 usec\n"
time="2024-05-28T18:25:32.537426006-06:00" level=debug msg="Invoking: gptj-python-asa451j36tksgm81hj47.default.192.168.1.240.sslip.io:80"
time="2024-05-28T18:25:32.54754301-06:00" level=debug msg="Invoked gptj-python-asa451j36tksgm81hj47.default.192.168.1.240.sslip.io in 10126 usec\n"
time="2024-05-28T18:25:40.041358202-06:00" level=debug msg="Invoking: gptj-python-asa451j36tksgm81hj47.default.192.168.1.240.sslip.io:80"
time="2024-05-28T18:25:40.050093984-06:00" level=debug msg="Invoked gptj-python-asa451j36tksgm81hj47.default.192.168.1.240.sslip.io in 8741 usec\n"
time="2024-05-28T18:25:47.501392129-06:00" level=debug msg="Minute: 8"
time="2024-05-28T18:25:47.501556985-06:00" level=debug msg="Number of Invocations this iteration: 8"
time="2024-05-28T18:25:47.50167492-06:00" level=debug msg="Invoking: cartservice-cqhqc3e2qakco07sui6k.default.192.168.1.240.sslip.io:80"
time="2024-05-28T18:25:47.514185269-06:00" level=debug msg="Invoked cartservice-cqhqc3e2qakco07sui6k.default.192.168.1.240.sslip.io in 12509 usec\n"
time="2024-05-28T18:25:55.005392516-06:00" level=debug msg="Invoking: gptj-python-asa451j36tksgm81hj47.default.192.168.1.240.sslip.io:80"
time="2024-05-28T18:25:55.015397605-06:00" level=debug msg="Invoked gptj-python-asa451j36tksgm81hj47.default.192.168.1.240.sslip.io in 10013 usec\n"
time="2024-05-28T18:26:02.509998648-06:00" level=debug msg="Invoking: gptj-python-asa451j36tksgm81hj47.default.192.168.1.240.sslip.io:80"
time="2024-05-28T18:26:02.519982985-06:00" level=debug msg="Invoked gptj-python-asa451j36tksgm81hj47.default.192.168.1.240.sslip.io in 9994 usec\n"
time="2024-05-28T18:26:10.017386135-06:00" level=debug msg="Invoking: gptj-python-asa451j36tksgm81hj47.default.192.168.1.240.sslip.io:80"
time="2024-05-28T18:26:10.027816631-06:00" level=debug msg="Invoked gptj-python-asa451j36tksgm81hj47.default.192.168.1.240.sslip.io in 10437 usec\n"
time="2024-05-28T18:26:17.521368486-06:00" level=debug msg="Invoking: cartservice-cqhqc3e2qakco07sui6k.default.192.168.1.240.sslip.io:80"
time="2024-05-28T18:26:17.532882603-06:00" level=debug msg="Invoked cartservice-cqhqc3e2qakco07sui6k.default.192.168.1.240.sslip.io in 11523 usec\n"
time="2024-05-28T18:26:25.025463382-06:00" level=debug msg="Invoking: gptj-python-asa451j36tksgm81hj47.default.192.168.1.240.sslip.io:80"
time="2024-05-28T18:26:25.036628696-06:00" level=debug msg="Invoked gptj-python-asa451j36tksgm81hj47.default.192.168.1.240.sslip.io in 11174 usec\n"
time="2024-05-28T18:26:32.52961406-06:00" level=debug msg="Invoking: gptj-python-asa451j36tksgm81hj47.default.192.168.1.240.sslip.io:80"
time="2024-05-28T18:26:32.539200864-06:00" level=debug msg="Invoked gptj-python-asa451j36tksgm81hj47.default.192.168.1.240.sslip.io in 9594 usec\n"
time="2024-05-28T18:26:40.030628339-06:00" level=debug msg="Invoking: gptj-python-asa451j36tksgm81hj47.default.192.168.1.240.sslip.io:80"
time="2024-05-28T18:26:40.0413246-06:00" level=debug msg="Invoked gptj-python-asa451j36tksgm81hj47.default.192.168.1.240.sslip.io in 10705 usec\n"
time="2024-05-28T18:26:47.501370249-06:00" level=debug msg="Minute: 9"
time="2024-05-28T18:26:47.501466443-06:00" level=debug msg="Number of Invocations this iteration: 8"
time="2024-05-28T18:26:47.501557881-06:00" level=debug msg="Invoking: cartservice-cqhqc3e2qakco07sui6k.default.192.168.1.240.sslip.io:80"
time="2024-05-28T18:26:47.514624381-06:00" level=debug msg="Invoked cartservice-cqhqc3e2qakco07sui6k.default.192.168.1.240.sslip.io in 13064 usec\n"
time="2024-05-28T18:26:55.005343502-06:00" level=debug msg="Invoking: gptj-python-asa451j36tksgm81hj47.default.192.168.1.240.sslip.io:80"
time="2024-05-28T18:26:55.01476521-06:00" level=debug msg="Invoked gptj-python-asa451j36tksgm81hj47.default.192.168.1.240.sslip.io in 9431 usec\n"
time="2024-05-28T18:27:02.510260409-06:00" level=debug msg="Invoking: gptj-python-asa451j36tksgm81hj47.default.192.168.1.240.sslip.io:80"
time="2024-05-28T18:27:02.519026846-06:00" level=debug msg="Invoked gptj-python-asa451j36tksgm81hj47.default.192.168.1.240.sslip.io in 8771 usec\n"
time="2024-05-28T18:27:10.01734032-06:00" level=debug msg="Invoking: gptj-python-asa451j36tksgm81hj47.default.192.168.1.240.sslip.io:80"
time="2024-05-28T18:27:10.028778401-06:00" level=debug msg="Invoked gptj-python-asa451j36tksgm81hj47.default.192.168.1.240.sslip.io in 11447 usec\n"
time="2024-05-28T18:27:17.521384152-06:00" level=debug msg="Invoking: cartservice-cqhqc3e2qakco07sui6k.default.192.168.1.240.sslip.io:80"
time="2024-05-28T18:27:17.533026215-06:00" level=debug msg="Invoked cartservice-cqhqc3e2qakco07sui6k.default.192.168.1.240.sslip.io in 11651 usec\n"
time="2024-05-28T18:27:25.022194637-06:00" level=debug msg="Invoking: gptj-python-asa451j36tksgm81hj47.default.192.168.1.240.sslip.io:80"
time="2024-05-28T18:27:25.032740554-06:00" level=debug msg="Invoked gptj-python-asa451j36tksgm81hj47.default.192.168.1.240.sslip.io in 10653 usec\n"
time="2024-05-28T18:27:32.527322263-06:00" level=debug msg="Invoking: gptj-python-asa451j36tksgm81hj47.default.192.168.1.240.sslip.io:80"
time="2024-05-28T18:27:32.538170266-06:00" level=debug msg="Invoked gptj-python-asa451j36tksgm81hj47.default.192.168.1.240.sslip.io in 10852 usec\n"
time="2024-05-28T18:27:40.033334187-06:00" level=debug msg="Invoking: gptj-python-asa451j36tksgm81hj47.default.192.168.1.240.sslip.io:80"
time="2024-05-28T18:27:40.043961786-06:00" level=debug msg="Invoked gptj-python-asa451j36tksgm81hj47.default.192.168.1.240.sslip.io in 10637 usec\n"
time="2024-05-28T18:27:47.501409116-06:00" level=debug msg="Minute: 10"
time="2024-05-28T18:27:47.501547525-06:00" level=debug msg="Number of Invocations this iteration: 8"
time="2024-05-28T18:27:47.501632426-06:00" level=debug msg="Invoking: rnn-serving-python-10-10-8jt4fg6t0lhsn6nsy56q.default.192.168.1.240.sslip.io:80"
time="2024-05-28T18:27:55.008447601-06:00" level=debug msg="Invoking: gptj-python-asa451j36tksgm81hj47.default.192.168.1.240.sslip.io:80"
time="2024-05-28T18:27:55.018773606-06:00" level=debug msg="Invoked gptj-python-asa451j36tksgm81hj47.default.192.168.1.240.sslip.io in 10335 usec\n"
time="2024-05-28T18:28:01.968806291-06:00" level=debug msg="Invoked rnn-serving-python-10-10-8jt4fg6t0lhsn6nsy56q.default.192.168.1.240.sslip.io in 14467175 usec\n"
time="2024-05-28T18:28:02.509473884-06:00" level=debug msg="Invoking: gptj-python-asa451j36tksgm81hj47.default.192.168.1.240.sslip.io:80"
time="2024-05-28T18:28:02.519023613-06:00" level=debug msg="Invoked gptj-python-asa451j36tksgm81hj47.default.192.168.1.240.sslip.io in 9559 usec\n"
time="2024-05-28T18:28:10.01342064-06:00" level=debug msg="Invoking: gptj-python-asa451j36tksgm81hj47.default.192.168.1.240.sslip.io:80"
time="2024-05-28T18:28:10.023007877-06:00" level=debug msg="Invoked gptj-python-asa451j36tksgm81hj47.default.192.168.1.240.sslip.io in 9595 usec\n"
time="2024-05-28T18:28:17.517400981-06:00" level=debug msg="Invoking: cartservice-cqhqc3e2qakco07sui6k.default.192.168.1.240.sslip.io:80"
time="2024-05-28T18:28:17.529503627-06:00" level=debug msg="Invoked cartservice-cqhqc3e2qakco07sui6k.default.192.168.1.240.sslip.io in 12111 usec\n"
time="2024-05-28T18:28:25.021334242-06:00" level=debug msg="Invoking: gptj-python-asa451j36tksgm81hj47.default.192.168.1.240.sslip.io:80"
time="2024-05-28T18:28:25.031692571-06:00" level=debug msg="Invoked gptj-python-asa451j36tksgm81hj47.default.192.168.1.240.sslip.io in 10367 usec\n"
time="2024-05-28T18:28:32.525386862-06:00" level=debug msg="Invoking: gptj-python-asa451j36tksgm81hj47.default.192.168.1.240.sslip.io:80"
time="2024-05-28T18:28:32.535808036-06:00" level=debug msg="Invoked gptj-python-asa451j36tksgm81hj47.default.192.168.1.240.sslip.io in 10430 usec\n"
time="2024-05-28T18:28:40.032146518-06:00" level=debug msg="Invoking: gptj-python-asa451j36tksgm81hj47.default.192.168.1.240.sslip.io:80"
time="2024-05-28T18:28:40.042538129-06:00" level=debug msg="Invoked gptj-python-asa451j36tksgm81hj47.default.192.168.1.240.sslip.io in 10400 usec\n"
time="2024-05-28T18:28:47.498186372-06:00" level=debug msg="Minute: 11"
time="2024-05-28T18:28:47.498305163-06:00" level=debug msg="Number of Invocations this iteration: 8"
time="2024-05-28T18:28:47.498388384-06:00" level=debug msg="Invoking: image-rotate-go-6-xih9jbgnn7kc45o3to7j.default.192.168.1.240.sslip.io:80"
time="2024-05-28T18:28:55.005372894-06:00" level=debug msg="Invoking: gptj-python-asa451j36tksgm81hj47.default.192.168.1.240.sslip.io:80"
time="2024-05-28T18:28:55.014404811-06:00" level=debug msg="Invoked gptj-python-asa451j36tksgm81hj47.default.192.168.1.240.sslip.io in 9040 usec\n"
time="2024-05-28T18:28:59.815889421-06:00" level=debug msg="Invoked image-rotate-go-6-xih9jbgnn7kc45o3to7j.default.192.168.1.240.sslip.io in 12317499 usec\n"
time="2024-05-28T18:29:02.506478923-06:00" level=debug msg="Invoking: gptj-python-asa451j36tksgm81hj47.default.192.168.1.240.sslip.io:80"
time="2024-05-28T18:29:02.516660872-06:00" level=debug msg="Invoked gptj-python-asa451j36tksgm81hj47.default.192.168.1.240.sslip.io in 10193 usec\n"
time="2024-05-28T18:29:10.013395117-06:00" level=debug msg="Invoking: gptj-python-asa451j36tksgm81hj47.default.192.168.1.240.sslip.io:80"
time="2024-05-28T18:29:10.022825141-06:00" level=debug msg="Invoked gptj-python-asa451j36tksgm81hj47.default.192.168.1.240.sslip.io in 9439 usec\n"
time="2024-05-28T18:29:17.515729965-06:00" level=debug msg="Invoking: cartservice-cqhqc3e2qakco07sui6k.default.192.168.1.240.sslip.io:80"
time="2024-05-28T18:29:17.528506066-06:00" level=debug msg="Invoked cartservice-cqhqc3e2qakco07sui6k.default.192.168.1.240.sslip.io in 12783 usec\n"
time="2024-05-28T18:29:25.021834269-06:00" level=debug msg="Invoking: gptj-python-asa451j36tksgm81hj47.default.192.168.1.240.sslip.io:80"
time="2024-05-28T18:29:25.033619209-06:00" level=debug msg="Invoked gptj-python-asa451j36tksgm81hj47.default.192.168.1.240.sslip.io in 11794 usec\n"
time="2024-05-28T18:29:32.527832845-06:00" level=debug msg="Invoking: gptj-python-asa451j36tksgm81hj47.default.192.168.1.240.sslip.io:80"
time="2024-05-28T18:29:32.537645275-06:00" level=debug msg="Invoked gptj-python-asa451j36tksgm81hj47.default.192.168.1.240.sslip.io in 9821 usec\n"
time="2024-05-28T18:29:40.033351657-06:00" level=debug msg="Invoking: gptj-python-asa451j36tksgm81hj47.default.192.168.1.240.sslip.io:80"
time="2024-05-28T18:29:40.042561558-06:00" level=debug msg="Invoked gptj-python-asa451j36tksgm81hj47.default.192.168.1.240.sslip.io in 9214 usec\n"
time="2024-05-28T18:29:47.49736127-06:00" level=debug msg="Minute: 12"
time="2024-05-28T18:29:47.497505268-06:00" level=debug msg="Number of Invocations this iteration: 8"
time="2024-05-28T18:29:47.497590383-06:00" level=debug msg="Invoking: cartservice-cqhqc3e2qakco07sui6k.default.192.168.1.240.sslip.io:80"
time="2024-05-28T18:29:47.510981864-06:00" level=debug msg="Invoked cartservice-cqhqc3e2qakco07sui6k.default.192.168.1.240.sslip.io in 13388 usec\n"
time="2024-05-28T18:29:55.004298309-06:00" level=debug msg="Invoking: gptj-python-asa451j36tksgm81hj47.default.192.168.1.240.sslip.io:80"
time="2024-05-28T18:29:55.014449697-06:00" level=debug msg="Invoked gptj-python-asa451j36tksgm81hj47.default.192.168.1.240.sslip.io in 10156 usec\n"
time="2024-05-28T18:30:02.509851852-06:00" level=debug msg="Invoking: gptj-python-asa451j36tksgm81hj47.default.192.168.1.240.sslip.io:80"
time="2024-05-28T18:30:02.519652515-06:00" level=debug msg="Invoked gptj-python-asa451j36tksgm81hj47.default.192.168.1.240.sslip.io in 9810 usec\n"
time="2024-05-28T18:30:10.013612759-06:00" level=debug msg="Invoking: gptj-python-asa451j36tksgm81hj47.default.192.168.1.240.sslip.io:80"
time="2024-05-28T18:30:10.023940773-06:00" level=debug msg="Invoked gptj-python-asa451j36tksgm81hj47.default.192.168.1.240.sslip.io in 10338 usec\n"
time="2024-05-28T18:30:17.51740581-06:00" level=debug msg="Invoking: cartservice-cqhqc3e2qakco07sui6k.default.192.168.1.240.sslip.io:80"
time="2024-05-28T18:30:17.528604987-06:00" level=debug msg="Invoked cartservice-cqhqc3e2qakco07sui6k.default.192.168.1.240.sslip.io in 11208 usec\n"
time="2024-05-28T18:30:25.021391717-06:00" level=debug msg="Invoking: gptj-python-asa451j36tksgm81hj47.default.192.168.1.240.sslip.io:80"
time="2024-05-28T18:30:25.031750168-06:00" level=debug msg="Invoked gptj-python-asa451j36tksgm81hj47.default.192.168.1.240.sslip.io in 10370 usec\n"
time="2024-05-28T18:30:32.52575123-06:00" level=debug msg="Invoking: gptj-python-asa451j36tksgm81hj47.default.192.168.1.240.sslip.io:80"
time="2024-05-28T18:30:32.538188462-06:00" level=debug msg="Invoked gptj-python-asa451j36tksgm81hj47.default.192.168.1.240.sslip.io in 12439 usec\n"
time="2024-05-28T18:30:40.031040619-06:00" level=debug msg="Invoking: gptj-python-asa451j36tksgm81hj47.default.192.168.1.240.sslip.io:80"
time="2024-05-28T18:30:40.041401965-06:00" level=debug msg="Invoked gptj-python-asa451j36tksgm81hj47.default.192.168.1.240.sslip.io in 10369 usec\n"
time="2024-05-28T18:30:47.501448193-06:00" level=debug msg="Minute: 13"
time="2024-05-28T18:30:47.501555149-06:00" level=debug msg="Number of Invocations this iteration: 8"
time="2024-05-28T18:30:47.501648171-06:00" level=debug msg="Invoking: cartservice-cqhqc3e2qakco07sui6k.default.192.168.1.240.sslip.io:80"
time="2024-05-28T18:30:47.51387119-06:00" level=debug msg="Invoked cartservice-cqhqc3e2qakco07sui6k.default.192.168.1.240.sslip.io in 12218 usec\n"
time="2024-05-28T18:30:55.00542488-06:00" level=debug msg="Invoking: gptj-python-asa451j36tksgm81hj47.default.192.168.1.240.sslip.io:80"
time="2024-05-28T18:30:55.016125845-06:00" level=debug msg="Invoked gptj-python-asa451j36tksgm81hj47.default.192.168.1.240.sslip.io in 10715 usec\n"
time="2024-05-28T18:31:02.509408518-06:00" level=debug msg="Invoking: gptj-python-asa451j36tksgm81hj47.default.192.168.1.240.sslip.io:80"
time="2024-05-28T18:31:02.51978708-06:00" level=debug msg="Invoked gptj-python-asa451j36tksgm81hj47.default.192.168.1.240.sslip.io in 10390 usec\n"
time="2024-05-28T18:31:10.013499267-06:00" level=debug msg="Invoking: gptj-python-asa451j36tksgm81hj47.default.192.168.1.240.sslip.io:80"
time="2024-05-28T18:31:10.023236928-06:00" level=debug msg="Invoked gptj-python-asa451j36tksgm81hj47.default.192.168.1.240.sslip.io in 9753 usec\n"
time="2024-05-28T18:31:17.518339009-06:00" level=debug msg="Invoking: cartservice-cqhqc3e2qakco07sui6k.default.192.168.1.240.sslip.io:80"
time="2024-05-28T18:31:17.529797065-06:00" level=debug msg="Invoked cartservice-cqhqc3e2qakco07sui6k.default.192.168.1.240.sslip.io in 11469 usec\n"
time="2024-05-28T18:31:25.023793214-06:00" level=debug msg="Invoking: gptj-python-asa451j36tksgm81hj47.default.192.168.1.240.sslip.io:80"
time="2024-05-28T18:31:25.037052514-06:00" level=debug msg="Invoked gptj-python-asa451j36tksgm81hj47.default.192.168.1.240.sslip.io in 13266 usec\n"
time="2024-05-28T18:31:32.529345234-06:00" level=debug msg="Invoking: gptj-python-asa451j36tksgm81hj47.default.192.168.1.240.sslip.io:80"
time="2024-05-28T18:31:32.539043224-06:00" level=debug msg="Invoked gptj-python-asa451j36tksgm81hj47.default.192.168.1.240.sslip.io in 9709 usec\n"
time="2024-05-28T18:31:40.033417623-06:00" level=debug msg="Invoking: gptj-python-asa451j36tksgm81hj47.default.192.168.1.240.sslip.io:80"
time="2024-05-28T18:31:40.042514441-06:00" level=debug msg="Invoked gptj-python-asa451j36tksgm81hj47.default.192.168.1.240.sslip.io in 9110 usec\n"
time="2024-05-28T18:31:47.501391619-06:00" level=info msg="Experiment Phase Completed"
time="2024-05-28T18:31:47.501527513-06:00" level=info msg="Issued / completed requests: 112, 112"
time="2024-05-28T18:31:47.501564814-06:00" level=info msg="Average Real RPS: 0.13 "
time="2024-05-28T18:31:47.501591075-06:00" level=info msg="Experiment finished!"
time="2024-05-28T18:31:47.501617662-06:00" level=info msg="The measured latencies are saved in rps_lat.csv"
