time="2024-05-30T02:28:45.812107347-06:00" level=debug msg="Debug logging is enabled"
time="2024-05-30T02:28:45.812204059-06:00" level=info msg="Reading the trace endpoints from the file: /users/ArunAMS/vSwarm/tools/load-generator/load.json"
time="2024-05-30T02:28:45.812787192-06:00" level=info msg="Warmup Duration: 3"
time="2024-05-30T02:28:45.812797653-06:00" level=info msg="Experiment Duration: 11"
time="2024-05-30T02:28:45.812805909-06:00" level=info msg="Minute Granularity: true"
time="2024-05-30T02:29:45.869882538-06:00" level=info msg="Running Warmup Phase"
time="2024-05-30T02:29:45.869963098-06:00" level=debug msg="Minute: 0"
time="2024-05-30T02:29:45.870106225-06:00" level=debug msg="Number of Invocations this iteration: 8"
time="2024-05-30T02:29:45.870204303-06:00" level=debug msg="Invoking: cartservice-qdzirhitu7ygfyldnhj2.default.192.168.1.240.sslip.io:80"
time="2024-05-30T02:29:53.371494541-06:00" level=debug msg="Invoking: gptj-python-ftgrlkdv6won9e11macq.default.192.168.1.240.sslip.io:80"
time="2024-05-30T02:30:00.872021356-06:00" level=debug msg="Invoking: gptj-python-ftgrlkdv6won9e11macq.default.192.168.1.240.sslip.io:80"
time="2024-05-30T02:30:08.372682964-06:00" level=debug msg="Invoking: gptj-python-ftgrlkdv6won9e11macq.default.192.168.1.240.sslip.io:80"
time="2024-05-30T02:30:15.87743051-06:00" level=debug msg="Invoking: cartservice-qdzirhitu7ygfyldnhj2.default.192.168.1.240.sslip.io:80"
time="2024-05-30T02:30:23.381487172-06:00" level=debug msg="Invoking: gptj-python-ftgrlkdv6won9e11macq.default.192.168.1.240.sslip.io:80"
time="2024-05-30T02:30:30.885441099-06:00" level=debug msg="Invoking: gptj-python-ftgrlkdv6won9e11macq.default.192.168.1.240.sslip.io:80"
time="2024-05-30T02:30:38.389573031-06:00" level=debug msg="Invoking: gptj-python-ftgrlkdv6won9e11macq.default.192.168.1.240.sslip.io:80"
time="2024-05-30T02:30:45.817473448-06:00" level=debug msg="Minute: 1"
time="2024-05-30T02:30:45.817572308-06:00" level=debug msg="Number of Invocations this iteration: 8"
time="2024-05-30T02:30:45.817655417-06:00" level=debug msg="Invoking: image-rotate-go-6-e21io0wbip75miym6kuu.default.192.168.1.240.sslip.io:80"
time="2024-05-30T02:30:53.321468208-06:00" level=debug msg="Invoking: gptj-python-ftgrlkdv6won9e11macq.default.192.168.1.240.sslip.io:80"
time="2024-05-30T02:31:00.825476829-06:00" level=debug msg="Invoking: gptj-python-ftgrlkdv6won9e11macq.default.192.168.1.240.sslip.io:80"
time="2024-05-30T02:31:08.329476836-06:00" level=debug msg="Invoking: gptj-python-ftgrlkdv6won9e11macq.default.192.168.1.240.sslip.io:80"
time="2024-05-30T02:31:15.835902084-06:00" level=debug msg="Invoking: cartservice-qdzirhitu7ygfyldnhj2.default.192.168.1.240.sslip.io:80"
time="2024-05-30T02:31:23.342079374-06:00" level=debug msg="Invoking: gptj-python-ftgrlkdv6won9e11macq.default.192.168.1.240.sslip.io:80"
time="2024-05-30T02:31:30.845506965-06:00" level=debug msg="Invoking: gptj-python-ftgrlkdv6won9e11macq.default.192.168.1.240.sslip.io:80"
time="2024-05-30T02:31:38.34949692-06:00" level=debug msg="Invoking: gptj-python-ftgrlkdv6won9e11macq.default.192.168.1.240.sslip.io:80"
time="2024-05-30T02:31:45.817501712-06:00" level=debug msg="Minute: 2"
time="2024-05-30T02:31:45.81764096-06:00" level=debug msg="Number of Invocations this iteration: 8"
time="2024-05-30T02:31:45.817725115-06:00" level=debug msg="Invoking: cartservice-qdzirhitu7ygfyldnhj2.default.192.168.1.240.sslip.io:80"
time="2024-05-30T02:31:53.321507859-06:00" level=debug msg="Invoking: gptj-python-ftgrlkdv6won9e11macq.default.192.168.1.240.sslip.io:80"
time="2024-05-30T02:32:00.827507417-06:00" level=debug msg="Invoking: gptj-python-ftgrlkdv6won9e11macq.default.192.168.1.240.sslip.io:80"
time="2024-05-30T02:32:08.334466006-06:00" level=debug msg="Invoking: gptj-python-ftgrlkdv6won9e11macq.default.192.168.1.240.sslip.io:80"
time="2024-05-30T02:32:15.838590353-06:00" level=debug msg="Invoking: cartservice-qdzirhitu7ygfyldnhj2.default.192.168.1.240.sslip.io:80"
time="2024-05-30T02:32:23.345197104-06:00" level=debug msg="Invoking: gptj-python-ftgrlkdv6won9e11macq.default.192.168.1.240.sslip.io:80"
time="2024-05-30T02:32:30.849439217-06:00" level=debug msg="Invoking: gptj-python-ftgrlkdv6won9e11macq.default.192.168.1.240.sslip.io:80"
time="2024-05-30T02:32:38.353524969-06:00" level=debug msg="Invoking: gptj-python-ftgrlkdv6won9e11macq.default.192.168.1.240.sslip.io:80"
time="2024-05-30T02:32:45.817474888-06:00" level=info msg="Warmup Phase Completed"
time="2024-05-30T02:32:45.817535842-06:00" level=info msg="Running Experiment Phase"
time="2024-05-30T02:32:45.81755689-06:00" level=debug msg="Minute: 3"
time="2024-05-30T02:32:45.817589601-06:00" level=debug msg="Number of Invocations this iteration: 8"
time="2024-05-30T02:32:45.817656377-06:00" level=debug msg="Invoking: cartservice-qdzirhitu7ygfyldnhj2.default.192.168.1.240.sslip.io:80"
time="2024-05-30T02:32:45.829349363-06:00" level=debug msg="Invoked cartservice-qdzirhitu7ygfyldnhj2.default.192.168.1.240.sslip.io in 11675 usec\n"
time="2024-05-30T02:32:53.321520865-06:00" level=debug msg="Invoking: gptj-python-ftgrlkdv6won9e11macq.default.192.168.1.240.sslip.io:80"
time="2024-05-30T02:32:53.332000183-06:00" level=debug msg="Invoked gptj-python-ftgrlkdv6won9e11macq.default.192.168.1.240.sslip.io in 10490 usec\n"
time="2024-05-30T02:33:00.8254893-06:00" level=debug msg="Invoking: gptj-python-ftgrlkdv6won9e11macq.default.192.168.1.240.sslip.io:80"
time="2024-05-30T02:33:00.835535531-06:00" level=debug msg="Invoked gptj-python-ftgrlkdv6won9e11macq.default.192.168.1.240.sslip.io in 10056 usec\n"
time="2024-05-30T02:33:08.329462396-06:00" level=debug msg="Invoking: gptj-python-ftgrlkdv6won9e11macq.default.192.168.1.240.sslip.io:80"
time="2024-05-30T02:33:08.339336306-06:00" level=debug msg="Invoked gptj-python-ftgrlkdv6won9e11macq.default.192.168.1.240.sslip.io in 9886 usec\n"
time="2024-05-30T02:33:15.833489061-06:00" level=debug msg="Invoking: cartservice-qdzirhitu7ygfyldnhj2.default.192.168.1.240.sslip.io:80"
time="2024-05-30T02:33:15.850591975-06:00" level=debug msg="Invoked cartservice-qdzirhitu7ygfyldnhj2.default.192.168.1.240.sslip.io in 17104 usec\n"
time="2024-05-30T02:33:23.33751482-06:00" level=debug msg="Invoking: gptj-python-ftgrlkdv6won9e11macq.default.192.168.1.240.sslip.io:80"
time="2024-05-30T02:33:23.348799137-06:00" level=debug msg="Invoked gptj-python-ftgrlkdv6won9e11macq.default.192.168.1.240.sslip.io in 11298 usec\n"
time="2024-05-30T02:33:30.84149234-06:00" level=debug msg="Invoking: gptj-python-ftgrlkdv6won9e11macq.default.192.168.1.240.sslip.io:80"
time="2024-05-30T02:33:30.850713449-06:00" level=debug msg="Invoked gptj-python-ftgrlkdv6won9e11macq.default.192.168.1.240.sslip.io in 9227 usec\n"
time="2024-05-30T02:33:38.346332936-06:00" level=debug msg="Invoking: gptj-python-ftgrlkdv6won9e11macq.default.192.168.1.240.sslip.io:80"
time="2024-05-30T02:33:38.357253927-06:00" level=debug msg="Invoked gptj-python-ftgrlkdv6won9e11macq.default.192.168.1.240.sslip.io in 10930 usec\n"
time="2024-05-30T02:33:45.817481665-06:00" level=debug msg="Minute: 4"
time="2024-05-30T02:33:45.81757796-06:00" level=debug msg="Number of Invocations this iteration: 8"
time="2024-05-30T02:33:45.817668979-06:00" level=debug msg="Invoking: rnn-serving-python-10-10-jzg9rl769tr9ptfim4mm.default.192.168.1.240.sslip.io:80"
time="2024-05-30T02:33:52.560515041-06:00" level=debug msg="Invoked rnn-serving-python-10-10-jzg9rl769tr9ptfim4mm.default.192.168.1.240.sslip.io in 6742844 usec\n"
time="2024-05-30T02:33:53.318567049-06:00" level=debug msg="Invoking: gptj-python-ftgrlkdv6won9e11macq.default.192.168.1.240.sslip.io:80"
time="2024-05-30T02:33:53.328013078-06:00" level=debug msg="Invoked gptj-python-ftgrlkdv6won9e11macq.default.192.168.1.240.sslip.io in 9457 usec\n"
time="2024-05-30T02:34:00.825073265-06:00" level=debug msg="Invoking: gptj-python-ftgrlkdv6won9e11macq.default.192.168.1.240.sslip.io:80"
time="2024-05-30T02:34:00.834513814-06:00" level=debug msg="Invoked gptj-python-ftgrlkdv6won9e11macq.default.192.168.1.240.sslip.io in 9445 usec\n"
time="2024-05-30T02:34:08.331977464-06:00" level=debug msg="Invoking: gptj-python-ftgrlkdv6won9e11macq.default.192.168.1.240.sslip.io:80"
time="2024-05-30T02:34:08.342138239-06:00" level=debug msg="Invoked gptj-python-ftgrlkdv6won9e11macq.default.192.168.1.240.sslip.io in 10172 usec\n"
time="2024-05-30T02:34:15.837464667-06:00" level=debug msg="Invoking: cartservice-qdzirhitu7ygfyldnhj2.default.192.168.1.240.sslip.io:80"
time="2024-05-30T02:34:15.848805826-06:00" level=debug msg="Invoked cartservice-qdzirhitu7ygfyldnhj2.default.192.168.1.240.sslip.io in 11352 usec\n"
time="2024-05-30T02:34:23.341509842-06:00" level=debug msg="Invoking: gptj-python-ftgrlkdv6won9e11macq.default.192.168.1.240.sslip.io:80"
time="2024-05-30T02:34:23.353825557-06:00" level=debug msg="Invoked gptj-python-ftgrlkdv6won9e11macq.default.192.168.1.240.sslip.io in 12327 usec\n"
time="2024-05-30T02:34:30.846479873-06:00" level=debug msg="Invoking: gptj-python-ftgrlkdv6won9e11macq.default.192.168.1.240.sslip.io:80"
time="2024-05-30T02:34:30.85656361-06:00" level=debug msg="Invoked gptj-python-ftgrlkdv6won9e11macq.default.192.168.1.240.sslip.io in 10093 usec\n"
time="2024-05-30T02:34:38.353544331-06:00" level=debug msg="Invoking: gptj-python-ftgrlkdv6won9e11macq.default.192.168.1.240.sslip.io:80"
time="2024-05-30T02:34:38.364471571-06:00" level=debug msg="Invoked gptj-python-ftgrlkdv6won9e11macq.default.192.168.1.240.sslip.io in 10964 usec\n"
time="2024-05-30T02:34:45.817469915-06:00" level=debug msg="Minute: 5"
time="2024-05-30T02:34:45.81756455-06:00" level=debug msg="Number of Invocations this iteration: 8"
time="2024-05-30T02:34:45.817658552-06:00" level=debug msg="Invoking: cartservice-qdzirhitu7ygfyldnhj2.default.192.168.1.240.sslip.io:80"
time="2024-05-30T02:34:45.831259695-06:00" level=debug msg="Invoked cartservice-qdzirhitu7ygfyldnhj2.default.192.168.1.240.sslip.io in 13597 usec\n"
time="2024-05-30T02:34:53.324427899-06:00" level=debug msg="Invoking: gptj-python-ftgrlkdv6won9e11macq.default.192.168.1.240.sslip.io:80"
time="2024-05-30T02:34:53.335349758-06:00" level=debug msg="Invoked gptj-python-ftgrlkdv6won9e11macq.default.192.168.1.240.sslip.io in 10933 usec\n"
time="2024-05-30T02:35:00.831740376-06:00" level=debug msg="Invoking: gptj-python-ftgrlkdv6won9e11macq.default.192.168.1.240.sslip.io:80"
time="2024-05-30T02:35:00.841876528-06:00" level=debug msg="Invoked gptj-python-ftgrlkdv6won9e11macq.default.192.168.1.240.sslip.io in 10145 usec\n"
time="2024-05-30T02:35:08.33750598-06:00" level=debug msg="Invoking: gptj-python-ftgrlkdv6won9e11macq.default.192.168.1.240.sslip.io:80"
time="2024-05-30T02:35:08.349149202-06:00" level=debug msg="Invoked gptj-python-ftgrlkdv6won9e11macq.default.192.168.1.240.sslip.io in 11655 usec\n"
time="2024-05-30T02:35:15.84368067-06:00" level=debug msg="Invoking: cartservice-qdzirhitu7ygfyldnhj2.default.192.168.1.240.sslip.io:80"
time="2024-05-30T02:35:15.85926924-06:00" level=debug msg="Invoked cartservice-qdzirhitu7ygfyldnhj2.default.192.168.1.240.sslip.io in 15593 usec\n"
time="2024-05-30T02:35:23.34962856-06:00" level=debug msg="Invoking: gptj-python-ftgrlkdv6won9e11macq.default.192.168.1.240.sslip.io:80"
time="2024-05-30T02:35:23.360349036-06:00" level=debug msg="Invoked gptj-python-ftgrlkdv6won9e11macq.default.192.168.1.240.sslip.io in 10730 usec\n"
time="2024-05-30T02:35:30.853546479-06:00" level=debug msg="Invoking: gptj-python-ftgrlkdv6won9e11macq.default.192.168.1.240.sslip.io:80"
time="2024-05-30T02:35:30.864426513-06:00" level=debug msg="Invoked gptj-python-ftgrlkdv6won9e11macq.default.192.168.1.240.sslip.io in 10888 usec\n"
time="2024-05-30T02:35:38.357515282-06:00" level=debug msg="Invoking: gptj-python-ftgrlkdv6won9e11macq.default.192.168.1.240.sslip.io:80"
time="2024-05-30T02:35:38.368372141-06:00" level=debug msg="Invoked gptj-python-ftgrlkdv6won9e11macq.default.192.168.1.240.sslip.io in 10868 usec\n"
time="2024-05-30T02:35:45.817490838-06:00" level=debug msg="Minute: 6"
time="2024-05-30T02:35:45.817605047-06:00" level=debug msg="Number of Invocations this iteration: 8"
time="2024-05-30T02:35:45.817685584-06:00" level=debug msg="Invoking: image-rotate-go-6-e21io0wbip75miym6kuu.default.192.168.1.240.sslip.io:80"
time="2024-05-30T02:35:53.321473403-06:00" level=debug msg="Invoking: gptj-python-ftgrlkdv6won9e11macq.default.192.168.1.240.sslip.io:80"
time="2024-05-30T02:35:53.33213711-06:00" level=debug msg="Invoked gptj-python-ftgrlkdv6won9e11macq.default.192.168.1.240.sslip.io in 10673 usec\n"
time="2024-05-30T02:35:58.058949364-06:00" level=debug msg="Invoked image-rotate-go-6-e21io0wbip75miym6kuu.default.192.168.1.240.sslip.io in 12241261 usec\n"
time="2024-05-30T02:36:00.822430113-06:00" level=debug msg="Invoking: gptj-python-ftgrlkdv6won9e11macq.default.192.168.1.240.sslip.io:80"
time="2024-05-30T02:36:00.832525538-06:00" level=debug msg="Invoked gptj-python-ftgrlkdv6won9e11macq.default.192.168.1.240.sslip.io in 10098 usec\n"
time="2024-05-30T02:36:08.329492078-06:00" level=debug msg="Invoking: gptj-python-ftgrlkdv6won9e11macq.default.192.168.1.240.sslip.io:80"
time="2024-05-30T02:36:08.339988616-06:00" level=debug msg="Invoked gptj-python-ftgrlkdv6won9e11macq.default.192.168.1.240.sslip.io in 10501 usec\n"
time="2024-05-30T02:36:15.829684934-06:00" level=debug msg="Invoking: cartservice-qdzirhitu7ygfyldnhj2.default.192.168.1.240.sslip.io:80"
time="2024-05-30T02:36:15.842303562-06:00" level=debug msg="Invoked cartservice-qdzirhitu7ygfyldnhj2.default.192.168.1.240.sslip.io in 12629 usec\n"
time="2024-05-30T02:36:23.333458723-06:00" level=debug msg="Invoking: gptj-python-ftgrlkdv6won9e11macq.default.192.168.1.240.sslip.io:80"
time="2024-05-30T02:36:23.343411361-06:00" level=debug msg="Invoked gptj-python-ftgrlkdv6won9e11macq.default.192.168.1.240.sslip.io in 9984 usec\n"
time="2024-05-30T02:36:30.837523313-06:00" level=debug msg="Invoking: gptj-python-ftgrlkdv6won9e11macq.default.192.168.1.240.sslip.io:80"
time="2024-05-30T02:36:30.847318827-06:00" level=debug msg="Invoked gptj-python-ftgrlkdv6won9e11macq.default.192.168.1.240.sslip.io in 9798 usec\n"
time="2024-05-30T02:36:38.341527728-06:00" level=debug msg="Invoking: gptj-python-ftgrlkdv6won9e11macq.default.192.168.1.240.sslip.io:80"
time="2024-05-30T02:36:38.352178599-06:00" level=debug msg="Invoked gptj-python-ftgrlkdv6won9e11macq.default.192.168.1.240.sslip.io in 10674 usec\n"
time="2024-05-30T02:36:45.817468414-06:00" level=debug msg="Minute: 7"
time="2024-05-30T02:36:45.817562033-06:00" level=debug msg="Number of Invocations this iteration: 8"
time="2024-05-30T02:36:45.817649765-06:00" level=debug msg="Invoking: cartservice-qdzirhitu7ygfyldnhj2.default.192.168.1.240.sslip.io:80"
time="2024-05-30T02:36:45.829534745-06:00" level=debug msg="Invoked cartservice-qdzirhitu7ygfyldnhj2.default.192.168.1.240.sslip.io in 11882 usec\n"
time="2024-05-30T02:36:53.321442148-06:00" level=debug msg="Invoking: gptj-python-ftgrlkdv6won9e11macq.default.192.168.1.240.sslip.io:80"
time="2024-05-30T02:36:53.331999657-06:00" level=debug msg="Invoked gptj-python-ftgrlkdv6won9e11macq.default.192.168.1.240.sslip.io in 10566 usec\n"
time="2024-05-30T02:37:00.825595333-06:00" level=debug msg="Invoking: gptj-python-ftgrlkdv6won9e11macq.default.192.168.1.240.sslip.io:80"
time="2024-05-30T02:37:00.835853087-06:00" level=debug msg="Invoked gptj-python-ftgrlkdv6won9e11macq.default.192.168.1.240.sslip.io in 10266 usec\n"
time="2024-05-30T02:37:08.33314043-06:00" level=debug msg="Invoking: gptj-python-ftgrlkdv6won9e11macq.default.192.168.1.240.sslip.io:80"
time="2024-05-30T02:37:08.343530953-06:00" level=debug msg="Invoked gptj-python-ftgrlkdv6won9e11macq.default.192.168.1.240.sslip.io in 10401 usec\n"
time="2024-05-30T02:37:15.837673704-06:00" level=debug msg="Invoking: cartservice-qdzirhitu7ygfyldnhj2.default.192.168.1.240.sslip.io:80"
time="2024-05-30T02:37:15.850537766-06:00" level=debug msg="Invoked cartservice-qdzirhitu7ygfyldnhj2.default.192.168.1.240.sslip.io in 12872 usec\n"
time="2024-05-30T02:37:23.338796419-06:00" level=debug msg="Invoking: gptj-python-ftgrlkdv6won9e11macq.default.192.168.1.240.sslip.io:80"
time="2024-05-30T02:37:23.350065077-06:00" level=debug msg="Invoked gptj-python-ftgrlkdv6won9e11macq.default.192.168.1.240.sslip.io in 11474 usec\n"
time="2024-05-30T02:37:30.845429132-06:00" level=debug msg="Invoking: gptj-python-ftgrlkdv6won9e11macq.default.192.168.1.240.sslip.io:80"
time="2024-05-30T02:37:30.855750117-06:00" level=debug msg="Invoked gptj-python-ftgrlkdv6won9e11macq.default.192.168.1.240.sslip.io in 10331 usec\n"
time="2024-05-30T02:37:38.349496447-06:00" level=debug msg="Invoking: gptj-python-ftgrlkdv6won9e11macq.default.192.168.1.240.sslip.io:80"
time="2024-05-30T02:37:38.360167007-06:00" level=debug msg="Invoked gptj-python-ftgrlkdv6won9e11macq.default.192.168.1.240.sslip.io in 10676 usec\n"
time="2024-05-30T02:37:45.817420981-06:00" level=debug msg="Minute: 8"
time="2024-05-30T02:37:45.817553319-06:00" level=debug msg="Number of Invocations this iteration: 8"
time="2024-05-30T02:37:45.817633139-06:00" level=debug msg="Invoking: cartservice-qdzirhitu7ygfyldnhj2.default.192.168.1.240.sslip.io:80"
time="2024-05-30T02:37:45.829406609-06:00" level=debug msg="Invoked cartservice-qdzirhitu7ygfyldnhj2.default.192.168.1.240.sslip.io in 11770 usec\n"
time="2024-05-30T02:37:53.321478692-06:00" level=debug msg="Invoking: gptj-python-ftgrlkdv6won9e11macq.default.192.168.1.240.sslip.io:80"
time="2024-05-30T02:37:53.331856393-06:00" level=debug msg="Invoked gptj-python-ftgrlkdv6won9e11macq.default.192.168.1.240.sslip.io in 10390 usec\n"
time="2024-05-30T02:38:00.826339411-06:00" level=debug msg="Invoking: gptj-python-ftgrlkdv6won9e11macq.default.192.168.1.240.sslip.io:80"
time="2024-05-30T02:38:00.836233195-06:00" level=debug msg="Invoked gptj-python-ftgrlkdv6won9e11macq.default.192.168.1.240.sslip.io in 9904 usec\n"
time="2024-05-30T02:38:08.333429887-06:00" level=debug msg="Invoking: gptj-python-ftgrlkdv6won9e11macq.default.192.168.1.240.sslip.io:80"
time="2024-05-30T02:38:08.348195046-06:00" level=debug msg="Invoked gptj-python-ftgrlkdv6won9e11macq.default.192.168.1.240.sslip.io in 14774 usec\n"
time="2024-05-30T02:38:15.838431091-06:00" level=debug msg="Invoking: cartservice-qdzirhitu7ygfyldnhj2.default.192.168.1.240.sslip.io:80"
time="2024-05-30T02:38:15.850050611-06:00" level=debug msg="Invoked cartservice-qdzirhitu7ygfyldnhj2.default.192.168.1.240.sslip.io in 11629 usec\n"
time="2024-05-30T02:38:23.341509827-06:00" level=debug msg="Invoking: gptj-python-ftgrlkdv6won9e11macq.default.192.168.1.240.sslip.io:80"
time="2024-05-30T02:38:23.35118223-06:00" level=debug msg="Invoked gptj-python-ftgrlkdv6won9e11macq.default.192.168.1.240.sslip.io in 9684 usec\n"
time="2024-05-30T02:38:30.845492031-06:00" level=debug msg="Invoking: gptj-python-ftgrlkdv6won9e11macq.default.192.168.1.240.sslip.io:80"
time="2024-05-30T02:38:30.854998691-06:00" level=debug msg="Invoked gptj-python-ftgrlkdv6won9e11macq.default.192.168.1.240.sslip.io in 9539 usec\n"
time="2024-05-30T02:38:38.352345148-06:00" level=debug msg="Invoking: gptj-python-ftgrlkdv6won9e11macq.default.192.168.1.240.sslip.io:80"
time="2024-05-30T02:38:38.362843215-06:00" level=debug msg="Invoked gptj-python-ftgrlkdv6won9e11macq.default.192.168.1.240.sslip.io in 10507 usec\n"
time="2024-05-30T02:38:45.817416463-06:00" level=debug msg="Minute: 9"
time="2024-05-30T02:38:45.817506014-06:00" level=debug msg="Number of Invocations this iteration: 8"
time="2024-05-30T02:38:45.817605942-06:00" level=debug msg="Invoking: cartservice-qdzirhitu7ygfyldnhj2.default.192.168.1.240.sslip.io:80"
time="2024-05-30T02:38:45.831102415-06:00" level=debug msg="Invoked cartservice-qdzirhitu7ygfyldnhj2.default.192.168.1.240.sslip.io in 13492 usec\n"
time="2024-05-30T02:38:53.321482244-06:00" level=debug msg="Invoking: gptj-python-ftgrlkdv6won9e11macq.default.192.168.1.240.sslip.io:80"
time="2024-05-30T02:38:53.33292805-06:00" level=debug msg="Invoked gptj-python-ftgrlkdv6won9e11macq.default.192.168.1.240.sslip.io in 11455 usec\n"
time="2024-05-30T02:39:00.825455359-06:00" level=debug msg="Invoking: gptj-python-ftgrlkdv6won9e11macq.default.192.168.1.240.sslip.io:80"
time="2024-05-30T02:39:00.835446369-06:00" level=debug msg="Invoked gptj-python-ftgrlkdv6won9e11macq.default.192.168.1.240.sslip.io in 9996 usec\n"
time="2024-05-30T02:39:08.329427446-06:00" level=debug msg="Invoking: gptj-python-ftgrlkdv6won9e11macq.default.192.168.1.240.sslip.io:80"
time="2024-05-30T02:39:08.340137075-06:00" level=debug msg="Invoked gptj-python-ftgrlkdv6won9e11macq.default.192.168.1.240.sslip.io in 10721 usec\n"
time="2024-05-30T02:39:15.836049638-06:00" level=debug msg="Invoking: cartservice-qdzirhitu7ygfyldnhj2.default.192.168.1.240.sslip.io:80"
time="2024-05-30T02:39:15.848302149-06:00" level=debug msg="Invoked cartservice-qdzirhitu7ygfyldnhj2.default.192.168.1.240.sslip.io in 12259 usec\n"
time="2024-05-30T02:39:23.339745436-06:00" level=debug msg="Invoking: gptj-python-ftgrlkdv6won9e11macq.default.192.168.1.240.sslip.io:80"
time="2024-05-30T02:39:23.351955946-06:00" level=debug msg="Invoked gptj-python-ftgrlkdv6won9e11macq.default.192.168.1.240.sslip.io in 12358 usec\n"
time="2024-05-30T02:39:30.845496556-06:00" level=debug msg="Invoking: gptj-python-ftgrlkdv6won9e11macq.default.192.168.1.240.sslip.io:80"
time="2024-05-30T02:39:30.855232391-06:00" level=debug msg="Invoked gptj-python-ftgrlkdv6won9e11macq.default.192.168.1.240.sslip.io in 9742 usec\n"
time="2024-05-30T02:39:38.35104909-06:00" level=debug msg="Invoking: gptj-python-ftgrlkdv6won9e11macq.default.192.168.1.240.sslip.io:80"
time="2024-05-30T02:39:38.362366862-06:00" level=debug msg="Invoked gptj-python-ftgrlkdv6won9e11macq.default.192.168.1.240.sslip.io in 11328 usec\n"
time="2024-05-30T02:39:45.817477205-06:00" level=debug msg="Minute: 10"
time="2024-05-30T02:39:45.817610768-06:00" level=debug msg="Number of Invocations this iteration: 8"
time="2024-05-30T02:39:45.81769971-06:00" level=debug msg="Invoking: rnn-serving-python-10-10-jzg9rl769tr9ptfim4mm.default.192.168.1.240.sslip.io:80"
time="2024-05-30T02:39:53.321496634-06:00" level=debug msg="Invoking: gptj-python-ftgrlkdv6won9e11macq.default.192.168.1.240.sslip.io:80"
time="2024-05-30T02:39:53.332513214-06:00" level=debug msg="Invoked gptj-python-ftgrlkdv6won9e11macq.default.192.168.1.240.sslip.io in 11026 usec\n"
time="2024-05-30T02:39:57.548881879-06:00" level=debug msg="Invoked rnn-serving-python-10-10-jzg9rl769tr9ptfim4mm.default.192.168.1.240.sslip.io in 11731181 usec\n"
time="2024-05-30T02:40:00.822622662-06:00" level=debug msg="Invoking: gptj-python-ftgrlkdv6won9e11macq.default.192.168.1.240.sslip.io:80"
time="2024-05-30T02:40:00.833762805-06:00" level=debug msg="Invoked gptj-python-ftgrlkdv6won9e11macq.default.192.168.1.240.sslip.io in 11147 usec\n"
time="2024-05-30T02:40:08.330123533-06:00" level=debug msg="Invoking: gptj-python-ftgrlkdv6won9e11macq.default.192.168.1.240.sslip.io:80"
time="2024-05-30T02:40:08.34119243-06:00" level=debug msg="Invoked gptj-python-ftgrlkdv6won9e11macq.default.192.168.1.240.sslip.io in 11080 usec\n"
time="2024-05-30T02:40:15.837436699-06:00" level=debug msg="Invoking: cartservice-qdzirhitu7ygfyldnhj2.default.192.168.1.240.sslip.io:80"
time="2024-05-30T02:40:15.850811623-06:00" level=debug msg="Invoked cartservice-qdzirhitu7ygfyldnhj2.default.192.168.1.240.sslip.io in 13385 usec\n"
time="2024-05-30T02:40:23.341499116-06:00" level=debug msg="Invoking: gptj-python-ftgrlkdv6won9e11macq.default.192.168.1.240.sslip.io:80"
time="2024-05-30T02:40:23.352836493-06:00" level=debug msg="Invoked gptj-python-ftgrlkdv6won9e11macq.default.192.168.1.240.sslip.io in 11347 usec\n"
time="2024-05-30T02:40:30.845458681-06:00" level=debug msg="Invoking: gptj-python-ftgrlkdv6won9e11macq.default.192.168.1.240.sslip.io:80"
time="2024-05-30T02:40:30.857076226-06:00" level=debug msg="Invoked gptj-python-ftgrlkdv6won9e11macq.default.192.168.1.240.sslip.io in 11629 usec\n"
time="2024-05-30T02:40:38.349461032-06:00" level=debug msg="Invoking: gptj-python-ftgrlkdv6won9e11macq.default.192.168.1.240.sslip.io:80"
time="2024-05-30T02:40:38.360114483-06:00" level=debug msg="Invoked gptj-python-ftgrlkdv6won9e11macq.default.192.168.1.240.sslip.io in 10665 usec\n"
time="2024-05-30T02:40:45.817435541-06:00" level=debug msg="Minute: 11"
time="2024-05-30T02:40:45.817530178-06:00" level=debug msg="Number of Invocations this iteration: 8"
time="2024-05-30T02:40:45.817623414-06:00" level=debug msg="Invoking: image-rotate-go-6-e21io0wbip75miym6kuu.default.192.168.1.240.sslip.io:80"
time="2024-05-30T02:40:53.324620702-06:00" level=debug msg="Invoking: gptj-python-ftgrlkdv6won9e11macq.default.192.168.1.240.sslip.io:80"
time="2024-05-30T02:40:53.335242645-06:00" level=debug msg="Invoked gptj-python-ftgrlkdv6won9e11macq.default.192.168.1.240.sslip.io in 10629 usec\n"
time="2024-05-30T02:40:53.347307777-06:00" level=debug msg="Invoked image-rotate-go-6-e21io0wbip75miym6kuu.default.192.168.1.240.sslip.io in 7529691 usec\n"
time="2024-05-30T02:41:00.829438511-06:00" level=debug msg="Invoking: gptj-python-ftgrlkdv6won9e11macq.default.192.168.1.240.sslip.io:80"
time="2024-05-30T02:41:00.843113494-06:00" level=debug msg="Invoked gptj-python-ftgrlkdv6won9e11macq.default.192.168.1.240.sslip.io in 13685 usec\n"
time="2024-05-30T02:41:08.333473221-06:00" level=debug msg="Invoking: gptj-python-ftgrlkdv6won9e11macq.default.192.168.1.240.sslip.io:80"
time="2024-05-30T02:41:08.343642151-06:00" level=debug msg="Invoked gptj-python-ftgrlkdv6won9e11macq.default.192.168.1.240.sslip.io in 10219 usec\n"
time="2024-05-30T02:41:15.837431287-06:00" level=debug msg="Invoking: cartservice-qdzirhitu7ygfyldnhj2.default.192.168.1.240.sslip.io:80"
time="2024-05-30T02:41:15.851301759-06:00" level=debug msg="Invoked cartservice-qdzirhitu7ygfyldnhj2.default.192.168.1.240.sslip.io in 13881 usec\n"
time="2024-05-30T02:41:23.340442203-06:00" level=debug msg="Invoking: gptj-python-ftgrlkdv6won9e11macq.default.192.168.1.240.sslip.io:80"
time="2024-05-30T02:41:23.351926016-06:00" level=debug msg="Invoked gptj-python-ftgrlkdv6won9e11macq.default.192.168.1.240.sslip.io in 11492 usec\n"
time="2024-05-30T02:41:30.845422931-06:00" level=debug msg="Invoking: gptj-python-ftgrlkdv6won9e11macq.default.192.168.1.240.sslip.io:80"
time="2024-05-30T02:41:30.855106531-06:00" level=debug msg="Invoked gptj-python-ftgrlkdv6won9e11macq.default.192.168.1.240.sslip.io in 9691 usec\n"
time="2024-05-30T02:41:38.350373653-06:00" level=debug msg="Invoking: gptj-python-ftgrlkdv6won9e11macq.default.192.168.1.240.sslip.io:80"
time="2024-05-30T02:41:38.360528502-06:00" level=debug msg="Invoked gptj-python-ftgrlkdv6won9e11macq.default.192.168.1.240.sslip.io in 10161 usec\n"
time="2024-05-30T02:41:45.81749382-06:00" level=debug msg="Minute: 12"
time="2024-05-30T02:41:45.817639962-06:00" level=debug msg="Number of Invocations this iteration: 8"
time="2024-05-30T02:41:45.817723374-06:00" level=debug msg="Invoking: cartservice-qdzirhitu7ygfyldnhj2.default.192.168.1.240.sslip.io:80"
time="2024-05-30T02:41:45.830148396-06:00" level=debug msg="Invoked cartservice-qdzirhitu7ygfyldnhj2.default.192.168.1.240.sslip.io in 12423 usec\n"
time="2024-05-30T02:41:53.32142666-06:00" level=debug msg="Invoking: gptj-python-ftgrlkdv6won9e11macq.default.192.168.1.240.sslip.io:80"
time="2024-05-30T02:41:53.33167034-06:00" level=debug msg="Invoked gptj-python-ftgrlkdv6won9e11macq.default.192.168.1.240.sslip.io in 10252 usec\n"
time="2024-05-30T02:42:00.825452455-06:00" level=debug msg="Invoking: gptj-python-ftgrlkdv6won9e11macq.default.192.168.1.240.sslip.io:80"
time="2024-05-30T02:42:00.836811227-06:00" level=debug msg="Invoked gptj-python-ftgrlkdv6won9e11macq.default.192.168.1.240.sslip.io in 11368 usec\n"
time="2024-05-30T02:42:08.331890435-06:00" level=debug msg="Invoking: gptj-python-ftgrlkdv6won9e11macq.default.192.168.1.240.sslip.io:80"
time="2024-05-30T02:42:08.343253621-06:00" level=debug msg="Invoked gptj-python-ftgrlkdv6won9e11macq.default.192.168.1.240.sslip.io in 11372 usec\n"
time="2024-05-30T02:42:15.837494732-06:00" level=debug msg="Invoking: cartservice-qdzirhitu7ygfyldnhj2.default.192.168.1.240.sslip.io:80"
time="2024-05-30T02:42:15.849264228-06:00" level=debug msg="Invoked cartservice-qdzirhitu7ygfyldnhj2.default.192.168.1.240.sslip.io in 11781 usec\n"
time="2024-05-30T02:42:23.341458465-06:00" level=debug msg="Invoking: gptj-python-ftgrlkdv6won9e11macq.default.192.168.1.240.sslip.io:80"
time="2024-05-30T02:42:23.35197778-06:00" level=debug msg="Invoked gptj-python-ftgrlkdv6won9e11macq.default.192.168.1.240.sslip.io in 10529 usec\n"
time="2024-05-30T02:42:30.845433966-06:00" level=debug msg="Invoking: gptj-python-ftgrlkdv6won9e11macq.default.192.168.1.240.sslip.io:80"
time="2024-05-30T02:42:30.873505527-06:00" level=debug msg="Invoked gptj-python-ftgrlkdv6won9e11macq.default.192.168.1.240.sslip.io in 28092 usec\n"
time="2024-05-30T02:42:38.351284913-06:00" level=debug msg="Invoking: gptj-python-ftgrlkdv6won9e11macq.default.192.168.1.240.sslip.io:80"
time="2024-05-30T02:42:38.361675138-06:00" level=debug msg="Invoked gptj-python-ftgrlkdv6won9e11macq.default.192.168.1.240.sslip.io in 10403 usec\n"
time="2024-05-30T02:42:45.818162498-06:00" level=debug msg="Minute: 13"
time="2024-05-30T02:42:45.818264106-06:00" level=debug msg="Number of Invocations this iteration: 8"
time="2024-05-30T02:42:45.818381851-06:00" level=debug msg="Invoking: cartservice-qdzirhitu7ygfyldnhj2.default.192.168.1.240.sslip.io:80"
time="2024-05-30T02:42:45.832625729-06:00" level=debug msg="Invoked cartservice-qdzirhitu7ygfyldnhj2.default.192.168.1.240.sslip.io in 14242 usec\n"
time="2024-05-30T02:42:53.325058499-06:00" level=debug msg="Invoking: gptj-python-ftgrlkdv6won9e11macq.default.192.168.1.240.sslip.io:80"
time="2024-05-30T02:42:53.336023655-06:00" level=debug msg="Invoked gptj-python-ftgrlkdv6won9e11macq.default.192.168.1.240.sslip.io in 10976 usec\n"
time="2024-05-30T02:43:00.829496988-06:00" level=debug msg="Invoking: gptj-python-ftgrlkdv6won9e11macq.default.192.168.1.240.sslip.io:80"
time="2024-05-30T02:43:00.840330851-06:00" level=debug msg="Invoked gptj-python-ftgrlkdv6won9e11macq.default.192.168.1.240.sslip.io in 10843 usec\n"
time="2024-05-30T02:43:08.333442548-06:00" level=debug msg="Invoking: gptj-python-ftgrlkdv6won9e11macq.default.192.168.1.240.sslip.io:80"
time="2024-05-30T02:43:08.344041455-06:00" level=debug msg="Invoked gptj-python-ftgrlkdv6won9e11macq.default.192.168.1.240.sslip.io in 10609 usec\n"
time="2024-05-30T02:43:15.837483927-06:00" level=debug msg="Invoking: cartservice-qdzirhitu7ygfyldnhj2.default.192.168.1.240.sslip.io:80"
time="2024-05-30T02:43:15.85205963-06:00" level=debug msg="Invoked cartservice-qdzirhitu7ygfyldnhj2.default.192.168.1.240.sslip.io in 14585 usec\n"
time="2024-05-30T02:43:23.341501464-06:00" level=debug msg="Invoking: gptj-python-ftgrlkdv6won9e11macq.default.192.168.1.240.sslip.io:80"
time="2024-05-30T02:43:23.3537201-06:00" level=debug msg="Invoked gptj-python-ftgrlkdv6won9e11macq.default.192.168.1.240.sslip.io in 12223 usec\n"
time="2024-05-30T02:43:30.845426073-06:00" level=debug msg="Invoking: gptj-python-ftgrlkdv6won9e11macq.default.192.168.1.240.sslip.io:80"
time="2024-05-30T02:43:30.855558263-06:00" level=debug msg="Invoked gptj-python-ftgrlkdv6won9e11macq.default.192.168.1.240.sslip.io in 10146 usec\n"
time="2024-05-30T02:43:38.352438183-06:00" level=debug msg="Invoking: gptj-python-ftgrlkdv6won9e11macq.default.192.168.1.240.sslip.io:80"
time="2024-05-30T02:43:38.363090739-06:00" level=debug msg="Invoked gptj-python-ftgrlkdv6won9e11macq.default.192.168.1.240.sslip.io in 10658 usec\n"
time="2024-05-30T02:43:45.817455005-06:00" level=info msg="Experiment Phase Completed"
time="2024-05-30T02:43:45.817603851-06:00" level=info msg="Issued / completed requests: 112, 112"
time="2024-05-30T02:43:45.817638451-06:00" level=info msg="Average Real RPS: 0.13 "
time="2024-05-30T02:43:45.817663161-06:00" level=info msg="Experiment finished!"
time="2024-05-30T02:43:45.817689216-06:00" level=info msg="The measured latencies are saved in rps_lat.csv"
