time="2024-05-30T01:28:48.590611551-06:00" level=debug msg="Debug logging is enabled"
time="2024-05-30T01:28:48.590751669-06:00" level=info msg="Reading the trace endpoints from the file: /users/ArunAMS/vSwarm/tools/load-generator/load.json"
time="2024-05-30T01:28:48.591885948-06:00" level=info msg="Warmup Duration: 3"
time="2024-05-30T01:28:48.591929662-06:00" level=info msg="Experiment Duration: 11"
time="2024-05-30T01:28:48.591948302-06:00" level=info msg="Minute Granularity: true"
time="2024-05-30T01:29:48.648507543-06:00" level=info msg="Running Warmup Phase"
time="2024-05-30T01:29:48.648581877-06:00" level=debug msg="Minute: 0"
time="2024-05-30T01:29:48.648660173-06:00" level=debug msg="Number of Invocations this iteration: 8"
time="2024-05-30T01:29:48.648770465-06:00" level=debug msg="Invoking: cartservice-h242qqbdsewbyppchbro.default.192.168.1.240.sslip.io:80"
time="2024-05-30T01:29:56.149930207-06:00" level=debug msg="Invoking: gptj-python-4lsvtjczaeotnzax25j6.default.192.168.1.240.sslip.io:80"
time="2024-05-30T01:30:03.650086178-06:00" level=debug msg="Invoking: gptj-python-4lsvtjczaeotnzax25j6.default.192.168.1.240.sslip.io:80"
time="2024-05-30T01:30:11.155991643-06:00" level=debug msg="Invoking: gptj-python-4lsvtjczaeotnzax25j6.default.192.168.1.240.sslip.io:80"
time="2024-05-30T01:30:18.660885804-06:00" level=debug msg="Invoking: cartservice-h242qqbdsewbyppchbro.default.192.168.1.240.sslip.io:80"
time="2024-05-30T01:30:26.168052097-06:00" level=debug msg="Invoking: gptj-python-4lsvtjczaeotnzax25j6.default.192.168.1.240.sslip.io:80"
time="2024-05-30T01:30:33.672031259-06:00" level=debug msg="Invoking: gptj-python-4lsvtjczaeotnzax25j6.default.192.168.1.240.sslip.io:80"
time="2024-05-30T01:30:41.178082756-06:00" level=debug msg="Invoking: gptj-python-4lsvtjczaeotnzax25j6.default.192.168.1.240.sslip.io:80"
time="2024-05-30T01:30:48.596052652-06:00" level=debug msg="Minute: 1"
time="2024-05-30T01:30:48.596139492-06:00" level=debug msg="Number of Invocations this iteration: 8"
time="2024-05-30T01:30:48.596234069-06:00" level=debug msg="Invoking: image-rotate-go-6-dp1ovw0994v9vif0zzyl.default.192.168.1.240.sslip.io:80"
time="2024-05-30T01:30:56.100403388-06:00" level=debug msg="Invoking: gptj-python-4lsvtjczaeotnzax25j6.default.192.168.1.240.sslip.io:80"
time="2024-05-30T01:31:03.601099642-06:00" level=debug msg="Invoking: gptj-python-4lsvtjczaeotnzax25j6.default.192.168.1.240.sslip.io:80"
time="2024-05-30T01:31:11.108034199-06:00" level=debug msg="Invoking: gptj-python-4lsvtjczaeotnzax25j6.default.192.168.1.240.sslip.io:80"
time="2024-05-30T01:31:18.614578048-06:00" level=debug msg="Invoking: cartservice-h242qqbdsewbyppchbro.default.192.168.1.240.sslip.io:80"
time="2024-05-30T01:31:26.120058802-06:00" level=debug msg="Invoking: gptj-python-4lsvtjczaeotnzax25j6.default.192.168.1.240.sslip.io:80"
time="2024-05-30T01:31:33.624047444-06:00" level=debug msg="Invoking: gptj-python-4lsvtjczaeotnzax25j6.default.192.168.1.240.sslip.io:80"
time="2024-05-30T01:31:41.130610303-06:00" level=debug msg="Invoking: gptj-python-4lsvtjczaeotnzax25j6.default.192.168.1.240.sslip.io:80"
time="2024-05-30T01:31:48.596057446-06:00" level=debug msg="Minute: 2"
time="2024-05-30T01:31:48.59614552-06:00" level=debug msg="Number of Invocations this iteration: 8"
time="2024-05-30T01:31:48.596238313-06:00" level=debug msg="Invoking: cartservice-h242qqbdsewbyppchbro.default.192.168.1.240.sslip.io:80"
time="2024-05-30T01:31:56.102849314-06:00" level=debug msg="Invoking: gptj-python-4lsvtjczaeotnzax25j6.default.192.168.1.240.sslip.io:80"
time="2024-05-30T01:32:03.608021932-06:00" level=debug msg="Invoking: gptj-python-4lsvtjczaeotnzax25j6.default.192.168.1.240.sslip.io:80"
time="2024-05-30T01:32:11.112047936-06:00" level=debug msg="Invoking: gptj-python-4lsvtjczaeotnzax25j6.default.192.168.1.240.sslip.io:80"
time="2024-05-30T01:32:18.616032547-06:00" level=debug msg="Invoking: cartservice-h242qqbdsewbyppchbro.default.192.168.1.240.sslip.io:80"
time="2024-05-30T01:32:26.122889164-06:00" level=debug msg="Invoking: gptj-python-4lsvtjczaeotnzax25j6.default.192.168.1.240.sslip.io:80"
time="2024-05-30T01:32:33.629422726-06:00" level=debug msg="Invoking: gptj-python-4lsvtjczaeotnzax25j6.default.192.168.1.240.sslip.io:80"
time="2024-05-30T01:32:41.136095629-06:00" level=debug msg="Invoking: gptj-python-4lsvtjczaeotnzax25j6.default.192.168.1.240.sslip.io:80"
time="2024-05-30T01:32:48.596100386-06:00" level=info msg="Warmup Phase Completed"
time="2024-05-30T01:32:48.596181844-06:00" level=info msg="Running Experiment Phase"
time="2024-05-30T01:32:48.596211757-06:00" level=debug msg="Minute: 3"
time="2024-05-30T01:32:48.596262381-06:00" level=debug msg="Number of Invocations this iteration: 8"
time="2024-05-30T01:32:48.596373477-06:00" level=debug msg="Invoking: cartservice-h242qqbdsewbyppchbro.default.192.168.1.240.sslip.io:80"
time="2024-05-30T01:32:48.609623868-06:00" level=debug msg="Invoked cartservice-h242qqbdsewbyppchbro.default.192.168.1.240.sslip.io in 13242 usec\n"
time="2024-05-30T01:32:56.100053183-06:00" level=debug msg="Invoking: gptj-python-4lsvtjczaeotnzax25j6.default.192.168.1.240.sslip.io:80"
time="2024-05-30T01:32:56.110519648-06:00" level=debug msg="Invoked gptj-python-4lsvtjczaeotnzax25j6.default.192.168.1.240.sslip.io in 10497 usec\n"
time="2024-05-30T01:33:03.604016553-06:00" level=debug msg="Invoking: gptj-python-4lsvtjczaeotnzax25j6.default.192.168.1.240.sslip.io:80"
time="2024-05-30T01:33:03.617192651-06:00" level=debug msg="Invoked gptj-python-4lsvtjczaeotnzax25j6.default.192.168.1.240.sslip.io in 13192 usec\n"
time="2024-05-30T01:33:11.111723331-06:00" level=debug msg="Invoking: gptj-python-4lsvtjczaeotnzax25j6.default.192.168.1.240.sslip.io:80"
time="2024-05-30T01:33:11.122360694-06:00" level=debug msg="Invoked gptj-python-4lsvtjczaeotnzax25j6.default.192.168.1.240.sslip.io in 10665 usec\n"
time="2024-05-30T01:33:18.616051348-06:00" level=debug msg="Invoking: cartservice-h242qqbdsewbyppchbro.default.192.168.1.240.sslip.io:80"
time="2024-05-30T01:33:18.631148869-06:00" level=debug msg="Invoked cartservice-h242qqbdsewbyppchbro.default.192.168.1.240.sslip.io in 15152 usec\n"
time="2024-05-30T01:33:26.12033045-06:00" level=debug msg="Invoking: gptj-python-4lsvtjczaeotnzax25j6.default.192.168.1.240.sslip.io:80"
time="2024-05-30T01:33:26.133119414-06:00" level=debug msg="Invoked gptj-python-4lsvtjczaeotnzax25j6.default.192.168.1.240.sslip.io in 12792 usec\n"
time="2024-05-30T01:33:33.620526402-06:00" level=debug msg="Invoking: gptj-python-4lsvtjczaeotnzax25j6.default.192.168.1.240.sslip.io:80"
time="2024-05-30T01:33:33.630581104-06:00" level=debug msg="Invoked gptj-python-4lsvtjczaeotnzax25j6.default.192.168.1.240.sslip.io in 10075 usec\n"
time="2024-05-30T01:33:41.126467566-06:00" level=debug msg="Invoking: gptj-python-4lsvtjczaeotnzax25j6.default.192.168.1.240.sslip.io:80"
time="2024-05-30T01:33:41.136985295-06:00" level=debug msg="Invoked gptj-python-4lsvtjczaeotnzax25j6.default.192.168.1.240.sslip.io in 10527 usec\n"
time="2024-05-30T01:33:48.595990046-06:00" level=debug msg="Minute: 4"
time="2024-05-30T01:33:48.596057635-06:00" level=debug msg="Number of Invocations this iteration: 8"
time="2024-05-30T01:33:48.596113216-06:00" level=debug msg="Invoking: rnn-serving-python-10-10-kby5zzuptiffqexgildf.default.192.168.1.240.sslip.io:80"
time="2024-05-30T01:33:56.102014289-06:00" level=debug msg="Invoking: gptj-python-4lsvtjczaeotnzax25j6.default.192.168.1.240.sslip.io:80"
time="2024-05-30T01:33:56.112774178-06:00" level=debug msg="Invoked gptj-python-4lsvtjczaeotnzax25j6.default.192.168.1.240.sslip.io in 10771 usec\n"
time="2024-05-30T01:33:58.436153625-06:00" level=debug msg="Invoked rnn-serving-python-10-10-kby5zzuptiffqexgildf.default.192.168.1.240.sslip.io in 9840035 usec\n"
time="2024-05-30T01:34:03.604022126-06:00" level=debug msg="Invoking: gptj-python-4lsvtjczaeotnzax25j6.default.192.168.1.240.sslip.io:80"
time="2024-05-30T01:34:03.616279971-06:00" level=debug msg="Invoked gptj-python-4lsvtjczaeotnzax25j6.default.192.168.1.240.sslip.io in 12289 usec\n"
time="2024-05-30T01:34:11.108080128-06:00" level=debug msg="Invoking: gptj-python-4lsvtjczaeotnzax25j6.default.192.168.1.240.sslip.io:80"
time="2024-05-30T01:34:11.119137376-06:00" level=debug msg="Invoked gptj-python-4lsvtjczaeotnzax25j6.default.192.168.1.240.sslip.io in 11066 usec\n"
time="2024-05-30T01:34:18.612004685-06:00" level=debug msg="Invoking: cartservice-h242qqbdsewbyppchbro.default.192.168.1.240.sslip.io:80"
time="2024-05-30T01:34:18.625453118-06:00" level=debug msg="Invoked cartservice-h242qqbdsewbyppchbro.default.192.168.1.240.sslip.io in 13458 usec\n"
time="2024-05-30T01:34:26.115997632-06:00" level=debug msg="Invoking: gptj-python-4lsvtjczaeotnzax25j6.default.192.168.1.240.sslip.io:80"
time="2024-05-30T01:34:26.1263991-06:00" level=debug msg="Invoked gptj-python-4lsvtjczaeotnzax25j6.default.192.168.1.240.sslip.io in 10409 usec\n"
time="2024-05-30T01:34:33.620071224-06:00" level=debug msg="Invoking: gptj-python-4lsvtjczaeotnzax25j6.default.192.168.1.240.sslip.io:80"
time="2024-05-30T01:34:33.630611893-06:00" level=debug msg="Invoked gptj-python-4lsvtjczaeotnzax25j6.default.192.168.1.240.sslip.io in 10552 usec\n"
time="2024-05-30T01:34:41.124010586-06:00" level=debug msg="Invoking: gptj-python-4lsvtjczaeotnzax25j6.default.192.168.1.240.sslip.io:80"
time="2024-05-30T01:34:41.135128983-06:00" level=debug msg="Invoked gptj-python-4lsvtjczaeotnzax25j6.default.192.168.1.240.sslip.io in 11131 usec\n"
time="2024-05-30T01:34:48.59919851-06:00" level=debug msg="Minute: 5"
time="2024-05-30T01:34:48.599272876-06:00" level=debug msg="Number of Invocations this iteration: 8"
time="2024-05-30T01:34:48.599344726-06:00" level=debug msg="Invoking: cartservice-h242qqbdsewbyppchbro.default.192.168.1.240.sslip.io:80"
time="2024-05-30T01:34:48.611411985-06:00" level=debug msg="Invoked cartservice-h242qqbdsewbyppchbro.default.192.168.1.240.sslip.io in 12064 usec\n"
time="2024-05-30T01:34:56.104128197-06:00" level=debug msg="Invoking: gptj-python-4lsvtjczaeotnzax25j6.default.192.168.1.240.sslip.io:80"
time="2024-05-30T01:34:56.116698249-06:00" level=debug msg="Invoked gptj-python-4lsvtjczaeotnzax25j6.default.192.168.1.240.sslip.io in 12579 usec\n"
time="2024-05-30T01:35:03.609679879-06:00" level=debug msg="Invoking: gptj-python-4lsvtjczaeotnzax25j6.default.192.168.1.240.sslip.io:80"
time="2024-05-30T01:35:03.619315794-06:00" level=debug msg="Invoked gptj-python-4lsvtjczaeotnzax25j6.default.192.168.1.240.sslip.io in 9647 usec\n"
time="2024-05-30T01:35:11.11649771-06:00" level=debug msg="Invoking: gptj-python-4lsvtjczaeotnzax25j6.default.192.168.1.240.sslip.io:80"
time="2024-05-30T01:35:11.126909118-06:00" level=debug msg="Invoked gptj-python-4lsvtjczaeotnzax25j6.default.192.168.1.240.sslip.io in 10419 usec\n"
time="2024-05-30T01:35:18.620074814-06:00" level=debug msg="Invoking: cartservice-h242qqbdsewbyppchbro.default.192.168.1.240.sslip.io:80"
time="2024-05-30T01:35:18.631214007-06:00" level=debug msg="Invoked cartservice-h242qqbdsewbyppchbro.default.192.168.1.240.sslip.io in 11151 usec\n"
time="2024-05-30T01:35:26.124319149-06:00" level=debug msg="Invoking: gptj-python-4lsvtjczaeotnzax25j6.default.192.168.1.240.sslip.io:80"
time="2024-05-30T01:35:26.136052938-06:00" level=debug msg="Invoked gptj-python-4lsvtjczaeotnzax25j6.default.192.168.1.240.sslip.io in 11743 usec\n"
time="2024-05-30T01:35:33.624566484-06:00" level=debug msg="Invoking: gptj-python-4lsvtjczaeotnzax25j6.default.192.168.1.240.sslip.io:80"
time="2024-05-30T01:35:33.634498944-06:00" level=debug msg="Invoked gptj-python-4lsvtjczaeotnzax25j6.default.192.168.1.240.sslip.io in 10007 usec\n"
time="2024-05-30T01:35:41.128055045-06:00" level=debug msg="Invoking: gptj-python-4lsvtjczaeotnzax25j6.default.192.168.1.240.sslip.io:80"
time="2024-05-30T01:35:41.138713285-06:00" level=debug msg="Invoked gptj-python-4lsvtjczaeotnzax25j6.default.192.168.1.240.sslip.io in 10670 usec\n"
time="2024-05-30T01:35:48.59777658-06:00" level=debug msg="Minute: 6"
time="2024-05-30T01:35:48.597878802-06:00" level=debug msg="Number of Invocations this iteration: 8"
time="2024-05-30T01:35:48.597971941-06:00" level=debug msg="Invoking: image-rotate-go-6-dp1ovw0994v9vif0zzyl.default.192.168.1.240.sslip.io:80"
time="2024-05-30T01:35:56.104024629-06:00" level=debug msg="Invoking: gptj-python-4lsvtjczaeotnzax25j6.default.192.168.1.240.sslip.io:80"
time="2024-05-30T01:35:56.113806585-06:00" level=debug msg="Invoked gptj-python-4lsvtjczaeotnzax25j6.default.192.168.1.240.sslip.io in 9792 usec\n"
time="2024-05-30T01:36:00.918045392-06:00" level=debug msg="Invoked image-rotate-go-6-dp1ovw0994v9vif0zzyl.default.192.168.1.240.sslip.io in 12320072 usec\n"
time="2024-05-30T01:36:03.605177596-06:00" level=debug msg="Invoking: gptj-python-4lsvtjczaeotnzax25j6.default.192.168.1.240.sslip.io:80"
time="2024-05-30T01:36:03.616413407-06:00" level=debug msg="Invoked gptj-python-4lsvtjczaeotnzax25j6.default.192.168.1.240.sslip.io in 11248 usec\n"
time="2024-05-30T01:36:11.112791449-06:00" level=debug msg="Invoking: gptj-python-4lsvtjczaeotnzax25j6.default.192.168.1.240.sslip.io:80"
time="2024-05-30T01:36:11.123121236-06:00" level=debug msg="Invoked gptj-python-4lsvtjczaeotnzax25j6.default.192.168.1.240.sslip.io in 10341 usec\n"
time="2024-05-30T01:36:18.616132945-06:00" level=debug msg="Invoking: cartservice-h242qqbdsewbyppchbro.default.192.168.1.240.sslip.io:80"
time="2024-05-30T01:36:18.632350914-06:00" level=debug msg="Invoked cartservice-h242qqbdsewbyppchbro.default.192.168.1.240.sslip.io in 16297 usec\n"
time="2024-05-30T01:36:26.120101528-06:00" level=debug msg="Invoking: gptj-python-4lsvtjczaeotnzax25j6.default.192.168.1.240.sslip.io:80"
time="2024-05-30T01:36:26.130730812-06:00" level=debug msg="Invoked gptj-python-4lsvtjczaeotnzax25j6.default.192.168.1.240.sslip.io in 10645 usec\n"
time="2024-05-30T01:36:33.624037607-06:00" level=debug msg="Invoking: gptj-python-4lsvtjczaeotnzax25j6.default.192.168.1.240.sslip.io:80"
time="2024-05-30T01:36:33.634856265-06:00" level=debug msg="Invoked gptj-python-4lsvtjczaeotnzax25j6.default.192.168.1.240.sslip.io in 10826 usec\n"
time="2024-05-30T01:36:41.128097403-06:00" level=debug msg="Invoking: gptj-python-4lsvtjczaeotnzax25j6.default.192.168.1.240.sslip.io:80"
time="2024-05-30T01:36:41.140745599-06:00" level=debug msg="Invoked gptj-python-4lsvtjczaeotnzax25j6.default.192.168.1.240.sslip.io in 12685 usec\n"
time="2024-05-30T01:36:48.598923915-06:00" level=debug msg="Minute: 7"
time="2024-05-30T01:36:48.599025517-06:00" level=debug msg="Number of Invocations this iteration: 8"
time="2024-05-30T01:36:48.59912376-06:00" level=debug msg="Invoking: cartservice-h242qqbdsewbyppchbro.default.192.168.1.240.sslip.io:80"
time="2024-05-30T01:36:48.613777457-06:00" level=debug msg="Invoked cartservice-h242qqbdsewbyppchbro.default.192.168.1.240.sslip.io in 14652 usec\n"
time="2024-05-30T01:36:56.104049683-06:00" level=debug msg="Invoking: gptj-python-4lsvtjczaeotnzax25j6.default.192.168.1.240.sslip.io:80"
time="2024-05-30T01:36:56.114080063-06:00" level=debug msg="Invoked gptj-python-4lsvtjczaeotnzax25j6.default.192.168.1.240.sslip.io in 10042 usec\n"
time="2024-05-30T01:37:03.610191538-06:00" level=debug msg="Invoking: gptj-python-4lsvtjczaeotnzax25j6.default.192.168.1.240.sslip.io:80"
time="2024-05-30T01:37:03.620266703-06:00" level=debug msg="Invoked gptj-python-4lsvtjczaeotnzax25j6.default.192.168.1.240.sslip.io in 10087 usec\n"
time="2024-05-30T01:37:11.116060968-06:00" level=debug msg="Invoking: gptj-python-4lsvtjczaeotnzax25j6.default.192.168.1.240.sslip.io:80"
time="2024-05-30T01:37:11.126289044-06:00" level=debug msg="Invoked gptj-python-4lsvtjczaeotnzax25j6.default.192.168.1.240.sslip.io in 10242 usec\n"
time="2024-05-30T01:37:18.620093198-06:00" level=debug msg="Invoking: cartservice-h242qqbdsewbyppchbro.default.192.168.1.240.sslip.io:80"
time="2024-05-30T01:37:18.634426755-06:00" level=debug msg="Invoked cartservice-h242qqbdsewbyppchbro.default.192.168.1.240.sslip.io in 14347 usec\n"
time="2024-05-30T01:37:26.124444791-06:00" level=debug msg="Invoking: gptj-python-4lsvtjczaeotnzax25j6.default.192.168.1.240.sslip.io:80"
time="2024-05-30T01:37:26.135111487-06:00" level=debug msg="Invoked gptj-python-4lsvtjczaeotnzax25j6.default.192.168.1.240.sslip.io in 10676 usec\n"
time="2024-05-30T01:37:33.624666907-06:00" level=debug msg="Invoking: gptj-python-4lsvtjczaeotnzax25j6.default.192.168.1.240.sslip.io:80"
time="2024-05-30T01:37:33.636633512-06:00" level=debug msg="Invoked gptj-python-4lsvtjczaeotnzax25j6.default.192.168.1.240.sslip.io in 11975 usec\n"
time="2024-05-30T01:37:41.128029468-06:00" level=debug msg="Invoking: gptj-python-4lsvtjczaeotnzax25j6.default.192.168.1.240.sslip.io:80"
time="2024-05-30T01:37:41.138013192-06:00" level=debug msg="Invoked gptj-python-4lsvtjczaeotnzax25j6.default.192.168.1.240.sslip.io in 9993 usec\n"
time="2024-05-30T01:37:48.596059825-06:00" level=debug msg="Minute: 8"
time="2024-05-30T01:37:48.596199251-06:00" level=debug msg="Number of Invocations this iteration: 8"
time="2024-05-30T01:37:48.596308824-06:00" level=debug msg="Invoking: cartservice-h242qqbdsewbyppchbro.default.192.168.1.240.sslip.io:80"
time="2024-05-30T01:37:48.608680181-06:00" level=debug msg="Invoked cartservice-h242qqbdsewbyppchbro.default.192.168.1.240.sslip.io in 12367 usec\n"
time="2024-05-30T01:37:56.100230188-06:00" level=debug msg="Invoking: gptj-python-4lsvtjczaeotnzax25j6.default.192.168.1.240.sslip.io:80"
time="2024-05-30T01:37:56.110870696-06:00" level=debug msg="Invoked gptj-python-4lsvtjczaeotnzax25j6.default.192.168.1.240.sslip.io in 10652 usec\n"
time="2024-05-30T01:38:03.604019094-06:00" level=debug msg="Invoking: gptj-python-4lsvtjczaeotnzax25j6.default.192.168.1.240.sslip.io:80"
time="2024-05-30T01:38:03.614120681-06:00" level=debug msg="Invoked gptj-python-4lsvtjczaeotnzax25j6.default.192.168.1.240.sslip.io in 10113 usec\n"
time="2024-05-30T01:38:11.111530657-06:00" level=debug msg="Invoking: gptj-python-4lsvtjczaeotnzax25j6.default.192.168.1.240.sslip.io:80"
time="2024-05-30T01:38:11.123067778-06:00" level=debug msg="Invoked gptj-python-4lsvtjczaeotnzax25j6.default.192.168.1.240.sslip.io in 11545 usec\n"
time="2024-05-30T01:38:18.616331269-06:00" level=debug msg="Invoking: cartservice-h242qqbdsewbyppchbro.default.192.168.1.240.sslip.io:80"
time="2024-05-30T01:38:18.629065303-06:00" level=debug msg="Invoked cartservice-h242qqbdsewbyppchbro.default.192.168.1.240.sslip.io in 12742 usec\n"
time="2024-05-30T01:38:26.120040601-06:00" level=debug msg="Invoking: gptj-python-4lsvtjczaeotnzax25j6.default.192.168.1.240.sslip.io:80"
time="2024-05-30T01:38:26.131057612-06:00" level=debug msg="Invoked gptj-python-4lsvtjczaeotnzax25j6.default.192.168.1.240.sslip.io in 11028 usec\n"
time="2024-05-30T01:38:33.624110115-06:00" level=debug msg="Invoking: gptj-python-4lsvtjczaeotnzax25j6.default.192.168.1.240.sslip.io:80"
time="2024-05-30T01:38:33.635320194-06:00" level=debug msg="Invoked gptj-python-4lsvtjczaeotnzax25j6.default.192.168.1.240.sslip.io in 11222 usec\n"
time="2024-05-30T01:38:41.128005975-06:00" level=debug msg="Invoking: gptj-python-4lsvtjczaeotnzax25j6.default.192.168.1.240.sslip.io:80"
time="2024-05-30T01:38:41.141967014-06:00" level=debug msg="Invoked gptj-python-4lsvtjczaeotnzax25j6.default.192.168.1.240.sslip.io in 13966 usec\n"
time="2024-05-30T01:38:48.596052442-06:00" level=debug msg="Minute: 9"
time="2024-05-30T01:38:48.596160599-06:00" level=debug msg="Number of Invocations this iteration: 8"
time="2024-05-30T01:38:48.596257247-06:00" level=debug msg="Invoking: cartservice-h242qqbdsewbyppchbro.default.192.168.1.240.sslip.io:80"
time="2024-05-30T01:38:48.609753729-06:00" level=debug msg="Invoked cartservice-h242qqbdsewbyppchbro.default.192.168.1.240.sslip.io in 13494 usec\n"
time="2024-05-30T01:38:56.100067036-06:00" level=debug msg="Invoking: gptj-python-4lsvtjczaeotnzax25j6.default.192.168.1.240.sslip.io:80"
time="2024-05-30T01:38:56.110860234-06:00" level=debug msg="Invoked gptj-python-4lsvtjczaeotnzax25j6.default.192.168.1.240.sslip.io in 10803 usec\n"
time="2024-05-30T01:39:03.604081121-06:00" level=debug msg="Invoking: gptj-python-4lsvtjczaeotnzax25j6.default.192.168.1.240.sslip.io:80"
time="2024-05-30T01:39:03.614947771-06:00" level=debug msg="Invoked gptj-python-4lsvtjczaeotnzax25j6.default.192.168.1.240.sslip.io in 10880 usec\n"
time="2024-05-30T01:39:11.108510467-06:00" level=debug msg="Invoking: gptj-python-4lsvtjczaeotnzax25j6.default.192.168.1.240.sslip.io:80"
time="2024-05-30T01:39:11.118597434-06:00" level=debug msg="Invoked gptj-python-4lsvtjczaeotnzax25j6.default.192.168.1.240.sslip.io in 10099 usec\n"
time="2024-05-30T01:39:18.615981895-06:00" level=debug msg="Invoking: cartservice-h242qqbdsewbyppchbro.default.192.168.1.240.sslip.io:80"
time="2024-05-30T01:39:18.627825864-06:00" level=debug msg="Invoked cartservice-h242qqbdsewbyppchbro.default.192.168.1.240.sslip.io in 11845 usec\n"
time="2024-05-30T01:39:26.120100072-06:00" level=debug msg="Invoking: gptj-python-4lsvtjczaeotnzax25j6.default.192.168.1.240.sslip.io:80"
time="2024-05-30T01:39:26.13018232-06:00" level=debug msg="Invoked gptj-python-4lsvtjczaeotnzax25j6.default.192.168.1.240.sslip.io in 10094 usec\n"
time="2024-05-30T01:39:33.626214049-06:00" level=debug msg="Invoking: gptj-python-4lsvtjczaeotnzax25j6.default.192.168.1.240.sslip.io:80"
time="2024-05-30T01:39:33.6383026-06:00" level=debug msg="Invoked gptj-python-4lsvtjczaeotnzax25j6.default.192.168.1.240.sslip.io in 12082 usec\n"
time="2024-05-30T01:39:41.132071973-06:00" level=debug msg="Invoking: gptj-python-4lsvtjczaeotnzax25j6.default.192.168.1.240.sslip.io:80"
time="2024-05-30T01:39:41.142583099-06:00" level=debug msg="Invoked gptj-python-4lsvtjczaeotnzax25j6.default.192.168.1.240.sslip.io in 10528 usec\n"
time="2024-05-30T01:39:48.596400323-06:00" level=debug msg="Minute: 10"
time="2024-05-30T01:39:48.596534146-06:00" level=debug msg="Number of Invocations this iteration: 8"
time="2024-05-30T01:39:48.596614527-06:00" level=debug msg="Invoking: rnn-serving-python-10-10-kby5zzuptiffqexgildf.default.192.168.1.240.sslip.io:80"
time="2024-05-30T01:39:56.100046529-06:00" level=debug msg="Invoking: gptj-python-4lsvtjczaeotnzax25j6.default.192.168.1.240.sslip.io:80"
time="2024-05-30T01:39:56.110889242-06:00" level=debug msg="Invoked gptj-python-4lsvtjczaeotnzax25j6.default.192.168.1.240.sslip.io in 10879 usec\n"
time="2024-05-30T01:39:58.834451035-06:00" level=debug msg="Invoked rnn-serving-python-10-10-kby5zzuptiffqexgildf.default.192.168.1.240.sslip.io in 10237833 usec\n"
time="2024-05-30T01:40:03.604092305-06:00" level=debug msg="Invoking: gptj-python-4lsvtjczaeotnzax25j6.default.192.168.1.240.sslip.io:80"
time="2024-05-30T01:40:03.614040898-06:00" level=debug msg="Invoked gptj-python-4lsvtjczaeotnzax25j6.default.192.168.1.240.sslip.io in 9961 usec\n"
time="2024-05-30T01:40:11.111412125-06:00" level=debug msg="Invoking: gptj-python-4lsvtjczaeotnzax25j6.default.192.168.1.240.sslip.io:80"
time="2024-05-30T01:40:11.121848174-06:00" level=debug msg="Invoked gptj-python-4lsvtjczaeotnzax25j6.default.192.168.1.240.sslip.io in 10445 usec\n"
time="2024-05-30T01:40:18.616083924-06:00" level=debug msg="Invoking: cartservice-h242qqbdsewbyppchbro.default.192.168.1.240.sslip.io:80"
time="2024-05-30T01:40:18.627647307-06:00" level=debug msg="Invoked cartservice-h242qqbdsewbyppchbro.default.192.168.1.240.sslip.io in 11575 usec\n"
time="2024-05-30T01:40:26.121942071-06:00" level=debug msg="Invoking: gptj-python-4lsvtjczaeotnzax25j6.default.192.168.1.240.sslip.io:80"
time="2024-05-30T01:40:26.132433514-06:00" level=debug msg="Invoked gptj-python-4lsvtjczaeotnzax25j6.default.192.168.1.240.sslip.io in 10504 usec\n"
time="2024-05-30T01:40:33.628551672-06:00" level=debug msg="Invoking: gptj-python-4lsvtjczaeotnzax25j6.default.192.168.1.240.sslip.io:80"
time="2024-05-30T01:40:33.639304189-06:00" level=debug msg="Invoked gptj-python-4lsvtjczaeotnzax25j6.default.192.168.1.240.sslip.io in 10764 usec\n"
time="2024-05-30T01:40:41.133514749-06:00" level=debug msg="Invoking: gptj-python-4lsvtjczaeotnzax25j6.default.192.168.1.240.sslip.io:80"
time="2024-05-30T01:40:41.144036425-06:00" level=debug msg="Invoked gptj-python-4lsvtjczaeotnzax25j6.default.192.168.1.240.sslip.io in 10534 usec\n"
time="2024-05-30T01:40:48.596045324-06:00" level=debug msg="Minute: 11"
time="2024-05-30T01:40:48.596127526-06:00" level=debug msg="Number of Invocations this iteration: 8"
time="2024-05-30T01:40:48.596192208-06:00" level=debug msg="Invoking: image-rotate-go-6-dp1ovw0994v9vif0zzyl.default.192.168.1.240.sslip.io:80"
time="2024-05-30T01:40:55.79685624-06:00" level=debug msg="Invoked image-rotate-go-6-dp1ovw0994v9vif0zzyl.default.192.168.1.240.sslip.io in 7200661 usec\n"
time="2024-05-30T01:40:56.097166525-06:00" level=debug msg="Invoking: gptj-python-4lsvtjczaeotnzax25j6.default.192.168.1.240.sslip.io:80"
time="2024-05-30T01:40:56.107609846-06:00" level=debug msg="Invoked gptj-python-4lsvtjczaeotnzax25j6.default.192.168.1.240.sslip.io in 10476 usec\n"
time="2024-05-30T01:41:03.604016178-06:00" level=debug msg="Invoking: gptj-python-4lsvtjczaeotnzax25j6.default.192.168.1.240.sslip.io:80"
time="2024-05-30T01:41:03.613656827-06:00" level=debug msg="Invoked gptj-python-4lsvtjczaeotnzax25j6.default.192.168.1.240.sslip.io in 9652 usec\n"
time="2024-05-30T01:41:11.108073733-06:00" level=debug msg="Invoking: gptj-python-4lsvtjczaeotnzax25j6.default.192.168.1.240.sslip.io:80"
time="2024-05-30T01:41:11.118823945-06:00" level=debug msg="Invoked gptj-python-4lsvtjczaeotnzax25j6.default.192.168.1.240.sslip.io in 10767 usec\n"
time="2024-05-30T01:41:18.612092131-06:00" level=debug msg="Invoking: cartservice-h242qqbdsewbyppchbro.default.192.168.1.240.sslip.io:80"
time="2024-05-30T01:41:18.624142834-06:00" level=debug msg="Invoked cartservice-h242qqbdsewbyppchbro.default.192.168.1.240.sslip.io in 12061 usec\n"
time="2024-05-30T01:41:26.116093815-06:00" level=debug msg="Invoking: gptj-python-4lsvtjczaeotnzax25j6.default.192.168.1.240.sslip.io:80"
time="2024-05-30T01:41:26.126833791-06:00" level=debug msg="Invoked gptj-python-4lsvtjczaeotnzax25j6.default.192.168.1.240.sslip.io in 10745 usec\n"
time="2024-05-30T01:41:33.620079965-06:00" level=debug msg="Invoking: gptj-python-4lsvtjczaeotnzax25j6.default.192.168.1.240.sslip.io:80"
time="2024-05-30T01:41:33.632045692-06:00" level=debug msg="Invoked gptj-python-4lsvtjczaeotnzax25j6.default.192.168.1.240.sslip.io in 11971 usec\n"
time="2024-05-30T01:41:41.124135699-06:00" level=debug msg="Invoking: gptj-python-4lsvtjczaeotnzax25j6.default.192.168.1.240.sslip.io:80"
time="2024-05-30T01:41:41.135280363-06:00" level=debug msg="Invoked gptj-python-4lsvtjczaeotnzax25j6.default.192.168.1.240.sslip.io in 11175 usec\n"
time="2024-05-30T01:41:48.59599965-06:00" level=debug msg="Minute: 12"
time="2024-05-30T01:41:48.596149489-06:00" level=debug msg="Number of Invocations this iteration: 8"
time="2024-05-30T01:41:48.596238041-06:00" level=debug msg="Invoking: cartservice-h242qqbdsewbyppchbro.default.192.168.1.240.sslip.io:80"
time="2024-05-30T01:41:48.610297454-06:00" level=debug msg="Invoked cartservice-h242qqbdsewbyppchbro.default.192.168.1.240.sslip.io in 14054 usec\n"
time="2024-05-30T01:41:56.100073692-06:00" level=debug msg="Invoking: gptj-python-4lsvtjczaeotnzax25j6.default.192.168.1.240.sslip.io:80"
time="2024-05-30T01:41:56.110453305-06:00" level=debug msg="Invoked gptj-python-4lsvtjczaeotnzax25j6.default.192.168.1.240.sslip.io in 10390 usec\n"
time="2024-05-30T01:42:03.604023438-06:00" level=debug msg="Invoking: gptj-python-4lsvtjczaeotnzax25j6.default.192.168.1.240.sslip.io:80"
time="2024-05-30T01:42:03.613684571-06:00" level=debug msg="Invoked gptj-python-4lsvtjczaeotnzax25j6.default.192.168.1.240.sslip.io in 9675 usec\n"
time="2024-05-30T01:42:11.108108906-06:00" level=debug msg="Invoking: gptj-python-4lsvtjczaeotnzax25j6.default.192.168.1.240.sslip.io:80"
time="2024-05-30T01:42:11.117610205-06:00" level=debug msg="Invoked gptj-python-4lsvtjczaeotnzax25j6.default.192.168.1.240.sslip.io in 9511 usec\n"
time="2024-05-30T01:42:18.612021029-06:00" level=debug msg="Invoking: cartservice-h242qqbdsewbyppchbro.default.192.168.1.240.sslip.io:80"
time="2024-05-30T01:42:18.627741977-06:00" level=debug msg="Invoked cartservice-h242qqbdsewbyppchbro.default.192.168.1.240.sslip.io in 15733 usec\n"
time="2024-05-30T01:42:26.116052487-06:00" level=debug msg="Invoking: gptj-python-4lsvtjczaeotnzax25j6.default.192.168.1.240.sslip.io:80"
time="2024-05-30T01:42:26.126517988-06:00" level=debug msg="Invoked gptj-python-4lsvtjczaeotnzax25j6.default.192.168.1.240.sslip.io in 10477 usec\n"
time="2024-05-30T01:42:33.620077473-06:00" level=debug msg="Invoking: gptj-python-4lsvtjczaeotnzax25j6.default.192.168.1.240.sslip.io:80"
time="2024-05-30T01:42:33.63037922-06:00" level=debug msg="Invoked gptj-python-4lsvtjczaeotnzax25j6.default.192.168.1.240.sslip.io in 10314 usec\n"
time="2024-05-30T01:42:41.124078609-06:00" level=debug msg="Invoking: gptj-python-4lsvtjczaeotnzax25j6.default.192.168.1.240.sslip.io:80"
time="2024-05-30T01:42:41.134742622-06:00" level=debug msg="Invoked gptj-python-4lsvtjczaeotnzax25j6.default.192.168.1.240.sslip.io in 10697 usec\n"
time="2024-05-30T01:42:48.596048007-06:00" level=debug msg="Minute: 13"
time="2024-05-30T01:42:48.596141777-06:00" level=debug msg="Number of Invocations this iteration: 8"
time="2024-05-30T01:42:48.596233893-06:00" level=debug msg="Invoking: cartservice-h242qqbdsewbyppchbro.default.192.168.1.240.sslip.io:80"
time="2024-05-30T01:42:48.608983443-06:00" level=debug msg="Invoked cartservice-h242qqbdsewbyppchbro.default.192.168.1.240.sslip.io in 12748 usec\n"
time="2024-05-30T01:42:56.100980307-06:00" level=debug msg="Invoking: gptj-python-4lsvtjczaeotnzax25j6.default.192.168.1.240.sslip.io:80"
time="2024-05-30T01:42:56.112733225-06:00" level=debug msg="Invoked gptj-python-4lsvtjczaeotnzax25j6.default.192.168.1.240.sslip.io in 11765 usec\n"
time="2024-05-30T01:43:03.604061312-06:00" level=debug msg="Invoking: gptj-python-4lsvtjczaeotnzax25j6.default.192.168.1.240.sslip.io:80"
time="2024-05-30T01:43:03.613228935-06:00" level=debug msg="Invoked gptj-python-4lsvtjczaeotnzax25j6.default.192.168.1.240.sslip.io in 9181 usec\n"
time="2024-05-30T01:43:11.108113582-06:00" level=debug msg="Invoking: gptj-python-4lsvtjczaeotnzax25j6.default.192.168.1.240.sslip.io:80"
time="2024-05-30T01:43:11.11895532-06:00" level=debug msg="Invoked gptj-python-4lsvtjczaeotnzax25j6.default.192.168.1.240.sslip.io in 10877 usec\n"
time="2024-05-30T01:43:18.612370011-06:00" level=debug msg="Invoking: cartservice-h242qqbdsewbyppchbro.default.192.168.1.240.sslip.io:80"
time="2024-05-30T01:43:18.624915479-06:00" level=debug msg="Invoked cartservice-h242qqbdsewbyppchbro.default.192.168.1.240.sslip.io in 12560 usec\n"
time="2024-05-30T01:43:26.114311993-06:00" level=debug msg="Invoking: gptj-python-4lsvtjczaeotnzax25j6.default.192.168.1.240.sslip.io:80"
time="2024-05-30T01:43:26.12507053-06:00" level=debug msg="Invoked gptj-python-4lsvtjczaeotnzax25j6.default.192.168.1.240.sslip.io in 10770 usec\n"
time="2024-05-30T01:43:33.620070047-06:00" level=debug msg="Invoking: gptj-python-4lsvtjczaeotnzax25j6.default.192.168.1.240.sslip.io:80"
time="2024-05-30T01:43:33.630315869-06:00" level=debug msg="Invoked gptj-python-4lsvtjczaeotnzax25j6.default.192.168.1.240.sslip.io in 10258 usec\n"
time="2024-05-30T01:43:41.12069052-06:00" level=debug msg="Invoking: gptj-python-4lsvtjczaeotnzax25j6.default.192.168.1.240.sslip.io:80"
time="2024-05-30T01:43:41.131343443-06:00" level=debug msg="Invoked gptj-python-4lsvtjczaeotnzax25j6.default.192.168.1.240.sslip.io in 10773 usec\n"
time="2024-05-30T01:43:48.592064929-06:00" level=info msg="Experiment Phase Completed"
time="2024-05-30T01:43:48.592225763-06:00" level=info msg="Issued / completed requests: 112, 112"
time="2024-05-30T01:43:48.592262414-06:00" level=info msg="Average Real RPS: 0.13 "
time="2024-05-30T01:43:48.592287683-06:00" level=info msg="Experiment finished!"
time="2024-05-30T01:43:48.592315134-06:00" level=info msg="The measured latencies are saved in rps_lat.csv"
