time="2024-05-29T02:32:41.293194645-06:00" level=info msg="Reading the endpoints from the file: video-analytics-standalone-python-30-400/endpoints.json"
time="2024-05-29T02:35:25.088291932-06:00" level=warning msg="Failed to invoke video-analytics-standalone-python-30-8e66z2z.default.192.168.1.240.sslip.io:80, err=rpc error: code = DeadlineExceeded desc = context deadline exceeded"
time="2024-05-29T02:35:30.269120159-06:00" level=warning msg="Failed to invoke video-analytics-standalone-python-30-8e66z2z.default.192.168.1.240.sslip.io:80, err=rpc error: code = DeadlineExceeded desc = context deadline exceeded"
time="2024-05-29T02:35:35.438473692-06:00" level=warning msg="Failed to invoke video-analytics-standalone-python-30-8e66z2z.default.192.168.1.240.sslip.io:80, err=rpc error: code = Unavailable desc = upstream request timeout"
time="2024-05-29T02:35:40.61848912-06:00" level=warning msg="Failed to invoke video-analytics-standalone-python-30-8e66z2z.default.192.168.1.240.sslip.io:80, err=rpc error: code = Unavailable desc = upstream request timeout"
time="2024-05-29T02:35:45.799812608-06:00" level=warning msg="Failed to invoke video-analytics-standalone-python-30-8e66z2z.default.192.168.1.240.sslip.io:80, err=rpc error: code = DeadlineExceeded desc = context deadline exceeded"
time="2024-05-29T02:35:50.977189118-06:00" level=warning msg="Failed to invoke video-analytics-standalone-python-30-8e66z2z.default.192.168.1.240.sslip.io:80, err=rpc error: code = DeadlineExceeded desc = context deadline exceeded"
time="2024-05-29T02:35:56.156297443-06:00" level=warning msg="Failed to invoke video-analytics-standalone-python-30-8e66z2z.default.192.168.1.240.sslip.io:80, err=rpc error: code = Unavailable desc = upstream request timeout"
time="2024-05-29T02:36:01.330596549-06:00" level=warning msg="Failed to invoke video-analytics-standalone-python-30-8e66z2z.default.192.168.1.240.sslip.io:80, err=rpc error: code = Unavailable desc = upstream request timeout"
time="2024-05-29T02:36:06.514793295-06:00" level=warning msg="Failed to invoke video-analytics-standalone-python-30-8e66z2z.default.192.168.1.240.sslip.io:80, err=rpc error: code = Unavailable desc = upstream request timeout"
time="2024-05-29T02:36:11.698253699-06:00" level=warning msg="Failed to invoke video-analytics-standalone-python-30-8e66z2z.default.192.168.1.240.sslip.io:80, err=rpc error: code = DeadlineExceeded desc = context deadline exceeded"
time="2024-05-29T02:36:16.873139339-06:00" level=warning msg="Failed to invoke video-analytics-standalone-python-30-8e66z2z.default.192.168.1.240.sslip.io:80, err=rpc error: code = DeadlineExceeded desc = context deadline exceeded"
time="2024-05-29T02:36:22.050458446-06:00" level=warning msg="Failed to invoke video-analytics-standalone-python-30-8e66z2z.default.192.168.1.240.sslip.io:80, err=rpc error: code = Unavailable desc = upstream request timeout"
time="2024-05-29T02:36:27.233131259-06:00" level=warning msg="Failed to invoke video-analytics-standalone-python-30-8e66z2z.default.192.168.1.240.sslip.io:80, err=rpc error: code = DeadlineExceeded desc = context deadline exceeded"
time="2024-05-29T02:36:32.409153688-06:00" level=warning msg="Failed to invoke video-analytics-standalone-python-30-8e66z2z.default.192.168.1.240.sslip.io:80, err=rpc error: code = DeadlineExceeded desc = context deadline exceeded"
time="2024-05-29T02:36:37.588666856-06:00" level=warning msg="Failed to invoke video-analytics-standalone-python-30-8e66z2z.default.192.168.1.240.sslip.io:80, err=rpc error: code = DeadlineExceeded desc = Deadline Exceeded"
time="2024-05-29T02:36:42.76873582-06:00" level=warning msg="Failed to invoke video-analytics-standalone-python-30-8e66z2z.default.192.168.1.240.sslip.io:80, err=rpc error: code = Unavailable desc = upstream request timeout"
time="2024-05-29T02:36:47.941281716-06:00" level=warning msg="Failed to invoke video-analytics-standalone-python-30-8e66z2z.default.192.168.1.240.sslip.io:80, err=rpc error: code = DeadlineExceeded desc = context deadline exceeded"
time="2024-05-29T02:36:53.119408588-06:00" level=warning msg="Failed to invoke video-analytics-standalone-python-30-8e66z2z.default.192.168.1.240.sslip.io:80, err=rpc error: code = Unavailable desc = upstream request timeout"
time="2024-05-29T02:36:58.299433931-06:00" level=warning msg="Failed to invoke video-analytics-standalone-python-30-8e66z2z.default.192.168.1.240.sslip.io:80, err=rpc error: code = Unavailable desc = upstream request timeout"
time="2024-05-29T02:37:03.481055707-06:00" level=warning msg="Failed to invoke video-analytics-standalone-python-30-8e66z2z.default.192.168.1.240.sslip.io:80, err=rpc error: code = Unavailable desc = upstream request timeout"
time="2024-05-29T02:37:08.658225118-06:00" level=warning msg="Failed to invoke video-analytics-standalone-python-30-8e66z2z.default.192.168.1.240.sslip.io:80, err=rpc error: code = DeadlineExceeded desc = context deadline exceeded"
time="2024-05-29T02:37:13.838999336-06:00" level=warning msg="Failed to invoke video-analytics-standalone-python-30-8e66z2z.default.192.168.1.240.sslip.io:80, err=rpc error: code = Unavailable desc = upstream request timeout"
time="2024-05-29T02:37:19.014941794-06:00" level=warning msg="Failed to invoke video-analytics-standalone-python-30-8e66z2z.default.192.168.1.240.sslip.io:80, err=rpc error: code = Unavailable desc = upstream request timeout"
time="2024-05-29T02:37:24.195442197-06:00" level=warning msg="Failed to invoke video-analytics-standalone-python-30-8e66z2z.default.192.168.1.240.sslip.io:80, err=rpc error: code = Unavailable desc = upstream request timeout"
time="2024-05-29T02:37:29.369811235-06:00" level=warning msg="Failed to invoke video-analytics-standalone-python-30-8e66z2z.default.192.168.1.240.sslip.io:80, err=rpc error: code = Unavailable desc = upstream request timeout"
time="2024-05-29T02:37:34.552591426-06:00" level=warning msg="Failed to invoke video-analytics-standalone-python-30-8e66z2z.default.192.168.1.240.sslip.io:80, err=rpc error: code = Unavailable desc = upstream request timeout"
time="2024-05-29T02:37:39.732135609-06:00" level=warning msg="Failed to invoke video-analytics-standalone-python-30-8e66z2z.default.192.168.1.240.sslip.io:80, err=rpc error: code = Unavailable desc = upstream request timeout"
time="2024-05-29T02:37:44.908124706-06:00" level=warning msg="Failed to invoke video-analytics-standalone-python-30-8e66z2z.default.192.168.1.240.sslip.io:80, err=rpc error: code = Unavailable desc = upstream request timeout"
time="2024-05-29T02:37:50.090243017-06:00" level=warning msg="Failed to invoke video-analytics-standalone-python-30-8e66z2z.default.192.168.1.240.sslip.io:80, err=rpc error: code = DeadlineExceeded desc = context deadline exceeded"
time="2024-05-29T02:37:55.269171596-06:00" level=warning msg="Failed to invoke video-analytics-standalone-python-30-8e66z2z.default.192.168.1.240.sslip.io:80, err=rpc error: code = DeadlineExceeded desc = context deadline exceeded"
time="2024-05-29T02:38:00.445515363-06:00" level=warning msg="Failed to invoke video-analytics-standalone-python-30-8e66z2z.default.192.168.1.240.sslip.io:80, err=rpc error: code = DeadlineExceeded desc = context deadline exceeded"
time="2024-05-29T02:38:05.62424573-06:00" level=warning msg="Failed to invoke video-analytics-standalone-python-30-8e66z2z.default.192.168.1.240.sslip.io:80, err=rpc error: code = Unavailable desc = upstream request timeout"
time="2024-05-29T02:38:10.805206766-06:00" level=warning msg="Failed to invoke video-analytics-standalone-python-30-8e66z2z.default.192.168.1.240.sslip.io:80, err=rpc error: code = DeadlineExceeded desc = context deadline exceeded"
time="2024-05-29T02:38:15.981509084-06:00" level=warning msg="Failed to invoke video-analytics-standalone-python-30-8e66z2z.default.192.168.1.240.sslip.io:80, err=rpc error: code = Unavailable desc = upstream request timeout"
time="2024-05-29T02:38:21.160518683-06:00" level=warning msg="Failed to invoke video-analytics-standalone-python-30-8e66z2z.default.192.168.1.240.sslip.io:80, err=rpc error: code = DeadlineExceeded desc = context deadline exceeded"
time="2024-05-29T02:38:26.340756041-06:00" level=warning msg="Failed to invoke video-analytics-standalone-python-30-8e66z2z.default.192.168.1.240.sslip.io:80, err=rpc error: code = Unavailable desc = upstream request timeout"
time="2024-05-29T02:38:31.518761258-06:00" level=warning msg="Failed to invoke video-analytics-standalone-python-30-8e66z2z.default.192.168.1.240.sslip.io:80, err=rpc error: code = Unavailable desc = upstream request timeout"
time="2024-05-29T02:38:36.699439615-06:00" level=warning msg="Failed to invoke video-analytics-standalone-python-30-8e66z2z.default.192.168.1.240.sslip.io:80, err=rpc error: code = Unavailable desc = upstream request timeout"
time="2024-05-29T02:38:41.874010888-06:00" level=warning msg="Failed to invoke video-analytics-standalone-python-30-8e66z2z.default.192.168.1.240.sslip.io:80, err=rpc error: code = Unavailable desc = upstream request timeout"
time="2024-05-29T02:38:47.056460092-06:00" level=warning msg="Failed to invoke video-analytics-standalone-python-30-8e66z2z.default.192.168.1.240.sslip.io:80, err=rpc error: code = Unavailable desc = upstream request timeout"
time="2024-05-29T02:38:52.236440026-06:00" level=warning msg="Failed to invoke video-analytics-standalone-python-30-8e66z2z.default.192.168.1.240.sslip.io:80, err=rpc error: code = Unavailable desc = upstream request timeout"
time="2024-05-29T02:38:57.41060929-06:00" level=warning msg="Failed to invoke video-analytics-standalone-python-30-8e66z2z.default.192.168.1.240.sslip.io:80, err=rpc error: code = Unavailable desc = upstream request timeout"
time="2024-05-29T02:39:02.59341734-06:00" level=warning msg="Failed to invoke video-analytics-standalone-python-30-8e66z2z.default.192.168.1.240.sslip.io:80, err=rpc error: code = DeadlineExceeded desc = context deadline exceeded"
time="2024-05-29T02:39:07.772441148-06:00" level=warning msg="Failed to invoke video-analytics-standalone-python-30-8e66z2z.default.192.168.1.240.sslip.io:80, err=rpc error: code = Unavailable desc = upstream request timeout"
time="2024-05-29T02:39:12.94683073-06:00" level=warning msg="Failed to invoke video-analytics-standalone-python-30-8e66z2z.default.192.168.1.240.sslip.io:80, err=rpc error: code = Unavailable desc = upstream request timeout"
time="2024-05-29T02:39:18.127993995-06:00" level=warning msg="Failed to invoke video-analytics-standalone-python-30-8e66z2z.default.192.168.1.240.sslip.io:80, err=rpc error: code = Unavailable desc = upstream request timeout"
time="2024-05-29T02:39:23.306251977-06:00" level=warning msg="Failed to invoke video-analytics-standalone-python-30-8e66z2z.default.192.168.1.240.sslip.io:80, err=rpc error: code = Unavailable desc = upstream request timeout"
time="2024-05-29T02:39:28.489203354-06:00" level=warning msg="Failed to invoke video-analytics-standalone-python-30-8e66z2z.default.192.168.1.240.sslip.io:80, err=rpc error: code = Unavailable desc = upstream request timeout"
time="2024-05-29T02:39:33.664638584-06:00" level=warning msg="Failed to invoke video-analytics-standalone-python-30-8e66z2z.default.192.168.1.240.sslip.io:80, err=rpc error: code = Unavailable desc = upstream request timeout"
time="2024-05-29T02:39:38.842048554-06:00" level=warning msg="Failed to invoke video-analytics-standalone-python-30-8e66z2z.default.192.168.1.240.sslip.io:80, err=rpc error: code = Unavailable desc = upstream request timeout"
time="2024-05-29T02:39:44.022658663-06:00" level=warning msg="Failed to invoke video-analytics-standalone-python-30-8e66z2z.default.192.168.1.240.sslip.io:80, err=rpc error: code = Unavailable desc = upstream request timeout"
time="2024-05-29T02:39:49.20008412-06:00" level=warning msg="Failed to invoke video-analytics-standalone-python-30-8e66z2z.default.192.168.1.240.sslip.io:80, err=rpc error: code = Unavailable desc = upstream request timeout"
time="2024-05-29T02:39:54.383644013-06:00" level=warning msg="Failed to invoke video-analytics-standalone-python-30-8e66z2z.default.192.168.1.240.sslip.io:80, err=rpc error: code = Unavailable desc = upstream request timeout"
time="2024-05-29T02:39:59.561170257-06:00" level=warning msg="Failed to invoke video-analytics-standalone-python-30-8e66z2z.default.192.168.1.240.sslip.io:80, err=rpc error: code = DeadlineExceeded desc = context deadline exceeded"
time="2024-05-29T02:40:04.737925553-06:00" level=warning msg="Failed to invoke video-analytics-standalone-python-30-8e66z2z.default.192.168.1.240.sslip.io:80, err=rpc error: code = DeadlineExceeded desc = context deadline exceeded"
time="2024-05-29T02:40:09.917749387-06:00" level=warning msg="Failed to invoke video-analytics-standalone-python-30-8e66z2z.default.192.168.1.240.sslip.io:80, err=rpc error: code = Unavailable desc = upstream request timeout"
time="2024-05-29T02:40:15.100002553-06:00" level=warning msg="Failed to invoke video-analytics-standalone-python-30-8e66z2z.default.192.168.1.240.sslip.io:80, err=rpc error: code = Unavailable desc = upstream request timeout"
time="2024-05-29T02:40:20.270212057-06:00" level=warning msg="Failed to invoke video-analytics-standalone-python-30-8e66z2z.default.192.168.1.240.sslip.io:80, err=rpc error: code = Unavailable desc = upstream request timeout"
time="2024-05-29T02:40:25.452412108-06:00" level=warning msg="Failed to invoke video-analytics-standalone-python-30-8e66z2z.default.192.168.1.240.sslip.io:80, err=rpc error: code = Unavailable desc = upstream request timeout"
time="2024-05-29T02:40:30.633112602-06:00" level=warning msg="Failed to invoke video-analytics-standalone-python-30-8e66z2z.default.192.168.1.240.sslip.io:80, err=rpc error: code = DeadlineExceeded desc = context deadline exceeded"
time="2024-05-29T02:40:35.809697826-06:00" level=warning msg="Failed to invoke video-analytics-standalone-python-30-8e66z2z.default.192.168.1.240.sslip.io:80, err=rpc error: code = DeadlineExceeded desc = context deadline exceeded"
time="2024-05-29T02:40:40.989121456-06:00" level=warning msg="Failed to invoke video-analytics-standalone-python-30-8e66z2z.default.192.168.1.240.sslip.io:80, err=rpc error: code = DeadlineExceeded desc = context deadline exceeded"
time="2024-05-29T02:40:46.169135398-06:00" level=warning msg="Failed to invoke video-analytics-standalone-python-30-8e66z2z.default.192.168.1.240.sslip.io:80, err=rpc error: code = DeadlineExceeded desc = context deadline exceeded"
time="2024-05-29T02:40:51.349135041-06:00" level=warning msg="Failed to invoke video-analytics-standalone-python-30-8e66z2z.default.192.168.1.240.sslip.io:80, err=rpc error: code = DeadlineExceeded desc = context deadline exceeded"
time="2024-05-29T02:40:56.525778173-06:00" level=warning msg="Failed to invoke video-analytics-standalone-python-30-8e66z2z.default.192.168.1.240.sslip.io:80, err=rpc error: code = DeadlineExceeded desc = context deadline exceeded"
time="2024-05-29T02:41:01.705442174-06:00" level=warning msg="Failed to invoke video-analytics-standalone-python-30-8e66z2z.default.192.168.1.240.sslip.io:80, err=rpc error: code = DeadlineExceeded desc = context deadline exceeded"
time="2024-05-29T02:41:06.881992138-06:00" level=warning msg="Failed to invoke video-analytics-standalone-python-30-8e66z2z.default.192.168.1.240.sslip.io:80, err=rpc error: code = Unavailable desc = upstream request timeout"
time="2024-05-29T02:41:12.058140147-06:00" level=warning msg="Failed to invoke video-analytics-standalone-python-30-8e66z2z.default.192.168.1.240.sslip.io:80, err=rpc error: code = Unavailable desc = upstream request timeout"
time="2024-05-29T02:41:17.238599464-06:00" level=warning msg="Failed to invoke video-analytics-standalone-python-30-8e66z2z.default.192.168.1.240.sslip.io:80, err=rpc error: code = DeadlineExceeded desc = context deadline exceeded"
time="2024-05-29T02:41:22.421185393-06:00" level=warning msg="Failed to invoke video-analytics-standalone-python-30-8e66z2z.default.192.168.1.240.sslip.io:80, err=rpc error: code = DeadlineExceeded desc = context deadline exceeded"
time="2024-05-29T02:41:27.597157978-06:00" level=warning msg="Failed to invoke video-analytics-standalone-python-30-8e66z2z.default.192.168.1.240.sslip.io:80, err=rpc error: code = Unavailable desc = upstream request timeout"
time="2024-05-29T02:41:32.775149955-06:00" level=warning msg="Failed to invoke video-analytics-standalone-python-30-8e66z2z.default.192.168.1.240.sslip.io:80, err=rpc error: code = Unavailable desc = upstream request timeout"
time="2024-05-29T02:41:37.955027505-06:00" level=warning msg="Failed to invoke video-analytics-standalone-python-30-8e66z2z.default.192.168.1.240.sslip.io:80, err=rpc error: code = Unavailable desc = upstream request timeout"
time="2024-05-29T02:41:43.134656246-06:00" level=warning msg="Failed to invoke video-analytics-standalone-python-30-8e66z2z.default.192.168.1.240.sslip.io:80, err=rpc error: code = Unavailable desc = upstream request timeout"
time="2024-05-29T02:41:48.317180628-06:00" level=warning msg="Failed to invoke video-analytics-standalone-python-30-8e66z2z.default.192.168.1.240.sslip.io:80, err=rpc error: code = DeadlineExceeded desc = context deadline exceeded"
time="2024-05-29T02:41:53.493191895-06:00" level=warning msg="Failed to invoke video-analytics-standalone-python-30-8e66z2z.default.192.168.1.240.sslip.io:80, err=rpc error: code = DeadlineExceeded desc = context deadline exceeded"
time="2024-05-29T02:41:58.673471397-06:00" level=warning msg="Failed to invoke video-analytics-standalone-python-30-8e66z2z.default.192.168.1.240.sslip.io:80, err=rpc error: code = DeadlineExceeded desc = context deadline exceeded"
time="2024-05-29T02:42:03.846143522-06:00" level=warning msg="Failed to invoke video-analytics-standalone-python-30-8e66z2z.default.192.168.1.240.sslip.io:80, err=rpc error: code = Unavailable desc = upstream request timeout"
time="2024-05-29T02:42:09.028426613-06:00" level=warning msg="Failed to invoke video-analytics-standalone-python-30-8e66z2z.default.192.168.1.240.sslip.io:80, err=rpc error: code = Unavailable desc = upstream request timeout"
time="2024-05-29T02:42:14.208971727-06:00" level=warning msg="Failed to invoke video-analytics-standalone-python-30-8e66z2z.default.192.168.1.240.sslip.io:80, err=rpc error: code = DeadlineExceeded desc = Deadline Exceeded"
time="2024-05-29T02:42:19.382592614-06:00" level=warning msg="Failed to invoke video-analytics-standalone-python-30-8e66z2z.default.192.168.1.240.sslip.io:80, err=rpc error: code = Unavailable desc = upstream request timeout"
time="2024-05-29T02:42:24.563198648-06:00" level=warning msg="Failed to invoke video-analytics-standalone-python-30-8e66z2z.default.192.168.1.240.sslip.io:80, err=rpc error: code = Unavailable desc = upstream request timeout"
time="2024-05-29T02:42:29.742237707-06:00" level=warning msg="Failed to invoke video-analytics-standalone-python-30-8e66z2z.default.192.168.1.240.sslip.io:80, err=rpc error: code = Unavailable desc = upstream request timeout"
time="2024-05-29T02:42:34.923979062-06:00" level=warning msg="Failed to invoke video-analytics-standalone-python-30-8e66z2z.default.192.168.1.240.sslip.io:80, err=rpc error: code = DeadlineExceeded desc = context deadline exceeded"
time="2024-05-29T02:42:40.101542662-06:00" level=warning msg="Failed to invoke video-analytics-standalone-python-30-8e66z2z.default.192.168.1.240.sslip.io:80, err=rpc error: code = Unavailable desc = upstream request timeout"
time="2024-05-29T02:42:45.278944241-06:00" level=warning msg="Failed to invoke video-analytics-standalone-python-30-8e66z2z.default.192.168.1.240.sslip.io:80, err=rpc error: code = Unavailable desc = upstream request timeout"
time="2024-05-29T02:42:50.458177639-06:00" level=warning msg="Failed to invoke video-analytics-standalone-python-30-8e66z2z.default.192.168.1.240.sslip.io:80, err=rpc error: code = DeadlineExceeded desc = context deadline exceeded"
time="2024-05-29T02:42:55.635329383-06:00" level=warning msg="Failed to invoke video-analytics-standalone-python-30-8e66z2z.default.192.168.1.240.sslip.io:80, err=rpc error: code = Unavailable desc = upstream request timeout"
time="2024-05-29T02:43:00.8176149-06:00" level=warning msg="Failed to invoke video-analytics-standalone-python-30-8e66z2z.default.192.168.1.240.sslip.io:80, err=rpc error: code = Unavailable desc = upstream request timeout"
time="2024-05-29T02:43:05.996493781-06:00" level=warning msg="Failed to invoke video-analytics-standalone-python-30-8e66z2z.default.192.168.1.240.sslip.io:80, err=rpc error: code = Unavailable desc = upstream request timeout"
time="2024-05-29T02:43:11.174939971-06:00" level=warning msg="Failed to invoke video-analytics-standalone-python-30-8e66z2z.default.192.168.1.240.sslip.io:80, err=rpc error: code = Unavailable desc = upstream request timeout"
time="2024-05-29T02:43:16.351557774-06:00" level=warning msg="Failed to invoke video-analytics-standalone-python-30-8e66z2z.default.192.168.1.240.sslip.io:80, err=rpc error: code = Unavailable desc = upstream request timeout"
time="2024-05-29T02:43:21.531957572-06:00" level=warning msg="Failed to invoke video-analytics-standalone-python-30-8e66z2z.default.192.168.1.240.sslip.io:80, err=rpc error: code = Unavailable desc = upstream request timeout"
time="2024-05-29T02:43:26.712422714-06:00" level=warning msg="Failed to invoke video-analytics-standalone-python-30-8e66z2z.default.192.168.1.240.sslip.io:80, err=rpc error: code = DeadlineExceeded desc = context deadline exceeded"
time="2024-05-29T02:43:31.886031508-06:00" level=warning msg="Failed to invoke video-analytics-standalone-python-30-8e66z2z.default.192.168.1.240.sslip.io:80, err=rpc error: code = Unavailable desc = upstream request timeout"
time="2024-05-29T02:43:37.066443044-06:00" level=warning msg="Failed to invoke video-analytics-standalone-python-30-8e66z2z.default.192.168.1.240.sslip.io:80, err=rpc error: code = Unavailable desc = upstream request timeout"
time="2024-05-29T02:43:42.247857892-06:00" level=warning msg="Failed to invoke video-analytics-standalone-python-30-8e66z2z.default.192.168.1.240.sslip.io:80, err=rpc error: code = Unavailable desc = upstream request timeout"
time="2024-05-29T02:43:47.427812062-06:00" level=warning msg="Failed to invoke video-analytics-standalone-python-30-8e66z2z.default.192.168.1.240.sslip.io:80, err=rpc error: code = Unavailable desc = upstream request timeout"
time="2024-05-29T02:43:52.604427344-06:00" level=warning msg="Failed to invoke video-analytics-standalone-python-30-8e66z2z.default.192.168.1.240.sslip.io:80, err=rpc error: code = Unavailable desc = upstream request timeout"
time="2024-05-29T02:43:57.782667814-06:00" level=warning msg="Failed to invoke video-analytics-standalone-python-30-8e66z2z.default.192.168.1.240.sslip.io:80, err=rpc error: code = DeadlineExceeded desc = context deadline exceeded"
time="2024-05-29T02:44:02.961717336-06:00" level=warning msg="Failed to invoke video-analytics-standalone-python-30-8e66z2z.default.192.168.1.240.sslip.io:80, err=rpc error: code = Unavailable desc = upstream request timeout"
time="2024-05-29T02:44:08.14072571-06:00" level=warning msg="Failed to invoke video-analytics-standalone-python-30-8e66z2z.default.192.168.1.240.sslip.io:80, err=rpc error: code = Unavailable desc = upstream request timeout"
time="2024-05-29T02:44:13.320364748-06:00" level=warning msg="Failed to invoke video-analytics-standalone-python-30-8e66z2z.default.192.168.1.240.sslip.io:80, err=rpc error: code = Unavailable desc = upstream request timeout"
time="2024-05-29T02:44:18.494459954-06:00" level=warning msg="Failed to invoke video-analytics-standalone-python-30-8e66z2z.default.192.168.1.240.sslip.io:80, err=rpc error: code = Unavailable desc = upstream request timeout"
time="2024-05-29T02:44:23.678471251-06:00" level=warning msg="Failed to invoke video-analytics-standalone-python-30-8e66z2z.default.192.168.1.240.sslip.io:80, err=rpc error: code = Unavailable desc = upstream request timeout"
time="2024-05-29T02:44:28.854909886-06:00" level=warning msg="Failed to invoke video-analytics-standalone-python-30-8e66z2z.default.192.168.1.240.sslip.io:80, err=rpc error: code = Unavailable desc = upstream request timeout"
time="2024-05-29T02:44:34.034624788-06:00" level=warning msg="Failed to invoke video-analytics-standalone-python-30-8e66z2z.default.192.168.1.240.sslip.io:80, err=rpc error: code = DeadlineExceeded desc = context deadline exceeded"
time="2024-05-29T02:44:39.214501329-06:00" level=warning msg="Failed to invoke video-analytics-standalone-python-30-8e66z2z.default.192.168.1.240.sslip.io:80, err=rpc error: code = Unavailable desc = upstream request timeout"
time="2024-05-29T02:44:44.39711186-06:00" level=warning msg="Failed to invoke video-analytics-standalone-python-30-8e66z2z.default.192.168.1.240.sslip.io:80, err=rpc error: code = DeadlineExceeded desc = context deadline exceeded"
time="2024-05-29T02:44:49.570660941-06:00" level=warning msg="Failed to invoke video-analytics-standalone-python-30-8e66z2z.default.192.168.1.240.sslip.io:80, err=rpc error: code = Unavailable desc = upstream request timeout"
time="2024-05-29T02:44:54.749519546-06:00" level=warning msg="Failed to invoke video-analytics-standalone-python-30-8e66z2z.default.192.168.1.240.sslip.io:80, err=rpc error: code = DeadlineExceeded desc = context deadline exceeded"
time="2024-05-29T02:44:59.929129054-06:00" level=warning msg="Failed to invoke video-analytics-standalone-python-30-8e66z2z.default.192.168.1.240.sslip.io:80, err=rpc error: code = DeadlineExceeded desc = context deadline exceeded"
time="2024-05-29T02:45:05.110988476-06:00" level=warning msg="Failed to invoke video-analytics-standalone-python-30-8e66z2z.default.192.168.1.240.sslip.io:80, err=rpc error: code = DeadlineExceeded desc = context deadline exceeded"
time="2024-05-29T02:45:10.285508807-06:00" level=warning msg="Failed to invoke video-analytics-standalone-python-30-8e66z2z.default.192.168.1.240.sslip.io:80, err=rpc error: code = DeadlineExceeded desc = context deadline exceeded"
time="2024-05-29T02:45:15.467850294-06:00" level=warning msg="Failed to invoke video-analytics-standalone-python-30-8e66z2z.default.192.168.1.240.sslip.io:80, err=rpc error: code = Unavailable desc = upstream request timeout"
time="2024-05-29T02:45:20.645137624-06:00" level=warning msg="Failed to invoke video-analytics-standalone-python-30-8e66z2z.default.192.168.1.240.sslip.io:80, err=rpc error: code = DeadlineExceeded desc = context deadline exceeded"
time="2024-05-29T02:45:25.822608913-06:00" level=warning msg="Failed to invoke video-analytics-standalone-python-30-8e66z2z.default.192.168.1.240.sslip.io:80, err=rpc error: code = DeadlineExceeded desc = context deadline exceeded"
time="2024-05-29T02:45:30.999133361-06:00" level=warning msg="Failed to invoke video-analytics-standalone-python-30-8e66z2z.default.192.168.1.240.sslip.io:80, err=rpc error: code = Unavailable desc = upstream request timeout"
time="2024-05-29T02:45:36.17972658-06:00" level=warning msg="Failed to invoke video-analytics-standalone-python-30-8e66z2z.default.192.168.1.240.sslip.io:80, err=rpc error: code = Unavailable desc = upstream request timeout"
time="2024-05-29T02:45:41.360550976-06:00" level=warning msg="Failed to invoke video-analytics-standalone-python-30-8e66z2z.default.192.168.1.240.sslip.io:80, err=rpc error: code = Unavailable desc = upstream request timeout"
time="2024-05-29T02:45:45.611279443-06:00" level=info msg="Issued / completed requests: 151, 26"
time="2024-05-29T02:45:45.611398248-06:00" level=info msg="Real / target RPS: 0.03 / 0.2"
time="2024-05-29T02:45:45.611421075-06:00" level=info msg="Experiment finished!"
time="2024-05-29T02:45:45.611443199-06:00" level=info msg="The measured latencies are saved in video-analytics-standalone-python-30-400/lat.txt"
time="2024-05-29T02:45:45.611678809-06:00" level=info msg="The measured function durations are saved in video-analytics-standalone-python-30-400/dur.txt"
