time="2024-05-28T17:38:26.789777275-06:00" level=debug msg="Debug logging is enabled"
time="2024-05-28T17:38:26.789974639-06:00" level=info msg="Reading the trace endpoints from the file: /users/ArunAMS/vSwarm/tools/load-generator/load.json"
time="2024-05-28T17:38:26.791671667-06:00" level=info msg="Warmup Duration: 3"
time="2024-05-28T17:38:26.791703275-06:00" level=info msg="Experiment Duration: 11"
time="2024-05-28T17:38:26.791728468-06:00" level=info msg="Minute Granularity: true"
time="2024-05-28T17:39:26.849686448-06:00" level=info msg="Running Warmup Phase"
time="2024-05-28T17:39:26.849756259-06:00" level=debug msg="Minute: 0"
time="2024-05-28T17:39:26.84982775-06:00" level=debug msg="Number of Invocations this iteration: 8"
time="2024-05-28T17:39:26.849928871-06:00" level=debug msg="Invoking: cartservice-6tlo4eudeqsrdpcuf1wt.default.192.168.1.240.sslip.io:80"
time="2024-05-28T17:39:34.350224439-06:00" level=debug msg="Invoking: gptj-python-ltxutuei8pgf9hnybja8.default.192.168.1.240.sslip.io:80"
time="2024-05-28T17:39:41.851043218-06:00" level=debug msg="Invoking: gptj-python-ltxutuei8pgf9hnybja8.default.192.168.1.240.sslip.io:80"
time="2024-05-28T17:39:49.357715567-06:00" level=debug msg="Invoking: gptj-python-ltxutuei8pgf9hnybja8.default.192.168.1.240.sslip.io:80"
time="2024-05-28T17:39:56.861762614-06:00" level=debug msg="Invoking: cartservice-6tlo4eudeqsrdpcuf1wt.default.192.168.1.240.sslip.io:80"
time="2024-05-28T17:40:04.365703713-06:00" level=debug msg="Invoking: gptj-python-ltxutuei8pgf9hnybja8.default.192.168.1.240.sslip.io:80"
time="2024-05-28T17:40:11.870208418-06:00" level=debug msg="Invoking: gptj-python-ltxutuei8pgf9hnybja8.default.192.168.1.240.sslip.io:80"
time="2024-05-28T17:40:19.373754181-06:00" level=debug msg="Invoking: gptj-python-ltxutuei8pgf9hnybja8.default.192.168.1.240.sslip.io:80"
time="2024-05-28T17:40:26.797659006-06:00" level=debug msg="Minute: 1"
time="2024-05-28T17:40:26.797757876-06:00" level=debug msg="Number of Invocations this iteration: 8"
time="2024-05-28T17:40:26.797845866-06:00" level=debug msg="Invoking: image-rotate-go-6-f5hdmou9j9711et4ku04.default.192.168.1.240.sslip.io:80"
time="2024-05-28T17:40:34.301813324-06:00" level=debug msg="Invoking: gptj-python-ltxutuei8pgf9hnybja8.default.192.168.1.240.sslip.io:80"
time="2024-05-28T17:40:41.80569875-06:00" level=debug msg="Invoking: gptj-python-ltxutuei8pgf9hnybja8.default.192.168.1.240.sslip.io:80"
time="2024-05-28T17:40:49.306421976-06:00" level=debug msg="Invoking: gptj-python-ltxutuei8pgf9hnybja8.default.192.168.1.240.sslip.io:80"
time="2024-05-28T17:40:56.809687535-06:00" level=debug msg="Invoking: cartservice-6tlo4eudeqsrdpcuf1wt.default.192.168.1.240.sslip.io:80"
time="2024-05-28T17:41:04.313749609-06:00" level=debug msg="Invoking: gptj-python-ltxutuei8pgf9hnybja8.default.192.168.1.240.sslip.io:80"
time="2024-05-28T17:41:11.818346171-06:00" level=debug msg="Invoking: gptj-python-ltxutuei8pgf9hnybja8.default.192.168.1.240.sslip.io:80"
time="2024-05-28T17:41:19.321737816-06:00" level=debug msg="Invoking: gptj-python-ltxutuei8pgf9hnybja8.default.192.168.1.240.sslip.io:80"
time="2024-05-28T17:41:26.79765359-06:00" level=debug msg="Minute: 2"
time="2024-05-28T17:41:26.79774556-06:00" level=debug msg="Number of Invocations this iteration: 8"
time="2024-05-28T17:41:26.797836499-06:00" level=debug msg="Invoking: cartservice-6tlo4eudeqsrdpcuf1wt.default.192.168.1.240.sslip.io:80"
time="2024-05-28T17:41:34.301811169-06:00" level=debug msg="Invoking: gptj-python-ltxutuei8pgf9hnybja8.default.192.168.1.240.sslip.io:80"
time="2024-05-28T17:41:41.807374436-06:00" level=debug msg="Invoking: gptj-python-ltxutuei8pgf9hnybja8.default.192.168.1.240.sslip.io:80"
time="2024-05-28T17:41:49.314319674-06:00" level=debug msg="Invoking: gptj-python-ltxutuei8pgf9hnybja8.default.192.168.1.240.sslip.io:80"
time="2024-05-28T17:41:56.817804709-06:00" level=debug msg="Invoking: cartservice-6tlo4eudeqsrdpcuf1wt.default.192.168.1.240.sslip.io:80"
time="2024-05-28T17:42:04.324645107-06:00" level=debug msg="Invoking: gptj-python-ltxutuei8pgf9hnybja8.default.192.168.1.240.sslip.io:80"
time="2024-05-28T17:42:11.829811202-06:00" level=debug msg="Invoking: gptj-python-ltxutuei8pgf9hnybja8.default.192.168.1.240.sslip.io:80"
time="2024-05-28T17:42:19.333684013-06:00" level=debug msg="Invoking: gptj-python-ltxutuei8pgf9hnybja8.default.192.168.1.240.sslip.io:80"
time="2024-05-28T17:42:26.795449975-06:00" level=info msg="Warmup Phase Completed"
time="2024-05-28T17:42:26.795552341-06:00" level=info msg="Running Experiment Phase"
time="2024-05-28T17:42:26.795581386-06:00" level=debug msg="Minute: 3"
time="2024-05-28T17:42:26.795630291-06:00" level=debug msg="Number of Invocations this iteration: 8"
time="2024-05-28T17:42:26.7957132-06:00" level=debug msg="Invoking: cartservice-6tlo4eudeqsrdpcuf1wt.default.192.168.1.240.sslip.io:80"
time="2024-05-28T17:42:26.811873491-06:00" level=debug msg="Invoked cartservice-6tlo4eudeqsrdpcuf1wt.default.192.168.1.240.sslip.io in 16158 usec\n"
time="2024-05-28T17:42:34.302142498-06:00" level=debug msg="Invoking: gptj-python-ltxutuei8pgf9hnybja8.default.192.168.1.240.sslip.io:80"
time="2024-05-28T17:42:34.315486142-06:00" level=debug msg="Invoked gptj-python-ltxutuei8pgf9hnybja8.default.192.168.1.240.sslip.io in 13355 usec\n"
time="2024-05-28T17:42:41.805707686-06:00" level=debug msg="Invoking: gptj-python-ltxutuei8pgf9hnybja8.default.192.168.1.240.sslip.io:80"
time="2024-05-28T17:42:41.816467735-06:00" level=debug msg="Invoked gptj-python-ltxutuei8pgf9hnybja8.default.192.168.1.240.sslip.io in 10763 usec\n"
time="2024-05-28T17:42:49.309699307-06:00" level=debug msg="Invoking: gptj-python-ltxutuei8pgf9hnybja8.default.192.168.1.240.sslip.io:80"
time="2024-05-28T17:42:49.320843307-06:00" level=debug msg="Invoked gptj-python-ltxutuei8pgf9hnybja8.default.192.168.1.240.sslip.io in 11175 usec\n"
time="2024-05-28T17:42:56.814181501-06:00" level=debug msg="Invoking: cartservice-6tlo4eudeqsrdpcuf1wt.default.192.168.1.240.sslip.io:80"
time="2024-05-28T17:42:56.8284498-06:00" level=debug msg="Invoked cartservice-6tlo4eudeqsrdpcuf1wt.default.192.168.1.240.sslip.io in 14279 usec\n"
time="2024-05-28T17:43:04.317256543-06:00" level=debug msg="Invoking: gptj-python-ltxutuei8pgf9hnybja8.default.192.168.1.240.sslip.io:80"
time="2024-05-28T17:43:04.329749072-06:00" level=debug msg="Invoked gptj-python-ltxutuei8pgf9hnybja8.default.192.168.1.240.sslip.io in 12630 usec\n"
time="2024-05-28T17:43:11.823040661-06:00" level=debug msg="Invoking: gptj-python-ltxutuei8pgf9hnybja8.default.192.168.1.240.sslip.io:80"
time="2024-05-28T17:43:11.833757988-06:00" level=debug msg="Invoked gptj-python-ltxutuei8pgf9hnybja8.default.192.168.1.240.sslip.io in 10735 usec\n"
time="2024-05-28T17:43:19.329746431-06:00" level=debug msg="Invoking: gptj-python-ltxutuei8pgf9hnybja8.default.192.168.1.240.sslip.io:80"
time="2024-05-28T17:43:19.340471463-06:00" level=debug msg="Invoked gptj-python-ltxutuei8pgf9hnybja8.default.192.168.1.240.sslip.io in 10735 usec\n"
time="2024-05-28T17:43:26.797723934-06:00" level=debug msg="Minute: 4"
time="2024-05-28T17:43:26.797822386-06:00" level=debug msg="Number of Invocations this iteration: 8"
time="2024-05-28T17:43:26.797906428-06:00" level=debug msg="Invoking: rnn-serving-python-10-10-q58vo2v1kclvhpvhz69v.default.192.168.1.240.sslip.io:80"
time="2024-05-28T17:43:33.738423546-06:00" level=debug msg="Invoked rnn-serving-python-10-10-q58vo2v1kclvhpvhz69v.default.192.168.1.240.sslip.io in 6940514 usec\n"
time="2024-05-28T17:43:34.298868065-06:00" level=debug msg="Invoking: gptj-python-ltxutuei8pgf9hnybja8.default.192.168.1.240.sslip.io:80"
time="2024-05-28T17:43:34.309256891-06:00" level=debug msg="Invoked gptj-python-ltxutuei8pgf9hnybja8.default.192.168.1.240.sslip.io in 10398 usec\n"
time="2024-05-28T17:43:41.801696734-06:00" level=debug msg="Invoking: gptj-python-ltxutuei8pgf9hnybja8.default.192.168.1.240.sslip.io:80"
time="2024-05-28T17:43:41.812232891-06:00" level=debug msg="Invoked gptj-python-ltxutuei8pgf9hnybja8.default.192.168.1.240.sslip.io in 10568 usec\n"
time="2024-05-28T17:43:49.305678145-06:00" level=debug msg="Invoking: gptj-python-ltxutuei8pgf9hnybja8.default.192.168.1.240.sslip.io:80"
time="2024-05-28T17:43:49.315976814-06:00" level=debug msg="Invoked gptj-python-ltxutuei8pgf9hnybja8.default.192.168.1.240.sslip.io in 10307 usec\n"
time="2024-05-28T17:43:56.809744479-06:00" level=debug msg="Invoking: cartservice-6tlo4eudeqsrdpcuf1wt.default.192.168.1.240.sslip.io:80"
time="2024-05-28T17:43:56.825426835-06:00" level=debug msg="Invoked cartservice-6tlo4eudeqsrdpcuf1wt.default.192.168.1.240.sslip.io in 15724 usec\n"
time="2024-05-28T17:44:04.313688086-06:00" level=debug msg="Invoking: gptj-python-ltxutuei8pgf9hnybja8.default.192.168.1.240.sslip.io:80"
time="2024-05-28T17:44:04.324999765-06:00" level=debug msg="Invoked gptj-python-ltxutuei8pgf9hnybja8.default.192.168.1.240.sslip.io in 11322 usec\n"
time="2024-05-28T17:44:11.818188274-06:00" level=debug msg="Invoking: gptj-python-ltxutuei8pgf9hnybja8.default.192.168.1.240.sslip.io:80"
time="2024-05-28T17:44:11.829047882-06:00" level=debug msg="Invoked gptj-python-ltxutuei8pgf9hnybja8.default.192.168.1.240.sslip.io in 10869 usec\n"
time="2024-05-28T17:44:19.321761241-06:00" level=debug msg="Invoking: gptj-python-ltxutuei8pgf9hnybja8.default.192.168.1.240.sslip.io:80"
time="2024-05-28T17:44:19.331468314-06:00" level=debug msg="Invoked gptj-python-ltxutuei8pgf9hnybja8.default.192.168.1.240.sslip.io in 9741 usec\n"
time="2024-05-28T17:44:26.797664516-06:00" level=debug msg="Minute: 5"
time="2024-05-28T17:44:26.797764655-06:00" level=debug msg="Number of Invocations this iteration: 8"
time="2024-05-28T17:44:26.797857567-06:00" level=debug msg="Invoking: cartservice-6tlo4eudeqsrdpcuf1wt.default.192.168.1.240.sslip.io:80"
time="2024-05-28T17:44:26.811734379-06:00" level=debug msg="Invoked cartservice-6tlo4eudeqsrdpcuf1wt.default.192.168.1.240.sslip.io in 13873 usec\n"
time="2024-05-28T17:44:34.30168097-06:00" level=debug msg="Invoking: gptj-python-ltxutuei8pgf9hnybja8.default.192.168.1.240.sslip.io:80"
time="2024-05-28T17:44:34.312816043-06:00" level=debug msg="Invoked gptj-python-ltxutuei8pgf9hnybja8.default.192.168.1.240.sslip.io in 11142 usec\n"
time="2024-05-28T17:44:41.805747498-06:00" level=debug msg="Invoking: gptj-python-ltxutuei8pgf9hnybja8.default.192.168.1.240.sslip.io:80"
time="2024-05-28T17:44:41.816432842-06:00" level=debug msg="Invoked gptj-python-ltxutuei8pgf9hnybja8.default.192.168.1.240.sslip.io in 10695 usec\n"
time="2024-05-28T17:44:49.311440357-06:00" level=debug msg="Invoking: gptj-python-ltxutuei8pgf9hnybja8.default.192.168.1.240.sslip.io:80"
time="2024-05-28T17:44:49.323318932-06:00" level=debug msg="Invoked gptj-python-ltxutuei8pgf9hnybja8.default.192.168.1.240.sslip.io in 11888 usec\n"
time="2024-05-28T17:44:56.817663338-06:00" level=debug msg="Invoking: cartservice-6tlo4eudeqsrdpcuf1wt.default.192.168.1.240.sslip.io:80"
time="2024-05-28T17:44:56.831995243-06:00" level=debug msg="Invoked cartservice-6tlo4eudeqsrdpcuf1wt.default.192.168.1.240.sslip.io in 14338 usec\n"
time="2024-05-28T17:45:04.318680802-06:00" level=debug msg="Invoking: gptj-python-ltxutuei8pgf9hnybja8.default.192.168.1.240.sslip.io:80"
time="2024-05-28T17:45:04.330273749-06:00" level=debug msg="Invoked gptj-python-ltxutuei8pgf9hnybja8.default.192.168.1.240.sslip.io in 11636 usec\n"
time="2024-05-28T17:45:11.825693665-06:00" level=debug msg="Invoking: gptj-python-ltxutuei8pgf9hnybja8.default.192.168.1.240.sslip.io:80"
time="2024-05-28T17:45:11.837385095-06:00" level=debug msg="Invoked gptj-python-ltxutuei8pgf9hnybja8.default.192.168.1.240.sslip.io in 11701 usec\n"
time="2024-05-28T17:45:19.331880257-06:00" level=debug msg="Invoking: gptj-python-ltxutuei8pgf9hnybja8.default.192.168.1.240.sslip.io:80"
time="2024-05-28T17:45:19.345115885-06:00" level=debug msg="Invoked gptj-python-ltxutuei8pgf9hnybja8.default.192.168.1.240.sslip.io in 13297 usec\n"
time="2024-05-28T17:45:26.797746051-06:00" level=debug msg="Minute: 6"
time="2024-05-28T17:45:26.797843738-06:00" level=debug msg="Number of Invocations this iteration: 8"
time="2024-05-28T17:45:26.797935393-06:00" level=debug msg="Invoking: image-rotate-go-6-f5hdmou9j9711et4ku04.default.192.168.1.240.sslip.io:80"
time="2024-05-28T17:45:34.036754654-06:00" level=debug msg="Invoked image-rotate-go-6-f5hdmou9j9711et4ku04.default.192.168.1.240.sslip.io in 7238816 usec\n"
time="2024-05-28T17:45:34.298742517-06:00" level=debug msg="Invoking: gptj-python-ltxutuei8pgf9hnybja8.default.192.168.1.240.sslip.io:80"
time="2024-05-28T17:45:34.309768593-06:00" level=debug msg="Invoked gptj-python-ltxutuei8pgf9hnybja8.default.192.168.1.240.sslip.io in 11035 usec\n"
time="2024-05-28T17:45:41.805774968-06:00" level=debug msg="Invoking: gptj-python-ltxutuei8pgf9hnybja8.default.192.168.1.240.sslip.io:80"
time="2024-05-28T17:45:41.816740913-06:00" level=debug msg="Invoked gptj-python-ltxutuei8pgf9hnybja8.default.192.168.1.240.sslip.io in 10976 usec\n"
time="2024-05-28T17:45:49.309744535-06:00" level=debug msg="Invoking: gptj-python-ltxutuei8pgf9hnybja8.default.192.168.1.240.sslip.io:80"
time="2024-05-28T17:45:49.320513104-06:00" level=debug msg="Invoked gptj-python-ltxutuei8pgf9hnybja8.default.192.168.1.240.sslip.io in 10780 usec\n"
time="2024-05-28T17:45:56.813724325-06:00" level=debug msg="Invoking: cartservice-6tlo4eudeqsrdpcuf1wt.default.192.168.1.240.sslip.io:80"
time="2024-05-28T17:45:56.827109671-06:00" level=debug msg="Invoked cartservice-6tlo4eudeqsrdpcuf1wt.default.192.168.1.240.sslip.io in 13395 usec\n"
time="2024-05-28T17:46:04.320444669-06:00" level=debug msg="Invoking: gptj-python-ltxutuei8pgf9hnybja8.default.192.168.1.240.sslip.io:80"
time="2024-05-28T17:46:04.331663419-06:00" level=debug msg="Invoked gptj-python-ltxutuei8pgf9hnybja8.default.192.168.1.240.sslip.io in 11229 usec\n"
time="2024-05-28T17:46:11.825772605-06:00" level=debug msg="Invoking: gptj-python-ltxutuei8pgf9hnybja8.default.192.168.1.240.sslip.io:80"
time="2024-05-28T17:46:11.836466236-06:00" level=debug msg="Invoked gptj-python-ltxutuei8pgf9hnybja8.default.192.168.1.240.sslip.io in 10708 usec\n"
time="2024-05-28T17:46:19.332023966-06:00" level=debug msg="Invoking: gptj-python-ltxutuei8pgf9hnybja8.default.192.168.1.240.sslip.io:80"
time="2024-05-28T17:46:19.342812183-06:00" level=debug msg="Invoked gptj-python-ltxutuei8pgf9hnybja8.default.192.168.1.240.sslip.io in 10860 usec\n"
time="2024-05-28T17:46:26.797725739-06:00" level=debug msg="Minute: 7"
time="2024-05-28T17:46:26.797831039-06:00" level=debug msg="Number of Invocations this iteration: 8"
time="2024-05-28T17:46:26.7979196-06:00" level=debug msg="Invoking: cartservice-6tlo4eudeqsrdpcuf1wt.default.192.168.1.240.sslip.io:80"
time="2024-05-28T17:46:26.811086429-06:00" level=debug msg="Invoked cartservice-6tlo4eudeqsrdpcuf1wt.default.192.168.1.240.sslip.io in 13165 usec\n"
time="2024-05-28T17:46:34.301691966-06:00" level=debug msg="Invoking: gptj-python-ltxutuei8pgf9hnybja8.default.192.168.1.240.sslip.io:80"
time="2024-05-28T17:46:34.312743687-06:00" level=debug msg="Invoked gptj-python-ltxutuei8pgf9hnybja8.default.192.168.1.240.sslip.io in 11062 usec\n"
time="2024-05-28T17:46:41.809190895-06:00" level=debug msg="Invoking: gptj-python-ltxutuei8pgf9hnybja8.default.192.168.1.240.sslip.io:80"
time="2024-05-28T17:46:41.821933984-06:00" level=debug msg="Invoked gptj-python-ltxutuei8pgf9hnybja8.default.192.168.1.240.sslip.io in 12756 usec\n"
time="2024-05-28T17:46:49.313695742-06:00" level=debug msg="Invoking: gptj-python-ltxutuei8pgf9hnybja8.default.192.168.1.240.sslip.io:80"
time="2024-05-28T17:46:49.323980113-06:00" level=debug msg="Invoked gptj-python-ltxutuei8pgf9hnybja8.default.192.168.1.240.sslip.io in 10295 usec\n"
time="2024-05-28T17:46:56.817686444-06:00" level=debug msg="Invoking: cartservice-6tlo4eudeqsrdpcuf1wt.default.192.168.1.240.sslip.io:80"
time="2024-05-28T17:46:56.831466627-06:00" level=debug msg="Invoked cartservice-6tlo4eudeqsrdpcuf1wt.default.192.168.1.240.sslip.io in 13792 usec\n"
time="2024-05-28T17:47:04.319174249-06:00" level=debug msg="Invoking: gptj-python-ltxutuei8pgf9hnybja8.default.192.168.1.240.sslip.io:80"
time="2024-05-28T17:47:04.330811641-06:00" level=debug msg="Invoked gptj-python-ltxutuei8pgf9hnybja8.default.192.168.1.240.sslip.io in 11647 usec\n"
time="2024-05-28T17:47:11.826161877-06:00" level=debug msg="Invoking: gptj-python-ltxutuei8pgf9hnybja8.default.192.168.1.240.sslip.io:80"
time="2024-05-28T17:47:11.836806184-06:00" level=debug msg="Invoked gptj-python-ltxutuei8pgf9hnybja8.default.192.168.1.240.sslip.io in 10654 usec\n"
time="2024-05-28T17:47:19.331004493-06:00" level=debug msg="Invoking: gptj-python-ltxutuei8pgf9hnybja8.default.192.168.1.240.sslip.io:80"
time="2024-05-28T17:47:19.341211913-06:00" level=debug msg="Invoked gptj-python-ltxutuei8pgf9hnybja8.default.192.168.1.240.sslip.io in 10217 usec\n"
time="2024-05-28T17:47:26.797673053-06:00" level=debug msg="Minute: 8"
time="2024-05-28T17:47:26.797812339-06:00" level=debug msg="Number of Invocations this iteration: 8"
time="2024-05-28T17:47:26.797895084-06:00" level=debug msg="Invoking: cartservice-6tlo4eudeqsrdpcuf1wt.default.192.168.1.240.sslip.io:80"
time="2024-05-28T17:47:26.811125366-06:00" level=debug msg="Invoked cartservice-6tlo4eudeqsrdpcuf1wt.default.192.168.1.240.sslip.io in 13227 usec\n"
time="2024-05-28T17:47:34.301680291-06:00" level=debug msg="Invoking: gptj-python-ltxutuei8pgf9hnybja8.default.192.168.1.240.sslip.io:80"
time="2024-05-28T17:47:34.312361184-06:00" level=debug msg="Invoked gptj-python-ltxutuei8pgf9hnybja8.default.192.168.1.240.sslip.io in 10692 usec\n"
time="2024-05-28T17:47:41.805733434-06:00" level=debug msg="Invoking: gptj-python-ltxutuei8pgf9hnybja8.default.192.168.1.240.sslip.io:80"
time="2024-05-28T17:47:41.816980095-06:00" level=debug msg="Invoked gptj-python-ltxutuei8pgf9hnybja8.default.192.168.1.240.sslip.io in 11257 usec\n"
time="2024-05-28T17:47:49.310950242-06:00" level=debug msg="Invoking: gptj-python-ltxutuei8pgf9hnybja8.default.192.168.1.240.sslip.io:80"
time="2024-05-28T17:47:49.320927972-06:00" level=debug msg="Invoked gptj-python-ltxutuei8pgf9hnybja8.default.192.168.1.240.sslip.io in 10009 usec\n"
time="2024-05-28T17:47:56.818308999-06:00" level=debug msg="Invoking: cartservice-6tlo4eudeqsrdpcuf1wt.default.192.168.1.240.sslip.io:80"
time="2024-05-28T17:47:56.831445086-06:00" level=debug msg="Invoked cartservice-6tlo4eudeqsrdpcuf1wt.default.192.168.1.240.sslip.io in 13146 usec\n"
time="2024-05-28T17:48:04.325736624-06:00" level=debug msg="Invoking: gptj-python-ltxutuei8pgf9hnybja8.default.192.168.1.240.sslip.io:80"
time="2024-05-28T17:48:04.33676229-06:00" level=debug msg="Invoked gptj-python-ltxutuei8pgf9hnybja8.default.192.168.1.240.sslip.io in 11038 usec\n"
time="2024-05-28T17:48:11.829724584-06:00" level=debug msg="Invoking: gptj-python-ltxutuei8pgf9hnybja8.default.192.168.1.240.sslip.io:80"
time="2024-05-28T17:48:11.840148084-06:00" level=debug msg="Invoked gptj-python-ltxutuei8pgf9hnybja8.default.192.168.1.240.sslip.io in 10436 usec\n"
time="2024-05-28T17:48:19.333734326-06:00" level=debug msg="Invoking: gptj-python-ltxutuei8pgf9hnybja8.default.192.168.1.240.sslip.io:80"
time="2024-05-28T17:48:19.344258477-06:00" level=debug msg="Invoked gptj-python-ltxutuei8pgf9hnybja8.default.192.168.1.240.sslip.io in 10537 usec\n"
time="2024-05-28T17:48:26.797717368-06:00" level=debug msg="Minute: 9"
time="2024-05-28T17:48:26.797832675-06:00" level=debug msg="Number of Invocations this iteration: 8"
time="2024-05-28T17:48:26.797926798-06:00" level=debug msg="Invoking: cartservice-6tlo4eudeqsrdpcuf1wt.default.192.168.1.240.sslip.io:80"
time="2024-05-28T17:48:26.812144191-06:00" level=debug msg="Invoked cartservice-6tlo4eudeqsrdpcuf1wt.default.192.168.1.240.sslip.io in 14210 usec\n"
time="2024-05-28T17:48:34.302659614-06:00" level=debug msg="Invoking: gptj-python-ltxutuei8pgf9hnybja8.default.192.168.1.240.sslip.io:80"
time="2024-05-28T17:48:34.313697248-06:00" level=debug msg="Invoked gptj-python-ltxutuei8pgf9hnybja8.default.192.168.1.240.sslip.io in 11045 usec\n"
time="2024-05-28T17:48:41.8099676-06:00" level=debug msg="Invoking: gptj-python-ltxutuei8pgf9hnybja8.default.192.168.1.240.sslip.io:80"
time="2024-05-28T17:48:41.821817314-06:00" level=debug msg="Invoked gptj-python-ltxutuei8pgf9hnybja8.default.192.168.1.240.sslip.io in 11859 usec\n"
time="2024-05-28T17:48:49.316903509-06:00" level=debug msg="Invoking: gptj-python-ltxutuei8pgf9hnybja8.default.192.168.1.240.sslip.io:80"
time="2024-05-28T17:48:49.329409417-06:00" level=debug msg="Invoked gptj-python-ltxutuei8pgf9hnybja8.default.192.168.1.240.sslip.io in 12515 usec\n"
time="2024-05-28T17:48:56.821666932-06:00" level=debug msg="Invoking: cartservice-6tlo4eudeqsrdpcuf1wt.default.192.168.1.240.sslip.io:80"
time="2024-05-28T17:48:56.836374877-06:00" level=debug msg="Invoked cartservice-6tlo4eudeqsrdpcuf1wt.default.192.168.1.240.sslip.io in 14719 usec\n"
time="2024-05-28T17:49:04.322519588-06:00" level=debug msg="Invoking: gptj-python-ltxutuei8pgf9hnybja8.default.192.168.1.240.sslip.io:80"
time="2024-05-28T17:49:04.334811192-06:00" level=debug msg="Invoked gptj-python-ltxutuei8pgf9hnybja8.default.192.168.1.240.sslip.io in 12451 usec\n"
time="2024-05-28T17:49:11.825759625-06:00" level=debug msg="Invoking: gptj-python-ltxutuei8pgf9hnybja8.default.192.168.1.240.sslip.io:80"
time="2024-05-28T17:49:11.836744757-06:00" level=debug msg="Invoked gptj-python-ltxutuei8pgf9hnybja8.default.192.168.1.240.sslip.io in 10999 usec\n"
time="2024-05-28T17:49:19.329761082-06:00" level=debug msg="Invoking: gptj-python-ltxutuei8pgf9hnybja8.default.192.168.1.240.sslip.io:80"
time="2024-05-28T17:49:19.342266675-06:00" level=debug msg="Invoked gptj-python-ltxutuei8pgf9hnybja8.default.192.168.1.240.sslip.io in 12537 usec\n"
time="2024-05-28T17:49:26.797805792-06:00" level=debug msg="Minute: 10"
time="2024-05-28T17:49:26.797949639-06:00" level=debug msg="Number of Invocations this iteration: 8"
time="2024-05-28T17:49:26.79803084-06:00" level=debug msg="Invoking: rnn-serving-python-10-10-q58vo2v1kclvhpvhz69v.default.192.168.1.240.sslip.io:80"
time="2024-05-28T17:49:34.301749465-06:00" level=debug msg="Invoking: gptj-python-ltxutuei8pgf9hnybja8.default.192.168.1.240.sslip.io:80"
time="2024-05-28T17:49:34.31283982-06:00" level=debug msg="Invoked gptj-python-ltxutuei8pgf9hnybja8.default.192.168.1.240.sslip.io in 11106 usec\n"
time="2024-05-28T17:49:36.482694845-06:00" level=debug msg="Invoked rnn-serving-python-10-10-q58vo2v1kclvhpvhz69v.default.192.168.1.240.sslip.io in 9684659 usec\n"
time="2024-05-28T17:49:41.806990391-06:00" level=debug msg="Invoking: gptj-python-ltxutuei8pgf9hnybja8.default.192.168.1.240.sslip.io:80"
time="2024-05-28T17:49:41.818685014-06:00" level=debug msg="Invoked gptj-python-ltxutuei8pgf9hnybja8.default.192.168.1.240.sslip.io in 11706 usec\n"
time="2024-05-28T17:49:49.313757253-06:00" level=debug msg="Invoking: gptj-python-ltxutuei8pgf9hnybja8.default.192.168.1.240.sslip.io:80"
time="2024-05-28T17:49:49.324664092-06:00" level=debug msg="Invoked gptj-python-ltxutuei8pgf9hnybja8.default.192.168.1.240.sslip.io in 10917 usec\n"
time="2024-05-28T17:49:56.817739579-06:00" level=debug msg="Invoking: cartservice-6tlo4eudeqsrdpcuf1wt.default.192.168.1.240.sslip.io:80"
time="2024-05-28T17:49:56.831003371-06:00" level=debug msg="Invoked cartservice-6tlo4eudeqsrdpcuf1wt.default.192.168.1.240.sslip.io in 13276 usec\n"
time="2024-05-28T17:50:04.323207572-06:00" level=debug msg="Invoking: gptj-python-ltxutuei8pgf9hnybja8.default.192.168.1.240.sslip.io:80"
time="2024-05-28T17:50:04.336027791-06:00" level=debug msg="Invoked gptj-python-ltxutuei8pgf9hnybja8.default.192.168.1.240.sslip.io in 12830 usec\n"
time="2024-05-28T17:50:11.829736486-06:00" level=debug msg="Invoking: gptj-python-ltxutuei8pgf9hnybja8.default.192.168.1.240.sslip.io:80"
time="2024-05-28T17:50:11.840976818-06:00" level=debug msg="Invoked gptj-python-ltxutuei8pgf9hnybja8.default.192.168.1.240.sslip.io in 11249 usec\n"
time="2024-05-28T17:50:19.334553866-06:00" level=debug msg="Invoking: gptj-python-ltxutuei8pgf9hnybja8.default.192.168.1.240.sslip.io:80"
time="2024-05-28T17:50:19.345137702-06:00" level=debug msg="Invoked gptj-python-ltxutuei8pgf9hnybja8.default.192.168.1.240.sslip.io in 10595 usec\n"
time="2024-05-28T17:50:26.79772936-06:00" level=debug msg="Minute: 11"
time="2024-05-28T17:50:26.797838414-06:00" level=debug msg="Number of Invocations this iteration: 8"
time="2024-05-28T17:50:26.79793305-06:00" level=debug msg="Invoking: image-rotate-go-6-f5hdmou9j9711et4ku04.default.192.168.1.240.sslip.io:80"
time="2024-05-28T17:50:33.998793435-06:00" level=debug msg="Invoked image-rotate-go-6-f5hdmou9j9711et4ku04.default.192.168.1.240.sslip.io in 7200864 usec\n"
time="2024-05-28T17:50:34.298858817-06:00" level=debug msg="Invoking: gptj-python-ltxutuei8pgf9hnybja8.default.192.168.1.240.sslip.io:80"
time="2024-05-28T17:50:34.309059097-06:00" level=debug msg="Invoked gptj-python-ltxutuei8pgf9hnybja8.default.192.168.1.240.sslip.io in 10211 usec\n"
time="2024-05-28T17:50:41.805745628-06:00" level=debug msg="Invoking: gptj-python-ltxutuei8pgf9hnybja8.default.192.168.1.240.sslip.io:80"
time="2024-05-28T17:50:41.816324283-06:00" level=debug msg="Invoked gptj-python-ltxutuei8pgf9hnybja8.default.192.168.1.240.sslip.io in 10589 usec\n"
time="2024-05-28T17:50:49.30974897-06:00" level=debug msg="Invoking: gptj-python-ltxutuei8pgf9hnybja8.default.192.168.1.240.sslip.io:80"
time="2024-05-28T17:50:49.319833785-06:00" level=debug msg="Invoked gptj-python-ltxutuei8pgf9hnybja8.default.192.168.1.240.sslip.io in 10095 usec\n"
time="2024-05-28T17:50:56.813773805-06:00" level=debug msg="Invoking: cartservice-6tlo4eudeqsrdpcuf1wt.default.192.168.1.240.sslip.io:80"
time="2024-05-28T17:50:56.826503107-06:00" level=debug msg="Invoked cartservice-6tlo4eudeqsrdpcuf1wt.default.192.168.1.240.sslip.io in 12770 usec\n"
time="2024-05-28T17:51:04.317759304-06:00" level=debug msg="Invoking: gptj-python-ltxutuei8pgf9hnybja8.default.192.168.1.240.sslip.io:80"
time="2024-05-28T17:51:04.328942674-06:00" level=debug msg="Invoked gptj-python-ltxutuei8pgf9hnybja8.default.192.168.1.240.sslip.io in 11186 usec\n"
time="2024-05-28T17:51:11.822144271-06:00" level=debug msg="Invoking: gptj-python-ltxutuei8pgf9hnybja8.default.192.168.1.240.sslip.io:80"
time="2024-05-28T17:51:11.833026743-06:00" level=debug msg="Invoked gptj-python-ltxutuei8pgf9hnybja8.default.192.168.1.240.sslip.io in 10889 usec\n"
time="2024-05-28T17:51:19.326122344-06:00" level=debug msg="Invoking: gptj-python-ltxutuei8pgf9hnybja8.default.192.168.1.240.sslip.io:80"
time="2024-05-28T17:51:19.337006765-06:00" level=debug msg="Invoked gptj-python-ltxutuei8pgf9hnybja8.default.192.168.1.240.sslip.io in 10889 usec\n"
time="2024-05-28T17:51:26.799182664-06:00" level=debug msg="Minute: 12"
time="2024-05-28T17:51:26.799327213-06:00" level=debug msg="Number of Invocations this iteration: 8"
time="2024-05-28T17:51:26.79940534-06:00" level=debug msg="Invoking: cartservice-6tlo4eudeqsrdpcuf1wt.default.192.168.1.240.sslip.io:80"
time="2024-05-28T17:51:26.811904327-06:00" level=debug msg="Invoked cartservice-6tlo4eudeqsrdpcuf1wt.default.192.168.1.240.sslip.io in 12496 usec\n"
time="2024-05-28T17:51:34.30567284-06:00" level=debug msg="Invoking: gptj-python-ltxutuei8pgf9hnybja8.default.192.168.1.240.sslip.io:80"
time="2024-05-28T17:51:34.31611581-06:00" level=debug msg="Invoked gptj-python-ltxutuei8pgf9hnybja8.default.192.168.1.240.sslip.io in 10452 usec\n"
time="2024-05-28T17:51:41.809718159-06:00" level=debug msg="Invoking: gptj-python-ltxutuei8pgf9hnybja8.default.192.168.1.240.sslip.io:80"
time="2024-05-28T17:51:41.821627211-06:00" level=debug msg="Invoked gptj-python-ltxutuei8pgf9hnybja8.default.192.168.1.240.sslip.io in 11919 usec\n"
time="2024-05-28T17:51:49.313777862-06:00" level=debug msg="Invoking: gptj-python-ltxutuei8pgf9hnybja8.default.192.168.1.240.sslip.io:80"
time="2024-05-28T17:51:49.325788626-06:00" level=debug msg="Invoked gptj-python-ltxutuei8pgf9hnybja8.default.192.168.1.240.sslip.io in 12047 usec\n"
time="2024-05-28T17:51:56.817681642-06:00" level=debug msg="Invoking: cartservice-6tlo4eudeqsrdpcuf1wt.default.192.168.1.240.sslip.io:80"
time="2024-05-28T17:51:56.830691799-06:00" level=debug msg="Invoked cartservice-6tlo4eudeqsrdpcuf1wt.default.192.168.1.240.sslip.io in 13021 usec\n"
time="2024-05-28T17:52:04.321809696-06:00" level=debug msg="Invoking: gptj-python-ltxutuei8pgf9hnybja8.default.192.168.1.240.sslip.io:80"
time="2024-05-28T17:52:04.332469487-06:00" level=debug msg="Invoked gptj-python-ltxutuei8pgf9hnybja8.default.192.168.1.240.sslip.io in 10671 usec\n"
time="2024-05-28T17:52:11.825758375-06:00" level=debug msg="Invoking: gptj-python-ltxutuei8pgf9hnybja8.default.192.168.1.240.sslip.io:80"
time="2024-05-28T17:52:11.836565089-06:00" level=debug msg="Invoked gptj-python-ltxutuei8pgf9hnybja8.default.192.168.1.240.sslip.io in 10817 usec\n"
time="2024-05-28T17:52:19.326808019-06:00" level=debug msg="Invoking: gptj-python-ltxutuei8pgf9hnybja8.default.192.168.1.240.sslip.io:80"
time="2024-05-28T17:52:19.33738033-06:00" level=debug msg="Invoked gptj-python-ltxutuei8pgf9hnybja8.default.192.168.1.240.sslip.io in 10581 usec\n"
time="2024-05-28T17:52:26.797755245-06:00" level=debug msg="Minute: 13"
time="2024-05-28T17:52:26.797832573-06:00" level=debug msg="Number of Invocations this iteration: 8"
time="2024-05-28T17:52:26.797904007-06:00" level=debug msg="Invoking: cartservice-6tlo4eudeqsrdpcuf1wt.default.192.168.1.240.sslip.io:80"
time="2024-05-28T17:52:26.811311883-06:00" level=debug msg="Invoked cartservice-6tlo4eudeqsrdpcuf1wt.default.192.168.1.240.sslip.io in 13404 usec\n"
time="2024-05-28T17:52:34.301780431-06:00" level=debug msg="Invoking: gptj-python-ltxutuei8pgf9hnybja8.default.192.168.1.240.sslip.io:80"
time="2024-05-28T17:52:34.311215123-06:00" level=debug msg="Invoked gptj-python-ltxutuei8pgf9hnybja8.default.192.168.1.240.sslip.io in 9465 usec\n"
time="2024-05-28T17:52:41.805771534-06:00" level=debug msg="Invoking: gptj-python-ltxutuei8pgf9hnybja8.default.192.168.1.240.sslip.io:80"
time="2024-05-28T17:52:41.816609293-06:00" level=debug msg="Invoked gptj-python-ltxutuei8pgf9hnybja8.default.192.168.1.240.sslip.io in 10870 usec\n"
time="2024-05-28T17:52:49.310388467-06:00" level=debug msg="Invoking: gptj-python-ltxutuei8pgf9hnybja8.default.192.168.1.240.sslip.io:80"
time="2024-05-28T17:52:49.320939829-06:00" level=debug msg="Invoked gptj-python-ltxutuei8pgf9hnybja8.default.192.168.1.240.sslip.io in 10561 usec\n"
time="2024-05-28T17:52:56.815557988-06:00" level=debug msg="Invoking: cartservice-6tlo4eudeqsrdpcuf1wt.default.192.168.1.240.sslip.io:80"
time="2024-05-28T17:52:56.829350627-06:00" level=debug msg="Invoked cartservice-6tlo4eudeqsrdpcuf1wt.default.192.168.1.240.sslip.io in 13798 usec\n"
time="2024-05-28T17:53:04.321660119-06:00" level=debug msg="Invoking: gptj-python-ltxutuei8pgf9hnybja8.default.192.168.1.240.sslip.io:80"
time="2024-05-28T17:53:04.332619307-06:00" level=debug msg="Invoked gptj-python-ltxutuei8pgf9hnybja8.default.192.168.1.240.sslip.io in 10962 usec\n"
time="2024-05-28T17:53:11.825713181-06:00" level=debug msg="Invoking: gptj-python-ltxutuei8pgf9hnybja8.default.192.168.1.240.sslip.io:80"
time="2024-05-28T17:53:11.836183488-06:00" level=debug msg="Invoked gptj-python-ltxutuei8pgf9hnybja8.default.192.168.1.240.sslip.io in 10476 usec\n"
time="2024-05-28T17:53:19.329754769-06:00" level=debug msg="Invoking: gptj-python-ltxutuei8pgf9hnybja8.default.192.168.1.240.sslip.io:80"
time="2024-05-28T17:53:19.339771903-06:00" level=debug msg="Invoked gptj-python-ltxutuei8pgf9hnybja8.default.192.168.1.240.sslip.io in 10029 usec\n"
time="2024-05-28T17:53:26.797921419-06:00" level=info msg="Experiment Phase Completed"
time="2024-05-28T17:53:26.798056358-06:00" level=info msg="Issued / completed requests: 112, 112"
time="2024-05-28T17:53:26.798094404-06:00" level=info msg="Average Real RPS: 0.13 "
time="2024-05-28T17:53:26.798120925-06:00" level=info msg="Experiment finished!"
time="2024-05-28T17:53:26.7981474-06:00" level=info msg="The measured latencies are saved in rps_lat.csv"
