time="2024-05-30T01:58:44.590815457-06:00" level=debug msg="Debug logging is enabled"
time="2024-05-30T01:58:44.590990585-06:00" level=info msg="Reading the trace endpoints from the file: /users/ArunAMS/vSwarm/tools/load-generator/load.json"
time="2024-05-30T01:58:44.592516423-06:00" level=info msg="Warmup Duration: 3"
time="2024-05-30T01:58:44.592543848-06:00" level=info msg="Experiment Duration: 11"
time="2024-05-30T01:58:44.592566437-06:00" level=info msg="Minute Granularity: true"
time="2024-05-30T01:59:44.649364126-06:00" level=info msg="Running Warmup Phase"
time="2024-05-30T01:59:44.649439339-06:00" level=debug msg="Minute: 0"
time="2024-05-30T01:59:44.649515523-06:00" level=debug msg="Number of Invocations this iteration: 8"
time="2024-05-30T01:59:44.649622208-06:00" level=debug msg="Invoking: cartservice-x4nbmikn7nqh44isrp27.default.192.168.1.240.sslip.io:80"
time="2024-05-30T01:59:52.150864143-06:00" level=debug msg="Invoking: gptj-python-rae3dupxiyqgd33gj444.default.192.168.1.240.sslip.io:80"
time="2024-05-30T01:59:59.657338981-06:00" level=debug msg="Invoking: gptj-python-rae3dupxiyqgd33gj444.default.192.168.1.240.sslip.io:80"
time="2024-05-30T02:00:07.161413816-06:00" level=debug msg="Invoking: gptj-python-rae3dupxiyqgd33gj444.default.192.168.1.240.sslip.io:80"
time="2024-05-30T02:00:14.665388757-06:00" level=debug msg="Invoking: cartservice-x4nbmikn7nqh44isrp27.default.192.168.1.240.sslip.io:80"
time="2024-05-30T02:00:22.170149406-06:00" level=debug msg="Invoking: gptj-python-rae3dupxiyqgd33gj444.default.192.168.1.240.sslip.io:80"
time="2024-05-30T02:00:29.673358661-06:00" level=debug msg="Invoking: gptj-python-rae3dupxiyqgd33gj444.default.192.168.1.240.sslip.io:80"
time="2024-05-30T02:00:37.177404213-06:00" level=debug msg="Invoking: gptj-python-rae3dupxiyqgd33gj444.default.192.168.1.240.sslip.io:80"
time="2024-05-30T02:00:44.597332602-06:00" level=debug msg="Minute: 1"
time="2024-05-30T02:00:44.597421148-06:00" level=debug msg="Number of Invocations this iteration: 8"
time="2024-05-30T02:00:44.597512715-06:00" level=debug msg="Invoking: image-rotate-go-6-22qqcnsgzvavdryj0x3x.default.192.168.1.240.sslip.io:80"
time="2024-05-30T02:00:52.101397465-06:00" level=debug msg="Invoking: gptj-python-rae3dupxiyqgd33gj444.default.192.168.1.240.sslip.io:80"
time="2024-05-30T02:00:59.608484787-06:00" level=debug msg="Invoking: gptj-python-rae3dupxiyqgd33gj444.default.192.168.1.240.sslip.io:80"
time="2024-05-30T02:01:07.113518692-06:00" level=debug msg="Invoking: gptj-python-rae3dupxiyqgd33gj444.default.192.168.1.240.sslip.io:80"
time="2024-05-30T02:01:14.617404675-06:00" level=debug msg="Invoking: cartservice-x4nbmikn7nqh44isrp27.default.192.168.1.240.sslip.io:80"
time="2024-05-30T02:01:22.118501916-06:00" level=debug msg="Invoking: gptj-python-rae3dupxiyqgd33gj444.default.192.168.1.240.sslip.io:80"
time="2024-05-30T02:01:29.62376527-06:00" level=debug msg="Invoking: gptj-python-rae3dupxiyqgd33gj444.default.192.168.1.240.sslip.io:80"
time="2024-05-30T02:01:37.129370725-06:00" level=debug msg="Invoking: gptj-python-rae3dupxiyqgd33gj444.default.192.168.1.240.sslip.io:80"
time="2024-05-30T02:01:44.597296095-06:00" level=debug msg="Minute: 2"
time="2024-05-30T02:01:44.597364781-06:00" level=debug msg="Number of Invocations this iteration: 8"
time="2024-05-30T02:01:44.597424289-06:00" level=debug msg="Invoking: cartservice-x4nbmikn7nqh44isrp27.default.192.168.1.240.sslip.io:80"
time="2024-05-30T02:01:52.101441212-06:00" level=debug msg="Invoking: gptj-python-rae3dupxiyqgd33gj444.default.192.168.1.240.sslip.io:80"
time="2024-05-30T02:01:59.605388057-06:00" level=debug msg="Invoking: gptj-python-rae3dupxiyqgd33gj444.default.192.168.1.240.sslip.io:80"
time="2024-05-30T02:02:07.109390174-06:00" level=debug msg="Invoking: gptj-python-rae3dupxiyqgd33gj444.default.192.168.1.240.sslip.io:80"
time="2024-05-30T02:02:14.616121128-06:00" level=debug msg="Invoking: cartservice-x4nbmikn7nqh44isrp27.default.192.168.1.240.sslip.io:80"
time="2024-05-30T02:02:22.121425778-06:00" level=debug msg="Invoking: gptj-python-rae3dupxiyqgd33gj444.default.192.168.1.240.sslip.io:80"
time="2024-05-30T02:02:29.625370309-06:00" level=debug msg="Invoking: gptj-python-rae3dupxiyqgd33gj444.default.192.168.1.240.sslip.io:80"
time="2024-05-30T02:02:37.129380284-06:00" level=debug msg="Invoking: gptj-python-rae3dupxiyqgd33gj444.default.192.168.1.240.sslip.io:80"
time="2024-05-30T02:02:44.599624192-06:00" level=info msg="Warmup Phase Completed"
time="2024-05-30T02:02:44.59969678-06:00" level=info msg="Running Experiment Phase"
time="2024-05-30T02:02:44.599727076-06:00" level=debug msg="Minute: 3"
time="2024-05-30T02:02:44.599775214-06:00" level=debug msg="Number of Invocations this iteration: 8"
time="2024-05-30T02:02:44.599875672-06:00" level=debug msg="Invoking: cartservice-x4nbmikn7nqh44isrp27.default.192.168.1.240.sslip.io:80"
time="2024-05-30T02:02:44.612542777-06:00" level=debug msg="Invoked cartservice-x4nbmikn7nqh44isrp27.default.192.168.1.240.sslip.io in 12651 usec\n"
time="2024-05-30T02:02:52.105400073-06:00" level=debug msg="Invoking: gptj-python-rae3dupxiyqgd33gj444.default.192.168.1.240.sslip.io:80"
time="2024-05-30T02:02:52.116568067-06:00" level=debug msg="Invoked gptj-python-rae3dupxiyqgd33gj444.default.192.168.1.240.sslip.io in 11177 usec\n"
time="2024-05-30T02:02:59.609422812-06:00" level=debug msg="Invoking: gptj-python-rae3dupxiyqgd33gj444.default.192.168.1.240.sslip.io:80"
time="2024-05-30T02:02:59.620903731-06:00" level=debug msg="Invoked gptj-python-rae3dupxiyqgd33gj444.default.192.168.1.240.sslip.io in 11504 usec\n"
time="2024-05-30T02:03:07.109687852-06:00" level=debug msg="Invoking: gptj-python-rae3dupxiyqgd33gj444.default.192.168.1.240.sslip.io:80"
time="2024-05-30T02:03:07.119892378-06:00" level=debug msg="Invoked gptj-python-rae3dupxiyqgd33gj444.default.192.168.1.240.sslip.io in 10270 usec\n"
time="2024-05-30T02:03:14.615425651-06:00" level=debug msg="Invoking: cartservice-x4nbmikn7nqh44isrp27.default.192.168.1.240.sslip.io:80"
time="2024-05-30T02:03:14.627304732-06:00" level=debug msg="Invoked cartservice-x4nbmikn7nqh44isrp27.default.192.168.1.240.sslip.io in 11884 usec\n"
time="2024-05-30T02:03:22.121410661-06:00" level=debug msg="Invoking: gptj-python-rae3dupxiyqgd33gj444.default.192.168.1.240.sslip.io:80"
time="2024-05-30T02:03:22.132985036-06:00" level=debug msg="Invoked gptj-python-rae3dupxiyqgd33gj444.default.192.168.1.240.sslip.io in 11582 usec\n"
time="2024-05-30T02:03:29.62543039-06:00" level=debug msg="Invoking: gptj-python-rae3dupxiyqgd33gj444.default.192.168.1.240.sslip.io:80"
time="2024-05-30T02:03:29.635276854-06:00" level=debug msg="Invoked gptj-python-rae3dupxiyqgd33gj444.default.192.168.1.240.sslip.io in 9856 usec\n"
time="2024-05-30T02:03:37.132642214-06:00" level=debug msg="Invoking: gptj-python-rae3dupxiyqgd33gj444.default.192.168.1.240.sslip.io:80"
time="2024-05-30T02:03:37.142525325-06:00" level=debug msg="Invoked gptj-python-rae3dupxiyqgd33gj444.default.192.168.1.240.sslip.io in 9891 usec\n"
time="2024-05-30T02:03:44.598284677-06:00" level=debug msg="Minute: 4"
time="2024-05-30T02:03:44.59837113-06:00" level=debug msg="Number of Invocations this iteration: 8"
time="2024-05-30T02:03:44.598453291-06:00" level=debug msg="Invoking: rnn-serving-python-10-10-5w5wso5twocsowcefvnm.default.192.168.1.240.sslip.io:80"
time="2024-05-30T02:03:52.105163663-06:00" level=debug msg="Invoking: gptj-python-rae3dupxiyqgd33gj444.default.192.168.1.240.sslip.io:80"
time="2024-05-30T02:03:52.115344263-06:00" level=debug msg="Invoked gptj-python-rae3dupxiyqgd33gj444.default.192.168.1.240.sslip.io in 10189 usec\n"
time="2024-05-30T02:03:55.741537048-06:00" level=debug msg="Invoked rnn-serving-python-10-10-5w5wso5twocsowcefvnm.default.192.168.1.240.sslip.io in 11143081 usec\n"
time="2024-05-30T02:03:59.60533527-06:00" level=debug msg="Invoking: gptj-python-rae3dupxiyqgd33gj444.default.192.168.1.240.sslip.io:80"
time="2024-05-30T02:03:59.614306096-06:00" level=debug msg="Invoked gptj-python-rae3dupxiyqgd33gj444.default.192.168.1.240.sslip.io in 8976 usec\n"
time="2024-05-30T02:04:07.109334855-06:00" level=debug msg="Invoking: gptj-python-rae3dupxiyqgd33gj444.default.192.168.1.240.sslip.io:80"
time="2024-05-30T02:04:07.118684998-06:00" level=debug msg="Invoked gptj-python-rae3dupxiyqgd33gj444.default.192.168.1.240.sslip.io in 9358 usec\n"
time="2024-05-30T02:04:14.613352276-06:00" level=debug msg="Invoking: cartservice-x4nbmikn7nqh44isrp27.default.192.168.1.240.sslip.io:80"
time="2024-05-30T02:04:22.117420283-06:00" level=debug msg="Invoking: gptj-python-rae3dupxiyqgd33gj444.default.192.168.1.240.sslip.io:80"
time="2024-05-30T02:04:22.12724297-06:00" level=debug msg="Invoked gptj-python-rae3dupxiyqgd33gj444.default.192.168.1.240.sslip.io in 9839 usec\n"
time="2024-05-30T02:04:24.213696489-06:00" level=debug msg="Invoked cartservice-x4nbmikn7nqh44isrp27.default.192.168.1.240.sslip.io in 9600370 usec\n"
time="2024-05-30T02:04:29.621376297-06:00" level=debug msg="Invoking: gptj-python-rae3dupxiyqgd33gj444.default.192.168.1.240.sslip.io:80"
time="2024-05-30T02:04:29.631280617-06:00" level=debug msg="Invoked gptj-python-rae3dupxiyqgd33gj444.default.192.168.1.240.sslip.io in 9915 usec\n"
time="2024-05-30T02:04:37.125364972-06:00" level=debug msg="Invoking: gptj-python-rae3dupxiyqgd33gj444.default.192.168.1.240.sslip.io:80"
time="2024-05-30T02:04:37.135367164-06:00" level=debug msg="Invoked gptj-python-rae3dupxiyqgd33gj444.default.192.168.1.240.sslip.io in 10019 usec\n"
time="2024-05-30T02:04:44.598523036-06:00" level=debug msg="Minute: 5"
time="2024-05-30T02:04:44.598591027-06:00" level=debug msg="Number of Invocations this iteration: 8"
time="2024-05-30T02:04:44.59866036-06:00" level=debug msg="Invoking: cartservice-x4nbmikn7nqh44isrp27.default.192.168.1.240.sslip.io:80"
time="2024-05-30T02:04:44.624820486-06:00" level=debug msg="Invoked cartservice-x4nbmikn7nqh44isrp27.default.192.168.1.240.sslip.io in 26159 usec\n"
time="2024-05-30T02:04:52.105360502-06:00" level=debug msg="Invoking: gptj-python-rae3dupxiyqgd33gj444.default.192.168.1.240.sslip.io:80"
time="2024-05-30T02:04:52.11812927-06:00" level=debug msg="Invoked gptj-python-rae3dupxiyqgd33gj444.default.192.168.1.240.sslip.io in 12774 usec\n"
time="2024-05-30T02:04:59.609644544-06:00" level=debug msg="Invoking: gptj-python-rae3dupxiyqgd33gj444.default.192.168.1.240.sslip.io:80"
time="2024-05-30T02:04:59.620221418-06:00" level=debug msg="Invoked gptj-python-rae3dupxiyqgd33gj444.default.192.168.1.240.sslip.io in 10585 usec\n"
time="2024-05-30T02:05:07.109814905-06:00" level=debug msg="Invoking: gptj-python-rae3dupxiyqgd33gj444.default.192.168.1.240.sslip.io:80"
time="2024-05-30T02:05:07.120341679-06:00" level=debug msg="Invoked gptj-python-rae3dupxiyqgd33gj444.default.192.168.1.240.sslip.io in 10541 usec\n"
time="2024-05-30T02:05:14.613477506-06:00" level=debug msg="Invoking: cartservice-x4nbmikn7nqh44isrp27.default.192.168.1.240.sslip.io:80"
time="2024-05-30T02:05:14.624836569-06:00" level=debug msg="Invoked cartservice-x4nbmikn7nqh44isrp27.default.192.168.1.240.sslip.io in 11432 usec\n"
time="2024-05-30T02:05:22.117331387-06:00" level=debug msg="Invoking: gptj-python-rae3dupxiyqgd33gj444.default.192.168.1.240.sslip.io:80"
time="2024-05-30T02:05:22.127863747-06:00" level=debug msg="Invoked gptj-python-rae3dupxiyqgd33gj444.default.192.168.1.240.sslip.io in 10542 usec\n"
time="2024-05-30T02:05:29.62132838-06:00" level=debug msg="Invoking: gptj-python-rae3dupxiyqgd33gj444.default.192.168.1.240.sslip.io:80"
time="2024-05-30T02:05:29.631101075-06:00" level=debug msg="Invoked gptj-python-rae3dupxiyqgd33gj444.default.192.168.1.240.sslip.io in 9781 usec\n"
time="2024-05-30T02:05:37.128516955-06:00" level=debug msg="Invoking: gptj-python-rae3dupxiyqgd33gj444.default.192.168.1.240.sslip.io:80"
time="2024-05-30T02:05:37.139081291-06:00" level=debug msg="Invoked gptj-python-rae3dupxiyqgd33gj444.default.192.168.1.240.sslip.io in 10572 usec\n"
time="2024-05-30T02:05:44.598870092-06:00" level=debug msg="Minute: 6"
time="2024-05-30T02:05:44.598961636-06:00" level=debug msg="Number of Invocations this iteration: 8"
time="2024-05-30T02:05:44.599044828-06:00" level=debug msg="Invoking: image-rotate-go-6-22qqcnsgzvavdryj0x3x.default.192.168.1.240.sslip.io:80"
time="2024-05-30T02:05:51.777740625-06:00" level=debug msg="Invoked image-rotate-go-6-22qqcnsgzvavdryj0x3x.default.192.168.1.240.sslip.io in 7178693 usec\n"
time="2024-05-30T02:05:52.100009073-06:00" level=debug msg="Invoking: gptj-python-rae3dupxiyqgd33gj444.default.192.168.1.240.sslip.io:80"
time="2024-05-30T02:05:52.11088457-06:00" level=debug msg="Invoked gptj-python-rae3dupxiyqgd33gj444.default.192.168.1.240.sslip.io in 10880 usec\n"
time="2024-05-30T02:05:59.605397788-06:00" level=debug msg="Invoking: gptj-python-rae3dupxiyqgd33gj444.default.192.168.1.240.sslip.io:80"
time="2024-05-30T02:05:59.615484652-06:00" level=debug msg="Invoked gptj-python-rae3dupxiyqgd33gj444.default.192.168.1.240.sslip.io in 10096 usec\n"
time="2024-05-30T02:06:07.109393737-06:00" level=debug msg="Invoking: gptj-python-rae3dupxiyqgd33gj444.default.192.168.1.240.sslip.io:80"
time="2024-05-30T02:06:07.119659717-06:00" level=debug msg="Invoked gptj-python-rae3dupxiyqgd33gj444.default.192.168.1.240.sslip.io in 10274 usec\n"
time="2024-05-30T02:06:14.613337237-06:00" level=debug msg="Invoking: cartservice-x4nbmikn7nqh44isrp27.default.192.168.1.240.sslip.io:80"
time="2024-05-30T02:06:20.655206359-06:00" level=debug msg="Invoked cartservice-x4nbmikn7nqh44isrp27.default.192.168.1.240.sslip.io in 6041894 usec\n"
time="2024-05-30T02:06:22.113522693-06:00" level=debug msg="Invoking: gptj-python-rae3dupxiyqgd33gj444.default.192.168.1.240.sslip.io:80"
time="2024-05-30T02:06:22.124205622-06:00" level=debug msg="Invoked gptj-python-rae3dupxiyqgd33gj444.default.192.168.1.240.sslip.io in 10692 usec\n"
time="2024-05-30T02:06:29.620470449-06:00" level=debug msg="Invoking: gptj-python-rae3dupxiyqgd33gj444.default.192.168.1.240.sslip.io:80"
time="2024-05-30T02:06:29.629993813-06:00" level=debug msg="Invoked gptj-python-rae3dupxiyqgd33gj444.default.192.168.1.240.sslip.io in 9527 usec\n"
time="2024-05-30T02:06:37.125389323-06:00" level=debug msg="Invoking: gptj-python-rae3dupxiyqgd33gj444.default.192.168.1.240.sslip.io:80"
time="2024-05-30T02:06:37.135481233-06:00" level=debug msg="Invoked gptj-python-rae3dupxiyqgd33gj444.default.192.168.1.240.sslip.io in 10103 usec\n"
time="2024-05-30T02:06:44.597300798-06:00" level=debug msg="Minute: 7"
time="2024-05-30T02:06:44.597360793-06:00" level=debug msg="Number of Invocations this iteration: 8"
time="2024-05-30T02:06:44.597410443-06:00" level=debug msg="Invoking: cartservice-x4nbmikn7nqh44isrp27.default.192.168.1.240.sslip.io:80"
time="2024-05-30T02:06:44.627467269-06:00" level=debug msg="Invoked cartservice-x4nbmikn7nqh44isrp27.default.192.168.1.240.sslip.io in 30053 usec\n"
time="2024-05-30T02:06:52.10139221-06:00" level=debug msg="Invoking: gptj-python-rae3dupxiyqgd33gj444.default.192.168.1.240.sslip.io:80"
time="2024-05-30T02:06:52.113111653-06:00" level=debug msg="Invoked gptj-python-rae3dupxiyqgd33gj444.default.192.168.1.240.sslip.io in 11728 usec\n"
time="2024-05-30T02:06:59.605344357-06:00" level=debug msg="Invoking: gptj-python-rae3dupxiyqgd33gj444.default.192.168.1.240.sslip.io:80"
time="2024-05-30T02:06:59.615590506-06:00" level=debug msg="Invoked gptj-python-rae3dupxiyqgd33gj444.default.192.168.1.240.sslip.io in 10255 usec\n"
time="2024-05-30T02:07:07.105511757-06:00" level=debug msg="Invoking: gptj-python-rae3dupxiyqgd33gj444.default.192.168.1.240.sslip.io:80"
time="2024-05-30T02:07:07.117215537-06:00" level=debug msg="Invoked gptj-python-rae3dupxiyqgd33gj444.default.192.168.1.240.sslip.io in 11709 usec\n"
time="2024-05-30T02:07:14.609376909-06:00" level=debug msg="Invoking: cartservice-x4nbmikn7nqh44isrp27.default.192.168.1.240.sslip.io:80"
time="2024-05-30T02:07:14.625459011-06:00" level=debug msg="Invoked cartservice-x4nbmikn7nqh44isrp27.default.192.168.1.240.sslip.io in 16088 usec\n"
time="2024-05-30T02:07:22.113384769-06:00" level=debug msg="Invoking: gptj-python-rae3dupxiyqgd33gj444.default.192.168.1.240.sslip.io:80"
time="2024-05-30T02:07:22.122972742-06:00" level=debug msg="Invoked gptj-python-rae3dupxiyqgd33gj444.default.192.168.1.240.sslip.io in 9592 usec\n"
time="2024-05-30T02:07:29.617350604-06:00" level=debug msg="Invoking: gptj-python-rae3dupxiyqgd33gj444.default.192.168.1.240.sslip.io:80"
time="2024-05-30T02:07:29.627215408-06:00" level=debug msg="Invoked gptj-python-rae3dupxiyqgd33gj444.default.192.168.1.240.sslip.io in 9873 usec\n"
time="2024-05-30T02:07:37.122208202-06:00" level=debug msg="Invoking: gptj-python-rae3dupxiyqgd33gj444.default.192.168.1.240.sslip.io:80"
time="2024-05-30T02:07:37.132232478-06:00" level=debug msg="Invoked gptj-python-rae3dupxiyqgd33gj444.default.192.168.1.240.sslip.io in 10034 usec\n"
time="2024-05-30T02:07:44.597374838-06:00" level=debug msg="Minute: 8"
time="2024-05-30T02:07:44.597502276-06:00" level=debug msg="Number of Invocations this iteration: 8"
time="2024-05-30T02:07:44.597582693-06:00" level=debug msg="Invoking: cartservice-x4nbmikn7nqh44isrp27.default.192.168.1.240.sslip.io:80"
time="2024-05-30T02:07:44.608652328-06:00" level=debug msg="Invoked cartservice-x4nbmikn7nqh44isrp27.default.192.168.1.240.sslip.io in 11068 usec\n"
time="2024-05-30T02:07:52.10138244-06:00" level=debug msg="Invoking: gptj-python-rae3dupxiyqgd33gj444.default.192.168.1.240.sslip.io:80"
time="2024-05-30T02:07:52.112074747-06:00" level=debug msg="Invoked gptj-python-rae3dupxiyqgd33gj444.default.192.168.1.240.sslip.io in 10699 usec\n"
time="2024-05-30T02:07:59.608509363-06:00" level=debug msg="Invoking: gptj-python-rae3dupxiyqgd33gj444.default.192.168.1.240.sslip.io:80"
time="2024-05-30T02:07:59.618707267-06:00" level=debug msg="Invoked gptj-python-rae3dupxiyqgd33gj444.default.192.168.1.240.sslip.io in 10204 usec\n"
time="2024-05-30T02:08:07.113362091-06:00" level=debug msg="Invoking: gptj-python-rae3dupxiyqgd33gj444.default.192.168.1.240.sslip.io:80"
time="2024-05-30T02:08:07.124503077-06:00" level=debug msg="Invoked gptj-python-rae3dupxiyqgd33gj444.default.192.168.1.240.sslip.io in 11149 usec\n"
time="2024-05-30T02:08:14.618184999-06:00" level=debug msg="Invoking: cartservice-x4nbmikn7nqh44isrp27.default.192.168.1.240.sslip.io:80"
time="2024-05-30T02:08:14.629487701-06:00" level=debug msg="Invoked cartservice-x4nbmikn7nqh44isrp27.default.192.168.1.240.sslip.io in 11312 usec\n"
time="2024-05-30T02:08:22.121463481-06:00" level=debug msg="Invoking: gptj-python-rae3dupxiyqgd33gj444.default.192.168.1.240.sslip.io:80"
time="2024-05-30T02:08:22.131947677-06:00" level=debug msg="Invoked gptj-python-rae3dupxiyqgd33gj444.default.192.168.1.240.sslip.io in 10494 usec\n"
time="2024-05-30T02:08:29.625394662-06:00" level=debug msg="Invoking: gptj-python-rae3dupxiyqgd33gj444.default.192.168.1.240.sslip.io:80"
time="2024-05-30T02:08:29.635265402-06:00" level=debug msg="Invoked gptj-python-rae3dupxiyqgd33gj444.default.192.168.1.240.sslip.io in 9877 usec\n"
time="2024-05-30T02:08:37.129425383-06:00" level=debug msg="Invoking: gptj-python-rae3dupxiyqgd33gj444.default.192.168.1.240.sslip.io:80"
time="2024-05-30T02:08:37.140066314-06:00" level=debug msg="Invoked gptj-python-rae3dupxiyqgd33gj444.default.192.168.1.240.sslip.io in 10648 usec\n"
time="2024-05-30T02:08:44.597395944-06:00" level=debug msg="Minute: 9"
time="2024-05-30T02:08:44.597512022-06:00" level=debug msg="Number of Invocations this iteration: 8"
time="2024-05-30T02:08:44.597601236-06:00" level=debug msg="Invoking: cartservice-x4nbmikn7nqh44isrp27.default.192.168.1.240.sslip.io:80"
time="2024-05-30T02:08:44.609914664-06:00" level=debug msg="Invoked cartservice-x4nbmikn7nqh44isrp27.default.192.168.1.240.sslip.io in 12312 usec\n"
time="2024-05-30T02:08:52.101400703-06:00" level=debug msg="Invoking: gptj-python-rae3dupxiyqgd33gj444.default.192.168.1.240.sslip.io:80"
time="2024-05-30T02:08:52.113361007-06:00" level=debug msg="Invoked gptj-python-rae3dupxiyqgd33gj444.default.192.168.1.240.sslip.io in 11972 usec\n"
time="2024-05-30T02:08:59.605366627-06:00" level=debug msg="Invoking: gptj-python-rae3dupxiyqgd33gj444.default.192.168.1.240.sslip.io:80"
time="2024-05-30T02:08:59.615270047-06:00" level=debug msg="Invoked gptj-python-rae3dupxiyqgd33gj444.default.192.168.1.240.sslip.io in 9912 usec\n"
time="2024-05-30T02:09:07.107309821-06:00" level=debug msg="Invoking: gptj-python-rae3dupxiyqgd33gj444.default.192.168.1.240.sslip.io:80"
time="2024-05-30T02:09:07.118223966-06:00" level=debug msg="Invoked gptj-python-rae3dupxiyqgd33gj444.default.192.168.1.240.sslip.io in 10946 usec\n"
time="2024-05-30T02:09:14.613325688-06:00" level=debug msg="Invoking: cartservice-x4nbmikn7nqh44isrp27.default.192.168.1.240.sslip.io:80"
time="2024-05-30T02:09:14.625083301-06:00" level=debug msg="Invoked cartservice-x4nbmikn7nqh44isrp27.default.192.168.1.240.sslip.io in 11762 usec\n"
time="2024-05-30T02:09:22.117397243-06:00" level=debug msg="Invoking: gptj-python-rae3dupxiyqgd33gj444.default.192.168.1.240.sslip.io:80"
time="2024-05-30T02:09:22.127733478-06:00" level=debug msg="Invoked gptj-python-rae3dupxiyqgd33gj444.default.192.168.1.240.sslip.io in 10344 usec\n"
time="2024-05-30T02:09:29.621344114-06:00" level=debug msg="Invoking: gptj-python-rae3dupxiyqgd33gj444.default.192.168.1.240.sslip.io:80"
time="2024-05-30T02:09:29.630636317-06:00" level=debug msg="Invoked gptj-python-rae3dupxiyqgd33gj444.default.192.168.1.240.sslip.io in 9298 usec\n"
time="2024-05-30T02:09:37.125378141-06:00" level=debug msg="Invoking: gptj-python-rae3dupxiyqgd33gj444.default.192.168.1.240.sslip.io:80"
time="2024-05-30T02:09:37.13603594-06:00" level=debug msg="Invoked gptj-python-rae3dupxiyqgd33gj444.default.192.168.1.240.sslip.io in 10666 usec\n"
time="2024-05-30T02:09:44.598067109-06:00" level=debug msg="Minute: 10"
time="2024-05-30T02:09:44.598197595-06:00" level=debug msg="Number of Invocations this iteration: 8"
time="2024-05-30T02:09:44.598277998-06:00" level=debug msg="Invoking: rnn-serving-python-10-10-5w5wso5twocsowcefvnm.default.192.168.1.240.sslip.io:80"
time="2024-05-30T02:09:51.899616416-06:00" level=debug msg="Invoked rnn-serving-python-10-10-5w5wso5twocsowcefvnm.default.192.168.1.240.sslip.io in 7301336 usec\n"
time="2024-05-30T02:09:52.098941516-06:00" level=debug msg="Invoking: gptj-python-rae3dupxiyqgd33gj444.default.192.168.1.240.sslip.io:80"
time="2024-05-30T02:09:52.109648418-06:00" level=debug msg="Invoked gptj-python-rae3dupxiyqgd33gj444.default.192.168.1.240.sslip.io in 10739 usec\n"
time="2024-05-30T02:09:59.605367724-06:00" level=debug msg="Invoking: gptj-python-rae3dupxiyqgd33gj444.default.192.168.1.240.sslip.io:80"
time="2024-05-30T02:09:59.614667313-06:00" level=debug msg="Invoked gptj-python-rae3dupxiyqgd33gj444.default.192.168.1.240.sslip.io in 9308 usec\n"
time="2024-05-30T02:10:07.112147236-06:00" level=debug msg="Invoking: gptj-python-rae3dupxiyqgd33gj444.default.192.168.1.240.sslip.io:80"
time="2024-05-30T02:10:07.122559984-06:00" level=debug msg="Invoked gptj-python-rae3dupxiyqgd33gj444.default.192.168.1.240.sslip.io in 10418 usec\n"
time="2024-05-30T02:10:14.617903071-06:00" level=debug msg="Invoking: cartservice-x4nbmikn7nqh44isrp27.default.192.168.1.240.sslip.io:80"
time="2024-05-30T02:10:21.339749409-06:00" level=debug msg="Invoked cartservice-x4nbmikn7nqh44isrp27.default.192.168.1.240.sslip.io in 6721853 usec\n"
time="2024-05-30T02:10:22.118452396-06:00" level=debug msg="Invoking: gptj-python-rae3dupxiyqgd33gj444.default.192.168.1.240.sslip.io:80"
time="2024-05-30T02:10:22.129100013-06:00" level=debug msg="Invoked gptj-python-rae3dupxiyqgd33gj444.default.192.168.1.240.sslip.io in 10689 usec\n"
time="2024-05-30T02:10:29.621143385-06:00" level=debug msg="Invoking: gptj-python-rae3dupxiyqgd33gj444.default.192.168.1.240.sslip.io:80"
time="2024-05-30T02:10:29.630791393-06:00" level=debug msg="Invoked gptj-python-rae3dupxiyqgd33gj444.default.192.168.1.240.sslip.io in 9658 usec\n"
time="2024-05-30T02:10:37.128173381-06:00" level=debug msg="Invoking: gptj-python-rae3dupxiyqgd33gj444.default.192.168.1.240.sslip.io:80"
time="2024-05-30T02:10:37.138759102-06:00" level=debug msg="Invoked gptj-python-rae3dupxiyqgd33gj444.default.192.168.1.240.sslip.io in 10594 usec\n"
time="2024-05-30T02:10:44.597329151-06:00" level=debug msg="Minute: 11"
time="2024-05-30T02:10:44.597420761-06:00" level=debug msg="Number of Invocations this iteration: 8"
time="2024-05-30T02:10:44.597508757-06:00" level=debug msg="Invoking: image-rotate-go-6-22qqcnsgzvavdryj0x3x.default.192.168.1.240.sslip.io:80"
time="2024-05-30T02:10:52.101344488-06:00" level=debug msg="Invoking: gptj-python-rae3dupxiyqgd33gj444.default.192.168.1.240.sslip.io:80"
time="2024-05-30T02:10:52.110645981-06:00" level=debug msg="Invoked gptj-python-rae3dupxiyqgd33gj444.default.192.168.1.240.sslip.io in 9314 usec\n"
time="2024-05-30T02:10:56.75421157-06:00" level=debug msg="Invoked image-rotate-go-6-22qqcnsgzvavdryj0x3x.default.192.168.1.240.sslip.io in 12156701 usec\n"
time="2024-05-30T02:10:59.601398024-06:00" level=debug msg="Invoking: gptj-python-rae3dupxiyqgd33gj444.default.192.168.1.240.sslip.io:80"
time="2024-05-30T02:10:59.61139235-06:00" level=debug msg="Invoked gptj-python-rae3dupxiyqgd33gj444.default.192.168.1.240.sslip.io in 10003 usec\n"
time="2024-05-30T02:11:07.105391481-06:00" level=debug msg="Invoking: gptj-python-rae3dupxiyqgd33gj444.default.192.168.1.240.sslip.io:80"
time="2024-05-30T02:11:07.117722489-06:00" level=debug msg="Invoked gptj-python-rae3dupxiyqgd33gj444.default.192.168.1.240.sslip.io in 12333 usec\n"
time="2024-05-30T02:11:14.609358439-06:00" level=debug msg="Invoking: cartservice-x4nbmikn7nqh44isrp27.default.192.168.1.240.sslip.io:80"
time="2024-05-30T02:11:14.640219725-06:00" level=debug msg="Invoked cartservice-x4nbmikn7nqh44isrp27.default.192.168.1.240.sslip.io in 30873 usec\n"
time="2024-05-30T02:11:22.113347532-06:00" level=debug msg="Invoking: gptj-python-rae3dupxiyqgd33gj444.default.192.168.1.240.sslip.io:80"
time="2024-05-30T02:11:22.124205367-06:00" level=debug msg="Invoked gptj-python-rae3dupxiyqgd33gj444.default.192.168.1.240.sslip.io in 10863 usec\n"
time="2024-05-30T02:11:29.617746258-06:00" level=debug msg="Invoking: gptj-python-rae3dupxiyqgd33gj444.default.192.168.1.240.sslip.io:80"
time="2024-05-30T02:11:29.627938581-06:00" level=debug msg="Invoked gptj-python-rae3dupxiyqgd33gj444.default.192.168.1.240.sslip.io in 10202 usec\n"
time="2024-05-30T02:11:37.121388568-06:00" level=debug msg="Invoking: gptj-python-rae3dupxiyqgd33gj444.default.192.168.1.240.sslip.io:80"
time="2024-05-30T02:11:37.13216026-06:00" level=debug msg="Invoked gptj-python-rae3dupxiyqgd33gj444.default.192.168.1.240.sslip.io in 10779 usec\n"
time="2024-05-30T02:11:44.597336893-06:00" level=debug msg="Minute: 12"
time="2024-05-30T02:11:44.597485129-06:00" level=debug msg="Number of Invocations this iteration: 8"
time="2024-05-30T02:11:44.59756782-06:00" level=debug msg="Invoking: cartservice-x4nbmikn7nqh44isrp27.default.192.168.1.240.sslip.io:80"
time="2024-05-30T02:11:44.60931001-06:00" level=debug msg="Invoked cartservice-x4nbmikn7nqh44isrp27.default.192.168.1.240.sslip.io in 11737 usec\n"
time="2024-05-30T02:11:52.102072206-06:00" level=debug msg="Invoking: gptj-python-rae3dupxiyqgd33gj444.default.192.168.1.240.sslip.io:80"
time="2024-05-30T02:11:52.111814411-06:00" level=debug msg="Invoked gptj-python-rae3dupxiyqgd33gj444.default.192.168.1.240.sslip.io in 9751 usec\n"
time="2024-05-30T02:11:59.605359266-06:00" level=debug msg="Invoking: gptj-python-rae3dupxiyqgd33gj444.default.192.168.1.240.sslip.io:80"
time="2024-05-30T02:11:59.616025922-06:00" level=debug msg="Invoked gptj-python-rae3dupxiyqgd33gj444.default.192.168.1.240.sslip.io in 10679 usec\n"
time="2024-05-30T02:12:07.109370999-06:00" level=debug msg="Invoking: gptj-python-rae3dupxiyqgd33gj444.default.192.168.1.240.sslip.io:80"
time="2024-05-30T02:12:07.120661107-06:00" level=debug msg="Invoked gptj-python-rae3dupxiyqgd33gj444.default.192.168.1.240.sslip.io in 11305 usec\n"
time="2024-05-30T02:12:14.613344763-06:00" level=debug msg="Invoking: cartservice-x4nbmikn7nqh44isrp27.default.192.168.1.240.sslip.io:80"
time="2024-05-30T02:12:14.625563143-06:00" level=debug msg="Invoked cartservice-x4nbmikn7nqh44isrp27.default.192.168.1.240.sslip.io in 12233 usec\n"
time="2024-05-30T02:12:22.117385464-06:00" level=debug msg="Invoking: gptj-python-rae3dupxiyqgd33gj444.default.192.168.1.240.sslip.io:80"
time="2024-05-30T02:12:22.129529162-06:00" level=debug msg="Invoked gptj-python-rae3dupxiyqgd33gj444.default.192.168.1.240.sslip.io in 12156 usec\n"
time="2024-05-30T02:12:29.621483406-06:00" level=debug msg="Invoking: gptj-python-rae3dupxiyqgd33gj444.default.192.168.1.240.sslip.io:80"
time="2024-05-30T02:12:29.631169624-06:00" level=debug msg="Invoked gptj-python-rae3dupxiyqgd33gj444.default.192.168.1.240.sslip.io in 9698 usec\n"
time="2024-05-30T02:12:37.125398278-06:00" level=debug msg="Invoking: gptj-python-rae3dupxiyqgd33gj444.default.192.168.1.240.sslip.io:80"
time="2024-05-30T02:12:37.13609284-06:00" level=debug msg="Invoked gptj-python-rae3dupxiyqgd33gj444.default.192.168.1.240.sslip.io in 10708 usec\n"
time="2024-05-30T02:12:44.599271649-06:00" level=debug msg="Minute: 13"
time="2024-05-30T02:12:44.599399042-06:00" level=debug msg="Number of Invocations this iteration: 8"
time="2024-05-30T02:12:44.599482863-06:00" level=debug msg="Invoking: cartservice-x4nbmikn7nqh44isrp27.default.192.168.1.240.sslip.io:80"
time="2024-05-30T02:12:44.613029495-06:00" level=debug msg="Invoked cartservice-x4nbmikn7nqh44isrp27.default.192.168.1.240.sslip.io in 13543 usec\n"
time="2024-05-30T02:12:52.105349527-06:00" level=debug msg="Invoking: gptj-python-rae3dupxiyqgd33gj444.default.192.168.1.240.sslip.io:80"
time="2024-05-30T02:12:52.115757355-06:00" level=debug msg="Invoked gptj-python-rae3dupxiyqgd33gj444.default.192.168.1.240.sslip.io in 10420 usec\n"
time="2024-05-30T02:12:59.609407224-06:00" level=debug msg="Invoking: gptj-python-rae3dupxiyqgd33gj444.default.192.168.1.240.sslip.io:80"
time="2024-05-30T02:12:59.618997711-06:00" level=debug msg="Invoked gptj-python-rae3dupxiyqgd33gj444.default.192.168.1.240.sslip.io in 9604 usec\n"
time="2024-05-30T02:13:07.110320371-06:00" level=debug msg="Invoking: gptj-python-rae3dupxiyqgd33gj444.default.192.168.1.240.sslip.io:80"
time="2024-05-30T02:13:07.121664995-06:00" level=debug msg="Invoked gptj-python-rae3dupxiyqgd33gj444.default.192.168.1.240.sslip.io in 11468 usec\n"
time="2024-05-30T02:13:14.613466966-06:00" level=debug msg="Invoking: cartservice-x4nbmikn7nqh44isrp27.default.192.168.1.240.sslip.io:80"
time="2024-05-30T02:13:14.626469757-06:00" level=debug msg="Invoked cartservice-x4nbmikn7nqh44isrp27.default.192.168.1.240.sslip.io in 13070 usec\n"
time="2024-05-30T02:13:22.117407136-06:00" level=debug msg="Invoking: gptj-python-rae3dupxiyqgd33gj444.default.192.168.1.240.sslip.io:80"
time="2024-05-30T02:13:22.128101298-06:00" level=debug msg="Invoked gptj-python-rae3dupxiyqgd33gj444.default.192.168.1.240.sslip.io in 10704 usec\n"
time="2024-05-30T02:13:29.62139396-06:00" level=debug msg="Invoking: gptj-python-rae3dupxiyqgd33gj444.default.192.168.1.240.sslip.io:80"
time="2024-05-30T02:13:29.632240471-06:00" level=debug msg="Invoked gptj-python-rae3dupxiyqgd33gj444.default.192.168.1.240.sslip.io in 10861 usec\n"
time="2024-05-30T02:13:37.125388591-06:00" level=debug msg="Invoking: gptj-python-rae3dupxiyqgd33gj444.default.192.168.1.240.sslip.io:80"
time="2024-05-30T02:13:37.136166231-06:00" level=debug msg="Invoked gptj-python-rae3dupxiyqgd33gj444.default.192.168.1.240.sslip.io in 10792 usec\n"
time="2024-05-30T02:13:44.599493696-06:00" level=info msg="Experiment Phase Completed"
time="2024-05-30T02:13:44.599633141-06:00" level=info msg="Issued / completed requests: 112, 112"
time="2024-05-30T02:13:44.599668787-06:00" level=info msg="Average Real RPS: 0.13 "
time="2024-05-30T02:13:44.599694184-06:00" level=info msg="Experiment finished!"
time="2024-05-30T02:13:44.599720592-06:00" level=info msg="The measured latencies are saved in rps_lat.csv"
