time="2024-05-28T23:48:32.238927292-06:00" level=info msg="Reading the endpoints from the file: video-analytics-standalone-python-70-300/endpoints.json"
time="2024-05-28T23:51:13.817141289-06:00" level=warning msg="Failed to invoke video-analytics-standalone-python-70-e13uou0.default.192.168.1.240.sslip.io:80, err=rpc error: code = DeadlineExceeded desc = context deadline exceeded"
time="2024-05-28T23:51:24.920651874-06:00" level=warning msg="Failed to invoke video-analytics-standalone-python-70-e13uou0.default.192.168.1.240.sslip.io:80, err=rpc error: code = Unavailable desc = upstream request timeout"
time="2024-05-28T23:51:36.039802142-06:00" level=warning msg="Failed to invoke video-analytics-standalone-python-70-e13uou0.default.192.168.1.240.sslip.io:80, err=rpc error: code = DeadlineExceeded desc = context deadline exceeded"
time="2024-05-28T23:51:47.154149167-06:00" level=warning msg="Failed to invoke video-analytics-standalone-python-70-e13uou0.default.192.168.1.240.sslip.io:80, err=rpc error: code = Unavailable desc = upstream request timeout"
time="2024-05-28T23:51:58.281097691-06:00" level=warning msg="Failed to invoke video-analytics-standalone-python-70-e13uou0.default.192.168.1.240.sslip.io:80, err=rpc error: code = DeadlineExceeded desc = context deadline exceeded"
time="2024-05-28T23:52:09.39723569-06:00" level=warning msg="Failed to invoke video-analytics-standalone-python-70-e13uou0.default.192.168.1.240.sslip.io:80, err=rpc error: code = DeadlineExceeded desc = context deadline exceeded"
time="2024-05-28T23:52:20.510982076-06:00" level=warning msg="Failed to invoke video-analytics-standalone-python-70-e13uou0.default.192.168.1.240.sslip.io:80, err=rpc error: code = Unavailable desc = upstream request timeout"
time="2024-05-28T23:52:31.630411195-06:00" level=warning msg="Failed to invoke video-analytics-standalone-python-70-e13uou0.default.192.168.1.240.sslip.io:80, err=rpc error: code = Unavailable desc = upstream request timeout"
time="2024-05-28T23:52:42.746359034-06:00" level=warning msg="Failed to invoke video-analytics-standalone-python-70-e13uou0.default.192.168.1.240.sslip.io:80, err=rpc error: code = Unavailable desc = upstream request timeout"
time="2024-05-28T23:52:53.863273336-06:00" level=warning msg="Failed to invoke video-analytics-standalone-python-70-e13uou0.default.192.168.1.240.sslip.io:80, err=rpc error: code = Unavailable desc = upstream request timeout"
time="2024-05-28T23:53:04.984323339-06:00" level=warning msg="Failed to invoke video-analytics-standalone-python-70-e13uou0.default.192.168.1.240.sslip.io:80, err=rpc error: code = Unavailable desc = upstream request timeout"
time="2024-05-28T23:53:16.099101149-06:00" level=warning msg="Failed to invoke video-analytics-standalone-python-70-e13uou0.default.192.168.1.240.sslip.io:80, err=rpc error: code = Unavailable desc = upstream request timeout"
time="2024-05-28T23:53:27.215136079-06:00" level=warning msg="Failed to invoke video-analytics-standalone-python-70-e13uou0.default.192.168.1.240.sslip.io:80, err=rpc error: code = Unavailable desc = upstream request timeout"
time="2024-05-28T23:53:38.339132997-06:00" level=warning msg="Failed to invoke video-analytics-standalone-python-70-e13uou0.default.192.168.1.240.sslip.io:80, err=rpc error: code = Unavailable desc = upstream request timeout"
time="2024-05-28T23:53:49.451569661-06:00" level=warning msg="Failed to invoke video-analytics-standalone-python-70-e13uou0.default.192.168.1.240.sslip.io:80, err=rpc error: code = Unavailable desc = upstream request timeout"
time="2024-05-28T23:54:00.573416546-06:00" level=warning msg="Failed to invoke video-analytics-standalone-python-70-e13uou0.default.192.168.1.240.sslip.io:80, err=rpc error: code = Unavailable desc = upstream request timeout"
time="2024-05-28T23:54:11.688662689-06:00" level=warning msg="Failed to invoke video-analytics-standalone-python-70-e13uou0.default.192.168.1.240.sslip.io:80, err=rpc error: code = Unavailable desc = upstream request timeout"
time="2024-05-28T23:54:22.804137285-06:00" level=warning msg="Failed to invoke video-analytics-standalone-python-70-e13uou0.default.192.168.1.240.sslip.io:80, err=rpc error: code = Unavailable desc = upstream request timeout"
time="2024-05-28T23:54:33.923175958-06:00" level=warning msg="Failed to invoke video-analytics-standalone-python-70-e13uou0.default.192.168.1.240.sslip.io:80, err=rpc error: code = Unavailable desc = upstream request timeout"
time="2024-05-28T23:54:45.039712903-06:00" level=warning msg="Failed to invoke video-analytics-standalone-python-70-e13uou0.default.192.168.1.240.sslip.io:80, err=rpc error: code = Unavailable desc = upstream request timeout"
time="2024-05-28T23:54:56.162772337-06:00" level=warning msg="Failed to invoke video-analytics-standalone-python-70-e13uou0.default.192.168.1.240.sslip.io:80, err=rpc error: code = Unavailable desc = upstream request timeout"
time="2024-05-28T23:55:07.277715712-06:00" level=warning msg="Failed to invoke video-analytics-standalone-python-70-e13uou0.default.192.168.1.240.sslip.io:80, err=rpc error: code = Unavailable desc = upstream request timeout"
time="2024-05-28T23:55:18.394262078-06:00" level=warning msg="Failed to invoke video-analytics-standalone-python-70-e13uou0.default.192.168.1.240.sslip.io:80, err=rpc error: code = Unavailable desc = upstream request timeout"
time="2024-05-28T23:55:29.511115542-06:00" level=warning msg="Failed to invoke video-analytics-standalone-python-70-e13uou0.default.192.168.1.240.sslip.io:80, err=rpc error: code = Unavailable desc = upstream request timeout"
time="2024-05-28T23:55:40.627175102-06:00" level=warning msg="Failed to invoke video-analytics-standalone-python-70-e13uou0.default.192.168.1.240.sslip.io:80, err=rpc error: code = Unavailable desc = upstream request timeout"
time="2024-05-28T23:55:51.749812569-06:00" level=warning msg="Failed to invoke video-analytics-standalone-python-70-e13uou0.default.192.168.1.240.sslip.io:80, err=rpc error: code = Unavailable desc = upstream request timeout"
time="2024-05-28T23:56:02.862139031-06:00" level=warning msg="Failed to invoke video-analytics-standalone-python-70-e13uou0.default.192.168.1.240.sslip.io:80, err=rpc error: code = Unavailable desc = upstream request timeout"
time="2024-05-28T23:56:13.986267821-06:00" level=warning msg="Failed to invoke video-analytics-standalone-python-70-e13uou0.default.192.168.1.240.sslip.io:80, err=rpc error: code = Unavailable desc = upstream request timeout"
time="2024-05-28T23:56:25.098329044-06:00" level=warning msg="Failed to invoke video-analytics-standalone-python-70-e13uou0.default.192.168.1.240.sslip.io:80, err=rpc error: code = Unavailable desc = upstream request timeout"
time="2024-05-28T23:56:36.217873705-06:00" level=warning msg="Failed to invoke video-analytics-standalone-python-70-e13uou0.default.192.168.1.240.sslip.io:80, err=rpc error: code = Unavailable desc = upstream request timeout"
time="2024-05-28T23:56:47.337206132-06:00" level=warning msg="Failed to invoke video-analytics-standalone-python-70-e13uou0.default.192.168.1.240.sslip.io:80, err=rpc error: code = Unavailable desc = upstream request timeout"
time="2024-05-28T23:56:58.453693715-06:00" level=warning msg="Failed to invoke video-analytics-standalone-python-70-e13uou0.default.192.168.1.240.sslip.io:80, err=rpc error: code = Unavailable desc = upstream request timeout"
time="2024-05-28T23:57:09.570820013-06:00" level=warning msg="Failed to invoke video-analytics-standalone-python-70-e13uou0.default.192.168.1.240.sslip.io:80, err=rpc error: code = Unavailable desc = upstream request timeout"
time="2024-05-28T23:57:20.688890365-06:00" level=warning msg="Failed to invoke video-analytics-standalone-python-70-e13uou0.default.192.168.1.240.sslip.io:80, err=rpc error: code = Unavailable desc = upstream request timeout"
time="2024-05-28T23:57:31.808449304-06:00" level=warning msg="Failed to invoke video-analytics-standalone-python-70-e13uou0.default.192.168.1.240.sslip.io:80, err=rpc error: code = Unavailable desc = upstream request timeout"
time="2024-05-28T23:57:42.925839883-06:00" level=warning msg="Failed to invoke video-analytics-standalone-python-70-e13uou0.default.192.168.1.240.sslip.io:80, err=rpc error: code = Unavailable desc = upstream request timeout"
time="2024-05-28T23:57:54.043804312-06:00" level=warning msg="Failed to invoke video-analytics-standalone-python-70-e13uou0.default.192.168.1.240.sslip.io:80, err=rpc error: code = Unavailable desc = upstream request timeout"
time="2024-05-28T23:58:05.165736721-06:00" level=warning msg="Failed to invoke video-analytics-standalone-python-70-e13uou0.default.192.168.1.240.sslip.io:80, err=rpc error: code = Unavailable desc = upstream request timeout"
time="2024-05-28T23:58:16.277370014-06:00" level=warning msg="Failed to invoke video-analytics-standalone-python-70-e13uou0.default.192.168.1.240.sslip.io:80, err=rpc error: code = Unavailable desc = upstream request timeout"
time="2024-05-28T23:58:27.398438227-06:00" level=warning msg="Failed to invoke video-analytics-standalone-python-70-e13uou0.default.192.168.1.240.sslip.io:80, err=rpc error: code = Unavailable desc = upstream request timeout"
time="2024-05-28T23:58:38.510500452-06:00" level=warning msg="Failed to invoke video-analytics-standalone-python-70-e13uou0.default.192.168.1.240.sslip.io:80, err=rpc error: code = Unavailable desc = upstream request timeout"
time="2024-05-28T23:58:49.638208039-06:00" level=warning msg="Failed to invoke video-analytics-standalone-python-70-e13uou0.default.192.168.1.240.sslip.io:80, err=rpc error: code = Unavailable desc = upstream request timeout"
time="2024-05-28T23:59:00.748286644-06:00" level=warning msg="Failed to invoke video-analytics-standalone-python-70-e13uou0.default.192.168.1.240.sslip.io:80, err=rpc error: code = Unavailable desc = upstream request timeout"
time="2024-05-28T23:59:11.869769242-06:00" level=warning msg="Failed to invoke video-analytics-standalone-python-70-e13uou0.default.192.168.1.240.sslip.io:80, err=rpc error: code = Unavailable desc = upstream request timeout"
time="2024-05-28T23:59:22.993156141-06:00" level=warning msg="Failed to invoke video-analytics-standalone-python-70-e13uou0.default.192.168.1.240.sslip.io:80, err=rpc error: code = DeadlineExceeded desc = context deadline exceeded"
time="2024-05-28T23:59:34.105111517-06:00" level=warning msg="Failed to invoke video-analytics-standalone-python-70-e13uou0.default.192.168.1.240.sslip.io:80, err=rpc error: code = DeadlineExceeded desc = context deadline exceeded"
time="2024-05-28T23:59:45.21898324-06:00" level=warning msg="Failed to invoke video-analytics-standalone-python-70-e13uou0.default.192.168.1.240.sslip.io:80, err=rpc error: code = Unavailable desc = upstream request timeout"
time="2024-05-28T23:59:56.338137764-06:00" level=warning msg="Failed to invoke video-analytics-standalone-python-70-e13uou0.default.192.168.1.240.sslip.io:80, err=rpc error: code = Unavailable desc = upstream request timeout"
time="2024-05-29T00:00:07.455465605-06:00" level=warning msg="Failed to invoke video-analytics-standalone-python-70-e13uou0.default.192.168.1.240.sslip.io:80, err=rpc error: code = Unavailable desc = upstream request timeout"
time="2024-05-29T00:00:18.571892089-06:00" level=warning msg="Failed to invoke video-analytics-standalone-python-70-e13uou0.default.192.168.1.240.sslip.io:80, err=rpc error: code = Unavailable desc = upstream request timeout"
time="2024-05-29T00:00:29.701128356-06:00" level=warning msg="Failed to invoke video-analytics-standalone-python-70-e13uou0.default.192.168.1.240.sslip.io:80, err=rpc error: code = DeadlineExceeded desc = context deadline exceeded"
time="2024-05-29T00:00:40.809219049-06:00" level=warning msg="Failed to invoke video-analytics-standalone-python-70-e13uou0.default.192.168.1.240.sslip.io:80, err=rpc error: code = Unavailable desc = upstream request timeout"
time="2024-05-29T00:00:51.928459002-06:00" level=warning msg="Failed to invoke video-analytics-standalone-python-70-e13uou0.default.192.168.1.240.sslip.io:80, err=rpc error: code = Unavailable desc = upstream request timeout"
time="2024-05-29T00:01:03.044266568-06:00" level=warning msg="Failed to invoke video-analytics-standalone-python-70-e13uou0.default.192.168.1.240.sslip.io:80, err=rpc error: code = Unavailable desc = upstream request timeout"
time="2024-05-29T00:01:14.159155334-06:00" level=warning msg="Failed to invoke video-analytics-standalone-python-70-e13uou0.default.192.168.1.240.sslip.io:80, err=rpc error: code = Unavailable desc = upstream request timeout"
time="2024-05-29T00:01:25.283106867-06:00" level=warning msg="Failed to invoke video-analytics-standalone-python-70-e13uou0.default.192.168.1.240.sslip.io:80, err=rpc error: code = Unavailable desc = upstream request timeout"
time="2024-05-29T00:01:36.397913506-06:00" level=warning msg="Failed to invoke video-analytics-standalone-python-70-e13uou0.default.192.168.1.240.sslip.io:80, err=rpc error: code = Unavailable desc = upstream request timeout"
time="2024-05-29T00:01:41.50558843-06:00" level=info msg="Issued / completed requests: 71, 12"
time="2024-05-29T00:01:41.505661333-06:00" level=info msg="Real / target RPS: 0.02 / 0.2"
time="2024-05-29T00:01:41.505671392-06:00" level=info msg="Experiment finished!"
time="2024-05-29T00:01:41.505686655-06:00" level=info msg="The measured latencies are saved in video-analytics-standalone-python-70-300/lat.txt"
time="2024-05-29T00:01:41.505804745-06:00" level=info msg="The measured function durations are saved in video-analytics-standalone-python-70-300/dur.txt"
