time="2024-05-28T18:40:48.23877029-06:00" level=debug msg="Debug logging is enabled"
time="2024-05-28T18:40:48.238961429-06:00" level=info msg="Reading the trace endpoints from the file: /users/ArunAMS/vSwarm/tools/load-generator/load.json"
time="2024-05-28T18:40:48.240684772-06:00" level=info msg="Warmup Duration: 3"
time="2024-05-28T18:40:48.240715675-06:00" level=info msg="Experiment Duration: 11"
time="2024-05-28T18:40:48.240740685-06:00" level=info msg="Minute Granularity: true"
time="2024-05-28T18:41:48.297707335-06:00" level=info msg="Running Warmup Phase"
time="2024-05-28T18:41:48.297786136-06:00" level=debug msg="Minute: 0"
time="2024-05-28T18:41:48.297867792-06:00" level=debug msg="Number of Invocations this iteration: 8"
time="2024-05-28T18:41:48.297981949-06:00" level=debug msg="Invoking: cartservice-6tlo4eudeqsrdpcuf1wt.default.192.168.1.240.sslip.io:80"
time="2024-05-28T18:41:55.801863171-06:00" level=debug msg="Invoking: gptj-python-ltxutuei8pgf9hnybja8.default.192.168.1.240.sslip.io:80"
time="2024-05-28T18:42:03.303086177-06:00" level=debug msg="Invoking: gptj-python-ltxutuei8pgf9hnybja8.default.192.168.1.240.sslip.io:80"
time="2024-05-28T18:42:10.810375597-06:00" level=debug msg="Invoking: gptj-python-ltxutuei8pgf9hnybja8.default.192.168.1.240.sslip.io:80"
time="2024-05-28T18:42:18.313661732-06:00" level=debug msg="Invoking: cartservice-6tlo4eudeqsrdpcuf1wt.default.192.168.1.240.sslip.io:80"
time="2024-05-28T18:42:25.817748826-06:00" level=debug msg="Invoking: gptj-python-ltxutuei8pgf9hnybja8.default.192.168.1.240.sslip.io:80"
time="2024-05-28T18:42:33.321736282-06:00" level=debug msg="Invoking: gptj-python-ltxutuei8pgf9hnybja8.default.192.168.1.240.sslip.io:80"
time="2024-05-28T18:42:40.823833264-06:00" level=debug msg="Invoking: gptj-python-ltxutuei8pgf9hnybja8.default.192.168.1.240.sslip.io:80"
time="2024-05-28T18:42:48.245672403-06:00" level=debug msg="Minute: 1"
time="2024-05-28T18:42:48.245767662-06:00" level=debug msg="Number of Invocations this iteration: 8"
time="2024-05-28T18:42:48.245864739-06:00" level=debug msg="Invoking: image-rotate-go-6-f5hdmou9j9711et4ku04.default.192.168.1.240.sslip.io:80"
time="2024-05-28T18:42:55.746070368-06:00" level=debug msg="Invoking: gptj-python-ltxutuei8pgf9hnybja8.default.192.168.1.240.sslip.io:80"
time="2024-05-28T18:43:03.253050164-06:00" level=debug msg="Invoking: gptj-python-ltxutuei8pgf9hnybja8.default.192.168.1.240.sslip.io:80"
time="2024-05-28T18:43:10.757746541-06:00" level=debug msg="Invoking: gptj-python-ltxutuei8pgf9hnybja8.default.192.168.1.240.sslip.io:80"
time="2024-05-28T18:43:18.261714927-06:00" level=debug msg="Invoking: cartservice-6tlo4eudeqsrdpcuf1wt.default.192.168.1.240.sslip.io:80"
time="2024-05-28T18:43:25.765798624-06:00" level=debug msg="Invoking: gptj-python-ltxutuei8pgf9hnybja8.default.192.168.1.240.sslip.io:80"
time="2024-05-28T18:43:33.271471027-06:00" level=debug msg="Invoking: gptj-python-ltxutuei8pgf9hnybja8.default.192.168.1.240.sslip.io:80"
time="2024-05-28T18:43:40.777677063-06:00" level=debug msg="Invoking: gptj-python-ltxutuei8pgf9hnybja8.default.192.168.1.240.sslip.io:80"
time="2024-05-28T18:43:48.245697338-06:00" level=debug msg="Minute: 2"
time="2024-05-28T18:43:48.245820544-06:00" level=debug msg="Number of Invocations this iteration: 8"
time="2024-05-28T18:43:48.245931775-06:00" level=debug msg="Invoking: cartservice-6tlo4eudeqsrdpcuf1wt.default.192.168.1.240.sslip.io:80"
time="2024-05-28T18:43:55.749776023-06:00" level=debug msg="Invoking: gptj-python-ltxutuei8pgf9hnybja8.default.192.168.1.240.sslip.io:80"
time="2024-05-28T18:44:03.253783434-06:00" level=debug msg="Invoking: gptj-python-ltxutuei8pgf9hnybja8.default.192.168.1.240.sslip.io:80"
time="2024-05-28T18:44:10.76132207-06:00" level=debug msg="Invoking: gptj-python-ltxutuei8pgf9hnybja8.default.192.168.1.240.sslip.io:80"
time="2024-05-28T18:44:18.265751572-06:00" level=debug msg="Invoking: cartservice-6tlo4eudeqsrdpcuf1wt.default.192.168.1.240.sslip.io:80"
time="2024-05-28T18:44:25.77093459-06:00" level=debug msg="Invoking: gptj-python-ltxutuei8pgf9hnybja8.default.192.168.1.240.sslip.io:80"
time="2024-05-28T18:44:33.277693294-06:00" level=debug msg="Invoking: gptj-python-ltxutuei8pgf9hnybja8.default.192.168.1.240.sslip.io:80"
time="2024-05-28T18:44:40.782001203-06:00" level=debug msg="Invoking: gptj-python-ltxutuei8pgf9hnybja8.default.192.168.1.240.sslip.io:80"
time="2024-05-28T18:44:48.246349572-06:00" level=info msg="Warmup Phase Completed"
time="2024-05-28T18:44:48.246408922-06:00" level=info msg="Running Experiment Phase"
time="2024-05-28T18:44:48.246430904-06:00" level=debug msg="Minute: 3"
time="2024-05-28T18:44:48.246468131-06:00" level=debug msg="Number of Invocations this iteration: 8"
time="2024-05-28T18:44:48.246550847-06:00" level=debug msg="Invoking: cartservice-6tlo4eudeqsrdpcuf1wt.default.192.168.1.240.sslip.io:80"
time="2024-05-28T18:44:48.261933551-06:00" level=debug msg="Invoked cartservice-6tlo4eudeqsrdpcuf1wt.default.192.168.1.240.sslip.io in 15379 usec\n"
time="2024-05-28T18:44:55.749724781-06:00" level=debug msg="Invoking: gptj-python-ltxutuei8pgf9hnybja8.default.192.168.1.240.sslip.io:80"
time="2024-05-28T18:44:55.76043084-06:00" level=debug msg="Invoked gptj-python-ltxutuei8pgf9hnybja8.default.192.168.1.240.sslip.io in 10715 usec\n"
time="2024-05-28T18:45:03.253734546-06:00" level=debug msg="Invoking: gptj-python-ltxutuei8pgf9hnybja8.default.192.168.1.240.sslip.io:80"
time="2024-05-28T18:45:03.264682091-06:00" level=debug msg="Invoked gptj-python-ltxutuei8pgf9hnybja8.default.192.168.1.240.sslip.io in 10957 usec\n"
time="2024-05-28T18:45:10.757725066-06:00" level=debug msg="Invoking: gptj-python-ltxutuei8pgf9hnybja8.default.192.168.1.240.sslip.io:80"
time="2024-05-28T18:45:10.768698053-06:00" level=debug msg="Invoked gptj-python-ltxutuei8pgf9hnybja8.default.192.168.1.240.sslip.io in 10984 usec\n"
time="2024-05-28T18:45:18.261695996-06:00" level=debug msg="Invoking: cartservice-6tlo4eudeqsrdpcuf1wt.default.192.168.1.240.sslip.io:80"
time="2024-05-28T18:45:18.27381769-06:00" level=debug msg="Invoked cartservice-6tlo4eudeqsrdpcuf1wt.default.192.168.1.240.sslip.io in 12115 usec\n"
time="2024-05-28T18:45:25.76219898-06:00" level=debug msg="Invoking: gptj-python-ltxutuei8pgf9hnybja8.default.192.168.1.240.sslip.io:80"
time="2024-05-28T18:45:25.772843358-06:00" level=debug msg="Invoked gptj-python-ltxutuei8pgf9hnybja8.default.192.168.1.240.sslip.io in 10708 usec\n"
time="2024-05-28T18:45:33.268577782-06:00" level=debug msg="Invoking: gptj-python-ltxutuei8pgf9hnybja8.default.192.168.1.240.sslip.io:80"
time="2024-05-28T18:45:33.279491565-06:00" level=debug msg="Invoked gptj-python-ltxutuei8pgf9hnybja8.default.192.168.1.240.sslip.io in 10972 usec\n"
time="2024-05-28T18:45:40.774424344-06:00" level=debug msg="Invoking: gptj-python-ltxutuei8pgf9hnybja8.default.192.168.1.240.sslip.io:80"
time="2024-05-28T18:45:40.785643133-06:00" level=debug msg="Invoked gptj-python-ltxutuei8pgf9hnybja8.default.192.168.1.240.sslip.io in 11229 usec\n"
time="2024-05-28T18:45:48.245740231-06:00" level=debug msg="Minute: 4"
time="2024-05-28T18:45:48.24583798-06:00" level=debug msg="Number of Invocations this iteration: 8"
time="2024-05-28T18:45:48.245973722-06:00" level=debug msg="Invoking: rnn-serving-python-10-10-q58vo2v1kclvhpvhz69v.default.192.168.1.240.sslip.io:80"
time="2024-05-28T18:45:55.043402926-06:00" level=debug msg="Invoked rnn-serving-python-10-10-q58vo2v1kclvhpvhz69v.default.192.168.1.240.sslip.io in 6797465 usec\n"
time="2024-05-28T18:45:55.746802914-06:00" level=debug msg="Invoking: gptj-python-ltxutuei8pgf9hnybja8.default.192.168.1.240.sslip.io:80"
time="2024-05-28T18:45:55.758214827-06:00" level=debug msg="Invoked gptj-python-ltxutuei8pgf9hnybja8.default.192.168.1.240.sslip.io in 11419 usec\n"
time="2024-05-28T18:46:03.249678114-06:00" level=debug msg="Invoking: gptj-python-ltxutuei8pgf9hnybja8.default.192.168.1.240.sslip.io:80"
time="2024-05-28T18:46:03.260091463-06:00" level=debug msg="Invoked gptj-python-ltxutuei8pgf9hnybja8.default.192.168.1.240.sslip.io in 10425 usec\n"
time="2024-05-28T18:46:10.753755907-06:00" level=debug msg="Invoking: gptj-python-ltxutuei8pgf9hnybja8.default.192.168.1.240.sslip.io:80"
time="2024-05-28T18:46:10.764468217-06:00" level=debug msg="Invoked gptj-python-ltxutuei8pgf9hnybja8.default.192.168.1.240.sslip.io in 10748 usec\n"
time="2024-05-28T18:46:18.25774847-06:00" level=debug msg="Invoking: cartservice-6tlo4eudeqsrdpcuf1wt.default.192.168.1.240.sslip.io:80"
time="2024-05-28T18:46:18.269234124-06:00" level=debug msg="Invoked cartservice-6tlo4eudeqsrdpcuf1wt.default.192.168.1.240.sslip.io in 11496 usec\n"
time="2024-05-28T18:46:25.761689603-06:00" level=debug msg="Invoking: gptj-python-ltxutuei8pgf9hnybja8.default.192.168.1.240.sslip.io:80"
time="2024-05-28T18:46:25.771690986-06:00" level=debug msg="Invoked gptj-python-ltxutuei8pgf9hnybja8.default.192.168.1.240.sslip.io in 10012 usec\n"
time="2024-05-28T18:46:33.265663451-06:00" level=debug msg="Invoking: gptj-python-ltxutuei8pgf9hnybja8.default.192.168.1.240.sslip.io:80"
time="2024-05-28T18:46:33.274972402-06:00" level=debug msg="Invoked gptj-python-ltxutuei8pgf9hnybja8.default.192.168.1.240.sslip.io in 9317 usec\n"
time="2024-05-28T18:46:40.769681024-06:00" level=debug msg="Invoking: gptj-python-ltxutuei8pgf9hnybja8.default.192.168.1.240.sslip.io:80"
time="2024-05-28T18:46:40.78103522-06:00" level=debug msg="Invoked gptj-python-ltxutuei8pgf9hnybja8.default.192.168.1.240.sslip.io in 11364 usec\n"
time="2024-05-28T18:46:48.246523642-06:00" level=debug msg="Minute: 5"
time="2024-05-28T18:46:48.246628872-06:00" level=debug msg="Number of Invocations this iteration: 8"
time="2024-05-28T18:46:48.246717475-06:00" level=debug msg="Invoking: cartservice-6tlo4eudeqsrdpcuf1wt.default.192.168.1.240.sslip.io:80"
time="2024-05-28T18:46:48.261064486-06:00" level=debug msg="Invoked cartservice-6tlo4eudeqsrdpcuf1wt.default.192.168.1.240.sslip.io in 14344 usec\n"
time="2024-05-28T18:46:55.749662216-06:00" level=debug msg="Invoking: gptj-python-ltxutuei8pgf9hnybja8.default.192.168.1.240.sslip.io:80"
time="2024-05-28T18:46:55.76031517-06:00" level=debug msg="Invoked gptj-python-ltxutuei8pgf9hnybja8.default.192.168.1.240.sslip.io in 10660 usec\n"
time="2024-05-28T18:47:03.253727146-06:00" level=debug msg="Invoking: gptj-python-ltxutuei8pgf9hnybja8.default.192.168.1.240.sslip.io:80"
time="2024-05-28T18:47:03.264194305-06:00" level=debug msg="Invoked gptj-python-ltxutuei8pgf9hnybja8.default.192.168.1.240.sslip.io in 10506 usec\n"
time="2024-05-28T18:47:10.757750606-06:00" level=debug msg="Invoking: gptj-python-ltxutuei8pgf9hnybja8.default.192.168.1.240.sslip.io:80"
time="2024-05-28T18:47:10.768634623-06:00" level=debug msg="Invoked gptj-python-ltxutuei8pgf9hnybja8.default.192.168.1.240.sslip.io in 10894 usec\n"
time="2024-05-28T18:47:18.261684543-06:00" level=debug msg="Invoking: cartservice-6tlo4eudeqsrdpcuf1wt.default.192.168.1.240.sslip.io:80"
time="2024-05-28T18:47:18.273867774-06:00" level=debug msg="Invoked cartservice-6tlo4eudeqsrdpcuf1wt.default.192.168.1.240.sslip.io in 12198 usec\n"
time="2024-05-28T18:47:25.762736176-06:00" level=debug msg="Invoking: gptj-python-ltxutuei8pgf9hnybja8.default.192.168.1.240.sslip.io:80"
time="2024-05-28T18:47:25.773355771-06:00" level=debug msg="Invoked gptj-python-ltxutuei8pgf9hnybja8.default.192.168.1.240.sslip.io in 10824 usec\n"
time="2024-05-28T18:47:33.269721592-06:00" level=debug msg="Invoking: gptj-python-ltxutuei8pgf9hnybja8.default.192.168.1.240.sslip.io:80"
time="2024-05-28T18:47:33.280064851-06:00" level=debug msg="Invoked gptj-python-ltxutuei8pgf9hnybja8.default.192.168.1.240.sslip.io in 10351 usec\n"
time="2024-05-28T18:47:40.773743682-06:00" level=debug msg="Invoking: gptj-python-ltxutuei8pgf9hnybja8.default.192.168.1.240.sslip.io:80"
time="2024-05-28T18:47:40.78408063-06:00" level=debug msg="Invoked gptj-python-ltxutuei8pgf9hnybja8.default.192.168.1.240.sslip.io in 10347 usec\n"
time="2024-05-28T18:47:48.24836101-06:00" level=debug msg="Minute: 6"
time="2024-05-28T18:47:48.248464127-06:00" level=debug msg="Number of Invocations this iteration: 8"
time="2024-05-28T18:47:48.248558483-06:00" level=debug msg="Invoking: image-rotate-go-6-f5hdmou9j9711et4ku04.default.192.168.1.240.sslip.io:80"
time="2024-05-28T18:47:55.753740252-06:00" level=debug msg="Invoking: gptj-python-ltxutuei8pgf9hnybja8.default.192.168.1.240.sslip.io:80"
time="2024-05-28T18:47:55.763799229-06:00" level=debug msg="Invoked gptj-python-ltxutuei8pgf9hnybja8.default.192.168.1.240.sslip.io in 10068 usec\n"
time="2024-05-28T18:48:00.389683523-06:00" level=debug msg="Invoked image-rotate-go-6-f5hdmou9j9711et4ku04.default.192.168.1.240.sslip.io in 12141123 usec\n"
time="2024-05-28T18:48:03.254652428-06:00" level=debug msg="Invoking: gptj-python-ltxutuei8pgf9hnybja8.default.192.168.1.240.sslip.io:80"
time="2024-05-28T18:48:03.267468056-06:00" level=debug msg="Invoked gptj-python-ltxutuei8pgf9hnybja8.default.192.168.1.240.sslip.io in 12820 usec\n"
time="2024-05-28T18:48:10.761705368-06:00" level=debug msg="Invoking: gptj-python-ltxutuei8pgf9hnybja8.default.192.168.1.240.sslip.io:80"
time="2024-05-28T18:48:10.770698957-06:00" level=debug msg="Invoked gptj-python-ltxutuei8pgf9hnybja8.default.192.168.1.240.sslip.io in 9005 usec\n"
time="2024-05-28T18:48:18.262025241-06:00" level=debug msg="Invoking: cartservice-6tlo4eudeqsrdpcuf1wt.default.192.168.1.240.sslip.io:80"
time="2024-05-28T18:48:18.27492246-06:00" level=debug msg="Invoked cartservice-6tlo4eudeqsrdpcuf1wt.default.192.168.1.240.sslip.io in 12908 usec\n"
time="2024-05-28T18:48:25.768687526-06:00" level=debug msg="Invoking: gptj-python-ltxutuei8pgf9hnybja8.default.192.168.1.240.sslip.io:80"
time="2024-05-28T18:48:25.779987127-06:00" level=debug msg="Invoked gptj-python-ltxutuei8pgf9hnybja8.default.192.168.1.240.sslip.io in 11326 usec\n"
time="2024-05-28T18:48:33.275373496-06:00" level=debug msg="Invoking: gptj-python-ltxutuei8pgf9hnybja8.default.192.168.1.240.sslip.io:80"
time="2024-05-28T18:48:33.286355876-06:00" level=debug msg="Invoked gptj-python-ltxutuei8pgf9hnybja8.default.192.168.1.240.sslip.io in 10991 usec\n"
time="2024-05-28T18:48:40.781757457-06:00" level=debug msg="Invoking: gptj-python-ltxutuei8pgf9hnybja8.default.192.168.1.240.sslip.io:80"
time="2024-05-28T18:48:40.794183852-06:00" level=debug msg="Invoked gptj-python-ltxutuei8pgf9hnybja8.default.192.168.1.240.sslip.io in 12435 usec\n"
time="2024-05-28T18:48:48.247419536-06:00" level=debug msg="Minute: 7"
time="2024-05-28T18:48:48.247523015-06:00" level=debug msg="Number of Invocations this iteration: 8"
time="2024-05-28T18:48:48.247609825-06:00" level=debug msg="Invoking: cartservice-6tlo4eudeqsrdpcuf1wt.default.192.168.1.240.sslip.io:80"
time="2024-05-28T18:48:48.267369362-06:00" level=debug msg="Invoked cartservice-6tlo4eudeqsrdpcuf1wt.default.192.168.1.240.sslip.io in 19756 usec\n"
time="2024-05-28T18:48:55.754540494-06:00" level=debug msg="Invoking: gptj-python-ltxutuei8pgf9hnybja8.default.192.168.1.240.sslip.io:80"
time="2024-05-28T18:48:55.764784023-06:00" level=debug msg="Invoked gptj-python-ltxutuei8pgf9hnybja8.default.192.168.1.240.sslip.io in 10254 usec\n"
time="2024-05-28T18:49:03.257765319-06:00" level=debug msg="Invoking: gptj-python-ltxutuei8pgf9hnybja8.default.192.168.1.240.sslip.io:80"
time="2024-05-28T18:49:03.271829368-06:00" level=debug msg="Invoked gptj-python-ltxutuei8pgf9hnybja8.default.192.168.1.240.sslip.io in 14100 usec\n"
time="2024-05-28T18:49:10.761683244-06:00" level=debug msg="Invoking: gptj-python-ltxutuei8pgf9hnybja8.default.192.168.1.240.sslip.io:80"
time="2024-05-28T18:49:10.776049832-06:00" level=debug msg="Invoked gptj-python-ltxutuei8pgf9hnybja8.default.192.168.1.240.sslip.io in 14376 usec\n"
time="2024-05-28T18:49:18.265746268-06:00" level=debug msg="Invoking: cartservice-6tlo4eudeqsrdpcuf1wt.default.192.168.1.240.sslip.io:80"
time="2024-05-28T18:49:18.278748382-06:00" level=debug msg="Invoked cartservice-6tlo4eudeqsrdpcuf1wt.default.192.168.1.240.sslip.io in 13014 usec\n"
time="2024-05-28T18:49:25.766557053-06:00" level=debug msg="Invoking: gptj-python-ltxutuei8pgf9hnybja8.default.192.168.1.240.sslip.io:80"
time="2024-05-28T18:49:25.778338443-06:00" level=debug msg="Invoked gptj-python-ltxutuei8pgf9hnybja8.default.192.168.1.240.sslip.io in 11913 usec\n"
time="2024-05-28T18:49:33.269734169-06:00" level=debug msg="Invoking: gptj-python-ltxutuei8pgf9hnybja8.default.192.168.1.240.sslip.io:80"
time="2024-05-28T18:49:33.280685345-06:00" level=debug msg="Invoked gptj-python-ltxutuei8pgf9hnybja8.default.192.168.1.240.sslip.io in 10961 usec\n"
time="2024-05-28T18:49:40.77395106-06:00" level=debug msg="Invoking: gptj-python-ltxutuei8pgf9hnybja8.default.192.168.1.240.sslip.io:80"
time="2024-05-28T18:49:40.784501517-06:00" level=debug msg="Invoked gptj-python-ltxutuei8pgf9hnybja8.default.192.168.1.240.sslip.io in 10559 usec\n"
time="2024-05-28T18:49:48.245718012-06:00" level=debug msg="Minute: 8"
time="2024-05-28T18:49:48.245861154-06:00" level=debug msg="Number of Invocations this iteration: 8"
time="2024-05-28T18:49:48.24594743-06:00" level=debug msg="Invoking: cartservice-6tlo4eudeqsrdpcuf1wt.default.192.168.1.240.sslip.io:80"
time="2024-05-28T18:49:48.25866356-06:00" level=debug msg="Invoked cartservice-6tlo4eudeqsrdpcuf1wt.default.192.168.1.240.sslip.io in 12713 usec\n"
time="2024-05-28T18:49:55.749750996-06:00" level=debug msg="Invoking: gptj-python-ltxutuei8pgf9hnybja8.default.192.168.1.240.sslip.io:80"
time="2024-05-28T18:49:55.759467697-06:00" level=debug msg="Invoked gptj-python-ltxutuei8pgf9hnybja8.default.192.168.1.240.sslip.io in 9726 usec\n"
time="2024-05-28T18:50:03.253727802-06:00" level=debug msg="Invoking: gptj-python-ltxutuei8pgf9hnybja8.default.192.168.1.240.sslip.io:80"
time="2024-05-28T18:50:03.266387075-06:00" level=debug msg="Invoked gptj-python-ltxutuei8pgf9hnybja8.default.192.168.1.240.sslip.io in 12666 usec\n"
time="2024-05-28T18:50:10.757824217-06:00" level=debug msg="Invoking: gptj-python-ltxutuei8pgf9hnybja8.default.192.168.1.240.sslip.io:80"
time="2024-05-28T18:50:10.76880182-06:00" level=debug msg="Invoked gptj-python-ltxutuei8pgf9hnybja8.default.192.168.1.240.sslip.io in 10987 usec\n"
time="2024-05-28T18:50:18.265196857-06:00" level=debug msg="Invoking: cartservice-6tlo4eudeqsrdpcuf1wt.default.192.168.1.240.sslip.io:80"
time="2024-05-28T18:50:18.2775193-06:00" level=debug msg="Invoked cartservice-6tlo4eudeqsrdpcuf1wt.default.192.168.1.240.sslip.io in 12332 usec\n"
time="2024-05-28T18:50:25.769893754-06:00" level=debug msg="Invoking: gptj-python-ltxutuei8pgf9hnybja8.default.192.168.1.240.sslip.io:80"
time="2024-05-28T18:50:25.78093842-06:00" level=debug msg="Invoked gptj-python-ltxutuei8pgf9hnybja8.default.192.168.1.240.sslip.io in 11057 usec\n"
time="2024-05-28T18:50:33.273705223-06:00" level=debug msg="Invoking: gptj-python-ltxutuei8pgf9hnybja8.default.192.168.1.240.sslip.io:80"
time="2024-05-28T18:50:33.284545183-06:00" level=debug msg="Invoked gptj-python-ltxutuei8pgf9hnybja8.default.192.168.1.240.sslip.io in 10859 usec\n"
time="2024-05-28T18:50:40.777671839-06:00" level=debug msg="Invoking: gptj-python-ltxutuei8pgf9hnybja8.default.192.168.1.240.sslip.io:80"
time="2024-05-28T18:50:40.789101293-06:00" level=debug msg="Invoked gptj-python-ltxutuei8pgf9hnybja8.default.192.168.1.240.sslip.io in 11440 usec\n"
time="2024-05-28T18:50:48.245716749-06:00" level=debug msg="Minute: 9"
time="2024-05-28T18:50:48.245828999-06:00" level=debug msg="Number of Invocations this iteration: 8"
time="2024-05-28T18:50:48.245922464-06:00" level=debug msg="Invoking: cartservice-6tlo4eudeqsrdpcuf1wt.default.192.168.1.240.sslip.io:80"
time="2024-05-28T18:50:48.26058955-06:00" level=debug msg="Invoked cartservice-6tlo4eudeqsrdpcuf1wt.default.192.168.1.240.sslip.io in 14663 usec\n"
time="2024-05-28T18:50:55.749920011-06:00" level=debug msg="Invoking: gptj-python-ltxutuei8pgf9hnybja8.default.192.168.1.240.sslip.io:80"
time="2024-05-28T18:50:55.759925541-06:00" level=debug msg="Invoked gptj-python-ltxutuei8pgf9hnybja8.default.192.168.1.240.sslip.io in 10016 usec\n"
time="2024-05-28T18:51:03.253741604-06:00" level=debug msg="Invoking: gptj-python-ltxutuei8pgf9hnybja8.default.192.168.1.240.sslip.io:80"
time="2024-05-28T18:51:03.264811367-06:00" level=debug msg="Invoked gptj-python-ltxutuei8pgf9hnybja8.default.192.168.1.240.sslip.io in 11079 usec\n"
time="2024-05-28T18:51:10.760988651-06:00" level=debug msg="Invoking: gptj-python-ltxutuei8pgf9hnybja8.default.192.168.1.240.sslip.io:80"
time="2024-05-28T18:51:10.771665676-06:00" level=debug msg="Invoked gptj-python-ltxutuei8pgf9hnybja8.default.192.168.1.240.sslip.io in 10688 usec\n"
time="2024-05-28T18:51:18.266492324-06:00" level=debug msg="Invoking: cartservice-6tlo4eudeqsrdpcuf1wt.default.192.168.1.240.sslip.io:80"
time="2024-05-28T18:51:18.278880151-06:00" level=debug msg="Invoked cartservice-6tlo4eudeqsrdpcuf1wt.default.192.168.1.240.sslip.io in 12399 usec\n"
time="2024-05-28T18:51:25.767658545-06:00" level=debug msg="Invoking: gptj-python-ltxutuei8pgf9hnybja8.default.192.168.1.240.sslip.io:80"
time="2024-05-28T18:51:25.779008952-06:00" level=debug msg="Invoked gptj-python-ltxutuei8pgf9hnybja8.default.192.168.1.240.sslip.io in 11402 usec\n"
time="2024-05-28T18:51:33.274006263-06:00" level=debug msg="Invoking: gptj-python-ltxutuei8pgf9hnybja8.default.192.168.1.240.sslip.io:80"
time="2024-05-28T18:51:33.284528388-06:00" level=debug msg="Invoked gptj-python-ltxutuei8pgf9hnybja8.default.192.168.1.240.sslip.io in 10535 usec\n"
time="2024-05-28T18:51:40.777666519-06:00" level=debug msg="Invoking: gptj-python-ltxutuei8pgf9hnybja8.default.192.168.1.240.sslip.io:80"
time="2024-05-28T18:51:40.788166568-06:00" level=debug msg="Invoked gptj-python-ltxutuei8pgf9hnybja8.default.192.168.1.240.sslip.io in 10508 usec\n"
time="2024-05-28T18:51:48.245666745-06:00" level=debug msg="Minute: 10"
time="2024-05-28T18:51:48.245808462-06:00" level=debug msg="Number of Invocations this iteration: 8"
time="2024-05-28T18:51:48.245894772-06:00" level=debug msg="Invoking: rnn-serving-python-10-10-q58vo2v1kclvhpvhz69v.default.192.168.1.240.sslip.io:80"
time="2024-05-28T18:51:55.499208246-06:00" level=debug msg="Invoked rnn-serving-python-10-10-q58vo2v1kclvhpvhz69v.default.192.168.1.240.sslip.io in 7253311 usec\n"
time="2024-05-28T18:51:55.746230879-06:00" level=debug msg="Invoking: gptj-python-ltxutuei8pgf9hnybja8.default.192.168.1.240.sslip.io:80"
time="2024-05-28T18:51:55.756075081-06:00" level=debug msg="Invoked gptj-python-ltxutuei8pgf9hnybja8.default.192.168.1.240.sslip.io in 9852 usec\n"
time="2024-05-28T18:52:03.252780113-06:00" level=debug msg="Invoking: gptj-python-ltxutuei8pgf9hnybja8.default.192.168.1.240.sslip.io:80"
time="2024-05-28T18:52:03.262732921-06:00" level=debug msg="Invoked gptj-python-ltxutuei8pgf9hnybja8.default.192.168.1.240.sslip.io in 9960 usec\n"
time="2024-05-28T18:52:10.757734601-06:00" level=debug msg="Invoking: gptj-python-ltxutuei8pgf9hnybja8.default.192.168.1.240.sslip.io:80"
time="2024-05-28T18:52:10.768231026-06:00" level=debug msg="Invoked gptj-python-ltxutuei8pgf9hnybja8.default.192.168.1.240.sslip.io in 10508 usec\n"
time="2024-05-28T18:52:18.261755681-06:00" level=debug msg="Invoking: cartservice-6tlo4eudeqsrdpcuf1wt.default.192.168.1.240.sslip.io:80"
time="2024-05-28T18:52:18.275332616-06:00" level=debug msg="Invoked cartservice-6tlo4eudeqsrdpcuf1wt.default.192.168.1.240.sslip.io in 13587 usec\n"
time="2024-05-28T18:52:25.766986411-06:00" level=debug msg="Invoking: gptj-python-ltxutuei8pgf9hnybja8.default.192.168.1.240.sslip.io:80"
time="2024-05-28T18:52:25.778063786-06:00" level=debug msg="Invoked gptj-python-ltxutuei8pgf9hnybja8.default.192.168.1.240.sslip.io in 11087 usec\n"
time="2024-05-28T18:52:33.273829535-06:00" level=debug msg="Invoking: gptj-python-ltxutuei8pgf9hnybja8.default.192.168.1.240.sslip.io:80"
time="2024-05-28T18:52:33.285394763-06:00" level=debug msg="Invoked gptj-python-ltxutuei8pgf9hnybja8.default.192.168.1.240.sslip.io in 11575 usec\n"
time="2024-05-28T18:52:40.777730436-06:00" level=debug msg="Invoking: gptj-python-ltxutuei8pgf9hnybja8.default.192.168.1.240.sslip.io:80"
time="2024-05-28T18:52:40.788141322-06:00" level=debug msg="Invoked gptj-python-ltxutuei8pgf9hnybja8.default.192.168.1.240.sslip.io in 10421 usec\n"
time="2024-05-28T18:52:48.245717501-06:00" level=debug msg="Minute: 11"
time="2024-05-28T18:52:48.245823549-06:00" level=debug msg="Number of Invocations this iteration: 8"
time="2024-05-28T18:52:48.245916939-06:00" level=debug msg="Invoking: image-rotate-go-6-f5hdmou9j9711et4ku04.default.192.168.1.240.sslip.io:80"
time="2024-05-28T18:52:55.751375154-06:00" level=debug msg="Invoking: gptj-python-ltxutuei8pgf9hnybja8.default.192.168.1.240.sslip.io:80"
time="2024-05-28T18:52:55.763527484-06:00" level=debug msg="Invoked gptj-python-ltxutuei8pgf9hnybja8.default.192.168.1.240.sslip.io in 12160 usec\n"
time="2024-05-28T18:53:00.466391771-06:00" level=debug msg="Invoked image-rotate-go-6-f5hdmou9j9711et4ku04.default.192.168.1.240.sslip.io in 12220472 usec\n"
time="2024-05-28T18:53:03.253676523-06:00" level=debug msg="Invoking: gptj-python-ltxutuei8pgf9hnybja8.default.192.168.1.240.sslip.io:80"
time="2024-05-28T18:53:03.263370404-06:00" level=debug msg="Invoked gptj-python-ltxutuei8pgf9hnybja8.default.192.168.1.240.sslip.io in 9704 usec\n"
time="2024-05-28T18:53:10.757664935-06:00" level=debug msg="Invoking: gptj-python-ltxutuei8pgf9hnybja8.default.192.168.1.240.sslip.io:80"
time="2024-05-28T18:53:10.768197399-06:00" level=debug msg="Invoked gptj-python-ltxutuei8pgf9hnybja8.default.192.168.1.240.sslip.io in 10545 usec\n"
time="2024-05-28T18:53:18.261757066-06:00" level=debug msg="Invoking: cartservice-6tlo4eudeqsrdpcuf1wt.default.192.168.1.240.sslip.io:80"
time="2024-05-28T18:53:18.274562134-06:00" level=debug msg="Invoked cartservice-6tlo4eudeqsrdpcuf1wt.default.192.168.1.240.sslip.io in 12817 usec\n"
time="2024-05-28T18:53:25.767475854-06:00" level=debug msg="Invoking: gptj-python-ltxutuei8pgf9hnybja8.default.192.168.1.240.sslip.io:80"
time="2024-05-28T18:53:25.778894247-06:00" level=debug msg="Invoked gptj-python-ltxutuei8pgf9hnybja8.default.192.168.1.240.sslip.io in 11419 usec\n"
time="2024-05-28T18:53:33.268118217-06:00" level=debug msg="Invoking: gptj-python-ltxutuei8pgf9hnybja8.default.192.168.1.240.sslip.io:80"
time="2024-05-28T18:53:33.278455945-06:00" level=debug msg="Invoked gptj-python-ltxutuei8pgf9hnybja8.default.192.168.1.240.sslip.io in 10353 usec\n"
time="2024-05-28T18:53:40.774807818-06:00" level=debug msg="Invoking: gptj-python-ltxutuei8pgf9hnybja8.default.192.168.1.240.sslip.io:80"
time="2024-05-28T18:53:40.785435033-06:00" level=debug msg="Invoked gptj-python-ltxutuei8pgf9hnybja8.default.192.168.1.240.sslip.io in 10635 usec\n"
time="2024-05-28T18:53:48.245976285-06:00" level=debug msg="Minute: 12"
time="2024-05-28T18:53:48.246144298-06:00" level=debug msg="Number of Invocations this iteration: 8"
time="2024-05-28T18:53:48.246227577-06:00" level=debug msg="Invoking: cartservice-6tlo4eudeqsrdpcuf1wt.default.192.168.1.240.sslip.io:80"
time="2024-05-28T18:53:48.259014051-06:00" level=debug msg="Invoked cartservice-6tlo4eudeqsrdpcuf1wt.default.192.168.1.240.sslip.io in 12782 usec\n"
time="2024-05-28T18:53:55.749739021-06:00" level=debug msg="Invoking: gptj-python-ltxutuei8pgf9hnybja8.default.192.168.1.240.sslip.io:80"
time="2024-05-28T18:53:55.760088006-06:00" level=debug msg="Invoked gptj-python-ltxutuei8pgf9hnybja8.default.192.168.1.240.sslip.io in 10360 usec\n"
time="2024-05-28T18:54:03.253779054-06:00" level=debug msg="Invoking: gptj-python-ltxutuei8pgf9hnybja8.default.192.168.1.240.sslip.io:80"
time="2024-05-28T18:54:03.264093052-06:00" level=debug msg="Invoked gptj-python-ltxutuei8pgf9hnybja8.default.192.168.1.240.sslip.io in 10349 usec\n"
time="2024-05-28T18:54:10.75976819-06:00" level=debug msg="Invoking: gptj-python-ltxutuei8pgf9hnybja8.default.192.168.1.240.sslip.io:80"
time="2024-05-28T18:54:10.769944416-06:00" level=debug msg="Invoked gptj-python-ltxutuei8pgf9hnybja8.default.192.168.1.240.sslip.io in 10188 usec\n"
time="2024-05-28T18:54:18.265735191-06:00" level=debug msg="Invoking: cartservice-6tlo4eudeqsrdpcuf1wt.default.192.168.1.240.sslip.io:80"
time="2024-05-28T18:54:18.276899008-06:00" level=debug msg="Invoked cartservice-6tlo4eudeqsrdpcuf1wt.default.192.168.1.240.sslip.io in 11176 usec\n"
time="2024-05-28T18:54:25.769658301-06:00" level=debug msg="Invoking: gptj-python-ltxutuei8pgf9hnybja8.default.192.168.1.240.sslip.io:80"
time="2024-05-28T18:54:25.779560116-06:00" level=debug msg="Invoked gptj-python-ltxutuei8pgf9hnybja8.default.192.168.1.240.sslip.io in 9910 usec\n"
time="2024-05-28T18:54:33.274599485-06:00" level=debug msg="Invoking: gptj-python-ltxutuei8pgf9hnybja8.default.192.168.1.240.sslip.io:80"
time="2024-05-28T18:54:33.285980261-06:00" level=debug msg="Invoked gptj-python-ltxutuei8pgf9hnybja8.default.192.168.1.240.sslip.io in 11394 usec\n"
time="2024-05-28T18:54:40.777667784-06:00" level=debug msg="Invoking: gptj-python-ltxutuei8pgf9hnybja8.default.192.168.1.240.sslip.io:80"
time="2024-05-28T18:54:40.790266374-06:00" level=debug msg="Invoked gptj-python-ltxutuei8pgf9hnybja8.default.192.168.1.240.sslip.io in 12610 usec\n"
time="2024-05-28T18:54:48.245883173-06:00" level=debug msg="Minute: 13"
time="2024-05-28T18:54:48.245983579-06:00" level=debug msg="Number of Invocations this iteration: 8"
time="2024-05-28T18:54:48.24611681-06:00" level=debug msg="Invoking: cartservice-6tlo4eudeqsrdpcuf1wt.default.192.168.1.240.sslip.io:80"
time="2024-05-28T18:54:48.259731272-06:00" level=debug msg="Invoked cartservice-6tlo4eudeqsrdpcuf1wt.default.192.168.1.240.sslip.io in 13612 usec\n"
time="2024-05-28T18:54:55.749776075-06:00" level=debug msg="Invoking: gptj-python-ltxutuei8pgf9hnybja8.default.192.168.1.240.sslip.io:80"
time="2024-05-28T18:54:55.760509582-06:00" level=debug msg="Invoked gptj-python-ltxutuei8pgf9hnybja8.default.192.168.1.240.sslip.io in 10769 usec\n"
time="2024-05-28T18:55:03.253672074-06:00" level=debug msg="Invoking: gptj-python-ltxutuei8pgf9hnybja8.default.192.168.1.240.sslip.io:80"
time="2024-05-28T18:55:03.263921743-06:00" level=debug msg="Invoked gptj-python-ltxutuei8pgf9hnybja8.default.192.168.1.240.sslip.io in 10261 usec\n"
time="2024-05-28T18:55:10.75774493-06:00" level=debug msg="Invoking: gptj-python-ltxutuei8pgf9hnybja8.default.192.168.1.240.sslip.io:80"
time="2024-05-28T18:55:10.767278414-06:00" level=debug msg="Invoked gptj-python-ltxutuei8pgf9hnybja8.default.192.168.1.240.sslip.io in 9550 usec\n"
time="2024-05-28T18:55:18.264709868-06:00" level=debug msg="Invoking: cartservice-6tlo4eudeqsrdpcuf1wt.default.192.168.1.240.sslip.io:80"
time="2024-05-28T18:55:18.276634041-06:00" level=debug msg="Invoked cartservice-6tlo4eudeqsrdpcuf1wt.default.192.168.1.240.sslip.io in 11933 usec\n"
time="2024-05-28T18:55:25.769728167-06:00" level=debug msg="Invoking: gptj-python-ltxutuei8pgf9hnybja8.default.192.168.1.240.sslip.io:80"
time="2024-05-28T18:55:25.782107415-06:00" level=debug msg="Invoked gptj-python-ltxutuei8pgf9hnybja8.default.192.168.1.240.sslip.io in 12378 usec\n"
time="2024-05-28T18:55:33.276474117-06:00" level=debug msg="Invoking: gptj-python-ltxutuei8pgf9hnybja8.default.192.168.1.240.sslip.io:80"
time="2024-05-28T18:55:33.28706544-06:00" level=debug msg="Invoked gptj-python-ltxutuei8pgf9hnybja8.default.192.168.1.240.sslip.io in 10597 usec\n"
time="2024-05-28T18:55:40.781902672-06:00" level=debug msg="Invoking: gptj-python-ltxutuei8pgf9hnybja8.default.192.168.1.240.sslip.io:80"
time="2024-05-28T18:55:40.793176615-06:00" level=debug msg="Invoked gptj-python-ltxutuei8pgf9hnybja8.default.192.168.1.240.sslip.io in 11277 usec\n"
time="2024-05-28T18:55:48.245719106-06:00" level=info msg="Experiment Phase Completed"
time="2024-05-28T18:55:48.245852499-06:00" level=info msg="Issued / completed requests: 112, 112"
time="2024-05-28T18:55:48.245888313-06:00" level=info msg="Average Real RPS: 0.13 "
time="2024-05-28T18:55:48.245915233-06:00" level=info msg="Experiment finished!"
time="2024-05-28T18:55:48.245942159-06:00" level=info msg="The measured latencies are saved in rps_lat.csv"
