time="2024-05-28T20:00:23.665913826-06:00" level=debug msg="Debug logging is enabled"
time="2024-05-28T20:00:23.666081845-06:00" level=info msg="Reading the trace endpoints from the file: /users/ArunAMS/vSwarm/tools/load-generator/load.json"
time="2024-05-28T20:00:23.66745813-06:00" level=info msg="Warmup Duration: 3"
time="2024-05-28T20:00:23.667482981-06:00" level=info msg="Experiment Duration: 11"
time="2024-05-28T20:00:23.667502891-06:00" level=info msg="Minute Granularity: true"
time="2024-05-28T20:01:23.72316181-06:00" level=info msg="Running Warmup Phase"
time="2024-05-28T20:01:23.723239021-06:00" level=debug msg="Minute: 0"
time="2024-05-28T20:01:23.723413637-06:00" level=debug msg="Number of Invocations this iteration: 8"
time="2024-05-28T20:01:23.723519918-06:00" level=debug msg="Invoking: cartservice-9xr1uxoveiaq0i5yf1m5.default.192.168.1.240.sslip.io:80"
time="2024-05-28T20:01:31.225183805-06:00" level=debug msg="Invoking: gptj-python-rsryg16rhcb2lt3ui74t.default.192.168.1.240.sslip.io:80"
time="2024-05-28T20:01:38.726115468-06:00" level=debug msg="Invoking: gptj-python-rsryg16rhcb2lt3ui74t.default.192.168.1.240.sslip.io:80"
time="2024-05-28T20:01:46.229303614-06:00" level=debug msg="Invoking: gptj-python-rsryg16rhcb2lt3ui74t.default.192.168.1.240.sslip.io:80"
time="2024-05-28T20:01:53.733942648-06:00" level=debug msg="Invoking: cartservice-9xr1uxoveiaq0i5yf1m5.default.192.168.1.240.sslip.io:80"
time="2024-05-28T20:02:01.237133205-06:00" level=debug msg="Invoking: gptj-python-rsryg16rhcb2lt3ui74t.default.192.168.1.240.sslip.io:80"
time="2024-05-28T20:02:08.74115236-06:00" level=debug msg="Invoking: gptj-python-rsryg16rhcb2lt3ui74t.default.192.168.1.240.sslip.io:80"
time="2024-05-28T20:02:16.245076308-06:00" level=debug msg="Invoking: gptj-python-rsryg16rhcb2lt3ui74t.default.192.168.1.240.sslip.io:80"
time="2024-05-28T20:02:23.673905166-06:00" level=debug msg="Minute: 1"
time="2024-05-28T20:02:23.674005848-06:00" level=debug msg="Number of Invocations this iteration: 8"
time="2024-05-28T20:02:23.674102535-06:00" level=debug msg="Invoking: image-rotate-go-6-qlufoeykttcy2aqxhd69.default.192.168.1.240.sslip.io:80"
time="2024-05-28T20:02:31.181139236-06:00" level=debug msg="Invoking: gptj-python-rsryg16rhcb2lt3ui74t.default.192.168.1.240.sslip.io:80"
time="2024-05-28T20:02:38.68116022-06:00" level=debug msg="Invoking: gptj-python-rsryg16rhcb2lt3ui74t.default.192.168.1.240.sslip.io:80"
time="2024-05-28T20:02:46.185260175-06:00" level=debug msg="Invoking: gptj-python-rsryg16rhcb2lt3ui74t.default.192.168.1.240.sslip.io:80"
time="2024-05-28T20:02:53.689174211-06:00" level=debug msg="Invoking: cartservice-9xr1uxoveiaq0i5yf1m5.default.192.168.1.240.sslip.io:80"
time="2024-05-28T20:03:01.189810881-06:00" level=debug msg="Invoking: gptj-python-rsryg16rhcb2lt3ui74t.default.192.168.1.240.sslip.io:80"
time="2024-05-28T20:03:08.690347079-06:00" level=debug msg="Invoking: gptj-python-rsryg16rhcb2lt3ui74t.default.192.168.1.240.sslip.io:80"
time="2024-05-28T20:03:16.197085905-06:00" level=debug msg="Invoking: gptj-python-rsryg16rhcb2lt3ui74t.default.192.168.1.240.sslip.io:80"
time="2024-05-28T20:03:23.673172142-06:00" level=debug msg="Minute: 2"
time="2024-05-28T20:03:23.67327202-06:00" level=debug msg="Number of Invocations this iteration: 8"
time="2024-05-28T20:03:23.673372331-06:00" level=debug msg="Invoking: cartservice-9xr1uxoveiaq0i5yf1m5.default.192.168.1.240.sslip.io:80"
time="2024-05-28T20:03:31.177152457-06:00" level=debug msg="Invoking: gptj-python-rsryg16rhcb2lt3ui74t.default.192.168.1.240.sslip.io:80"
time="2024-05-28T20:03:38.68120684-06:00" level=debug msg="Invoking: gptj-python-rsryg16rhcb2lt3ui74t.default.192.168.1.240.sslip.io:80"
time="2024-05-28T20:03:46.185101244-06:00" level=debug msg="Invoking: gptj-python-rsryg16rhcb2lt3ui74t.default.192.168.1.240.sslip.io:80"
time="2024-05-28T20:03:53.689227452-06:00" level=debug msg="Invoking: cartservice-9xr1uxoveiaq0i5yf1m5.default.192.168.1.240.sslip.io:80"
time="2024-05-28T20:04:01.193544903-06:00" level=debug msg="Invoking: gptj-python-rsryg16rhcb2lt3ui74t.default.192.168.1.240.sslip.io:80"
time="2024-05-28T20:04:08.69853849-06:00" level=debug msg="Invoking: gptj-python-rsryg16rhcb2lt3ui74t.default.192.168.1.240.sslip.io:80"
time="2024-05-28T20:04:16.205158918-06:00" level=debug msg="Invoking: gptj-python-rsryg16rhcb2lt3ui74t.default.192.168.1.240.sslip.io:80"
time="2024-05-28T20:04:23.673139624-06:00" level=info msg="Warmup Phase Completed"
time="2024-05-28T20:04:23.673221425-06:00" level=info msg="Running Experiment Phase"
time="2024-05-28T20:04:23.673250264-06:00" level=debug msg="Minute: 3"
time="2024-05-28T20:04:23.673299714-06:00" level=debug msg="Number of Invocations this iteration: 8"
time="2024-05-28T20:04:23.673393068-06:00" level=debug msg="Invoking: cartservice-9xr1uxoveiaq0i5yf1m5.default.192.168.1.240.sslip.io:80"
time="2024-05-28T20:04:23.686429862-06:00" level=debug msg="Invoked cartservice-9xr1uxoveiaq0i5yf1m5.default.192.168.1.240.sslip.io in 13032 usec\n"
time="2024-05-28T20:04:31.177157952-06:00" level=debug msg="Invoking: gptj-python-rsryg16rhcb2lt3ui74t.default.192.168.1.240.sslip.io:80"
time="2024-05-28T20:04:31.186071935-06:00" level=debug msg="Invoked gptj-python-rsryg16rhcb2lt3ui74t.default.192.168.1.240.sslip.io in 8928 usec\n"
time="2024-05-28T20:04:38.684173466-06:00" level=debug msg="Invoking: gptj-python-rsryg16rhcb2lt3ui74t.default.192.168.1.240.sslip.io:80"
time="2024-05-28T20:04:38.694121072-06:00" level=debug msg="Invoked gptj-python-rsryg16rhcb2lt3ui74t.default.192.168.1.240.sslip.io in 9960 usec\n"
time="2024-05-28T20:04:46.189101469-06:00" level=debug msg="Invoking: gptj-python-rsryg16rhcb2lt3ui74t.default.192.168.1.240.sslip.io:80"
time="2024-05-28T20:04:46.198306659-06:00" level=debug msg="Invoked gptj-python-rsryg16rhcb2lt3ui74t.default.192.168.1.240.sslip.io in 9215 usec\n"
time="2024-05-28T20:04:53.68933435-06:00" level=debug msg="Invoking: cartservice-9xr1uxoveiaq0i5yf1m5.default.192.168.1.240.sslip.io:80"
time="2024-05-28T20:04:53.702805833-06:00" level=debug msg="Invoked cartservice-9xr1uxoveiaq0i5yf1m5.default.192.168.1.240.sslip.io in 13472 usec\n"
time="2024-05-28T20:05:01.193089424-06:00" level=debug msg="Invoking: gptj-python-rsryg16rhcb2lt3ui74t.default.192.168.1.240.sslip.io:80"
time="2024-05-28T20:05:01.202283308-06:00" level=debug msg="Invoked gptj-python-rsryg16rhcb2lt3ui74t.default.192.168.1.240.sslip.io in 9200 usec\n"
time="2024-05-28T20:05:08.69991453-06:00" level=debug msg="Invoking: gptj-python-rsryg16rhcb2lt3ui74t.default.192.168.1.240.sslip.io:80"
time="2024-05-28T20:05:08.709599-06:00" level=debug msg="Invoked gptj-python-rsryg16rhcb2lt3ui74t.default.192.168.1.240.sslip.io in 9687 usec\n"
time="2024-05-28T20:05:16.205101283-06:00" level=debug msg="Invoking: gptj-python-rsryg16rhcb2lt3ui74t.default.192.168.1.240.sslip.io:80"
time="2024-05-28T20:05:16.213370425-06:00" level=debug msg="Invoked gptj-python-rsryg16rhcb2lt3ui74t.default.192.168.1.240.sslip.io in 8276 usec\n"
time="2024-05-28T20:05:23.673181711-06:00" level=debug msg="Minute: 4"
time="2024-05-28T20:05:23.67327653-06:00" level=debug msg="Number of Invocations this iteration: 8"
time="2024-05-28T20:05:23.673356575-06:00" level=debug msg="Invoking: rnn-serving-python-10-10-os8f9d57zrtmyak04rqx.default.192.168.1.240.sslip.io:80"
time="2024-05-28T20:05:31.177226717-06:00" level=debug msg="Invoking: gptj-python-rsryg16rhcb2lt3ui74t.default.192.168.1.240.sslip.io:80"
time="2024-05-28T20:05:31.187328712-06:00" level=debug msg="Invoked gptj-python-rsryg16rhcb2lt3ui74t.default.192.168.1.240.sslip.io in 10113 usec\n"
time="2024-05-28T20:05:34.307827997-06:00" level=debug msg="Invoked rnn-serving-python-10-10-os8f9d57zrtmyak04rqx.default.192.168.1.240.sslip.io in 10634473 usec\n"
time="2024-05-28T20:05:38.681226337-06:00" level=debug msg="Invoking: gptj-python-rsryg16rhcb2lt3ui74t.default.192.168.1.240.sslip.io:80"
time="2024-05-28T20:05:38.692458679-06:00" level=debug msg="Invoked gptj-python-rsryg16rhcb2lt3ui74t.default.192.168.1.240.sslip.io in 11269 usec\n"
time="2024-05-28T20:05:46.185122675-06:00" level=debug msg="Invoking: gptj-python-rsryg16rhcb2lt3ui74t.default.192.168.1.240.sslip.io:80"
time="2024-05-28T20:05:46.195099627-06:00" level=debug msg="Invoked gptj-python-rsryg16rhcb2lt3ui74t.default.192.168.1.240.sslip.io in 9988 usec\n"
time="2024-05-28T20:05:53.689144898-06:00" level=debug msg="Invoking: cartservice-9xr1uxoveiaq0i5yf1m5.default.192.168.1.240.sslip.io:80"
time="2024-05-28T20:06:01.193079157-06:00" level=debug msg="Invoking: gptj-python-rsryg16rhcb2lt3ui74t.default.192.168.1.240.sslip.io:80"
time="2024-05-28T20:06:01.200409357-06:00" level=debug msg="Invoked gptj-python-rsryg16rhcb2lt3ui74t.default.192.168.1.240.sslip.io in 7336 usec\n"
time="2024-05-28T20:06:01.229168236-06:00" level=debug msg="Invoked cartservice-9xr1uxoveiaq0i5yf1m5.default.192.168.1.240.sslip.io in 7540051 usec\n"
time="2024-05-28T20:06:08.697178135-06:00" level=debug msg="Invoking: gptj-python-rsryg16rhcb2lt3ui74t.default.192.168.1.240.sslip.io:80"
time="2024-05-28T20:06:08.707412553-06:00" level=debug msg="Invoked gptj-python-rsryg16rhcb2lt3ui74t.default.192.168.1.240.sslip.io in 10257 usec\n"
time="2024-05-28T20:06:16.201183909-06:00" level=debug msg="Invoking: gptj-python-rsryg16rhcb2lt3ui74t.default.192.168.1.240.sslip.io:80"
time="2024-05-28T20:06:16.210722014-06:00" level=debug msg="Invoked gptj-python-rsryg16rhcb2lt3ui74t.default.192.168.1.240.sslip.io in 9600 usec\n"
time="2024-05-28T20:06:23.673127091-06:00" level=debug msg="Minute: 5"
time="2024-05-28T20:06:23.673225185-06:00" level=debug msg="Number of Invocations this iteration: 8"
time="2024-05-28T20:06:23.67334355-06:00" level=debug msg="Invoking: cartservice-9xr1uxoveiaq0i5yf1m5.default.192.168.1.240.sslip.io:80"
time="2024-05-28T20:06:23.701773894-06:00" level=debug msg="Invoked cartservice-9xr1uxoveiaq0i5yf1m5.default.192.168.1.240.sslip.io in 28427 usec\n"
time="2024-05-28T20:06:31.179738097-06:00" level=debug msg="Invoking: gptj-python-rsryg16rhcb2lt3ui74t.default.192.168.1.240.sslip.io:80"
time="2024-05-28T20:06:31.189565766-06:00" level=debug msg="Invoked gptj-python-rsryg16rhcb2lt3ui74t.default.192.168.1.240.sslip.io in 9834 usec\n"
time="2024-05-28T20:06:38.685205169-06:00" level=debug msg="Invoking: gptj-python-rsryg16rhcb2lt3ui74t.default.192.168.1.240.sslip.io:80"
time="2024-05-28T20:06:38.695246566-06:00" level=debug msg="Invoked gptj-python-rsryg16rhcb2lt3ui74t.default.192.168.1.240.sslip.io in 10050 usec\n"
time="2024-05-28T20:06:46.189155334-06:00" level=debug msg="Invoking: gptj-python-rsryg16rhcb2lt3ui74t.default.192.168.1.240.sslip.io:80"
time="2024-05-28T20:06:46.197148214-06:00" level=debug msg="Invoked gptj-python-rsryg16rhcb2lt3ui74t.default.192.168.1.240.sslip.io in 8001 usec\n"
time="2024-05-28T20:06:53.693223999-06:00" level=debug msg="Invoking: cartservice-9xr1uxoveiaq0i5yf1m5.default.192.168.1.240.sslip.io:80"
time="2024-05-28T20:06:53.708288425-06:00" level=debug msg="Invoked cartservice-9xr1uxoveiaq0i5yf1m5.default.192.168.1.240.sslip.io in 15098 usec\n"
time="2024-05-28T20:07:01.197239203-06:00" level=debug msg="Invoking: gptj-python-rsryg16rhcb2lt3ui74t.default.192.168.1.240.sslip.io:80"
time="2024-05-28T20:07:01.206018345-06:00" level=debug msg="Invoked gptj-python-rsryg16rhcb2lt3ui74t.default.192.168.1.240.sslip.io in 8841 usec\n"
time="2024-05-28T20:07:08.701220316-06:00" level=debug msg="Invoking: gptj-python-rsryg16rhcb2lt3ui74t.default.192.168.1.240.sslip.io:80"
time="2024-05-28T20:07:08.711667151-06:00" level=debug msg="Invoked gptj-python-rsryg16rhcb2lt3ui74t.default.192.168.1.240.sslip.io in 10456 usec\n"
time="2024-05-28T20:07:16.206106952-06:00" level=debug msg="Invoking: gptj-python-rsryg16rhcb2lt3ui74t.default.192.168.1.240.sslip.io:80"
time="2024-05-28T20:07:16.213310042-06:00" level=debug msg="Invoked gptj-python-rsryg16rhcb2lt3ui74t.default.192.168.1.240.sslip.io in 7212 usec\n"
time="2024-05-28T20:07:23.67310325-06:00" level=debug msg="Minute: 6"
time="2024-05-28T20:07:23.673201569-06:00" level=debug msg="Number of Invocations this iteration: 8"
time="2024-05-28T20:07:23.673296483-06:00" level=debug msg="Invoking: image-rotate-go-6-qlufoeykttcy2aqxhd69.default.192.168.1.240.sslip.io:80"
time="2024-05-28T20:07:31.177197756-06:00" level=debug msg="Invoking: gptj-python-rsryg16rhcb2lt3ui74t.default.192.168.1.240.sslip.io:80"
time="2024-05-28T20:07:31.188051743-06:00" level=debug msg="Invoked gptj-python-rsryg16rhcb2lt3ui74t.default.192.168.1.240.sslip.io in 10864 usec\n"
time="2024-05-28T20:07:35.909104517-06:00" level=debug msg="Invoked image-rotate-go-6-qlufoeykttcy2aqxhd69.default.192.168.1.240.sslip.io in 12235805 usec\n"
time="2024-05-28T20:07:38.678218321-06:00" level=debug msg="Invoking: gptj-python-rsryg16rhcb2lt3ui74t.default.192.168.1.240.sslip.io:80"
time="2024-05-28T20:07:38.68844393-06:00" level=debug msg="Invoked gptj-python-rsryg16rhcb2lt3ui74t.default.192.168.1.240.sslip.io in 10237 usec\n"
time="2024-05-28T20:07:46.185174417-06:00" level=debug msg="Invoking: gptj-python-rsryg16rhcb2lt3ui74t.default.192.168.1.240.sslip.io:80"
time="2024-05-28T20:07:46.194318401-06:00" level=debug msg="Invoked gptj-python-rsryg16rhcb2lt3ui74t.default.192.168.1.240.sslip.io in 9155 usec\n"
time="2024-05-28T20:07:53.689194008-06:00" level=debug msg="Invoking: cartservice-9xr1uxoveiaq0i5yf1m5.default.192.168.1.240.sslip.io:80"
time="2024-05-28T20:08:01.063278457-06:00" level=debug msg="Invoked cartservice-9xr1uxoveiaq0i5yf1m5.default.192.168.1.240.sslip.io in 7374100 usec\n"
time="2024-05-28T20:08:01.190164451-06:00" level=debug msg="Invoking: gptj-python-rsryg16rhcb2lt3ui74t.default.192.168.1.240.sslip.io:80"
time="2024-05-28T20:08:01.198533578-06:00" level=debug msg="Invoked gptj-python-rsryg16rhcb2lt3ui74t.default.192.168.1.240.sslip.io in 8377 usec\n"
time="2024-05-28T20:08:08.693180176-06:00" level=debug msg="Invoking: gptj-python-rsryg16rhcb2lt3ui74t.default.192.168.1.240.sslip.io:80"
time="2024-05-28T20:08:08.705100454-06:00" level=debug msg="Invoked gptj-python-rsryg16rhcb2lt3ui74t.default.192.168.1.240.sslip.io in 11930 usec\n"
time="2024-05-28T20:08:16.197146366-06:00" level=debug msg="Invoking: gptj-python-rsryg16rhcb2lt3ui74t.default.192.168.1.240.sslip.io:80"
time="2024-05-28T20:08:16.207765721-06:00" level=debug msg="Invoked gptj-python-rsryg16rhcb2lt3ui74t.default.192.168.1.240.sslip.io in 10624 usec\n"
time="2024-05-28T20:08:23.675061477-06:00" level=debug msg="Minute: 7"
time="2024-05-28T20:08:23.675159575-06:00" level=debug msg="Number of Invocations this iteration: 8"
time="2024-05-28T20:08:23.675249257-06:00" level=debug msg="Invoking: cartservice-9xr1uxoveiaq0i5yf1m5.default.192.168.1.240.sslip.io:80"
time="2024-05-28T20:08:23.701155712-06:00" level=debug msg="Invoked cartservice-9xr1uxoveiaq0i5yf1m5.default.192.168.1.240.sslip.io in 25903 usec\n"
time="2024-05-28T20:08:31.181094193-06:00" level=debug msg="Invoking: gptj-python-rsryg16rhcb2lt3ui74t.default.192.168.1.240.sslip.io:80"
time="2024-05-28T20:08:31.190920425-06:00" level=debug msg="Invoked gptj-python-rsryg16rhcb2lt3ui74t.default.192.168.1.240.sslip.io in 9833 usec\n"
time="2024-05-28T20:08:38.685184317-06:00" level=debug msg="Invoking: gptj-python-rsryg16rhcb2lt3ui74t.default.192.168.1.240.sslip.io:80"
time="2024-05-28T20:08:38.695447946-06:00" level=debug msg="Invoked gptj-python-rsryg16rhcb2lt3ui74t.default.192.168.1.240.sslip.io in 10274 usec\n"
time="2024-05-28T20:08:46.18910595-06:00" level=debug msg="Invoking: gptj-python-rsryg16rhcb2lt3ui74t.default.192.168.1.240.sslip.io:80"
time="2024-05-28T20:08:46.198821487-06:00" level=debug msg="Invoked gptj-python-rsryg16rhcb2lt3ui74t.default.192.168.1.240.sslip.io in 9722 usec\n"
time="2024-05-28T20:08:53.693352442-06:00" level=debug msg="Invoking: cartservice-9xr1uxoveiaq0i5yf1m5.default.192.168.1.240.sslip.io:80"
time="2024-05-28T20:08:53.7097149-06:00" level=debug msg="Invoked cartservice-9xr1uxoveiaq0i5yf1m5.default.192.168.1.240.sslip.io in 16362 usec\n"
time="2024-05-28T20:09:01.19574479-06:00" level=debug msg="Invoking: gptj-python-rsryg16rhcb2lt3ui74t.default.192.168.1.240.sslip.io:80"
time="2024-05-28T20:09:01.20574558-06:00" level=debug msg="Invoked gptj-python-rsryg16rhcb2lt3ui74t.default.192.168.1.240.sslip.io in 10017 usec\n"
time="2024-05-28T20:09:08.701194499-06:00" level=debug msg="Invoking: gptj-python-rsryg16rhcb2lt3ui74t.default.192.168.1.240.sslip.io:80"
time="2024-05-28T20:09:08.71139739-06:00" level=debug msg="Invoked gptj-python-rsryg16rhcb2lt3ui74t.default.192.168.1.240.sslip.io in 10212 usec\n"
time="2024-05-28T20:09:16.205141348-06:00" level=debug msg="Invoking: gptj-python-rsryg16rhcb2lt3ui74t.default.192.168.1.240.sslip.io:80"
time="2024-05-28T20:09:16.216337721-06:00" level=debug msg="Invoked gptj-python-rsryg16rhcb2lt3ui74t.default.192.168.1.240.sslip.io in 11206 usec\n"
time="2024-05-28T20:09:23.673179969-06:00" level=debug msg="Minute: 8"
time="2024-05-28T20:09:23.673317983-06:00" level=debug msg="Number of Invocations this iteration: 8"
time="2024-05-28T20:09:23.673384559-06:00" level=debug msg="Invoking: cartservice-9xr1uxoveiaq0i5yf1m5.default.192.168.1.240.sslip.io:80"
time="2024-05-28T20:09:23.686380325-06:00" level=debug msg="Invoked cartservice-9xr1uxoveiaq0i5yf1m5.default.192.168.1.240.sslip.io in 12992 usec\n"
time="2024-05-28T20:09:31.177129795-06:00" level=debug msg="Invoking: gptj-python-rsryg16rhcb2lt3ui74t.default.192.168.1.240.sslip.io:80"
time="2024-05-28T20:09:31.187085871-06:00" level=debug msg="Invoked gptj-python-rsryg16rhcb2lt3ui74t.default.192.168.1.240.sslip.io in 9967 usec\n"
time="2024-05-28T20:09:38.68123052-06:00" level=debug msg="Invoking: gptj-python-rsryg16rhcb2lt3ui74t.default.192.168.1.240.sslip.io:80"
time="2024-05-28T20:09:38.691846852-06:00" level=debug msg="Invoked gptj-python-rsryg16rhcb2lt3ui74t.default.192.168.1.240.sslip.io in 10626 usec\n"
time="2024-05-28T20:09:46.18525119-06:00" level=debug msg="Invoking: gptj-python-rsryg16rhcb2lt3ui74t.default.192.168.1.240.sslip.io:80"
time="2024-05-28T20:09:46.198631376-06:00" level=debug msg="Invoked gptj-python-rsryg16rhcb2lt3ui74t.default.192.168.1.240.sslip.io in 13389 usec\n"
time="2024-05-28T20:09:53.689401352-06:00" level=debug msg="Invoking: cartservice-9xr1uxoveiaq0i5yf1m5.default.192.168.1.240.sslip.io:80"
time="2024-05-28T20:09:53.702083513-06:00" level=debug msg="Invoked cartservice-9xr1uxoveiaq0i5yf1m5.default.192.168.1.240.sslip.io in 12693 usec\n"
time="2024-05-28T20:10:01.193174452-06:00" level=debug msg="Invoking: gptj-python-rsryg16rhcb2lt3ui74t.default.192.168.1.240.sslip.io:80"
time="2024-05-28T20:10:01.203035641-06:00" level=debug msg="Invoked gptj-python-rsryg16rhcb2lt3ui74t.default.192.168.1.240.sslip.io in 9873 usec\n"
time="2024-05-28T20:10:08.697111354-06:00" level=debug msg="Invoking: gptj-python-rsryg16rhcb2lt3ui74t.default.192.168.1.240.sslip.io:80"
time="2024-05-28T20:10:08.707647236-06:00" level=debug msg="Invoked gptj-python-rsryg16rhcb2lt3ui74t.default.192.168.1.240.sslip.io in 10547 usec\n"
time="2024-05-28T20:10:16.201110533-06:00" level=debug msg="Invoking: gptj-python-rsryg16rhcb2lt3ui74t.default.192.168.1.240.sslip.io:80"
time="2024-05-28T20:10:16.211457057-06:00" level=debug msg="Invoked gptj-python-rsryg16rhcb2lt3ui74t.default.192.168.1.240.sslip.io in 10356 usec\n"
time="2024-05-28T20:10:23.67474302-06:00" level=debug msg="Minute: 9"
time="2024-05-28T20:10:23.674844622-06:00" level=debug msg="Number of Invocations this iteration: 8"
time="2024-05-28T20:10:23.67489843-06:00" level=debug msg="Invoking: cartservice-9xr1uxoveiaq0i5yf1m5.default.192.168.1.240.sslip.io:80"
time="2024-05-28T20:10:23.687805168-06:00" level=debug msg="Invoked cartservice-9xr1uxoveiaq0i5yf1m5.default.192.168.1.240.sslip.io in 12890 usec\n"
time="2024-05-28T20:10:31.181427257-06:00" level=debug msg="Invoking: gptj-python-rsryg16rhcb2lt3ui74t.default.192.168.1.240.sslip.io:80"
time="2024-05-28T20:10:31.191957809-06:00" level=debug msg="Invoked gptj-python-rsryg16rhcb2lt3ui74t.default.192.168.1.240.sslip.io in 10539 usec\n"
time="2024-05-28T20:10:38.685179707-06:00" level=debug msg="Invoking: gptj-python-rsryg16rhcb2lt3ui74t.default.192.168.1.240.sslip.io:80"
time="2024-05-28T20:10:38.695492185-06:00" level=debug msg="Invoked gptj-python-rsryg16rhcb2lt3ui74t.default.192.168.1.240.sslip.io in 10321 usec\n"
time="2024-05-28T20:10:46.189669254-06:00" level=debug msg="Invoking: gptj-python-rsryg16rhcb2lt3ui74t.default.192.168.1.240.sslip.io:80"
time="2024-05-28T20:10:46.198020302-06:00" level=debug msg="Invoked gptj-python-rsryg16rhcb2lt3ui74t.default.192.168.1.240.sslip.io in 8377 usec\n"
time="2024-05-28T20:10:53.696576584-06:00" level=debug msg="Invoking: cartservice-9xr1uxoveiaq0i5yf1m5.default.192.168.1.240.sslip.io:80"
time="2024-05-28T20:10:53.710599109-06:00" level=debug msg="Invoked cartservice-9xr1uxoveiaq0i5yf1m5.default.192.168.1.240.sslip.io in 14030 usec\n"
time="2024-05-28T20:11:01.20387152-06:00" level=debug msg="Invoking: gptj-python-rsryg16rhcb2lt3ui74t.default.192.168.1.240.sslip.io:80"
time="2024-05-28T20:11:01.212608208-06:00" level=debug msg="Invoked gptj-python-rsryg16rhcb2lt3ui74t.default.192.168.1.240.sslip.io in 8748 usec\n"
time="2024-05-28T20:11:08.709154985-06:00" level=debug msg="Invoking: gptj-python-rsryg16rhcb2lt3ui74t.default.192.168.1.240.sslip.io:80"
time="2024-05-28T20:11:08.719949786-06:00" level=debug msg="Invoked gptj-python-rsryg16rhcb2lt3ui74t.default.192.168.1.240.sslip.io in 10809 usec\n"
time="2024-05-28T20:11:16.213150323-06:00" level=debug msg="Invoking: gptj-python-rsryg16rhcb2lt3ui74t.default.192.168.1.240.sslip.io:80"
time="2024-05-28T20:11:16.221895086-06:00" level=debug msg="Invoked gptj-python-rsryg16rhcb2lt3ui74t.default.192.168.1.240.sslip.io in 8756 usec\n"
time="2024-05-28T20:11:23.67321704-06:00" level=debug msg="Minute: 10"
time="2024-05-28T20:11:23.673355584-06:00" level=debug msg="Number of Invocations this iteration: 8"
time="2024-05-28T20:11:23.673447312-06:00" level=debug msg="Invoking: rnn-serving-python-10-10-os8f9d57zrtmyak04rqx.default.192.168.1.240.sslip.io:80"
time="2024-05-28T20:11:31.177161827-06:00" level=debug msg="Invoking: gptj-python-rsryg16rhcb2lt3ui74t.default.192.168.1.240.sslip.io:80"
time="2024-05-28T20:11:31.187902304-06:00" level=debug msg="Invoked gptj-python-rsryg16rhcb2lt3ui74t.default.192.168.1.240.sslip.io in 10751 usec\n"
time="2024-05-28T20:11:34.375735647-06:00" level=debug msg="Invoked rnn-serving-python-10-10-os8f9d57zrtmyak04rqx.default.192.168.1.240.sslip.io in 10702290 usec\n"
time="2024-05-28T20:11:38.678212365-06:00" level=debug msg="Invoking: gptj-python-rsryg16rhcb2lt3ui74t.default.192.168.1.240.sslip.io:80"
time="2024-05-28T20:11:38.688528363-06:00" level=debug msg="Invoked gptj-python-rsryg16rhcb2lt3ui74t.default.192.168.1.240.sslip.io in 10322 usec\n"
time="2024-05-28T20:11:46.181200805-06:00" level=debug msg="Invoking: gptj-python-rsryg16rhcb2lt3ui74t.default.192.168.1.240.sslip.io:80"
time="2024-05-28T20:11:46.191838959-06:00" level=debug msg="Invoked gptj-python-rsryg16rhcb2lt3ui74t.default.192.168.1.240.sslip.io in 10675 usec\n"
time="2024-05-28T20:11:53.685189241-06:00" level=debug msg="Invoking: cartservice-9xr1uxoveiaq0i5yf1m5.default.192.168.1.240.sslip.io:80"
time="2024-05-28T20:11:59.075883128-06:00" level=debug msg="Invoked cartservice-9xr1uxoveiaq0i5yf1m5.default.192.168.1.240.sslip.io in 5390706 usec\n"
time="2024-05-28T20:12:01.186185557-06:00" level=debug msg="Invoking: gptj-python-rsryg16rhcb2lt3ui74t.default.192.168.1.240.sslip.io:80"
time="2024-05-28T20:12:01.19694484-06:00" level=debug msg="Invoked gptj-python-rsryg16rhcb2lt3ui74t.default.192.168.1.240.sslip.io in 10771 usec\n"
time="2024-05-28T20:12:08.693204571-06:00" level=debug msg="Invoking: gptj-python-rsryg16rhcb2lt3ui74t.default.192.168.1.240.sslip.io:80"
time="2024-05-28T20:12:08.703376672-06:00" level=debug msg="Invoked gptj-python-rsryg16rhcb2lt3ui74t.default.192.168.1.240.sslip.io in 10183 usec\n"
time="2024-05-28T20:12:16.197166831-06:00" level=debug msg="Invoking: gptj-python-rsryg16rhcb2lt3ui74t.default.192.168.1.240.sslip.io:80"
time="2024-05-28T20:12:16.20676172-06:00" level=debug msg="Invoked gptj-python-rsryg16rhcb2lt3ui74t.default.192.168.1.240.sslip.io in 9636 usec\n"
time="2024-05-28T20:12:23.673209635-06:00" level=debug msg="Minute: 11"
time="2024-05-28T20:12:23.673314012-06:00" level=debug msg="Number of Invocations this iteration: 8"
time="2024-05-28T20:12:23.673410414-06:00" level=debug msg="Invoking: image-rotate-go-6-qlufoeykttcy2aqxhd69.default.192.168.1.240.sslip.io:80"
time="2024-05-28T20:12:30.825350064-06:00" level=debug msg="Invoked image-rotate-go-6-qlufoeykttcy2aqxhd69.default.192.168.1.240.sslip.io in 7151937 usec\n"
time="2024-05-28T20:12:31.173624668-06:00" level=debug msg="Invoking: gptj-python-rsryg16rhcb2lt3ui74t.default.192.168.1.240.sslip.io:80"
time="2024-05-28T20:12:31.190403233-06:00" level=debug msg="Invoked gptj-python-rsryg16rhcb2lt3ui74t.default.192.168.1.240.sslip.io in 16793 usec\n"
time="2024-05-28T20:12:38.680797235-06:00" level=debug msg="Invoking: gptj-python-rsryg16rhcb2lt3ui74t.default.192.168.1.240.sslip.io:80"
time="2024-05-28T20:12:38.690536435-06:00" level=debug msg="Invoked gptj-python-rsryg16rhcb2lt3ui74t.default.192.168.1.240.sslip.io in 9766 usec\n"
time="2024-05-28T20:12:46.185132198-06:00" level=debug msg="Invoking: gptj-python-rsryg16rhcb2lt3ui74t.default.192.168.1.240.sslip.io:80"
time="2024-05-28T20:12:46.193238277-06:00" level=debug msg="Invoked gptj-python-rsryg16rhcb2lt3ui74t.default.192.168.1.240.sslip.io in 8120 usec\n"
time="2024-05-28T20:12:53.690724617-06:00" level=debug msg="Invoking: cartservice-9xr1uxoveiaq0i5yf1m5.default.192.168.1.240.sslip.io:80"
time="2024-05-28T20:12:53.720494641-06:00" level=debug msg="Invoked cartservice-9xr1uxoveiaq0i5yf1m5.default.192.168.1.240.sslip.io in 29771 usec\n"
time="2024-05-28T20:13:01.19100902-06:00" level=debug msg="Invoking: gptj-python-rsryg16rhcb2lt3ui74t.default.192.168.1.240.sslip.io:80"
time="2024-05-28T20:13:01.201444638-06:00" level=debug msg="Invoked gptj-python-rsryg16rhcb2lt3ui74t.default.192.168.1.240.sslip.io in 10505 usec\n"
time="2024-05-28T20:13:08.69722114-06:00" level=debug msg="Invoking: gptj-python-rsryg16rhcb2lt3ui74t.default.192.168.1.240.sslip.io:80"
time="2024-05-28T20:13:08.707254147-06:00" level=debug msg="Invoked gptj-python-rsryg16rhcb2lt3ui74t.default.192.168.1.240.sslip.io in 10043 usec\n"
time="2024-05-28T20:13:16.201086398-06:00" level=debug msg="Invoking: gptj-python-rsryg16rhcb2lt3ui74t.default.192.168.1.240.sslip.io:80"
time="2024-05-28T20:13:16.20976576-06:00" level=debug msg="Invoked gptj-python-rsryg16rhcb2lt3ui74t.default.192.168.1.240.sslip.io in 8685 usec\n"
time="2024-05-28T20:13:23.673127464-06:00" level=debug msg="Minute: 12"
time="2024-05-28T20:13:23.673274438-06:00" level=debug msg="Number of Invocations this iteration: 8"
time="2024-05-28T20:13:23.673357617-06:00" level=debug msg="Invoking: cartservice-9xr1uxoveiaq0i5yf1m5.default.192.168.1.240.sslip.io:80"
time="2024-05-28T20:13:23.686875497-06:00" level=debug msg="Invoked cartservice-9xr1uxoveiaq0i5yf1m5.default.192.168.1.240.sslip.io in 13516 usec\n"
time="2024-05-28T20:13:31.179609432-06:00" level=debug msg="Invoking: gptj-python-rsryg16rhcb2lt3ui74t.default.192.168.1.240.sslip.io:80"
time="2024-05-28T20:13:31.189301841-06:00" level=debug msg="Invoked gptj-python-rsryg16rhcb2lt3ui74t.default.192.168.1.240.sslip.io in 9702 usec\n"
time="2024-05-28T20:13:38.685155854-06:00" level=debug msg="Invoking: gptj-python-rsryg16rhcb2lt3ui74t.default.192.168.1.240.sslip.io:80"
time="2024-05-28T20:13:38.694607152-06:00" level=debug msg="Invoked gptj-python-rsryg16rhcb2lt3ui74t.default.192.168.1.240.sslip.io in 9456 usec\n"
time="2024-05-28T20:13:46.191559369-06:00" level=debug msg="Invoking: gptj-python-rsryg16rhcb2lt3ui74t.default.192.168.1.240.sslip.io:80"
time="2024-05-28T20:13:46.201510326-06:00" level=debug msg="Invoked gptj-python-rsryg16rhcb2lt3ui74t.default.192.168.1.240.sslip.io in 9959 usec\n"
time="2024-05-28T20:13:53.698962347-06:00" level=debug msg="Invoking: cartservice-9xr1uxoveiaq0i5yf1m5.default.192.168.1.240.sslip.io:80"
time="2024-05-28T20:13:53.711374134-06:00" level=debug msg="Invoked cartservice-9xr1uxoveiaq0i5yf1m5.default.192.168.1.240.sslip.io in 12417 usec\n"
time="2024-05-28T20:14:01.205222876-06:00" level=debug msg="Invoking: gptj-python-rsryg16rhcb2lt3ui74t.default.192.168.1.240.sslip.io:80"
time="2024-05-28T20:14:01.21552092-06:00" level=debug msg="Invoked gptj-python-rsryg16rhcb2lt3ui74t.default.192.168.1.240.sslip.io in 10304 usec\n"
time="2024-05-28T20:14:08.709099684-06:00" level=debug msg="Invoking: gptj-python-rsryg16rhcb2lt3ui74t.default.192.168.1.240.sslip.io:80"
time="2024-05-28T20:14:08.719040133-06:00" level=debug msg="Invoked gptj-python-rsryg16rhcb2lt3ui74t.default.192.168.1.240.sslip.io in 9948 usec\n"
time="2024-05-28T20:14:16.213148847-06:00" level=debug msg="Invoking: gptj-python-rsryg16rhcb2lt3ui74t.default.192.168.1.240.sslip.io:80"
time="2024-05-28T20:14:16.223314984-06:00" level=debug msg="Invoked gptj-python-rsryg16rhcb2lt3ui74t.default.192.168.1.240.sslip.io in 10179 usec\n"
time="2024-05-28T20:14:23.673182098-06:00" level=debug msg="Minute: 13"
time="2024-05-28T20:14:23.673259457-06:00" level=debug msg="Number of Invocations this iteration: 8"
time="2024-05-28T20:14:23.673326602-06:00" level=debug msg="Invoking: cartservice-9xr1uxoveiaq0i5yf1m5.default.192.168.1.240.sslip.io:80"
time="2024-05-28T20:14:23.686291423-06:00" level=debug msg="Invoked cartservice-9xr1uxoveiaq0i5yf1m5.default.192.168.1.240.sslip.io in 12961 usec\n"
time="2024-05-28T20:14:31.177175537-06:00" level=debug msg="Invoking: gptj-python-rsryg16rhcb2lt3ui74t.default.192.168.1.240.sslip.io:80"
time="2024-05-28T20:14:31.189340371-06:00" level=debug msg="Invoked gptj-python-rsryg16rhcb2lt3ui74t.default.192.168.1.240.sslip.io in 12168 usec\n"
time="2024-05-28T20:14:38.682519805-06:00" level=debug msg="Invoking: gptj-python-rsryg16rhcb2lt3ui74t.default.192.168.1.240.sslip.io:80"
time="2024-05-28T20:14:38.692701389-06:00" level=debug msg="Invoked gptj-python-rsryg16rhcb2lt3ui74t.default.192.168.1.240.sslip.io in 10191 usec\n"
time="2024-05-28T20:14:46.189192959-06:00" level=debug msg="Invoking: gptj-python-rsryg16rhcb2lt3ui74t.default.192.168.1.240.sslip.io:80"
time="2024-05-28T20:14:46.200098444-06:00" level=debug msg="Invoked gptj-python-rsryg16rhcb2lt3ui74t.default.192.168.1.240.sslip.io in 10937 usec\n"
time="2024-05-28T20:14:53.696442148-06:00" level=debug msg="Invoking: cartservice-9xr1uxoveiaq0i5yf1m5.default.192.168.1.240.sslip.io:80"
time="2024-05-28T20:14:53.71001268-06:00" level=debug msg="Invoked cartservice-9xr1uxoveiaq0i5yf1m5.default.192.168.1.240.sslip.io in 13582 usec\n"
time="2024-05-28T20:15:01.197312664-06:00" level=debug msg="Invoking: gptj-python-rsryg16rhcb2lt3ui74t.default.192.168.1.240.sslip.io:80"
time="2024-05-28T20:15:01.20879477-06:00" level=debug msg="Invoked gptj-python-rsryg16rhcb2lt3ui74t.default.192.168.1.240.sslip.io in 11538 usec\n"
time="2024-05-28T20:15:08.70173455-06:00" level=debug msg="Invoking: gptj-python-rsryg16rhcb2lt3ui74t.default.192.168.1.240.sslip.io:80"
time="2024-05-28T20:15:08.71363659-06:00" level=debug msg="Invoked gptj-python-rsryg16rhcb2lt3ui74t.default.192.168.1.240.sslip.io in 11910 usec\n"
time="2024-05-28T20:15:16.208289269-06:00" level=debug msg="Invoking: gptj-python-rsryg16rhcb2lt3ui74t.default.192.168.1.240.sslip.io:80"
time="2024-05-28T20:15:16.21867134-06:00" level=debug msg="Invoked gptj-python-rsryg16rhcb2lt3ui74t.default.192.168.1.240.sslip.io in 10393 usec\n"
time="2024-05-28T20:15:23.673179824-06:00" level=info msg="Experiment Phase Completed"
time="2024-05-28T20:15:23.673308518-06:00" level=info msg="Issued / completed requests: 112, 112"
time="2024-05-28T20:15:23.673345073-06:00" level=info msg="Average Real RPS: 0.13 "
time="2024-05-28T20:15:23.673372574-06:00" level=info msg="Experiment finished!"
time="2024-05-28T20:15:23.67339986-06:00" level=info msg="The measured latencies are saved in rps_lat.csv"
