time="2024-05-28T19:03:10.033214696-06:00" level=debug msg="Debug logging is enabled"
time="2024-05-28T19:03:10.03341125-06:00" level=info msg="Reading the trace endpoints from the file: /users/ArunAMS/vSwarm/tools/load-generator/load.json"
time="2024-05-28T19:03:10.03490784-06:00" level=info msg="Warmup Duration: 3"
time="2024-05-28T19:03:10.034935488-06:00" level=info msg="Experiment Duration: 11"
time="2024-05-28T19:03:10.034957284-06:00" level=info msg="Minute Granularity: true"
time="2024-05-28T19:04:10.093373534-06:00" level=info msg="Running Warmup Phase"
time="2024-05-28T19:04:10.093448995-06:00" level=debug msg="Minute: 0"
time="2024-05-28T19:04:10.093524525-06:00" level=debug msg="Number of Invocations this iteration: 8"
time="2024-05-28T19:04:10.093628536-06:00" level=debug msg="Invoking: cartservice-cqhqc3e2qakco07sui6k.default.192.168.1.240.sslip.io:80"
time="2024-05-28T19:04:17.594722033-06:00" level=debug msg="Invoking: gptj-python-asa451j36tksgm81hj47.default.192.168.1.240.sslip.io:80"
time="2024-05-28T19:04:25.095097422-06:00" level=debug msg="Invoking: gptj-python-asa451j36tksgm81hj47.default.192.168.1.240.sslip.io:80"
time="2024-05-28T19:04:32.601404982-06:00" level=debug msg="Invoking: gptj-python-asa451j36tksgm81hj47.default.192.168.1.240.sslip.io:80"
time="2024-05-28T19:04:40.105374159-06:00" level=debug msg="Invoking: cartservice-cqhqc3e2qakco07sui6k.default.192.168.1.240.sslip.io:80"
time="2024-05-28T19:04:47.612162356-06:00" level=debug msg="Invoking: gptj-python-asa451j36tksgm81hj47.default.192.168.1.240.sslip.io:80"
time="2024-05-28T19:04:55.11736933-06:00" level=debug msg="Invoking: gptj-python-asa451j36tksgm81hj47.default.192.168.1.240.sslip.io:80"
time="2024-05-28T19:05:02.621340292-06:00" level=debug msg="Invoking: gptj-python-asa451j36tksgm81hj47.default.192.168.1.240.sslip.io:80"
time="2024-05-28T19:05:10.041333224-06:00" level=debug msg="Minute: 1"
time="2024-05-28T19:05:10.0413993-06:00" level=debug msg="Number of Invocations this iteration: 8"
time="2024-05-28T19:05:10.041454601-06:00" level=debug msg="Invoking: image-rotate-go-6-xih9jbgnn7kc45o3to7j.default.192.168.1.240.sslip.io:80"
time="2024-05-28T19:05:17.542486783-06:00" level=debug msg="Invoking: gptj-python-asa451j36tksgm81hj47.default.192.168.1.240.sslip.io:80"
time="2024-05-28T19:05:25.04939261-06:00" level=debug msg="Invoking: gptj-python-asa451j36tksgm81hj47.default.192.168.1.240.sslip.io:80"
time="2024-05-28T19:05:32.553461482-06:00" level=debug msg="Invoking: gptj-python-asa451j36tksgm81hj47.default.192.168.1.240.sslip.io:80"
time="2024-05-28T19:05:40.057395771-06:00" level=debug msg="Invoking: cartservice-cqhqc3e2qakco07sui6k.default.192.168.1.240.sslip.io:80"
time="2024-05-28T19:05:47.561579994-06:00" level=debug msg="Invoking: gptj-python-asa451j36tksgm81hj47.default.192.168.1.240.sslip.io:80"
time="2024-05-28T19:05:55.068594302-06:00" level=debug msg="Invoking: gptj-python-asa451j36tksgm81hj47.default.192.168.1.240.sslip.io:80"
time="2024-05-28T19:06:02.573413444-06:00" level=debug msg="Invoking: gptj-python-asa451j36tksgm81hj47.default.192.168.1.240.sslip.io:80"
time="2024-05-28T19:06:10.041579592-06:00" level=debug msg="Minute: 2"
time="2024-05-28T19:06:10.041686918-06:00" level=debug msg="Number of Invocations this iteration: 8"
time="2024-05-28T19:06:10.041758073-06:00" level=debug msg="Invoking: cartservice-cqhqc3e2qakco07sui6k.default.192.168.1.240.sslip.io:80"
time="2024-05-28T19:06:17.545380014-06:00" level=debug msg="Invoking: gptj-python-asa451j36tksgm81hj47.default.192.168.1.240.sslip.io:80"
time="2024-05-28T19:06:25.049283673-06:00" level=debug msg="Invoking: gptj-python-asa451j36tksgm81hj47.default.192.168.1.240.sslip.io:80"
time="2024-05-28T19:06:32.553376907-06:00" level=debug msg="Invoking: gptj-python-asa451j36tksgm81hj47.default.192.168.1.240.sslip.io:80"
time="2024-05-28T19:06:40.057404584-06:00" level=debug msg="Invoking: cartservice-cqhqc3e2qakco07sui6k.default.192.168.1.240.sslip.io:80"
time="2024-05-28T19:06:47.561368474-06:00" level=debug msg="Invoking: gptj-python-asa451j36tksgm81hj47.default.192.168.1.240.sslip.io:80"
time="2024-05-28T19:06:55.06545398-06:00" level=debug msg="Invoking: gptj-python-asa451j36tksgm81hj47.default.192.168.1.240.sslip.io:80"
time="2024-05-28T19:07:02.57237494-06:00" level=debug msg="Invoking: gptj-python-asa451j36tksgm81hj47.default.192.168.1.240.sslip.io:80"
time="2024-05-28T19:07:10.041362773-06:00" level=info msg="Warmup Phase Completed"
time="2024-05-28T19:07:10.04144978-06:00" level=info msg="Running Experiment Phase"
time="2024-05-28T19:07:10.041478801-06:00" level=debug msg="Minute: 3"
time="2024-05-28T19:07:10.041560232-06:00" level=debug msg="Number of Invocations this iteration: 8"
time="2024-05-28T19:07:10.041659308-06:00" level=debug msg="Invoking: cartservice-cqhqc3e2qakco07sui6k.default.192.168.1.240.sslip.io:80"
time="2024-05-28T19:07:10.054193584-06:00" level=debug msg="Invoked cartservice-cqhqc3e2qakco07sui6k.default.192.168.1.240.sslip.io in 12531 usec\n"
time="2024-05-28T19:07:17.545405033-06:00" level=debug msg="Invoking: gptj-python-asa451j36tksgm81hj47.default.192.168.1.240.sslip.io:80"
time="2024-05-28T19:07:17.555563186-06:00" level=debug msg="Invoked gptj-python-asa451j36tksgm81hj47.default.192.168.1.240.sslip.io in 10168 usec\n"
time="2024-05-28T19:07:25.053079297-06:00" level=debug msg="Invoking: gptj-python-asa451j36tksgm81hj47.default.192.168.1.240.sslip.io:80"
time="2024-05-28T19:07:25.063481716-06:00" level=debug msg="Invoked gptj-python-asa451j36tksgm81hj47.default.192.168.1.240.sslip.io in 10410 usec\n"
time="2024-05-28T19:07:32.557446381-06:00" level=debug msg="Invoking: gptj-python-asa451j36tksgm81hj47.default.192.168.1.240.sslip.io:80"
time="2024-05-28T19:07:32.567408878-06:00" level=debug msg="Invoked gptj-python-asa451j36tksgm81hj47.default.192.168.1.240.sslip.io in 10017 usec\n"
time="2024-05-28T19:07:40.063513046-06:00" level=debug msg="Invoking: cartservice-cqhqc3e2qakco07sui6k.default.192.168.1.240.sslip.io:80"
time="2024-05-28T19:07:40.075190185-06:00" level=debug msg="Invoked cartservice-cqhqc3e2qakco07sui6k.default.192.168.1.240.sslip.io in 11687 usec\n"
time="2024-05-28T19:07:47.565475964-06:00" level=debug msg="Invoking: gptj-python-asa451j36tksgm81hj47.default.192.168.1.240.sslip.io:80"
time="2024-05-28T19:07:47.57677586-06:00" level=debug msg="Invoked gptj-python-asa451j36tksgm81hj47.default.192.168.1.240.sslip.io in 11415 usec\n"
time="2024-05-28T19:07:55.069402123-06:00" level=debug msg="Invoking: gptj-python-asa451j36tksgm81hj47.default.192.168.1.240.sslip.io:80"
time="2024-05-28T19:07:55.079842307-06:00" level=debug msg="Invoked gptj-python-asa451j36tksgm81hj47.default.192.168.1.240.sslip.io in 10449 usec\n"
time="2024-05-28T19:08:02.57341066-06:00" level=debug msg="Invoking: gptj-python-asa451j36tksgm81hj47.default.192.168.1.240.sslip.io:80"
time="2024-05-28T19:08:02.583556836-06:00" level=debug msg="Invoked gptj-python-asa451j36tksgm81hj47.default.192.168.1.240.sslip.io in 10181 usec\n"
time="2024-05-28T19:08:10.041312876-06:00" level=debug msg="Minute: 4"
time="2024-05-28T19:08:10.04139425-06:00" level=debug msg="Number of Invocations this iteration: 8"
time="2024-05-28T19:08:10.041481346-06:00" level=debug msg="Invoking: rnn-serving-python-10-10-8jt4fg6t0lhsn6nsy56q.default.192.168.1.240.sslip.io:80"
time="2024-05-28T19:08:17.545406967-06:00" level=debug msg="Invoking: gptj-python-asa451j36tksgm81hj47.default.192.168.1.240.sslip.io:80"
time="2024-05-28T19:08:17.556586194-06:00" level=debug msg="Invoked gptj-python-asa451j36tksgm81hj47.default.192.168.1.240.sslip.io in 11192 usec\n"
time="2024-05-28T19:08:20.901805708-06:00" level=debug msg="Invoked rnn-serving-python-10-10-8jt4fg6t0lhsn6nsy56q.default.192.168.1.240.sslip.io in 10860322 usec\n"
time="2024-05-28T19:08:25.046474918-06:00" level=debug msg="Invoking: gptj-python-asa451j36tksgm81hj47.default.192.168.1.240.sslip.io:80"
time="2024-05-28T19:08:25.057252681-06:00" level=debug msg="Invoked gptj-python-asa451j36tksgm81hj47.default.192.168.1.240.sslip.io in 10773 usec\n"
time="2024-05-28T19:08:32.553377685-06:00" level=debug msg="Invoking: gptj-python-asa451j36tksgm81hj47.default.192.168.1.240.sslip.io:80"
time="2024-05-28T19:08:32.563941115-06:00" level=debug msg="Invoked gptj-python-asa451j36tksgm81hj47.default.192.168.1.240.sslip.io in 10570 usec\n"
time="2024-05-28T19:08:40.057344174-06:00" level=debug msg="Invoking: cartservice-cqhqc3e2qakco07sui6k.default.192.168.1.240.sslip.io:80"
time="2024-05-28T19:08:40.068418399-06:00" level=debug msg="Invoked cartservice-cqhqc3e2qakco07sui6k.default.192.168.1.240.sslip.io in 11096 usec\n"
time="2024-05-28T19:08:47.562421219-06:00" level=debug msg="Invoking: gptj-python-asa451j36tksgm81hj47.default.192.168.1.240.sslip.io:80"
time="2024-05-28T19:08:47.572975171-06:00" level=debug msg="Invoked gptj-python-asa451j36tksgm81hj47.default.192.168.1.240.sslip.io in 10601 usec\n"
time="2024-05-28T19:08:55.066592423-06:00" level=debug msg="Invoking: gptj-python-asa451j36tksgm81hj47.default.192.168.1.240.sslip.io:80"
time="2024-05-28T19:08:55.078993057-06:00" level=debug msg="Invoked gptj-python-asa451j36tksgm81hj47.default.192.168.1.240.sslip.io in 12407 usec\n"
time="2024-05-28T19:09:02.569793914-06:00" level=debug msg="Invoking: gptj-python-asa451j36tksgm81hj47.default.192.168.1.240.sslip.io:80"
time="2024-05-28T19:09:02.580610027-06:00" level=debug msg="Invoked gptj-python-asa451j36tksgm81hj47.default.192.168.1.240.sslip.io in 10828 usec\n"
time="2024-05-28T19:09:10.041373097-06:00" level=debug msg="Minute: 5"
time="2024-05-28T19:09:10.041472629-06:00" level=debug msg="Number of Invocations this iteration: 8"
time="2024-05-28T19:09:10.041560051-06:00" level=debug msg="Invoking: cartservice-cqhqc3e2qakco07sui6k.default.192.168.1.240.sslip.io:80"
time="2024-05-28T19:09:10.053950367-06:00" level=debug msg="Invoked cartservice-cqhqc3e2qakco07sui6k.default.192.168.1.240.sslip.io in 12390 usec\n"
time="2024-05-28T19:09:17.548429328-06:00" level=debug msg="Invoking: gptj-python-asa451j36tksgm81hj47.default.192.168.1.240.sslip.io:80"
time="2024-05-28T19:09:17.559372585-06:00" level=debug msg="Invoked gptj-python-asa451j36tksgm81hj47.default.192.168.1.240.sslip.io in 10950 usec\n"
time="2024-05-28T19:09:25.053345491-06:00" level=debug msg="Invoking: gptj-python-asa451j36tksgm81hj47.default.192.168.1.240.sslip.io:80"
time="2024-05-28T19:09:25.063152131-06:00" level=debug msg="Invoked gptj-python-asa451j36tksgm81hj47.default.192.168.1.240.sslip.io in 9817 usec\n"
time="2024-05-28T19:09:32.560097544-06:00" level=debug msg="Invoking: gptj-python-asa451j36tksgm81hj47.default.192.168.1.240.sslip.io:80"
time="2024-05-28T19:09:32.570603246-06:00" level=debug msg="Invoked gptj-python-asa451j36tksgm81hj47.default.192.168.1.240.sslip.io in 10514 usec\n"
time="2024-05-28T19:09:40.065328377-06:00" level=debug msg="Invoking: cartservice-cqhqc3e2qakco07sui6k.default.192.168.1.240.sslip.io:80"
time="2024-05-28T19:09:40.077126794-06:00" level=debug msg="Invoked cartservice-cqhqc3e2qakco07sui6k.default.192.168.1.240.sslip.io in 11807 usec\n"
time="2024-05-28T19:09:47.566665783-06:00" level=debug msg="Invoking: gptj-python-asa451j36tksgm81hj47.default.192.168.1.240.sslip.io:80"
time="2024-05-28T19:09:47.577627866-06:00" level=debug msg="Invoked gptj-python-asa451j36tksgm81hj47.default.192.168.1.240.sslip.io in 11026 usec\n"
time="2024-05-28T19:09:55.072253759-06:00" level=debug msg="Invoking: gptj-python-asa451j36tksgm81hj47.default.192.168.1.240.sslip.io:80"
time="2024-05-28T19:09:55.082206397-06:00" level=debug msg="Invoked gptj-python-asa451j36tksgm81hj47.default.192.168.1.240.sslip.io in 9957 usec\n"
time="2024-05-28T19:10:02.577655362-06:00" level=debug msg="Invoking: gptj-python-asa451j36tksgm81hj47.default.192.168.1.240.sslip.io:80"
time="2024-05-28T19:10:02.588268178-06:00" level=debug msg="Invoked gptj-python-asa451j36tksgm81hj47.default.192.168.1.240.sslip.io in 10623 usec\n"
time="2024-05-28T19:10:10.041324014-06:00" level=debug msg="Minute: 6"
time="2024-05-28T19:10:10.041417353-06:00" level=debug msg="Number of Invocations this iteration: 8"
time="2024-05-28T19:10:10.041507577-06:00" level=debug msg="Invoking: image-rotate-go-6-xih9jbgnn7kc45o3to7j.default.192.168.1.240.sslip.io:80"
time="2024-05-28T19:10:17.545353022-06:00" level=debug msg="Invoking: gptj-python-asa451j36tksgm81hj47.default.192.168.1.240.sslip.io:80"
time="2024-05-28T19:10:17.556039669-06:00" level=debug msg="Invoked gptj-python-asa451j36tksgm81hj47.default.192.168.1.240.sslip.io in 10694 usec\n"
time="2024-05-28T19:10:22.248685887-06:00" level=debug msg="Invoked image-rotate-go-6-xih9jbgnn7kc45o3to7j.default.192.168.1.240.sslip.io in 12207176 usec\n"
time="2024-05-28T19:10:25.046430349-06:00" level=debug msg="Invoking: gptj-python-asa451j36tksgm81hj47.default.192.168.1.240.sslip.io:80"
time="2024-05-28T19:10:25.058214906-06:00" level=debug msg="Invoked gptj-python-asa451j36tksgm81hj47.default.192.168.1.240.sslip.io in 11798 usec\n"
time="2024-05-28T19:10:32.553440624-06:00" level=debug msg="Invoking: gptj-python-asa451j36tksgm81hj47.default.192.168.1.240.sslip.io:80"
time="2024-05-28T19:10:32.563886091-06:00" level=debug msg="Invoked gptj-python-asa451j36tksgm81hj47.default.192.168.1.240.sslip.io in 10453 usec\n"
time="2024-05-28T19:10:40.057686189-06:00" level=debug msg="Invoking: cartservice-cqhqc3e2qakco07sui6k.default.192.168.1.240.sslip.io:80"
time="2024-05-28T19:10:40.070442157-06:00" level=debug msg="Invoked cartservice-cqhqc3e2qakco07sui6k.default.192.168.1.240.sslip.io in 12763 usec\n"
time="2024-05-28T19:10:47.561314596-06:00" level=debug msg="Invoking: gptj-python-asa451j36tksgm81hj47.default.192.168.1.240.sslip.io:80"
time="2024-05-28T19:10:47.571631901-06:00" level=debug msg="Invoked gptj-python-asa451j36tksgm81hj47.default.192.168.1.240.sslip.io in 10323 usec\n"
time="2024-05-28T19:10:55.067978717-06:00" level=debug msg="Invoking: gptj-python-asa451j36tksgm81hj47.default.192.168.1.240.sslip.io:80"
time="2024-05-28T19:10:55.077674283-06:00" level=debug msg="Invoked gptj-python-asa451j36tksgm81hj47.default.192.168.1.240.sslip.io in 9703 usec\n"
time="2024-05-28T19:11:02.573535728-06:00" level=debug msg="Invoking: gptj-python-asa451j36tksgm81hj47.default.192.168.1.240.sslip.io:80"
time="2024-05-28T19:11:02.584047941-06:00" level=debug msg="Invoked gptj-python-asa451j36tksgm81hj47.default.192.168.1.240.sslip.io in 10526 usec\n"
time="2024-05-28T19:11:10.041398469-06:00" level=debug msg="Minute: 7"
time="2024-05-28T19:11:10.041495057-06:00" level=debug msg="Number of Invocations this iteration: 8"
time="2024-05-28T19:11:10.041587844-06:00" level=debug msg="Invoking: cartservice-cqhqc3e2qakco07sui6k.default.192.168.1.240.sslip.io:80"
time="2024-05-28T19:11:10.054133272-06:00" level=debug msg="Invoked cartservice-cqhqc3e2qakco07sui6k.default.192.168.1.240.sslip.io in 12543 usec\n"
time="2024-05-28T19:11:17.545580657-06:00" level=debug msg="Invoking: gptj-python-asa451j36tksgm81hj47.default.192.168.1.240.sslip.io:80"
time="2024-05-28T19:11:17.555727189-06:00" level=debug msg="Invoked gptj-python-asa451j36tksgm81hj47.default.192.168.1.240.sslip.io in 10160 usec\n"
time="2024-05-28T19:11:25.049337073-06:00" level=debug msg="Invoking: gptj-python-asa451j36tksgm81hj47.default.192.168.1.240.sslip.io:80"
time="2024-05-28T19:11:25.061084611-06:00" level=debug msg="Invoked gptj-python-asa451j36tksgm81hj47.default.192.168.1.240.sslip.io in 11755 usec\n"
time="2024-05-28T19:11:32.553317797-06:00" level=debug msg="Invoking: gptj-python-asa451j36tksgm81hj47.default.192.168.1.240.sslip.io:80"
time="2024-05-28T19:11:32.563399669-06:00" level=debug msg="Invoked gptj-python-asa451j36tksgm81hj47.default.192.168.1.240.sslip.io in 10090 usec\n"
time="2024-05-28T19:11:40.057408281-06:00" level=debug msg="Invoking: cartservice-cqhqc3e2qakco07sui6k.default.192.168.1.240.sslip.io:80"
time="2024-05-28T19:11:40.06996174-06:00" level=debug msg="Invoked cartservice-cqhqc3e2qakco07sui6k.default.192.168.1.240.sslip.io in 12565 usec\n"
time="2024-05-28T19:11:47.561424846-06:00" level=debug msg="Invoking: gptj-python-asa451j36tksgm81hj47.default.192.168.1.240.sslip.io:80"
time="2024-05-28T19:11:47.57440889-06:00" level=debug msg="Invoked gptj-python-asa451j36tksgm81hj47.default.192.168.1.240.sslip.io in 12989 usec\n"
time="2024-05-28T19:11:55.065329231-06:00" level=debug msg="Invoking: gptj-python-asa451j36tksgm81hj47.default.192.168.1.240.sslip.io:80"
time="2024-05-28T19:11:55.074516658-06:00" level=debug msg="Invoked gptj-python-asa451j36tksgm81hj47.default.192.168.1.240.sslip.io in 9198 usec\n"
time="2024-05-28T19:12:02.569517121-06:00" level=debug msg="Invoking: gptj-python-asa451j36tksgm81hj47.default.192.168.1.240.sslip.io:80"
time="2024-05-28T19:12:02.579853587-06:00" level=debug msg="Invoked gptj-python-asa451j36tksgm81hj47.default.192.168.1.240.sslip.io in 10345 usec\n"
time="2024-05-28T19:12:10.041347515-06:00" level=debug msg="Minute: 8"
time="2024-05-28T19:12:10.041508714-06:00" level=debug msg="Number of Invocations this iteration: 8"
time="2024-05-28T19:12:10.041590481-06:00" level=debug msg="Invoking: cartservice-cqhqc3e2qakco07sui6k.default.192.168.1.240.sslip.io:80"
time="2024-05-28T19:12:10.053667861-06:00" level=debug msg="Invoked cartservice-cqhqc3e2qakco07sui6k.default.192.168.1.240.sslip.io in 12075 usec\n"
time="2024-05-28T19:12:17.5454234-06:00" level=debug msg="Invoking: gptj-python-asa451j36tksgm81hj47.default.192.168.1.240.sslip.io:80"
time="2024-05-28T19:12:17.555702569-06:00" level=debug msg="Invoked gptj-python-asa451j36tksgm81hj47.default.192.168.1.240.sslip.io in 10293 usec\n"
time="2024-05-28T19:12:25.052995977-06:00" level=debug msg="Invoking: gptj-python-asa451j36tksgm81hj47.default.192.168.1.240.sslip.io:80"
time="2024-05-28T19:12:25.064349716-06:00" level=debug msg="Invoked gptj-python-asa451j36tksgm81hj47.default.192.168.1.240.sslip.io in 11364 usec\n"
time="2024-05-28T19:12:32.557445472-06:00" level=debug msg="Invoking: gptj-python-asa451j36tksgm81hj47.default.192.168.1.240.sslip.io:80"
time="2024-05-28T19:12:32.567956444-06:00" level=debug msg="Invoked gptj-python-asa451j36tksgm81hj47.default.192.168.1.240.sslip.io in 10526 usec\n"
time="2024-05-28T19:12:40.061364204-06:00" level=debug msg="Invoking: cartservice-cqhqc3e2qakco07sui6k.default.192.168.1.240.sslip.io:80"
time="2024-05-28T19:12:40.072625687-06:00" level=debug msg="Invoked cartservice-cqhqc3e2qakco07sui6k.default.192.168.1.240.sslip.io in 11268 usec\n"
time="2024-05-28T19:12:47.56535111-06:00" level=debug msg="Invoking: gptj-python-asa451j36tksgm81hj47.default.192.168.1.240.sslip.io:80"
time="2024-05-28T19:12:47.57565927-06:00" level=debug msg="Invoked gptj-python-asa451j36tksgm81hj47.default.192.168.1.240.sslip.io in 10319 usec\n"
time="2024-05-28T19:12:55.069400169-06:00" level=debug msg="Invoking: gptj-python-asa451j36tksgm81hj47.default.192.168.1.240.sslip.io:80"
time="2024-05-28T19:12:55.081800129-06:00" level=debug msg="Invoked gptj-python-asa451j36tksgm81hj47.default.192.168.1.240.sslip.io in 12407 usec\n"
time="2024-05-28T19:13:02.569508394-06:00" level=debug msg="Invoking: gptj-python-asa451j36tksgm81hj47.default.192.168.1.240.sslip.io:80"
time="2024-05-28T19:13:02.580001461-06:00" level=debug msg="Invoked gptj-python-asa451j36tksgm81hj47.default.192.168.1.240.sslip.io in 10525 usec\n"
time="2024-05-28T19:13:10.041339631-06:00" level=debug msg="Minute: 9"
time="2024-05-28T19:13:10.041454825-06:00" level=debug msg="Number of Invocations this iteration: 8"
time="2024-05-28T19:13:10.041553043-06:00" level=debug msg="Invoking: cartservice-cqhqc3e2qakco07sui6k.default.192.168.1.240.sslip.io:80"
time="2024-05-28T19:13:10.055810312-06:00" level=debug msg="Invoked cartservice-cqhqc3e2qakco07sui6k.default.192.168.1.240.sslip.io in 14254 usec\n"
time="2024-05-28T19:13:17.54541646-06:00" level=debug msg="Invoking: gptj-python-asa451j36tksgm81hj47.default.192.168.1.240.sslip.io:80"
time="2024-05-28T19:13:17.558206931-06:00" level=debug msg="Invoked gptj-python-asa451j36tksgm81hj47.default.192.168.1.240.sslip.io in 12825 usec\n"
time="2024-05-28T19:13:25.049366525-06:00" level=debug msg="Invoking: gptj-python-asa451j36tksgm81hj47.default.192.168.1.240.sslip.io:80"
time="2024-05-28T19:13:25.058844709-06:00" level=debug msg="Invoked gptj-python-asa451j36tksgm81hj47.default.192.168.1.240.sslip.io in 9487 usec\n"
time="2024-05-28T19:13:32.553421631-06:00" level=debug msg="Invoking: gptj-python-asa451j36tksgm81hj47.default.192.168.1.240.sslip.io:80"
time="2024-05-28T19:13:32.562983115-06:00" level=debug msg="Invoked gptj-python-asa451j36tksgm81hj47.default.192.168.1.240.sslip.io in 9573 usec\n"
time="2024-05-28T19:13:40.057372247-06:00" level=debug msg="Invoking: cartservice-cqhqc3e2qakco07sui6k.default.192.168.1.240.sslip.io:80"
time="2024-05-28T19:13:40.068435867-06:00" level=debug msg="Invoked cartservice-cqhqc3e2qakco07sui6k.default.192.168.1.240.sslip.io in 11104 usec\n"
time="2024-05-28T19:13:47.561410667-06:00" level=debug msg="Invoking: gptj-python-asa451j36tksgm81hj47.default.192.168.1.240.sslip.io:80"
time="2024-05-28T19:13:47.571872386-06:00" level=debug msg="Invoked gptj-python-asa451j36tksgm81hj47.default.192.168.1.240.sslip.io in 10470 usec\n"
time="2024-05-28T19:13:55.06218221-06:00" level=debug msg="Invoking: gptj-python-asa451j36tksgm81hj47.default.192.168.1.240.sslip.io:80"
time="2024-05-28T19:13:55.072949607-06:00" level=debug msg="Invoked gptj-python-asa451j36tksgm81hj47.default.192.168.1.240.sslip.io in 10845 usec\n"
time="2024-05-28T19:14:02.565395102-06:00" level=debug msg="Invoking: gptj-python-asa451j36tksgm81hj47.default.192.168.1.240.sslip.io:80"
time="2024-05-28T19:14:02.575773378-06:00" level=debug msg="Invoked gptj-python-asa451j36tksgm81hj47.default.192.168.1.240.sslip.io in 10391 usec\n"
time="2024-05-28T19:14:10.041289325-06:00" level=debug msg="Minute: 10"
time="2024-05-28T19:14:10.04136439-06:00" level=debug msg="Number of Invocations this iteration: 8"
time="2024-05-28T19:14:10.0414037-06:00" level=debug msg="Invoking: rnn-serving-python-10-10-8jt4fg6t0lhsn6nsy56q.default.192.168.1.240.sslip.io:80"
time="2024-05-28T19:14:17.545420547-06:00" level=debug msg="Invoking: gptj-python-asa451j36tksgm81hj47.default.192.168.1.240.sslip.io:80"
time="2024-05-28T19:14:17.555520006-06:00" level=debug msg="Invoked gptj-python-asa451j36tksgm81hj47.default.192.168.1.240.sslip.io in 10117 usec\n"
time="2024-05-28T19:14:20.859459525-06:00" level=debug msg="Invoked rnn-serving-python-10-10-8jt4fg6t0lhsn6nsy56q.default.192.168.1.240.sslip.io in 10818050 usec\n"
time="2024-05-28T19:14:25.049357081-06:00" level=debug msg="Invoking: gptj-python-asa451j36tksgm81hj47.default.192.168.1.240.sslip.io:80"
time="2024-05-28T19:14:25.057117506-06:00" level=debug msg="Invoked gptj-python-asa451j36tksgm81hj47.default.192.168.1.240.sslip.io in 7789 usec\n"
time="2024-05-28T19:14:32.55340076-06:00" level=debug msg="Invoking: gptj-python-asa451j36tksgm81hj47.default.192.168.1.240.sslip.io:80"
time="2024-05-28T19:14:32.563876654-06:00" level=debug msg="Invoked gptj-python-asa451j36tksgm81hj47.default.192.168.1.240.sslip.io in 10487 usec\n"
time="2024-05-28T19:14:40.057403771-06:00" level=debug msg="Invoking: cartservice-cqhqc3e2qakco07sui6k.default.192.168.1.240.sslip.io:80"
time="2024-05-28T19:14:40.069855125-06:00" level=debug msg="Invoked cartservice-cqhqc3e2qakco07sui6k.default.192.168.1.240.sslip.io in 12462 usec\n"
time="2024-05-28T19:14:47.56134297-06:00" level=debug msg="Invoking: gptj-python-asa451j36tksgm81hj47.default.192.168.1.240.sslip.io:80"
time="2024-05-28T19:14:47.57222604-06:00" level=debug msg="Invoked gptj-python-asa451j36tksgm81hj47.default.192.168.1.240.sslip.io in 10890 usec\n"
time="2024-05-28T19:14:55.067713283-06:00" level=debug msg="Invoking: gptj-python-asa451j36tksgm81hj47.default.192.168.1.240.sslip.io:80"
time="2024-05-28T19:14:55.078748993-06:00" level=debug msg="Invoked gptj-python-asa451j36tksgm81hj47.default.192.168.1.240.sslip.io in 11046 usec\n"
time="2024-05-28T19:15:02.573388259-06:00" level=debug msg="Invoking: gptj-python-asa451j36tksgm81hj47.default.192.168.1.240.sslip.io:80"
time="2024-05-28T19:15:02.584456572-06:00" level=debug msg="Invoked gptj-python-asa451j36tksgm81hj47.default.192.168.1.240.sslip.io in 11076 usec\n"
time="2024-05-28T19:15:10.041385563-06:00" level=debug msg="Minute: 11"
time="2024-05-28T19:15:10.041481483-06:00" level=debug msg="Number of Invocations this iteration: 8"
time="2024-05-28T19:15:10.041573705-06:00" level=debug msg="Invoking: image-rotate-go-6-xih9jbgnn7kc45o3to7j.default.192.168.1.240.sslip.io:80"
time="2024-05-28T19:15:17.223067592-06:00" level=debug msg="Invoked image-rotate-go-6-xih9jbgnn7kc45o3to7j.default.192.168.1.240.sslip.io in 7181491 usec\n"
time="2024-05-28T19:15:17.542429875-06:00" level=debug msg="Invoking: gptj-python-asa451j36tksgm81hj47.default.192.168.1.240.sslip.io:80"
time="2024-05-28T19:15:17.553957345-06:00" level=debug msg="Invoked gptj-python-asa451j36tksgm81hj47.default.192.168.1.240.sslip.io in 11557 usec\n"
time="2024-05-28T19:15:25.045386848-06:00" level=debug msg="Invoking: gptj-python-asa451j36tksgm81hj47.default.192.168.1.240.sslip.io:80"
time="2024-05-28T19:15:25.055531033-06:00" level=debug msg="Invoked gptj-python-asa451j36tksgm81hj47.default.192.168.1.240.sslip.io in 10155 usec\n"
time="2024-05-28T19:15:32.549368245-06:00" level=debug msg="Invoking: gptj-python-asa451j36tksgm81hj47.default.192.168.1.240.sslip.io:80"
time="2024-05-28T19:15:32.55923112-06:00" level=debug msg="Invoked gptj-python-asa451j36tksgm81hj47.default.192.168.1.240.sslip.io in 9877 usec\n"
time="2024-05-28T19:15:40.053417825-06:00" level=debug msg="Invoking: cartservice-cqhqc3e2qakco07sui6k.default.192.168.1.240.sslip.io:80"
time="2024-05-28T19:15:40.06543456-06:00" level=debug msg="Invoked cartservice-cqhqc3e2qakco07sui6k.default.192.168.1.240.sslip.io in 12029 usec\n"
time="2024-05-28T19:15:47.559027337-06:00" level=debug msg="Invoking: gptj-python-asa451j36tksgm81hj47.default.192.168.1.240.sslip.io:80"
time="2024-05-28T19:15:47.569768752-06:00" level=debug msg="Invoked gptj-python-asa451j36tksgm81hj47.default.192.168.1.240.sslip.io in 10753 usec\n"
time="2024-05-28T19:15:55.06319638-06:00" level=debug msg="Invoking: gptj-python-asa451j36tksgm81hj47.default.192.168.1.240.sslip.io:80"
time="2024-05-28T19:15:55.073990813-06:00" level=debug msg="Invoked gptj-python-asa451j36tksgm81hj47.default.192.168.1.240.sslip.io in 10850 usec\n"
time="2024-05-28T19:16:02.569375062-06:00" level=debug msg="Invoking: gptj-python-asa451j36tksgm81hj47.default.192.168.1.240.sslip.io:80"
time="2024-05-28T19:16:02.579532731-06:00" level=debug msg="Invoked gptj-python-asa451j36tksgm81hj47.default.192.168.1.240.sslip.io in 10170 usec\n"
time="2024-05-28T19:16:10.04160278-06:00" level=debug msg="Minute: 12"
time="2024-05-28T19:16:10.041755791-06:00" level=debug msg="Number of Invocations this iteration: 8"
time="2024-05-28T19:16:10.041836455-06:00" level=debug msg="Invoking: cartservice-cqhqc3e2qakco07sui6k.default.192.168.1.240.sslip.io:80"
time="2024-05-28T19:16:10.05388246-06:00" level=debug msg="Invoked cartservice-cqhqc3e2qakco07sui6k.default.192.168.1.240.sslip.io in 12040 usec\n"
time="2024-05-28T19:16:17.545464113-06:00" level=debug msg="Invoking: gptj-python-asa451j36tksgm81hj47.default.192.168.1.240.sslip.io:80"
time="2024-05-28T19:16:17.557037923-06:00" level=debug msg="Invoked gptj-python-asa451j36tksgm81hj47.default.192.168.1.240.sslip.io in 11605 usec\n"
time="2024-05-28T19:16:25.051220218-06:00" level=debug msg="Invoking: gptj-python-asa451j36tksgm81hj47.default.192.168.1.240.sslip.io:80"
time="2024-05-28T19:16:25.061923254-06:00" level=debug msg="Invoked gptj-python-asa451j36tksgm81hj47.default.192.168.1.240.sslip.io in 10710 usec\n"
time="2024-05-28T19:16:32.557410079-06:00" level=debug msg="Invoking: gptj-python-asa451j36tksgm81hj47.default.192.168.1.240.sslip.io:80"
time="2024-05-28T19:16:32.567536014-06:00" level=debug msg="Invoked gptj-python-asa451j36tksgm81hj47.default.192.168.1.240.sslip.io in 10136 usec\n"
time="2024-05-28T19:16:40.061366321-06:00" level=debug msg="Invoking: cartservice-cqhqc3e2qakco07sui6k.default.192.168.1.240.sslip.io:80"
time="2024-05-28T19:16:40.073382914-06:00" level=debug msg="Invoked cartservice-cqhqc3e2qakco07sui6k.default.192.168.1.240.sslip.io in 12025 usec\n"
time="2024-05-28T19:16:47.565474342-06:00" level=debug msg="Invoking: gptj-python-asa451j36tksgm81hj47.default.192.168.1.240.sslip.io:80"
time="2024-05-28T19:16:47.576100568-06:00" level=debug msg="Invoked gptj-python-asa451j36tksgm81hj47.default.192.168.1.240.sslip.io in 10640 usec\n"
time="2024-05-28T19:16:55.069401295-06:00" level=debug msg="Invoking: gptj-python-asa451j36tksgm81hj47.default.192.168.1.240.sslip.io:80"
time="2024-05-28T19:16:55.079606919-06:00" level=debug msg="Invoked gptj-python-asa451j36tksgm81hj47.default.192.168.1.240.sslip.io in 10215 usec\n"
time="2024-05-28T19:17:02.573413042-06:00" level=debug msg="Invoking: gptj-python-asa451j36tksgm81hj47.default.192.168.1.240.sslip.io:80"
time="2024-05-28T19:17:02.585271352-06:00" level=debug msg="Invoked gptj-python-asa451j36tksgm81hj47.default.192.168.1.240.sslip.io in 11837 usec\n"
time="2024-05-28T19:17:10.041365308-06:00" level=debug msg="Minute: 13"
time="2024-05-28T19:17:10.041467428-06:00" level=debug msg="Number of Invocations this iteration: 8"
time="2024-05-28T19:17:10.041557673-06:00" level=debug msg="Invoking: cartservice-cqhqc3e2qakco07sui6k.default.192.168.1.240.sslip.io:80"
time="2024-05-28T19:17:10.054970312-06:00" level=debug msg="Invoked cartservice-cqhqc3e2qakco07sui6k.default.192.168.1.240.sslip.io in 13411 usec\n"
time="2024-05-28T19:17:17.548330349-06:00" level=debug msg="Invoking: gptj-python-asa451j36tksgm81hj47.default.192.168.1.240.sslip.io:80"
time="2024-05-28T19:17:17.558951259-06:00" level=debug msg="Invoked gptj-python-asa451j36tksgm81hj47.default.192.168.1.240.sslip.io in 10629 usec\n"
time="2024-05-28T19:17:25.053318017-06:00" level=debug msg="Invoking: gptj-python-asa451j36tksgm81hj47.default.192.168.1.240.sslip.io:80"
time="2024-05-28T19:17:25.063440385-06:00" level=debug msg="Invoked gptj-python-asa451j36tksgm81hj47.default.192.168.1.240.sslip.io in 10127 usec\n"
time="2024-05-28T19:17:32.559892187-06:00" level=debug msg="Invoking: gptj-python-asa451j36tksgm81hj47.default.192.168.1.240.sslip.io:80"
time="2024-05-28T19:17:32.570024969-06:00" level=debug msg="Invoked gptj-python-asa451j36tksgm81hj47.default.192.168.1.240.sslip.io in 10141 usec\n"
time="2024-05-28T19:17:40.065349763-06:00" level=debug msg="Invoking: cartservice-cqhqc3e2qakco07sui6k.default.192.168.1.240.sslip.io:80"
time="2024-05-28T19:17:40.07616114-06:00" level=debug msg="Invoked cartservice-cqhqc3e2qakco07sui6k.default.192.168.1.240.sslip.io in 10834 usec\n"
time="2024-05-28T19:17:47.572294147-06:00" level=debug msg="Invoking: gptj-python-asa451j36tksgm81hj47.default.192.168.1.240.sslip.io:80"
time="2024-05-28T19:17:47.58278806-06:00" level=debug msg="Invoked gptj-python-asa451j36tksgm81hj47.default.192.168.1.240.sslip.io in 10503 usec\n"
time="2024-05-28T19:17:55.073185026-06:00" level=debug msg="Invoking: gptj-python-asa451j36tksgm81hj47.default.192.168.1.240.sslip.io:80"
time="2024-05-28T19:17:55.084775371-06:00" level=debug msg="Invoked gptj-python-asa451j36tksgm81hj47.default.192.168.1.240.sslip.io in 11690 usec\n"
time="2024-05-28T19:18:02.579139615-06:00" level=debug msg="Invoking: gptj-python-asa451j36tksgm81hj47.default.192.168.1.240.sslip.io:80"
time="2024-05-28T19:18:02.589742895-06:00" level=debug msg="Invoked gptj-python-asa451j36tksgm81hj47.default.192.168.1.240.sslip.io in 10611 usec\n"
time="2024-05-28T19:18:10.041327083-06:00" level=info msg="Experiment Phase Completed"
time="2024-05-28T19:18:10.041452329-06:00" level=info msg="Issued / completed requests: 112, 112"
time="2024-05-28T19:18:10.041488543-06:00" level=info msg="Average Real RPS: 0.13 "
time="2024-05-28T19:18:10.041514366-06:00" level=info msg="Experiment finished!"
time="2024-05-28T19:18:10.04154117-06:00" level=info msg="The measured latencies are saved in rps_lat.csv"
