time="2024-05-30T02:44:29.010462922-06:00" level=debug msg="Debug logging is enabled"
time="2024-05-30T02:44:29.010620362-06:00" level=info msg="Reading the trace endpoints from the file: /users/ArunAMS/vSwarm/tools/load-generator/load.json"
time="2024-05-30T02:44:29.011773103-06:00" level=info msg="Warmup Duration: 3"
time="2024-05-30T02:44:29.011794344-06:00" level=info msg="Experiment Duration: 11"
time="2024-05-30T02:44:29.011810834-06:00" level=info msg="Minute Granularity: true"
time="2024-05-30T02:45:29.069986487-06:00" level=info msg="Running Warmup Phase"
time="2024-05-30T02:45:29.070071051-06:00" level=debug msg="Minute: 0"
time="2024-05-30T02:45:29.07015269-06:00" level=debug msg="Number of Invocations this iteration: 8"
time="2024-05-30T02:45:29.070264675-06:00" level=debug msg="Invoking: cartservice-qdzirhitu7ygfyldnhj2.default.192.168.1.240.sslip.io:80"
time="2024-05-30T02:45:36.570434196-06:00" level=debug msg="Invoking: gptj-python-ftgrlkdv6won9e11macq.default.192.168.1.240.sslip.io:80"
time="2024-05-30T02:45:44.071064612-06:00" level=debug msg="Invoking: gptj-python-ftgrlkdv6won9e11macq.default.192.168.1.240.sslip.io:80"
time="2024-05-30T02:45:51.57799921-06:00" level=debug msg="Invoking: gptj-python-ftgrlkdv6won9e11macq.default.192.168.1.240.sslip.io:80"
time="2024-05-30T02:45:59.081447038-06:00" level=debug msg="Invoking: cartservice-qdzirhitu7ygfyldnhj2.default.192.168.1.240.sslip.io:80"
time="2024-05-30T02:46:06.585448737-06:00" level=debug msg="Invoking: gptj-python-ftgrlkdv6won9e11macq.default.192.168.1.240.sslip.io:80"
time="2024-05-30T02:46:14.089529463-06:00" level=debug msg="Invoking: gptj-python-ftgrlkdv6won9e11macq.default.192.168.1.240.sslip.io:80"
time="2024-05-30T02:46:21.593456357-06:00" level=debug msg="Invoking: gptj-python-ftgrlkdv6won9e11macq.default.192.168.1.240.sslip.io:80"
time="2024-05-30T02:46:29.017481501-06:00" level=debug msg="Minute: 1"
time="2024-05-30T02:46:29.017588747-06:00" level=debug msg="Number of Invocations this iteration: 8"
time="2024-05-30T02:46:29.017681678-06:00" level=debug msg="Invoking: image-rotate-go-6-e21io0wbip75miym6kuu.default.192.168.1.240.sslip.io:80"
time="2024-05-30T02:46:36.521518376-06:00" level=debug msg="Invoking: gptj-python-ftgrlkdv6won9e11macq.default.192.168.1.240.sslip.io:80"
time="2024-05-30T02:46:44.022545438-06:00" level=debug msg="Invoking: gptj-python-ftgrlkdv6won9e11macq.default.192.168.1.240.sslip.io:80"
time="2024-05-30T02:46:51.52941135-06:00" level=debug msg="Invoking: gptj-python-ftgrlkdv6won9e11macq.default.192.168.1.240.sslip.io:80"
time="2024-05-30T02:46:59.0335565-06:00" level=debug msg="Invoking: cartservice-qdzirhitu7ygfyldnhj2.default.192.168.1.240.sslip.io:80"
time="2024-05-30T02:47:06.537500605-06:00" level=debug msg="Invoking: gptj-python-ftgrlkdv6won9e11macq.default.192.168.1.240.sslip.io:80"
time="2024-05-30T02:47:14.042116005-06:00" level=debug msg="Invoking: gptj-python-ftgrlkdv6won9e11macq.default.192.168.1.240.sslip.io:80"
time="2024-05-30T02:47:21.544393511-06:00" level=debug msg="Invoking: gptj-python-ftgrlkdv6won9e11macq.default.192.168.1.240.sslip.io:80"
time="2024-05-30T02:47:29.017485891-06:00" level=debug msg="Minute: 2"
time="2024-05-30T02:47:29.017587797-06:00" level=debug msg="Number of Invocations this iteration: 8"
time="2024-05-30T02:47:29.017686061-06:00" level=debug msg="Invoking: cartservice-qdzirhitu7ygfyldnhj2.default.192.168.1.240.sslip.io:80"
time="2024-05-30T02:47:36.521486449-06:00" level=debug msg="Invoking: gptj-python-ftgrlkdv6won9e11macq.default.192.168.1.240.sslip.io:80"
time="2024-05-30T02:47:44.025924025-06:00" level=debug msg="Invoking: gptj-python-ftgrlkdv6won9e11macq.default.192.168.1.240.sslip.io:80"
time="2024-05-30T02:47:51.530073317-06:00" level=debug msg="Invoking: gptj-python-ftgrlkdv6won9e11macq.default.192.168.1.240.sslip.io:80"
time="2024-05-30T02:47:59.033452154-06:00" level=debug msg="Invoking: cartservice-qdzirhitu7ygfyldnhj2.default.192.168.1.240.sslip.io:80"
time="2024-05-30T02:48:06.533581247-06:00" level=debug msg="Invoking: gptj-python-ftgrlkdv6won9e11macq.default.192.168.1.240.sslip.io:80"
time="2024-05-30T02:48:14.037513401-06:00" level=debug msg="Invoking: gptj-python-ftgrlkdv6won9e11macq.default.192.168.1.240.sslip.io:80"
time="2024-05-30T02:48:21.541583371-06:00" level=debug msg="Invoking: gptj-python-ftgrlkdv6won9e11macq.default.192.168.1.240.sslip.io:80"
time="2024-05-30T02:48:29.01742971-06:00" level=info msg="Warmup Phase Completed"
time="2024-05-30T02:48:29.017496948-06:00" level=info msg="Running Experiment Phase"
time="2024-05-30T02:48:29.017526025-06:00" level=debug msg="Minute: 3"
time="2024-05-30T02:48:29.017568145-06:00" level=debug msg="Number of Invocations this iteration: 8"
time="2024-05-30T02:48:29.017655447-06:00" level=debug msg="Invoking: cartservice-qdzirhitu7ygfyldnhj2.default.192.168.1.240.sslip.io:80"
time="2024-05-30T02:48:29.034802782-06:00" level=debug msg="Invoked cartservice-qdzirhitu7ygfyldnhj2.default.192.168.1.240.sslip.io in 17144 usec\n"
time="2024-05-30T02:48:36.521475818-06:00" level=debug msg="Invoking: gptj-python-ftgrlkdv6won9e11macq.default.192.168.1.240.sslip.io:80"
time="2024-05-30T02:48:36.533003627-06:00" level=debug msg="Invoked gptj-python-ftgrlkdv6won9e11macq.default.192.168.1.240.sslip.io in 11585 usec\n"
time="2024-05-30T02:48:44.025486963-06:00" level=debug msg="Invoking: gptj-python-ftgrlkdv6won9e11macq.default.192.168.1.240.sslip.io:80"
time="2024-05-30T02:48:44.036138521-06:00" level=debug msg="Invoked gptj-python-ftgrlkdv6won9e11macq.default.192.168.1.240.sslip.io in 10663 usec\n"
time="2024-05-30T02:48:51.532518306-06:00" level=debug msg="Invoking: gptj-python-ftgrlkdv6won9e11macq.default.192.168.1.240.sslip.io:80"
time="2024-05-30T02:48:51.543569642-06:00" level=debug msg="Invoked gptj-python-ftgrlkdv6won9e11macq.default.192.168.1.240.sslip.io in 11062 usec\n"
time="2024-05-30T02:48:59.038587533-06:00" level=debug msg="Invoking: cartservice-qdzirhitu7ygfyldnhj2.default.192.168.1.240.sslip.io:80"
time="2024-05-30T02:48:59.057668848-06:00" level=debug msg="Invoked cartservice-qdzirhitu7ygfyldnhj2.default.192.168.1.240.sslip.io in 19181 usec\n"
time="2024-05-30T02:49:06.541501543-06:00" level=debug msg="Invoking: gptj-python-ftgrlkdv6won9e11macq.default.192.168.1.240.sslip.io:80"
time="2024-05-30T02:49:06.552089054-06:00" level=debug msg="Invoked gptj-python-ftgrlkdv6won9e11macq.default.192.168.1.240.sslip.io in 10605 usec\n"
time="2024-05-30T02:49:14.045435992-06:00" level=debug msg="Invoking: gptj-python-ftgrlkdv6won9e11macq.default.192.168.1.240.sslip.io:80"
time="2024-05-30T02:49:14.055779231-06:00" level=debug msg="Invoked gptj-python-ftgrlkdv6won9e11macq.default.192.168.1.240.sslip.io in 10354 usec\n"
time="2024-05-30T02:49:21.550522056-06:00" level=debug msg="Invoking: gptj-python-ftgrlkdv6won9e11macq.default.192.168.1.240.sslip.io:80"
time="2024-05-30T02:49:21.560945796-06:00" level=debug msg="Invoked gptj-python-ftgrlkdv6won9e11macq.default.192.168.1.240.sslip.io in 10434 usec\n"
time="2024-05-30T02:49:29.019315579-06:00" level=debug msg="Minute: 4"
time="2024-05-30T02:49:29.01941408-06:00" level=debug msg="Number of Invocations this iteration: 8"
time="2024-05-30T02:49:29.019510742-06:00" level=debug msg="Invoking: rnn-serving-python-10-10-jzg9rl769tr9ptfim4mm.default.192.168.1.240.sslip.io:80"
time="2024-05-30T02:49:36.525509381-06:00" level=debug msg="Invoking: gptj-python-ftgrlkdv6won9e11macq.default.192.168.1.240.sslip.io:80"
time="2024-05-30T02:49:36.536642076-06:00" level=debug msg="Invoked gptj-python-ftgrlkdv6won9e11macq.default.192.168.1.240.sslip.io in 11139 usec\n"
time="2024-05-30T02:49:39.09923883-06:00" level=debug msg="Invoked rnn-serving-python-10-10-jzg9rl769tr9ptfim4mm.default.192.168.1.240.sslip.io in 10079725 usec\n"
time="2024-05-30T02:49:44.02947814-06:00" level=debug msg="Invoking: gptj-python-ftgrlkdv6won9e11macq.default.192.168.1.240.sslip.io:80"
time="2024-05-30T02:49:44.040558482-06:00" level=debug msg="Invoked gptj-python-ftgrlkdv6won9e11macq.default.192.168.1.240.sslip.io in 11092 usec\n"
time="2024-05-30T02:49:51.533502044-06:00" level=debug msg="Invoking: gptj-python-ftgrlkdv6won9e11macq.default.192.168.1.240.sslip.io:80"
time="2024-05-30T02:49:51.544231865-06:00" level=debug msg="Invoked gptj-python-ftgrlkdv6won9e11macq.default.192.168.1.240.sslip.io in 10742 usec\n"
time="2024-05-30T02:49:59.038141899-06:00" level=debug msg="Invoking: cartservice-qdzirhitu7ygfyldnhj2.default.192.168.1.240.sslip.io:80"
time="2024-05-30T02:49:59.05135494-06:00" level=debug msg="Invoked cartservice-qdzirhitu7ygfyldnhj2.default.192.168.1.240.sslip.io in 13246 usec\n"
time="2024-05-30T02:50:06.545429931-06:00" level=debug msg="Invoking: gptj-python-ftgrlkdv6won9e11macq.default.192.168.1.240.sslip.io:80"
time="2024-05-30T02:50:06.556110913-06:00" level=debug msg="Invoked gptj-python-ftgrlkdv6won9e11macq.default.192.168.1.240.sslip.io in 10691 usec\n"
time="2024-05-30T02:50:14.049488251-06:00" level=debug msg="Invoking: gptj-python-ftgrlkdv6won9e11macq.default.192.168.1.240.sslip.io:80"
time="2024-05-30T02:50:14.060296504-06:00" level=debug msg="Invoked gptj-python-ftgrlkdv6won9e11macq.default.192.168.1.240.sslip.io in 10821 usec\n"
time="2024-05-30T02:50:21.554446305-06:00" level=debug msg="Invoking: gptj-python-ftgrlkdv6won9e11macq.default.192.168.1.240.sslip.io:80"
time="2024-05-30T02:50:21.567473726-06:00" level=debug msg="Invoked gptj-python-ftgrlkdv6won9e11macq.default.192.168.1.240.sslip.io in 13036 usec\n"
time="2024-05-30T02:50:29.017407271-06:00" level=debug msg="Minute: 5"
time="2024-05-30T02:50:29.017505653-06:00" level=debug msg="Number of Invocations this iteration: 8"
time="2024-05-30T02:50:29.017588019-06:00" level=debug msg="Invoking: cartservice-qdzirhitu7ygfyldnhj2.default.192.168.1.240.sslip.io:80"
time="2024-05-30T02:50:29.030557159-06:00" level=debug msg="Invoked cartservice-qdzirhitu7ygfyldnhj2.default.192.168.1.240.sslip.io in 12966 usec\n"
time="2024-05-30T02:50:36.521493415-06:00" level=debug msg="Invoking: gptj-python-ftgrlkdv6won9e11macq.default.192.168.1.240.sslip.io:80"
time="2024-05-30T02:50:36.532261935-06:00" level=debug msg="Invoked gptj-python-ftgrlkdv6won9e11macq.default.192.168.1.240.sslip.io in 10778 usec\n"
time="2024-05-30T02:50:44.027473118-06:00" level=debug msg="Invoking: gptj-python-ftgrlkdv6won9e11macq.default.192.168.1.240.sslip.io:80"
time="2024-05-30T02:50:44.037631504-06:00" level=debug msg="Invoked gptj-python-ftgrlkdv6won9e11macq.default.192.168.1.240.sslip.io in 10169 usec\n"
time="2024-05-30T02:50:51.533503303-06:00" level=debug msg="Invoking: gptj-python-ftgrlkdv6won9e11macq.default.192.168.1.240.sslip.io:80"
time="2024-05-30T02:50:51.544055326-06:00" level=debug msg="Invoked gptj-python-ftgrlkdv6won9e11macq.default.192.168.1.240.sslip.io in 10562 usec\n"
time="2024-05-30T02:50:59.037490172-06:00" level=debug msg="Invoking: cartservice-qdzirhitu7ygfyldnhj2.default.192.168.1.240.sslip.io:80"
time="2024-05-30T02:50:59.051748949-06:00" level=debug msg="Invoked cartservice-qdzirhitu7ygfyldnhj2.default.192.168.1.240.sslip.io in 14260 usec\n"
time="2024-05-30T02:51:06.544717564-06:00" level=debug msg="Invoking: gptj-python-ftgrlkdv6won9e11macq.default.192.168.1.240.sslip.io:80"
time="2024-05-30T02:51:06.555882947-06:00" level=debug msg="Invoked gptj-python-ftgrlkdv6won9e11macq.default.192.168.1.240.sslip.io in 11177 usec\n"
time="2024-05-30T02:51:14.049500314-06:00" level=debug msg="Invoking: gptj-python-ftgrlkdv6won9e11macq.default.192.168.1.240.sslip.io:80"
time="2024-05-30T02:51:14.060763358-06:00" level=debug msg="Invoked gptj-python-ftgrlkdv6won9e11macq.default.192.168.1.240.sslip.io in 11275 usec\n"
time="2024-05-30T02:51:21.553898492-06:00" level=debug msg="Invoking: gptj-python-ftgrlkdv6won9e11macq.default.192.168.1.240.sslip.io:80"
time="2024-05-30T02:51:21.564148342-06:00" level=debug msg="Invoked gptj-python-ftgrlkdv6won9e11macq.default.192.168.1.240.sslip.io in 10260 usec\n"
time="2024-05-30T02:51:29.017494448-06:00" level=debug msg="Minute: 6"
time="2024-05-30T02:51:29.017599306-06:00" level=debug msg="Number of Invocations this iteration: 8"
time="2024-05-30T02:51:29.017692051-06:00" level=debug msg="Invoking: image-rotate-go-6-e21io0wbip75miym6kuu.default.192.168.1.240.sslip.io:80"
time="2024-05-30T02:51:36.521554918-06:00" level=debug msg="Invoking: gptj-python-ftgrlkdv6won9e11macq.default.192.168.1.240.sslip.io:80"
time="2024-05-30T02:51:36.532058663-06:00" level=debug msg="Invoked gptj-python-ftgrlkdv6won9e11macq.default.192.168.1.240.sslip.io in 10512 usec\n"
time="2024-05-30T02:51:44.021756047-06:00" level=debug msg="Invoking: gptj-python-ftgrlkdv6won9e11macq.default.192.168.1.240.sslip.io:80"
time="2024-05-30T02:51:44.035541078-06:00" level=debug msg="Invoked gptj-python-ftgrlkdv6won9e11macq.default.192.168.1.240.sslip.io in 13795 usec\n"
time="2024-05-30T02:51:46.16503197-06:00" level=debug msg="Invoked image-rotate-go-6-e21io0wbip75miym6kuu.default.192.168.1.240.sslip.io in 17147337 usec\n"
time="2024-05-30T02:51:51.525496941-06:00" level=debug msg="Invoking: gptj-python-ftgrlkdv6won9e11macq.default.192.168.1.240.sslip.io:80"
time="2024-05-30T02:51:51.53611362-06:00" level=debug msg="Invoked gptj-python-ftgrlkdv6won9e11macq.default.192.168.1.240.sslip.io in 10629 usec\n"
time="2024-05-30T02:51:59.029445128-06:00" level=debug msg="Invoking: cartservice-qdzirhitu7ygfyldnhj2.default.192.168.1.240.sslip.io:80"
time="2024-05-30T02:51:59.044618302-06:00" level=debug msg="Invoked cartservice-qdzirhitu7ygfyldnhj2.default.192.168.1.240.sslip.io in 15184 usec\n"
time="2024-05-30T02:52:06.533516792-06:00" level=debug msg="Invoking: gptj-python-ftgrlkdv6won9e11macq.default.192.168.1.240.sslip.io:80"
time="2024-05-30T02:52:06.544125299-06:00" level=debug msg="Invoked gptj-python-ftgrlkdv6won9e11macq.default.192.168.1.240.sslip.io in 10638 usec\n"
time="2024-05-30T02:52:14.038652288-06:00" level=debug msg="Invoking: gptj-python-ftgrlkdv6won9e11macq.default.192.168.1.240.sslip.io:80"
time="2024-05-30T02:52:14.049045531-06:00" level=debug msg="Invoked gptj-python-ftgrlkdv6won9e11macq.default.192.168.1.240.sslip.io in 10403 usec\n"
time="2024-05-30T02:52:21.545446465-06:00" level=debug msg="Invoking: gptj-python-ftgrlkdv6won9e11macq.default.192.168.1.240.sslip.io:80"
time="2024-05-30T02:52:21.555428274-06:00" level=debug msg="Invoked gptj-python-ftgrlkdv6won9e11macq.default.192.168.1.240.sslip.io in 9993 usec\n"
time="2024-05-30T02:52:29.017481959-06:00" level=debug msg="Minute: 7"
time="2024-05-30T02:52:29.017588807-06:00" level=debug msg="Number of Invocations this iteration: 8"
time="2024-05-30T02:52:29.017682719-06:00" level=debug msg="Invoking: cartservice-qdzirhitu7ygfyldnhj2.default.192.168.1.240.sslip.io:80"
time="2024-05-30T02:52:29.032065728-06:00" level=debug msg="Invoked cartservice-qdzirhitu7ygfyldnhj2.default.192.168.1.240.sslip.io in 14380 usec\n"
time="2024-05-30T02:52:36.521415238-06:00" level=debug msg="Invoking: gptj-python-ftgrlkdv6won9e11macq.default.192.168.1.240.sslip.io:80"
time="2024-05-30T02:52:36.534160812-06:00" level=debug msg="Invoked gptj-python-ftgrlkdv6won9e11macq.default.192.168.1.240.sslip.io in 12758 usec\n"
time="2024-05-30T02:52:44.025512079-06:00" level=debug msg="Invoking: gptj-python-ftgrlkdv6won9e11macq.default.192.168.1.240.sslip.io:80"
time="2024-05-30T02:52:44.036447435-06:00" level=debug msg="Invoked gptj-python-ftgrlkdv6won9e11macq.default.192.168.1.240.sslip.io in 10945 usec\n"
time="2024-05-30T02:52:51.532796888-06:00" level=debug msg="Invoking: gptj-python-ftgrlkdv6won9e11macq.default.192.168.1.240.sslip.io:80"
time="2024-05-30T02:52:51.543452064-06:00" level=debug msg="Invoked gptj-python-ftgrlkdv6won9e11macq.default.192.168.1.240.sslip.io in 10666 usec\n"
time="2024-05-30T02:52:59.039153478-06:00" level=debug msg="Invoking: cartservice-qdzirhitu7ygfyldnhj2.default.192.168.1.240.sslip.io:80"
time="2024-05-30T02:52:59.053399376-06:00" level=debug msg="Invoked cartservice-qdzirhitu7ygfyldnhj2.default.192.168.1.240.sslip.io in 14236 usec\n"
time="2024-05-30T02:53:06.54014229-06:00" level=debug msg="Invoking: gptj-python-ftgrlkdv6won9e11macq.default.192.168.1.240.sslip.io:80"
time="2024-05-30T02:53:06.550928909-06:00" level=debug msg="Invoked gptj-python-ftgrlkdv6won9e11macq.default.192.168.1.240.sslip.io in 10804 usec\n"
time="2024-05-30T02:53:14.04730035-06:00" level=debug msg="Invoking: gptj-python-ftgrlkdv6won9e11macq.default.192.168.1.240.sslip.io:80"
time="2024-05-30T02:53:14.058256151-06:00" level=debug msg="Invoked gptj-python-ftgrlkdv6won9e11macq.default.192.168.1.240.sslip.io in 10976 usec\n"
time="2024-05-30T02:53:21.554186045-06:00" level=debug msg="Invoking: gptj-python-ftgrlkdv6won9e11macq.default.192.168.1.240.sslip.io:80"
time="2024-05-30T02:53:21.5647136-06:00" level=debug msg="Invoked gptj-python-ftgrlkdv6won9e11macq.default.192.168.1.240.sslip.io in 10537 usec\n"
time="2024-05-30T02:53:29.019000623-06:00" level=debug msg="Minute: 8"
time="2024-05-30T02:53:29.019142179-06:00" level=debug msg="Number of Invocations this iteration: 8"
time="2024-05-30T02:53:29.01922913-06:00" level=debug msg="Invoking: cartservice-qdzirhitu7ygfyldnhj2.default.192.168.1.240.sslip.io:80"
time="2024-05-30T02:53:29.031749888-06:00" level=debug msg="Invoked cartservice-qdzirhitu7ygfyldnhj2.default.192.168.1.240.sslip.io in 12519 usec\n"
time="2024-05-30T02:53:36.52610647-06:00" level=debug msg="Invoking: gptj-python-ftgrlkdv6won9e11macq.default.192.168.1.240.sslip.io:80"
time="2024-05-30T02:53:36.537092934-06:00" level=debug msg="Invoked gptj-python-ftgrlkdv6won9e11macq.default.192.168.1.240.sslip.io in 10989 usec\n"
time="2024-05-30T02:53:44.033426778-06:00" level=debug msg="Invoking: gptj-python-ftgrlkdv6won9e11macq.default.192.168.1.240.sslip.io:80"
time="2024-05-30T02:53:44.044540069-06:00" level=debug msg="Invoked gptj-python-ftgrlkdv6won9e11macq.default.192.168.1.240.sslip.io in 11125 usec\n"
time="2024-05-30T02:53:51.537491153-06:00" level=debug msg="Invoking: gptj-python-ftgrlkdv6won9e11macq.default.192.168.1.240.sslip.io:80"
time="2024-05-30T02:53:51.548081153-06:00" level=debug msg="Invoked gptj-python-ftgrlkdv6won9e11macq.default.192.168.1.240.sslip.io in 10600 usec\n"
time="2024-05-30T02:53:59.041621531-06:00" level=debug msg="Invoking: cartservice-qdzirhitu7ygfyldnhj2.default.192.168.1.240.sslip.io:80"
time="2024-05-30T02:53:59.056031565-06:00" level=debug msg="Invoked cartservice-qdzirhitu7ygfyldnhj2.default.192.168.1.240.sslip.io in 14420 usec\n"
time="2024-05-30T02:54:06.545481513-06:00" level=debug msg="Invoking: gptj-python-ftgrlkdv6won9e11macq.default.192.168.1.240.sslip.io:80"
time="2024-05-30T02:54:06.555594294-06:00" level=debug msg="Invoked gptj-python-ftgrlkdv6won9e11macq.default.192.168.1.240.sslip.io in 10124 usec\n"
time="2024-05-30T02:54:14.049473473-06:00" level=debug msg="Invoking: gptj-python-ftgrlkdv6won9e11macq.default.192.168.1.240.sslip.io:80"
time="2024-05-30T02:54:14.060135331-06:00" level=debug msg="Invoked gptj-python-ftgrlkdv6won9e11macq.default.192.168.1.240.sslip.io in 10672 usec\n"
time="2024-05-30T02:54:21.553490948-06:00" level=debug msg="Invoking: gptj-python-ftgrlkdv6won9e11macq.default.192.168.1.240.sslip.io:80"
time="2024-05-30T02:54:21.563259558-06:00" level=debug msg="Invoked gptj-python-ftgrlkdv6won9e11macq.default.192.168.1.240.sslip.io in 9779 usec\n"
time="2024-05-30T02:54:29.0174759-06:00" level=debug msg="Minute: 9"
time="2024-05-30T02:54:29.01758235-06:00" level=debug msg="Number of Invocations this iteration: 8"
time="2024-05-30T02:54:29.017675091-06:00" level=debug msg="Invoking: cartservice-qdzirhitu7ygfyldnhj2.default.192.168.1.240.sslip.io:80"
time="2024-05-30T02:54:29.030989243-06:00" level=debug msg="Invoked cartservice-qdzirhitu7ygfyldnhj2.default.192.168.1.240.sslip.io in 13312 usec\n"
time="2024-05-30T02:54:36.521486106-06:00" level=debug msg="Invoking: gptj-python-ftgrlkdv6won9e11macq.default.192.168.1.240.sslip.io:80"
time="2024-05-30T02:54:36.532017031-06:00" level=debug msg="Invoked gptj-python-ftgrlkdv6won9e11macq.default.192.168.1.240.sslip.io in 10543 usec\n"
time="2024-05-30T02:54:44.025508021-06:00" level=debug msg="Invoking: gptj-python-ftgrlkdv6won9e11macq.default.192.168.1.240.sslip.io:80"
time="2024-05-30T02:54:44.036090654-06:00" level=debug msg="Invoked gptj-python-ftgrlkdv6won9e11macq.default.192.168.1.240.sslip.io in 10593 usec\n"
time="2024-05-30T02:54:51.529498466-06:00" level=debug msg="Invoking: gptj-python-ftgrlkdv6won9e11macq.default.192.168.1.240.sslip.io:80"
time="2024-05-30T02:54:51.540035985-06:00" level=debug msg="Invoked gptj-python-ftgrlkdv6won9e11macq.default.192.168.1.240.sslip.io in 10551 usec\n"
time="2024-05-30T02:54:59.033532649-06:00" level=debug msg="Invoking: cartservice-qdzirhitu7ygfyldnhj2.default.192.168.1.240.sslip.io:80"
time="2024-05-30T02:54:59.045483817-06:00" level=debug msg="Invoked cartservice-qdzirhitu7ygfyldnhj2.default.192.168.1.240.sslip.io in 11960 usec\n"
time="2024-05-30T02:55:06.534591048-06:00" level=debug msg="Invoking: gptj-python-ftgrlkdv6won9e11macq.default.192.168.1.240.sslip.io:80"
time="2024-05-30T02:55:06.54549384-06:00" level=debug msg="Invoked gptj-python-ftgrlkdv6won9e11macq.default.192.168.1.240.sslip.io in 11025 usec\n"
time="2024-05-30T02:55:14.041437126-06:00" level=debug msg="Invoking: gptj-python-ftgrlkdv6won9e11macq.default.192.168.1.240.sslip.io:80"
time="2024-05-30T02:55:14.052824911-06:00" level=debug msg="Invoked gptj-python-ftgrlkdv6won9e11macq.default.192.168.1.240.sslip.io in 11394 usec\n"
time="2024-05-30T02:55:21.545913468-06:00" level=debug msg="Invoking: gptj-python-ftgrlkdv6won9e11macq.default.192.168.1.240.sslip.io:80"
time="2024-05-30T02:55:21.556514602-06:00" level=debug msg="Invoked gptj-python-ftgrlkdv6won9e11macq.default.192.168.1.240.sslip.io in 10612 usec\n"
time="2024-05-30T02:55:29.017738754-06:00" level=debug msg="Minute: 10"
time="2024-05-30T02:55:29.017889698-06:00" level=debug msg="Number of Invocations this iteration: 8"
time="2024-05-30T02:55:29.017974204-06:00" level=debug msg="Invoking: rnn-serving-python-10-10-jzg9rl769tr9ptfim4mm.default.192.168.1.240.sslip.io:80"
time="2024-05-30T02:55:36.521499679-06:00" level=debug msg="Invoking: gptj-python-ftgrlkdv6won9e11macq.default.192.168.1.240.sslip.io:80"
time="2024-05-30T02:55:36.532463897-06:00" level=debug msg="Invoked gptj-python-ftgrlkdv6won9e11macq.default.192.168.1.240.sslip.io in 10975 usec\n"
time="2024-05-30T02:55:36.856372532-06:00" level=debug msg="Invoked rnn-serving-python-10-10-jzg9rl769tr9ptfim4mm.default.192.168.1.240.sslip.io in 7838396 usec\n"
time="2024-05-30T02:55:44.025431736-06:00" level=debug msg="Invoking: gptj-python-ftgrlkdv6won9e11macq.default.192.168.1.240.sslip.io:80"
time="2024-05-30T02:55:44.034970424-06:00" level=debug msg="Invoked gptj-python-ftgrlkdv6won9e11macq.default.192.168.1.240.sslip.io in 9542 usec\n"
time="2024-05-30T02:55:51.529659705-06:00" level=debug msg="Invoking: gptj-python-ftgrlkdv6won9e11macq.default.192.168.1.240.sslip.io:80"
time="2024-05-30T02:55:51.540319486-06:00" level=debug msg="Invoked gptj-python-ftgrlkdv6won9e11macq.default.192.168.1.240.sslip.io in 10670 usec\n"
time="2024-05-30T02:55:59.033468408-06:00" level=debug msg="Invoking: cartservice-qdzirhitu7ygfyldnhj2.default.192.168.1.240.sslip.io:80"
time="2024-05-30T02:55:59.045600529-06:00" level=debug msg="Invoked cartservice-qdzirhitu7ygfyldnhj2.default.192.168.1.240.sslip.io in 12139 usec\n"
time="2024-05-30T02:56:06.537516856-06:00" level=debug msg="Invoking: gptj-python-ftgrlkdv6won9e11macq.default.192.168.1.240.sslip.io:80"
time="2024-05-30T02:56:06.548184957-06:00" level=debug msg="Invoked gptj-python-ftgrlkdv6won9e11macq.default.192.168.1.240.sslip.io in 10680 usec\n"
time="2024-05-30T02:56:14.042092917-06:00" level=debug msg="Invoking: gptj-python-ftgrlkdv6won9e11macq.default.192.168.1.240.sslip.io:80"
time="2024-05-30T02:56:14.052594437-06:00" level=debug msg="Invoked gptj-python-ftgrlkdv6won9e11macq.default.192.168.1.240.sslip.io in 10512 usec\n"
time="2024-05-30T02:56:21.545425537-06:00" level=debug msg="Invoking: gptj-python-ftgrlkdv6won9e11macq.default.192.168.1.240.sslip.io:80"
time="2024-05-30T02:56:21.555290424-06:00" level=debug msg="Invoked gptj-python-ftgrlkdv6won9e11macq.default.192.168.1.240.sslip.io in 9874 usec\n"
time="2024-05-30T02:56:29.017456021-06:00" level=debug msg="Minute: 11"
time="2024-05-30T02:56:29.017556204-06:00" level=debug msg="Number of Invocations this iteration: 8"
time="2024-05-30T02:56:29.017665821-06:00" level=debug msg="Invoking: image-rotate-go-6-e21io0wbip75miym6kuu.default.192.168.1.240.sslip.io:80"
time="2024-05-30T02:56:36.521433762-06:00" level=debug msg="Invoking: gptj-python-ftgrlkdv6won9e11macq.default.192.168.1.240.sslip.io:80"
time="2024-05-30T02:56:36.533106217-06:00" level=debug msg="Invoked gptj-python-ftgrlkdv6won9e11macq.default.192.168.1.240.sslip.io in 11685 usec\n"
time="2024-05-30T02:56:44.025511662-06:00" level=debug msg="Invoking: gptj-python-ftgrlkdv6won9e11macq.default.192.168.1.240.sslip.io:80"
time="2024-05-30T02:56:44.036294596-06:00" level=debug msg="Invoked gptj-python-ftgrlkdv6won9e11macq.default.192.168.1.240.sslip.io in 10794 usec\n"
time="2024-05-30T02:56:46.22425794-06:00" level=debug msg="Invoked image-rotate-go-6-e21io0wbip75miym6kuu.default.192.168.1.240.sslip.io in 17206590 usec\n"
time="2024-05-30T02:56:51.529498385-06:00" level=debug msg="Invoking: gptj-python-ftgrlkdv6won9e11macq.default.192.168.1.240.sslip.io:80"
time="2024-05-30T02:56:51.539753941-06:00" level=debug msg="Invoked gptj-python-ftgrlkdv6won9e11macq.default.192.168.1.240.sslip.io in 10268 usec\n"
time="2024-05-30T02:56:59.034469994-06:00" level=debug msg="Invoking: cartservice-qdzirhitu7ygfyldnhj2.default.192.168.1.240.sslip.io:80"
time="2024-05-30T02:56:59.047292603-06:00" level=debug msg="Invoked cartservice-qdzirhitu7ygfyldnhj2.default.192.168.1.240.sslip.io in 12831 usec\n"
time="2024-05-30T02:57:06.535831898-06:00" level=debug msg="Invoking: gptj-python-ftgrlkdv6won9e11macq.default.192.168.1.240.sslip.io:80"
time="2024-05-30T02:57:06.547121271-06:00" level=debug msg="Invoked gptj-python-ftgrlkdv6won9e11macq.default.192.168.1.240.sslip.io in 11384 usec\n"
time="2024-05-30T02:57:14.041494392-06:00" level=debug msg="Invoking: gptj-python-ftgrlkdv6won9e11macq.default.192.168.1.240.sslip.io:80"
time="2024-05-30T02:57:14.052169941-06:00" level=debug msg="Invoked gptj-python-ftgrlkdv6won9e11macq.default.192.168.1.240.sslip.io in 10685 usec\n"
time="2024-05-30T02:57:21.545434658-06:00" level=debug msg="Invoking: gptj-python-ftgrlkdv6won9e11macq.default.192.168.1.240.sslip.io:80"
time="2024-05-30T02:57:21.555748929-06:00" level=debug msg="Invoked gptj-python-ftgrlkdv6won9e11macq.default.192.168.1.240.sslip.io in 10325 usec\n"
time="2024-05-30T02:57:29.018512721-06:00" level=debug msg="Minute: 12"
time="2024-05-30T02:57:29.018589761-06:00" level=debug msg="Number of Invocations this iteration: 8"
time="2024-05-30T02:57:29.018626129-06:00" level=debug msg="Invoking: cartservice-qdzirhitu7ygfyldnhj2.default.192.168.1.240.sslip.io:80"
time="2024-05-30T02:57:29.031271324-06:00" level=debug msg="Invoked cartservice-qdzirhitu7ygfyldnhj2.default.192.168.1.240.sslip.io in 12639 usec\n"
time="2024-05-30T02:57:36.525491318-06:00" level=debug msg="Invoking: gptj-python-ftgrlkdv6won9e11macq.default.192.168.1.240.sslip.io:80"
time="2024-05-30T02:57:36.535733131-06:00" level=debug msg="Invoked gptj-python-ftgrlkdv6won9e11macq.default.192.168.1.240.sslip.io in 10253 usec\n"
time="2024-05-30T02:57:44.032896008-06:00" level=debug msg="Invoking: gptj-python-ftgrlkdv6won9e11macq.default.192.168.1.240.sslip.io:80"
time="2024-05-30T02:57:44.043080679-06:00" level=debug msg="Invoked gptj-python-ftgrlkdv6won9e11macq.default.192.168.1.240.sslip.io in 10193 usec\n"
time="2024-05-30T02:57:51.537914266-06:00" level=debug msg="Invoking: gptj-python-ftgrlkdv6won9e11macq.default.192.168.1.240.sslip.io:80"
time="2024-05-30T02:57:51.5484201-06:00" level=debug msg="Invoked gptj-python-ftgrlkdv6won9e11macq.default.192.168.1.240.sslip.io in 10516 usec\n"
time="2024-05-30T02:57:59.042128953-06:00" level=debug msg="Invoking: cartservice-qdzirhitu7ygfyldnhj2.default.192.168.1.240.sslip.io:80"
time="2024-05-30T02:57:59.055012704-06:00" level=debug msg="Invoked cartservice-qdzirhitu7ygfyldnhj2.default.192.168.1.240.sslip.io in 12904 usec\n"
time="2024-05-30T02:58:06.545722514-06:00" level=debug msg="Invoking: gptj-python-ftgrlkdv6won9e11macq.default.192.168.1.240.sslip.io:80"
time="2024-05-30T02:58:06.556209202-06:00" level=debug msg="Invoked gptj-python-ftgrlkdv6won9e11macq.default.192.168.1.240.sslip.io in 10517 usec\n"
time="2024-05-30T02:58:14.049442834-06:00" level=debug msg="Invoking: gptj-python-ftgrlkdv6won9e11macq.default.192.168.1.240.sslip.io:80"
time="2024-05-30T02:58:14.059191657-06:00" level=debug msg="Invoked gptj-python-ftgrlkdv6won9e11macq.default.192.168.1.240.sslip.io in 9759 usec\n"
time="2024-05-30T02:58:21.553440411-06:00" level=debug msg="Invoking: gptj-python-ftgrlkdv6won9e11macq.default.192.168.1.240.sslip.io:80"
time="2024-05-30T02:58:21.565483224-06:00" level=debug msg="Invoked gptj-python-ftgrlkdv6won9e11macq.default.192.168.1.240.sslip.io in 12053 usec\n"
time="2024-05-30T02:58:29.017463233-06:00" level=debug msg="Minute: 13"
time="2024-05-30T02:58:29.017564399-06:00" level=debug msg="Number of Invocations this iteration: 8"
time="2024-05-30T02:58:29.017677281-06:00" level=debug msg="Invoking: cartservice-qdzirhitu7ygfyldnhj2.default.192.168.1.240.sslip.io:80"
time="2024-05-30T02:58:29.030432557-06:00" level=debug msg="Invoked cartservice-qdzirhitu7ygfyldnhj2.default.192.168.1.240.sslip.io in 12767 usec\n"
time="2024-05-30T02:58:36.521516085-06:00" level=debug msg="Invoking: gptj-python-ftgrlkdv6won9e11macq.default.192.168.1.240.sslip.io:80"
time="2024-05-30T02:58:36.533275628-06:00" level=debug msg="Invoked gptj-python-ftgrlkdv6won9e11macq.default.192.168.1.240.sslip.io in 11771 usec\n"
time="2024-05-30T02:58:44.025429773-06:00" level=debug msg="Invoking: gptj-python-ftgrlkdv6won9e11macq.default.192.168.1.240.sslip.io:80"
time="2024-05-30T02:58:44.036924918-06:00" level=debug msg="Invoked gptj-python-ftgrlkdv6won9e11macq.default.192.168.1.240.sslip.io in 11496 usec\n"
time="2024-05-30T02:58:51.529533101-06:00" level=debug msg="Invoking: gptj-python-ftgrlkdv6won9e11macq.default.192.168.1.240.sslip.io:80"
time="2024-05-30T02:58:51.540816573-06:00" level=debug msg="Invoked gptj-python-ftgrlkdv6won9e11macq.default.192.168.1.240.sslip.io in 11297 usec\n"
time="2024-05-30T02:58:59.033461355-06:00" level=debug msg="Invoking: cartservice-qdzirhitu7ygfyldnhj2.default.192.168.1.240.sslip.io:80"
time="2024-05-30T02:58:59.045451631-06:00" level=debug msg="Invoked cartservice-qdzirhitu7ygfyldnhj2.default.192.168.1.240.sslip.io in 11999 usec\n"
time="2024-05-30T02:59:06.536752475-06:00" level=debug msg="Invoking: gptj-python-ftgrlkdv6won9e11macq.default.192.168.1.240.sslip.io:80"
time="2024-05-30T02:59:06.54829459-06:00" level=debug msg="Invoked gptj-python-ftgrlkdv6won9e11macq.default.192.168.1.240.sslip.io in 11651 usec\n"
time="2024-05-30T02:59:14.042904021-06:00" level=debug msg="Invoking: gptj-python-ftgrlkdv6won9e11macq.default.192.168.1.240.sslip.io:80"
time="2024-05-30T02:59:14.053528469-06:00" level=debug msg="Invoked gptj-python-ftgrlkdv6won9e11macq.default.192.168.1.240.sslip.io in 10632 usec\n"
time="2024-05-30T02:59:21.549479218-06:00" level=debug msg="Invoking: gptj-python-ftgrlkdv6won9e11macq.default.192.168.1.240.sslip.io:80"
time="2024-05-30T02:59:21.560026485-06:00" level=debug msg="Invoked gptj-python-ftgrlkdv6won9e11macq.default.192.168.1.240.sslip.io in 10559 usec\n"
time="2024-05-30T02:59:29.01749023-06:00" level=info msg="Experiment Phase Completed"
time="2024-05-30T02:59:29.017624752-06:00" level=info msg="Issued / completed requests: 112, 112"
time="2024-05-30T02:59:29.017660818-06:00" level=info msg="Average Real RPS: 0.13 "
time="2024-05-30T02:59:29.017686919-06:00" level=info msg="Experiment finished!"
time="2024-05-30T02:59:29.017714703-06:00" level=info msg="The measured latencies are saved in rps_lat.csv"
