time="2024-05-30T07:36:52.264674478-06:00" level=info msg="Reading the endpoints from the file: video-analytics-standalone-python-70-300/endpoints.json"
time="2024-05-30T07:39:27.429807831-06:00" level=warning msg="Failed to invoke video-analytics-standalone-python-70-p8vacwq.default.192.168.1.240.sslip.io:80, err=rpc error: code = DeadlineExceeded desc = context deadline exceeded"
time="2024-05-30T07:39:38.965131639-06:00" level=warning msg="Failed to invoke video-analytics-standalone-python-70-p8vacwq.default.192.168.1.240.sslip.io:80, err=rpc error: code = DeadlineExceeded desc = context deadline exceeded"
time="2024-05-30T07:39:50.517310411-06:00" level=warning msg="Failed to invoke video-analytics-standalone-python-70-p8vacwq.default.192.168.1.240.sslip.io:80, err=rpc error: code = Unavailable desc = upstream request timeout"
time="2024-05-30T07:40:02.066393995-06:00" level=warning msg="Failed to invoke video-analytics-standalone-python-70-p8vacwq.default.192.168.1.240.sslip.io:80, err=rpc error: code = Unavailable desc = upstream request timeout"
time="2024-05-30T07:40:13.621230728-06:00" level=warning msg="Failed to invoke video-analytics-standalone-python-70-p8vacwq.default.192.168.1.240.sslip.io:80, err=rpc error: code = Unavailable desc = upstream request timeout"
time="2024-05-30T07:40:25.176160668-06:00" level=warning msg="Failed to invoke video-analytics-standalone-python-70-p8vacwq.default.192.168.1.240.sslip.io:80, err=rpc error: code = Unavailable desc = upstream request timeout"
time="2024-05-30T07:40:36.721870848-06:00" level=warning msg="Failed to invoke video-analytics-standalone-python-70-p8vacwq.default.192.168.1.240.sslip.io:80, err=rpc error: code = Unavailable desc = upstream request timeout"
time="2024-05-30T07:40:48.275601925-06:00" level=warning msg="Failed to invoke video-analytics-standalone-python-70-p8vacwq.default.192.168.1.240.sslip.io:80, err=rpc error: code = Unavailable desc = upstream request timeout"
time="2024-05-30T07:40:59.833108741-06:00" level=warning msg="Failed to invoke video-analytics-standalone-python-70-p8vacwq.default.192.168.1.240.sslip.io:80, err=rpc error: code = DeadlineExceeded desc = context deadline exceeded"
time="2024-05-30T07:41:11.380135788-06:00" level=warning msg="Failed to invoke video-analytics-standalone-python-70-p8vacwq.default.192.168.1.240.sslip.io:80, err=rpc error: code = Unavailable desc = upstream request timeout"
time="2024-05-30T07:41:22.935746216-06:00" level=warning msg="Failed to invoke video-analytics-standalone-python-70-p8vacwq.default.192.168.1.240.sslip.io:80, err=rpc error: code = Unavailable desc = upstream request timeout"
time="2024-05-30T07:41:34.481140277-06:00" level=warning msg="Failed to invoke video-analytics-standalone-python-70-p8vacwq.default.192.168.1.240.sslip.io:80, err=rpc error: code = Unavailable desc = upstream request timeout"
time="2024-05-30T07:41:46.041131583-06:00" level=warning msg="Failed to invoke video-analytics-standalone-python-70-p8vacwq.default.192.168.1.240.sslip.io:80, err=rpc error: code = DeadlineExceeded desc = context deadline exceeded"
time="2024-05-30T07:41:57.588446135-06:00" level=warning msg="Failed to invoke video-analytics-standalone-python-70-p8vacwq.default.192.168.1.240.sslip.io:80, err=rpc error: code = Unavailable desc = upstream request timeout"
time="2024-05-30T07:42:09.140084125-06:00" level=warning msg="Failed to invoke video-analytics-standalone-python-70-p8vacwq.default.192.168.1.240.sslip.io:80, err=rpc error: code = DeadlineExceeded desc = context deadline exceeded"
time="2024-05-30T07:42:20.691802361-06:00" level=warning msg="Failed to invoke video-analytics-standalone-python-70-p8vacwq.default.192.168.1.240.sslip.io:80, err=rpc error: code = Unavailable desc = upstream request timeout"
time="2024-05-30T07:42:32.245957562-06:00" level=warning msg="Failed to invoke video-analytics-standalone-python-70-p8vacwq.default.192.168.1.240.sslip.io:80, err=rpc error: code = DeadlineExceeded desc = context deadline exceeded"
time="2024-05-30T07:42:43.791563371-06:00" level=warning msg="Failed to invoke video-analytics-standalone-python-70-p8vacwq.default.192.168.1.240.sslip.io:80, err=rpc error: code = Unavailable desc = upstream request timeout"
time="2024-05-30T07:42:55.347867302-06:00" level=warning msg="Failed to invoke video-analytics-standalone-python-70-p8vacwq.default.192.168.1.240.sslip.io:80, err=rpc error: code = Unavailable desc = upstream request timeout"
time="2024-05-30T07:43:06.898634742-06:00" level=warning msg="Failed to invoke video-analytics-standalone-python-70-p8vacwq.default.192.168.1.240.sslip.io:80, err=rpc error: code = Unavailable desc = upstream request timeout"
time="2024-05-30T07:43:18.449007224-06:00" level=warning msg="Failed to invoke video-analytics-standalone-python-70-p8vacwq.default.192.168.1.240.sslip.io:80, err=rpc error: code = Unavailable desc = upstream request timeout"
time="2024-05-30T07:43:30.001677608-06:00" level=warning msg="Failed to invoke video-analytics-standalone-python-70-p8vacwq.default.192.168.1.240.sslip.io:80, err=rpc error: code = Unavailable desc = upstream request timeout"
time="2024-05-30T07:43:41.553347551-06:00" level=warning msg="Failed to invoke video-analytics-standalone-python-70-p8vacwq.default.192.168.1.240.sslip.io:80, err=rpc error: code = Unavailable desc = upstream request timeout"
time="2024-05-30T07:43:53.106809001-06:00" level=warning msg="Failed to invoke video-analytics-standalone-python-70-p8vacwq.default.192.168.1.240.sslip.io:80, err=rpc error: code = Unavailable desc = upstream request timeout"
time="2024-05-30T07:44:04.655586795-06:00" level=warning msg="Failed to invoke video-analytics-standalone-python-70-p8vacwq.default.192.168.1.240.sslip.io:80, err=rpc error: code = Unavailable desc = upstream request timeout"
time="2024-05-30T07:44:16.212376503-06:00" level=warning msg="Failed to invoke video-analytics-standalone-python-70-p8vacwq.default.192.168.1.240.sslip.io:80, err=rpc error: code = Unavailable desc = upstream request timeout"
time="2024-05-30T07:44:27.758302698-06:00" level=warning msg="Failed to invoke video-analytics-standalone-python-70-p8vacwq.default.192.168.1.240.sslip.io:80, err=rpc error: code = Unavailable desc = upstream request timeout"
time="2024-05-30T07:44:39.318080285-06:00" level=warning msg="Failed to invoke video-analytics-standalone-python-70-p8vacwq.default.192.168.1.240.sslip.io:80, err=rpc error: code = Unavailable desc = upstream request timeout"
time="2024-05-30T07:44:50.871410644-06:00" level=warning msg="Failed to invoke video-analytics-standalone-python-70-p8vacwq.default.192.168.1.240.sslip.io:80, err=rpc error: code = Unavailable desc = upstream request timeout"
time="2024-05-30T07:45:02.413458407-06:00" level=warning msg="Failed to invoke video-analytics-standalone-python-70-p8vacwq.default.192.168.1.240.sslip.io:80, err=rpc error: code = DeadlineExceeded desc = context deadline exceeded"
time="2024-05-30T07:45:13.967679353-06:00" level=warning msg="Failed to invoke video-analytics-standalone-python-70-p8vacwq.default.192.168.1.240.sslip.io:80, err=rpc error: code = Unavailable desc = upstream request timeout"
time="2024-05-30T07:45:25.520479072-06:00" level=warning msg="Failed to invoke video-analytics-standalone-python-70-p8vacwq.default.192.168.1.240.sslip.io:80, err=rpc error: code = Unavailable desc = upstream request timeout"
time="2024-05-30T07:45:37.070964199-06:00" level=warning msg="Failed to invoke video-analytics-standalone-python-70-p8vacwq.default.192.168.1.240.sslip.io:80, err=rpc error: code = Unavailable desc = upstream request timeout"
time="2024-05-30T07:45:48.617777121-06:00" level=warning msg="Failed to invoke video-analytics-standalone-python-70-p8vacwq.default.192.168.1.240.sslip.io:80, err=rpc error: code = Unavailable desc = upstream request timeout"
time="2024-05-30T07:46:00.170872453-06:00" level=warning msg="Failed to invoke video-analytics-standalone-python-70-p8vacwq.default.192.168.1.240.sslip.io:80, err=rpc error: code = Unavailable desc = upstream request timeout"
time="2024-05-30T07:46:11.722882797-06:00" level=warning msg="Failed to invoke video-analytics-standalone-python-70-p8vacwq.default.192.168.1.240.sslip.io:80, err=rpc error: code = Unavailable desc = upstream request timeout"
time="2024-05-30T07:46:23.274985424-06:00" level=warning msg="Failed to invoke video-analytics-standalone-python-70-p8vacwq.default.192.168.1.240.sslip.io:80, err=rpc error: code = Unavailable desc = upstream request timeout"
time="2024-05-30T07:46:34.830151598-06:00" level=warning msg="Failed to invoke video-analytics-standalone-python-70-p8vacwq.default.192.168.1.240.sslip.io:80, err=rpc error: code = Unavailable desc = upstream request timeout"
time="2024-05-30T07:46:46.385769501-06:00" level=warning msg="Failed to invoke video-analytics-standalone-python-70-p8vacwq.default.192.168.1.240.sslip.io:80, err=rpc error: code = Unavailable desc = upstream request timeout"
time="2024-05-30T07:46:57.932621113-06:00" level=warning msg="Failed to invoke video-analytics-standalone-python-70-p8vacwq.default.192.168.1.240.sslip.io:80, err=rpc error: code = Unavailable desc = upstream request timeout"
time="2024-05-30T07:47:09.482788858-06:00" level=warning msg="Failed to invoke video-analytics-standalone-python-70-p8vacwq.default.192.168.1.240.sslip.io:80, err=rpc error: code = DeadlineExceeded desc = context deadline exceeded"
time="2024-05-30T07:47:21.034222641-06:00" level=warning msg="Failed to invoke video-analytics-standalone-python-70-p8vacwq.default.192.168.1.240.sslip.io:80, err=rpc error: code = Unavailable desc = upstream request timeout"
time="2024-05-30T07:47:32.585012123-06:00" level=warning msg="Failed to invoke video-analytics-standalone-python-70-p8vacwq.default.192.168.1.240.sslip.io:80, err=rpc error: code = Unavailable desc = upstream request timeout"
time="2024-05-30T07:47:44.139262823-06:00" level=warning msg="Failed to invoke video-analytics-standalone-python-70-p8vacwq.default.192.168.1.240.sslip.io:80, err=rpc error: code = DeadlineExceeded desc = context deadline exceeded"
time="2024-05-30T07:47:55.687797359-06:00" level=warning msg="Failed to invoke video-analytics-standalone-python-70-p8vacwq.default.192.168.1.240.sslip.io:80, err=rpc error: code = Unavailable desc = upstream request timeout"
time="2024-05-30T07:48:07.244870589-06:00" level=warning msg="Failed to invoke video-analytics-standalone-python-70-p8vacwq.default.192.168.1.240.sslip.io:80, err=rpc error: code = Unavailable desc = upstream request timeout"
time="2024-05-30T07:48:18.796707188-06:00" level=warning msg="Failed to invoke video-analytics-standalone-python-70-p8vacwq.default.192.168.1.240.sslip.io:80, err=rpc error: code = Unavailable desc = upstream request timeout"
time="2024-05-30T07:48:30.343847723-06:00" level=warning msg="Failed to invoke video-analytics-standalone-python-70-p8vacwq.default.192.168.1.240.sslip.io:80, err=rpc error: code = Unavailable desc = upstream request timeout"
time="2024-05-30T07:48:41.901956168-06:00" level=warning msg="Failed to invoke video-analytics-standalone-python-70-p8vacwq.default.192.168.1.240.sslip.io:80, err=rpc error: code = DeadlineExceeded desc = context deadline exceeded"
time="2024-05-30T07:48:53.451246943-06:00" level=warning msg="Failed to invoke video-analytics-standalone-python-70-p8vacwq.default.192.168.1.240.sslip.io:80, err=rpc error: code = Unavailable desc = upstream request timeout"
time="2024-05-30T07:49:05.001558387-06:00" level=warning msg="Failed to invoke video-analytics-standalone-python-70-p8vacwq.default.192.168.1.240.sslip.io:80, err=rpc error: code = DeadlineExceeded desc = context deadline exceeded"
time="2024-05-30T07:49:16.555670621-06:00" level=warning msg="Failed to invoke video-analytics-standalone-python-70-p8vacwq.default.192.168.1.240.sslip.io:80, err=rpc error: code = Unavailable desc = upstream request timeout"
time="2024-05-30T07:49:28.106891364-06:00" level=warning msg="Failed to invoke video-analytics-standalone-python-70-p8vacwq.default.192.168.1.240.sslip.io:80, err=rpc error: code = Unavailable desc = upstream request timeout"
time="2024-05-30T07:49:39.657135087-06:00" level=warning msg="Failed to invoke video-analytics-standalone-python-70-p8vacwq.default.192.168.1.240.sslip.io:80, err=rpc error: code = DeadlineExceeded desc = context deadline exceeded"
time="2024-05-30T07:49:51.209538748-06:00" level=warning msg="Failed to invoke video-analytics-standalone-python-70-p8vacwq.default.192.168.1.240.sslip.io:80, err=rpc error: code = Unavailable desc = upstream request timeout"
time="2024-05-30T07:50:01.894585673-06:00" level=info msg="Issued / completed requests: 68, 11"
time="2024-05-30T07:50:01.894667094-06:00" level=info msg="Real / target RPS: 0.01 / 0.2"
time="2024-05-30T07:50:01.894678273-06:00" level=info msg="Experiment finished!"
time="2024-05-30T07:50:01.894689612-06:00" level=info msg="The measured latencies are saved in video-analytics-standalone-python-70-300/lat.txt"
time="2024-05-30T07:50:01.894802153-06:00" level=info msg="The measured function durations are saved in video-analytics-standalone-python-70-300/dur.txt"
