time="2024-05-30T07:24:59.685116736-06:00" level=info msg="Reading the endpoints from the file: video-analytics-standalone-python-70-300/endpoints.json"
time="2024-05-30T07:27:26.387879922-06:00" level=warning msg="Failed to invoke video-analytics-standalone-python-70-y7ujmfc.default.192.168.1.240.sslip.io:80, err=rpc error: code = DeadlineExceeded desc = context deadline exceeded"
time="2024-05-30T07:27:37.147860009-06:00" level=warning msg="Failed to invoke video-analytics-standalone-python-70-y7ujmfc.default.192.168.1.240.sslip.io:80, err=rpc error: code = DeadlineExceeded desc = context deadline exceeded"
time="2024-05-30T07:27:47.914959515-06:00" level=warning msg="Failed to invoke video-analytics-standalone-python-70-y7ujmfc.default.192.168.1.240.sslip.io:80, err=rpc error: code = Unavailable desc = upstream request timeout"
time="2024-05-30T07:27:58.69149781-06:00" level=warning msg="Failed to invoke video-analytics-standalone-python-70-y7ujmfc.default.192.168.1.240.sslip.io:80, err=rpc error: code = Unavailable desc = upstream request timeout"
time="2024-05-30T07:28:09.463854533-06:00" level=warning msg="Failed to invoke video-analytics-standalone-python-70-y7ujmfc.default.192.168.1.240.sslip.io:80, err=rpc error: code = DeadlineExceeded desc = context deadline exceeded"
time="2024-05-30T07:28:20.231124588-06:00" level=warning msg="Failed to invoke video-analytics-standalone-python-70-y7ujmfc.default.192.168.1.240.sslip.io:80, err=rpc error: code = Unavailable desc = upstream request timeout"
time="2024-05-30T07:28:31.003076315-06:00" level=warning msg="Failed to invoke video-analytics-standalone-python-70-y7ujmfc.default.192.168.1.240.sslip.io:80, err=rpc error: code = Unavailable desc = upstream request timeout"
time="2024-05-30T07:28:41.770167326-06:00" level=warning msg="Failed to invoke video-analytics-standalone-python-70-y7ujmfc.default.192.168.1.240.sslip.io:80, err=rpc error: code = DeadlineExceeded desc = context deadline exceeded"
time="2024-05-30T07:28:52.543249735-06:00" level=warning msg="Failed to invoke video-analytics-standalone-python-70-y7ujmfc.default.192.168.1.240.sslip.io:80, err=rpc error: code = Unavailable desc = upstream request timeout"
time="2024-05-30T07:29:03.310646946-06:00" level=warning msg="Failed to invoke video-analytics-standalone-python-70-y7ujmfc.default.192.168.1.240.sslip.io:80, err=rpc error: code = Unavailable desc = upstream request timeout"
time="2024-05-30T07:29:14.084792677-06:00" level=warning msg="Failed to invoke video-analytics-standalone-python-70-y7ujmfc.default.192.168.1.240.sslip.io:80, err=rpc error: code = Unavailable desc = upstream request timeout"
time="2024-05-30T07:29:24.85935128-06:00" level=warning msg="Failed to invoke video-analytics-standalone-python-70-y7ujmfc.default.192.168.1.240.sslip.io:80, err=rpc error: code = Unavailable desc = upstream request timeout"
time="2024-05-30T07:29:35.627165417-06:00" level=warning msg="Failed to invoke video-analytics-standalone-python-70-y7ujmfc.default.192.168.1.240.sslip.io:80, err=rpc error: code = Unavailable desc = upstream request timeout"
time="2024-05-30T07:29:46.392938318-06:00" level=warning msg="Failed to invoke video-analytics-standalone-python-70-y7ujmfc.default.192.168.1.240.sslip.io:80, err=rpc error: code = Unavailable desc = upstream request timeout"
time="2024-05-30T07:29:57.167909141-06:00" level=warning msg="Failed to invoke video-analytics-standalone-python-70-y7ujmfc.default.192.168.1.240.sslip.io:80, err=rpc error: code = Unavailable desc = upstream request timeout"
time="2024-05-30T07:30:07.948627264-06:00" level=warning msg="Failed to invoke video-analytics-standalone-python-70-y7ujmfc.default.192.168.1.240.sslip.io:80, err=rpc error: code = DeadlineExceeded desc = context deadline exceeded"
time="2024-05-30T07:30:18.712317471-06:00" level=warning msg="Failed to invoke video-analytics-standalone-python-70-y7ujmfc.default.192.168.1.240.sslip.io:80, err=rpc error: code = Unavailable desc = upstream request timeout"
time="2024-05-30T07:30:29.480911997-06:00" level=warning msg="Failed to invoke video-analytics-standalone-python-70-y7ujmfc.default.192.168.1.240.sslip.io:80, err=rpc error: code = Unavailable desc = upstream request timeout"
time="2024-05-30T07:30:40.250739315-06:00" level=warning msg="Failed to invoke video-analytics-standalone-python-70-y7ujmfc.default.192.168.1.240.sslip.io:80, err=rpc error: code = Unavailable desc = upstream request timeout"
time="2024-05-30T07:30:51.022036407-06:00" level=warning msg="Failed to invoke video-analytics-standalone-python-70-y7ujmfc.default.192.168.1.240.sslip.io:80, err=rpc error: code = Unavailable desc = upstream request timeout"
time="2024-05-30T07:31:01.792293704-06:00" level=warning msg="Failed to invoke video-analytics-standalone-python-70-y7ujmfc.default.192.168.1.240.sslip.io:80, err=rpc error: code = DeadlineExceeded desc = context deadline exceeded"
time="2024-05-30T07:31:12.564665717-06:00" level=warning msg="Failed to invoke video-analytics-standalone-python-70-y7ujmfc.default.192.168.1.240.sslip.io:80, err=rpc error: code = Unavailable desc = upstream request timeout"
time="2024-05-30T07:31:23.338022373-06:00" level=warning msg="Failed to invoke video-analytics-standalone-python-70-y7ujmfc.default.192.168.1.240.sslip.io:80, err=rpc error: code = Unavailable desc = upstream request timeout"
time="2024-05-30T07:31:34.108661434-06:00" level=warning msg="Failed to invoke video-analytics-standalone-python-70-y7ujmfc.default.192.168.1.240.sslip.io:80, err=rpc error: code = Unavailable desc = upstream request timeout"
time="2024-05-30T07:31:44.877411825-06:00" level=warning msg="Failed to invoke video-analytics-standalone-python-70-y7ujmfc.default.192.168.1.240.sslip.io:80, err=rpc error: code = Unavailable desc = upstream request timeout"
time="2024-05-30T07:31:55.646998897-06:00" level=warning msg="Failed to invoke video-analytics-standalone-python-70-y7ujmfc.default.192.168.1.240.sslip.io:80, err=rpc error: code = Unavailable desc = upstream request timeout"
time="2024-05-30T07:32:06.419389302-06:00" level=warning msg="Failed to invoke video-analytics-standalone-python-70-y7ujmfc.default.192.168.1.240.sslip.io:80, err=rpc error: code = Unavailable desc = upstream request timeout"
time="2024-05-30T07:32:17.189005004-06:00" level=warning msg="Failed to invoke video-analytics-standalone-python-70-y7ujmfc.default.192.168.1.240.sslip.io:80, err=rpc error: code = Unavailable desc = upstream request timeout"
time="2024-05-30T07:32:27.962870149-06:00" level=warning msg="Failed to invoke video-analytics-standalone-python-70-y7ujmfc.default.192.168.1.240.sslip.io:80, err=rpc error: code = Unavailable desc = upstream request timeout"
time="2024-05-30T07:32:38.734687227-06:00" level=warning msg="Failed to invoke video-analytics-standalone-python-70-y7ujmfc.default.192.168.1.240.sslip.io:80, err=rpc error: code = Unavailable desc = upstream request timeout"
time="2024-05-30T07:32:49.502319235-06:00" level=warning msg="Failed to invoke video-analytics-standalone-python-70-y7ujmfc.default.192.168.1.240.sslip.io:80, err=rpc error: code = DeadlineExceeded desc = context deadline exceeded"
time="2024-05-30T07:33:00.272727449-06:00" level=warning msg="Failed to invoke video-analytics-standalone-python-70-y7ujmfc.default.192.168.1.240.sslip.io:80, err=rpc error: code = Unavailable desc = upstream request timeout"
time="2024-05-30T07:33:11.048622274-06:00" level=warning msg="Failed to invoke video-analytics-standalone-python-70-y7ujmfc.default.192.168.1.240.sslip.io:80, err=rpc error: code = Unavailable desc = upstream request timeout"
time="2024-05-30T07:33:21.815949377-06:00" level=warning msg="Failed to invoke video-analytics-standalone-python-70-y7ujmfc.default.192.168.1.240.sslip.io:80, err=rpc error: code = DeadlineExceeded desc = context deadline exceeded"
time="2024-05-30T07:33:32.594682125-06:00" level=warning msg="Failed to invoke video-analytics-standalone-python-70-y7ujmfc.default.192.168.1.240.sslip.io:80, err=rpc error: code = Unavailable desc = upstream request timeout"
time="2024-05-30T07:33:43.354685958-06:00" level=warning msg="Failed to invoke video-analytics-standalone-python-70-y7ujmfc.default.192.168.1.240.sslip.io:80, err=rpc error: code = Unavailable desc = upstream request timeout"
time="2024-05-30T07:33:54.125991874-06:00" level=warning msg="Failed to invoke video-analytics-standalone-python-70-y7ujmfc.default.192.168.1.240.sslip.io:80, err=rpc error: code = Unavailable desc = upstream request timeout"
time="2024-05-30T07:34:04.923528851-06:00" level=warning msg="Failed to invoke video-analytics-standalone-python-70-y7ujmfc.default.192.168.1.240.sslip.io:80, err=rpc error: code = Unavailable desc = upstream request timeout"
time="2024-05-30T07:34:15.670317287-06:00" level=warning msg="Failed to invoke video-analytics-standalone-python-70-y7ujmfc.default.192.168.1.240.sslip.io:80, err=rpc error: code = Unavailable desc = upstream request timeout"
time="2024-05-30T07:34:26.443644322-06:00" level=warning msg="Failed to invoke video-analytics-standalone-python-70-y7ujmfc.default.192.168.1.240.sslip.io:80, err=rpc error: code = Unavailable desc = upstream request timeout"
time="2024-05-30T07:34:37.211080581-06:00" level=warning msg="Failed to invoke video-analytics-standalone-python-70-y7ujmfc.default.192.168.1.240.sslip.io:80, err=rpc error: code = Unavailable desc = upstream request timeout"
time="2024-05-30T07:34:47.98421972-06:00" level=warning msg="Failed to invoke video-analytics-standalone-python-70-y7ujmfc.default.192.168.1.240.sslip.io:80, err=rpc error: code = Unavailable desc = upstream request timeout"
time="2024-05-30T07:34:58.755892013-06:00" level=warning msg="Failed to invoke video-analytics-standalone-python-70-y7ujmfc.default.192.168.1.240.sslip.io:80, err=rpc error: code = DeadlineExceeded desc = context deadline exceeded"
time="2024-05-30T07:35:09.521924387-06:00" level=warning msg="Failed to invoke video-analytics-standalone-python-70-y7ujmfc.default.192.168.1.240.sslip.io:80, err=rpc error: code = Unavailable desc = upstream request timeout"
time="2024-05-30T07:35:20.294518286-06:00" level=warning msg="Failed to invoke video-analytics-standalone-python-70-y7ujmfc.default.192.168.1.240.sslip.io:80, err=rpc error: code = Unavailable desc = upstream request timeout"
time="2024-05-30T07:35:31.06658017-06:00" level=warning msg="Failed to invoke video-analytics-standalone-python-70-y7ujmfc.default.192.168.1.240.sslip.io:80, err=rpc error: code = Unavailable desc = upstream request timeout"
time="2024-05-30T07:35:41.837497535-06:00" level=warning msg="Failed to invoke video-analytics-standalone-python-70-y7ujmfc.default.192.168.1.240.sslip.io:80, err=rpc error: code = Unavailable desc = upstream request timeout"
time="2024-05-30T07:35:52.604908581-06:00" level=warning msg="Failed to invoke video-analytics-standalone-python-70-y7ujmfc.default.192.168.1.240.sslip.io:80, err=rpc error: code = Unavailable desc = upstream request timeout"
time="2024-05-30T07:36:03.380392718-06:00" level=warning msg="Failed to invoke video-analytics-standalone-python-70-y7ujmfc.default.192.168.1.240.sslip.io:80, err=rpc error: code = Unavailable desc = upstream request timeout"
time="2024-05-30T07:36:14.149757426-06:00" level=warning msg="Failed to invoke video-analytics-standalone-python-70-y7ujmfc.default.192.168.1.240.sslip.io:80, err=rpc error: code = Unavailable desc = upstream request timeout"
time="2024-05-30T07:36:24.921771363-06:00" level=warning msg="Failed to invoke video-analytics-standalone-python-70-y7ujmfc.default.192.168.1.240.sslip.io:80, err=rpc error: code = Unavailable desc = upstream request timeout"
time="2024-05-30T07:36:35.692870223-06:00" level=warning msg="Failed to invoke video-analytics-standalone-python-70-y7ujmfc.default.192.168.1.240.sslip.io:80, err=rpc error: code = Unavailable desc = upstream request timeout"
time="2024-05-30T07:36:46.465259344-06:00" level=warning msg="Failed to invoke video-analytics-standalone-python-70-y7ujmfc.default.192.168.1.240.sslip.io:80, err=rpc error: code = Unavailable desc = upstream request timeout"
time="2024-05-30T07:36:57.232778421-06:00" level=warning msg="Failed to invoke video-analytics-standalone-python-70-y7ujmfc.default.192.168.1.240.sslip.io:80, err=rpc error: code = DeadlineExceeded desc = context deadline exceeded"
time="2024-05-30T07:37:08.009931955-06:00" level=warning msg="Failed to invoke video-analytics-standalone-python-70-y7ujmfc.default.192.168.1.240.sslip.io:80, err=rpc error: code = Unavailable desc = upstream request timeout"
time="2024-05-30T07:37:18.779903473-06:00" level=warning msg="Failed to invoke video-analytics-standalone-python-70-y7ujmfc.default.192.168.1.240.sslip.io:80, err=rpc error: code = DeadlineExceeded desc = context deadline exceeded"
time="2024-05-30T07:37:29.544834125-06:00" level=warning msg="Failed to invoke video-analytics-standalone-python-70-y7ujmfc.default.192.168.1.240.sslip.io:80, err=rpc error: code = Unavailable desc = upstream request timeout"
time="2024-05-30T07:37:40.31879312-06:00" level=warning msg="Failed to invoke video-analytics-standalone-python-70-y7ujmfc.default.192.168.1.240.sslip.io:80, err=rpc error: code = Unavailable desc = upstream request timeout"
time="2024-05-30T07:37:51.095041636-06:00" level=warning msg="Failed to invoke video-analytics-standalone-python-70-y7ujmfc.default.192.168.1.240.sslip.io:80, err=rpc error: code = Unavailable desc = upstream request timeout"
time="2024-05-30T07:38:01.857042809-06:00" level=warning msg="Failed to invoke video-analytics-standalone-python-70-y7ujmfc.default.192.168.1.240.sslip.io:80, err=rpc error: code = Unavailable desc = upstream request timeout"
time="2024-05-30T07:38:08.665235572-06:00" level=info msg="Issued / completed requests: 73, 11"
time="2024-05-30T07:38:08.665292988-06:00" level=info msg="Real / target RPS: 0.01 / 0.2"
time="2024-05-30T07:38:08.665306424-06:00" level=info msg="Experiment finished!"
time="2024-05-30T07:38:08.665315686-06:00" level=info msg="The measured latencies are saved in video-analytics-standalone-python-70-300/lat.txt"
time="2024-05-30T07:38:08.665435859-06:00" level=info msg="The measured function durations are saved in video-analytics-standalone-python-70-300/dur.txt"
