time="2024-05-30T02:46:21.721083294-06:00" level=debug msg="Debug logging is enabled"
time="2024-05-30T02:46:21.721231497-06:00" level=info msg="Reading the trace endpoints from the file: /users/ArunAMS/vSwarm/tools/load-generator/load.json"
time="2024-05-30T02:46:21.722371797-06:00" level=info msg="Warmup Duration: 3"
time="2024-05-30T02:46:21.722392677-06:00" level=info msg="Experiment Duration: 11"
time="2024-05-30T02:46:21.722409315-06:00" level=info msg="Minute Granularity: true"
time="2024-05-30T02:47:21.779989778-06:00" level=info msg="Running Warmup Phase"
time="2024-05-30T02:47:21.780043627-06:00" level=debug msg="Minute: 0"
time="2024-05-30T02:47:21.780096094-06:00" level=debug msg="Number of Invocations this iteration: 8"
time="2024-05-30T02:47:21.780164353-06:00" level=debug msg="Invoking: cartservice-h242qqbdsewbyppchbro.default.192.168.1.240.sslip.io:80"
time="2024-05-30T02:47:29.284006119-06:00" level=debug msg="Invoking: gptj-python-4lsvtjczaeotnzax25j6.default.192.168.1.240.sslip.io:80"
time="2024-05-30T02:47:36.784083483-06:00" level=debug msg="Invoking: gptj-python-4lsvtjczaeotnzax25j6.default.192.168.1.240.sslip.io:80"
time="2024-05-30T02:47:44.288075285-06:00" level=debug msg="Invoking: gptj-python-4lsvtjczaeotnzax25j6.default.192.168.1.240.sslip.io:80"
time="2024-05-30T02:47:51.792008572-06:00" level=debug msg="Invoking: cartservice-h242qqbdsewbyppchbro.default.192.168.1.240.sslip.io:80"
time="2024-05-30T02:47:59.296296152-06:00" level=debug msg="Invoking: gptj-python-4lsvtjczaeotnzax25j6.default.192.168.1.240.sslip.io:80"
time="2024-05-30T02:48:06.800105362-06:00" level=debug msg="Invoking: gptj-python-4lsvtjczaeotnzax25j6.default.192.168.1.240.sslip.io:80"
time="2024-05-30T02:48:14.304062752-06:00" level=debug msg="Invoking: gptj-python-4lsvtjczaeotnzax25j6.default.192.168.1.240.sslip.io:80"
time="2024-05-30T02:48:21.728071502-06:00" level=debug msg="Minute: 1"
time="2024-05-30T02:48:21.728175991-06:00" level=debug msg="Number of Invocations this iteration: 8"
time="2024-05-30T02:48:21.728269266-06:00" level=debug msg="Invoking: image-rotate-go-6-dp1ovw0994v9vif0zzyl.default.192.168.1.240.sslip.io:80"
time="2024-05-30T02:48:29.228405623-06:00" level=debug msg="Invoking: gptj-python-4lsvtjczaeotnzax25j6.default.192.168.1.240.sslip.io:80"
time="2024-05-30T02:48:36.732066883-06:00" level=debug msg="Invoking: gptj-python-4lsvtjczaeotnzax25j6.default.192.168.1.240.sslip.io:80"
time="2024-05-30T02:48:44.239542632-06:00" level=debug msg="Invoking: gptj-python-4lsvtjczaeotnzax25j6.default.192.168.1.240.sslip.io:80"
time="2024-05-30T02:48:51.744673103-06:00" level=debug msg="Invoking: cartservice-h242qqbdsewbyppchbro.default.192.168.1.240.sslip.io:80"
time="2024-05-30T02:48:59.244919035-06:00" level=debug msg="Invoking: gptj-python-4lsvtjczaeotnzax25j6.default.192.168.1.240.sslip.io:80"
time="2024-05-30T02:49:06.748468759-06:00" level=debug msg="Invoking: gptj-python-4lsvtjczaeotnzax25j6.default.192.168.1.240.sslip.io:80"
time="2024-05-30T02:49:14.25201911-06:00" level=debug msg="Invoking: gptj-python-4lsvtjczaeotnzax25j6.default.192.168.1.240.sslip.io:80"
time="2024-05-30T02:49:21.728053338-06:00" level=debug msg="Minute: 2"
time="2024-05-30T02:49:21.728154034-06:00" level=debug msg="Number of Invocations this iteration: 8"
time="2024-05-30T02:49:21.728252111-06:00" level=debug msg="Invoking: cartservice-h242qqbdsewbyppchbro.default.192.168.1.240.sslip.io:80"
time="2024-05-30T02:49:29.233301241-06:00" level=debug msg="Invoking: gptj-python-4lsvtjczaeotnzax25j6.default.192.168.1.240.sslip.io:80"
time="2024-05-30T02:49:36.740125626-06:00" level=debug msg="Invoking: gptj-python-4lsvtjczaeotnzax25j6.default.192.168.1.240.sslip.io:80"
time="2024-05-30T02:49:44.244062859-06:00" level=debug msg="Invoking: gptj-python-4lsvtjczaeotnzax25j6.default.192.168.1.240.sslip.io:80"
time="2024-05-30T02:49:51.748102341-06:00" level=debug msg="Invoking: cartservice-h242qqbdsewbyppchbro.default.192.168.1.240.sslip.io:80"
time="2024-05-30T02:49:59.253187206-06:00" level=debug msg="Invoking: gptj-python-4lsvtjczaeotnzax25j6.default.192.168.1.240.sslip.io:80"
time="2024-05-30T02:50:06.760385192-06:00" level=debug msg="Invoking: gptj-python-4lsvtjczaeotnzax25j6.default.192.168.1.240.sslip.io:80"
time="2024-05-30T02:50:14.264014379-06:00" level=debug msg="Invoking: gptj-python-4lsvtjczaeotnzax25j6.default.192.168.1.240.sslip.io:80"
time="2024-05-30T02:50:21.724706029-06:00" level=info msg="Warmup Phase Completed"
time="2024-05-30T02:50:21.724812087-06:00" level=info msg="Running Experiment Phase"
time="2024-05-30T02:50:21.724843033-06:00" level=debug msg="Minute: 3"
time="2024-05-30T02:50:21.724894184-06:00" level=debug msg="Number of Invocations this iteration: 8"
time="2024-05-30T02:50:21.724998826-06:00" level=debug msg="Invoking: cartservice-h242qqbdsewbyppchbro.default.192.168.1.240.sslip.io:80"
time="2024-05-30T02:50:21.737880042-06:00" level=debug msg="Invoked cartservice-h242qqbdsewbyppchbro.default.192.168.1.240.sslip.io in 12896 usec\n"
time="2024-05-30T02:50:29.23206415-06:00" level=debug msg="Invoking: gptj-python-4lsvtjczaeotnzax25j6.default.192.168.1.240.sslip.io:80"
time="2024-05-30T02:50:29.243186848-06:00" level=debug msg="Invoked gptj-python-4lsvtjczaeotnzax25j6.default.192.168.1.240.sslip.io in 11133 usec\n"
time="2024-05-30T02:50:36.736058737-06:00" level=debug msg="Invoking: gptj-python-4lsvtjczaeotnzax25j6.default.192.168.1.240.sslip.io:80"
time="2024-05-30T02:50:36.747099638-06:00" level=debug msg="Invoked gptj-python-4lsvtjczaeotnzax25j6.default.192.168.1.240.sslip.io in 11051 usec\n"
time="2024-05-30T02:50:44.24000813-06:00" level=debug msg="Invoking: gptj-python-4lsvtjczaeotnzax25j6.default.192.168.1.240.sslip.io:80"
time="2024-05-30T02:50:44.251007152-06:00" level=debug msg="Invoked gptj-python-4lsvtjczaeotnzax25j6.default.192.168.1.240.sslip.io in 11010 usec\n"
time="2024-05-30T02:50:51.744068671-06:00" level=debug msg="Invoking: cartservice-h242qqbdsewbyppchbro.default.192.168.1.240.sslip.io:80"
time="2024-05-30T02:50:51.764319211-06:00" level=debug msg="Invoked cartservice-h242qqbdsewbyppchbro.default.192.168.1.240.sslip.io in 20246 usec\n"
time="2024-05-30T02:50:59.244542859-06:00" level=debug msg="Invoking: gptj-python-4lsvtjczaeotnzax25j6.default.192.168.1.240.sslip.io:80"
time="2024-05-30T02:50:59.256060526-06:00" level=debug msg="Invoked gptj-python-4lsvtjczaeotnzax25j6.default.192.168.1.240.sslip.io in 11594 usec\n"
time="2024-05-30T02:51:06.748047955-06:00" level=debug msg="Invoking: gptj-python-4lsvtjczaeotnzax25j6.default.192.168.1.240.sslip.io:80"
time="2024-05-30T02:51:06.758695706-06:00" level=debug msg="Invoked gptj-python-4lsvtjczaeotnzax25j6.default.192.168.1.240.sslip.io in 10658 usec\n"
time="2024-05-30T02:51:14.252014874-06:00" level=debug msg="Invoking: gptj-python-4lsvtjczaeotnzax25j6.default.192.168.1.240.sslip.io:80"
time="2024-05-30T02:51:14.261882318-06:00" level=debug msg="Invoked gptj-python-4lsvtjczaeotnzax25j6.default.192.168.1.240.sslip.io in 9892 usec\n"
time="2024-05-30T02:51:21.728051372-06:00" level=debug msg="Minute: 4"
time="2024-05-30T02:51:21.728148299-06:00" level=debug msg="Number of Invocations this iteration: 8"
time="2024-05-30T02:51:21.72824537-06:00" level=debug msg="Invoking: rnn-serving-python-10-10-kby5zzuptiffqexgildf.default.192.168.1.240.sslip.io:80"
time="2024-05-30T02:51:29.234380947-06:00" level=debug msg="Invoking: gptj-python-4lsvtjczaeotnzax25j6.default.192.168.1.240.sslip.io:80"
time="2024-05-30T02:51:29.24482028-06:00" level=debug msg="Invoked gptj-python-4lsvtjczaeotnzax25j6.default.192.168.1.240.sslip.io in 10450 usec\n"
time="2024-05-30T02:51:32.420449823-06:00" level=debug msg="Invoked rnn-serving-python-10-10-kby5zzuptiffqexgildf.default.192.168.1.240.sslip.io in 10692206 usec\n"
time="2024-05-30T02:51:36.736037093-06:00" level=debug msg="Invoking: gptj-python-4lsvtjczaeotnzax25j6.default.192.168.1.240.sslip.io:80"
time="2024-05-30T02:51:36.746535591-06:00" level=debug msg="Invoked gptj-python-4lsvtjczaeotnzax25j6.default.192.168.1.240.sslip.io in 10507 usec\n"
time="2024-05-30T02:51:44.23956875-06:00" level=debug msg="Invoking: gptj-python-4lsvtjczaeotnzax25j6.default.192.168.1.240.sslip.io:80"
time="2024-05-30T02:51:44.250517084-06:00" level=debug msg="Invoked gptj-python-4lsvtjczaeotnzax25j6.default.192.168.1.240.sslip.io in 10958 usec\n"
time="2024-05-30T02:51:51.74399037-06:00" level=debug msg="Invoking: cartservice-h242qqbdsewbyppchbro.default.192.168.1.240.sslip.io:80"
time="2024-05-30T02:51:51.755665585-06:00" level=debug msg="Invoked cartservice-h242qqbdsewbyppchbro.default.192.168.1.240.sslip.io in 11685 usec\n"
time="2024-05-30T02:51:59.244172507-06:00" level=debug msg="Invoking: gptj-python-4lsvtjczaeotnzax25j6.default.192.168.1.240.sslip.io:80"
time="2024-05-30T02:51:59.255364846-06:00" level=debug msg="Invoked gptj-python-4lsvtjczaeotnzax25j6.default.192.168.1.240.sslip.io in 11203 usec\n"
time="2024-05-30T02:52:06.748058264-06:00" level=debug msg="Invoking: gptj-python-4lsvtjczaeotnzax25j6.default.192.168.1.240.sslip.io:80"
time="2024-05-30T02:52:06.75828207-06:00" level=debug msg="Invoked gptj-python-4lsvtjczaeotnzax25j6.default.192.168.1.240.sslip.io in 10232 usec\n"
time="2024-05-30T02:52:14.252060075-06:00" level=debug msg="Invoking: gptj-python-4lsvtjczaeotnzax25j6.default.192.168.1.240.sslip.io:80"
time="2024-05-30T02:52:14.265147893-06:00" level=debug msg="Invoked gptj-python-4lsvtjczaeotnzax25j6.default.192.168.1.240.sslip.io in 13099 usec\n"
time="2024-05-30T02:52:21.729270156-06:00" level=debug msg="Minute: 5"
time="2024-05-30T02:52:21.729370714-06:00" level=debug msg="Number of Invocations this iteration: 8"
time="2024-05-30T02:52:21.72946149-06:00" level=debug msg="Invoking: cartservice-h242qqbdsewbyppchbro.default.192.168.1.240.sslip.io:80"
time="2024-05-30T02:52:22.885894384-06:00" level=debug msg="Invoked cartservice-h242qqbdsewbyppchbro.default.192.168.1.240.sslip.io in 1156430 usec\n"
time="2024-05-30T02:52:29.232071335-06:00" level=debug msg="Invoking: gptj-python-4lsvtjczaeotnzax25j6.default.192.168.1.240.sslip.io:80"
time="2024-05-30T02:52:29.24247342-06:00" level=debug msg="Invoked gptj-python-4lsvtjczaeotnzax25j6.default.192.168.1.240.sslip.io in 10440 usec\n"
time="2024-05-30T02:52:36.738865535-06:00" level=debug msg="Invoking: gptj-python-4lsvtjczaeotnzax25j6.default.192.168.1.240.sslip.io:80"
time="2024-05-30T02:52:36.749632457-06:00" level=debug msg="Invoked gptj-python-4lsvtjczaeotnzax25j6.default.192.168.1.240.sslip.io in 10776 usec\n"
time="2024-05-30T02:52:44.244259171-06:00" level=debug msg="Invoking: gptj-python-4lsvtjczaeotnzax25j6.default.192.168.1.240.sslip.io:80"
time="2024-05-30T02:52:44.254301543-06:00" level=debug msg="Invoked gptj-python-4lsvtjczaeotnzax25j6.default.192.168.1.240.sslip.io in 10055 usec\n"
time="2024-05-30T02:52:51.748001095-06:00" level=debug msg="Invoking: cartservice-h242qqbdsewbyppchbro.default.192.168.1.240.sslip.io:80"
time="2024-05-30T02:52:51.777621235-06:00" level=debug msg="Invoked cartservice-h242qqbdsewbyppchbro.default.192.168.1.240.sslip.io in 29622 usec\n"
time="2024-05-30T02:52:59.252056066-06:00" level=debug msg="Invoking: gptj-python-4lsvtjczaeotnzax25j6.default.192.168.1.240.sslip.io:80"
time="2024-05-30T02:52:59.262473721-06:00" level=debug msg="Invoked gptj-python-4lsvtjczaeotnzax25j6.default.192.168.1.240.sslip.io in 10426 usec\n"
time="2024-05-30T02:53:06.756003766-06:00" level=debug msg="Invoking: gptj-python-4lsvtjczaeotnzax25j6.default.192.168.1.240.sslip.io:80"
time="2024-05-30T02:53:06.768630676-06:00" level=debug msg="Invoked gptj-python-4lsvtjczaeotnzax25j6.default.192.168.1.240.sslip.io in 12636 usec\n"
time="2024-05-30T02:53:14.260078361-06:00" level=debug msg="Invoking: gptj-python-4lsvtjczaeotnzax25j6.default.192.168.1.240.sslip.io:80"
time="2024-05-30T02:53:14.270482108-06:00" level=debug msg="Invoked gptj-python-4lsvtjczaeotnzax25j6.default.192.168.1.240.sslip.io in 10411 usec\n"
time="2024-05-30T02:53:21.728050664-06:00" level=debug msg="Minute: 6"
time="2024-05-30T02:53:21.72813398-06:00" level=debug msg="Number of Invocations this iteration: 8"
time="2024-05-30T02:53:21.728227431-06:00" level=debug msg="Invoking: image-rotate-go-6-dp1ovw0994v9vif0zzyl.default.192.168.1.240.sslip.io:80"
time="2024-05-30T02:53:29.232052152-06:00" level=debug msg="Invoking: gptj-python-4lsvtjczaeotnzax25j6.default.192.168.1.240.sslip.io:80"
time="2024-05-30T02:53:29.243249611-06:00" level=debug msg="Invoked gptj-python-4lsvtjczaeotnzax25j6.default.192.168.1.240.sslip.io in 11207 usec\n"
time="2024-05-30T02:53:34.09483447-06:00" level=debug msg="Invoked image-rotate-go-6-dp1ovw0994v9vif0zzyl.default.192.168.1.240.sslip.io in 12366604 usec\n"
time="2024-05-30T02:53:36.733216715-06:00" level=debug msg="Invoking: gptj-python-4lsvtjczaeotnzax25j6.default.192.168.1.240.sslip.io:80"
time="2024-05-30T02:53:36.745144687-06:00" level=debug msg="Invoked gptj-python-4lsvtjczaeotnzax25j6.default.192.168.1.240.sslip.io in 11957 usec\n"
time="2024-05-30T02:53:44.240068602-06:00" level=debug msg="Invoking: gptj-python-4lsvtjczaeotnzax25j6.default.192.168.1.240.sslip.io:80"
time="2024-05-30T02:53:44.250626879-06:00" level=debug msg="Invoked gptj-python-4lsvtjczaeotnzax25j6.default.192.168.1.240.sslip.io in 10569 usec\n"
time="2024-05-30T02:53:51.741126091-06:00" level=debug msg="Invoking: cartservice-h242qqbdsewbyppchbro.default.192.168.1.240.sslip.io:80"
time="2024-05-30T02:53:51.752620277-06:00" level=debug msg="Invoked cartservice-h242qqbdsewbyppchbro.default.192.168.1.240.sslip.io in 11500 usec\n"
time="2024-05-30T02:53:59.244085568-06:00" level=debug msg="Invoking: gptj-python-4lsvtjczaeotnzax25j6.default.192.168.1.240.sslip.io:80"
time="2024-05-30T02:53:59.258041042-06:00" level=debug msg="Invoked gptj-python-4lsvtjczaeotnzax25j6.default.192.168.1.240.sslip.io in 13969 usec\n"
time="2024-05-30T02:54:06.750212091-06:00" level=debug msg="Invoking: gptj-python-4lsvtjczaeotnzax25j6.default.192.168.1.240.sslip.io:80"
time="2024-05-30T02:54:06.760988645-06:00" level=debug msg="Invoked gptj-python-4lsvtjczaeotnzax25j6.default.192.168.1.240.sslip.io in 10788 usec\n"
time="2024-05-30T02:54:14.256066048-06:00" level=debug msg="Invoking: gptj-python-4lsvtjczaeotnzax25j6.default.192.168.1.240.sslip.io:80"
time="2024-05-30T02:54:14.268094458-06:00" level=debug msg="Invoked gptj-python-4lsvtjczaeotnzax25j6.default.192.168.1.240.sslip.io in 12038 usec\n"
time="2024-05-30T02:54:21.7280393-06:00" level=debug msg="Minute: 7"
time="2024-05-30T02:54:21.728147683-06:00" level=debug msg="Number of Invocations this iteration: 8"
time="2024-05-30T02:54:21.728241015-06:00" level=debug msg="Invoking: cartservice-h242qqbdsewbyppchbro.default.192.168.1.240.sslip.io:80"
time="2024-05-30T02:54:22.857622382-06:00" level=debug msg="Invoked cartservice-h242qqbdsewbyppchbro.default.192.168.1.240.sslip.io in 1129377 usec\n"
time="2024-05-30T02:54:29.232057273-06:00" level=debug msg="Invoking: gptj-python-4lsvtjczaeotnzax25j6.default.192.168.1.240.sslip.io:80"
time="2024-05-30T02:54:29.242546485-06:00" level=debug msg="Invoked gptj-python-4lsvtjczaeotnzax25j6.default.192.168.1.240.sslip.io in 10502 usec\n"
time="2024-05-30T02:54:36.736041994-06:00" level=debug msg="Invoking: gptj-python-4lsvtjczaeotnzax25j6.default.192.168.1.240.sslip.io:80"
time="2024-05-30T02:54:36.746218113-06:00" level=debug msg="Invoked gptj-python-4lsvtjczaeotnzax25j6.default.192.168.1.240.sslip.io in 10225 usec\n"
time="2024-05-30T02:54:44.240061216-06:00" level=debug msg="Invoking: gptj-python-4lsvtjczaeotnzax25j6.default.192.168.1.240.sslip.io:80"
time="2024-05-30T02:54:44.249702396-06:00" level=debug msg="Invoked gptj-python-4lsvtjczaeotnzax25j6.default.192.168.1.240.sslip.io in 9654 usec\n"
time="2024-05-30T02:54:51.744105579-06:00" level=debug msg="Invoking: cartservice-h242qqbdsewbyppchbro.default.192.168.1.240.sslip.io:80"
time="2024-05-30T02:54:51.772510642-06:00" level=debug msg="Invoked cartservice-h242qqbdsewbyppchbro.default.192.168.1.240.sslip.io in 28440 usec\n"
time="2024-05-30T02:54:59.245060065-06:00" level=debug msg="Invoking: gptj-python-4lsvtjczaeotnzax25j6.default.192.168.1.240.sslip.io:80"
time="2024-05-30T02:54:59.258866893-06:00" level=debug msg="Invoked gptj-python-4lsvtjczaeotnzax25j6.default.192.168.1.240.sslip.io in 14062 usec\n"
time="2024-05-30T02:55:06.752022774-06:00" level=debug msg="Invoking: gptj-python-4lsvtjczaeotnzax25j6.default.192.168.1.240.sslip.io:80"
time="2024-05-30T02:55:06.762322401-06:00" level=debug msg="Invoked gptj-python-4lsvtjczaeotnzax25j6.default.192.168.1.240.sslip.io in 10307 usec\n"
time="2024-05-30T02:55:14.256004699-06:00" level=debug msg="Invoking: gptj-python-4lsvtjczaeotnzax25j6.default.192.168.1.240.sslip.io:80"
time="2024-05-30T02:55:14.266014509-06:00" level=debug msg="Invoked gptj-python-4lsvtjczaeotnzax25j6.default.192.168.1.240.sslip.io in 10020 usec\n"
time="2024-05-30T02:55:21.727985785-06:00" level=debug msg="Minute: 8"
time="2024-05-30T02:55:21.728061787-06:00" level=debug msg="Number of Invocations this iteration: 8"
time="2024-05-30T02:55:21.728093514-06:00" level=debug msg="Invoking: cartservice-h242qqbdsewbyppchbro.default.192.168.1.240.sslip.io:80"
time="2024-05-30T02:55:21.74057481-06:00" level=debug msg="Invoked cartservice-h242qqbdsewbyppchbro.default.192.168.1.240.sslip.io in 12473 usec\n"
time="2024-05-30T02:55:29.234940101-06:00" level=debug msg="Invoking: gptj-python-4lsvtjczaeotnzax25j6.default.192.168.1.240.sslip.io:80"
time="2024-05-30T02:55:29.245620939-06:00" level=debug msg="Invoked gptj-python-4lsvtjczaeotnzax25j6.default.192.168.1.240.sslip.io in 10691 usec\n"
time="2024-05-30T02:55:36.740022748-06:00" level=debug msg="Invoking: gptj-python-4lsvtjczaeotnzax25j6.default.192.168.1.240.sslip.io:80"
time="2024-05-30T02:55:36.750380826-06:00" level=debug msg="Invoked gptj-python-4lsvtjczaeotnzax25j6.default.192.168.1.240.sslip.io in 10368 usec\n"
time="2024-05-30T02:55:44.245070866-06:00" level=debug msg="Invoking: gptj-python-4lsvtjczaeotnzax25j6.default.192.168.1.240.sslip.io:80"
time="2024-05-30T02:55:44.2555264-06:00" level=debug msg="Invoked gptj-python-4lsvtjczaeotnzax25j6.default.192.168.1.240.sslip.io in 10462 usec\n"
time="2024-05-30T02:55:51.749753734-06:00" level=debug msg="Invoking: cartservice-h242qqbdsewbyppchbro.default.192.168.1.240.sslip.io:80"
time="2024-05-30T02:55:51.761500163-06:00" level=debug msg="Invoked cartservice-h242qqbdsewbyppchbro.default.192.168.1.240.sslip.io in 11758 usec\n"
time="2024-05-30T02:55:59.256000885-06:00" level=debug msg="Invoking: gptj-python-4lsvtjczaeotnzax25j6.default.192.168.1.240.sslip.io:80"
time="2024-05-30T02:55:59.266389127-06:00" level=debug msg="Invoked gptj-python-4lsvtjczaeotnzax25j6.default.192.168.1.240.sslip.io in 10398 usec\n"
time="2024-05-30T02:56:06.762552677-06:00" level=debug msg="Invoking: gptj-python-4lsvtjczaeotnzax25j6.default.192.168.1.240.sslip.io:80"
time="2024-05-30T02:56:06.773180371-06:00" level=debug msg="Invoked gptj-python-4lsvtjczaeotnzax25j6.default.192.168.1.240.sslip.io in 10637 usec\n"
time="2024-05-30T02:56:14.268107396-06:00" level=debug msg="Invoking: gptj-python-4lsvtjczaeotnzax25j6.default.192.168.1.240.sslip.io:80"
time="2024-05-30T02:56:14.279485744-06:00" level=debug msg="Invoked gptj-python-4lsvtjczaeotnzax25j6.default.192.168.1.240.sslip.io in 11390 usec\n"
time="2024-05-30T02:56:21.728073314-06:00" level=debug msg="Minute: 9"
time="2024-05-30T02:56:21.728171911-06:00" level=debug msg="Number of Invocations this iteration: 8"
time="2024-05-30T02:56:21.728295247-06:00" level=debug msg="Invoking: cartservice-h242qqbdsewbyppchbro.default.192.168.1.240.sslip.io:80"
time="2024-05-30T02:56:21.742546999-06:00" level=debug msg="Invoked cartservice-h242qqbdsewbyppchbro.default.192.168.1.240.sslip.io in 14250 usec\n"
time="2024-05-30T02:56:29.232024357-06:00" level=debug msg="Invoking: gptj-python-4lsvtjczaeotnzax25j6.default.192.168.1.240.sslip.io:80"
time="2024-05-30T02:56:29.242755011-06:00" level=debug msg="Invoked gptj-python-4lsvtjczaeotnzax25j6.default.192.168.1.240.sslip.io in 10745 usec\n"
time="2024-05-30T02:56:36.73604682-06:00" level=debug msg="Invoking: gptj-python-4lsvtjczaeotnzax25j6.default.192.168.1.240.sslip.io:80"
time="2024-05-30T02:56:36.746611245-06:00" level=debug msg="Invoked gptj-python-4lsvtjczaeotnzax25j6.default.192.168.1.240.sslip.io in 10575 usec\n"
time="2024-05-30T02:56:44.240078235-06:00" level=debug msg="Invoking: gptj-python-4lsvtjczaeotnzax25j6.default.192.168.1.240.sslip.io:80"
time="2024-05-30T02:56:44.250468657-06:00" level=debug msg="Invoked gptj-python-4lsvtjczaeotnzax25j6.default.192.168.1.240.sslip.io in 10400 usec\n"
time="2024-05-30T02:56:51.744023652-06:00" level=debug msg="Invoking: cartservice-h242qqbdsewbyppchbro.default.192.168.1.240.sslip.io:80"
time="2024-05-30T02:56:51.757210482-06:00" level=debug msg="Invoked cartservice-h242qqbdsewbyppchbro.default.192.168.1.240.sslip.io in 13197 usec\n"
time="2024-05-30T02:56:59.246259882-06:00" level=debug msg="Invoking: gptj-python-4lsvtjczaeotnzax25j6.default.192.168.1.240.sslip.io:80"
time="2024-05-30T02:56:59.25760119-06:00" level=debug msg="Invoked gptj-python-4lsvtjczaeotnzax25j6.default.192.168.1.240.sslip.io in 11436 usec\n"
time="2024-05-30T02:57:06.752885636-06:00" level=debug msg="Invoking: gptj-python-4lsvtjczaeotnzax25j6.default.192.168.1.240.sslip.io:80"
time="2024-05-30T02:57:06.764039198-06:00" level=debug msg="Invoked gptj-python-4lsvtjczaeotnzax25j6.default.192.168.1.240.sslip.io in 11164 usec\n"
time="2024-05-30T02:57:14.26005187-06:00" level=debug msg="Invoking: gptj-python-4lsvtjczaeotnzax25j6.default.192.168.1.240.sslip.io:80"
time="2024-05-30T02:57:14.270102957-06:00" level=debug msg="Invoked gptj-python-4lsvtjczaeotnzax25j6.default.192.168.1.240.sslip.io in 10063 usec\n"
time="2024-05-30T02:57:21.72805665-06:00" level=debug msg="Minute: 10"
time="2024-05-30T02:57:21.728204066-06:00" level=debug msg="Number of Invocations this iteration: 8"
time="2024-05-30T02:57:21.728292632-06:00" level=debug msg="Invoking: rnn-serving-python-10-10-kby5zzuptiffqexgildf.default.192.168.1.240.sslip.io:80"
time="2024-05-30T02:57:29.232009269-06:00" level=debug msg="Invoking: gptj-python-4lsvtjczaeotnzax25j6.default.192.168.1.240.sslip.io:80"
time="2024-05-30T02:57:29.244536594-06:00" level=debug msg="Invoked gptj-python-4lsvtjczaeotnzax25j6.default.192.168.1.240.sslip.io in 12537 usec\n"
time="2024-05-30T02:57:32.868670719-06:00" level=debug msg="Invoked rnn-serving-python-10-10-kby5zzuptiffqexgildf.default.192.168.1.240.sslip.io in 11140372 usec\n"
time="2024-05-30T02:57:36.732117893-06:00" level=debug msg="Invoking: gptj-python-4lsvtjczaeotnzax25j6.default.192.168.1.240.sslip.io:80"
time="2024-05-30T02:57:36.742900715-06:00" level=debug msg="Invoked gptj-python-4lsvtjczaeotnzax25j6.default.192.168.1.240.sslip.io in 10794 usec\n"
time="2024-05-30T02:57:44.236077385-06:00" level=debug msg="Invoking: gptj-python-4lsvtjczaeotnzax25j6.default.192.168.1.240.sslip.io:80"
time="2024-05-30T02:57:44.246563369-06:00" level=debug msg="Invoked gptj-python-4lsvtjczaeotnzax25j6.default.192.168.1.240.sslip.io in 10497 usec\n"
time="2024-05-30T02:57:51.740023663-06:00" level=debug msg="Invoking: cartservice-h242qqbdsewbyppchbro.default.192.168.1.240.sslip.io:80"
time="2024-05-30T02:57:51.752945418-06:00" level=debug msg="Invoked cartservice-h242qqbdsewbyppchbro.default.192.168.1.240.sslip.io in 12933 usec\n"
time="2024-05-30T02:57:59.24407831-06:00" level=debug msg="Invoking: gptj-python-4lsvtjczaeotnzax25j6.default.192.168.1.240.sslip.io:80"
time="2024-05-30T02:57:59.254320369-06:00" level=debug msg="Invoked gptj-python-4lsvtjczaeotnzax25j6.default.192.168.1.240.sslip.io in 10252 usec\n"
time="2024-05-30T02:58:06.748024521-06:00" level=debug msg="Invoking: gptj-python-4lsvtjczaeotnzax25j6.default.192.168.1.240.sslip.io:80"
time="2024-05-30T02:58:06.758482935-06:00" level=debug msg="Invoked gptj-python-4lsvtjczaeotnzax25j6.default.192.168.1.240.sslip.io in 10470 usec\n"
time="2024-05-30T02:58:14.252021344-06:00" level=debug msg="Invoking: gptj-python-4lsvtjczaeotnzax25j6.default.192.168.1.240.sslip.io:80"
time="2024-05-30T02:58:14.262337702-06:00" level=debug msg="Invoked gptj-python-4lsvtjczaeotnzax25j6.default.192.168.1.240.sslip.io in 10350 usec\n"
time="2024-05-30T02:58:21.728182645-06:00" level=debug msg="Minute: 11"
time="2024-05-30T02:58:21.728283967-06:00" level=debug msg="Number of Invocations this iteration: 8"
time="2024-05-30T02:58:21.728376292-06:00" level=debug msg="Invoking: image-rotate-go-6-dp1ovw0994v9vif0zzyl.default.192.168.1.240.sslip.io:80"
time="2024-05-30T02:58:29.214947282-06:00" level=debug msg="Invoked image-rotate-go-6-dp1ovw0994v9vif0zzyl.default.192.168.1.240.sslip.io in 7486569 usec\n"
time="2024-05-30T02:58:29.228882134-06:00" level=debug msg="Invoking: gptj-python-4lsvtjczaeotnzax25j6.default.192.168.1.240.sslip.io:80"
time="2024-05-30T02:58:29.239813064-06:00" level=debug msg="Invoked gptj-python-4lsvtjczaeotnzax25j6.default.192.168.1.240.sslip.io in 10936 usec\n"
time="2024-05-30T02:58:36.736056968-06:00" level=debug msg="Invoking: gptj-python-4lsvtjczaeotnzax25j6.default.192.168.1.240.sslip.io:80"
time="2024-05-30T02:58:36.746450942-06:00" level=debug msg="Invoked gptj-python-4lsvtjczaeotnzax25j6.default.192.168.1.240.sslip.io in 10404 usec\n"
time="2024-05-30T02:58:44.240089928-06:00" level=debug msg="Invoking: gptj-python-4lsvtjczaeotnzax25j6.default.192.168.1.240.sslip.io:80"
time="2024-05-30T02:58:44.250617119-06:00" level=debug msg="Invoked gptj-python-4lsvtjczaeotnzax25j6.default.192.168.1.240.sslip.io in 10560 usec\n"
time="2024-05-30T02:58:51.74406019-06:00" level=debug msg="Invoking: cartservice-h242qqbdsewbyppchbro.default.192.168.1.240.sslip.io:80"
time="2024-05-30T02:58:52.753472262-06:00" level=debug msg="Invoked cartservice-h242qqbdsewbyppchbro.default.192.168.1.240.sslip.io in 1009423 usec\n"
time="2024-05-30T02:58:59.248060393-06:00" level=debug msg="Invoking: gptj-python-4lsvtjczaeotnzax25j6.default.192.168.1.240.sslip.io:80"
time="2024-05-30T02:58:59.260128722-06:00" level=debug msg="Invoked gptj-python-4lsvtjczaeotnzax25j6.default.192.168.1.240.sslip.io in 12852 usec\n"
time="2024-05-30T02:59:06.752014238-06:00" level=debug msg="Invoking: gptj-python-4lsvtjczaeotnzax25j6.default.192.168.1.240.sslip.io:80"
time="2024-05-30T02:59:06.762830521-06:00" level=debug msg="Invoked gptj-python-4lsvtjczaeotnzax25j6.default.192.168.1.240.sslip.io in 10821 usec\n"
time="2024-05-30T02:59:14.256370716-06:00" level=debug msg="Invoking: gptj-python-4lsvtjczaeotnzax25j6.default.192.168.1.240.sslip.io:80"
time="2024-05-30T02:59:14.267039279-06:00" level=debug msg="Invoked gptj-python-4lsvtjczaeotnzax25j6.default.192.168.1.240.sslip.io in 10675 usec\n"
time="2024-05-30T02:59:21.72803173-06:00" level=debug msg="Minute: 12"
time="2024-05-30T02:59:21.728161578-06:00" level=debug msg="Number of Invocations this iteration: 8"
time="2024-05-30T02:59:21.728242383-06:00" level=debug msg="Invoking: cartservice-h242qqbdsewbyppchbro.default.192.168.1.240.sslip.io:80"
time="2024-05-30T02:59:21.755544821-06:00" level=debug msg="Invoked cartservice-h242qqbdsewbyppchbro.default.192.168.1.240.sslip.io in 27300 usec\n"
time="2024-05-30T02:59:29.232071026-06:00" level=debug msg="Invoking: gptj-python-4lsvtjczaeotnzax25j6.default.192.168.1.240.sslip.io:80"
time="2024-05-30T02:59:29.242873094-06:00" level=debug msg="Invoked gptj-python-4lsvtjczaeotnzax25j6.default.192.168.1.240.sslip.io in 10808 usec\n"
time="2024-05-30T02:59:36.736087742-06:00" level=debug msg="Invoking: gptj-python-4lsvtjczaeotnzax25j6.default.192.168.1.240.sslip.io:80"
time="2024-05-30T02:59:36.746638596-06:00" level=debug msg="Invoked gptj-python-4lsvtjczaeotnzax25j6.default.192.168.1.240.sslip.io in 10562 usec\n"
time="2024-05-30T02:59:44.240079435-06:00" level=debug msg="Invoking: gptj-python-4lsvtjczaeotnzax25j6.default.192.168.1.240.sslip.io:80"
time="2024-05-30T02:59:44.250531381-06:00" level=debug msg="Invoked gptj-python-4lsvtjczaeotnzax25j6.default.192.168.1.240.sslip.io in 10466 usec\n"
time="2024-05-30T02:59:51.744048425-06:00" level=debug msg="Invoking: cartservice-h242qqbdsewbyppchbro.default.192.168.1.240.sslip.io:80"
time="2024-05-30T02:59:51.757615892-06:00" level=debug msg="Invoked cartservice-h242qqbdsewbyppchbro.default.192.168.1.240.sslip.io in 13579 usec\n"
time="2024-05-30T02:59:59.251066776-06:00" level=debug msg="Invoking: gptj-python-4lsvtjczaeotnzax25j6.default.192.168.1.240.sslip.io:80"
time="2024-05-30T02:59:59.261774487-06:00" level=debug msg="Invoked gptj-python-4lsvtjczaeotnzax25j6.default.192.168.1.240.sslip.io in 10717 usec\n"
time="2024-05-30T03:00:06.756121597-06:00" level=debug msg="Invoking: gptj-python-4lsvtjczaeotnzax25j6.default.192.168.1.240.sslip.io:80"
time="2024-05-30T03:00:06.766316999-06:00" level=debug msg="Invoked gptj-python-4lsvtjczaeotnzax25j6.default.192.168.1.240.sslip.io in 10207 usec\n"
time="2024-05-30T03:00:14.260107179-06:00" level=debug msg="Invoking: gptj-python-4lsvtjczaeotnzax25j6.default.192.168.1.240.sslip.io:80"
time="2024-05-30T03:00:14.270813806-06:00" level=debug msg="Invoked gptj-python-4lsvtjczaeotnzax25j6.default.192.168.1.240.sslip.io in 10737 usec\n"
time="2024-05-30T03:00:21.727978378-06:00" level=debug msg="Minute: 13"
time="2024-05-30T03:00:21.728082452-06:00" level=debug msg="Number of Invocations this iteration: 8"
time="2024-05-30T03:00:21.728176568-06:00" level=debug msg="Invoking: cartservice-h242qqbdsewbyppchbro.default.192.168.1.240.sslip.io:80"
time="2024-05-30T03:00:21.740524908-06:00" level=debug msg="Invoked cartservice-h242qqbdsewbyppchbro.default.192.168.1.240.sslip.io in 12345 usec\n"
time="2024-05-30T03:00:29.232021767-06:00" level=debug msg="Invoking: gptj-python-4lsvtjczaeotnzax25j6.default.192.168.1.240.sslip.io:80"
time="2024-05-30T03:00:29.24459972-06:00" level=debug msg="Invoked gptj-python-4lsvtjczaeotnzax25j6.default.192.168.1.240.sslip.io in 12589 usec\n"
time="2024-05-30T03:00:36.73607623-06:00" level=debug msg="Invoking: gptj-python-4lsvtjczaeotnzax25j6.default.192.168.1.240.sslip.io:80"
time="2024-05-30T03:00:36.744864289-06:00" level=debug msg="Invoked gptj-python-4lsvtjczaeotnzax25j6.default.192.168.1.240.sslip.io in 8798 usec\n"
time="2024-05-30T03:00:44.240088951-06:00" level=debug msg="Invoking: gptj-python-4lsvtjczaeotnzax25j6.default.192.168.1.240.sslip.io:80"
time="2024-05-30T03:00:44.250508181-06:00" level=debug msg="Invoked gptj-python-4lsvtjczaeotnzax25j6.default.192.168.1.240.sslip.io in 10430 usec\n"
time="2024-05-30T03:00:51.744026816-06:00" level=debug msg="Invoking: cartservice-h242qqbdsewbyppchbro.default.192.168.1.240.sslip.io:80"
time="2024-05-30T03:00:51.756267054-06:00" level=debug msg="Invoked cartservice-h242qqbdsewbyppchbro.default.192.168.1.240.sslip.io in 12251 usec\n"
time="2024-05-30T03:00:59.248359892-06:00" level=debug msg="Invoking: gptj-python-4lsvtjczaeotnzax25j6.default.192.168.1.240.sslip.io:80"
time="2024-05-30T03:00:59.259975608-06:00" level=debug msg="Invoked gptj-python-4lsvtjczaeotnzax25j6.default.192.168.1.240.sslip.io in 11723 usec\n"
time="2024-05-30T03:01:06.752079982-06:00" level=debug msg="Invoking: gptj-python-4lsvtjczaeotnzax25j6.default.192.168.1.240.sslip.io:80"
time="2024-05-30T03:01:06.762705701-06:00" level=debug msg="Invoked gptj-python-4lsvtjczaeotnzax25j6.default.192.168.1.240.sslip.io in 10634 usec\n"
time="2024-05-30T03:01:14.256031704-06:00" level=debug msg="Invoking: gptj-python-4lsvtjczaeotnzax25j6.default.192.168.1.240.sslip.io:80"
time="2024-05-30T03:01:14.269195003-06:00" level=debug msg="Invoked gptj-python-4lsvtjczaeotnzax25j6.default.192.168.1.240.sslip.io in 13179 usec\n"
time="2024-05-30T03:01:21.728032028-06:00" level=info msg="Experiment Phase Completed"
time="2024-05-30T03:01:21.728161975-06:00" level=info msg="Issued / completed requests: 112, 112"
time="2024-05-30T03:01:21.728198115-06:00" level=info msg="Average Real RPS: 0.13 "
time="2024-05-30T03:01:21.728223791-06:00" level=info msg="Experiment finished!"
time="2024-05-30T03:01:21.728251176-06:00" level=info msg="The measured latencies are saved in rps_lat.csv"
