time="2024-05-30T04:32:49.400857848-06:00" level=info msg="Reading the endpoints from the file: video-analytics-standalone-python-70-200/endpoints.json"
time="2024-05-30T04:38:04.384102066-06:00" level=warning msg="Failed to invoke video-analytics-standalone-python-70-ewfycyk.default.192.168.1.240.sslip.io:80, err=rpc error: code = DeadlineExceeded desc = context deadline exceeded"
time="2024-05-30T04:38:14.999955138-06:00" level=warning msg="Failed to invoke video-analytics-standalone-python-70-ewfycyk.default.192.168.1.240.sslip.io:80, err=rpc error: code = Unavailable desc = upstream request timeout"
time="2024-05-30T04:38:25.623916004-06:00" level=warning msg="Failed to invoke video-analytics-standalone-python-70-ewfycyk.default.192.168.1.240.sslip.io:80, err=rpc error: code = DeadlineExceeded desc = context deadline exceeded"
time="2024-05-30T04:38:36.238576245-06:00" level=warning msg="Failed to invoke video-analytics-standalone-python-70-ewfycyk.default.192.168.1.240.sslip.io:80, err=rpc error: code = Unavailable desc = upstream request timeout"
time="2024-05-30T04:38:46.862657007-06:00" level=warning msg="Failed to invoke video-analytics-standalone-python-70-ewfycyk.default.192.168.1.240.sslip.io:80, err=rpc error: code = Unavailable desc = upstream request timeout"
time="2024-05-30T04:38:57.485518461-06:00" level=warning msg="Failed to invoke video-analytics-standalone-python-70-ewfycyk.default.192.168.1.240.sslip.io:80, err=rpc error: code = DeadlineExceeded desc = context deadline exceeded"
time="2024-05-30T04:39:08.100263517-06:00" level=warning msg="Failed to invoke video-analytics-standalone-python-70-ewfycyk.default.192.168.1.240.sslip.io:80, err=rpc error: code = Unavailable desc = upstream request timeout"
time="2024-05-30T04:39:18.725177306-06:00" level=warning msg="Failed to invoke video-analytics-standalone-python-70-ewfycyk.default.192.168.1.240.sslip.io:80, err=rpc error: code = DeadlineExceeded desc = context deadline exceeded"
time="2024-05-30T04:39:29.346048898-06:00" level=warning msg="Failed to invoke video-analytics-standalone-python-70-ewfycyk.default.192.168.1.240.sslip.io:80, err=rpc error: code = DeadlineExceeded desc = context deadline exceeded"
time="2024-05-30T04:39:39.96389236-06:00" level=warning msg="Failed to invoke video-analytics-standalone-python-70-ewfycyk.default.192.168.1.240.sslip.io:80, err=rpc error: code = DeadlineExceeded desc = context deadline exceeded"
time="2024-05-30T04:39:50.579405649-06:00" level=warning msg="Failed to invoke video-analytics-standalone-python-70-ewfycyk.default.192.168.1.240.sslip.io:80, err=rpc error: code = Unavailable desc = upstream request timeout"
time="2024-05-30T04:40:01.206026692-06:00" level=warning msg="Failed to invoke video-analytics-standalone-python-70-ewfycyk.default.192.168.1.240.sslip.io:80, err=rpc error: code = Unavailable desc = upstream request timeout"
time="2024-05-30T04:40:11.825391657-06:00" level=warning msg="Failed to invoke video-analytics-standalone-python-70-ewfycyk.default.192.168.1.240.sslip.io:80, err=rpc error: code = Unavailable desc = upstream request timeout"
time="2024-05-30T04:40:22.441479194-06:00" level=warning msg="Failed to invoke video-analytics-standalone-python-70-ewfycyk.default.192.168.1.240.sslip.io:80, err=rpc error: code = Unavailable desc = upstream request timeout"
time="2024-05-30T04:40:33.061771429-06:00" level=warning msg="Failed to invoke video-analytics-standalone-python-70-ewfycyk.default.192.168.1.240.sslip.io:80, err=rpc error: code = Unavailable desc = upstream request timeout"
time="2024-05-30T04:40:43.680760265-06:00" level=warning msg="Failed to invoke video-analytics-standalone-python-70-ewfycyk.default.192.168.1.240.sslip.io:80, err=rpc error: code = Unavailable desc = upstream request timeout"
time="2024-05-30T04:40:54.303413046-06:00" level=warning msg="Failed to invoke video-analytics-standalone-python-70-ewfycyk.default.192.168.1.240.sslip.io:80, err=rpc error: code = Unavailable desc = upstream request timeout"
time="2024-05-30T04:41:04.921201944-06:00" level=warning msg="Failed to invoke video-analytics-standalone-python-70-ewfycyk.default.192.168.1.240.sslip.io:80, err=rpc error: code = Unavailable desc = upstream request timeout"
time="2024-05-30T04:41:15.541795452-06:00" level=warning msg="Failed to invoke video-analytics-standalone-python-70-ewfycyk.default.192.168.1.240.sslip.io:80, err=rpc error: code = Unavailable desc = upstream request timeout"
time="2024-05-30T04:41:26.162933649-06:00" level=warning msg="Failed to invoke video-analytics-standalone-python-70-ewfycyk.default.192.168.1.240.sslip.io:80, err=rpc error: code = Unavailable desc = upstream request timeout"
time="2024-05-30T04:41:36.782297659-06:00" level=warning msg="Failed to invoke video-analytics-standalone-python-70-ewfycyk.default.192.168.1.240.sslip.io:80, err=rpc error: code = Unavailable desc = upstream request timeout"
time="2024-05-30T04:41:47.404558159-06:00" level=warning msg="Failed to invoke video-analytics-standalone-python-70-ewfycyk.default.192.168.1.240.sslip.io:80, err=rpc error: code = Unavailable desc = upstream request timeout"
time="2024-05-30T04:41:58.022079625-06:00" level=warning msg="Failed to invoke video-analytics-standalone-python-70-ewfycyk.default.192.168.1.240.sslip.io:80, err=rpc error: code = Unavailable desc = upstream request timeout"
time="2024-05-30T04:42:08.647481246-06:00" level=warning msg="Failed to invoke video-analytics-standalone-python-70-ewfycyk.default.192.168.1.240.sslip.io:80, err=rpc error: code = Unavailable desc = upstream request timeout"
time="2024-05-30T04:42:19.264800102-06:00" level=warning msg="Failed to invoke video-analytics-standalone-python-70-ewfycyk.default.192.168.1.240.sslip.io:80, err=rpc error: code = Unavailable desc = upstream request timeout"
time="2024-05-30T04:42:29.884177144-06:00" level=warning msg="Failed to invoke video-analytics-standalone-python-70-ewfycyk.default.192.168.1.240.sslip.io:80, err=rpc error: code = Unavailable desc = upstream request timeout"
time="2024-05-30T04:42:40.504971997-06:00" level=warning msg="Failed to invoke video-analytics-standalone-python-70-ewfycyk.default.192.168.1.240.sslip.io:80, err=rpc error: code = Unavailable desc = upstream request timeout"
time="2024-05-30T04:42:51.123682737-06:00" level=warning msg="Failed to invoke video-analytics-standalone-python-70-ewfycyk.default.192.168.1.240.sslip.io:80, err=rpc error: code = Unavailable desc = upstream request timeout"
time="2024-05-30T04:43:01.743459874-06:00" level=warning msg="Failed to invoke video-analytics-standalone-python-70-ewfycyk.default.192.168.1.240.sslip.io:80, err=rpc error: code = Unavailable desc = upstream request timeout"
time="2024-05-30T04:43:12.362735875-06:00" level=warning msg="Failed to invoke video-analytics-standalone-python-70-ewfycyk.default.192.168.1.240.sslip.io:80, err=rpc error: code = DeadlineExceeded desc = context deadline exceeded"
time="2024-05-30T04:43:22.98335252-06:00" level=warning msg="Failed to invoke video-analytics-standalone-python-70-ewfycyk.default.192.168.1.240.sslip.io:80, err=rpc error: code = Unavailable desc = upstream request timeout"
time="2024-05-30T04:43:33.604505532-06:00" level=warning msg="Failed to invoke video-analytics-standalone-python-70-ewfycyk.default.192.168.1.240.sslip.io:80, err=rpc error: code = Unavailable desc = upstream request timeout"
time="2024-05-30T04:43:44.224088026-06:00" level=warning msg="Failed to invoke video-analytics-standalone-python-70-ewfycyk.default.192.168.1.240.sslip.io:80, err=rpc error: code = Unavailable desc = upstream request timeout"
time="2024-05-30T04:43:54.844231177-06:00" level=warning msg="Failed to invoke video-analytics-standalone-python-70-ewfycyk.default.192.168.1.240.sslip.io:80, err=rpc error: code = Unavailable desc = upstream request timeout"
time="2024-05-30T04:44:05.466537708-06:00" level=warning msg="Failed to invoke video-analytics-standalone-python-70-ewfycyk.default.192.168.1.240.sslip.io:80, err=rpc error: code = Unavailable desc = upstream request timeout"
time="2024-05-30T04:44:16.08717044-06:00" level=warning msg="Failed to invoke video-analytics-standalone-python-70-ewfycyk.default.192.168.1.240.sslip.io:80, err=rpc error: code = Unavailable desc = upstream request timeout"
time="2024-05-30T04:44:26.706586981-06:00" level=warning msg="Failed to invoke video-analytics-standalone-python-70-ewfycyk.default.192.168.1.240.sslip.io:80, err=rpc error: code = Unavailable desc = upstream request timeout"
time="2024-05-30T04:44:37.322043501-06:00" level=warning msg="Failed to invoke video-analytics-standalone-python-70-ewfycyk.default.192.168.1.240.sslip.io:80, err=rpc error: code = Unavailable desc = upstream request timeout"
time="2024-05-30T04:44:47.942973201-06:00" level=warning msg="Failed to invoke video-analytics-standalone-python-70-ewfycyk.default.192.168.1.240.sslip.io:80, err=rpc error: code = Unavailable desc = upstream request timeout"
time="2024-05-30T04:44:58.565839161-06:00" level=warning msg="Failed to invoke video-analytics-standalone-python-70-ewfycyk.default.192.168.1.240.sslip.io:80, err=rpc error: code = Unavailable desc = upstream request timeout"
time="2024-05-30T04:45:58.254620338-06:00" level=info msg="Issued / completed requests: 74, 32"
time="2024-05-30T04:45:58.254751653-06:00" level=info msg="Real / target RPS: 0.04 / 0.2"
time="2024-05-30T04:45:58.254794763-06:00" level=info msg="Experiment finished!"
time="2024-05-30T04:45:58.254822299-06:00" level=info msg="The measured latencies are saved in video-analytics-standalone-python-70-200/lat.txt"
time="2024-05-30T04:45:58.255079082-06:00" level=info msg="The measured function durations are saved in video-analytics-standalone-python-70-200/dur.txt"
