time="2024-05-28T18:20:45.943999349-06:00" level=debug msg="Debug logging is enabled"
time="2024-05-28T18:20:45.944167648-06:00" level=info msg="Reading the trace endpoints from the file: /users/ArunAMS/vSwarm/tools/load-generator/load.json"
time="2024-05-28T18:20:45.945533025-06:00" level=info msg="Warmup Duration: 3"
time="2024-05-28T18:20:45.945558341-06:00" level=info msg="Experiment Duration: 11"
time="2024-05-28T18:20:45.945578216-06:00" level=info msg="Minute Granularity: true"
time="2024-05-28T18:21:46.003989201-06:00" level=info msg="Running Warmup Phase"
time="2024-05-28T18:21:46.004069389-06:00" level=debug msg="Minute: 0"
time="2024-05-28T18:21:46.004148382-06:00" level=debug msg="Number of Invocations this iteration: 8"
time="2024-05-28T18:21:46.004262847-06:00" level=debug msg="Invoking: cartservice-4qjzojgwccjr7i74pnwh.default.192.168.1.240.sslip.io:80"
time="2024-05-28T18:21:53.508026651-06:00" level=debug msg="Invoking: gptj-python-2c55vftu55ufythcq39x.default.192.168.1.240.sslip.io:80"
time="2024-05-28T18:22:01.012056323-06:00" level=debug msg="Invoking: gptj-python-2c55vftu55ufythcq39x.default.192.168.1.240.sslip.io:80"
time="2024-05-28T18:22:08.516036622-06:00" level=debug msg="Invoking: gptj-python-2c55vftu55ufythcq39x.default.192.168.1.240.sslip.io:80"
time="2024-05-28T18:22:16.019985822-06:00" level=debug msg="Invoking: cartservice-4qjzojgwccjr7i74pnwh.default.192.168.1.240.sslip.io:80"
time="2024-05-28T18:22:23.526865182-06:00" level=debug msg="Invoking: gptj-python-2c55vftu55ufythcq39x.default.192.168.1.240.sslip.io:80"
time="2024-05-28T18:22:31.032013889-06:00" level=debug msg="Invoking: gptj-python-2c55vftu55ufythcq39x.default.192.168.1.240.sslip.io:80"
time="2024-05-28T18:22:38.537207865-06:00" level=debug msg="Invoking: gptj-python-2c55vftu55ufythcq39x.default.192.168.1.240.sslip.io:80"
time="2024-05-28T18:22:45.952050468-06:00" level=debug msg="Minute: 1"
time="2024-05-28T18:22:45.952150008-06:00" level=debug msg="Number of Invocations this iteration: 8"
time="2024-05-28T18:22:45.95227449-06:00" level=debug msg="Invoking: image-rotate-go-6-ebqwerxvwz2gh460hyyp.default.192.168.1.240.sslip.io:80"
time="2024-05-28T18:22:53.453107617-06:00" level=debug msg="Invoking: gptj-python-2c55vftu55ufythcq39x.default.192.168.1.240.sslip.io:80"
time="2024-05-28T18:23:00.959998812-06:00" level=debug msg="Invoking: gptj-python-2c55vftu55ufythcq39x.default.192.168.1.240.sslip.io:80"
time="2024-05-28T18:23:08.464140688-06:00" level=debug msg="Invoking: gptj-python-2c55vftu55ufythcq39x.default.192.168.1.240.sslip.io:80"
time="2024-05-28T18:23:15.9680067-06:00" level=debug msg="Invoking: cartservice-4qjzojgwccjr7i74pnwh.default.192.168.1.240.sslip.io:80"
time="2024-05-28T18:23:23.47200495-06:00" level=debug msg="Invoking: gptj-python-2c55vftu55ufythcq39x.default.192.168.1.240.sslip.io:80"
time="2024-05-28T18:23:30.976080623-06:00" level=debug msg="Invoking: gptj-python-2c55vftu55ufythcq39x.default.192.168.1.240.sslip.io:80"
time="2024-05-28T18:23:38.480048154-06:00" level=debug msg="Invoking: gptj-python-2c55vftu55ufythcq39x.default.192.168.1.240.sslip.io:80"
time="2024-05-28T18:23:45.951976346-06:00" level=debug msg="Minute: 2"
time="2024-05-28T18:23:45.952062913-06:00" level=debug msg="Number of Invocations this iteration: 8"
time="2024-05-28T18:23:45.9521488-06:00" level=debug msg="Invoking: cartservice-4qjzojgwccjr7i74pnwh.default.192.168.1.240.sslip.io:80"
time="2024-05-28T18:23:53.456086208-06:00" level=debug msg="Invoking: gptj-python-2c55vftu55ufythcq39x.default.192.168.1.240.sslip.io:80"
time="2024-05-28T18:24:00.960019744-06:00" level=debug msg="Invoking: gptj-python-2c55vftu55ufythcq39x.default.192.168.1.240.sslip.io:80"
time="2024-05-28T18:24:08.464061534-06:00" level=debug msg="Invoking: gptj-python-2c55vftu55ufythcq39x.default.192.168.1.240.sslip.io:80"
time="2024-05-28T18:24:15.968053623-06:00" level=debug msg="Invoking: cartservice-4qjzojgwccjr7i74pnwh.default.192.168.1.240.sslip.io:80"
time="2024-05-28T18:24:23.472057065-06:00" level=debug msg="Invoking: gptj-python-2c55vftu55ufythcq39x.default.192.168.1.240.sslip.io:80"
time="2024-05-28T18:24:30.97606329-06:00" level=debug msg="Invoking: gptj-python-2c55vftu55ufythcq39x.default.192.168.1.240.sslip.io:80"
time="2024-05-28T18:24:38.482238844-06:00" level=debug msg="Invoking: gptj-python-2c55vftu55ufythcq39x.default.192.168.1.240.sslip.io:80"
time="2024-05-28T18:24:45.951992705-06:00" level=info msg="Warmup Phase Completed"
time="2024-05-28T18:24:45.952051626-06:00" level=info msg="Running Experiment Phase"
time="2024-05-28T18:24:45.952082033-06:00" level=debug msg="Minute: 3"
time="2024-05-28T18:24:45.952121601-06:00" level=debug msg="Number of Invocations this iteration: 8"
time="2024-05-28T18:24:45.952195179-06:00" level=debug msg="Invoking: cartservice-4qjzojgwccjr7i74pnwh.default.192.168.1.240.sslip.io:80"
time="2024-05-28T18:24:45.964924965-06:00" level=debug msg="Invoked cartservice-4qjzojgwccjr7i74pnwh.default.192.168.1.240.sslip.io in 12719 usec\n"
time="2024-05-28T18:24:53.459180259-06:00" level=debug msg="Invoking: gptj-python-2c55vftu55ufythcq39x.default.192.168.1.240.sslip.io:80"
time="2024-05-28T18:24:53.468973525-06:00" level=debug msg="Invoked gptj-python-2c55vftu55ufythcq39x.default.192.168.1.240.sslip.io in 9801 usec\n"
time="2024-05-28T18:25:00.964639152-06:00" level=debug msg="Invoking: gptj-python-2c55vftu55ufythcq39x.default.192.168.1.240.sslip.io:80"
time="2024-05-28T18:25:00.975831518-06:00" level=debug msg="Invoked gptj-python-2c55vftu55ufythcq39x.default.192.168.1.240.sslip.io in 11954 usec\n"
time="2024-05-28T18:25:08.469515102-06:00" level=debug msg="Invoking: gptj-python-2c55vftu55ufythcq39x.default.192.168.1.240.sslip.io:80"
time="2024-05-28T18:25:08.47912758-06:00" level=debug msg="Invoked gptj-python-2c55vftu55ufythcq39x.default.192.168.1.240.sslip.io in 9623 usec\n"
time="2024-05-28T18:25:15.976069018-06:00" level=debug msg="Invoking: cartservice-4qjzojgwccjr7i74pnwh.default.192.168.1.240.sslip.io:80"
time="2024-05-28T18:25:15.98927654-06:00" level=debug msg="Invoked cartservice-4qjzojgwccjr7i74pnwh.default.192.168.1.240.sslip.io in 13217 usec\n"
time="2024-05-28T18:25:23.483615577-06:00" level=debug msg="Invoking: gptj-python-2c55vftu55ufythcq39x.default.192.168.1.240.sslip.io:80"
time="2024-05-28T18:25:23.493945942-06:00" level=debug msg="Invoked gptj-python-2c55vftu55ufythcq39x.default.192.168.1.240.sslip.io in 10342 usec\n"
time="2024-05-28T18:25:30.988100782-06:00" level=debug msg="Invoking: gptj-python-2c55vftu55ufythcq39x.default.192.168.1.240.sslip.io:80"
time="2024-05-28T18:25:30.998751165-06:00" level=debug msg="Invoked gptj-python-2c55vftu55ufythcq39x.default.192.168.1.240.sslip.io in 10659 usec\n"
time="2024-05-28T18:25:38.492077735-06:00" level=debug msg="Invoking: gptj-python-2c55vftu55ufythcq39x.default.192.168.1.240.sslip.io:80"
time="2024-05-28T18:25:38.502228125-06:00" level=debug msg="Invoked gptj-python-2c55vftu55ufythcq39x.default.192.168.1.240.sslip.io in 10185 usec\n"
time="2024-05-28T18:25:45.95204075-06:00" level=debug msg="Minute: 4"
time="2024-05-28T18:25:45.952133766-06:00" level=debug msg="Number of Invocations this iteration: 8"
time="2024-05-28T18:25:45.952227013-06:00" level=debug msg="Invoking: rnn-serving-python-10-10-vcx3zszg4b7xa6ihdiq8.default.192.168.1.240.sslip.io:80"
time="2024-05-28T18:25:53.456057738-06:00" level=debug msg="Invoking: gptj-python-2c55vftu55ufythcq39x.default.192.168.1.240.sslip.io:80"
time="2024-05-28T18:25:53.465901123-06:00" level=debug msg="Invoked gptj-python-2c55vftu55ufythcq39x.default.192.168.1.240.sslip.io in 9852 usec\n"
time="2024-05-28T18:25:56.753335489-06:00" level=debug msg="Invoked rnn-serving-python-10-10-vcx3zszg4b7xa6ihdiq8.default.192.168.1.240.sslip.io in 10801106 usec\n"
time="2024-05-28T18:26:00.957192831-06:00" level=debug msg="Invoking: gptj-python-2c55vftu55ufythcq39x.default.192.168.1.240.sslip.io:80"
time="2024-05-28T18:26:00.967957486-06:00" level=debug msg="Invoked gptj-python-2c55vftu55ufythcq39x.default.192.168.1.240.sslip.io in 10778 usec\n"
time="2024-05-28T18:26:08.464284408-06:00" level=debug msg="Invoking: gptj-python-2c55vftu55ufythcq39x.default.192.168.1.240.sslip.io:80"
time="2024-05-28T18:26:08.474492574-06:00" level=debug msg="Invoked gptj-python-2c55vftu55ufythcq39x.default.192.168.1.240.sslip.io in 10221 usec\n"
time="2024-05-28T18:26:15.966667002-06:00" level=debug msg="Invoking: cartservice-4qjzojgwccjr7i74pnwh.default.192.168.1.240.sslip.io:80"
time="2024-05-28T18:26:15.982040869-06:00" level=debug msg="Invoked cartservice-4qjzojgwccjr7i74pnwh.default.192.168.1.240.sslip.io in 15385 usec\n"
time="2024-05-28T18:26:23.472072248-06:00" level=debug msg="Invoking: gptj-python-2c55vftu55ufythcq39x.default.192.168.1.240.sslip.io:80"
time="2024-05-28T18:26:23.481510472-06:00" level=debug msg="Invoked gptj-python-2c55vftu55ufythcq39x.default.192.168.1.240.sslip.io in 9447 usec\n"
time="2024-05-28T18:26:30.977474226-06:00" level=debug msg="Invoking: gptj-python-2c55vftu55ufythcq39x.default.192.168.1.240.sslip.io:80"
time="2024-05-28T18:26:30.98851039-06:00" level=debug msg="Invoked gptj-python-2c55vftu55ufythcq39x.default.192.168.1.240.sslip.io in 11043 usec\n"
time="2024-05-28T18:26:38.484051471-06:00" level=debug msg="Invoking: gptj-python-2c55vftu55ufythcq39x.default.192.168.1.240.sslip.io:80"
time="2024-05-28T18:26:38.493866409-06:00" level=debug msg="Invoked gptj-python-2c55vftu55ufythcq39x.default.192.168.1.240.sslip.io in 9823 usec\n"
time="2024-05-28T18:26:45.952043982-06:00" level=debug msg="Minute: 5"
time="2024-05-28T18:26:45.95214087-06:00" level=debug msg="Number of Invocations this iteration: 8"
time="2024-05-28T18:26:45.952243431-06:00" level=debug msg="Invoking: cartservice-4qjzojgwccjr7i74pnwh.default.192.168.1.240.sslip.io:80"
time="2024-05-28T18:26:45.966114055-06:00" level=debug msg="Invoked cartservice-4qjzojgwccjr7i74pnwh.default.192.168.1.240.sslip.io in 13868 usec\n"
time="2024-05-28T18:26:53.458371548-06:00" level=debug msg="Invoking: gptj-python-2c55vftu55ufythcq39x.default.192.168.1.240.sslip.io:80"
time="2024-05-28T18:26:53.468870327-06:00" level=debug msg="Invoked gptj-python-2c55vftu55ufythcq39x.default.192.168.1.240.sslip.io in 10508 usec\n"
time="2024-05-28T18:27:00.964097251-06:00" level=debug msg="Invoking: gptj-python-2c55vftu55ufythcq39x.default.192.168.1.240.sslip.io:80"
time="2024-05-28T18:27:00.976185156-06:00" level=debug msg="Invoked gptj-python-2c55vftu55ufythcq39x.default.192.168.1.240.sslip.io in 12093 usec\n"
time="2024-05-28T18:27:08.466639438-06:00" level=debug msg="Invoking: gptj-python-2c55vftu55ufythcq39x.default.192.168.1.240.sslip.io:80"
time="2024-05-28T18:27:08.476294727-06:00" level=debug msg="Invoked gptj-python-2c55vftu55ufythcq39x.default.192.168.1.240.sslip.io in 9663 usec\n"
time="2024-05-28T18:27:15.973754634-06:00" level=debug msg="Invoking: cartservice-4qjzojgwccjr7i74pnwh.default.192.168.1.240.sslip.io:80"
time="2024-05-28T18:27:15.985539809-06:00" level=debug msg="Invoked cartservice-4qjzojgwccjr7i74pnwh.default.192.168.1.240.sslip.io in 11794 usec\n"
time="2024-05-28T18:27:23.480016348-06:00" level=debug msg="Invoking: gptj-python-2c55vftu55ufythcq39x.default.192.168.1.240.sslip.io:80"
time="2024-05-28T18:27:23.489855194-06:00" level=debug msg="Invoked gptj-python-2c55vftu55ufythcq39x.default.192.168.1.240.sslip.io in 9849 usec\n"
time="2024-05-28T18:27:30.984097479-06:00" level=debug msg="Invoking: gptj-python-2c55vftu55ufythcq39x.default.192.168.1.240.sslip.io:80"
time="2024-05-28T18:27:30.994889889-06:00" level=debug msg="Invoked gptj-python-2c55vftu55ufythcq39x.default.192.168.1.240.sslip.io in 10805 usec\n"
time="2024-05-28T18:27:38.488026707-06:00" level=debug msg="Invoking: gptj-python-2c55vftu55ufythcq39x.default.192.168.1.240.sslip.io:80"
time="2024-05-28T18:27:38.497031471-06:00" level=debug msg="Invoked gptj-python-2c55vftu55ufythcq39x.default.192.168.1.240.sslip.io in 9016 usec\n"
time="2024-05-28T18:27:45.952060148-06:00" level=debug msg="Minute: 6"
time="2024-05-28T18:27:45.952166162-06:00" level=debug msg="Number of Invocations this iteration: 8"
time="2024-05-28T18:27:45.952264228-06:00" level=debug msg="Invoking: image-rotate-go-6-ebqwerxvwz2gh460hyyp.default.192.168.1.240.sslip.io:80"
time="2024-05-28T18:27:53.455998181-06:00" level=debug msg="Invoking: gptj-python-2c55vftu55ufythcq39x.default.192.168.1.240.sslip.io:80"
time="2024-05-28T18:27:53.466272512-06:00" level=debug msg="Invoked gptj-python-2c55vftu55ufythcq39x.default.192.168.1.240.sslip.io in 10289 usec\n"
time="2024-05-28T18:27:58.184721182-06:00" level=debug msg="Invoked image-rotate-go-6-ebqwerxvwz2gh460hyyp.default.192.168.1.240.sslip.io in 12232455 usec\n"
time="2024-05-28T18:28:00.958110742-06:00" level=debug msg="Invoking: gptj-python-2c55vftu55ufythcq39x.default.192.168.1.240.sslip.io:80"
time="2024-05-28T18:28:00.968994119-06:00" level=debug msg="Invoked gptj-python-2c55vftu55ufythcq39x.default.192.168.1.240.sslip.io in 10892 usec\n"
time="2024-05-28T18:28:08.463969736-06:00" level=debug msg="Invoking: gptj-python-2c55vftu55ufythcq39x.default.192.168.1.240.sslip.io:80"
time="2024-05-28T18:28:08.472789631-06:00" level=debug msg="Invoked gptj-python-2c55vftu55ufythcq39x.default.192.168.1.240.sslip.io in 8828 usec\n"
time="2024-05-28T18:28:15.971346952-06:00" level=debug msg="Invoking: cartservice-4qjzojgwccjr7i74pnwh.default.192.168.1.240.sslip.io:80"
time="2024-05-28T18:28:15.984093614-06:00" level=debug msg="Invoked cartservice-4qjzojgwccjr7i74pnwh.default.192.168.1.240.sslip.io in 12757 usec\n"
time="2024-05-28T18:28:23.478114973-06:00" level=debug msg="Invoking: gptj-python-2c55vftu55ufythcq39x.default.192.168.1.240.sslip.io:80"
time="2024-05-28T18:28:23.488279891-06:00" level=debug msg="Invoked gptj-python-2c55vftu55ufythcq39x.default.192.168.1.240.sslip.io in 10200 usec\n"
time="2024-05-28T18:28:30.984083585-06:00" level=debug msg="Invoking: gptj-python-2c55vftu55ufythcq39x.default.192.168.1.240.sslip.io:80"
time="2024-05-28T18:28:30.99640413-06:00" level=debug msg="Invoked gptj-python-2c55vftu55ufythcq39x.default.192.168.1.240.sslip.io in 12332 usec\n"
time="2024-05-28T18:28:38.490700279-06:00" level=debug msg="Invoking: gptj-python-2c55vftu55ufythcq39x.default.192.168.1.240.sslip.io:80"
time="2024-05-28T18:28:38.500542585-06:00" level=debug msg="Invoked gptj-python-2c55vftu55ufythcq39x.default.192.168.1.240.sslip.io in 9853 usec\n"
time="2024-05-28T18:28:45.952048235-06:00" level=debug msg="Minute: 7"
time="2024-05-28T18:28:45.952148925-06:00" level=debug msg="Number of Invocations this iteration: 8"
time="2024-05-28T18:28:45.952243316-06:00" level=debug msg="Invoking: cartservice-4qjzojgwccjr7i74pnwh.default.192.168.1.240.sslip.io:80"
time="2024-05-28T18:28:45.965472986-06:00" level=debug msg="Invoked cartservice-4qjzojgwccjr7i74pnwh.default.192.168.1.240.sslip.io in 13228 usec\n"
time="2024-05-28T18:28:53.456089148-06:00" level=debug msg="Invoking: gptj-python-2c55vftu55ufythcq39x.default.192.168.1.240.sslip.io:80"
time="2024-05-28T18:28:53.465788105-06:00" level=debug msg="Invoked gptj-python-2c55vftu55ufythcq39x.default.192.168.1.240.sslip.io in 9714 usec\n"
time="2024-05-28T18:29:00.960071235-06:00" level=debug msg="Invoking: gptj-python-2c55vftu55ufythcq39x.default.192.168.1.240.sslip.io:80"
time="2024-05-28T18:29:00.971028546-06:00" level=debug msg="Invoked gptj-python-2c55vftu55ufythcq39x.default.192.168.1.240.sslip.io in 10961 usec\n"
time="2024-05-28T18:29:08.467500982-06:00" level=debug msg="Invoking: gptj-python-2c55vftu55ufythcq39x.default.192.168.1.240.sslip.io:80"
time="2024-05-28T18:29:08.478248718-06:00" level=debug msg="Invoked gptj-python-2c55vftu55ufythcq39x.default.192.168.1.240.sslip.io in 10764 usec\n"
time="2024-05-28T18:29:15.972038722-06:00" level=debug msg="Invoking: cartservice-4qjzojgwccjr7i74pnwh.default.192.168.1.240.sslip.io:80"
time="2024-05-28T18:29:15.984572804-06:00" level=debug msg="Invoked cartservice-4qjzojgwccjr7i74pnwh.default.192.168.1.240.sslip.io in 12564 usec\n"
time="2024-05-28T18:29:23.478619393-06:00" level=debug msg="Invoking: gptj-python-2c55vftu55ufythcq39x.default.192.168.1.240.sslip.io:80"
time="2024-05-28T18:29:23.48855593-06:00" level=debug msg="Invoked gptj-python-2c55vftu55ufythcq39x.default.192.168.1.240.sslip.io in 9944 usec\n"
time="2024-05-28T18:29:30.984050032-06:00" level=debug msg="Invoking: gptj-python-2c55vftu55ufythcq39x.default.192.168.1.240.sslip.io:80"
time="2024-05-28T18:29:30.994445867-06:00" level=debug msg="Invoked gptj-python-2c55vftu55ufythcq39x.default.192.168.1.240.sslip.io in 10404 usec\n"
time="2024-05-28T18:29:38.488456994-06:00" level=debug msg="Invoking: gptj-python-2c55vftu55ufythcq39x.default.192.168.1.240.sslip.io:80"
time="2024-05-28T18:29:38.497768194-06:00" level=debug msg="Invoked gptj-python-2c55vftu55ufythcq39x.default.192.168.1.240.sslip.io in 9320 usec\n"
time="2024-05-28T18:29:45.952042163-06:00" level=debug msg="Minute: 8"
time="2024-05-28T18:29:45.95218587-06:00" level=debug msg="Number of Invocations this iteration: 8"
time="2024-05-28T18:29:45.952271858-06:00" level=debug msg="Invoking: cartservice-4qjzojgwccjr7i74pnwh.default.192.168.1.240.sslip.io:80"
time="2024-05-28T18:29:45.968450882-06:00" level=debug msg="Invoked cartservice-4qjzojgwccjr7i74pnwh.default.192.168.1.240.sslip.io in 16177 usec\n"
time="2024-05-28T18:29:53.456003604-06:00" level=debug msg="Invoking: gptj-python-2c55vftu55ufythcq39x.default.192.168.1.240.sslip.io:80"
time="2024-05-28T18:29:53.46546717-06:00" level=debug msg="Invoked gptj-python-2c55vftu55ufythcq39x.default.192.168.1.240.sslip.io in 9472 usec\n"
time="2024-05-28T18:30:00.960072935-06:00" level=debug msg="Invoking: gptj-python-2c55vftu55ufythcq39x.default.192.168.1.240.sslip.io:80"
time="2024-05-28T18:30:00.972720213-06:00" level=debug msg="Invoked gptj-python-2c55vftu55ufythcq39x.default.192.168.1.240.sslip.io in 12655 usec\n"
time="2024-05-28T18:30:08.464050189-06:00" level=debug msg="Invoking: gptj-python-2c55vftu55ufythcq39x.default.192.168.1.240.sslip.io:80"
time="2024-05-28T18:30:08.474110559-06:00" level=debug msg="Invoked gptj-python-2c55vftu55ufythcq39x.default.192.168.1.240.sslip.io in 10073 usec\n"
time="2024-05-28T18:30:15.96812924-06:00" level=debug msg="Invoking: cartservice-4qjzojgwccjr7i74pnwh.default.192.168.1.240.sslip.io:80"
time="2024-05-28T18:30:15.981127877-06:00" level=debug msg="Invoked cartservice-4qjzojgwccjr7i74pnwh.default.192.168.1.240.sslip.io in 13010 usec\n"
time="2024-05-28T18:30:23.472001517-06:00" level=debug msg="Invoking: gptj-python-2c55vftu55ufythcq39x.default.192.168.1.240.sslip.io:80"
time="2024-05-28T18:30:23.481799293-06:00" level=debug msg="Invoked gptj-python-2c55vftu55ufythcq39x.default.192.168.1.240.sslip.io in 9809 usec\n"
time="2024-05-28T18:30:30.979329207-06:00" level=debug msg="Invoking: gptj-python-2c55vftu55ufythcq39x.default.192.168.1.240.sslip.io:80"
time="2024-05-28T18:30:30.989362606-06:00" level=debug msg="Invoked gptj-python-2c55vftu55ufythcq39x.default.192.168.1.240.sslip.io in 10044 usec\n"
time="2024-05-28T18:30:38.48413362-06:00" level=debug msg="Invoking: gptj-python-2c55vftu55ufythcq39x.default.192.168.1.240.sslip.io:80"
time="2024-05-28T18:30:38.493876641-06:00" level=debug msg="Invoked gptj-python-2c55vftu55ufythcq39x.default.192.168.1.240.sslip.io in 9754 usec\n"
time="2024-05-28T18:30:45.951998436-06:00" level=debug msg="Minute: 9"
time="2024-05-28T18:30:45.952095861-06:00" level=debug msg="Number of Invocations this iteration: 8"
time="2024-05-28T18:30:45.952172727-06:00" level=debug msg="Invoking: cartservice-4qjzojgwccjr7i74pnwh.default.192.168.1.240.sslip.io:80"
time="2024-05-28T18:30:45.966917213-06:00" level=debug msg="Invoked cartservice-4qjzojgwccjr7i74pnwh.default.192.168.1.240.sslip.io in 14741 usec\n"
time="2024-05-28T18:30:53.458523056-06:00" level=debug msg="Invoking: gptj-python-2c55vftu55ufythcq39x.default.192.168.1.240.sslip.io:80"
time="2024-05-28T18:30:53.468452618-06:00" level=debug msg="Invoked gptj-python-2c55vftu55ufythcq39x.default.192.168.1.240.sslip.io in 9940 usec\n"
time="2024-05-28T18:31:00.964072825-06:00" level=debug msg="Invoking: gptj-python-2c55vftu55ufythcq39x.default.192.168.1.240.sslip.io:80"
time="2024-05-28T18:31:00.974852287-06:00" level=debug msg="Invoked gptj-python-2c55vftu55ufythcq39x.default.192.168.1.240.sslip.io in 10786 usec\n"
time="2024-05-28T18:31:08.464519057-06:00" level=debug msg="Invoking: gptj-python-2c55vftu55ufythcq39x.default.192.168.1.240.sslip.io:80"
time="2024-05-28T18:31:08.474372794-06:00" level=debug msg="Invoked gptj-python-2c55vftu55ufythcq39x.default.192.168.1.240.sslip.io in 9869 usec\n"
time="2024-05-28T18:31:15.968082375-06:00" level=debug msg="Invoking: cartservice-4qjzojgwccjr7i74pnwh.default.192.168.1.240.sslip.io:80"
time="2024-05-28T18:31:15.980656191-06:00" level=debug msg="Invoked cartservice-4qjzojgwccjr7i74pnwh.default.192.168.1.240.sslip.io in 12586 usec\n"
time="2024-05-28T18:31:23.475062702-06:00" level=debug msg="Invoking: gptj-python-2c55vftu55ufythcq39x.default.192.168.1.240.sslip.io:80"
time="2024-05-28T18:31:23.483688718-06:00" level=debug msg="Invoked gptj-python-2c55vftu55ufythcq39x.default.192.168.1.240.sslip.io in 8623 usec\n"
time="2024-05-28T18:31:30.980757269-06:00" level=debug msg="Invoking: gptj-python-2c55vftu55ufythcq39x.default.192.168.1.240.sslip.io:80"
time="2024-05-28T18:31:30.991465736-06:00" level=debug msg="Invoked gptj-python-2c55vftu55ufythcq39x.default.192.168.1.240.sslip.io in 10719 usec\n"
time="2024-05-28T18:31:38.484156244-06:00" level=debug msg="Invoking: gptj-python-2c55vftu55ufythcq39x.default.192.168.1.240.sslip.io:80"
time="2024-05-28T18:31:38.494412649-06:00" level=debug msg="Invoked gptj-python-2c55vftu55ufythcq39x.default.192.168.1.240.sslip.io in 10268 usec\n"
time="2024-05-28T18:31:45.952062846-06:00" level=debug msg="Minute: 10"
time="2024-05-28T18:31:45.952200999-06:00" level=debug msg="Number of Invocations this iteration: 8"
time="2024-05-28T18:31:45.952288681-06:00" level=debug msg="Invoking: rnn-serving-python-10-10-vcx3zszg4b7xa6ihdiq8.default.192.168.1.240.sslip.io:80"
time="2024-05-28T18:31:53.177464841-06:00" level=debug msg="Invoked rnn-serving-python-10-10-vcx3zszg4b7xa6ihdiq8.default.192.168.1.240.sslip.io in 7225176 usec\n"
time="2024-05-28T18:31:53.452586149-06:00" level=debug msg="Invoking: gptj-python-2c55vftu55ufythcq39x.default.192.168.1.240.sslip.io:80"
time="2024-05-28T18:31:53.462350599-06:00" level=debug msg="Invoked gptj-python-2c55vftu55ufythcq39x.default.192.168.1.240.sslip.io in 9770 usec\n"
time="2024-05-28T18:32:00.959770613-06:00" level=debug msg="Invoking: gptj-python-2c55vftu55ufythcq39x.default.192.168.1.240.sslip.io:80"
time="2024-05-28T18:32:00.969895896-06:00" level=debug msg="Invoked gptj-python-2c55vftu55ufythcq39x.default.192.168.1.240.sslip.io in 10131 usec\n"
time="2024-05-28T18:32:08.467340075-06:00" level=debug msg="Invoking: gptj-python-2c55vftu55ufythcq39x.default.192.168.1.240.sslip.io:80"
time="2024-05-28T18:32:08.476866352-06:00" level=debug msg="Invoked gptj-python-2c55vftu55ufythcq39x.default.192.168.1.240.sslip.io in 9532 usec\n"
time="2024-05-28T18:32:15.972666932-06:00" level=debug msg="Invoking: cartservice-4qjzojgwccjr7i74pnwh.default.192.168.1.240.sslip.io:80"
time="2024-05-28T18:32:15.984671221-06:00" level=debug msg="Invoked cartservice-4qjzojgwccjr7i74pnwh.default.192.168.1.240.sslip.io in 12013 usec\n"
time="2024-05-28T18:32:23.480021196-06:00" level=debug msg="Invoking: gptj-python-2c55vftu55ufythcq39x.default.192.168.1.240.sslip.io:80"
time="2024-05-28T18:32:23.489570842-06:00" level=debug msg="Invoked gptj-python-2c55vftu55ufythcq39x.default.192.168.1.240.sslip.io in 9559 usec\n"
time="2024-05-28T18:32:30.984010133-06:00" level=debug msg="Invoking: gptj-python-2c55vftu55ufythcq39x.default.192.168.1.240.sslip.io:80"
time="2024-05-28T18:32:30.994595201-06:00" level=debug msg="Invoked gptj-python-2c55vftu55ufythcq39x.default.192.168.1.240.sslip.io in 10593 usec\n"
time="2024-05-28T18:32:38.48803927-06:00" level=debug msg="Invoking: gptj-python-2c55vftu55ufythcq39x.default.192.168.1.240.sslip.io:80"
time="2024-05-28T18:32:38.502689977-06:00" level=debug msg="Invoked gptj-python-2c55vftu55ufythcq39x.default.192.168.1.240.sslip.io in 14690 usec\n"
time="2024-05-28T18:32:45.95202289-06:00" level=debug msg="Minute: 11"
time="2024-05-28T18:32:45.952102026-06:00" level=debug msg="Number of Invocations this iteration: 8"
time="2024-05-28T18:32:45.952181852-06:00" level=debug msg="Invoking: image-rotate-go-6-ebqwerxvwz2gh460hyyp.default.192.168.1.240.sslip.io:80"
time="2024-05-28T18:32:53.458872175-06:00" level=debug msg="Invoking: gptj-python-2c55vftu55ufythcq39x.default.192.168.1.240.sslip.io:80"
time="2024-05-28T18:32:53.469763656-06:00" level=debug msg="Invoked gptj-python-2c55vftu55ufythcq39x.default.192.168.1.240.sslip.io in 10898 usec\n"
time="2024-05-28T18:33:00.966081857-06:00" level=debug msg="Invoking: gptj-python-2c55vftu55ufythcq39x.default.192.168.1.240.sslip.io:80"
time="2024-05-28T18:33:00.978112627-06:00" level=debug msg="Invoked gptj-python-2c55vftu55ufythcq39x.default.192.168.1.240.sslip.io in 11985 usec\n"
time="2024-05-28T18:33:03.192251771-06:00" level=debug msg="Invoked image-rotate-go-6-ebqwerxvwz2gh460hyyp.default.192.168.1.240.sslip.io in 17240062 usec\n"
time="2024-05-28T18:33:08.471114667-06:00" level=debug msg="Invoking: gptj-python-2c55vftu55ufythcq39x.default.192.168.1.240.sslip.io:80"
time="2024-05-28T18:33:08.481233183-06:00" level=debug msg="Invoked gptj-python-2c55vftu55ufythcq39x.default.192.168.1.240.sslip.io in 10122 usec\n"
time="2024-05-28T18:33:15.971521403-06:00" level=debug msg="Invoking: cartservice-4qjzojgwccjr7i74pnwh.default.192.168.1.240.sslip.io:80"
time="2024-05-28T18:33:15.985911874-06:00" level=debug msg="Invoked cartservice-4qjzojgwccjr7i74pnwh.default.192.168.1.240.sslip.io in 14399 usec\n"
time="2024-05-28T18:33:23.476077563-06:00" level=debug msg="Invoking: gptj-python-2c55vftu55ufythcq39x.default.192.168.1.240.sslip.io:80"
time="2024-05-28T18:33:23.486302825-06:00" level=debug msg="Invoked gptj-python-2c55vftu55ufythcq39x.default.192.168.1.240.sslip.io in 10236 usec\n"
time="2024-05-28T18:33:30.982421141-06:00" level=debug msg="Invoking: gptj-python-2c55vftu55ufythcq39x.default.192.168.1.240.sslip.io:80"
time="2024-05-28T18:33:30.992710935-06:00" level=debug msg="Invoked gptj-python-2c55vftu55ufythcq39x.default.192.168.1.240.sslip.io in 10301 usec\n"
time="2024-05-28T18:33:38.48806115-06:00" level=debug msg="Invoking: gptj-python-2c55vftu55ufythcq39x.default.192.168.1.240.sslip.io:80"
time="2024-05-28T18:33:38.498161826-06:00" level=debug msg="Invoked gptj-python-2c55vftu55ufythcq39x.default.192.168.1.240.sslip.io in 10111 usec\n"
time="2024-05-28T18:33:45.952071614-06:00" level=debug msg="Minute: 12"
time="2024-05-28T18:33:45.952216483-06:00" level=debug msg="Number of Invocations this iteration: 8"
time="2024-05-28T18:33:45.95230171-06:00" level=debug msg="Invoking: cartservice-4qjzojgwccjr7i74pnwh.default.192.168.1.240.sslip.io:80"
time="2024-05-28T18:33:45.965097288-06:00" level=debug msg="Invoked cartservice-4qjzojgwccjr7i74pnwh.default.192.168.1.240.sslip.io in 12794 usec\n"
time="2024-05-28T18:33:53.456115455-06:00" level=debug msg="Invoking: gptj-python-2c55vftu55ufythcq39x.default.192.168.1.240.sslip.io:80"
time="2024-05-28T18:33:53.466103605-06:00" level=debug msg="Invoked gptj-python-2c55vftu55ufythcq39x.default.192.168.1.240.sslip.io in 10002 usec\n"
time="2024-05-28T18:34:00.960074545-06:00" level=debug msg="Invoking: gptj-python-2c55vftu55ufythcq39x.default.192.168.1.240.sslip.io:80"
time="2024-05-28T18:34:00.97056701-06:00" level=debug msg="Invoked gptj-python-2c55vftu55ufythcq39x.default.192.168.1.240.sslip.io in 10505 usec\n"
time="2024-05-28T18:34:08.464084434-06:00" level=debug msg="Invoking: gptj-python-2c55vftu55ufythcq39x.default.192.168.1.240.sslip.io:80"
time="2024-05-28T18:34:08.475356461-06:00" level=debug msg="Invoked gptj-python-2c55vftu55ufythcq39x.default.192.168.1.240.sslip.io in 11283 usec\n"
time="2024-05-28T18:34:15.968060755-06:00" level=debug msg="Invoking: cartservice-4qjzojgwccjr7i74pnwh.default.192.168.1.240.sslip.io:80"
time="2024-05-28T18:34:15.979863091-06:00" level=debug msg="Invoked cartservice-4qjzojgwccjr7i74pnwh.default.192.168.1.240.sslip.io in 11816 usec\n"
time="2024-05-28T18:34:23.472055843-06:00" level=debug msg="Invoking: gptj-python-2c55vftu55ufythcq39x.default.192.168.1.240.sslip.io:80"
time="2024-05-28T18:34:23.482254418-06:00" level=debug msg="Invoked gptj-python-2c55vftu55ufythcq39x.default.192.168.1.240.sslip.io in 10210 usec\n"
time="2024-05-28T18:34:30.977112234-06:00" level=debug msg="Invoking: gptj-python-2c55vftu55ufythcq39x.default.192.168.1.240.sslip.io:80"
time="2024-05-28T18:34:30.987392335-06:00" level=debug msg="Invoked gptj-python-2c55vftu55ufythcq39x.default.192.168.1.240.sslip.io in 10292 usec\n"
time="2024-05-28T18:34:38.48002912-06:00" level=debug msg="Invoking: gptj-python-2c55vftu55ufythcq39x.default.192.168.1.240.sslip.io:80"
time="2024-05-28T18:34:38.490156482-06:00" level=debug msg="Invoked gptj-python-2c55vftu55ufythcq39x.default.192.168.1.240.sslip.io in 10163 usec\n"
time="2024-05-28T18:34:45.952111502-06:00" level=debug msg="Minute: 13"
time="2024-05-28T18:34:45.952257126-06:00" level=debug msg="Number of Invocations this iteration: 8"
time="2024-05-28T18:34:45.952357818-06:00" level=debug msg="Invoking: cartservice-4qjzojgwccjr7i74pnwh.default.192.168.1.240.sslip.io:80"
time="2024-05-28T18:34:45.965078819-06:00" level=debug msg="Invoked cartservice-4qjzojgwccjr7i74pnwh.default.192.168.1.240.sslip.io in 12719 usec\n"
time="2024-05-28T18:34:53.456118823-06:00" level=debug msg="Invoking: gptj-python-2c55vftu55ufythcq39x.default.192.168.1.240.sslip.io:80"
time="2024-05-28T18:34:53.465875006-06:00" level=debug msg="Invoked gptj-python-2c55vftu55ufythcq39x.default.192.168.1.240.sslip.io in 9771 usec\n"
time="2024-05-28T18:35:00.96006981-06:00" level=debug msg="Invoking: gptj-python-2c55vftu55ufythcq39x.default.192.168.1.240.sslip.io:80"
time="2024-05-28T18:35:00.970672827-06:00" level=debug msg="Invoked gptj-python-2c55vftu55ufythcq39x.default.192.168.1.240.sslip.io in 10618 usec\n"
time="2024-05-28T18:35:08.460731799-06:00" level=debug msg="Invoking: gptj-python-2c55vftu55ufythcq39x.default.192.168.1.240.sslip.io:80"
time="2024-05-28T18:35:08.47217013-06:00" level=debug msg="Invoked gptj-python-2c55vftu55ufythcq39x.default.192.168.1.240.sslip.io in 11519 usec\n"
time="2024-05-28T18:35:15.964107925-06:00" level=debug msg="Invoking: cartservice-4qjzojgwccjr7i74pnwh.default.192.168.1.240.sslip.io:80"
time="2024-05-28T18:35:15.977211756-06:00" level=debug msg="Invoked cartservice-4qjzojgwccjr7i74pnwh.default.192.168.1.240.sslip.io in 13112 usec\n"
time="2024-05-28T18:35:23.468059564-06:00" level=debug msg="Invoking: gptj-python-2c55vftu55ufythcq39x.default.192.168.1.240.sslip.io:80"
time="2024-05-28T18:35:23.479092308-06:00" level=debug msg="Invoked gptj-python-2c55vftu55ufythcq39x.default.192.168.1.240.sslip.io in 11038 usec\n"
time="2024-05-28T18:35:30.97208938-06:00" level=debug msg="Invoking: gptj-python-2c55vftu55ufythcq39x.default.192.168.1.240.sslip.io:80"
time="2024-05-28T18:35:30.982804985-06:00" level=debug msg="Invoked gptj-python-2c55vftu55ufythcq39x.default.192.168.1.240.sslip.io in 10722 usec\n"
time="2024-05-28T18:35:38.477375291-06:00" level=debug msg="Invoking: gptj-python-2c55vftu55ufythcq39x.default.192.168.1.240.sslip.io:80"
time="2024-05-28T18:35:38.487730237-06:00" level=debug msg="Invoked gptj-python-2c55vftu55ufythcq39x.default.192.168.1.240.sslip.io in 10363 usec\n"
time="2024-05-28T18:35:45.952927973-06:00" level=info msg="Experiment Phase Completed"
time="2024-05-28T18:35:45.953058426-06:00" level=info msg="Issued / completed requests: 112, 112"
time="2024-05-28T18:35:45.953094957-06:00" level=info msg="Average Real RPS: 0.13 "
time="2024-05-28T18:35:45.953121067-06:00" level=info msg="Experiment finished!"
time="2024-05-28T18:35:45.953147388-06:00" level=info msg="The measured latencies are saved in rps_lat.csv"
