time="2024-05-30T10:08:40.986105979-06:00" level=info msg="Reading the endpoints from the file: video-analytics-standalone-python-30-400/endpoints.json"
time="2024-05-30T10:11:13.739936581-06:00" level=warning msg="Failed to invoke video-analytics-standalone-python-30-sverzjy.default.192.168.1.240.sslip.io:80, err=rpc error: code = DeadlineExceeded desc = context deadline exceeded"
time="2024-05-30T10:11:18.890808258-06:00" level=warning msg="Failed to invoke video-analytics-standalone-python-30-sverzjy.default.192.168.1.240.sslip.io:80, err=rpc error: code = DeadlineExceeded desc = context deadline exceeded"
time="2024-05-30T10:11:24.04002461-06:00" level=warning msg="Failed to invoke video-analytics-standalone-python-30-sverzjy.default.192.168.1.240.sslip.io:80, err=rpc error: code = DeadlineExceeded desc = context deadline exceeded"
time="2024-05-30T10:11:29.189558553-06:00" level=warning msg="Failed to invoke video-analytics-standalone-python-30-sverzjy.default.192.168.1.240.sslip.io:80, err=rpc error: code = Unavailable desc = upstream request timeout"
time="2024-05-30T10:11:34.339986075-06:00" level=warning msg="Failed to invoke video-analytics-standalone-python-30-sverzjy.default.192.168.1.240.sslip.io:80, err=rpc error: code = Unavailable desc = upstream request timeout"
time="2024-05-30T10:11:39.488960648-06:00" level=warning msg="Failed to invoke video-analytics-standalone-python-30-sverzjy.default.192.168.1.240.sslip.io:80, err=rpc error: code = Unavailable desc = upstream request timeout"
time="2024-05-30T10:11:44.641385246-06:00" level=warning msg="Failed to invoke video-analytics-standalone-python-30-sverzjy.default.192.168.1.240.sslip.io:80, err=rpc error: code = Unavailable desc = upstream request timeout"
time="2024-05-30T10:11:49.790142813-06:00" level=warning msg="Failed to invoke video-analytics-standalone-python-30-sverzjy.default.192.168.1.240.sslip.io:80, err=rpc error: code = Unavailable desc = upstream request timeout"
time="2024-05-30T10:11:54.943973346-06:00" level=warning msg="Failed to invoke video-analytics-standalone-python-30-sverzjy.default.192.168.1.240.sslip.io:80, err=rpc error: code = DeadlineExceeded desc = context deadline exceeded"
time="2024-05-30T10:12:00.091925914-06:00" level=warning msg="Failed to invoke video-analytics-standalone-python-30-sverzjy.default.192.168.1.240.sslip.io:80, err=rpc error: code = DeadlineExceeded desc = context deadline exceeded"
time="2024-05-30T10:12:05.238291601-06:00" level=warning msg="Failed to invoke video-analytics-standalone-python-30-sverzjy.default.192.168.1.240.sslip.io:80, err=rpc error: code = Unavailable desc = upstream request timeout"
time="2024-05-30T10:12:10.394542259-06:00" level=warning msg="Failed to invoke video-analytics-standalone-python-30-sverzjy.default.192.168.1.240.sslip.io:80, err=rpc error: code = Unavailable desc = upstream request timeout"
time="2024-05-30T10:12:15.538849386-06:00" level=warning msg="Failed to invoke video-analytics-standalone-python-30-sverzjy.default.192.168.1.240.sslip.io:80, err=rpc error: code = Unavailable desc = upstream request timeout"
time="2024-05-30T10:12:20.692582108-06:00" level=warning msg="Failed to invoke video-analytics-standalone-python-30-sverzjy.default.192.168.1.240.sslip.io:80, err=rpc error: code = Unavailable desc = upstream request timeout"
time="2024-05-30T10:12:25.84387061-06:00" level=warning msg="Failed to invoke video-analytics-standalone-python-30-sverzjy.default.192.168.1.240.sslip.io:80, err=rpc error: code = Unavailable desc = upstream request timeout"
time="2024-05-30T10:12:30.992419091-06:00" level=warning msg="Failed to invoke video-analytics-standalone-python-30-sverzjy.default.192.168.1.240.sslip.io:80, err=rpc error: code = Unavailable desc = upstream request timeout"
time="2024-05-30T10:12:36.142994545-06:00" level=warning msg="Failed to invoke video-analytics-standalone-python-30-sverzjy.default.192.168.1.240.sslip.io:80, err=rpc error: code = Unavailable desc = upstream request timeout"
time="2024-05-30T10:12:41.289986838-06:00" level=warning msg="Failed to invoke video-analytics-standalone-python-30-sverzjy.default.192.168.1.240.sslip.io:80, err=rpc error: code = Unavailable desc = upstream request timeout"
time="2024-05-30T10:12:46.44237827-06:00" level=warning msg="Failed to invoke video-analytics-standalone-python-30-sverzjy.default.192.168.1.240.sslip.io:80, err=rpc error: code = Unavailable desc = upstream request timeout"
time="2024-05-30T10:12:51.591164595-06:00" level=warning msg="Failed to invoke video-analytics-standalone-python-30-sverzjy.default.192.168.1.240.sslip.io:80, err=rpc error: code = Unavailable desc = upstream request timeout"
time="2024-05-30T10:12:56.741038924-06:00" level=warning msg="Failed to invoke video-analytics-standalone-python-30-sverzjy.default.192.168.1.240.sslip.io:80, err=rpc error: code = Unavailable desc = upstream request timeout"
time="2024-05-30T10:13:01.893661984-06:00" level=warning msg="Failed to invoke video-analytics-standalone-python-30-sverzjy.default.192.168.1.240.sslip.io:80, err=rpc error: code = Unavailable desc = upstream request timeout"
time="2024-05-30T10:13:07.043201322-06:00" level=warning msg="Failed to invoke video-analytics-standalone-python-30-sverzjy.default.192.168.1.240.sslip.io:80, err=rpc error: code = Unavailable desc = upstream request timeout"
time="2024-05-30T10:13:12.193256272-06:00" level=warning msg="Failed to invoke video-analytics-standalone-python-30-sverzjy.default.192.168.1.240.sslip.io:80, err=rpc error: code = Unavailable desc = upstream request timeout"
time="2024-05-30T10:13:17.342170355-06:00" level=warning msg="Failed to invoke video-analytics-standalone-python-30-sverzjy.default.192.168.1.240.sslip.io:80, err=rpc error: code = Unavailable desc = upstream request timeout"
time="2024-05-30T10:13:22.494196252-06:00" level=warning msg="Failed to invoke video-analytics-standalone-python-30-sverzjy.default.192.168.1.240.sslip.io:80, err=rpc error: code = Unavailable desc = upstream request timeout"
time="2024-05-30T10:13:27.643903273-06:00" level=warning msg="Failed to invoke video-analytics-standalone-python-30-sverzjy.default.192.168.1.240.sslip.io:80, err=rpc error: code = Unavailable desc = upstream request timeout"
time="2024-05-30T10:13:32.795238007-06:00" level=warning msg="Failed to invoke video-analytics-standalone-python-30-sverzjy.default.192.168.1.240.sslip.io:80, err=rpc error: code = Unavailable desc = upstream request timeout"
time="2024-05-30T10:13:37.943623267-06:00" level=warning msg="Failed to invoke video-analytics-standalone-python-30-sverzjy.default.192.168.1.240.sslip.io:80, err=rpc error: code = Unavailable desc = upstream request timeout"
time="2024-05-30T10:13:43.097722388-06:00" level=warning msg="Failed to invoke video-analytics-standalone-python-30-sverzjy.default.192.168.1.240.sslip.io:80, err=rpc error: code = Unavailable desc = upstream request timeout"
time="2024-05-30T10:13:48.246278777-06:00" level=warning msg="Failed to invoke video-analytics-standalone-python-30-sverzjy.default.192.168.1.240.sslip.io:80, err=rpc error: code = DeadlineExceeded desc = context deadline exceeded"
time="2024-05-30T10:13:53.395882495-06:00" level=warning msg="Failed to invoke video-analytics-standalone-python-30-sverzjy.default.192.168.1.240.sslip.io:80, err=rpc error: code = DeadlineExceeded desc = context deadline exceeded"
time="2024-05-30T10:13:58.546950592-06:00" level=warning msg="Failed to invoke video-analytics-standalone-python-30-sverzjy.default.192.168.1.240.sslip.io:80, err=rpc error: code = Unavailable desc = upstream request timeout"
time="2024-05-30T10:14:03.694149502-06:00" level=warning msg="Failed to invoke video-analytics-standalone-python-30-sverzjy.default.192.168.1.240.sslip.io:80, err=rpc error: code = Unavailable desc = upstream request timeout"
time="2024-05-30T10:14:08.845515188-06:00" level=warning msg="Failed to invoke video-analytics-standalone-python-30-sverzjy.default.192.168.1.240.sslip.io:80, err=rpc error: code = Unavailable desc = upstream request timeout"
time="2024-05-30T10:14:13.997336127-06:00" level=warning msg="Failed to invoke video-analytics-standalone-python-30-sverzjy.default.192.168.1.240.sslip.io:80, err=rpc error: code = Unavailable desc = upstream request timeout"
time="2024-05-30T10:14:19.146254924-06:00" level=warning msg="Failed to invoke video-analytics-standalone-python-30-sverzjy.default.192.168.1.240.sslip.io:80, err=rpc error: code = Unavailable desc = upstream request timeout"
time="2024-05-30T10:14:24.298303698-06:00" level=warning msg="Failed to invoke video-analytics-standalone-python-30-sverzjy.default.192.168.1.240.sslip.io:80, err=rpc error: code = Unavailable desc = upstream request timeout"
time="2024-05-30T10:14:29.446925332-06:00" level=warning msg="Failed to invoke video-analytics-standalone-python-30-sverzjy.default.192.168.1.240.sslip.io:80, err=rpc error: code = Unavailable desc = upstream request timeout"
time="2024-05-30T10:14:34.600744587-06:00" level=warning msg="Failed to invoke video-analytics-standalone-python-30-sverzjy.default.192.168.1.240.sslip.io:80, err=rpc error: code = Unavailable desc = upstream request timeout"
time="2024-05-30T10:14:39.74585313-06:00" level=warning msg="Failed to invoke video-analytics-standalone-python-30-sverzjy.default.192.168.1.240.sslip.io:80, err=rpc error: code = Unavailable desc = upstream request timeout"
time="2024-05-30T10:14:44.899087943-06:00" level=warning msg="Failed to invoke video-analytics-standalone-python-30-sverzjy.default.192.168.1.240.sslip.io:80, err=rpc error: code = Unavailable desc = upstream request timeout"
time="2024-05-30T10:14:50.04810671-06:00" level=warning msg="Failed to invoke video-analytics-standalone-python-30-sverzjy.default.192.168.1.240.sslip.io:80, err=rpc error: code = DeadlineExceeded desc = context deadline exceeded"
time="2024-05-30T10:14:55.198498389-06:00" level=warning msg="Failed to invoke video-analytics-standalone-python-30-sverzjy.default.192.168.1.240.sslip.io:80, err=rpc error: code = Unavailable desc = upstream request timeout"
time="2024-05-30T10:15:00.350377508-06:00" level=warning msg="Failed to invoke video-analytics-standalone-python-30-sverzjy.default.192.168.1.240.sslip.io:80, err=rpc error: code = Unavailable desc = upstream request timeout"
time="2024-05-30T10:15:05.500171323-06:00" level=warning msg="Failed to invoke video-analytics-standalone-python-30-sverzjy.default.192.168.1.240.sslip.io:80, err=rpc error: code = DeadlineExceeded desc = context deadline exceeded"
time="2024-05-30T10:15:10.651862937-06:00" level=warning msg="Failed to invoke video-analytics-standalone-python-30-sverzjy.default.192.168.1.240.sslip.io:80, err=rpc error: code = DeadlineExceeded desc = context deadline exceeded"
time="2024-05-30T10:15:15.801606962-06:00" level=warning msg="Failed to invoke video-analytics-standalone-python-30-sverzjy.default.192.168.1.240.sslip.io:80, err=rpc error: code = DeadlineExceeded desc = context deadline exceeded"
time="2024-05-30T10:15:20.954297301-06:00" level=warning msg="Failed to invoke video-analytics-standalone-python-30-sverzjy.default.192.168.1.240.sslip.io:80, err=rpc error: code = DeadlineExceeded desc = context deadline exceeded"
time="2024-05-30T10:15:26.101377774-06:00" level=warning msg="Failed to invoke video-analytics-standalone-python-30-sverzjy.default.192.168.1.240.sslip.io:80, err=rpc error: code = Unavailable desc = upstream request timeout"
time="2024-05-30T10:15:31.252356987-06:00" level=warning msg="Failed to invoke video-analytics-standalone-python-30-sverzjy.default.192.168.1.240.sslip.io:80, err=rpc error: code = DeadlineExceeded desc = context deadline exceeded"
time="2024-05-30T10:15:36.403209841-06:00" level=warning msg="Failed to invoke video-analytics-standalone-python-30-sverzjy.default.192.168.1.240.sslip.io:80, err=rpc error: code = Unavailable desc = upstream request timeout"
time="2024-05-30T10:15:41.549319424-06:00" level=warning msg="Failed to invoke video-analytics-standalone-python-30-sverzjy.default.192.168.1.240.sslip.io:80, err=rpc error: code = Unavailable desc = upstream request timeout"
time="2024-05-30T10:15:46.703535054-06:00" level=warning msg="Failed to invoke video-analytics-standalone-python-30-sverzjy.default.192.168.1.240.sslip.io:80, err=rpc error: code = Unavailable desc = upstream request timeout"
time="2024-05-30T10:15:51.8530493-06:00" level=warning msg="Failed to invoke video-analytics-standalone-python-30-sverzjy.default.192.168.1.240.sslip.io:80, err=rpc error: code = DeadlineExceeded desc = context deadline exceeded"
time="2024-05-30T10:15:57.00135372-06:00" level=warning msg="Failed to invoke video-analytics-standalone-python-30-sverzjy.default.192.168.1.240.sslip.io:80, err=rpc error: code = Unavailable desc = upstream request timeout"
time="2024-05-30T10:16:02.153809945-06:00" level=warning msg="Failed to invoke video-analytics-standalone-python-30-sverzjy.default.192.168.1.240.sslip.io:80, err=rpc error: code = Unavailable desc = upstream request timeout"
time="2024-05-30T10:16:07.30389038-06:00" level=warning msg="Failed to invoke video-analytics-standalone-python-30-sverzjy.default.192.168.1.240.sslip.io:80, err=rpc error: code = DeadlineExceeded desc = context deadline exceeded"
time="2024-05-30T10:16:12.451932749-06:00" level=warning msg="Failed to invoke video-analytics-standalone-python-30-sverzjy.default.192.168.1.240.sslip.io:80, err=rpc error: code = Unavailable desc = upstream request timeout"
time="2024-05-30T10:16:17.60320763-06:00" level=warning msg="Failed to invoke video-analytics-standalone-python-30-sverzjy.default.192.168.1.240.sslip.io:80, err=rpc error: code = Unavailable desc = upstream request timeout"
time="2024-05-30T10:16:22.751693455-06:00" level=warning msg="Failed to invoke video-analytics-standalone-python-30-sverzjy.default.192.168.1.240.sslip.io:80, err=rpc error: code = Unavailable desc = upstream request timeout"
time="2024-05-30T10:16:27.900823966-06:00" level=warning msg="Failed to invoke video-analytics-standalone-python-30-sverzjy.default.192.168.1.240.sslip.io:80, err=rpc error: code = Unavailable desc = upstream request timeout"
time="2024-05-30T10:16:33.056358992-06:00" level=warning msg="Failed to invoke video-analytics-standalone-python-30-sverzjy.default.192.168.1.240.sslip.io:80, err=rpc error: code = DeadlineExceeded desc = context deadline exceeded"
time="2024-05-30T10:16:38.203889227-06:00" level=warning msg="Failed to invoke video-analytics-standalone-python-30-sverzjy.default.192.168.1.240.sslip.io:80, err=rpc error: code = DeadlineExceeded desc = context deadline exceeded"
time="2024-05-30T10:16:43.355437656-06:00" level=warning msg="Failed to invoke video-analytics-standalone-python-30-sverzjy.default.192.168.1.240.sslip.io:80, err=rpc error: code = Unavailable desc = upstream request timeout"
time="2024-05-30T10:16:48.506413913-06:00" level=warning msg="Failed to invoke video-analytics-standalone-python-30-sverzjy.default.192.168.1.240.sslip.io:80, err=rpc error: code = Unavailable desc = upstream request timeout"
time="2024-05-30T10:16:53.653242537-06:00" level=warning msg="Failed to invoke video-analytics-standalone-python-30-sverzjy.default.192.168.1.240.sslip.io:80, err=rpc error: code = Unavailable desc = upstream request timeout"
time="2024-05-30T10:16:58.803901518-06:00" level=warning msg="Failed to invoke video-analytics-standalone-python-30-sverzjy.default.192.168.1.240.sslip.io:80, err=rpc error: code = DeadlineExceeded desc = context deadline exceeded"
time="2024-05-30T10:17:03.959992161-06:00" level=warning msg="Failed to invoke video-analytics-standalone-python-30-sverzjy.default.192.168.1.240.sslip.io:80, err=rpc error: code = DeadlineExceeded desc = context deadline exceeded"
time="2024-05-30T10:17:09.102170776-06:00" level=warning msg="Failed to invoke video-analytics-standalone-python-30-sverzjy.default.192.168.1.240.sslip.io:80, err=rpc error: code = Unavailable desc = upstream request timeout"
time="2024-05-30T10:17:14.253948712-06:00" level=warning msg="Failed to invoke video-analytics-standalone-python-30-sverzjy.default.192.168.1.240.sslip.io:80, err=rpc error: code = Unavailable desc = upstream request timeout"
time="2024-05-30T10:17:19.408466503-06:00" level=warning msg="Failed to invoke video-analytics-standalone-python-30-sverzjy.default.192.168.1.240.sslip.io:80, err=rpc error: code = DeadlineExceeded desc = context deadline exceeded"
time="2024-05-30T10:17:24.554937159-06:00" level=warning msg="Failed to invoke video-analytics-standalone-python-30-sverzjy.default.192.168.1.240.sslip.io:80, err=rpc error: code = Unavailable desc = upstream request timeout"
time="2024-05-30T10:17:29.705911346-06:00" level=warning msg="Failed to invoke video-analytics-standalone-python-30-sverzjy.default.192.168.1.240.sslip.io:80, err=rpc error: code = Unavailable desc = upstream request timeout"
time="2024-05-30T10:17:34.859128844-06:00" level=warning msg="Failed to invoke video-analytics-standalone-python-30-sverzjy.default.192.168.1.240.sslip.io:80, err=rpc error: code = Unavailable desc = upstream request timeout"
time="2024-05-30T10:17:40.007125042-06:00" level=warning msg="Failed to invoke video-analytics-standalone-python-30-sverzjy.default.192.168.1.240.sslip.io:80, err=rpc error: code = Unavailable desc = upstream request timeout"
time="2024-05-30T10:17:45.159532557-06:00" level=warning msg="Failed to invoke video-analytics-standalone-python-30-sverzjy.default.192.168.1.240.sslip.io:80, err=rpc error: code = DeadlineExceeded desc = context deadline exceeded"
time="2024-05-30T10:17:50.308586743-06:00" level=warning msg="Failed to invoke video-analytics-standalone-python-30-sverzjy.default.192.168.1.240.sslip.io:80, err=rpc error: code = DeadlineExceeded desc = context deadline exceeded"
time="2024-05-30T10:17:55.457765129-06:00" level=warning msg="Failed to invoke video-analytics-standalone-python-30-sverzjy.default.192.168.1.240.sslip.io:80, err=rpc error: code = Unavailable desc = upstream request timeout"
time="2024-05-30T10:18:00.607436285-06:00" level=warning msg="Failed to invoke video-analytics-standalone-python-30-sverzjy.default.192.168.1.240.sslip.io:80, err=rpc error: code = Unavailable desc = upstream request timeout"
time="2024-05-30T10:18:05.759245348-06:00" level=warning msg="Failed to invoke video-analytics-standalone-python-30-sverzjy.default.192.168.1.240.sslip.io:80, err=rpc error: code = Unavailable desc = upstream request timeout"
time="2024-05-30T10:18:10.907920572-06:00" level=warning msg="Failed to invoke video-analytics-standalone-python-30-sverzjy.default.192.168.1.240.sslip.io:80, err=rpc error: code = DeadlineExceeded desc = context deadline exceeded"
time="2024-05-30T10:18:16.059052093-06:00" level=warning msg="Failed to invoke video-analytics-standalone-python-30-sverzjy.default.192.168.1.240.sslip.io:80, err=rpc error: code = Unavailable desc = upstream request timeout"
time="2024-05-30T10:18:21.20786912-06:00" level=warning msg="Failed to invoke video-analytics-standalone-python-30-sverzjy.default.192.168.1.240.sslip.io:80, err=rpc error: code = DeadlineExceeded desc = context deadline exceeded"
time="2024-05-30T10:18:26.359953713-06:00" level=warning msg="Failed to invoke video-analytics-standalone-python-30-sverzjy.default.192.168.1.240.sslip.io:80, err=rpc error: code = DeadlineExceeded desc = context deadline exceeded"
time="2024-05-30T10:18:31.510469422-06:00" level=warning msg="Failed to invoke video-analytics-standalone-python-30-sverzjy.default.192.168.1.240.sslip.io:80, err=rpc error: code = DeadlineExceeded desc = context deadline exceeded"
time="2024-05-30T10:18:36.661199308-06:00" level=warning msg="Failed to invoke video-analytics-standalone-python-30-sverzjy.default.192.168.1.240.sslip.io:80, err=rpc error: code = DeadlineExceeded desc = context deadline exceeded"
time="2024-05-30T10:18:41.811893884-06:00" level=warning msg="Failed to invoke video-analytics-standalone-python-30-sverzjy.default.192.168.1.240.sslip.io:80, err=rpc error: code = DeadlineExceeded desc = context deadline exceeded"
time="2024-05-30T10:18:46.960672564-06:00" level=warning msg="Failed to invoke video-analytics-standalone-python-30-sverzjy.default.192.168.1.240.sslip.io:80, err=rpc error: code = Unavailable desc = upstream request timeout"
time="2024-05-30T10:18:52.110778527-06:00" level=warning msg="Failed to invoke video-analytics-standalone-python-30-sverzjy.default.192.168.1.240.sslip.io:80, err=rpc error: code = Unavailable desc = upstream request timeout"
time="2024-05-30T10:18:57.2612979-06:00" level=warning msg="Failed to invoke video-analytics-standalone-python-30-sverzjy.default.192.168.1.240.sslip.io:80, err=rpc error: code = Unavailable desc = upstream request timeout"
time="2024-05-30T10:19:02.409377035-06:00" level=warning msg="Failed to invoke video-analytics-standalone-python-30-sverzjy.default.192.168.1.240.sslip.io:80, err=rpc error: code = Unavailable desc = upstream request timeout"
time="2024-05-30T10:19:07.562515784-06:00" level=warning msg="Failed to invoke video-analytics-standalone-python-30-sverzjy.default.192.168.1.240.sslip.io:80, err=rpc error: code = Unavailable desc = upstream request timeout"
time="2024-05-30T10:19:12.71478813-06:00" level=warning msg="Failed to invoke video-analytics-standalone-python-30-sverzjy.default.192.168.1.240.sslip.io:80, err=rpc error: code = Unavailable desc = upstream request timeout"
time="2024-05-30T10:19:17.866905151-06:00" level=warning msg="Failed to invoke video-analytics-standalone-python-30-sverzjy.default.192.168.1.240.sslip.io:80, err=rpc error: code = Unavailable desc = upstream request timeout"
time="2024-05-30T10:19:23.01151815-06:00" level=warning msg="Failed to invoke video-analytics-standalone-python-30-sverzjy.default.192.168.1.240.sslip.io:80, err=rpc error: code = Unavailable desc = upstream request timeout"
time="2024-05-30T10:19:28.163600187-06:00" level=warning msg="Failed to invoke video-analytics-standalone-python-30-sverzjy.default.192.168.1.240.sslip.io:80, err=rpc error: code = Unavailable desc = upstream request timeout"
time="2024-05-30T10:19:33.314897596-06:00" level=warning msg="Failed to invoke video-analytics-standalone-python-30-sverzjy.default.192.168.1.240.sslip.io:80, err=rpc error: code = DeadlineExceeded desc = context deadline exceeded"
time="2024-05-30T10:19:38.463900506-06:00" level=warning msg="Failed to invoke video-analytics-standalone-python-30-sverzjy.default.192.168.1.240.sslip.io:80, err=rpc error: code = DeadlineExceeded desc = context deadline exceeded"
time="2024-05-30T10:19:43.61587951-06:00" level=warning msg="Failed to invoke video-analytics-standalone-python-30-sverzjy.default.192.168.1.240.sslip.io:80, err=rpc error: code = DeadlineExceeded desc = context deadline exceeded"
time="2024-05-30T10:19:48.766060382-06:00" level=warning msg="Failed to invoke video-analytics-standalone-python-30-sverzjy.default.192.168.1.240.sslip.io:80, err=rpc error: code = DeadlineExceeded desc = context deadline exceeded"
time="2024-05-30T10:19:53.915493452-06:00" level=warning msg="Failed to invoke video-analytics-standalone-python-30-sverzjy.default.192.168.1.240.sslip.io:80, err=rpc error: code = DeadlineExceeded desc = context deadline exceeded"
time="2024-05-30T10:19:59.066425307-06:00" level=warning msg="Failed to invoke video-analytics-standalone-python-30-sverzjy.default.192.168.1.240.sslip.io:80, err=rpc error: code = Unavailable desc = upstream request timeout"
time="2024-05-30T10:20:04.212629682-06:00" level=warning msg="Failed to invoke video-analytics-standalone-python-30-sverzjy.default.192.168.1.240.sslip.io:80, err=rpc error: code = DeadlineExceeded desc = context deadline exceeded"
time="2024-05-30T10:20:09.361766166-06:00" level=warning msg="Failed to invoke video-analytics-standalone-python-30-sverzjy.default.192.168.1.240.sslip.io:80, err=rpc error: code = Unavailable desc = upstream request timeout"
time="2024-05-30T10:20:14.515931519-06:00" level=warning msg="Failed to invoke video-analytics-standalone-python-30-sverzjy.default.192.168.1.240.sslip.io:80, err=rpc error: code = DeadlineExceeded desc = context deadline exceeded"
time="2024-05-30T10:20:19.66154197-06:00" level=warning msg="Failed to invoke video-analytics-standalone-python-30-sverzjy.default.192.168.1.240.sslip.io:80, err=rpc error: code = Unavailable desc = upstream request timeout"
time="2024-05-30T10:20:24.815882009-06:00" level=warning msg="Failed to invoke video-analytics-standalone-python-30-sverzjy.default.192.168.1.240.sslip.io:80, err=rpc error: code = DeadlineExceeded desc = context deadline exceeded"
time="2024-05-30T10:20:29.965204414-06:00" level=warning msg="Failed to invoke video-analytics-standalone-python-30-sverzjy.default.192.168.1.240.sslip.io:80, err=rpc error: code = Unavailable desc = upstream request timeout"
time="2024-05-30T10:20:35.120134174-06:00" level=warning msg="Failed to invoke video-analytics-standalone-python-30-sverzjy.default.192.168.1.240.sslip.io:80, err=rpc error: code = DeadlineExceeded desc = context deadline exceeded"
time="2024-05-30T10:20:40.266795255-06:00" level=warning msg="Failed to invoke video-analytics-standalone-python-30-sverzjy.default.192.168.1.240.sslip.io:80, err=rpc error: code = Unavailable desc = upstream request timeout"
time="2024-05-30T10:20:45.413325411-06:00" level=warning msg="Failed to invoke video-analytics-standalone-python-30-sverzjy.default.192.168.1.240.sslip.io:80, err=rpc error: code = Unavailable desc = upstream request timeout"
time="2024-05-30T10:20:50.568090025-06:00" level=warning msg="Failed to invoke video-analytics-standalone-python-30-sverzjy.default.192.168.1.240.sslip.io:80, err=rpc error: code = Unavailable desc = upstream request timeout"
time="2024-05-30T10:20:55.716874444-06:00" level=warning msg="Failed to invoke video-analytics-standalone-python-30-sverzjy.default.192.168.1.240.sslip.io:80, err=rpc error: code = Unavailable desc = upstream request timeout"
time="2024-05-30T10:21:00.86674009-06:00" level=warning msg="Failed to invoke video-analytics-standalone-python-30-sverzjy.default.192.168.1.240.sslip.io:80, err=rpc error: code = Unavailable desc = upstream request timeout"
time="2024-05-30T10:21:06.017904818-06:00" level=warning msg="Failed to invoke video-analytics-standalone-python-30-sverzjy.default.192.168.1.240.sslip.io:80, err=rpc error: code = Unavailable desc = upstream request timeout"
time="2024-05-30T10:21:11.166339995-06:00" level=warning msg="Failed to invoke video-analytics-standalone-python-30-sverzjy.default.192.168.1.240.sslip.io:80, err=rpc error: code = Unavailable desc = upstream request timeout"
time="2024-05-30T10:21:16.317713029-06:00" level=warning msg="Failed to invoke video-analytics-standalone-python-30-sverzjy.default.192.168.1.240.sslip.io:80, err=rpc error: code = Unavailable desc = upstream request timeout"
time="2024-05-30T10:21:21.467917578-06:00" level=warning msg="Failed to invoke video-analytics-standalone-python-30-sverzjy.default.192.168.1.240.sslip.io:80, err=rpc error: code = DeadlineExceeded desc = context deadline exceeded"
time="2024-05-30T10:21:26.613995429-06:00" level=warning msg="Failed to invoke video-analytics-standalone-python-30-sverzjy.default.192.168.1.240.sslip.io:80, err=rpc error: code = Unavailable desc = upstream request timeout"
time="2024-05-30T10:21:31.766911573-06:00" level=warning msg="Failed to invoke video-analytics-standalone-python-30-sverzjy.default.192.168.1.240.sslip.io:80, err=rpc error: code = Unavailable desc = upstream request timeout"
time="2024-05-30T10:21:36.916612625-06:00" level=warning msg="Failed to invoke video-analytics-standalone-python-30-sverzjy.default.192.168.1.240.sslip.io:80, err=rpc error: code = Unavailable desc = upstream request timeout"
time="2024-05-30T10:21:42.065008272-06:00" level=warning msg="Failed to invoke video-analytics-standalone-python-30-sverzjy.default.192.168.1.240.sslip.io:80, err=rpc error: code = Unavailable desc = upstream request timeout"
time="2024-05-30T10:21:45.279917686-06:00" level=info msg="Issued / completed requests: 152, 24"
time="2024-05-30T10:21:45.280034486-06:00" level=info msg="Real / target RPS: 0.03 / 0.2"
time="2024-05-30T10:21:45.280051063-06:00" level=info msg="Experiment finished!"
time="2024-05-30T10:21:45.280067143-06:00" level=info msg="The measured latencies are saved in video-analytics-standalone-python-30-400/lat.txt"
time="2024-05-30T10:21:45.280254646-06:00" level=info msg="The measured function durations are saved in video-analytics-standalone-python-30-400/dur.txt"
