time="2024-05-28T18:29:48.16986321-06:00" level=debug msg="Debug logging is enabled"
time="2024-05-28T18:29:48.170067453-06:00" level=info msg="Reading the trace endpoints from the file: /users/ArunAMS/vSwarm/tools/load-generator/load.json"
time="2024-05-28T18:29:48.171787956-06:00" level=info msg="Warmup Duration: 3"
time="2024-05-28T18:29:48.171818826-06:00" level=info msg="Experiment Duration: 11"
time="2024-05-28T18:29:48.171843339-06:00" level=info msg="Minute Granularity: true"
time="2024-05-28T18:30:48.230897483-06:00" level=info msg="Running Warmup Phase"
time="2024-05-28T18:30:48.230975477-06:00" level=debug msg="Minute: 0"
time="2024-05-28T18:30:48.231059506-06:00" level=debug msg="Number of Invocations this iteration: 8"
time="2024-05-28T18:30:48.231176217-06:00" level=debug msg="Invoking: cartservice-4mf3mt3nhec7292n4auc.default.192.168.1.240.sslip.io:80"
time="2024-05-28T18:30:55.737451372-06:00" level=debug msg="Invoking: gptj-python-lzhfozkltzapbnmdvqdz.default.192.168.1.240.sslip.io:80"
time="2024-05-28T18:31:03.241440683-06:00" level=debug msg="Invoking: gptj-python-lzhfozkltzapbnmdvqdz.default.192.168.1.240.sslip.io:80"
time="2024-05-28T18:31:10.742481847-06:00" level=debug msg="Invoking: gptj-python-lzhfozkltzapbnmdvqdz.default.192.168.1.240.sslip.io:80"
time="2024-05-28T18:31:18.242683055-06:00" level=debug msg="Invoking: cartservice-4mf3mt3nhec7292n4auc.default.192.168.1.240.sslip.io:80"
time="2024-05-28T18:31:25.74943272-06:00" level=debug msg="Invoking: gptj-python-lzhfozkltzapbnmdvqdz.default.192.168.1.240.sslip.io:80"
time="2024-05-28T18:31:33.253492963-06:00" level=debug msg="Invoking: gptj-python-lzhfozkltzapbnmdvqdz.default.192.168.1.240.sslip.io:80"
time="2024-05-28T18:31:40.75748385-06:00" level=debug msg="Invoking: gptj-python-lzhfozkltzapbnmdvqdz.default.192.168.1.240.sslip.io:80"
time="2024-05-28T18:31:48.177463658-06:00" level=debug msg="Minute: 1"
time="2024-05-28T18:31:48.177525527-06:00" level=debug msg="Number of Invocations this iteration: 8"
time="2024-05-28T18:31:48.177583297-06:00" level=debug msg="Invoking: image-rotate-go-6-c2ml8qo1z2f9u8lrxdof.default.192.168.1.240.sslip.io:80"
time="2024-05-28T18:31:55.678391479-06:00" level=debug msg="Invoking: gptj-python-lzhfozkltzapbnmdvqdz.default.192.168.1.240.sslip.io:80"
time="2024-05-28T18:32:03.180813201-06:00" level=debug msg="Invoking: gptj-python-lzhfozkltzapbnmdvqdz.default.192.168.1.240.sslip.io:80"
time="2024-05-28T18:32:10.685490998-06:00" level=debug msg="Invoking: gptj-python-lzhfozkltzapbnmdvqdz.default.192.168.1.240.sslip.io:80"
time="2024-05-28T18:32:18.189434326-06:00" level=debug msg="Invoking: cartservice-4mf3mt3nhec7292n4auc.default.192.168.1.240.sslip.io:80"
time="2024-05-28T18:32:25.696359841-06:00" level=debug msg="Invoking: gptj-python-lzhfozkltzapbnmdvqdz.default.192.168.1.240.sslip.io:80"
time="2024-05-28T18:32:33.201431236-06:00" level=debug msg="Invoking: gptj-python-lzhfozkltzapbnmdvqdz.default.192.168.1.240.sslip.io:80"
time="2024-05-28T18:32:40.705541968-06:00" level=debug msg="Invoking: gptj-python-lzhfozkltzapbnmdvqdz.default.192.168.1.240.sslip.io:80"
time="2024-05-28T18:32:48.179130028-06:00" level=debug msg="Minute: 2"
time="2024-05-28T18:32:48.179228989-06:00" level=debug msg="Number of Invocations this iteration: 8"
time="2024-05-28T18:32:48.179341731-06:00" level=debug msg="Invoking: cartservice-4mf3mt3nhec7292n4auc.default.192.168.1.240.sslip.io:80"
time="2024-05-28T18:32:55.685477063-06:00" level=debug msg="Invoking: gptj-python-lzhfozkltzapbnmdvqdz.default.192.168.1.240.sslip.io:80"
time="2024-05-28T18:33:03.18950767-06:00" level=debug msg="Invoking: gptj-python-lzhfozkltzapbnmdvqdz.default.192.168.1.240.sslip.io:80"
time="2024-05-28T18:33:10.693446331-06:00" level=debug msg="Invoking: gptj-python-lzhfozkltzapbnmdvqdz.default.192.168.1.240.sslip.io:80"
time="2024-05-28T18:33:18.197439097-06:00" level=debug msg="Invoking: cartservice-4mf3mt3nhec7292n4auc.default.192.168.1.240.sslip.io:80"
time="2024-05-28T18:33:25.701432775-06:00" level=debug msg="Invoking: gptj-python-lzhfozkltzapbnmdvqdz.default.192.168.1.240.sslip.io:80"
time="2024-05-28T18:33:33.20550651-06:00" level=debug msg="Invoking: gptj-python-lzhfozkltzapbnmdvqdz.default.192.168.1.240.sslip.io:80"
time="2024-05-28T18:33:40.709421523-06:00" level=debug msg="Invoking: gptj-python-lzhfozkltzapbnmdvqdz.default.192.168.1.240.sslip.io:80"
time="2024-05-28T18:33:48.177471114-06:00" level=info msg="Warmup Phase Completed"
time="2024-05-28T18:33:48.177546232-06:00" level=info msg="Running Experiment Phase"
time="2024-05-28T18:33:48.177575163-06:00" level=debug msg="Minute: 3"
time="2024-05-28T18:33:48.177622493-06:00" level=debug msg="Number of Invocations this iteration: 8"
time="2024-05-28T18:33:48.17775401-06:00" level=debug msg="Invoking: cartservice-4mf3mt3nhec7292n4auc.default.192.168.1.240.sslip.io:80"
time="2024-05-28T18:33:48.192265681-06:00" level=debug msg="Invoked cartservice-4mf3mt3nhec7292n4auc.default.192.168.1.240.sslip.io in 14497 usec\n"
time="2024-05-28T18:33:55.677993689-06:00" level=debug msg="Invoking: gptj-python-lzhfozkltzapbnmdvqdz.default.192.168.1.240.sslip.io:80"
time="2024-05-28T18:33:55.688819365-06:00" level=debug msg="Invoked gptj-python-lzhfozkltzapbnmdvqdz.default.192.168.1.240.sslip.io in 10889 usec\n"
time="2024-05-28T18:34:03.182889847-06:00" level=debug msg="Invoking: gptj-python-lzhfozkltzapbnmdvqdz.default.192.168.1.240.sslip.io:80"
time="2024-05-28T18:34:03.193895606-06:00" level=debug msg="Invoked gptj-python-lzhfozkltzapbnmdvqdz.default.192.168.1.240.sslip.io in 11012 usec\n"
time="2024-05-28T18:34:10.690215646-06:00" level=debug msg="Invoking: gptj-python-lzhfozkltzapbnmdvqdz.default.192.168.1.240.sslip.io:80"
time="2024-05-28T18:34:10.7007838-06:00" level=debug msg="Invoked gptj-python-lzhfozkltzapbnmdvqdz.default.192.168.1.240.sslip.io in 10577 usec\n"
time="2024-05-28T18:34:18.19348037-06:00" level=debug msg="Invoking: cartservice-4mf3mt3nhec7292n4auc.default.192.168.1.240.sslip.io:80"
time="2024-05-28T18:34:18.205989084-06:00" level=debug msg="Invoked cartservice-4mf3mt3nhec7292n4auc.default.192.168.1.240.sslip.io in 12518 usec\n"
time="2024-05-28T18:34:25.697510464-06:00" level=debug msg="Invoking: gptj-python-lzhfozkltzapbnmdvqdz.default.192.168.1.240.sslip.io:80"
time="2024-05-28T18:34:25.708207527-06:00" level=debug msg="Invoked gptj-python-lzhfozkltzapbnmdvqdz.default.192.168.1.240.sslip.io in 10713 usec\n"
time="2024-05-28T18:34:33.201427784-06:00" level=debug msg="Invoking: gptj-python-lzhfozkltzapbnmdvqdz.default.192.168.1.240.sslip.io:80"
time="2024-05-28T18:34:33.212000283-06:00" level=debug msg="Invoked gptj-python-lzhfozkltzapbnmdvqdz.default.192.168.1.240.sslip.io in 10581 usec\n"
time="2024-05-28T18:34:40.706554952-06:00" level=debug msg="Invoking: gptj-python-lzhfozkltzapbnmdvqdz.default.192.168.1.240.sslip.io:80"
time="2024-05-28T18:34:40.717517558-06:00" level=debug msg="Invoked gptj-python-lzhfozkltzapbnmdvqdz.default.192.168.1.240.sslip.io in 10973 usec\n"
time="2024-05-28T18:34:48.177469636-06:00" level=debug msg="Minute: 4"
time="2024-05-28T18:34:48.177612246-06:00" level=debug msg="Number of Invocations this iteration: 8"
time="2024-05-28T18:34:48.17770532-06:00" level=debug msg="Invoking: rnn-serving-python-10-10-onhziiug1s82ooyds1gs.default.192.168.1.240.sslip.io:80"
time="2024-05-28T18:34:55.634373879-06:00" level=debug msg="Invoked rnn-serving-python-10-10-onhziiug1s82ooyds1gs.default.192.168.1.240.sslip.io in 7456669 usec\n"
time="2024-05-28T18:34:55.678583967-06:00" level=debug msg="Invoking: gptj-python-lzhfozkltzapbnmdvqdz.default.192.168.1.240.sslip.io:80"
time="2024-05-28T18:34:55.689003625-06:00" level=debug msg="Invoked gptj-python-lzhfozkltzapbnmdvqdz.default.192.168.1.240.sslip.io in 10430 usec\n"
time="2024-05-28T18:35:03.185494618-06:00" level=debug msg="Invoking: gptj-python-lzhfozkltzapbnmdvqdz.default.192.168.1.240.sslip.io:80"
time="2024-05-28T18:35:03.199122233-06:00" level=debug msg="Invoked gptj-python-lzhfozkltzapbnmdvqdz.default.192.168.1.240.sslip.io in 13642 usec\n"
time="2024-05-28T18:35:10.691824224-06:00" level=debug msg="Invoking: gptj-python-lzhfozkltzapbnmdvqdz.default.192.168.1.240.sslip.io:80"
time="2024-05-28T18:35:10.702759365-06:00" level=debug msg="Invoked gptj-python-lzhfozkltzapbnmdvqdz.default.192.168.1.240.sslip.io in 10946 usec\n"
time="2024-05-28T18:35:18.19749782-06:00" level=debug msg="Invoking: cartservice-4mf3mt3nhec7292n4auc.default.192.168.1.240.sslip.io:80"
time="2024-05-28T18:35:18.209282238-06:00" level=debug msg="Invoked cartservice-4mf3mt3nhec7292n4auc.default.192.168.1.240.sslip.io in 11796 usec\n"
time="2024-05-28T18:35:25.701423905-06:00" level=debug msg="Invoking: gptj-python-lzhfozkltzapbnmdvqdz.default.192.168.1.240.sslip.io:80"
time="2024-05-28T18:35:25.711404804-06:00" level=debug msg="Invoked gptj-python-lzhfozkltzapbnmdvqdz.default.192.168.1.240.sslip.io in 9979 usec\n"
time="2024-05-28T18:35:33.205430281-06:00" level=debug msg="Invoking: gptj-python-lzhfozkltzapbnmdvqdz.default.192.168.1.240.sslip.io:80"
time="2024-05-28T18:35:33.216402338-06:00" level=debug msg="Invoked gptj-python-lzhfozkltzapbnmdvqdz.default.192.168.1.240.sslip.io in 10981 usec\n"
time="2024-05-28T18:35:40.709540128-06:00" level=debug msg="Invoking: gptj-python-lzhfozkltzapbnmdvqdz.default.192.168.1.240.sslip.io:80"
time="2024-05-28T18:35:40.720320978-06:00" level=debug msg="Invoked gptj-python-lzhfozkltzapbnmdvqdz.default.192.168.1.240.sslip.io in 10815 usec\n"
time="2024-05-28T18:35:48.177430064-06:00" level=debug msg="Minute: 5"
time="2024-05-28T18:35:48.177540873-06:00" level=debug msg="Number of Invocations this iteration: 8"
time="2024-05-28T18:35:48.177631881-06:00" level=debug msg="Invoking: cartservice-4mf3mt3nhec7292n4auc.default.192.168.1.240.sslip.io:80"
time="2024-05-28T18:35:48.19361534-06:00" level=debug msg="Invoked cartservice-4mf3mt3nhec7292n4auc.default.192.168.1.240.sslip.io in 15973 usec\n"
time="2024-05-28T18:35:55.682751024-06:00" level=debug msg="Invoking: gptj-python-lzhfozkltzapbnmdvqdz.default.192.168.1.240.sslip.io:80"
time="2024-05-28T18:35:55.693754526-06:00" level=debug msg="Invoked gptj-python-lzhfozkltzapbnmdvqdz.default.192.168.1.240.sslip.io in 11067 usec\n"
time="2024-05-28T18:36:03.18945604-06:00" level=debug msg="Invoking: gptj-python-lzhfozkltzapbnmdvqdz.default.192.168.1.240.sslip.io:80"
time="2024-05-28T18:36:03.200024475-06:00" level=debug msg="Invoked gptj-python-lzhfozkltzapbnmdvqdz.default.192.168.1.240.sslip.io in 10579 usec\n"
time="2024-05-28T18:36:10.693490494-06:00" level=debug msg="Invoking: gptj-python-lzhfozkltzapbnmdvqdz.default.192.168.1.240.sslip.io:80"
time="2024-05-28T18:36:10.703993776-06:00" level=debug msg="Invoked gptj-python-lzhfozkltzapbnmdvqdz.default.192.168.1.240.sslip.io in 10513 usec\n"
time="2024-05-28T18:36:18.197491426-06:00" level=debug msg="Invoking: cartservice-4mf3mt3nhec7292n4auc.default.192.168.1.240.sslip.io:80"
time="2024-05-28T18:36:18.208902002-06:00" level=debug msg="Invoked cartservice-4mf3mt3nhec7292n4auc.default.192.168.1.240.sslip.io in 11445 usec\n"
time="2024-05-28T18:36:25.701482616-06:00" level=debug msg="Invoking: gptj-python-lzhfozkltzapbnmdvqdz.default.192.168.1.240.sslip.io:80"
time="2024-05-28T18:36:25.712294086-06:00" level=debug msg="Invoked gptj-python-lzhfozkltzapbnmdvqdz.default.192.168.1.240.sslip.io in 10823 usec\n"
time="2024-05-28T18:36:33.205543798-06:00" level=debug msg="Invoking: gptj-python-lzhfozkltzapbnmdvqdz.default.192.168.1.240.sslip.io:80"
time="2024-05-28T18:36:33.216407683-06:00" level=debug msg="Invoked gptj-python-lzhfozkltzapbnmdvqdz.default.192.168.1.240.sslip.io in 10900 usec\n"
time="2024-05-28T18:36:40.712528309-06:00" level=debug msg="Invoking: gptj-python-lzhfozkltzapbnmdvqdz.default.192.168.1.240.sslip.io:80"
time="2024-05-28T18:36:40.723136716-06:00" level=debug msg="Invoked gptj-python-lzhfozkltzapbnmdvqdz.default.192.168.1.240.sslip.io in 10619 usec\n"
time="2024-05-28T18:36:48.177400719-06:00" level=debug msg="Minute: 6"
time="2024-05-28T18:36:48.177461194-06:00" level=debug msg="Number of Invocations this iteration: 8"
time="2024-05-28T18:36:48.177509725-06:00" level=debug msg="Invoking: image-rotate-go-6-c2ml8qo1z2f9u8lrxdof.default.192.168.1.240.sslip.io:80"
time="2024-05-28T18:36:55.681502176-06:00" level=debug msg="Invoking: gptj-python-lzhfozkltzapbnmdvqdz.default.192.168.1.240.sslip.io:80"
time="2024-05-28T18:36:55.690730948-06:00" level=debug msg="Invoked gptj-python-lzhfozkltzapbnmdvqdz.default.192.168.1.240.sslip.io in 9238 usec\n"
time="2024-05-28T18:37:00.301309779-06:00" level=debug msg="Invoked image-rotate-go-6-c2ml8qo1z2f9u8lrxdof.default.192.168.1.240.sslip.io in 12123794 usec\n"
time="2024-05-28T18:37:03.184119717-06:00" level=debug msg="Invoking: gptj-python-lzhfozkltzapbnmdvqdz.default.192.168.1.240.sslip.io:80"
time="2024-05-28T18:37:03.195824665-06:00" level=debug msg="Invoked gptj-python-lzhfozkltzapbnmdvqdz.default.192.168.1.240.sslip.io in 11717 usec\n"
time="2024-05-28T18:37:10.689480817-06:00" level=debug msg="Invoking: gptj-python-lzhfozkltzapbnmdvqdz.default.192.168.1.240.sslip.io:80"
time="2024-05-28T18:37:10.700232176-06:00" level=debug msg="Invoked gptj-python-lzhfozkltzapbnmdvqdz.default.192.168.1.240.sslip.io in 10761 usec\n"
time="2024-05-28T18:37:18.196217723-06:00" level=debug msg="Invoking: cartservice-4mf3mt3nhec7292n4auc.default.192.168.1.240.sslip.io:80"
time="2024-05-28T18:37:18.209018453-06:00" level=debug msg="Invoked cartservice-4mf3mt3nhec7292n4auc.default.192.168.1.240.sslip.io in 12811 usec\n"
time="2024-05-28T18:37:25.701639714-06:00" level=debug msg="Invoking: gptj-python-lzhfozkltzapbnmdvqdz.default.192.168.1.240.sslip.io:80"
time="2024-05-28T18:37:25.713139234-06:00" level=debug msg="Invoked gptj-python-lzhfozkltzapbnmdvqdz.default.192.168.1.240.sslip.io in 11510 usec\n"
time="2024-05-28T18:37:33.205432999-06:00" level=debug msg="Invoking: gptj-python-lzhfozkltzapbnmdvqdz.default.192.168.1.240.sslip.io:80"
time="2024-05-28T18:37:33.217404199-06:00" level=debug msg="Invoked gptj-python-lzhfozkltzapbnmdvqdz.default.192.168.1.240.sslip.io in 11983 usec\n"
time="2024-05-28T18:37:40.710989453-06:00" level=debug msg="Invoking: gptj-python-lzhfozkltzapbnmdvqdz.default.192.168.1.240.sslip.io:80"
time="2024-05-28T18:37:40.72147237-06:00" level=debug msg="Invoked gptj-python-lzhfozkltzapbnmdvqdz.default.192.168.1.240.sslip.io in 10492 usec\n"
time="2024-05-28T18:37:48.178842547-06:00" level=debug msg="Minute: 7"
time="2024-05-28T18:37:48.178940412-06:00" level=debug msg="Number of Invocations this iteration: 8"
time="2024-05-28T18:37:48.179026178-06:00" level=debug msg="Invoking: cartservice-4mf3mt3nhec7292n4auc.default.192.168.1.240.sslip.io:80"
time="2024-05-28T18:37:48.195141679-06:00" level=debug msg="Invoked cartservice-4mf3mt3nhec7292n4auc.default.192.168.1.240.sslip.io in 16108 usec\n"
time="2024-05-28T18:37:55.68568208-06:00" level=debug msg="Invoking: gptj-python-lzhfozkltzapbnmdvqdz.default.192.168.1.240.sslip.io:80"
time="2024-05-28T18:37:55.697849642-06:00" level=debug msg="Invoked gptj-python-lzhfozkltzapbnmdvqdz.default.192.168.1.240.sslip.io in 12170 usec\n"
time="2024-05-28T18:38:03.189543614-06:00" level=debug msg="Invoking: gptj-python-lzhfozkltzapbnmdvqdz.default.192.168.1.240.sslip.io:80"
time="2024-05-28T18:38:03.20074956-06:00" level=debug msg="Invoked gptj-python-lzhfozkltzapbnmdvqdz.default.192.168.1.240.sslip.io in 11217 usec\n"
time="2024-05-28T18:38:10.693542978-06:00" level=debug msg="Invoking: gptj-python-lzhfozkltzapbnmdvqdz.default.192.168.1.240.sslip.io:80"
time="2024-05-28T18:38:10.703447745-06:00" level=debug msg="Invoked gptj-python-lzhfozkltzapbnmdvqdz.default.192.168.1.240.sslip.io in 9913 usec\n"
time="2024-05-28T18:38:18.197498465-06:00" level=debug msg="Invoking: cartservice-4mf3mt3nhec7292n4auc.default.192.168.1.240.sslip.io:80"
time="2024-05-28T18:38:18.209172078-06:00" level=debug msg="Invoked cartservice-4mf3mt3nhec7292n4auc.default.192.168.1.240.sslip.io in 11683 usec\n"
time="2024-05-28T18:38:25.701459724-06:00" level=debug msg="Invoking: gptj-python-lzhfozkltzapbnmdvqdz.default.192.168.1.240.sslip.io:80"
time="2024-05-28T18:38:25.711823667-06:00" level=debug msg="Invoked gptj-python-lzhfozkltzapbnmdvqdz.default.192.168.1.240.sslip.io in 10372 usec\n"
time="2024-05-28T18:38:33.205514173-06:00" level=debug msg="Invoking: gptj-python-lzhfozkltzapbnmdvqdz.default.192.168.1.240.sslip.io:80"
time="2024-05-28T18:38:33.216302715-06:00" level=debug msg="Invoked gptj-python-lzhfozkltzapbnmdvqdz.default.192.168.1.240.sslip.io in 10801 usec\n"
time="2024-05-28T18:38:40.710999963-06:00" level=debug msg="Invoking: gptj-python-lzhfozkltzapbnmdvqdz.default.192.168.1.240.sslip.io:80"
time="2024-05-28T18:38:40.721406029-06:00" level=debug msg="Invoked gptj-python-lzhfozkltzapbnmdvqdz.default.192.168.1.240.sslip.io in 10416 usec\n"
time="2024-05-28T18:38:48.178749053-06:00" level=debug msg="Minute: 8"
time="2024-05-28T18:38:48.178883426-06:00" level=debug msg="Number of Invocations this iteration: 8"
time="2024-05-28T18:38:48.178970124-06:00" level=debug msg="Invoking: cartservice-4mf3mt3nhec7292n4auc.default.192.168.1.240.sslip.io:80"
time="2024-05-28T18:38:48.191732675-06:00" level=debug msg="Invoked cartservice-4mf3mt3nhec7292n4auc.default.192.168.1.240.sslip.io in 12761 usec\n"
time="2024-05-28T18:38:55.679949329-06:00" level=debug msg="Invoking: gptj-python-lzhfozkltzapbnmdvqdz.default.192.168.1.240.sslip.io:80"
time="2024-05-28T18:38:55.690823805-06:00" level=debug msg="Invoked gptj-python-lzhfozkltzapbnmdvqdz.default.192.168.1.240.sslip.io in 10882 usec\n"
time="2024-05-28T18:39:03.18552604-06:00" level=debug msg="Invoking: gptj-python-lzhfozkltzapbnmdvqdz.default.192.168.1.240.sslip.io:80"
time="2024-05-28T18:39:03.196193129-06:00" level=debug msg="Invoked gptj-python-lzhfozkltzapbnmdvqdz.default.192.168.1.240.sslip.io in 10677 usec\n"
time="2024-05-28T18:39:10.689518839-06:00" level=debug msg="Invoking: gptj-python-lzhfozkltzapbnmdvqdz.default.192.168.1.240.sslip.io:80"
time="2024-05-28T18:39:10.699687297-06:00" level=debug msg="Invoked gptj-python-lzhfozkltzapbnmdvqdz.default.192.168.1.240.sslip.io in 10180 usec\n"
time="2024-05-28T18:39:18.193499267-06:00" level=debug msg="Invoking: cartservice-4mf3mt3nhec7292n4auc.default.192.168.1.240.sslip.io:80"
time="2024-05-28T18:39:18.2068173-06:00" level=debug msg="Invoked cartservice-4mf3mt3nhec7292n4auc.default.192.168.1.240.sslip.io in 13327 usec\n"
time="2024-05-28T18:39:25.697481216-06:00" level=debug msg="Invoking: gptj-python-lzhfozkltzapbnmdvqdz.default.192.168.1.240.sslip.io:80"
time="2024-05-28T18:39:25.70788973-06:00" level=debug msg="Invoked gptj-python-lzhfozkltzapbnmdvqdz.default.192.168.1.240.sslip.io in 10418 usec\n"
time="2024-05-28T18:39:33.201430326-06:00" level=debug msg="Invoking: gptj-python-lzhfozkltzapbnmdvqdz.default.192.168.1.240.sslip.io:80"
time="2024-05-28T18:39:33.212276267-06:00" level=debug msg="Invoked gptj-python-lzhfozkltzapbnmdvqdz.default.192.168.1.240.sslip.io in 10855 usec\n"
time="2024-05-28T18:39:40.7057316-06:00" level=debug msg="Invoking: gptj-python-lzhfozkltzapbnmdvqdz.default.192.168.1.240.sslip.io:80"
time="2024-05-28T18:39:40.716130616-06:00" level=debug msg="Invoked gptj-python-lzhfozkltzapbnmdvqdz.default.192.168.1.240.sslip.io in 10413 usec\n"
time="2024-05-28T18:39:48.177487234-06:00" level=debug msg="Minute: 9"
time="2024-05-28T18:39:48.177581142-06:00" level=debug msg="Number of Invocations this iteration: 8"
time="2024-05-28T18:39:48.177682391-06:00" level=debug msg="Invoking: cartservice-4mf3mt3nhec7292n4auc.default.192.168.1.240.sslip.io:80"
time="2024-05-28T18:39:48.192463313-06:00" level=debug msg="Invoked cartservice-4mf3mt3nhec7292n4auc.default.192.168.1.240.sslip.io in 14785 usec\n"
time="2024-05-28T18:39:55.679146444-06:00" level=debug msg="Invoking: gptj-python-lzhfozkltzapbnmdvqdz.default.192.168.1.240.sslip.io:80"
time="2024-05-28T18:39:55.688446059-06:00" level=debug msg="Invoked gptj-python-lzhfozkltzapbnmdvqdz.default.192.168.1.240.sslip.io in 10017 usec\n"
time="2024-05-28T18:40:03.18553057-06:00" level=debug msg="Invoking: gptj-python-lzhfozkltzapbnmdvqdz.default.192.168.1.240.sslip.io:80"
time="2024-05-28T18:40:03.196143307-06:00" level=debug msg="Invoked gptj-python-lzhfozkltzapbnmdvqdz.default.192.168.1.240.sslip.io in 10623 usec\n"
time="2024-05-28T18:40:10.69019259-06:00" level=debug msg="Invoking: gptj-python-lzhfozkltzapbnmdvqdz.default.192.168.1.240.sslip.io:80"
time="2024-05-28T18:40:10.700534582-06:00" level=debug msg="Invoked gptj-python-lzhfozkltzapbnmdvqdz.default.192.168.1.240.sslip.io in 10353 usec\n"
time="2024-05-28T18:40:18.193168734-06:00" level=debug msg="Invoking: cartservice-4mf3mt3nhec7292n4auc.default.192.168.1.240.sslip.io:80"
time="2024-05-28T18:40:18.205794138-06:00" level=debug msg="Invoked cartservice-4mf3mt3nhec7292n4auc.default.192.168.1.240.sslip.io in 12633 usec\n"
time="2024-05-28T18:40:25.697546992-06:00" level=debug msg="Invoking: gptj-python-lzhfozkltzapbnmdvqdz.default.192.168.1.240.sslip.io:80"
time="2024-05-28T18:40:25.707932109-06:00" level=debug msg="Invoked gptj-python-lzhfozkltzapbnmdvqdz.default.192.168.1.240.sslip.io in 10426 usec\n"
time="2024-05-28T18:40:33.201442388-06:00" level=debug msg="Invoking: gptj-python-lzhfozkltzapbnmdvqdz.default.192.168.1.240.sslip.io:80"
time="2024-05-28T18:40:33.212199846-06:00" level=debug msg="Invoked gptj-python-lzhfozkltzapbnmdvqdz.default.192.168.1.240.sslip.io in 10768 usec\n"
time="2024-05-28T18:40:40.707822069-06:00" level=debug msg="Invoking: gptj-python-lzhfozkltzapbnmdvqdz.default.192.168.1.240.sslip.io:80"
time="2024-05-28T18:40:40.718321953-06:00" level=debug msg="Invoked gptj-python-lzhfozkltzapbnmdvqdz.default.192.168.1.240.sslip.io in 10508 usec\n"
time="2024-05-28T18:40:48.177470016-06:00" level=debug msg="Minute: 10"
time="2024-05-28T18:40:48.177612167-06:00" level=debug msg="Number of Invocations this iteration: 8"
time="2024-05-28T18:40:48.177686507-06:00" level=debug msg="Invoking: rnn-serving-python-10-10-onhziiug1s82ooyds1gs.default.192.168.1.240.sslip.io:80"
time="2024-05-28T18:40:55.143397493-06:00" level=debug msg="Invoked rnn-serving-python-10-10-onhziiug1s82ooyds1gs.default.192.168.1.240.sslip.io in 6965710 usec\n"
time="2024-05-28T18:40:55.678529191-06:00" level=debug msg="Invoking: gptj-python-lzhfozkltzapbnmdvqdz.default.192.168.1.240.sslip.io:80"
time="2024-05-28T18:40:55.688902212-06:00" level=debug msg="Invoked gptj-python-lzhfozkltzapbnmdvqdz.default.192.168.1.240.sslip.io in 10395 usec\n"
time="2024-05-28T18:41:03.183079848-06:00" level=debug msg="Invoking: gptj-python-lzhfozkltzapbnmdvqdz.default.192.168.1.240.sslip.io:80"
time="2024-05-28T18:41:03.193198541-06:00" level=debug msg="Invoked gptj-python-lzhfozkltzapbnmdvqdz.default.192.168.1.240.sslip.io in 10130 usec\n"
time="2024-05-28T18:41:10.689488396-06:00" level=debug msg="Invoking: gptj-python-lzhfozkltzapbnmdvqdz.default.192.168.1.240.sslip.io:80"
time="2024-05-28T18:41:10.699837535-06:00" level=debug msg="Invoked gptj-python-lzhfozkltzapbnmdvqdz.default.192.168.1.240.sslip.io in 10360 usec\n"
time="2024-05-28T18:41:18.19625544-06:00" level=debug msg="Invoking: cartservice-4mf3mt3nhec7292n4auc.default.192.168.1.240.sslip.io:80"
time="2024-05-28T18:41:18.20817277-06:00" level=debug msg="Invoked cartservice-4mf3mt3nhec7292n4auc.default.192.168.1.240.sslip.io in 11922 usec\n"
time="2024-05-28T18:41:25.701542929-06:00" level=debug msg="Invoking: gptj-python-lzhfozkltzapbnmdvqdz.default.192.168.1.240.sslip.io:80"
time="2024-05-28T18:41:25.711722974-06:00" level=debug msg="Invoked gptj-python-lzhfozkltzapbnmdvqdz.default.192.168.1.240.sslip.io in 10191 usec\n"
time="2024-05-28T18:41:33.205484326-06:00" level=debug msg="Invoking: gptj-python-lzhfozkltzapbnmdvqdz.default.192.168.1.240.sslip.io:80"
time="2024-05-28T18:41:33.217834931-06:00" level=debug msg="Invoked gptj-python-lzhfozkltzapbnmdvqdz.default.192.168.1.240.sslip.io in 12387 usec\n"
time="2024-05-28T18:41:40.709524355-06:00" level=debug msg="Invoking: gptj-python-lzhfozkltzapbnmdvqdz.default.192.168.1.240.sslip.io:80"
time="2024-05-28T18:41:40.719942916-06:00" level=debug msg="Invoked gptj-python-lzhfozkltzapbnmdvqdz.default.192.168.1.240.sslip.io in 10453 usec\n"
time="2024-05-28T18:41:48.178843364-06:00" level=debug msg="Minute: 11"
time="2024-05-28T18:41:48.178940676-06:00" level=debug msg="Number of Invocations this iteration: 8"
time="2024-05-28T18:41:48.179025309-06:00" level=debug msg="Invoking: image-rotate-go-6-c2ml8qo1z2f9u8lrxdof.default.192.168.1.240.sslip.io:80"
time="2024-05-28T18:41:55.680276388-06:00" level=debug msg="Invoking: gptj-python-lzhfozkltzapbnmdvqdz.default.192.168.1.240.sslip.io:80"
time="2024-05-28T18:41:55.688974976-06:00" level=debug msg="Invoked gptj-python-lzhfozkltzapbnmdvqdz.default.192.168.1.240.sslip.io in 8885 usec\n"
time="2024-05-28T18:42:00.401626583-06:00" level=debug msg="Invoked image-rotate-go-6-c2ml8qo1z2f9u8lrxdof.default.192.168.1.240.sslip.io in 12222601 usec\n"
time="2024-05-28T18:42:03.182403302-06:00" level=debug msg="Invoking: gptj-python-lzhfozkltzapbnmdvqdz.default.192.168.1.240.sslip.io:80"
time="2024-05-28T18:42:03.1921787-06:00" level=debug msg="Invoked gptj-python-lzhfozkltzapbnmdvqdz.default.192.168.1.240.sslip.io in 9789 usec\n"
time="2024-05-28T18:42:10.689440161-06:00" level=debug msg="Invoking: gptj-python-lzhfozkltzapbnmdvqdz.default.192.168.1.240.sslip.io:80"
time="2024-05-28T18:42:10.70020773-06:00" level=debug msg="Invoked gptj-python-lzhfozkltzapbnmdvqdz.default.192.168.1.240.sslip.io in 10778 usec\n"
time="2024-05-28T18:42:18.196239853-06:00" level=debug msg="Invoking: cartservice-4mf3mt3nhec7292n4auc.default.192.168.1.240.sslip.io:80"
time="2024-05-28T18:42:18.20833794-06:00" level=debug msg="Invoked cartservice-4mf3mt3nhec7292n4auc.default.192.168.1.240.sslip.io in 12110 usec\n"
time="2024-05-28T18:42:25.701542142-06:00" level=debug msg="Invoking: gptj-python-lzhfozkltzapbnmdvqdz.default.192.168.1.240.sslip.io:80"
time="2024-05-28T18:42:25.711294451-06:00" level=debug msg="Invoked gptj-python-lzhfozkltzapbnmdvqdz.default.192.168.1.240.sslip.io in 9760 usec\n"
time="2024-05-28T18:42:33.209055984-06:00" level=debug msg="Invoking: gptj-python-lzhfozkltzapbnmdvqdz.default.192.168.1.240.sslip.io:80"
time="2024-05-28T18:42:33.2190597-06:00" level=debug msg="Invoked gptj-python-lzhfozkltzapbnmdvqdz.default.192.168.1.240.sslip.io in 10013 usec\n"
time="2024-05-28T18:42:40.714431052-06:00" level=debug msg="Invoking: gptj-python-lzhfozkltzapbnmdvqdz.default.192.168.1.240.sslip.io:80"
time="2024-05-28T18:42:40.722981185-06:00" level=debug msg="Invoked gptj-python-lzhfozkltzapbnmdvqdz.default.192.168.1.240.sslip.io in 8557 usec\n"
time="2024-05-28T18:42:48.177418547-06:00" level=debug msg="Minute: 12"
time="2024-05-28T18:42:48.177564126-06:00" level=debug msg="Number of Invocations this iteration: 8"
time="2024-05-28T18:42:48.177666586-06:00" level=debug msg="Invoking: cartservice-4mf3mt3nhec7292n4auc.default.192.168.1.240.sslip.io:80"
time="2024-05-28T18:42:48.241992607-06:00" level=debug msg="Invoked cartservice-4mf3mt3nhec7292n4auc.default.192.168.1.240.sslip.io in 64343 usec\n"
time="2024-05-28T18:42:55.681464725-06:00" level=debug msg="Invoking: gptj-python-lzhfozkltzapbnmdvqdz.default.192.168.1.240.sslip.io:80"
time="2024-05-28T18:42:55.741644946-06:00" level=debug msg="Invoked gptj-python-lzhfozkltzapbnmdvqdz.default.192.168.1.240.sslip.io in 60194 usec\n"
time="2024-05-28T18:43:03.185538597-06:00" level=debug msg="Invoking: gptj-python-lzhfozkltzapbnmdvqdz.default.192.168.1.240.sslip.io:80"
time="2024-05-28T18:43:03.196086483-06:00" level=debug msg="Invoked gptj-python-lzhfozkltzapbnmdvqdz.default.192.168.1.240.sslip.io in 10560 usec\n"
time="2024-05-28T18:43:10.689500816-06:00" level=debug msg="Invoking: gptj-python-lzhfozkltzapbnmdvqdz.default.192.168.1.240.sslip.io:80"
time="2024-05-28T18:43:10.699549858-06:00" level=debug msg="Invoked gptj-python-lzhfozkltzapbnmdvqdz.default.192.168.1.240.sslip.io in 10062 usec\n"
time="2024-05-28T18:43:18.193564449-06:00" level=debug msg="Invoking: cartservice-4mf3mt3nhec7292n4auc.default.192.168.1.240.sslip.io:80"
time="2024-05-28T18:43:18.205277433-06:00" level=debug msg="Invoked cartservice-4mf3mt3nhec7292n4auc.default.192.168.1.240.sslip.io in 11723 usec\n"
time="2024-05-28T18:43:25.697507811-06:00" level=debug msg="Invoking: gptj-python-lzhfozkltzapbnmdvqdz.default.192.168.1.240.sslip.io:80"
time="2024-05-28T18:43:25.707843679-06:00" level=debug msg="Invoked gptj-python-lzhfozkltzapbnmdvqdz.default.192.168.1.240.sslip.io in 10345 usec\n"
time="2024-05-28T18:43:33.201438529-06:00" level=debug msg="Invoking: gptj-python-lzhfozkltzapbnmdvqdz.default.192.168.1.240.sslip.io:80"
time="2024-05-28T18:43:33.211141763-06:00" level=debug msg="Invoked gptj-python-lzhfozkltzapbnmdvqdz.default.192.168.1.240.sslip.io in 9716 usec\n"
time="2024-05-28T18:43:40.705449867-06:00" level=debug msg="Invoking: gptj-python-lzhfozkltzapbnmdvqdz.default.192.168.1.240.sslip.io:80"
time="2024-05-28T18:43:40.717038746-06:00" level=debug msg="Invoked gptj-python-lzhfozkltzapbnmdvqdz.default.192.168.1.240.sslip.io in 11599 usec\n"
time="2024-05-28T18:43:48.177481068-06:00" level=debug msg="Minute: 13"
time="2024-05-28T18:43:48.177585527-06:00" level=debug msg="Number of Invocations this iteration: 8"
time="2024-05-28T18:43:48.17768211-06:00" level=debug msg="Invoking: cartservice-4mf3mt3nhec7292n4auc.default.192.168.1.240.sslip.io:80"
time="2024-05-28T18:43:48.190053853-06:00" level=debug msg="Invoked cartservice-4mf3mt3nhec7292n4auc.default.192.168.1.240.sslip.io in 12369 usec\n"
time="2024-05-28T18:43:55.681245762-06:00" level=debug msg="Invoking: gptj-python-lzhfozkltzapbnmdvqdz.default.192.168.1.240.sslip.io:80"
time="2024-05-28T18:43:55.692606272-06:00" level=debug msg="Invoked gptj-python-lzhfozkltzapbnmdvqdz.default.192.168.1.240.sslip.io in 11466 usec\n"
time="2024-05-28T18:44:03.185519219-06:00" level=debug msg="Invoking: gptj-python-lzhfozkltzapbnmdvqdz.default.192.168.1.240.sslip.io:80"
time="2024-05-28T18:44:03.195948066-06:00" level=debug msg="Invoked gptj-python-lzhfozkltzapbnmdvqdz.default.192.168.1.240.sslip.io in 10440 usec\n"
time="2024-05-28T18:44:10.689453719-06:00" level=debug msg="Invoking: gptj-python-lzhfozkltzapbnmdvqdz.default.192.168.1.240.sslip.io:80"
time="2024-05-28T18:44:10.700193216-06:00" level=debug msg="Invoked gptj-python-lzhfozkltzapbnmdvqdz.default.192.168.1.240.sslip.io in 10747 usec\n"
time="2024-05-28T18:44:18.193432087-06:00" level=debug msg="Invoking: cartservice-4mf3mt3nhec7292n4auc.default.192.168.1.240.sslip.io:80"
time="2024-05-28T18:44:18.20500124-06:00" level=debug msg="Invoked cartservice-4mf3mt3nhec7292n4auc.default.192.168.1.240.sslip.io in 11580 usec\n"
time="2024-05-28T18:44:25.697495767-06:00" level=debug msg="Invoking: gptj-python-lzhfozkltzapbnmdvqdz.default.192.168.1.240.sslip.io:80"
time="2024-05-28T18:44:25.707678038-06:00" level=debug msg="Invoked gptj-python-lzhfozkltzapbnmdvqdz.default.192.168.1.240.sslip.io in 10193 usec\n"
time="2024-05-28T18:44:33.201774092-06:00" level=debug msg="Invoking: gptj-python-lzhfozkltzapbnmdvqdz.default.192.168.1.240.sslip.io:80"
time="2024-05-28T18:44:33.212002847-06:00" level=debug msg="Invoked gptj-python-lzhfozkltzapbnmdvqdz.default.192.168.1.240.sslip.io in 10238 usec\n"
time="2024-05-28T18:44:40.706266564-06:00" level=debug msg="Invoking: gptj-python-lzhfozkltzapbnmdvqdz.default.192.168.1.240.sslip.io:80"
time="2024-05-28T18:44:40.71588839-06:00" level=debug msg="Invoked gptj-python-lzhfozkltzapbnmdvqdz.default.192.168.1.240.sslip.io in 9632 usec\n"
time="2024-05-28T18:44:48.17815489-06:00" level=info msg="Experiment Phase Completed"
time="2024-05-28T18:44:48.178282898-06:00" level=info msg="Issued / completed requests: 112, 112"
time="2024-05-28T18:44:48.178319975-06:00" level=info msg="Average Real RPS: 0.13 "
time="2024-05-28T18:44:48.178346432-06:00" level=info msg="Experiment finished!"
time="2024-05-28T18:44:48.178373824-06:00" level=info msg="The measured latencies are saved in rps_lat.csv"
