time="2024-05-30T01:41:50.728980131-06:00" level=debug msg="Debug logging is enabled"
time="2024-05-30T01:41:50.729136197-06:00" level=info msg="Reading the trace endpoints from the file: /users/ArunAMS/vSwarm/tools/load-generator/load.json"
time="2024-05-30T01:41:50.730374739-06:00" level=info msg="Warmup Duration: 3"
time="2024-05-30T01:41:50.730399932-06:00" level=info msg="Experiment Duration: 11"
time="2024-05-30T01:41:50.730417914-06:00" level=info msg="Minute Granularity: true"
time="2024-05-30T01:42:50.789405688-06:00" level=info msg="Running Warmup Phase"
time="2024-05-30T01:42:50.789480394-06:00" level=debug msg="Minute: 0"
time="2024-05-30T01:42:50.789558514-06:00" level=debug msg="Number of Invocations this iteration: 8"
time="2024-05-30T01:42:50.789663425-06:00" level=debug msg="Invoking: cartservice-qdzirhitu7ygfyldnhj2.default.192.168.1.240.sslip.io:80"
time="2024-05-30T01:42:58.293919275-06:00" level=debug msg="Invoking: gptj-python-ftgrlkdv6won9e11macq.default.192.168.1.240.sslip.io:80"
time="2024-05-30T01:43:05.797552887-06:00" level=debug msg="Invoking: gptj-python-ftgrlkdv6won9e11macq.default.192.168.1.240.sslip.io:80"
time="2024-05-30T01:43:13.302415342-06:00" level=debug msg="Invoking: gptj-python-ftgrlkdv6won9e11macq.default.192.168.1.240.sslip.io:80"
time="2024-05-30T01:43:20.809481179-06:00" level=debug msg="Invoking: cartservice-qdzirhitu7ygfyldnhj2.default.192.168.1.240.sslip.io:80"
time="2024-05-30T01:43:28.313466718-06:00" level=debug msg="Invoking: gptj-python-ftgrlkdv6won9e11macq.default.192.168.1.240.sslip.io:80"
time="2024-05-30T01:43:35.820162358-06:00" level=debug msg="Invoking: gptj-python-ftgrlkdv6won9e11macq.default.192.168.1.240.sslip.io:80"
time="2024-05-30T01:43:43.325508171-06:00" level=debug msg="Invoking: gptj-python-ftgrlkdv6won9e11macq.default.192.168.1.240.sslip.io:80"
time="2024-05-30T01:43:50.737496017-06:00" level=debug msg="Minute: 1"
time="2024-05-30T01:43:50.737594947-06:00" level=debug msg="Number of Invocations this iteration: 8"
time="2024-05-30T01:43:50.737688609-06:00" level=debug msg="Invoking: image-rotate-go-6-e21io0wbip75miym6kuu.default.192.168.1.240.sslip.io:80"
time="2024-05-30T01:43:58.237980988-06:00" level=debug msg="Invoking: gptj-python-ftgrlkdv6won9e11macq.default.192.168.1.240.sslip.io:80"
time="2024-05-30T01:44:05.741491249-06:00" level=debug msg="Invoking: gptj-python-ftgrlkdv6won9e11macq.default.192.168.1.240.sslip.io:80"
time="2024-05-30T01:44:13.248618078-06:00" level=debug msg="Invoking: gptj-python-ftgrlkdv6won9e11macq.default.192.168.1.240.sslip.io:80"
time="2024-05-30T01:44:20.753741643-06:00" level=debug msg="Invoking: cartservice-qdzirhitu7ygfyldnhj2.default.192.168.1.240.sslip.io:80"
time="2024-05-30T01:44:28.253952632-06:00" level=debug msg="Invoking: gptj-python-ftgrlkdv6won9e11macq.default.192.168.1.240.sslip.io:80"
time="2024-05-30T01:44:35.75749055-06:00" level=debug msg="Invoking: gptj-python-ftgrlkdv6won9e11macq.default.192.168.1.240.sslip.io:80"
time="2024-05-30T01:44:43.262094227-06:00" level=debug msg="Invoking: gptj-python-ftgrlkdv6won9e11macq.default.192.168.1.240.sslip.io:80"
time="2024-05-30T01:44:50.734877722-06:00" level=debug msg="Minute: 2"
time="2024-05-30T01:44:50.734958346-06:00" level=debug msg="Number of Invocations this iteration: 8"
time="2024-05-30T01:44:50.735023446-06:00" level=debug msg="Invoking: cartservice-qdzirhitu7ygfyldnhj2.default.192.168.1.240.sslip.io:80"
time="2024-05-30T01:44:58.241927476-06:00" level=debug msg="Invoking: gptj-python-ftgrlkdv6won9e11macq.default.192.168.1.240.sslip.io:80"
time="2024-05-30T01:45:05.747562199-06:00" level=debug msg="Invoking: gptj-python-ftgrlkdv6won9e11macq.default.192.168.1.240.sslip.io:80"
time="2024-05-30T01:45:13.253428906-06:00" level=debug msg="Invoking: gptj-python-ftgrlkdv6won9e11macq.default.192.168.1.240.sslip.io:80"
time="2024-05-30T01:45:20.758205763-06:00" level=debug msg="Invoking: cartservice-qdzirhitu7ygfyldnhj2.default.192.168.1.240.sslip.io:80"
time="2024-05-30T01:45:28.26294034-06:00" level=debug msg="Invoking: gptj-python-ftgrlkdv6won9e11macq.default.192.168.1.240.sslip.io:80"
time="2024-05-30T01:45:35.769471937-06:00" level=debug msg="Invoking: gptj-python-ftgrlkdv6won9e11macq.default.192.168.1.240.sslip.io:80"
time="2024-05-30T01:45:43.273464499-06:00" level=debug msg="Invoking: gptj-python-ftgrlkdv6won9e11macq.default.192.168.1.240.sslip.io:80"
time="2024-05-30T01:45:50.733522627-06:00" level=info msg="Warmup Phase Completed"
time="2024-05-30T01:45:50.733623552-06:00" level=info msg="Running Experiment Phase"
time="2024-05-30T01:45:50.733654004-06:00" level=debug msg="Minute: 3"
time="2024-05-30T01:45:50.733710184-06:00" level=debug msg="Number of Invocations this iteration: 8"
time="2024-05-30T01:45:50.733803505-06:00" level=debug msg="Invoking: cartservice-qdzirhitu7ygfyldnhj2.default.192.168.1.240.sslip.io:80"
time="2024-05-30T01:45:50.746970419-06:00" level=debug msg="Invoked cartservice-qdzirhitu7ygfyldnhj2.default.192.168.1.240.sslip.io in 13162 usec\n"
time="2024-05-30T01:45:58.237506482-06:00" level=debug msg="Invoking: gptj-python-ftgrlkdv6won9e11macq.default.192.168.1.240.sslip.io:80"
time="2024-05-30T01:45:58.248439548-06:00" level=debug msg="Invoked gptj-python-ftgrlkdv6won9e11macq.default.192.168.1.240.sslip.io in 10945 usec\n"
time="2024-05-30T01:46:05.74150981-06:00" level=debug msg="Invoking: gptj-python-ftgrlkdv6won9e11macq.default.192.168.1.240.sslip.io:80"
time="2024-05-30T01:46:05.751987248-06:00" level=debug msg="Invoked gptj-python-ftgrlkdv6won9e11macq.default.192.168.1.240.sslip.io in 10487 usec\n"
time="2024-05-30T01:46:13.245475123-06:00" level=debug msg="Invoking: gptj-python-ftgrlkdv6won9e11macq.default.192.168.1.240.sslip.io:80"
time="2024-05-30T01:46:13.256597721-06:00" level=debug msg="Invoked gptj-python-ftgrlkdv6won9e11macq.default.192.168.1.240.sslip.io in 11132 usec\n"
time="2024-05-30T01:46:20.752927969-06:00" level=debug msg="Invoking: cartservice-qdzirhitu7ygfyldnhj2.default.192.168.1.240.sslip.io:80"
time="2024-05-30T01:46:20.767492149-06:00" level=debug msg="Invoked cartservice-qdzirhitu7ygfyldnhj2.default.192.168.1.240.sslip.io in 14546 usec\n"
time="2024-05-30T01:46:28.257477803-06:00" level=debug msg="Invoking: gptj-python-ftgrlkdv6won9e11macq.default.192.168.1.240.sslip.io:80"
time="2024-05-30T01:46:28.271264809-06:00" level=debug msg="Invoked gptj-python-ftgrlkdv6won9e11macq.default.192.168.1.240.sslip.io in 13795 usec\n"
time="2024-05-30T01:46:35.762951975-06:00" level=debug msg="Invoking: gptj-python-ftgrlkdv6won9e11macq.default.192.168.1.240.sslip.io:80"
time="2024-05-30T01:46:35.774237394-06:00" level=debug msg="Invoked gptj-python-ftgrlkdv6won9e11macq.default.192.168.1.240.sslip.io in 11287 usec\n"
time="2024-05-30T01:46:43.269493491-06:00" level=debug msg="Invoking: gptj-python-ftgrlkdv6won9e11macq.default.192.168.1.240.sslip.io:80"
time="2024-05-30T01:46:43.281381412-06:00" level=debug msg="Invoked gptj-python-ftgrlkdv6won9e11macq.default.192.168.1.240.sslip.io in 11852 usec\n"
time="2024-05-30T01:46:50.737431319-06:00" level=debug msg="Minute: 4"
time="2024-05-30T01:46:50.737529992-06:00" level=debug msg="Number of Invocations this iteration: 8"
time="2024-05-30T01:46:50.737617729-06:00" level=debug msg="Invoking: rnn-serving-python-10-10-jzg9rl769tr9ptfim4mm.default.192.168.1.240.sslip.io:80"
time="2024-05-30T01:46:58.242693803-06:00" level=debug msg="Invoking: gptj-python-ftgrlkdv6won9e11macq.default.192.168.1.240.sslip.io:80"
time="2024-05-30T01:46:58.253726831-06:00" level=debug msg="Invoked gptj-python-ftgrlkdv6won9e11macq.default.192.168.1.240.sslip.io in 11044 usec\n"
time="2024-05-30T01:47:02.01440077-06:00" level=debug msg="Invoked rnn-serving-python-10-10-jzg9rl769tr9ptfim4mm.default.192.168.1.240.sslip.io in 11276783 usec\n"
time="2024-05-30T01:47:05.745480524-06:00" level=debug msg="Invoking: gptj-python-ftgrlkdv6won9e11macq.default.192.168.1.240.sslip.io:80"
time="2024-05-30T01:47:05.756062007-06:00" level=debug msg="Invoked gptj-python-ftgrlkdv6won9e11macq.default.192.168.1.240.sslip.io in 10623 usec\n"
time="2024-05-30T01:47:13.249852207-06:00" level=debug msg="Invoking: gptj-python-ftgrlkdv6won9e11macq.default.192.168.1.240.sslip.io:80"
time="2024-05-30T01:47:13.260232301-06:00" level=debug msg="Invoked gptj-python-ftgrlkdv6won9e11macq.default.192.168.1.240.sslip.io in 10393 usec\n"
time="2024-05-30T01:47:20.75345002-06:00" level=debug msg="Invoking: cartservice-qdzirhitu7ygfyldnhj2.default.192.168.1.240.sslip.io:80"
time="2024-05-30T01:47:26.864079016-06:00" level=debug msg="Invoked cartservice-qdzirhitu7ygfyldnhj2.default.192.168.1.240.sslip.io in 6110637 usec\n"
time="2024-05-30T01:47:28.254640772-06:00" level=debug msg="Invoking: gptj-python-ftgrlkdv6won9e11macq.default.192.168.1.240.sslip.io:80"
time="2024-05-30T01:47:28.265647283-06:00" level=debug msg="Invoked gptj-python-ftgrlkdv6won9e11macq.default.192.168.1.240.sslip.io in 11045 usec\n"
time="2024-05-30T01:47:35.761464586-06:00" level=debug msg="Invoking: gptj-python-ftgrlkdv6won9e11macq.default.192.168.1.240.sslip.io:80"
time="2024-05-30T01:47:35.772352638-06:00" level=debug msg="Invoked gptj-python-ftgrlkdv6won9e11macq.default.192.168.1.240.sslip.io in 10898 usec\n"
time="2024-05-30T01:47:43.265501167-06:00" level=debug msg="Invoking: gptj-python-ftgrlkdv6won9e11macq.default.192.168.1.240.sslip.io:80"
time="2024-05-30T01:47:43.278280014-06:00" level=debug msg="Invoked gptj-python-ftgrlkdv6won9e11macq.default.192.168.1.240.sslip.io in 12788 usec\n"
time="2024-05-30T01:47:50.737498181-06:00" level=debug msg="Minute: 5"
time="2024-05-30T01:47:50.737623481-06:00" level=debug msg="Number of Invocations this iteration: 8"
time="2024-05-30T01:47:50.73772157-06:00" level=debug msg="Invoking: cartservice-qdzirhitu7ygfyldnhj2.default.192.168.1.240.sslip.io:80"
time="2024-05-30T01:47:50.76570646-06:00" level=debug msg="Invoked cartservice-qdzirhitu7ygfyldnhj2.default.192.168.1.240.sslip.io in 27977 usec\n"
time="2024-05-30T01:47:58.24150275-06:00" level=debug msg="Invoking: gptj-python-ftgrlkdv6won9e11macq.default.192.168.1.240.sslip.io:80"
time="2024-05-30T01:47:58.252660386-06:00" level=debug msg="Invoked gptj-python-ftgrlkdv6won9e11macq.default.192.168.1.240.sslip.io in 11168 usec\n"
time="2024-05-30T01:48:05.748965137-06:00" level=debug msg="Invoking: gptj-python-ftgrlkdv6won9e11macq.default.192.168.1.240.sslip.io:80"
time="2024-05-30T01:48:05.759635393-06:00" level=debug msg="Invoked gptj-python-ftgrlkdv6won9e11macq.default.192.168.1.240.sslip.io in 10680 usec\n"
time="2024-05-30T01:48:13.2536856-06:00" level=debug msg="Invoking: gptj-python-ftgrlkdv6won9e11macq.default.192.168.1.240.sslip.io:80"
time="2024-05-30T01:48:13.264811774-06:00" level=debug msg="Invoked gptj-python-ftgrlkdv6won9e11macq.default.192.168.1.240.sslip.io in 11136 usec\n"
time="2024-05-30T01:48:20.757453563-06:00" level=debug msg="Invoking: cartservice-qdzirhitu7ygfyldnhj2.default.192.168.1.240.sslip.io:80"
time="2024-05-30T01:48:20.773970758-06:00" level=debug msg="Invoked cartservice-qdzirhitu7ygfyldnhj2.default.192.168.1.240.sslip.io in 16541 usec\n"
time="2024-05-30T01:48:28.257687568-06:00" level=debug msg="Invoking: gptj-python-ftgrlkdv6won9e11macq.default.192.168.1.240.sslip.io:80"
time="2024-05-30T01:48:28.267831641-06:00" level=debug msg="Invoked gptj-python-ftgrlkdv6won9e11macq.default.192.168.1.240.sslip.io in 10186 usec\n"
time="2024-05-30T01:48:35.761477859-06:00" level=debug msg="Invoking: gptj-python-ftgrlkdv6won9e11macq.default.192.168.1.240.sslip.io:80"
time="2024-05-30T01:48:35.772066335-06:00" level=debug msg="Invoked gptj-python-ftgrlkdv6won9e11macq.default.192.168.1.240.sslip.io in 10596 usec\n"
time="2024-05-30T01:48:43.265476877-06:00" level=debug msg="Invoking: gptj-python-ftgrlkdv6won9e11macq.default.192.168.1.240.sslip.io:80"
time="2024-05-30T01:48:43.276373494-06:00" level=debug msg="Invoked gptj-python-ftgrlkdv6won9e11macq.default.192.168.1.240.sslip.io in 10906 usec\n"
time="2024-05-30T01:48:50.732825618-06:00" level=debug msg="Minute: 6"
time="2024-05-30T01:48:50.732951108-06:00" level=debug msg="Number of Invocations this iteration: 8"
time="2024-05-30T01:48:50.733032938-06:00" level=debug msg="Invoking: image-rotate-go-6-e21io0wbip75miym6kuu.default.192.168.1.240.sslip.io:80"
time="2024-05-30T01:48:58.237482776-06:00" level=debug msg="Invoking: gptj-python-ftgrlkdv6won9e11macq.default.192.168.1.240.sslip.io:80"
time="2024-05-30T01:48:58.24821954-06:00" level=debug msg="Invoked gptj-python-ftgrlkdv6won9e11macq.default.192.168.1.240.sslip.io in 10746 usec\n"
time="2024-05-30T01:49:03.43283166-06:00" level=debug msg="Invoked image-rotate-go-6-e21io0wbip75miym6kuu.default.192.168.1.240.sslip.io in 12699797 usec\n"
time="2024-05-30T01:49:05.738530538-06:00" level=debug msg="Invoking: gptj-python-ftgrlkdv6won9e11macq.default.192.168.1.240.sslip.io:80"
time="2024-05-30T01:49:05.748820531-06:00" level=debug msg="Invoked gptj-python-ftgrlkdv6won9e11macq.default.192.168.1.240.sslip.io in 10303 usec\n"
time="2024-05-30T01:49:13.241652425-06:00" level=debug msg="Invoking: gptj-python-ftgrlkdv6won9e11macq.default.192.168.1.240.sslip.io:80"
time="2024-05-30T01:49:13.255250476-06:00" level=debug msg="Invoked gptj-python-ftgrlkdv6won9e11macq.default.192.168.1.240.sslip.io in 13610 usec\n"
time="2024-05-30T01:49:20.746154348-06:00" level=debug msg="Invoking: cartservice-qdzirhitu7ygfyldnhj2.default.192.168.1.240.sslip.io:80"
time="2024-05-30T01:49:26.947674447-06:00" level=debug msg="Invoked cartservice-qdzirhitu7ygfyldnhj2.default.192.168.1.240.sslip.io in 6201530 usec\n"
time="2024-05-30T01:49:28.24688791-06:00" level=debug msg="Invoking: gptj-python-ftgrlkdv6won9e11macq.default.192.168.1.240.sslip.io:80"
time="2024-05-30T01:49:28.258069308-06:00" level=debug msg="Invoked gptj-python-ftgrlkdv6won9e11macq.default.192.168.1.240.sslip.io in 11198 usec\n"
time="2024-05-30T01:49:35.753501094-06:00" level=debug msg="Invoking: gptj-python-ftgrlkdv6won9e11macq.default.192.168.1.240.sslip.io:80"
time="2024-05-30T01:49:35.766516553-06:00" level=debug msg="Invoked gptj-python-ftgrlkdv6won9e11macq.default.192.168.1.240.sslip.io in 13033 usec\n"
time="2024-05-30T01:49:43.260870419-06:00" level=debug msg="Invoking: gptj-python-ftgrlkdv6won9e11macq.default.192.168.1.240.sslip.io:80"
time="2024-05-30T01:49:43.27221902-06:00" level=debug msg="Invoked gptj-python-ftgrlkdv6won9e11macq.default.192.168.1.240.sslip.io in 11361 usec\n"
time="2024-05-30T01:49:50.733893429-06:00" level=debug msg="Minute: 7"
time="2024-05-30T01:49:50.734017915-06:00" level=debug msg="Number of Invocations this iteration: 8"
time="2024-05-30T01:49:50.734121063-06:00" level=debug msg="Invoking: cartservice-qdzirhitu7ygfyldnhj2.default.192.168.1.240.sslip.io:80"
time="2024-05-30T01:49:50.760982426-06:00" level=debug msg="Invoked cartservice-qdzirhitu7ygfyldnhj2.default.192.168.1.240.sslip.io in 26859 usec\n"
time="2024-05-30T01:49:58.237496282-06:00" level=debug msg="Invoking: gptj-python-ftgrlkdv6won9e11macq.default.192.168.1.240.sslip.io:80"
time="2024-05-30T01:49:58.249120487-06:00" level=debug msg="Invoked gptj-python-ftgrlkdv6won9e11macq.default.192.168.1.240.sslip.io in 11635 usec\n"
time="2024-05-30T01:50:05.741832907-06:00" level=debug msg="Invoking: gptj-python-ftgrlkdv6won9e11macq.default.192.168.1.240.sslip.io:80"
time="2024-05-30T01:50:05.752864904-06:00" level=debug msg="Invoked gptj-python-ftgrlkdv6won9e11macq.default.192.168.1.240.sslip.io in 11080 usec\n"
time="2024-05-30T01:50:13.245451823-06:00" level=debug msg="Invoking: gptj-python-ftgrlkdv6won9e11macq.default.192.168.1.240.sslip.io:80"
time="2024-05-30T01:50:13.255851145-06:00" level=debug msg="Invoked gptj-python-ftgrlkdv6won9e11macq.default.192.168.1.240.sslip.io in 10410 usec\n"
time="2024-05-30T01:50:20.749549624-06:00" level=debug msg="Invoking: cartservice-qdzirhitu7ygfyldnhj2.default.192.168.1.240.sslip.io:80"
time="2024-05-30T01:50:20.763705507-06:00" level=debug msg="Invoked cartservice-qdzirhitu7ygfyldnhj2.default.192.168.1.240.sslip.io in 14170 usec\n"
time="2024-05-30T01:50:28.250486924-06:00" level=debug msg="Invoking: gptj-python-ftgrlkdv6won9e11macq.default.192.168.1.240.sslip.io:80"
time="2024-05-30T01:50:28.261883143-06:00" level=debug msg="Invoked gptj-python-ftgrlkdv6won9e11macq.default.192.168.1.240.sslip.io in 11472 usec\n"
time="2024-05-30T01:50:35.753944639-06:00" level=debug msg="Invoking: gptj-python-ftgrlkdv6won9e11macq.default.192.168.1.240.sslip.io:80"
time="2024-05-30T01:50:35.764121688-06:00" level=debug msg="Invoked gptj-python-ftgrlkdv6won9e11macq.default.192.168.1.240.sslip.io in 10184 usec\n"
time="2024-05-30T01:50:43.257515826-06:00" level=debug msg="Invoking: gptj-python-ftgrlkdv6won9e11macq.default.192.168.1.240.sslip.io:80"
time="2024-05-30T01:50:43.267768791-06:00" level=debug msg="Invoked gptj-python-ftgrlkdv6won9e11macq.default.192.168.1.240.sslip.io in 10264 usec\n"
time="2024-05-30T01:50:50.733486714-06:00" level=debug msg="Minute: 8"
time="2024-05-30T01:50:50.733624374-06:00" level=debug msg="Number of Invocations this iteration: 8"
time="2024-05-30T01:50:50.73368553-06:00" level=debug msg="Invoking: cartservice-qdzirhitu7ygfyldnhj2.default.192.168.1.240.sslip.io:80"
time="2024-05-30T01:50:50.748765313-06:00" level=debug msg="Invoked cartservice-qdzirhitu7ygfyldnhj2.default.192.168.1.240.sslip.io in 15074 usec\n"
time="2024-05-30T01:50:58.237579114-06:00" level=debug msg="Invoking: gptj-python-ftgrlkdv6won9e11macq.default.192.168.1.240.sslip.io:80"
time="2024-05-30T01:50:58.247830098-06:00" level=debug msg="Invoked gptj-python-ftgrlkdv6won9e11macq.default.192.168.1.240.sslip.io in 10263 usec\n"
time="2024-05-30T01:51:05.741532951-06:00" level=debug msg="Invoking: gptj-python-ftgrlkdv6won9e11macq.default.192.168.1.240.sslip.io:80"
time="2024-05-30T01:51:05.751481307-06:00" level=debug msg="Invoked gptj-python-ftgrlkdv6won9e11macq.default.192.168.1.240.sslip.io in 9959 usec\n"
time="2024-05-30T01:51:13.245531855-06:00" level=debug msg="Invoking: gptj-python-ftgrlkdv6won9e11macq.default.192.168.1.240.sslip.io:80"
time="2024-05-30T01:51:13.255739789-06:00" level=debug msg="Invoked gptj-python-ftgrlkdv6won9e11macq.default.192.168.1.240.sslip.io in 10219 usec\n"
time="2024-05-30T01:51:20.749424395-06:00" level=debug msg="Invoking: cartservice-qdzirhitu7ygfyldnhj2.default.192.168.1.240.sslip.io:80"
time="2024-05-30T01:51:20.763994981-06:00" level=debug msg="Invoked cartservice-qdzirhitu7ygfyldnhj2.default.192.168.1.240.sslip.io in 14581 usec\n"
time="2024-05-30T01:51:28.253456728-06:00" level=debug msg="Invoking: gptj-python-ftgrlkdv6won9e11macq.default.192.168.1.240.sslip.io:80"
time="2024-05-30T01:51:28.264598356-06:00" level=debug msg="Invoked gptj-python-ftgrlkdv6won9e11macq.default.192.168.1.240.sslip.io in 11152 usec\n"
time="2024-05-30T01:51:35.757525859-06:00" level=debug msg="Invoking: gptj-python-ftgrlkdv6won9e11macq.default.192.168.1.240.sslip.io:80"
time="2024-05-30T01:51:35.76775374-06:00" level=debug msg="Invoked gptj-python-ftgrlkdv6won9e11macq.default.192.168.1.240.sslip.io in 10240 usec\n"
time="2024-05-30T01:51:43.264142803-06:00" level=debug msg="Invoking: gptj-python-ftgrlkdv6won9e11macq.default.192.168.1.240.sslip.io:80"
time="2024-05-30T01:51:43.274750321-06:00" level=debug msg="Invoked gptj-python-ftgrlkdv6won9e11macq.default.192.168.1.240.sslip.io in 10617 usec\n"
time="2024-05-30T01:51:50.735156367-06:00" level=debug msg="Minute: 9"
time="2024-05-30T01:51:50.735253995-06:00" level=debug msg="Number of Invocations this iteration: 8"
time="2024-05-30T01:51:50.735339746-06:00" level=debug msg="Invoking: cartservice-qdzirhitu7ygfyldnhj2.default.192.168.1.240.sslip.io:80"
time="2024-05-30T01:51:50.748364257-06:00" level=debug msg="Invoked cartservice-qdzirhitu7ygfyldnhj2.default.192.168.1.240.sslip.io in 13017 usec\n"
time="2024-05-30T01:51:58.241496038-06:00" level=debug msg="Invoking: gptj-python-ftgrlkdv6won9e11macq.default.192.168.1.240.sslip.io:80"
time="2024-05-30T01:51:58.25346585-06:00" level=debug msg="Invoked gptj-python-ftgrlkdv6won9e11macq.default.192.168.1.240.sslip.io in 11982 usec\n"
time="2024-05-30T01:52:05.744421003-06:00" level=debug msg="Invoking: gptj-python-ftgrlkdv6won9e11macq.default.192.168.1.240.sslip.io:80"
time="2024-05-30T01:52:05.755062773-06:00" level=debug msg="Invoked gptj-python-ftgrlkdv6won9e11macq.default.192.168.1.240.sslip.io in 10656 usec\n"
time="2024-05-30T01:52:13.24954544-06:00" level=debug msg="Invoking: gptj-python-ftgrlkdv6won9e11macq.default.192.168.1.240.sslip.io:80"
time="2024-05-30T01:52:13.260133612-06:00" level=debug msg="Invoked gptj-python-ftgrlkdv6won9e11macq.default.192.168.1.240.sslip.io in 10607 usec\n"
time="2024-05-30T01:52:20.753506823-06:00" level=debug msg="Invoking: cartservice-qdzirhitu7ygfyldnhj2.default.192.168.1.240.sslip.io:80"
time="2024-05-30T01:52:20.766229405-06:00" level=debug msg="Invoked cartservice-qdzirhitu7ygfyldnhj2.default.192.168.1.240.sslip.io in 12735 usec\n"
time="2024-05-30T01:52:28.253678465-06:00" level=debug msg="Invoking: gptj-python-ftgrlkdv6won9e11macq.default.192.168.1.240.sslip.io:80"
time="2024-05-30T01:52:28.265639745-06:00" level=debug msg="Invoked gptj-python-ftgrlkdv6won9e11macq.default.192.168.1.240.sslip.io in 11974 usec\n"
time="2024-05-30T01:52:35.757520866-06:00" level=debug msg="Invoking: gptj-python-ftgrlkdv6won9e11macq.default.192.168.1.240.sslip.io:80"
time="2024-05-30T01:52:35.768385509-06:00" level=debug msg="Invoked gptj-python-ftgrlkdv6won9e11macq.default.192.168.1.240.sslip.io in 10875 usec\n"
time="2024-05-30T01:52:43.263570208-06:00" level=debug msg="Invoking: gptj-python-ftgrlkdv6won9e11macq.default.192.168.1.240.sslip.io:80"
time="2024-05-30T01:52:43.2740572-06:00" level=debug msg="Invoked gptj-python-ftgrlkdv6won9e11macq.default.192.168.1.240.sslip.io in 10498 usec\n"
time="2024-05-30T01:52:50.733492663-06:00" level=debug msg="Minute: 10"
time="2024-05-30T01:52:50.733673326-06:00" level=debug msg="Number of Invocations this iteration: 8"
time="2024-05-30T01:52:50.733757307-06:00" level=debug msg="Invoking: rnn-serving-python-10-10-jzg9rl769tr9ptfim4mm.default.192.168.1.240.sslip.io:80"
time="2024-05-30T01:52:58.237503467-06:00" level=debug msg="Invoking: gptj-python-ftgrlkdv6won9e11macq.default.192.168.1.240.sslip.io:80"
time="2024-05-30T01:52:58.248161262-06:00" level=debug msg="Invoked gptj-python-ftgrlkdv6won9e11macq.default.192.168.1.240.sslip.io in 10672 usec\n"
time="2024-05-30T01:53:01.255925324-06:00" level=debug msg="Invoked rnn-serving-python-10-10-jzg9rl769tr9ptfim4mm.default.192.168.1.240.sslip.io in 10522159 usec\n"
time="2024-05-30T01:53:05.740438474-06:00" level=debug msg="Invoking: gptj-python-ftgrlkdv6won9e11macq.default.192.168.1.240.sslip.io:80"
time="2024-05-30T01:53:05.750999983-06:00" level=debug msg="Invoked gptj-python-ftgrlkdv6won9e11macq.default.192.168.1.240.sslip.io in 10572 usec\n"
time="2024-05-30T01:53:13.245805137-06:00" level=debug msg="Invoking: gptj-python-ftgrlkdv6won9e11macq.default.192.168.1.240.sslip.io:80"
time="2024-05-30T01:53:13.263117319-06:00" level=debug msg="Invoked gptj-python-ftgrlkdv6won9e11macq.default.192.168.1.240.sslip.io in 17325 usec\n"
time="2024-05-30T01:53:20.74946358-06:00" level=debug msg="Invoking: cartservice-qdzirhitu7ygfyldnhj2.default.192.168.1.240.sslip.io:80"
time="2024-05-30T01:53:28.253586569-06:00" level=debug msg="Invoking: gptj-python-ftgrlkdv6won9e11macq.default.192.168.1.240.sslip.io:80"
time="2024-05-30T01:53:28.262530574-06:00" level=debug msg="Invoked gptj-python-ftgrlkdv6won9e11macq.default.192.168.1.240.sslip.io in 8953 usec\n"
time="2024-05-30T01:53:28.879820089-06:00" level=debug msg="Invoked cartservice-qdzirhitu7ygfyldnhj2.default.192.168.1.240.sslip.io in 8130370 usec\n"
time="2024-05-30T01:53:35.759682406-06:00" level=debug msg="Invoking: gptj-python-ftgrlkdv6won9e11macq.default.192.168.1.240.sslip.io:80"
time="2024-05-30T01:53:35.770315066-06:00" level=debug msg="Invoked gptj-python-ftgrlkdv6won9e11macq.default.192.168.1.240.sslip.io in 10644 usec\n"
time="2024-05-30T01:53:43.265506387-06:00" level=debug msg="Invoking: gptj-python-ftgrlkdv6won9e11macq.default.192.168.1.240.sslip.io:80"
time="2024-05-30T01:53:43.320035367-06:00" level=debug msg="Invoked gptj-python-ftgrlkdv6won9e11macq.default.192.168.1.240.sslip.io in 54537 usec\n"
time="2024-05-30T01:53:50.733404576-06:00" level=debug msg="Minute: 11"
time="2024-05-30T01:53:50.733502231-06:00" level=debug msg="Number of Invocations this iteration: 8"
time="2024-05-30T01:53:50.733626984-06:00" level=debug msg="Invoking: image-rotate-go-6-e21io0wbip75miym6kuu.default.192.168.1.240.sslip.io:80"
time="2024-05-30T01:53:58.237511871-06:00" level=debug msg="Invoking: gptj-python-ftgrlkdv6won9e11macq.default.192.168.1.240.sslip.io:80"
time="2024-05-30T01:53:58.247215134-06:00" level=debug msg="Invoked gptj-python-ftgrlkdv6won9e11macq.default.192.168.1.240.sslip.io in 9723 usec\n"
time="2024-05-30T01:54:05.741486475-06:00" level=debug msg="Invoking: gptj-python-ftgrlkdv6won9e11macq.default.192.168.1.240.sslip.io:80"
time="2024-05-30T01:54:05.753291475-06:00" level=debug msg="Invoked gptj-python-ftgrlkdv6won9e11macq.default.192.168.1.240.sslip.io in 11813 usec\n"
time="2024-05-30T01:54:07.915865454-06:00" level=debug msg="Invoked image-rotate-go-6-e21io0wbip75miym6kuu.default.192.168.1.240.sslip.io in 17182237 usec\n"
time="2024-05-30T01:54:13.245511944-06:00" level=debug msg="Invoking: gptj-python-ftgrlkdv6won9e11macq.default.192.168.1.240.sslip.io:80"
time="2024-05-30T01:54:13.256705944-06:00" level=debug msg="Invoked gptj-python-ftgrlkdv6won9e11macq.default.192.168.1.240.sslip.io in 11216 usec\n"
time="2024-05-30T01:54:20.750056338-06:00" level=debug msg="Invoking: cartservice-qdzirhitu7ygfyldnhj2.default.192.168.1.240.sslip.io:80"
time="2024-05-30T01:54:20.778295514-06:00" level=debug msg="Invoked cartservice-qdzirhitu7ygfyldnhj2.default.192.168.1.240.sslip.io in 28254 usec\n"
time="2024-05-30T01:54:28.2560193-06:00" level=debug msg="Invoking: gptj-python-ftgrlkdv6won9e11macq.default.192.168.1.240.sslip.io:80"
time="2024-05-30T01:54:28.268493467-06:00" level=debug msg="Invoked gptj-python-ftgrlkdv6won9e11macq.default.192.168.1.240.sslip.io in 12554 usec\n"
time="2024-05-30T01:54:35.76255074-06:00" level=debug msg="Invoking: gptj-python-ftgrlkdv6won9e11macq.default.192.168.1.240.sslip.io:80"
time="2024-05-30T01:54:35.772792205-06:00" level=debug msg="Invoked gptj-python-ftgrlkdv6won9e11macq.default.192.168.1.240.sslip.io in 10249 usec\n"
time="2024-05-30T01:54:43.265491462-06:00" level=debug msg="Invoking: gptj-python-ftgrlkdv6won9e11macq.default.192.168.1.240.sslip.io:80"
time="2024-05-30T01:54:43.276601204-06:00" level=debug msg="Invoked gptj-python-ftgrlkdv6won9e11macq.default.192.168.1.240.sslip.io in 11121 usec\n"
time="2024-05-30T01:54:50.737423685-06:00" level=debug msg="Minute: 12"
time="2024-05-30T01:54:50.737580772-06:00" level=debug msg="Number of Invocations this iteration: 8"
time="2024-05-30T01:54:50.737667828-06:00" level=debug msg="Invoking: cartservice-qdzirhitu7ygfyldnhj2.default.192.168.1.240.sslip.io:80"
time="2024-05-30T01:54:50.75093284-06:00" level=debug msg="Invoked cartservice-qdzirhitu7ygfyldnhj2.default.192.168.1.240.sslip.io in 13259 usec\n"
time="2024-05-30T01:54:58.242790045-06:00" level=debug msg="Invoking: gptj-python-ftgrlkdv6won9e11macq.default.192.168.1.240.sslip.io:80"
time="2024-05-30T01:54:58.252942137-06:00" level=debug msg="Invoked gptj-python-ftgrlkdv6won9e11macq.default.192.168.1.240.sslip.io in 10162 usec\n"
time="2024-05-30T01:55:05.74944584-06:00" level=debug msg="Invoking: gptj-python-ftgrlkdv6won9e11macq.default.192.168.1.240.sslip.io:80"
time="2024-05-30T01:55:05.760108169-06:00" level=debug msg="Invoked gptj-python-ftgrlkdv6won9e11macq.default.192.168.1.240.sslip.io in 10676 usec\n"
time="2024-05-30T01:55:13.256584434-06:00" level=debug msg="Invoking: gptj-python-ftgrlkdv6won9e11macq.default.192.168.1.240.sslip.io:80"
time="2024-05-30T01:55:13.267312872-06:00" level=debug msg="Invoked gptj-python-ftgrlkdv6won9e11macq.default.192.168.1.240.sslip.io in 10739 usec\n"
time="2024-05-30T01:55:20.761498169-06:00" level=debug msg="Invoking: cartservice-qdzirhitu7ygfyldnhj2.default.192.168.1.240.sslip.io:80"
time="2024-05-30T01:55:20.774283026-06:00" level=debug msg="Invoked cartservice-qdzirhitu7ygfyldnhj2.default.192.168.1.240.sslip.io in 12796 usec\n"
time="2024-05-30T01:55:28.265425023-06:00" level=debug msg="Invoking: gptj-python-ftgrlkdv6won9e11macq.default.192.168.1.240.sslip.io:80"
time="2024-05-30T01:55:28.27510577-06:00" level=debug msg="Invoked gptj-python-ftgrlkdv6won9e11macq.default.192.168.1.240.sslip.io in 9693 usec\n"
time="2024-05-30T01:55:35.770459773-06:00" level=debug msg="Invoking: gptj-python-ftgrlkdv6won9e11macq.default.192.168.1.240.sslip.io:80"
time="2024-05-30T01:55:35.781076927-06:00" level=debug msg="Invoked gptj-python-ftgrlkdv6won9e11macq.default.192.168.1.240.sslip.io in 10629 usec\n"
time="2024-05-30T01:55:43.27746289-06:00" level=debug msg="Invoking: gptj-python-ftgrlkdv6won9e11macq.default.192.168.1.240.sslip.io:80"
time="2024-05-30T01:55:43.287540104-06:00" level=debug msg="Invoked gptj-python-ftgrlkdv6won9e11macq.default.192.168.1.240.sslip.io in 10086 usec\n"
time="2024-05-30T01:55:50.737961214-06:00" level=debug msg="Minute: 13"
time="2024-05-30T01:55:50.738075395-06:00" level=debug msg="Number of Invocations this iteration: 8"
time="2024-05-30T01:55:50.738173227-06:00" level=debug msg="Invoking: cartservice-qdzirhitu7ygfyldnhj2.default.192.168.1.240.sslip.io:80"
time="2024-05-30T01:55:50.751586481-06:00" level=debug msg="Invoked cartservice-qdzirhitu7ygfyldnhj2.default.192.168.1.240.sslip.io in 13412 usec\n"
time="2024-05-30T01:55:58.241473138-06:00" level=debug msg="Invoking: gptj-python-ftgrlkdv6won9e11macq.default.192.168.1.240.sslip.io:80"
time="2024-05-30T01:55:58.253124528-06:00" level=debug msg="Invoked gptj-python-ftgrlkdv6won9e11macq.default.192.168.1.240.sslip.io in 11694 usec\n"
time="2024-05-30T01:56:05.745495926-06:00" level=debug msg="Invoking: gptj-python-ftgrlkdv6won9e11macq.default.192.168.1.240.sslip.io:80"
time="2024-05-30T01:56:05.756267923-06:00" level=debug msg="Invoked gptj-python-ftgrlkdv6won9e11macq.default.192.168.1.240.sslip.io in 10783 usec\n"
time="2024-05-30T01:56:13.250314582-06:00" level=debug msg="Invoking: gptj-python-ftgrlkdv6won9e11macq.default.192.168.1.240.sslip.io:80"
time="2024-05-30T01:56:13.260738355-06:00" level=debug msg="Invoked gptj-python-ftgrlkdv6won9e11macq.default.192.168.1.240.sslip.io in 10435 usec\n"
time="2024-05-30T01:56:20.753483916-06:00" level=debug msg="Invoking: cartservice-qdzirhitu7ygfyldnhj2.default.192.168.1.240.sslip.io:80"
time="2024-05-30T01:56:20.772470006-06:00" level=debug msg="Invoked cartservice-qdzirhitu7ygfyldnhj2.default.192.168.1.240.sslip.io in 18997 usec\n"
time="2024-05-30T01:56:28.257172788-06:00" level=debug msg="Invoking: gptj-python-ftgrlkdv6won9e11macq.default.192.168.1.240.sslip.io:80"
time="2024-05-30T01:56:28.268300664-06:00" level=debug msg="Invoked gptj-python-ftgrlkdv6won9e11macq.default.192.168.1.240.sslip.io in 11201 usec\n"
time="2024-05-30T01:56:35.763152497-06:00" level=debug msg="Invoking: gptj-python-ftgrlkdv6won9e11macq.default.192.168.1.240.sslip.io:80"
time="2024-05-30T01:56:35.773835246-06:00" level=debug msg="Invoked gptj-python-ftgrlkdv6won9e11macq.default.192.168.1.240.sslip.io in 10690 usec\n"
time="2024-05-30T01:56:43.269499326-06:00" level=debug msg="Invoking: gptj-python-ftgrlkdv6won9e11macq.default.192.168.1.240.sslip.io:80"
time="2024-05-30T01:56:43.281272571-06:00" level=debug msg="Invoked gptj-python-ftgrlkdv6won9e11macq.default.192.168.1.240.sslip.io in 11782 usec\n"
time="2024-05-30T01:56:50.737397043-06:00" level=info msg="Experiment Phase Completed"
time="2024-05-30T01:56:50.737495992-06:00" level=info msg="Issued / completed requests: 112, 112"
time="2024-05-30T01:56:50.737519888-06:00" level=info msg="Average Real RPS: 0.13 "
time="2024-05-30T01:56:50.737535418-06:00" level=info msg="Experiment finished!"
time="2024-05-30T01:56:50.737551934-06:00" level=info msg="The measured latencies are saved in rps_lat.csv"
