time="2024-05-28T18:14:20.127046352-06:00" level=debug msg="Debug logging is enabled"
time="2024-05-28T18:14:20.127151351-06:00" level=info msg="Reading the trace endpoints from the file: /users/ArunAMS/vSwarm/tools/load-generator/load.json"
time="2024-05-28T18:14:20.127848277-06:00" level=info msg="Warmup Duration: 3"
time="2024-05-28T18:14:20.127861246-06:00" level=info msg="Experiment Duration: 11"
time="2024-05-28T18:14:20.127871507-06:00" level=info msg="Minute Granularity: true"
time="2024-05-28T18:15:20.187066733-06:00" level=info msg="Running Warmup Phase"
time="2024-05-28T18:15:20.187199828-06:00" level=debug msg="Minute: 0"
time="2024-05-28T18:15:20.187274857-06:00" level=debug msg="Number of Invocations this iteration: 8"
time="2024-05-28T18:15:20.187458891-06:00" level=debug msg="Invoking: cartservice-4mf3mt3nhec7292n4auc.default.192.168.1.240.sslip.io:80"
time="2024-05-28T18:15:27.688681853-06:00" level=debug msg="Invoking: gptj-python-lzhfozkltzapbnmdvqdz.default.192.168.1.240.sslip.io:80"
time="2024-05-28T18:15:35.188785-06:00" level=debug msg="Invoking: gptj-python-lzhfozkltzapbnmdvqdz.default.192.168.1.240.sslip.io:80"
time="2024-05-28T18:15:42.695708252-06:00" level=debug msg="Invoking: gptj-python-lzhfozkltzapbnmdvqdz.default.192.168.1.240.sslip.io:80"
time="2024-05-28T18:15:50.201413626-06:00" level=debug msg="Invoking: cartservice-4mf3mt3nhec7292n4auc.default.192.168.1.240.sslip.io:80"
time="2024-05-28T18:15:57.705559705-06:00" level=debug msg="Invoking: gptj-python-lzhfozkltzapbnmdvqdz.default.192.168.1.240.sslip.io:80"
time="2024-05-28T18:16:05.210615009-06:00" level=debug msg="Invoking: gptj-python-lzhfozkltzapbnmdvqdz.default.192.168.1.240.sslip.io:80"
time="2024-05-28T18:16:12.713444642-06:00" level=debug msg="Invoking: gptj-python-lzhfozkltzapbnmdvqdz.default.192.168.1.240.sslip.io:80"
time="2024-05-28T18:16:20.13347727-06:00" level=debug msg="Minute: 1"
time="2024-05-28T18:16:20.133572141-06:00" level=debug msg="Number of Invocations this iteration: 8"
time="2024-05-28T18:16:20.133658353-06:00" level=debug msg="Invoking: image-rotate-go-6-c2ml8qo1z2f9u8lrxdof.default.192.168.1.240.sslip.io:80"
time="2024-05-28T18:16:27.639953026-06:00" level=debug msg="Invoking: gptj-python-lzhfozkltzapbnmdvqdz.default.192.168.1.240.sslip.io:80"
time="2024-05-28T18:16:35.141478882-06:00" level=debug msg="Invoking: gptj-python-lzhfozkltzapbnmdvqdz.default.192.168.1.240.sslip.io:80"
time="2024-05-28T18:16:42.648103998-06:00" level=debug msg="Invoking: gptj-python-lzhfozkltzapbnmdvqdz.default.192.168.1.240.sslip.io:80"
time="2024-05-28T18:16:50.153444706-06:00" level=debug msg="Invoking: cartservice-4mf3mt3nhec7292n4auc.default.192.168.1.240.sslip.io:80"
time="2024-05-28T18:16:57.658409632-06:00" level=debug msg="Invoking: gptj-python-lzhfozkltzapbnmdvqdz.default.192.168.1.240.sslip.io:80"
time="2024-05-28T18:17:05.163409042-06:00" level=debug msg="Invoking: gptj-python-lzhfozkltzapbnmdvqdz.default.192.168.1.240.sslip.io:80"
time="2024-05-28T18:17:12.669515483-06:00" level=debug msg="Invoking: gptj-python-lzhfozkltzapbnmdvqdz.default.192.168.1.240.sslip.io:80"
time="2024-05-28T18:17:20.13343843-06:00" level=debug msg="Minute: 2"
time="2024-05-28T18:17:20.133523187-06:00" level=debug msg="Number of Invocations this iteration: 8"
time="2024-05-28T18:17:20.133610693-06:00" level=debug msg="Invoking: cartservice-4mf3mt3nhec7292n4auc.default.192.168.1.240.sslip.io:80"
time="2024-05-28T18:17:27.637436228-06:00" level=debug msg="Invoking: gptj-python-lzhfozkltzapbnmdvqdz.default.192.168.1.240.sslip.io:80"
time="2024-05-28T18:17:35.141486302-06:00" level=debug msg="Invoking: gptj-python-lzhfozkltzapbnmdvqdz.default.192.168.1.240.sslip.io:80"
time="2024-05-28T18:17:42.645431705-06:00" level=debug msg="Invoking: gptj-python-lzhfozkltzapbnmdvqdz.default.192.168.1.240.sslip.io:80"
time="2024-05-28T18:17:50.153053708-06:00" level=debug msg="Invoking: cartservice-4mf3mt3nhec7292n4auc.default.192.168.1.240.sslip.io:80"
time="2024-05-28T18:17:57.657429722-06:00" level=debug msg="Invoking: gptj-python-lzhfozkltzapbnmdvqdz.default.192.168.1.240.sslip.io:80"
time="2024-05-28T18:18:05.161441732-06:00" level=debug msg="Invoking: gptj-python-lzhfozkltzapbnmdvqdz.default.192.168.1.240.sslip.io:80"
time="2024-05-28T18:18:12.668736714-06:00" level=debug msg="Invoking: gptj-python-lzhfozkltzapbnmdvqdz.default.192.168.1.240.sslip.io:80"
time="2024-05-28T18:18:20.133404365-06:00" level=info msg="Warmup Phase Completed"
time="2024-05-28T18:18:20.133473127-06:00" level=info msg="Running Experiment Phase"
time="2024-05-28T18:18:20.133500704-06:00" level=debug msg="Minute: 3"
time="2024-05-28T18:18:20.133547122-06:00" level=debug msg="Number of Invocations this iteration: 8"
time="2024-05-28T18:18:20.133632799-06:00" level=debug msg="Invoking: cartservice-4mf3mt3nhec7292n4auc.default.192.168.1.240.sslip.io:80"
time="2024-05-28T18:18:20.147245685-06:00" level=debug msg="Invoked cartservice-4mf3mt3nhec7292n4auc.default.192.168.1.240.sslip.io in 13610 usec\n"
time="2024-05-28T18:18:27.637499211-06:00" level=debug msg="Invoking: gptj-python-lzhfozkltzapbnmdvqdz.default.192.168.1.240.sslip.io:80"
time="2024-05-28T18:18:27.648197537-06:00" level=debug msg="Invoked gptj-python-lzhfozkltzapbnmdvqdz.default.192.168.1.240.sslip.io in 10698 usec\n"
time="2024-05-28T18:18:35.14146595-06:00" level=debug msg="Invoking: gptj-python-lzhfozkltzapbnmdvqdz.default.192.168.1.240.sslip.io:80"
time="2024-05-28T18:18:35.150739236-06:00" level=debug msg="Invoked gptj-python-lzhfozkltzapbnmdvqdz.default.192.168.1.240.sslip.io in 9305 usec\n"
time="2024-05-28T18:18:42.645485401-06:00" level=debug msg="Invoking: gptj-python-lzhfozkltzapbnmdvqdz.default.192.168.1.240.sslip.io:80"
time="2024-05-28T18:18:42.656022364-06:00" level=debug msg="Invoked gptj-python-lzhfozkltzapbnmdvqdz.default.192.168.1.240.sslip.io in 10546 usec\n"
time="2024-05-28T18:18:50.152466364-06:00" level=debug msg="Invoking: cartservice-4mf3mt3nhec7292n4auc.default.192.168.1.240.sslip.io:80"
time="2024-05-28T18:18:50.165431812-06:00" level=debug msg="Invoked cartservice-4mf3mt3nhec7292n4auc.default.192.168.1.240.sslip.io in 12978 usec\n"
time="2024-05-28T18:18:57.652771969-06:00" level=debug msg="Invoking: gptj-python-lzhfozkltzapbnmdvqdz.default.192.168.1.240.sslip.io:80"
time="2024-05-28T18:18:57.662628933-06:00" level=debug msg="Invoked gptj-python-lzhfozkltzapbnmdvqdz.default.192.168.1.240.sslip.io in 9938 usec\n"
time="2024-05-28T18:19:05.157436371-06:00" level=debug msg="Invoking: gptj-python-lzhfozkltzapbnmdvqdz.default.192.168.1.240.sslip.io:80"
time="2024-05-28T18:19:05.167233621-06:00" level=debug msg="Invoked gptj-python-lzhfozkltzapbnmdvqdz.default.192.168.1.240.sslip.io in 9804 usec\n"
time="2024-05-28T18:19:12.661484784-06:00" level=debug msg="Invoking: gptj-python-lzhfozkltzapbnmdvqdz.default.192.168.1.240.sslip.io:80"
time="2024-05-28T18:19:12.671900605-06:00" level=debug msg="Invoked gptj-python-lzhfozkltzapbnmdvqdz.default.192.168.1.240.sslip.io in 10425 usec\n"
time="2024-05-28T18:19:20.133453207-06:00" level=debug msg="Minute: 4"
time="2024-05-28T18:19:20.133548408-06:00" level=debug msg="Number of Invocations this iteration: 8"
time="2024-05-28T18:19:20.133640636-06:00" level=debug msg="Invoking: rnn-serving-python-10-10-onhziiug1s82ooyds1gs.default.192.168.1.240.sslip.io:80"
time="2024-05-28T18:19:27.234909046-06:00" level=debug msg="Invoked rnn-serving-python-10-10-onhziiug1s82ooyds1gs.default.192.168.1.240.sslip.io in 7101266 usec\n"
time="2024-05-28T18:19:27.634249636-06:00" level=debug msg="Invoking: gptj-python-lzhfozkltzapbnmdvqdz.default.192.168.1.240.sslip.io:80"
time="2024-05-28T18:19:27.644075719-06:00" level=debug msg="Invoked gptj-python-lzhfozkltzapbnmdvqdz.default.192.168.1.240.sslip.io in 9836 usec\n"
time="2024-05-28T18:19:35.137522145-06:00" level=debug msg="Invoking: gptj-python-lzhfozkltzapbnmdvqdz.default.192.168.1.240.sslip.io:80"
time="2024-05-28T18:19:35.148828032-06:00" level=debug msg="Invoked gptj-python-lzhfozkltzapbnmdvqdz.default.192.168.1.240.sslip.io in 11313 usec\n"
time="2024-05-28T18:19:42.642772162-06:00" level=debug msg="Invoking: gptj-python-lzhfozkltzapbnmdvqdz.default.192.168.1.240.sslip.io:80"
time="2024-05-28T18:19:42.653729855-06:00" level=debug msg="Invoked gptj-python-lzhfozkltzapbnmdvqdz.default.192.168.1.240.sslip.io in 10966 usec\n"
time="2024-05-28T18:19:50.149500339-06:00" level=debug msg="Invoking: cartservice-4mf3mt3nhec7292n4auc.default.192.168.1.240.sslip.io:80"
time="2024-05-28T18:19:50.161234426-06:00" level=debug msg="Invoked cartservice-4mf3mt3nhec7292n4auc.default.192.168.1.240.sslip.io in 11742 usec\n"
time="2024-05-28T18:19:57.653443206-06:00" level=debug msg="Invoking: gptj-python-lzhfozkltzapbnmdvqdz.default.192.168.1.240.sslip.io:80"
time="2024-05-28T18:19:57.666024677-06:00" level=debug msg="Invoked gptj-python-lzhfozkltzapbnmdvqdz.default.192.168.1.240.sslip.io in 12590 usec\n"
time="2024-05-28T18:20:05.159797928-06:00" level=debug msg="Invoking: gptj-python-lzhfozkltzapbnmdvqdz.default.192.168.1.240.sslip.io:80"
time="2024-05-28T18:20:05.169429215-06:00" level=debug msg="Invoked gptj-python-lzhfozkltzapbnmdvqdz.default.192.168.1.240.sslip.io in 9642 usec\n"
time="2024-05-28T18:20:12.665485224-06:00" level=debug msg="Invoking: gptj-python-lzhfozkltzapbnmdvqdz.default.192.168.1.240.sslip.io:80"
time="2024-05-28T18:20:12.675722656-06:00" level=debug msg="Invoked gptj-python-lzhfozkltzapbnmdvqdz.default.192.168.1.240.sslip.io in 10248 usec\n"
time="2024-05-28T18:20:20.133445115-06:00" level=debug msg="Minute: 5"
time="2024-05-28T18:20:20.133495326-06:00" level=debug msg="Number of Invocations this iteration: 8"
time="2024-05-28T18:20:20.133540598-06:00" level=debug msg="Invoking: cartservice-4mf3mt3nhec7292n4auc.default.192.168.1.240.sslip.io:80"
time="2024-05-28T18:20:20.146794109-06:00" level=debug msg="Invoked cartservice-4mf3mt3nhec7292n4auc.default.192.168.1.240.sslip.io in 13248 usec\n"
time="2024-05-28T18:20:27.640395725-06:00" level=debug msg="Invoking: gptj-python-lzhfozkltzapbnmdvqdz.default.192.168.1.240.sslip.io:80"
time="2024-05-28T18:20:27.650951244-06:00" level=debug msg="Invoked gptj-python-lzhfozkltzapbnmdvqdz.default.192.168.1.240.sslip.io in 10566 usec\n"
time="2024-05-28T18:20:35.145438659-06:00" level=debug msg="Invoking: gptj-python-lzhfozkltzapbnmdvqdz.default.192.168.1.240.sslip.io:80"
time="2024-05-28T18:20:35.155130222-06:00" level=debug msg="Invoked gptj-python-lzhfozkltzapbnmdvqdz.default.192.168.1.240.sslip.io in 9700 usec\n"
time="2024-05-28T18:20:42.649593505-06:00" level=debug msg="Invoking: gptj-python-lzhfozkltzapbnmdvqdz.default.192.168.1.240.sslip.io:80"
time="2024-05-28T18:20:42.659417804-06:00" level=debug msg="Invoked gptj-python-lzhfozkltzapbnmdvqdz.default.192.168.1.240.sslip.io in 9840 usec\n"
time="2024-05-28T18:20:50.156553218-06:00" level=debug msg="Invoking: cartservice-4mf3mt3nhec7292n4auc.default.192.168.1.240.sslip.io:80"
time="2024-05-28T18:20:50.168683246-06:00" level=debug msg="Invoked cartservice-4mf3mt3nhec7292n4auc.default.192.168.1.240.sslip.io in 12120 usec\n"
time="2024-05-28T18:20:57.656814229-06:00" level=debug msg="Invoking: gptj-python-lzhfozkltzapbnmdvqdz.default.192.168.1.240.sslip.io:80"
time="2024-05-28T18:20:57.667568931-06:00" level=debug msg="Invoked gptj-python-lzhfozkltzapbnmdvqdz.default.192.168.1.240.sslip.io in 10770 usec\n"
time="2024-05-28T18:21:05.161432175-06:00" level=debug msg="Invoking: gptj-python-lzhfozkltzapbnmdvqdz.default.192.168.1.240.sslip.io:80"
time="2024-05-28T18:21:05.172466486-06:00" level=debug msg="Invoked gptj-python-lzhfozkltzapbnmdvqdz.default.192.168.1.240.sslip.io in 11043 usec\n"
time="2024-05-28T18:21:12.667924181-06:00" level=debug msg="Invoking: gptj-python-lzhfozkltzapbnmdvqdz.default.192.168.1.240.sslip.io:80"
time="2024-05-28T18:21:12.678851346-06:00" level=debug msg="Invoked gptj-python-lzhfozkltzapbnmdvqdz.default.192.168.1.240.sslip.io in 10933 usec\n"
time="2024-05-28T18:21:20.13343499-06:00" level=debug msg="Minute: 6"
time="2024-05-28T18:21:20.133519869-06:00" level=debug msg="Number of Invocations this iteration: 8"
time="2024-05-28T18:21:20.133609773-06:00" level=debug msg="Invoking: image-rotate-go-6-c2ml8qo1z2f9u8lrxdof.default.192.168.1.240.sslip.io:80"
time="2024-05-28T18:21:27.328643595-06:00" level=debug msg="Invoked image-rotate-go-6-c2ml8qo1z2f9u8lrxdof.default.192.168.1.240.sslip.io in 7195032 usec\n"
time="2024-05-28T18:21:27.633832275-06:00" level=debug msg="Invoking: gptj-python-lzhfozkltzapbnmdvqdz.default.192.168.1.240.sslip.io:80"
time="2024-05-28T18:21:27.64411138-06:00" level=debug msg="Invoked gptj-python-lzhfozkltzapbnmdvqdz.default.192.168.1.240.sslip.io in 10289 usec\n"
time="2024-05-28T18:21:35.140473839-06:00" level=debug msg="Invoking: gptj-python-lzhfozkltzapbnmdvqdz.default.192.168.1.240.sslip.io:80"
time="2024-05-28T18:21:35.15143911-06:00" level=debug msg="Invoked gptj-python-lzhfozkltzapbnmdvqdz.default.192.168.1.240.sslip.io in 10974 usec\n"
time="2024-05-28T18:21:42.645514165-06:00" level=debug msg="Invoking: gptj-python-lzhfozkltzapbnmdvqdz.default.192.168.1.240.sslip.io:80"
time="2024-05-28T18:21:42.654936288-06:00" level=debug msg="Invoked gptj-python-lzhfozkltzapbnmdvqdz.default.192.168.1.240.sslip.io in 9432 usec\n"
time="2024-05-28T18:21:50.151460101-06:00" level=debug msg="Invoking: cartservice-4mf3mt3nhec7292n4auc.default.192.168.1.240.sslip.io:80"
time="2024-05-28T18:21:50.164251159-06:00" level=debug msg="Invoked cartservice-4mf3mt3nhec7292n4auc.default.192.168.1.240.sslip.io in 12798 usec\n"
time="2024-05-28T18:21:57.663326911-06:00" level=debug msg="Invoking: gptj-python-lzhfozkltzapbnmdvqdz.default.192.168.1.240.sslip.io:80"
time="2024-05-28T18:21:57.674576734-06:00" level=debug msg="Invoked gptj-python-lzhfozkltzapbnmdvqdz.default.192.168.1.240.sslip.io in 11263 usec\n"
time="2024-05-28T18:22:05.169487165-06:00" level=debug msg="Invoking: gptj-python-lzhfozkltzapbnmdvqdz.default.192.168.1.240.sslip.io:80"
time="2024-05-28T18:22:05.178733751-06:00" level=debug msg="Invoked gptj-python-lzhfozkltzapbnmdvqdz.default.192.168.1.240.sslip.io in 9256 usec\n"
time="2024-05-28T18:22:12.673528626-06:00" level=debug msg="Invoking: gptj-python-lzhfozkltzapbnmdvqdz.default.192.168.1.240.sslip.io:80"
time="2024-05-28T18:22:12.683953564-06:00" level=debug msg="Invoked gptj-python-lzhfozkltzapbnmdvqdz.default.192.168.1.240.sslip.io in 10459 usec\n"
time="2024-05-28T18:22:20.133454528-06:00" level=debug msg="Minute: 7"
time="2024-05-28T18:22:20.133530261-06:00" level=debug msg="Number of Invocations this iteration: 8"
time="2024-05-28T18:22:20.133605557-06:00" level=debug msg="Invoking: cartservice-4mf3mt3nhec7292n4auc.default.192.168.1.240.sslip.io:80"
time="2024-05-28T18:22:20.14696051-06:00" level=debug msg="Invoked cartservice-4mf3mt3nhec7292n4auc.default.192.168.1.240.sslip.io in 13352 usec\n"
time="2024-05-28T18:22:27.637428196-06:00" level=debug msg="Invoking: gptj-python-lzhfozkltzapbnmdvqdz.default.192.168.1.240.sslip.io:80"
time="2024-05-28T18:22:27.648383312-06:00" level=debug msg="Invoked gptj-python-lzhfozkltzapbnmdvqdz.default.192.168.1.240.sslip.io in 10960 usec\n"
time="2024-05-28T18:22:35.141427638-06:00" level=debug msg="Invoking: gptj-python-lzhfozkltzapbnmdvqdz.default.192.168.1.240.sslip.io:80"
time="2024-05-28T18:22:35.148447204-06:00" level=debug msg="Invoked gptj-python-lzhfozkltzapbnmdvqdz.default.192.168.1.240.sslip.io in 7025 usec\n"
time="2024-05-28T18:22:42.645455255-06:00" level=debug msg="Invoking: gptj-python-lzhfozkltzapbnmdvqdz.default.192.168.1.240.sslip.io:80"
time="2024-05-28T18:22:42.655415368-06:00" level=debug msg="Invoked gptj-python-lzhfozkltzapbnmdvqdz.default.192.168.1.240.sslip.io in 9986 usec\n"
time="2024-05-28T18:22:50.149417844-06:00" level=debug msg="Invoking: cartservice-4mf3mt3nhec7292n4auc.default.192.168.1.240.sslip.io:80"
time="2024-05-28T18:22:50.163767066-06:00" level=debug msg="Invoked cartservice-4mf3mt3nhec7292n4auc.default.192.168.1.240.sslip.io in 14341 usec\n"
time="2024-05-28T18:22:57.653508954-06:00" level=debug msg="Invoking: gptj-python-lzhfozkltzapbnmdvqdz.default.192.168.1.240.sslip.io:80"
time="2024-05-28T18:22:57.667171079-06:00" level=debug msg="Invoked gptj-python-lzhfozkltzapbnmdvqdz.default.192.168.1.240.sslip.io in 13724 usec\n"
time="2024-05-28T18:23:05.157414265-06:00" level=debug msg="Invoking: gptj-python-lzhfozkltzapbnmdvqdz.default.192.168.1.240.sslip.io:80"
time="2024-05-28T18:23:05.166678795-06:00" level=debug msg="Invoked gptj-python-lzhfozkltzapbnmdvqdz.default.192.168.1.240.sslip.io in 9274 usec\n"
time="2024-05-28T18:23:12.661530961-06:00" level=debug msg="Invoking: gptj-python-lzhfozkltzapbnmdvqdz.default.192.168.1.240.sslip.io:80"
time="2024-05-28T18:23:12.671805875-06:00" level=debug msg="Invoked gptj-python-lzhfozkltzapbnmdvqdz.default.192.168.1.240.sslip.io in 10315 usec\n"
time="2024-05-28T18:23:20.135126156-06:00" level=debug msg="Minute: 8"
time="2024-05-28T18:23:20.135274665-06:00" level=debug msg="Number of Invocations this iteration: 8"
time="2024-05-28T18:23:20.13534748-06:00" level=debug msg="Invoking: cartservice-4mf3mt3nhec7292n4auc.default.192.168.1.240.sslip.io:80"
time="2024-05-28T18:23:20.146665937-06:00" level=debug msg="Invoked cartservice-4mf3mt3nhec7292n4auc.default.192.168.1.240.sslip.io in 11315 usec\n"
time="2024-05-28T18:23:27.641599359-06:00" level=debug msg="Invoking: gptj-python-lzhfozkltzapbnmdvqdz.default.192.168.1.240.sslip.io:80"
time="2024-05-28T18:23:27.651773266-06:00" level=debug msg="Invoked gptj-python-lzhfozkltzapbnmdvqdz.default.192.168.1.240.sslip.io in 10180 usec\n"
time="2024-05-28T18:23:35.147983506-06:00" level=debug msg="Invoking: gptj-python-lzhfozkltzapbnmdvqdz.default.192.168.1.240.sslip.io:80"
time="2024-05-28T18:23:35.159372547-06:00" level=debug msg="Invoked gptj-python-lzhfozkltzapbnmdvqdz.default.192.168.1.240.sslip.io in 11400 usec\n"
time="2024-05-28T18:23:42.653495822-06:00" level=debug msg="Invoking: gptj-python-lzhfozkltzapbnmdvqdz.default.192.168.1.240.sslip.io:80"
time="2024-05-28T18:23:42.664029022-06:00" level=debug msg="Invoked gptj-python-lzhfozkltzapbnmdvqdz.default.192.168.1.240.sslip.io in 10537 usec\n"
time="2024-05-28T18:23:50.157416495-06:00" level=debug msg="Invoking: cartservice-4mf3mt3nhec7292n4auc.default.192.168.1.240.sslip.io:80"
time="2024-05-28T18:23:50.168877535-06:00" level=debug msg="Invoked cartservice-4mf3mt3nhec7292n4auc.default.192.168.1.240.sslip.io in 11468 usec\n"
time="2024-05-28T18:23:57.661432762-06:00" level=debug msg="Invoking: gptj-python-lzhfozkltzapbnmdvqdz.default.192.168.1.240.sslip.io:80"
time="2024-05-28T18:23:57.671578238-06:00" level=debug msg="Invoked gptj-python-lzhfozkltzapbnmdvqdz.default.192.168.1.240.sslip.io in 10155 usec\n"
time="2024-05-28T18:24:05.165448556-06:00" level=debug msg="Invoking: gptj-python-lzhfozkltzapbnmdvqdz.default.192.168.1.240.sslip.io:80"
time="2024-05-28T18:24:05.175270054-06:00" level=debug msg="Invoked gptj-python-lzhfozkltzapbnmdvqdz.default.192.168.1.240.sslip.io in 9853 usec\n"
time="2024-05-28T18:24:12.669428532-06:00" level=debug msg="Invoking: gptj-python-lzhfozkltzapbnmdvqdz.default.192.168.1.240.sslip.io:80"
time="2024-05-28T18:24:12.679950903-06:00" level=debug msg="Invoked gptj-python-lzhfozkltzapbnmdvqdz.default.192.168.1.240.sslip.io in 10534 usec\n"
time="2024-05-28T18:24:20.134132065-06:00" level=debug msg="Minute: 9"
time="2024-05-28T18:24:20.134226796-06:00" level=debug msg="Number of Invocations this iteration: 8"
time="2024-05-28T18:24:20.134316023-06:00" level=debug msg="Invoking: cartservice-4mf3mt3nhec7292n4auc.default.192.168.1.240.sslip.io:80"
time="2024-05-28T18:24:20.147779805-06:00" level=debug msg="Invoked cartservice-4mf3mt3nhec7292n4auc.default.192.168.1.240.sslip.io in 13462 usec\n"
time="2024-05-28T18:24:27.637437852-06:00" level=debug msg="Invoking: gptj-python-lzhfozkltzapbnmdvqdz.default.192.168.1.240.sslip.io:80"
time="2024-05-28T18:24:27.64877629-06:00" level=debug msg="Invoked gptj-python-lzhfozkltzapbnmdvqdz.default.192.168.1.240.sslip.io in 11350 usec\n"
time="2024-05-28T18:24:35.141576576-06:00" level=debug msg="Invoking: gptj-python-lzhfozkltzapbnmdvqdz.default.192.168.1.240.sslip.io:80"
time="2024-05-28T18:24:35.151111921-06:00" level=debug msg="Invoked gptj-python-lzhfozkltzapbnmdvqdz.default.192.168.1.240.sslip.io in 9545 usec\n"
time="2024-05-28T18:24:42.646352757-06:00" level=debug msg="Invoking: gptj-python-lzhfozkltzapbnmdvqdz.default.192.168.1.240.sslip.io:80"
time="2024-05-28T18:24:42.65685397-06:00" level=debug msg="Invoked gptj-python-lzhfozkltzapbnmdvqdz.default.192.168.1.240.sslip.io in 10511 usec\n"
time="2024-05-28T18:24:50.149436884-06:00" level=debug msg="Invoking: cartservice-4mf3mt3nhec7292n4auc.default.192.168.1.240.sslip.io:80"
time="2024-05-28T18:24:50.162653348-06:00" level=debug msg="Invoked cartservice-4mf3mt3nhec7292n4auc.default.192.168.1.240.sslip.io in 13220 usec\n"
time="2024-05-28T18:24:57.649975827-06:00" level=debug msg="Invoking: gptj-python-lzhfozkltzapbnmdvqdz.default.192.168.1.240.sslip.io:80"
time="2024-05-28T18:24:57.660088603-06:00" level=debug msg="Invoked gptj-python-lzhfozkltzapbnmdvqdz.default.192.168.1.240.sslip.io in 10166 usec\n"
time="2024-05-28T18:25:05.15742058-06:00" level=debug msg="Invoking: gptj-python-lzhfozkltzapbnmdvqdz.default.192.168.1.240.sslip.io:80"
time="2024-05-28T18:25:05.166324038-06:00" level=debug msg="Invoked gptj-python-lzhfozkltzapbnmdvqdz.default.192.168.1.240.sslip.io in 8913 usec\n"
time="2024-05-28T18:25:12.664720317-06:00" level=debug msg="Invoking: gptj-python-lzhfozkltzapbnmdvqdz.default.192.168.1.240.sslip.io:80"
time="2024-05-28T18:25:12.675024665-06:00" level=debug msg="Invoked gptj-python-lzhfozkltzapbnmdvqdz.default.192.168.1.240.sslip.io in 10314 usec\n"
time="2024-05-28T18:25:20.133463065-06:00" level=debug msg="Minute: 10"
time="2024-05-28T18:25:20.133592212-06:00" level=debug msg="Number of Invocations this iteration: 8"
time="2024-05-28T18:25:20.133674364-06:00" level=debug msg="Invoking: rnn-serving-python-10-10-onhziiug1s82ooyds1gs.default.192.168.1.240.sslip.io:80"
time="2024-05-28T18:25:27.639858786-06:00" level=debug msg="Invoking: gptj-python-lzhfozkltzapbnmdvqdz.default.192.168.1.240.sslip.io:80"
time="2024-05-28T18:25:27.650234979-06:00" level=debug msg="Invoked gptj-python-lzhfozkltzapbnmdvqdz.default.192.168.1.240.sslip.io in 10384 usec\n"
time="2024-05-28T18:25:29.52992856-06:00" level=debug msg="Invoked rnn-serving-python-10-10-onhziiug1s82ooyds1gs.default.192.168.1.240.sslip.io in 9396252 usec\n"
time="2024-05-28T18:25:35.142306604-06:00" level=debug msg="Invoking: gptj-python-lzhfozkltzapbnmdvqdz.default.192.168.1.240.sslip.io:80"
time="2024-05-28T18:25:35.152740361-06:00" level=debug msg="Invoked gptj-python-lzhfozkltzapbnmdvqdz.default.192.168.1.240.sslip.io in 10446 usec\n"
time="2024-05-28T18:25:42.645446001-06:00" level=debug msg="Invoking: gptj-python-lzhfozkltzapbnmdvqdz.default.192.168.1.240.sslip.io:80"
time="2024-05-28T18:25:42.65495224-06:00" level=debug msg="Invoked gptj-python-lzhfozkltzapbnmdvqdz.default.192.168.1.240.sslip.io in 9513 usec\n"
time="2024-05-28T18:25:50.14945649-06:00" level=debug msg="Invoking: cartservice-4mf3mt3nhec7292n4auc.default.192.168.1.240.sslip.io:80"
time="2024-05-28T18:25:50.160640132-06:00" level=debug msg="Invoked cartservice-4mf3mt3nhec7292n4auc.default.192.168.1.240.sslip.io in 11191 usec\n"
time="2024-05-28T18:25:57.653737959-06:00" level=debug msg="Invoking: gptj-python-lzhfozkltzapbnmdvqdz.default.192.168.1.240.sslip.io:80"
time="2024-05-28T18:25:57.663415707-06:00" level=debug msg="Invoked gptj-python-lzhfozkltzapbnmdvqdz.default.192.168.1.240.sslip.io in 9686 usec\n"
time="2024-05-28T18:26:05.157442948-06:00" level=debug msg="Invoking: gptj-python-lzhfozkltzapbnmdvqdz.default.192.168.1.240.sslip.io:80"
time="2024-05-28T18:26:05.168138664-06:00" level=debug msg="Invoked gptj-python-lzhfozkltzapbnmdvqdz.default.192.168.1.240.sslip.io in 10706 usec\n"
time="2024-05-28T18:26:12.661466462-06:00" level=debug msg="Invoking: gptj-python-lzhfozkltzapbnmdvqdz.default.192.168.1.240.sslip.io:80"
time="2024-05-28T18:26:12.672005492-06:00" level=debug msg="Invoked gptj-python-lzhfozkltzapbnmdvqdz.default.192.168.1.240.sslip.io in 10549 usec\n"
time="2024-05-28T18:26:20.135302628-06:00" level=debug msg="Minute: 11"
time="2024-05-28T18:26:20.135390124-06:00" level=debug msg="Number of Invocations this iteration: 8"
time="2024-05-28T18:26:20.135476811-06:00" level=debug msg="Invoking: image-rotate-go-6-c2ml8qo1z2f9u8lrxdof.default.192.168.1.240.sslip.io:80"
time="2024-05-28T18:26:27.641448132-06:00" level=debug msg="Invoking: gptj-python-lzhfozkltzapbnmdvqdz.default.192.168.1.240.sslip.io:80"
time="2024-05-28T18:26:27.651159923-06:00" level=debug msg="Invoked gptj-python-lzhfozkltzapbnmdvqdz.default.192.168.1.240.sslip.io in 9721 usec\n"
time="2024-05-28T18:26:35.145431249-06:00" level=debug msg="Invoking: gptj-python-lzhfozkltzapbnmdvqdz.default.192.168.1.240.sslip.io:80"
time="2024-05-28T18:26:35.155645845-06:00" level=debug msg="Invoked gptj-python-lzhfozkltzapbnmdvqdz.default.192.168.1.240.sslip.io in 10223 usec\n"
time="2024-05-28T18:26:37.281903488-06:00" level=debug msg="Invoked image-rotate-go-6-c2ml8qo1z2f9u8lrxdof.default.192.168.1.240.sslip.io in 17146425 usec\n"
time="2024-05-28T18:26:42.64943948-06:00" level=debug msg="Invoking: gptj-python-lzhfozkltzapbnmdvqdz.default.192.168.1.240.sslip.io:80"
time="2024-05-28T18:26:42.659754832-06:00" level=debug msg="Invoked gptj-python-lzhfozkltzapbnmdvqdz.default.192.168.1.240.sslip.io in 10325 usec\n"
time="2024-05-28T18:26:50.155417367-06:00" level=debug msg="Invoking: cartservice-4mf3mt3nhec7292n4auc.default.192.168.1.240.sslip.io:80"
time="2024-05-28T18:26:50.171827917-06:00" level=debug msg="Invoked cartservice-4mf3mt3nhec7292n4auc.default.192.168.1.240.sslip.io in 16413 usec\n"
time="2024-05-28T18:26:57.655603854-06:00" level=debug msg="Invoking: gptj-python-lzhfozkltzapbnmdvqdz.default.192.168.1.240.sslip.io:80"
time="2024-05-28T18:26:57.666302231-06:00" level=debug msg="Invoked gptj-python-lzhfozkltzapbnmdvqdz.default.192.168.1.240.sslip.io in 10717 usec\n"
time="2024-05-28T18:27:05.161705197-06:00" level=debug msg="Invoking: gptj-python-lzhfozkltzapbnmdvqdz.default.192.168.1.240.sslip.io:80"
time="2024-05-28T18:27:05.170954082-06:00" level=debug msg="Invoked gptj-python-lzhfozkltzapbnmdvqdz.default.192.168.1.240.sslip.io in 9255 usec\n"
time="2024-05-28T18:27:12.66652035-06:00" level=debug msg="Invoking: gptj-python-lzhfozkltzapbnmdvqdz.default.192.168.1.240.sslip.io:80"
time="2024-05-28T18:27:12.676618117-06:00" level=debug msg="Invoked gptj-python-lzhfozkltzapbnmdvqdz.default.192.168.1.240.sslip.io in 10105 usec\n"
time="2024-05-28T18:27:20.133451276-06:00" level=debug msg="Minute: 12"
time="2024-05-28T18:27:20.133578801-06:00" level=debug msg="Number of Invocations this iteration: 8"
time="2024-05-28T18:27:20.133652342-06:00" level=debug msg="Invoking: cartservice-4mf3mt3nhec7292n4auc.default.192.168.1.240.sslip.io:80"
time="2024-05-28T18:27:20.145980573-06:00" level=debug msg="Invoked cartservice-4mf3mt3nhec7292n4auc.default.192.168.1.240.sslip.io in 12326 usec\n"
time="2024-05-28T18:27:27.637527888-06:00" level=debug msg="Invoking: gptj-python-lzhfozkltzapbnmdvqdz.default.192.168.1.240.sslip.io:80"
time="2024-05-28T18:27:27.647027697-06:00" level=debug msg="Invoked gptj-python-lzhfozkltzapbnmdvqdz.default.192.168.1.240.sslip.io in 9534 usec\n"
time="2024-05-28T18:27:35.141910233-06:00" level=debug msg="Invoking: gptj-python-lzhfozkltzapbnmdvqdz.default.192.168.1.240.sslip.io:80"
time="2024-05-28T18:27:35.151674131-06:00" level=debug msg="Invoked gptj-python-lzhfozkltzapbnmdvqdz.default.192.168.1.240.sslip.io in 9791 usec\n"
time="2024-05-28T18:27:42.645488355-06:00" level=debug msg="Invoking: gptj-python-lzhfozkltzapbnmdvqdz.default.192.168.1.240.sslip.io:80"
time="2024-05-28T18:27:42.655609848-06:00" level=debug msg="Invoked gptj-python-lzhfozkltzapbnmdvqdz.default.192.168.1.240.sslip.io in 10131 usec\n"
time="2024-05-28T18:27:50.149478259-06:00" level=debug msg="Invoking: cartservice-4mf3mt3nhec7292n4auc.default.192.168.1.240.sslip.io:80"
time="2024-05-28T18:27:50.16163298-06:00" level=debug msg="Invoked cartservice-4mf3mt3nhec7292n4auc.default.192.168.1.240.sslip.io in 12164 usec\n"
time="2024-05-28T18:27:57.653455152-06:00" level=debug msg="Invoking: gptj-python-lzhfozkltzapbnmdvqdz.default.192.168.1.240.sslip.io:80"
time="2024-05-28T18:27:57.66312497-06:00" level=debug msg="Invoked gptj-python-lzhfozkltzapbnmdvqdz.default.192.168.1.240.sslip.io in 9687 usec\n"
time="2024-05-28T18:28:05.157502306-06:00" level=debug msg="Invoking: gptj-python-lzhfozkltzapbnmdvqdz.default.192.168.1.240.sslip.io:80"
time="2024-05-28T18:28:05.170116022-06:00" level=debug msg="Invoked gptj-python-lzhfozkltzapbnmdvqdz.default.192.168.1.240.sslip.io in 12623 usec\n"
time="2024-05-28T18:28:12.661447134-06:00" level=debug msg="Invoking: gptj-python-lzhfozkltzapbnmdvqdz.default.192.168.1.240.sslip.io:80"
time="2024-05-28T18:28:12.671164464-06:00" level=debug msg="Invoked gptj-python-lzhfozkltzapbnmdvqdz.default.192.168.1.240.sslip.io in 9724 usec\n"
time="2024-05-28T18:28:20.130813928-06:00" level=debug msg="Minute: 13"
time="2024-05-28T18:28:20.130906452-06:00" level=debug msg="Number of Invocations this iteration: 8"
time="2024-05-28T18:28:20.131030985-06:00" level=debug msg="Invoking: cartservice-4mf3mt3nhec7292n4auc.default.192.168.1.240.sslip.io:80"
time="2024-05-28T18:28:20.144502404-06:00" level=debug msg="Invoked cartservice-4mf3mt3nhec7292n4auc.default.192.168.1.240.sslip.io in 13470 usec\n"
time="2024-05-28T18:28:27.637429032-06:00" level=debug msg="Invoking: gptj-python-lzhfozkltzapbnmdvqdz.default.192.168.1.240.sslip.io:80"
time="2024-05-28T18:28:27.647636348-06:00" level=debug msg="Invoked gptj-python-lzhfozkltzapbnmdvqdz.default.192.168.1.240.sslip.io in 10217 usec\n"
time="2024-05-28T18:28:35.142685859-06:00" level=debug msg="Invoking: gptj-python-lzhfozkltzapbnmdvqdz.default.192.168.1.240.sslip.io:80"
time="2024-05-28T18:28:35.15302095-06:00" level=debug msg="Invoked gptj-python-lzhfozkltzapbnmdvqdz.default.192.168.1.240.sslip.io in 10344 usec\n"
time="2024-05-28T18:28:42.649316109-06:00" level=debug msg="Invoking: gptj-python-lzhfozkltzapbnmdvqdz.default.192.168.1.240.sslip.io:80"
time="2024-05-28T18:28:42.660883182-06:00" level=debug msg="Invoked gptj-python-lzhfozkltzapbnmdvqdz.default.192.168.1.240.sslip.io in 11564 usec\n"
time="2024-05-28T18:28:50.153464402-06:00" level=debug msg="Invoking: cartservice-4mf3mt3nhec7292n4auc.default.192.168.1.240.sslip.io:80"
time="2024-05-28T18:28:50.165760136-06:00" level=debug msg="Invoked cartservice-4mf3mt3nhec7292n4auc.default.192.168.1.240.sslip.io in 12331 usec\n"
time="2024-05-28T18:28:57.655903813-06:00" level=debug msg="Invoking: gptj-python-lzhfozkltzapbnmdvqdz.default.192.168.1.240.sslip.io:80"
time="2024-05-28T18:28:57.668034171-06:00" level=debug msg="Invoked gptj-python-lzhfozkltzapbnmdvqdz.default.192.168.1.240.sslip.io in 12166 usec\n"
time="2024-05-28T18:29:05.161497711-06:00" level=debug msg="Invoking: gptj-python-lzhfozkltzapbnmdvqdz.default.192.168.1.240.sslip.io:80"
time="2024-05-28T18:29:05.172523721-06:00" level=debug msg="Invoked gptj-python-lzhfozkltzapbnmdvqdz.default.192.168.1.240.sslip.io in 11029 usec\n"
time="2024-05-28T18:29:12.666430574-06:00" level=debug msg="Invoking: gptj-python-lzhfozkltzapbnmdvqdz.default.192.168.1.240.sslip.io:80"
time="2024-05-28T18:29:12.676886264-06:00" level=debug msg="Invoked gptj-python-lzhfozkltzapbnmdvqdz.default.192.168.1.240.sslip.io in 10460 usec\n"
time="2024-05-28T18:29:20.133475949-06:00" level=info msg="Experiment Phase Completed"
time="2024-05-28T18:29:20.133621562-06:00" level=info msg="Issued / completed requests: 112, 112"
time="2024-05-28T18:29:20.133658847-06:00" level=info msg="Average Real RPS: 0.13 "
time="2024-05-28T18:29:20.133684093-06:00" level=info msg="Experiment finished!"
time="2024-05-28T18:29:20.133710844-06:00" level=info msg="The measured latencies are saved in rps_lat.csv"
