time="2024-05-30T03:30:51.605996154-06:00" level=debug msg="Debug logging is enabled"
time="2024-05-30T03:30:51.606160224-06:00" level=info msg="Reading the trace endpoints from the file: /users/ArunAMS/vSwarm/tools/load-generator/load.json"
time="2024-05-30T03:30:51.607421767-06:00" level=info msg="Warmup Duration: 3"
time="2024-05-30T03:30:51.607445644-06:00" level=info msg="Experiment Duration: 11"
time="2024-05-30T03:30:51.607464346-06:00" level=info msg="Minute Granularity: true"
time="2024-05-30T03:31:51.665472524-06:00" level=info msg="Running Warmup Phase"
time="2024-05-30T03:31:51.665550756-06:00" level=debug msg="Minute: 0"
time="2024-05-30T03:31:51.665633441-06:00" level=debug msg="Number of Invocations this iteration: 8"
time="2024-05-30T03:31:51.665743405-06:00" level=debug msg="Invoking: cartservice-qdzirhitu7ygfyldnhj2.default.192.168.1.240.sslip.io:80"
time="2024-05-30T03:31:59.166787906-06:00" level=debug msg="Invoking: gptj-python-ftgrlkdv6won9e11macq.default.192.168.1.240.sslip.io:80"
time="2024-05-30T03:32:06.667508619-06:00" level=debug msg="Invoking: gptj-python-ftgrlkdv6won9e11macq.default.192.168.1.240.sslip.io:80"
time="2024-05-30T03:32:14.173730295-06:00" level=debug msg="Invoking: gptj-python-ftgrlkdv6won9e11macq.default.192.168.1.240.sslip.io:80"
time="2024-05-30T03:32:21.677523606-06:00" level=debug msg="Invoking: cartservice-qdzirhitu7ygfyldnhj2.default.192.168.1.240.sslip.io:80"
time="2024-05-30T03:32:29.183086252-06:00" level=debug msg="Invoking: gptj-python-ftgrlkdv6won9e11macq.default.192.168.1.240.sslip.io:80"
time="2024-05-30T03:32:36.689867133-06:00" level=debug msg="Invoking: gptj-python-ftgrlkdv6won9e11macq.default.192.168.1.240.sslip.io:80"
time="2024-05-30T03:32:44.194570624-06:00" level=debug msg="Invoking: gptj-python-ftgrlkdv6won9e11macq.default.192.168.1.240.sslip.io:80"
time="2024-05-30T03:32:51.613491784-06:00" level=debug msg="Minute: 1"
time="2024-05-30T03:32:51.61358725-06:00" level=debug msg="Number of Invocations this iteration: 8"
time="2024-05-30T03:32:51.613676332-06:00" level=debug msg="Invoking: image-rotate-go-6-e21io0wbip75miym6kuu.default.192.168.1.240.sslip.io:80"
time="2024-05-30T03:32:59.120544858-06:00" level=debug msg="Invoking: gptj-python-ftgrlkdv6won9e11macq.default.192.168.1.240.sslip.io:80"
time="2024-05-30T03:33:06.622029194-06:00" level=debug msg="Invoking: gptj-python-ftgrlkdv6won9e11macq.default.192.168.1.240.sslip.io:80"
time="2024-05-30T03:33:14.125498844-06:00" level=debug msg="Invoking: gptj-python-ftgrlkdv6won9e11macq.default.192.168.1.240.sslip.io:80"
time="2024-05-30T03:33:21.629485319-06:00" level=debug msg="Invoking: cartservice-qdzirhitu7ygfyldnhj2.default.192.168.1.240.sslip.io:80"
time="2024-05-30T03:33:29.133578022-06:00" level=debug msg="Invoking: gptj-python-ftgrlkdv6won9e11macq.default.192.168.1.240.sslip.io:80"
time="2024-05-30T03:33:36.637574597-06:00" level=debug msg="Invoking: gptj-python-ftgrlkdv6won9e11macq.default.192.168.1.240.sslip.io:80"
time="2024-05-30T03:33:44.14146787-06:00" level=debug msg="Invoking: gptj-python-ftgrlkdv6won9e11macq.default.192.168.1.240.sslip.io:80"
time="2024-05-30T03:33:51.613439193-06:00" level=debug msg="Minute: 2"
time="2024-05-30T03:33:51.613550364-06:00" level=debug msg="Number of Invocations this iteration: 8"
time="2024-05-30T03:33:51.613643713-06:00" level=debug msg="Invoking: cartservice-qdzirhitu7ygfyldnhj2.default.192.168.1.240.sslip.io:80"
time="2024-05-30T03:33:59.120633945-06:00" level=debug msg="Invoking: gptj-python-ftgrlkdv6won9e11macq.default.192.168.1.240.sslip.io:80"
time="2024-05-30T03:34:06.625495855-06:00" level=debug msg="Invoking: gptj-python-ftgrlkdv6won9e11macq.default.192.168.1.240.sslip.io:80"
time="2024-05-30T03:34:14.129450262-06:00" level=debug msg="Invoking: gptj-python-ftgrlkdv6won9e11macq.default.192.168.1.240.sslip.io:80"
time="2024-05-30T03:34:21.633472083-06:00" level=debug msg="Invoking: cartservice-qdzirhitu7ygfyldnhj2.default.192.168.1.240.sslip.io:80"
time="2024-05-30T03:34:29.137490364-06:00" level=debug msg="Invoking: gptj-python-ftgrlkdv6won9e11macq.default.192.168.1.240.sslip.io:80"
time="2024-05-30T03:34:36.643351699-06:00" level=debug msg="Invoking: gptj-python-ftgrlkdv6won9e11macq.default.192.168.1.240.sslip.io:80"
time="2024-05-30T03:34:44.149480461-06:00" level=debug msg="Invoking: gptj-python-ftgrlkdv6won9e11macq.default.192.168.1.240.sslip.io:80"
time="2024-05-30T03:34:51.613468155-06:00" level=info msg="Warmup Phase Completed"
time="2024-05-30T03:34:51.61354501-06:00" level=info msg="Running Experiment Phase"
time="2024-05-30T03:34:51.613572945-06:00" level=debug msg="Minute: 3"
time="2024-05-30T03:34:51.613619182-06:00" level=debug msg="Number of Invocations this iteration: 8"
time="2024-05-30T03:34:51.613730043-06:00" level=debug msg="Invoking: cartservice-qdzirhitu7ygfyldnhj2.default.192.168.1.240.sslip.io:80"
time="2024-05-30T03:34:51.628321274-06:00" level=debug msg="Invoked cartservice-qdzirhitu7ygfyldnhj2.default.192.168.1.240.sslip.io in 14582 usec\n"
time="2024-05-30T03:34:59.117491973-06:00" level=debug msg="Invoking: gptj-python-ftgrlkdv6won9e11macq.default.192.168.1.240.sslip.io:80"
time="2024-05-30T03:34:59.128135908-06:00" level=debug msg="Invoked gptj-python-ftgrlkdv6won9e11macq.default.192.168.1.240.sslip.io in 10660 usec\n"
time="2024-05-30T03:35:06.621475336-06:00" level=debug msg="Invoking: gptj-python-ftgrlkdv6won9e11macq.default.192.168.1.240.sslip.io:80"
time="2024-05-30T03:35:06.63196516-06:00" level=debug msg="Invoked gptj-python-ftgrlkdv6won9e11macq.default.192.168.1.240.sslip.io in 10517 usec\n"
time="2024-05-30T03:35:14.125426567-06:00" level=debug msg="Invoking: gptj-python-ftgrlkdv6won9e11macq.default.192.168.1.240.sslip.io:80"
time="2024-05-30T03:35:14.13611011-06:00" level=debug msg="Invoked gptj-python-ftgrlkdv6won9e11macq.default.192.168.1.240.sslip.io in 10694 usec\n"
time="2024-05-30T03:35:21.629414923-06:00" level=debug msg="Invoking: cartservice-qdzirhitu7ygfyldnhj2.default.192.168.1.240.sslip.io:80"
time="2024-05-30T03:35:21.642199553-06:00" level=debug msg="Invoked cartservice-qdzirhitu7ygfyldnhj2.default.192.168.1.240.sslip.io in 12780 usec\n"
time="2024-05-30T03:35:29.133918319-06:00" level=debug msg="Invoking: gptj-python-ftgrlkdv6won9e11macq.default.192.168.1.240.sslip.io:80"
time="2024-05-30T03:35:29.144842126-06:00" level=debug msg="Invoked gptj-python-ftgrlkdv6won9e11macq.default.192.168.1.240.sslip.io in 11009 usec\n"
time="2024-05-30T03:35:36.637626718-06:00" level=debug msg="Invoking: gptj-python-ftgrlkdv6won9e11macq.default.192.168.1.240.sslip.io:80"
time="2024-05-30T03:35:36.648265121-06:00" level=debug msg="Invoked gptj-python-ftgrlkdv6won9e11macq.default.192.168.1.240.sslip.io in 10671 usec\n"
time="2024-05-30T03:35:44.141494401-06:00" level=debug msg="Invoking: gptj-python-ftgrlkdv6won9e11macq.default.192.168.1.240.sslip.io:80"
time="2024-05-30T03:35:44.152058107-06:00" level=debug msg="Invoked gptj-python-ftgrlkdv6won9e11macq.default.192.168.1.240.sslip.io in 10586 usec\n"
time="2024-05-30T03:35:51.613499145-06:00" level=debug msg="Minute: 4"
time="2024-05-30T03:35:51.613584938-06:00" level=debug msg="Number of Invocations this iteration: 8"
time="2024-05-30T03:35:51.613674679-06:00" level=debug msg="Invoking: rnn-serving-python-10-10-jzg9rl769tr9ptfim4mm.default.192.168.1.240.sslip.io:80"
time="2024-05-30T03:35:59.117486382-06:00" level=debug msg="Invoking: gptj-python-ftgrlkdv6won9e11macq.default.192.168.1.240.sslip.io:80"
time="2024-05-30T03:35:59.127844079-06:00" level=debug msg="Invoked gptj-python-ftgrlkdv6won9e11macq.default.192.168.1.240.sslip.io in 10366 usec\n"
time="2024-05-30T03:36:02.423462727-06:00" level=debug msg="Invoked rnn-serving-python-10-10-jzg9rl769tr9ptfim4mm.default.192.168.1.240.sslip.io in 10809786 usec\n"
time="2024-05-30T03:36:06.621495103-06:00" level=debug msg="Invoking: gptj-python-ftgrlkdv6won9e11macq.default.192.168.1.240.sslip.io:80"
time="2024-05-30T03:36:06.632894263-06:00" level=debug msg="Invoked gptj-python-ftgrlkdv6won9e11macq.default.192.168.1.240.sslip.io in 11408 usec\n"
time="2024-05-30T03:36:14.125475858-06:00" level=debug msg="Invoking: gptj-python-ftgrlkdv6won9e11macq.default.192.168.1.240.sslip.io:80"
time="2024-05-30T03:36:14.135838564-06:00" level=debug msg="Invoked gptj-python-ftgrlkdv6won9e11macq.default.192.168.1.240.sslip.io in 10373 usec\n"
time="2024-05-30T03:36:21.629479187-06:00" level=debug msg="Invoking: cartservice-qdzirhitu7ygfyldnhj2.default.192.168.1.240.sslip.io:80"
time="2024-05-30T03:36:21.64080236-06:00" level=debug msg="Invoked cartservice-qdzirhitu7ygfyldnhj2.default.192.168.1.240.sslip.io in 11331 usec\n"
time="2024-05-30T03:36:29.133514733-06:00" level=debug msg="Invoking: gptj-python-ftgrlkdv6won9e11macq.default.192.168.1.240.sslip.io:80"
time="2024-05-30T03:36:29.14421339-06:00" level=debug msg="Invoked gptj-python-ftgrlkdv6won9e11macq.default.192.168.1.240.sslip.io in 10714 usec\n"
time="2024-05-30T03:36:36.637427052-06:00" level=debug msg="Invoking: gptj-python-ftgrlkdv6won9e11macq.default.192.168.1.240.sslip.io:80"
time="2024-05-30T03:36:36.647351174-06:00" level=debug msg="Invoked gptj-python-ftgrlkdv6won9e11macq.default.192.168.1.240.sslip.io in 9933 usec\n"
time="2024-05-30T03:36:44.144699197-06:00" level=debug msg="Invoking: gptj-python-ftgrlkdv6won9e11macq.default.192.168.1.240.sslip.io:80"
time="2024-05-30T03:36:44.155626087-06:00" level=debug msg="Invoked gptj-python-ftgrlkdv6won9e11macq.default.192.168.1.240.sslip.io in 10937 usec\n"
time="2024-05-30T03:36:51.613839115-06:00" level=debug msg="Minute: 5"
time="2024-05-30T03:36:51.613930129-06:00" level=debug msg="Number of Invocations this iteration: 8"
time="2024-05-30T03:36:51.614019285-06:00" level=debug msg="Invoking: cartservice-qdzirhitu7ygfyldnhj2.default.192.168.1.240.sslip.io:80"
time="2024-05-30T03:36:51.626243805-06:00" level=debug msg="Invoked cartservice-qdzirhitu7ygfyldnhj2.default.192.168.1.240.sslip.io in 12223 usec\n"
time="2024-05-30T03:36:59.117520987-06:00" level=debug msg="Invoking: gptj-python-ftgrlkdv6won9e11macq.default.192.168.1.240.sslip.io:80"
time="2024-05-30T03:36:59.129865571-06:00" level=debug msg="Invoked gptj-python-ftgrlkdv6won9e11macq.default.192.168.1.240.sslip.io in 12357 usec\n"
time="2024-05-30T03:37:06.621468816-06:00" level=debug msg="Invoking: gptj-python-ftgrlkdv6won9e11macq.default.192.168.1.240.sslip.io:80"
time="2024-05-30T03:37:06.631484504-06:00" level=debug msg="Invoked gptj-python-ftgrlkdv6won9e11macq.default.192.168.1.240.sslip.io in 10025 usec\n"
time="2024-05-30T03:37:14.128799787-06:00" level=debug msg="Invoking: gptj-python-ftgrlkdv6won9e11macq.default.192.168.1.240.sslip.io:80"
time="2024-05-30T03:37:14.139771204-06:00" level=debug msg="Invoked gptj-python-ftgrlkdv6won9e11macq.default.192.168.1.240.sslip.io in 10981 usec\n"
time="2024-05-30T03:37:21.633461143-06:00" level=debug msg="Invoking: cartservice-qdzirhitu7ygfyldnhj2.default.192.168.1.240.sslip.io:80"
time="2024-05-30T03:37:21.64759265-06:00" level=debug msg="Invoked cartservice-qdzirhitu7ygfyldnhj2.default.192.168.1.240.sslip.io in 14135 usec\n"
time="2024-05-30T03:37:29.137514099-06:00" level=debug msg="Invoking: gptj-python-ftgrlkdv6won9e11macq.default.192.168.1.240.sslip.io:80"
time="2024-05-30T03:37:29.148234813-06:00" level=debug msg="Invoked gptj-python-ftgrlkdv6won9e11macq.default.192.168.1.240.sslip.io in 10733 usec\n"
time="2024-05-30T03:37:36.643550205-06:00" level=debug msg="Invoking: gptj-python-ftgrlkdv6won9e11macq.default.192.168.1.240.sslip.io:80"
time="2024-05-30T03:37:36.654145468-06:00" level=debug msg="Invoked gptj-python-ftgrlkdv6won9e11macq.default.192.168.1.240.sslip.io in 10603 usec\n"
time="2024-05-30T03:37:44.149434877-06:00" level=debug msg="Invoking: gptj-python-ftgrlkdv6won9e11macq.default.192.168.1.240.sslip.io:80"
time="2024-05-30T03:37:44.160221791-06:00" level=debug msg="Invoked gptj-python-ftgrlkdv6won9e11macq.default.192.168.1.240.sslip.io in 10796 usec\n"
time="2024-05-30T03:37:51.613651688-06:00" level=debug msg="Minute: 6"
time="2024-05-30T03:37:51.613740313-06:00" level=debug msg="Number of Invocations this iteration: 8"
time="2024-05-30T03:37:51.61383144-06:00" level=debug msg="Invoking: image-rotate-go-6-e21io0wbip75miym6kuu.default.192.168.1.240.sslip.io:80"
time="2024-05-30T03:37:59.120964636-06:00" level=debug msg="Invoking: gptj-python-ftgrlkdv6won9e11macq.default.192.168.1.240.sslip.io:80"
time="2024-05-30T03:37:59.132044463-06:00" level=debug msg="Invoked gptj-python-ftgrlkdv6won9e11macq.default.192.168.1.240.sslip.io in 11096 usec\n"
time="2024-05-30T03:38:04.275050883-06:00" level=debug msg="Invoked image-rotate-go-6-e21io0wbip75miym6kuu.default.192.168.1.240.sslip.io in 12661215 usec\n"
time="2024-05-30T03:38:06.621473476-06:00" level=debug msg="Invoking: gptj-python-ftgrlkdv6won9e11macq.default.192.168.1.240.sslip.io:80"
time="2024-05-30T03:38:06.631010605-06:00" level=debug msg="Invoked gptj-python-ftgrlkdv6won9e11macq.default.192.168.1.240.sslip.io in 9579 usec\n"
time="2024-05-30T03:38:14.125529667-06:00" level=debug msg="Invoking: gptj-python-ftgrlkdv6won9e11macq.default.192.168.1.240.sslip.io:80"
time="2024-05-30T03:38:14.137897068-06:00" level=debug msg="Invoked gptj-python-ftgrlkdv6won9e11macq.default.192.168.1.240.sslip.io in 12405 usec\n"
time="2024-05-30T03:38:21.630468313-06:00" level=debug msg="Invoking: cartservice-qdzirhitu7ygfyldnhj2.default.192.168.1.240.sslip.io:80"
time="2024-05-30T03:38:21.643561967-06:00" level=debug msg="Invoked cartservice-qdzirhitu7ygfyldnhj2.default.192.168.1.240.sslip.io in 13104 usec\n"
time="2024-05-30T03:38:29.137457483-06:00" level=debug msg="Invoking: gptj-python-ftgrlkdv6won9e11macq.default.192.168.1.240.sslip.io:80"
time="2024-05-30T03:38:29.147880791-06:00" level=debug msg="Invoked gptj-python-ftgrlkdv6won9e11macq.default.192.168.1.240.sslip.io in 10432 usec\n"
time="2024-05-30T03:38:36.641687934-06:00" level=debug msg="Invoking: gptj-python-ftgrlkdv6won9e11macq.default.192.168.1.240.sslip.io:80"
time="2024-05-30T03:38:36.651263922-06:00" level=debug msg="Invoked gptj-python-ftgrlkdv6won9e11macq.default.192.168.1.240.sslip.io in 9582 usec\n"
time="2024-05-30T03:38:44.145912021-06:00" level=debug msg="Invoking: gptj-python-ftgrlkdv6won9e11macq.default.192.168.1.240.sslip.io:80"
time="2024-05-30T03:38:44.156436306-06:00" level=debug msg="Invoked gptj-python-ftgrlkdv6won9e11macq.default.192.168.1.240.sslip.io in 10535 usec\n"
time="2024-05-30T03:38:51.614730523-06:00" level=debug msg="Minute: 7"
time="2024-05-30T03:38:51.614828717-06:00" level=debug msg="Number of Invocations this iteration: 8"
time="2024-05-30T03:38:51.614911013-06:00" level=debug msg="Invoking: cartservice-qdzirhitu7ygfyldnhj2.default.192.168.1.240.sslip.io:80"
time="2024-05-30T03:38:51.627071186-06:00" level=debug msg="Invoked cartservice-qdzirhitu7ygfyldnhj2.default.192.168.1.240.sslip.io in 12158 usec\n"
time="2024-05-30T03:38:59.121449445-06:00" level=debug msg="Invoking: gptj-python-ftgrlkdv6won9e11macq.default.192.168.1.240.sslip.io:80"
time="2024-05-30T03:38:59.133197347-06:00" level=debug msg="Invoked gptj-python-ftgrlkdv6won9e11macq.default.192.168.1.240.sslip.io in 11760 usec\n"
time="2024-05-30T03:39:06.625495526-06:00" level=debug msg="Invoking: gptj-python-ftgrlkdv6won9e11macq.default.192.168.1.240.sslip.io:80"
time="2024-05-30T03:39:06.635217231-06:00" level=debug msg="Invoked gptj-python-ftgrlkdv6won9e11macq.default.192.168.1.240.sslip.io in 9734 usec\n"
time="2024-05-30T03:39:14.129492142-06:00" level=debug msg="Invoking: gptj-python-ftgrlkdv6won9e11macq.default.192.168.1.240.sslip.io:80"
time="2024-05-30T03:39:14.139452719-06:00" level=debug msg="Invoked gptj-python-ftgrlkdv6won9e11macq.default.192.168.1.240.sslip.io in 9971 usec\n"
time="2024-05-30T03:39:21.633476369-06:00" level=debug msg="Invoking: cartservice-qdzirhitu7ygfyldnhj2.default.192.168.1.240.sslip.io:80"
time="2024-05-30T03:39:21.650440324-06:00" level=debug msg="Invoked cartservice-qdzirhitu7ygfyldnhj2.default.192.168.1.240.sslip.io in 16975 usec\n"
time="2024-05-30T03:39:29.134035466-06:00" level=debug msg="Invoking: gptj-python-ftgrlkdv6won9e11macq.default.192.168.1.240.sslip.io:80"
time="2024-05-30T03:39:29.145658154-06:00" level=debug msg="Invoked gptj-python-ftgrlkdv6won9e11macq.default.192.168.1.240.sslip.io in 11640 usec\n"
time="2024-05-30T03:39:36.637581111-06:00" level=debug msg="Invoking: gptj-python-ftgrlkdv6won9e11macq.default.192.168.1.240.sslip.io:80"
time="2024-05-30T03:39:36.648118129-06:00" level=debug msg="Invoked gptj-python-ftgrlkdv6won9e11macq.default.192.168.1.240.sslip.io in 10635 usec\n"
time="2024-05-30T03:39:44.142127753-06:00" level=debug msg="Invoking: gptj-python-ftgrlkdv6won9e11macq.default.192.168.1.240.sslip.io:80"
time="2024-05-30T03:39:44.152574477-06:00" level=debug msg="Invoked gptj-python-ftgrlkdv6won9e11macq.default.192.168.1.240.sslip.io in 10455 usec\n"
time="2024-05-30T03:39:51.614693704-06:00" level=debug msg="Minute: 8"
time="2024-05-30T03:39:51.614833297-06:00" level=debug msg="Number of Invocations this iteration: 8"
time="2024-05-30T03:39:51.61490795-06:00" level=debug msg="Invoking: cartservice-qdzirhitu7ygfyldnhj2.default.192.168.1.240.sslip.io:80"
time="2024-05-30T03:39:51.626625238-06:00" level=debug msg="Invoked cartservice-qdzirhitu7ygfyldnhj2.default.192.168.1.240.sslip.io in 11716 usec\n"
time="2024-05-30T03:39:59.121484259-06:00" level=debug msg="Invoking: gptj-python-ftgrlkdv6won9e11macq.default.192.168.1.240.sslip.io:80"
time="2024-05-30T03:39:59.131302275-06:00" level=debug msg="Invoked gptj-python-ftgrlkdv6won9e11macq.default.192.168.1.240.sslip.io in 9826 usec\n"
time="2024-05-30T03:40:06.627339987-06:00" level=debug msg="Invoking: gptj-python-ftgrlkdv6won9e11macq.default.192.168.1.240.sslip.io:80"
time="2024-05-30T03:40:06.638752704-06:00" level=debug msg="Invoked gptj-python-ftgrlkdv6won9e11macq.default.192.168.1.240.sslip.io in 11422 usec\n"
time="2024-05-30T03:40:14.133520247-06:00" level=debug msg="Invoking: gptj-python-ftgrlkdv6won9e11macq.default.192.168.1.240.sslip.io:80"
time="2024-05-30T03:40:14.151416688-06:00" level=debug msg="Invoked gptj-python-ftgrlkdv6won9e11macq.default.192.168.1.240.sslip.io in 17907 usec\n"
time="2024-05-30T03:40:21.640797944-06:00" level=debug msg="Invoking: cartservice-qdzirhitu7ygfyldnhj2.default.192.168.1.240.sslip.io:80"
time="2024-05-30T03:40:21.651897998-06:00" level=debug msg="Invoked cartservice-qdzirhitu7ygfyldnhj2.default.192.168.1.240.sslip.io in 11110 usec\n"
time="2024-05-30T03:40:29.146080194-06:00" level=debug msg="Invoking: gptj-python-ftgrlkdv6won9e11macq.default.192.168.1.240.sslip.io:80"
time="2024-05-30T03:40:29.155381601-06:00" level=debug msg="Invoked gptj-python-ftgrlkdv6won9e11macq.default.192.168.1.240.sslip.io in 9311 usec\n"
time="2024-05-30T03:40:36.649508393-06:00" level=debug msg="Invoking: gptj-python-ftgrlkdv6won9e11macq.default.192.168.1.240.sslip.io:80"
time="2024-05-30T03:40:36.660467857-06:00" level=debug msg="Invoked gptj-python-ftgrlkdv6won9e11macq.default.192.168.1.240.sslip.io in 10970 usec\n"
time="2024-05-30T03:40:44.153474563-06:00" level=debug msg="Invoking: gptj-python-ftgrlkdv6won9e11macq.default.192.168.1.240.sslip.io:80"
time="2024-05-30T03:40:44.163908911-06:00" level=debug msg="Invoked gptj-python-ftgrlkdv6won9e11macq.default.192.168.1.240.sslip.io in 10445 usec\n"
time="2024-05-30T03:40:51.613466728-06:00" level=debug msg="Minute: 9"
time="2024-05-30T03:40:51.613566797-06:00" level=debug msg="Number of Invocations this iteration: 8"
time="2024-05-30T03:40:51.613659603-06:00" level=debug msg="Invoking: cartservice-qdzirhitu7ygfyldnhj2.default.192.168.1.240.sslip.io:80"
time="2024-05-30T03:40:51.626080025-06:00" level=debug msg="Invoked cartservice-qdzirhitu7ygfyldnhj2.default.192.168.1.240.sslip.io in 12418 usec\n"
time="2024-05-30T03:40:59.117504225-06:00" level=debug msg="Invoking: gptj-python-ftgrlkdv6won9e11macq.default.192.168.1.240.sslip.io:80"
time="2024-05-30T03:40:59.127933816-06:00" level=debug msg="Invoked gptj-python-ftgrlkdv6won9e11macq.default.192.168.1.240.sslip.io in 10440 usec\n"
time="2024-05-30T03:41:06.621481253-06:00" level=debug msg="Invoking: gptj-python-ftgrlkdv6won9e11macq.default.192.168.1.240.sslip.io:80"
time="2024-05-30T03:41:06.63159048-06:00" level=debug msg="Invoked gptj-python-ftgrlkdv6won9e11macq.default.192.168.1.240.sslip.io in 10087 usec\n"
time="2024-05-30T03:41:14.12899862-06:00" level=debug msg="Invoking: gptj-python-ftgrlkdv6won9e11macq.default.192.168.1.240.sslip.io:80"
time="2024-05-30T03:41:14.139770851-06:00" level=debug msg="Invoked gptj-python-ftgrlkdv6won9e11macq.default.192.168.1.240.sslip.io in 10781 usec\n"
time="2024-05-30T03:41:21.633488201-06:00" level=debug msg="Invoking: cartservice-qdzirhitu7ygfyldnhj2.default.192.168.1.240.sslip.io:80"
time="2024-05-30T03:41:21.647659273-06:00" level=debug msg="Invoked cartservice-qdzirhitu7ygfyldnhj2.default.192.168.1.240.sslip.io in 14179 usec\n"
time="2024-05-30T03:41:29.134274169-06:00" level=debug msg="Invoking: gptj-python-ftgrlkdv6won9e11macq.default.192.168.1.240.sslip.io:80"
time="2024-05-30T03:41:29.145816607-06:00" level=debug msg="Invoked gptj-python-ftgrlkdv6won9e11macq.default.192.168.1.240.sslip.io in 11697 usec\n"
time="2024-05-30T03:41:36.637485519-06:00" level=debug msg="Invoking: gptj-python-ftgrlkdv6won9e11macq.default.192.168.1.240.sslip.io:80"
time="2024-05-30T03:41:36.64708302-06:00" level=debug msg="Invoked gptj-python-ftgrlkdv6won9e11macq.default.192.168.1.240.sslip.io in 9611 usec\n"
time="2024-05-30T03:41:44.141482125-06:00" level=debug msg="Invoking: gptj-python-ftgrlkdv6won9e11macq.default.192.168.1.240.sslip.io:80"
time="2024-05-30T03:41:44.151799282-06:00" level=debug msg="Invoked gptj-python-ftgrlkdv6won9e11macq.default.192.168.1.240.sslip.io in 10327 usec\n"
time="2024-05-30T03:41:51.613468317-06:00" level=debug msg="Minute: 10"
time="2024-05-30T03:41:51.613603211-06:00" level=debug msg="Number of Invocations this iteration: 8"
time="2024-05-30T03:41:51.613684401-06:00" level=debug msg="Invoking: rnn-serving-python-10-10-jzg9rl769tr9ptfim4mm.default.192.168.1.240.sslip.io:80"
time="2024-05-30T03:41:59.117496268-06:00" level=debug msg="Invoking: gptj-python-ftgrlkdv6won9e11macq.default.192.168.1.240.sslip.io:80"
time="2024-05-30T03:41:59.127944329-06:00" level=debug msg="Invoked gptj-python-ftgrlkdv6won9e11macq.default.192.168.1.240.sslip.io in 10458 usec\n"
time="2024-05-30T03:42:02.278312661-06:00" level=debug msg="Invoked rnn-serving-python-10-10-jzg9rl769tr9ptfim4mm.default.192.168.1.240.sslip.io in 10664628 usec\n"
time="2024-05-30T03:42:06.621423473-06:00" level=debug msg="Invoking: gptj-python-ftgrlkdv6won9e11macq.default.192.168.1.240.sslip.io:80"
time="2024-05-30T03:42:06.630969273-06:00" level=debug msg="Invoked gptj-python-ftgrlkdv6won9e11macq.default.192.168.1.240.sslip.io in 9558 usec\n"
time="2024-05-30T03:42:14.121484684-06:00" level=debug msg="Invoking: gptj-python-ftgrlkdv6won9e11macq.default.192.168.1.240.sslip.io:80"
time="2024-05-30T03:42:14.132262042-06:00" level=debug msg="Invoked gptj-python-ftgrlkdv6won9e11macq.default.192.168.1.240.sslip.io in 10786 usec\n"
time="2024-05-30T03:42:21.625430649-06:00" level=debug msg="Invoking: cartservice-qdzirhitu7ygfyldnhj2.default.192.168.1.240.sslip.io:80"
time="2024-05-30T03:42:21.637574114-06:00" level=debug msg="Invoked cartservice-qdzirhitu7ygfyldnhj2.default.192.168.1.240.sslip.io in 12154 usec\n"
time="2024-05-30T03:42:29.129495809-06:00" level=debug msg="Invoking: gptj-python-ftgrlkdv6won9e11macq.default.192.168.1.240.sslip.io:80"
time="2024-05-30T03:42:29.139583673-06:00" level=debug msg="Invoked gptj-python-ftgrlkdv6won9e11macq.default.192.168.1.240.sslip.io in 10098 usec\n"
time="2024-05-30T03:42:36.633542152-06:00" level=debug msg="Invoking: gptj-python-ftgrlkdv6won9e11macq.default.192.168.1.240.sslip.io:80"
time="2024-05-30T03:42:36.644173813-06:00" level=debug msg="Invoked gptj-python-ftgrlkdv6won9e11macq.default.192.168.1.240.sslip.io in 10642 usec\n"
time="2024-05-30T03:42:44.140507246-06:00" level=debug msg="Invoking: gptj-python-ftgrlkdv6won9e11macq.default.192.168.1.240.sslip.io:80"
time="2024-05-30T03:42:44.151099804-06:00" level=debug msg="Invoked gptj-python-ftgrlkdv6won9e11macq.default.192.168.1.240.sslip.io in 10604 usec\n"
time="2024-05-30T03:42:51.614350317-06:00" level=debug msg="Minute: 11"
time="2024-05-30T03:42:51.614463854-06:00" level=debug msg="Number of Invocations this iteration: 8"
time="2024-05-30T03:42:51.614547396-06:00" level=debug msg="Invoking: image-rotate-go-6-e21io0wbip75miym6kuu.default.192.168.1.240.sslip.io:80"
time="2024-05-30T03:42:59.121643687-06:00" level=debug msg="Invoking: gptj-python-ftgrlkdv6won9e11macq.default.192.168.1.240.sslip.io:80"
time="2024-05-30T03:42:59.132729895-06:00" level=debug msg="Invoked gptj-python-ftgrlkdv6won9e11macq.default.192.168.1.240.sslip.io in 11095 usec\n"
time="2024-05-30T03:43:03.808669011-06:00" level=debug msg="Invoked image-rotate-go-6-e21io0wbip75miym6kuu.default.192.168.1.240.sslip.io in 12194122 usec\n"
time="2024-05-30T03:43:06.624492501-06:00" level=debug msg="Invoking: gptj-python-ftgrlkdv6won9e11macq.default.192.168.1.240.sslip.io:80"
time="2024-05-30T03:43:06.635918929-06:00" level=debug msg="Invoked gptj-python-ftgrlkdv6won9e11macq.default.192.168.1.240.sslip.io in 11458 usec\n"
time="2024-05-30T03:43:14.129487044-06:00" level=debug msg="Invoking: gptj-python-ftgrlkdv6won9e11macq.default.192.168.1.240.sslip.io:80"
time="2024-05-30T03:43:14.140074518-06:00" level=debug msg="Invoked gptj-python-ftgrlkdv6won9e11macq.default.192.168.1.240.sslip.io in 10598 usec\n"
time="2024-05-30T03:43:21.633437201-06:00" level=debug msg="Invoking: cartservice-qdzirhitu7ygfyldnhj2.default.192.168.1.240.sslip.io:80"
time="2024-05-30T03:43:21.647918798-06:00" level=debug msg="Invoked cartservice-qdzirhitu7ygfyldnhj2.default.192.168.1.240.sslip.io in 14479 usec\n"
time="2024-05-30T03:43:29.134728341-06:00" level=debug msg="Invoking: gptj-python-ftgrlkdv6won9e11macq.default.192.168.1.240.sslip.io:80"
time="2024-05-30T03:43:29.146904996-06:00" level=debug msg="Invoked gptj-python-ftgrlkdv6won9e11macq.default.192.168.1.240.sslip.io in 12184 usec\n"
time="2024-05-30T03:43:36.641469869-06:00" level=debug msg="Invoking: gptj-python-ftgrlkdv6won9e11macq.default.192.168.1.240.sslip.io:80"
time="2024-05-30T03:43:36.651898714-06:00" level=debug msg="Invoked gptj-python-ftgrlkdv6won9e11macq.default.192.168.1.240.sslip.io in 10454 usec\n"
time="2024-05-30T03:43:44.145487923-06:00" level=debug msg="Invoking: gptj-python-ftgrlkdv6won9e11macq.default.192.168.1.240.sslip.io:80"
time="2024-05-30T03:43:44.156097285-06:00" level=debug msg="Invoked gptj-python-ftgrlkdv6won9e11macq.default.192.168.1.240.sslip.io in 10643 usec\n"
time="2024-05-30T03:43:51.608575561-06:00" level=debug msg="Minute: 12"
time="2024-05-30T03:43:51.608712361-06:00" level=debug msg="Number of Invocations this iteration: 8"
time="2024-05-30T03:43:51.608787044-06:00" level=debug msg="Invoking: cartservice-qdzirhitu7ygfyldnhj2.default.192.168.1.240.sslip.io:80"
time="2024-05-30T03:43:51.621020471-06:00" level=debug msg="Invoked cartservice-qdzirhitu7ygfyldnhj2.default.192.168.1.240.sslip.io in 12231 usec\n"
time="2024-05-30T03:43:59.113423152-06:00" level=debug msg="Invoking: gptj-python-ftgrlkdv6won9e11macq.default.192.168.1.240.sslip.io:80"
time="2024-05-30T03:43:59.123545599-06:00" level=debug msg="Invoked gptj-python-ftgrlkdv6won9e11macq.default.192.168.1.240.sslip.io in 10131 usec\n"
time="2024-05-30T03:44:06.618895655-06:00" level=debug msg="Invoking: gptj-python-ftgrlkdv6won9e11macq.default.192.168.1.240.sslip.io:80"
time="2024-05-30T03:44:06.62977036-06:00" level=debug msg="Invoked gptj-python-ftgrlkdv6won9e11macq.default.192.168.1.240.sslip.io in 10885 usec\n"
time="2024-05-30T03:44:14.125477193-06:00" level=debug msg="Invoking: gptj-python-ftgrlkdv6won9e11macq.default.192.168.1.240.sslip.io:80"
time="2024-05-30T03:44:14.136689296-06:00" level=debug msg="Invoked gptj-python-ftgrlkdv6won9e11macq.default.192.168.1.240.sslip.io in 11232 usec\n"
time="2024-05-30T03:44:21.632130358-06:00" level=debug msg="Invoking: cartservice-qdzirhitu7ygfyldnhj2.default.192.168.1.240.sslip.io:80"
time="2024-05-30T03:44:21.642875707-06:00" level=debug msg="Invoked cartservice-qdzirhitu7ygfyldnhj2.default.192.168.1.240.sslip.io in 10756 usec\n"
time="2024-05-30T03:44:29.137607092-06:00" level=debug msg="Invoking: gptj-python-ftgrlkdv6won9e11macq.default.192.168.1.240.sslip.io:80"
time="2024-05-30T03:44:29.147788775-06:00" level=debug msg="Invoked gptj-python-ftgrlkdv6won9e11macq.default.192.168.1.240.sslip.io in 10191 usec\n"
time="2024-05-30T03:44:36.644353915-06:00" level=debug msg="Invoking: gptj-python-ftgrlkdv6won9e11macq.default.192.168.1.240.sslip.io:80"
time="2024-05-30T03:44:36.654774023-06:00" level=debug msg="Invoked gptj-python-ftgrlkdv6won9e11macq.default.192.168.1.240.sslip.io in 10431 usec\n"
time="2024-05-30T03:44:44.149446605-06:00" level=debug msg="Invoking: gptj-python-ftgrlkdv6won9e11macq.default.192.168.1.240.sslip.io:80"
time="2024-05-30T03:44:44.159527154-06:00" level=debug msg="Invoked gptj-python-ftgrlkdv6won9e11macq.default.192.168.1.240.sslip.io in 10089 usec\n"
time="2024-05-30T03:44:51.613489207-06:00" level=debug msg="Minute: 13"
time="2024-05-30T03:44:51.613590588-06:00" level=debug msg="Number of Invocations this iteration: 8"
time="2024-05-30T03:44:51.613682565-06:00" level=debug msg="Invoking: cartservice-qdzirhitu7ygfyldnhj2.default.192.168.1.240.sslip.io:80"
time="2024-05-30T03:44:51.626788054-06:00" level=debug msg="Invoked cartservice-qdzirhitu7ygfyldnhj2.default.192.168.1.240.sslip.io in 13103 usec\n"
time="2024-05-30T03:44:59.117453633-06:00" level=debug msg="Invoking: gptj-python-ftgrlkdv6won9e11macq.default.192.168.1.240.sslip.io:80"
time="2024-05-30T03:44:59.135166547-06:00" level=debug msg="Invoked gptj-python-ftgrlkdv6won9e11macq.default.192.168.1.240.sslip.io in 17724 usec\n"
time="2024-05-30T03:45:06.621492029-06:00" level=debug msg="Invoking: gptj-python-ftgrlkdv6won9e11macq.default.192.168.1.240.sslip.io:80"
time="2024-05-30T03:45:06.632876721-06:00" level=debug msg="Invoked gptj-python-ftgrlkdv6won9e11macq.default.192.168.1.240.sslip.io in 11396 usec\n"
time="2024-05-30T03:45:14.125512075-06:00" level=debug msg="Invoking: gptj-python-ftgrlkdv6won9e11macq.default.192.168.1.240.sslip.io:80"
time="2024-05-30T03:45:14.13628894-06:00" level=debug msg="Invoked gptj-python-ftgrlkdv6won9e11macq.default.192.168.1.240.sslip.io in 10790 usec\n"
time="2024-05-30T03:45:21.629449662-06:00" level=debug msg="Invoking: cartservice-qdzirhitu7ygfyldnhj2.default.192.168.1.240.sslip.io:80"
time="2024-05-30T03:45:21.64171852-06:00" level=debug msg="Invoked cartservice-qdzirhitu7ygfyldnhj2.default.192.168.1.240.sslip.io in 12274 usec\n"
time="2024-05-30T03:45:29.133455327-06:00" level=debug msg="Invoking: gptj-python-ftgrlkdv6won9e11macq.default.192.168.1.240.sslip.io:80"
time="2024-05-30T03:45:29.14474091-06:00" level=debug msg="Invoked gptj-python-ftgrlkdv6won9e11macq.default.192.168.1.240.sslip.io in 11287 usec\n"
time="2024-05-30T03:45:36.637517351-06:00" level=debug msg="Invoking: gptj-python-ftgrlkdv6won9e11macq.default.192.168.1.240.sslip.io:80"
time="2024-05-30T03:45:36.648271751-06:00" level=debug msg="Invoked gptj-python-ftgrlkdv6won9e11macq.default.192.168.1.240.sslip.io in 10763 usec\n"
time="2024-05-30T03:45:44.141523731-06:00" level=debug msg="Invoking: gptj-python-ftgrlkdv6won9e11macq.default.192.168.1.240.sslip.io:80"
time="2024-05-30T03:45:44.154169844-06:00" level=debug msg="Invoked gptj-python-ftgrlkdv6won9e11macq.default.192.168.1.240.sslip.io in 12679 usec\n"
time="2024-05-30T03:45:51.613483255-06:00" level=info msg="Experiment Phase Completed"
time="2024-05-30T03:45:51.613608962-06:00" level=info msg="Issued / completed requests: 112, 112"
time="2024-05-30T03:45:51.613644608-06:00" level=info msg="Average Real RPS: 0.13 "
time="2024-05-30T03:45:51.613669742-06:00" level=info msg="Experiment finished!"
time="2024-05-30T03:45:51.613695858-06:00" level=info msg="The measured latencies are saved in rps_lat.csv"
