time="2024-05-30T10:24:11.587532402-06:00" level=info msg="Reading the endpoints from the file: video-analytics-standalone-python-70-400/endpoints.json"
time="2024-05-30T10:26:28.797729465-06:00" level=warning msg="Failed to invoke video-analytics-standalone-python-70-u4mhnq0.default.192.168.1.240.sslip.io:80, err=rpc error: code = DeadlineExceeded desc = context deadline exceeded"
time="2024-05-30T10:26:39.711912374-06:00" level=warning msg="Failed to invoke video-analytics-standalone-python-70-u4mhnq0.default.192.168.1.240.sslip.io:80, err=rpc error: code = DeadlineExceeded desc = context deadline exceeded"
time="2024-05-30T10:26:50.596717474-06:00" level=warning msg="Failed to invoke video-analytics-standalone-python-70-u4mhnq0.default.192.168.1.240.sslip.io:80, err=rpc error: code = Unavailable desc = upstream request timeout"
time="2024-05-30T10:27:01.4968673-06:00" level=warning msg="Failed to invoke video-analytics-standalone-python-70-u4mhnq0.default.192.168.1.240.sslip.io:80, err=rpc error: code = Unavailable desc = upstream request timeout"
time="2024-05-30T10:27:12.407892282-06:00" level=warning msg="Failed to invoke video-analytics-standalone-python-70-u4mhnq0.default.192.168.1.240.sslip.io:80, err=rpc error: code = DeadlineExceeded desc = context deadline exceeded"
time="2024-05-30T10:27:23.304347005-06:00" level=warning msg="Failed to invoke video-analytics-standalone-python-70-u4mhnq0.default.192.168.1.240.sslip.io:80, err=rpc error: code = Unavailable desc = upstream request timeout"
time="2024-05-30T10:27:34.201977334-06:00" level=warning msg="Failed to invoke video-analytics-standalone-python-70-u4mhnq0.default.192.168.1.240.sslip.io:80, err=rpc error: code = Unavailable desc = upstream request timeout"
time="2024-05-30T10:27:45.109785869-06:00" level=warning msg="Failed to invoke video-analytics-standalone-python-70-u4mhnq0.default.192.168.1.240.sslip.io:80, err=rpc error: code = Unavailable desc = upstream request timeout"
time="2024-05-30T10:27:56.004685942-06:00" level=warning msg="Failed to invoke video-analytics-standalone-python-70-u4mhnq0.default.192.168.1.240.sslip.io:80, err=rpc error: code = Unavailable desc = upstream request timeout"
time="2024-05-30T10:28:06.911336406-06:00" level=warning msg="Failed to invoke video-analytics-standalone-python-70-u4mhnq0.default.192.168.1.240.sslip.io:80, err=rpc error: code = Unavailable desc = upstream request timeout"
time="2024-05-30T10:28:17.819612909-06:00" level=warning msg="Failed to invoke video-analytics-standalone-python-70-u4mhnq0.default.192.168.1.240.sslip.io:80, err=rpc error: code = Unavailable desc = upstream request timeout"
time="2024-05-30T10:28:28.713151857-06:00" level=warning msg="Failed to invoke video-analytics-standalone-python-70-u4mhnq0.default.192.168.1.240.sslip.io:80, err=rpc error: code = DeadlineExceeded desc = context deadline exceeded"
time="2024-05-30T10:28:39.62063483-06:00" level=warning msg="Failed to invoke video-analytics-standalone-python-70-u4mhnq0.default.192.168.1.240.sslip.io:80, err=rpc error: code = DeadlineExceeded desc = context deadline exceeded"
time="2024-05-30T10:28:50.523868573-06:00" level=warning msg="Failed to invoke video-analytics-standalone-python-70-u4mhnq0.default.192.168.1.240.sslip.io:80, err=rpc error: code = DeadlineExceeded desc = context deadline exceeded"
time="2024-05-30T10:29:01.4195224-06:00" level=warning msg="Failed to invoke video-analytics-standalone-python-70-u4mhnq0.default.192.168.1.240.sslip.io:80, err=rpc error: code = Unavailable desc = upstream request timeout"
time="2024-05-30T10:29:12.321191103-06:00" level=warning msg="Failed to invoke video-analytics-standalone-python-70-u4mhnq0.default.192.168.1.240.sslip.io:80, err=rpc error: code = Unavailable desc = upstream request timeout"
time="2024-05-30T10:29:23.225027386-06:00" level=warning msg="Failed to invoke video-analytics-standalone-python-70-u4mhnq0.default.192.168.1.240.sslip.io:80, err=rpc error: code = DeadlineExceeded desc = context deadline exceeded"
time="2024-05-30T10:29:34.124766301-06:00" level=warning msg="Failed to invoke video-analytics-standalone-python-70-u4mhnq0.default.192.168.1.240.sslip.io:80, err=rpc error: code = Unavailable desc = upstream request timeout"
time="2024-05-30T10:29:45.025670883-06:00" level=warning msg="Failed to invoke video-analytics-standalone-python-70-u4mhnq0.default.192.168.1.240.sslip.io:80, err=rpc error: code = Unavailable desc = upstream request timeout"
time="2024-05-30T10:29:55.928943579-06:00" level=warning msg="Failed to invoke video-analytics-standalone-python-70-u4mhnq0.default.192.168.1.240.sslip.io:80, err=rpc error: code = Unavailable desc = upstream request timeout"
time="2024-05-30T10:30:06.835357556-06:00" level=warning msg="Failed to invoke video-analytics-standalone-python-70-u4mhnq0.default.192.168.1.240.sslip.io:80, err=rpc error: code = Unavailable desc = upstream request timeout"
time="2024-05-30T10:30:17.743650312-06:00" level=warning msg="Failed to invoke video-analytics-standalone-python-70-u4mhnq0.default.192.168.1.240.sslip.io:80, err=rpc error: code = Unavailable desc = upstream request timeout"
time="2024-05-30T10:30:28.636148091-06:00" level=warning msg="Failed to invoke video-analytics-standalone-python-70-u4mhnq0.default.192.168.1.240.sslip.io:80, err=rpc error: code = Unavailable desc = upstream request timeout"
time="2024-05-30T10:30:39.533655202-06:00" level=warning msg="Failed to invoke video-analytics-standalone-python-70-u4mhnq0.default.192.168.1.240.sslip.io:80, err=rpc error: code = Unavailable desc = upstream request timeout"
time="2024-05-30T10:30:50.509606148-06:00" level=warning msg="Failed to invoke video-analytics-standalone-python-70-u4mhnq0.default.192.168.1.240.sslip.io:80, err=rpc error: code = Unavailable desc = upstream request timeout"
time="2024-05-30T10:31:01.340116601-06:00" level=warning msg="Failed to invoke video-analytics-standalone-python-70-u4mhnq0.default.192.168.1.240.sslip.io:80, err=rpc error: code = DeadlineExceeded desc = context deadline exceeded"
time="2024-05-30T10:31:12.238861827-06:00" level=warning msg="Failed to invoke video-analytics-standalone-python-70-u4mhnq0.default.192.168.1.240.sslip.io:80, err=rpc error: code = Unavailable desc = upstream request timeout"
time="2024-05-30T10:31:23.143081674-06:00" level=warning msg="Failed to invoke video-analytics-standalone-python-70-u4mhnq0.default.192.168.1.240.sslip.io:80, err=rpc error: code = Unavailable desc = upstream request timeout"
time="2024-05-30T10:31:34.045322738-06:00" level=warning msg="Failed to invoke video-analytics-standalone-python-70-u4mhnq0.default.192.168.1.240.sslip.io:80, err=rpc error: code = Unavailable desc = upstream request timeout"
time="2024-05-30T10:31:44.945760644-06:00" level=warning msg="Failed to invoke video-analytics-standalone-python-70-u4mhnq0.default.192.168.1.240.sslip.io:80, err=rpc error: code = Unavailable desc = upstream request timeout"
time="2024-05-30T10:31:55.852386506-06:00" level=warning msg="Failed to invoke video-analytics-standalone-python-70-u4mhnq0.default.192.168.1.240.sslip.io:80, err=rpc error: code = Unavailable desc = upstream request timeout"
time="2024-05-30T10:32:06.751183051-06:00" level=warning msg="Failed to invoke video-analytics-standalone-python-70-u4mhnq0.default.192.168.1.240.sslip.io:80, err=rpc error: code = Unavailable desc = upstream request timeout"
time="2024-05-30T10:32:17.654339646-06:00" level=warning msg="Failed to invoke video-analytics-standalone-python-70-u4mhnq0.default.192.168.1.240.sslip.io:80, err=rpc error: code = Unavailable desc = upstream request timeout"
time="2024-05-30T10:32:28.553532428-06:00" level=warning msg="Failed to invoke video-analytics-standalone-python-70-u4mhnq0.default.192.168.1.240.sslip.io:80, err=rpc error: code = Unavailable desc = upstream request timeout"
time="2024-05-30T10:32:39.456421158-06:00" level=warning msg="Failed to invoke video-analytics-standalone-python-70-u4mhnq0.default.192.168.1.240.sslip.io:80, err=rpc error: code = DeadlineExceeded desc = context deadline exceeded"
time="2024-05-30T10:32:50.35858831-06:00" level=warning msg="Failed to invoke video-analytics-standalone-python-70-u4mhnq0.default.192.168.1.240.sslip.io:80, err=rpc error: code = Unavailable desc = upstream request timeout"
time="2024-05-30T10:33:01.259913426-06:00" level=warning msg="Failed to invoke video-analytics-standalone-python-70-u4mhnq0.default.192.168.1.240.sslip.io:80, err=rpc error: code = DeadlineExceeded desc = context deadline exceeded"
time="2024-05-30T10:33:12.165741919-06:00" level=warning msg="Failed to invoke video-analytics-standalone-python-70-u4mhnq0.default.192.168.1.240.sslip.io:80, err=rpc error: code = Unavailable desc = upstream request timeout"
time="2024-05-30T10:33:23.065876362-06:00" level=warning msg="Failed to invoke video-analytics-standalone-python-70-u4mhnq0.default.192.168.1.240.sslip.io:80, err=rpc error: code = DeadlineExceeded desc = context deadline exceeded"
time="2024-05-30T10:33:33.967392983-06:00" level=warning msg="Failed to invoke video-analytics-standalone-python-70-u4mhnq0.default.192.168.1.240.sslip.io:80, err=rpc error: code = Unavailable desc = upstream request timeout"
time="2024-05-30T10:33:44.868241574-06:00" level=warning msg="Failed to invoke video-analytics-standalone-python-70-u4mhnq0.default.192.168.1.240.sslip.io:80, err=rpc error: code = Unavailable desc = upstream request timeout"
time="2024-05-30T10:33:55.767920951-06:00" level=warning msg="Failed to invoke video-analytics-standalone-python-70-u4mhnq0.default.192.168.1.240.sslip.io:80, err=rpc error: code = Unavailable desc = upstream request timeout"
time="2024-05-30T10:34:06.672871359-06:00" level=warning msg="Failed to invoke video-analytics-standalone-python-70-u4mhnq0.default.192.168.1.240.sslip.io:80, err=rpc error: code = Unavailable desc = upstream request timeout"
time="2024-05-30T10:34:17.575201501-06:00" level=warning msg="Failed to invoke video-analytics-standalone-python-70-u4mhnq0.default.192.168.1.240.sslip.io:80, err=rpc error: code = Unavailable desc = upstream request timeout"
time="2024-05-30T10:34:28.477504181-06:00" level=warning msg="Failed to invoke video-analytics-standalone-python-70-u4mhnq0.default.192.168.1.240.sslip.io:80, err=rpc error: code = Unavailable desc = upstream request timeout"
time="2024-05-30T10:34:39.378816562-06:00" level=warning msg="Failed to invoke video-analytics-standalone-python-70-u4mhnq0.default.192.168.1.240.sslip.io:80, err=rpc error: code = Unavailable desc = upstream request timeout"
time="2024-05-30T10:34:50.277495681-06:00" level=warning msg="Failed to invoke video-analytics-standalone-python-70-u4mhnq0.default.192.168.1.240.sslip.io:80, err=rpc error: code = Unavailable desc = upstream request timeout"
time="2024-05-30T10:35:01.17898449-06:00" level=warning msg="Failed to invoke video-analytics-standalone-python-70-u4mhnq0.default.192.168.1.240.sslip.io:80, err=rpc error: code = Unavailable desc = upstream request timeout"
time="2024-05-30T10:35:12.083117558-06:00" level=warning msg="Failed to invoke video-analytics-standalone-python-70-u4mhnq0.default.192.168.1.240.sslip.io:80, err=rpc error: code = Unavailable desc = upstream request timeout"
time="2024-05-30T10:35:22.98360283-06:00" level=warning msg="Failed to invoke video-analytics-standalone-python-70-u4mhnq0.default.192.168.1.240.sslip.io:80, err=rpc error: code = Unavailable desc = upstream request timeout"
time="2024-05-30T10:35:33.889553361-06:00" level=warning msg="Failed to invoke video-analytics-standalone-python-70-u4mhnq0.default.192.168.1.240.sslip.io:80, err=rpc error: code = Unavailable desc = upstream request timeout"
time="2024-05-30T10:35:44.787305452-06:00" level=warning msg="Failed to invoke video-analytics-standalone-python-70-u4mhnq0.default.192.168.1.240.sslip.io:80, err=rpc error: code = Unavailable desc = upstream request timeout"
time="2024-05-30T10:35:55.686704833-06:00" level=warning msg="Failed to invoke video-analytics-standalone-python-70-u4mhnq0.default.192.168.1.240.sslip.io:80, err=rpc error: code = Unavailable desc = upstream request timeout"
time="2024-05-30T10:36:06.592625623-06:00" level=warning msg="Failed to invoke video-analytics-standalone-python-70-u4mhnq0.default.192.168.1.240.sslip.io:80, err=rpc error: code = Unavailable desc = upstream request timeout"
time="2024-05-30T10:36:17.491766426-06:00" level=warning msg="Failed to invoke video-analytics-standalone-python-70-u4mhnq0.default.192.168.1.240.sslip.io:80, err=rpc error: code = Unavailable desc = upstream request timeout"
time="2024-05-30T10:36:28.392479279-06:00" level=warning msg="Failed to invoke video-analytics-standalone-python-70-u4mhnq0.default.192.168.1.240.sslip.io:80, err=rpc error: code = Unavailable desc = upstream request timeout"
time="2024-05-30T10:36:39.294430978-06:00" level=warning msg="Failed to invoke video-analytics-standalone-python-70-u4mhnq0.default.192.168.1.240.sslip.io:80, err=rpc error: code = Unavailable desc = upstream request timeout"
time="2024-05-30T10:36:50.201280986-06:00" level=warning msg="Failed to invoke video-analytics-standalone-python-70-u4mhnq0.default.192.168.1.240.sslip.io:80, err=rpc error: code = DeadlineExceeded desc = context deadline exceeded"
time="2024-05-30T10:37:01.097120535-06:00" level=warning msg="Failed to invoke video-analytics-standalone-python-70-u4mhnq0.default.192.168.1.240.sslip.io:80, err=rpc error: code = Unavailable desc = upstream request timeout"
time="2024-05-30T10:37:12.002156081-06:00" level=warning msg="Failed to invoke video-analytics-standalone-python-70-u4mhnq0.default.192.168.1.240.sslip.io:80, err=rpc error: code = Unavailable desc = upstream request timeout"
time="2024-05-30T10:37:20.678927725-06:00" level=info msg="Issued / completed requests: 72, 10"
time="2024-05-30T10:37:20.679077663-06:00" level=info msg="Real / target RPS: 0.01 / 0.2"
time="2024-05-30T10:37:20.679104788-06:00" level=info msg="Experiment finished!"
time="2024-05-30T10:37:20.679129109-06:00" level=info msg="The measured latencies are saved in video-analytics-standalone-python-70-400/lat.txt"
time="2024-05-30T10:37:20.679367297-06:00" level=info msg="The measured function durations are saved in video-analytics-standalone-python-70-400/dur.txt"
