time="2024-05-30T04:42:38.230067953-06:00" level=info msg="Reading the endpoints from the file: video-analytics-standalone-python-70-200/endpoints.json"
time="2024-05-30T04:46:29.740914078-06:00" level=warning msg="Failed to invoke video-analytics-standalone-python-70-ga30z9a.default.192.168.1.240.sslip.io:80, err=rpc error: code = DeadlineExceeded desc = context deadline exceeded"
time="2024-05-30T04:46:39.909422446-06:00" level=warning msg="Failed to invoke video-analytics-standalone-python-70-ga30z9a.default.192.168.1.240.sslip.io:80, err=rpc error: code = DeadlineExceeded desc = context deadline exceeded"
time="2024-05-30T04:46:50.058930425-06:00" level=warning msg="Failed to invoke video-analytics-standalone-python-70-ga30z9a.default.192.168.1.240.sslip.io:80, err=rpc error: code = Unavailable desc = upstream request timeout"
time="2024-05-30T04:47:00.222156373-06:00" level=warning msg="Failed to invoke video-analytics-standalone-python-70-ga30z9a.default.192.168.1.240.sslip.io:80, err=rpc error: code = Unavailable desc = upstream request timeout"
time="2024-05-30T04:47:10.381180065-06:00" level=warning msg="Failed to invoke video-analytics-standalone-python-70-ga30z9a.default.192.168.1.240.sslip.io:80, err=rpc error: code = Unavailable desc = upstream request timeout"
time="2024-05-30T04:47:20.541768098-06:00" level=warning msg="Failed to invoke video-analytics-standalone-python-70-ga30z9a.default.192.168.1.240.sslip.io:80, err=rpc error: code = Unavailable desc = upstream request timeout"
time="2024-05-30T04:47:30.709287775-06:00" level=warning msg="Failed to invoke video-analytics-standalone-python-70-ga30z9a.default.192.168.1.240.sslip.io:80, err=rpc error: code = Unavailable desc = upstream request timeout"
time="2024-05-30T04:47:40.864442488-06:00" level=warning msg="Failed to invoke video-analytics-standalone-python-70-ga30z9a.default.192.168.1.240.sslip.io:80, err=rpc error: code = Unavailable desc = upstream request timeout"
time="2024-05-30T04:47:51.019167869-06:00" level=warning msg="Failed to invoke video-analytics-standalone-python-70-ga30z9a.default.192.168.1.240.sslip.io:80, err=rpc error: code = Unavailable desc = upstream request timeout"
time="2024-05-30T04:48:01.182024962-06:00" level=warning msg="Failed to invoke video-analytics-standalone-python-70-ga30z9a.default.192.168.1.240.sslip.io:80, err=rpc error: code = DeadlineExceeded desc = context deadline exceeded"
time="2024-05-30T04:48:11.343308363-06:00" level=warning msg="Failed to invoke video-analytics-standalone-python-70-ga30z9a.default.192.168.1.240.sslip.io:80, err=rpc error: code = Unavailable desc = upstream request timeout"
time="2024-05-30T04:48:21.503777627-06:00" level=warning msg="Failed to invoke video-analytics-standalone-python-70-ga30z9a.default.192.168.1.240.sslip.io:80, err=rpc error: code = Unavailable desc = upstream request timeout"
time="2024-05-30T04:48:31.661234101-06:00" level=warning msg="Failed to invoke video-analytics-standalone-python-70-ga30z9a.default.192.168.1.240.sslip.io:80, err=rpc error: code = DeadlineExceeded desc = context deadline exceeded"
time="2024-05-30T04:48:41.819880938-06:00" level=warning msg="Failed to invoke video-analytics-standalone-python-70-ga30z9a.default.192.168.1.240.sslip.io:80, err=rpc error: code = Unavailable desc = upstream request timeout"
time="2024-05-30T04:48:51.979150388-06:00" level=warning msg="Failed to invoke video-analytics-standalone-python-70-ga30z9a.default.192.168.1.240.sslip.io:80, err=rpc error: code = Unavailable desc = upstream request timeout"
time="2024-05-30T04:49:02.138316214-06:00" level=warning msg="Failed to invoke video-analytics-standalone-python-70-ga30z9a.default.192.168.1.240.sslip.io:80, err=rpc error: code = Unavailable desc = upstream request timeout"
time="2024-05-30T04:49:12.304776249-06:00" level=warning msg="Failed to invoke video-analytics-standalone-python-70-ga30z9a.default.192.168.1.240.sslip.io:80, err=rpc error: code = Unavailable desc = upstream request timeout"
time="2024-05-30T04:49:22.460637767-06:00" level=warning msg="Failed to invoke video-analytics-standalone-python-70-ga30z9a.default.192.168.1.240.sslip.io:80, err=rpc error: code = Unavailable desc = upstream request timeout"
time="2024-05-30T04:49:32.625662806-06:00" level=warning msg="Failed to invoke video-analytics-standalone-python-70-ga30z9a.default.192.168.1.240.sslip.io:80, err=rpc error: code = Unavailable desc = upstream request timeout"
time="2024-05-30T04:49:42.783634647-06:00" level=warning msg="Failed to invoke video-analytics-standalone-python-70-ga30z9a.default.192.168.1.240.sslip.io:80, err=rpc error: code = Unavailable desc = upstream request timeout"
time="2024-05-30T04:49:52.943923178-06:00" level=warning msg="Failed to invoke video-analytics-standalone-python-70-ga30z9a.default.192.168.1.240.sslip.io:80, err=rpc error: code = Unavailable desc = upstream request timeout"
time="2024-05-30T04:50:03.103357822-06:00" level=warning msg="Failed to invoke video-analytics-standalone-python-70-ga30z9a.default.192.168.1.240.sslip.io:80, err=rpc error: code = Unavailable desc = upstream request timeout"
time="2024-05-30T04:50:13.259178306-06:00" level=warning msg="Failed to invoke video-analytics-standalone-python-70-ga30z9a.default.192.168.1.240.sslip.io:80, err=rpc error: code = Unavailable desc = upstream request timeout"
time="2024-05-30T04:50:23.423074919-06:00" level=warning msg="Failed to invoke video-analytics-standalone-python-70-ga30z9a.default.192.168.1.240.sslip.io:80, err=rpc error: code = Unavailable desc = upstream request timeout"
time="2024-05-30T04:50:33.582203569-06:00" level=warning msg="Failed to invoke video-analytics-standalone-python-70-ga30z9a.default.192.168.1.240.sslip.io:80, err=rpc error: code = DeadlineExceeded desc = context deadline exceeded"
time="2024-05-30T04:50:43.748631695-06:00" level=warning msg="Failed to invoke video-analytics-standalone-python-70-ga30z9a.default.192.168.1.240.sslip.io:80, err=rpc error: code = Unavailable desc = upstream request timeout"
time="2024-05-30T04:50:53.898501432-06:00" level=warning msg="Failed to invoke video-analytics-standalone-python-70-ga30z9a.default.192.168.1.240.sslip.io:80, err=rpc error: code = Unavailable desc = upstream request timeout"
time="2024-05-30T04:51:04.069100284-06:00" level=warning msg="Failed to invoke video-analytics-standalone-python-70-ga30z9a.default.192.168.1.240.sslip.io:80, err=rpc error: code = DeadlineExceeded desc = context deadline exceeded"
time="2024-05-30T04:51:14.22387772-06:00" level=warning msg="Failed to invoke video-analytics-standalone-python-70-ga30z9a.default.192.168.1.240.sslip.io:80, err=rpc error: code = Unavailable desc = upstream request timeout"
time="2024-05-30T04:51:24.384591863-06:00" level=warning msg="Failed to invoke video-analytics-standalone-python-70-ga30z9a.default.192.168.1.240.sslip.io:80, err=rpc error: code = Unavailable desc = upstream request timeout"
time="2024-05-30T04:51:34.542684078-06:00" level=warning msg="Failed to invoke video-analytics-standalone-python-70-ga30z9a.default.192.168.1.240.sslip.io:80, err=rpc error: code = Unavailable desc = upstream request timeout"
time="2024-05-30T04:51:44.703056855-06:00" level=warning msg="Failed to invoke video-analytics-standalone-python-70-ga30z9a.default.192.168.1.240.sslip.io:80, err=rpc error: code = Unavailable desc = upstream request timeout"
time="2024-05-30T04:51:54.864918639-06:00" level=warning msg="Failed to invoke video-analytics-standalone-python-70-ga30z9a.default.192.168.1.240.sslip.io:80, err=rpc error: code = Unavailable desc = upstream request timeout"
time="2024-05-30T04:52:05.022770568-06:00" level=warning msg="Failed to invoke video-analytics-standalone-python-70-ga30z9a.default.192.168.1.240.sslip.io:80, err=rpc error: code = Unavailable desc = upstream request timeout"
time="2024-05-30T04:52:15.186156722-06:00" level=warning msg="Failed to invoke video-analytics-standalone-python-70-ga30z9a.default.192.168.1.240.sslip.io:80, err=rpc error: code = Unavailable desc = upstream request timeout"
time="2024-05-30T04:52:25.34249047-06:00" level=warning msg="Failed to invoke video-analytics-standalone-python-70-ga30z9a.default.192.168.1.240.sslip.io:80, err=rpc error: code = Unavailable desc = upstream request timeout"
time="2024-05-30T04:52:35.502332745-06:00" level=warning msg="Failed to invoke video-analytics-standalone-python-70-ga30z9a.default.192.168.1.240.sslip.io:80, err=rpc error: code = DeadlineExceeded desc = context deadline exceeded"
time="2024-05-30T04:52:45.665597011-06:00" level=warning msg="Failed to invoke video-analytics-standalone-python-70-ga30z9a.default.192.168.1.240.sslip.io:80, err=rpc error: code = Unavailable desc = upstream request timeout"
time="2024-05-30T04:52:55.819357092-06:00" level=warning msg="Failed to invoke video-analytics-standalone-python-70-ga30z9a.default.192.168.1.240.sslip.io:80, err=rpc error: code = Unavailable desc = upstream request timeout"
time="2024-05-30T04:53:05.986030339-06:00" level=warning msg="Failed to invoke video-analytics-standalone-python-70-ga30z9a.default.192.168.1.240.sslip.io:80, err=rpc error: code = Unavailable desc = upstream request timeout"
time="2024-05-30T04:53:16.146231424-06:00" level=warning msg="Failed to invoke video-analytics-standalone-python-70-ga30z9a.default.192.168.1.240.sslip.io:80, err=rpc error: code = Unavailable desc = upstream request timeout"
time="2024-05-30T04:53:26.303680225-06:00" level=warning msg="Failed to invoke video-analytics-standalone-python-70-ga30z9a.default.192.168.1.240.sslip.io:80, err=rpc error: code = Unavailable desc = upstream request timeout"
time="2024-05-30T04:53:36.465467107-06:00" level=warning msg="Failed to invoke video-analytics-standalone-python-70-ga30z9a.default.192.168.1.240.sslip.io:80, err=rpc error: code = Unavailable desc = upstream request timeout"
time="2024-05-30T04:53:46.623051293-06:00" level=warning msg="Failed to invoke video-analytics-standalone-python-70-ga30z9a.default.192.168.1.240.sslip.io:80, err=rpc error: code = Unavailable desc = upstream request timeout"
time="2024-05-30T04:53:56.784975321-06:00" level=warning msg="Failed to invoke video-analytics-standalone-python-70-ga30z9a.default.192.168.1.240.sslip.io:80, err=rpc error: code = Unavailable desc = upstream request timeout"
time="2024-05-30T04:54:06.944391531-06:00" level=warning msg="Failed to invoke video-analytics-standalone-python-70-ga30z9a.default.192.168.1.240.sslip.io:80, err=rpc error: code = Unavailable desc = upstream request timeout"
time="2024-05-30T04:54:17.103574384-06:00" level=warning msg="Failed to invoke video-analytics-standalone-python-70-ga30z9a.default.192.168.1.240.sslip.io:80, err=rpc error: code = Unavailable desc = upstream request timeout"
time="2024-05-30T04:54:27.265419979-06:00" level=warning msg="Failed to invoke video-analytics-standalone-python-70-ga30z9a.default.192.168.1.240.sslip.io:80, err=rpc error: code = Unavailable desc = upstream request timeout"
time="2024-05-30T04:54:37.422997694-06:00" level=warning msg="Failed to invoke video-analytics-standalone-python-70-ga30z9a.default.192.168.1.240.sslip.io:80, err=rpc error: code = DeadlineExceeded desc = context deadline exceeded"
time="2024-05-30T04:54:47.585161183-06:00" level=warning msg="Failed to invoke video-analytics-standalone-python-70-ga30z9a.default.192.168.1.240.sslip.io:80, err=rpc error: code = Unavailable desc = upstream request timeout"
time="2024-05-30T04:54:57.747858002-06:00" level=warning msg="Failed to invoke video-analytics-standalone-python-70-ga30z9a.default.192.168.1.240.sslip.io:80, err=rpc error: code = Unavailable desc = upstream request timeout"
time="2024-05-30T04:55:07.907791317-06:00" level=warning msg="Failed to invoke video-analytics-standalone-python-70-ga30z9a.default.192.168.1.240.sslip.io:80, err=rpc error: code = DeadlineExceeded desc = context deadline exceeded"
time="2024-05-30T04:55:18.070648701-06:00" level=warning msg="Failed to invoke video-analytics-standalone-python-70-ga30z9a.default.192.168.1.240.sslip.io:80, err=rpc error: code = DeadlineExceeded desc = Deadline Exceeded"
time="2024-05-30T04:55:28.224383353-06:00" level=warning msg="Failed to invoke video-analytics-standalone-python-70-ga30z9a.default.192.168.1.240.sslip.io:80, err=rpc error: code = Unavailable desc = upstream request timeout"
time="2024-05-30T04:55:38.385856143-06:00" level=warning msg="Failed to invoke video-analytics-standalone-python-70-ga30z9a.default.192.168.1.240.sslip.io:80, err=rpc error: code = DeadlineExceeded desc = Deadline Exceeded"
time="2024-05-30T04:55:46.706355387-06:00" level=info msg="Issued / completed requests: 77, 20"
time="2024-05-30T04:55:46.706472516-06:00" level=info msg="Real / target RPS: 0.03 / 0.2"
time="2024-05-30T04:55:46.706503509-06:00" level=info msg="Experiment finished!"
time="2024-05-30T04:55:46.706536481-06:00" level=info msg="The measured latencies are saved in video-analytics-standalone-python-70-200/lat.txt"
time="2024-05-30T04:55:46.706786308-06:00" level=info msg="The measured function durations are saved in video-analytics-standalone-python-70-200/dur.txt"
