time="2024-05-30T10:36:49.563332028-06:00" level=info msg="Reading the endpoints from the file: video-analytics-standalone-python-70-400/endpoints.json"
time="2024-05-30T10:39:06.269173609-06:00" level=warning msg="Failed to invoke video-analytics-standalone-python-70-y2t5bn3.default.192.168.1.240.sslip.io:80, err=rpc error: code = DeadlineExceeded desc = context deadline exceeded"
time="2024-05-30T10:39:17.118320331-06:00" level=warning msg="Failed to invoke video-analytics-standalone-python-70-y2t5bn3.default.192.168.1.240.sslip.io:80, err=rpc error: code = DeadlineExceeded desc = context deadline exceeded"
time="2024-05-30T10:39:27.958947117-06:00" level=warning msg="Failed to invoke video-analytics-standalone-python-70-y2t5bn3.default.192.168.1.240.sslip.io:80, err=rpc error: code = Unavailable desc = upstream request timeout"
time="2024-05-30T10:39:38.806974916-06:00" level=warning msg="Failed to invoke video-analytics-standalone-python-70-y2t5bn3.default.192.168.1.240.sslip.io:80, err=rpc error: code = Unavailable desc = upstream request timeout"
time="2024-05-30T10:39:49.659412789-06:00" level=warning msg="Failed to invoke video-analytics-standalone-python-70-y2t5bn3.default.192.168.1.240.sslip.io:80, err=rpc error: code = DeadlineExceeded desc = context deadline exceeded"
time="2024-05-30T10:40:00.50758918-06:00" level=warning msg="Failed to invoke video-analytics-standalone-python-70-y2t5bn3.default.192.168.1.240.sslip.io:80, err=rpc error: code = Unavailable desc = upstream request timeout"
time="2024-05-30T10:40:11.355440572-06:00" level=warning msg="Failed to invoke video-analytics-standalone-python-70-y2t5bn3.default.192.168.1.240.sslip.io:80, err=rpc error: code = Unavailable desc = upstream request timeout"
time="2024-05-30T10:40:22.213197423-06:00" level=warning msg="Failed to invoke video-analytics-standalone-python-70-y2t5bn3.default.192.168.1.240.sslip.io:80, err=rpc error: code = DeadlineExceeded desc = context deadline exceeded"
time="2024-05-30T10:40:33.062078132-06:00" level=warning msg="Failed to invoke video-analytics-standalone-python-70-y2t5bn3.default.192.168.1.240.sslip.io:80, err=rpc error: code = Unavailable desc = upstream request timeout"
time="2024-05-30T10:40:43.907298658-06:00" level=warning msg="Failed to invoke video-analytics-standalone-python-70-y2t5bn3.default.192.168.1.240.sslip.io:80, err=rpc error: code = Unavailable desc = upstream request timeout"
time="2024-05-30T10:40:54.755412199-06:00" level=warning msg="Failed to invoke video-analytics-standalone-python-70-y2t5bn3.default.192.168.1.240.sslip.io:80, err=rpc error: code = DeadlineExceeded desc = context deadline exceeded"
time="2024-05-30T10:41:05.609846594-06:00" level=warning msg="Failed to invoke video-analytics-standalone-python-70-y2t5bn3.default.192.168.1.240.sslip.io:80, err=rpc error: code = Unavailable desc = upstream request timeout"
time="2024-05-30T10:41:16.455910661-06:00" level=warning msg="Failed to invoke video-analytics-standalone-python-70-y2t5bn3.default.192.168.1.240.sslip.io:80, err=rpc error: code = Unavailable desc = upstream request timeout"
time="2024-05-30T10:41:27.304012302-06:00" level=warning msg="Failed to invoke video-analytics-standalone-python-70-y2t5bn3.default.192.168.1.240.sslip.io:80, err=rpc error: code = Unavailable desc = upstream request timeout"
time="2024-05-30T10:41:38.154269316-06:00" level=warning msg="Failed to invoke video-analytics-standalone-python-70-y2t5bn3.default.192.168.1.240.sslip.io:80, err=rpc error: code = Unavailable desc = upstream request timeout"
time="2024-05-30T10:41:49.005349161-06:00" level=warning msg="Failed to invoke video-analytics-standalone-python-70-y2t5bn3.default.192.168.1.240.sslip.io:80, err=rpc error: code = Unavailable desc = upstream request timeout"
time="2024-05-30T10:41:59.85632588-06:00" level=warning msg="Failed to invoke video-analytics-standalone-python-70-y2t5bn3.default.192.168.1.240.sslip.io:80, err=rpc error: code = Unavailable desc = upstream request timeout"
time="2024-05-30T10:42:10.707934344-06:00" level=warning msg="Failed to invoke video-analytics-standalone-python-70-y2t5bn3.default.192.168.1.240.sslip.io:80, err=rpc error: code = Unavailable desc = upstream request timeout"
time="2024-05-30T10:42:21.555634186-06:00" level=warning msg="Failed to invoke video-analytics-standalone-python-70-y2t5bn3.default.192.168.1.240.sslip.io:80, err=rpc error: code = Unavailable desc = upstream request timeout"
time="2024-05-30T10:42:32.405382336-06:00" level=warning msg="Failed to invoke video-analytics-standalone-python-70-y2t5bn3.default.192.168.1.240.sslip.io:80, err=rpc error: code = Unavailable desc = upstream request timeout"
time="2024-05-30T10:42:43.253937953-06:00" level=warning msg="Failed to invoke video-analytics-standalone-python-70-y2t5bn3.default.192.168.1.240.sslip.io:80, err=rpc error: code = Unavailable desc = upstream request timeout"
time="2024-05-30T10:42:54.109959154-06:00" level=warning msg="Failed to invoke video-analytics-standalone-python-70-y2t5bn3.default.192.168.1.240.sslip.io:80, err=rpc error: code = DeadlineExceeded desc = context deadline exceeded"
time="2024-05-30T10:43:04.958513834-06:00" level=warning msg="Failed to invoke video-analytics-standalone-python-70-y2t5bn3.default.192.168.1.240.sslip.io:80, err=rpc error: code = Unavailable desc = upstream request timeout"
time="2024-05-30T10:43:15.808509994-06:00" level=warning msg="Failed to invoke video-analytics-standalone-python-70-y2t5bn3.default.192.168.1.240.sslip.io:80, err=rpc error: code = Unavailable desc = upstream request timeout"
time="2024-05-30T10:43:26.659095122-06:00" level=warning msg="Failed to invoke video-analytics-standalone-python-70-y2t5bn3.default.192.168.1.240.sslip.io:80, err=rpc error: code = Unavailable desc = upstream request timeout"
time="2024-05-30T10:43:37.506688316-06:00" level=warning msg="Failed to invoke video-analytics-standalone-python-70-y2t5bn3.default.192.168.1.240.sslip.io:80, err=rpc error: code = DeadlineExceeded desc = Deadline Exceeded"
time="2024-05-30T10:43:48.389184194-06:00" level=warning msg="Failed to invoke video-analytics-standalone-python-70-y2t5bn3.default.192.168.1.240.sslip.io:80, err=rpc error: code = DeadlineExceeded desc = Deadline Exceeded"
time="2024-05-30T10:43:59.202485319-06:00" level=warning msg="Failed to invoke video-analytics-standalone-python-70-y2t5bn3.default.192.168.1.240.sslip.io:80, err=rpc error: code = Unavailable desc = upstream request timeout"
time="2024-05-30T10:44:10.058152026-06:00" level=warning msg="Failed to invoke video-analytics-standalone-python-70-y2t5bn3.default.192.168.1.240.sslip.io:80, err=rpc error: code = Unavailable desc = upstream request timeout"
time="2024-05-30T10:44:20.903977738-06:00" level=warning msg="Failed to invoke video-analytics-standalone-python-70-y2t5bn3.default.192.168.1.240.sslip.io:80, err=rpc error: code = Unavailable desc = upstream request timeout"
time="2024-05-30T10:44:31.754392257-06:00" level=warning msg="Failed to invoke video-analytics-standalone-python-70-y2t5bn3.default.192.168.1.240.sslip.io:80, err=rpc error: code = Unavailable desc = upstream request timeout"
time="2024-05-30T10:44:42.606536971-06:00" level=warning msg="Failed to invoke video-analytics-standalone-python-70-y2t5bn3.default.192.168.1.240.sslip.io:80, err=rpc error: code = Unavailable desc = upstream request timeout"
time="2024-05-30T10:44:53.453541459-06:00" level=warning msg="Failed to invoke video-analytics-standalone-python-70-y2t5bn3.default.192.168.1.240.sslip.io:80, err=rpc error: code = Unavailable desc = upstream request timeout"
time="2024-05-30T10:45:04.303431889-06:00" level=warning msg="Failed to invoke video-analytics-standalone-python-70-y2t5bn3.default.192.168.1.240.sslip.io:80, err=rpc error: code = DeadlineExceeded desc = context deadline exceeded"
time="2024-05-30T10:45:15.15920389-06:00" level=warning msg="Failed to invoke video-analytics-standalone-python-70-y2t5bn3.default.192.168.1.240.sslip.io:80, err=rpc error: code = Unavailable desc = upstream request timeout"
time="2024-05-30T10:45:26.001851618-06:00" level=warning msg="Failed to invoke video-analytics-standalone-python-70-y2t5bn3.default.192.168.1.240.sslip.io:80, err=rpc error: code = Unavailable desc = upstream request timeout"
time="2024-05-30T10:45:36.850853757-06:00" level=warning msg="Failed to invoke video-analytics-standalone-python-70-y2t5bn3.default.192.168.1.240.sslip.io:80, err=rpc error: code = Unavailable desc = upstream request timeout"
time="2024-05-30T10:45:47.708143353-06:00" level=warning msg="Failed to invoke video-analytics-standalone-python-70-y2t5bn3.default.192.168.1.240.sslip.io:80, err=rpc error: code = Unavailable desc = upstream request timeout"
time="2024-05-30T10:45:58.553345986-06:00" level=warning msg="Failed to invoke video-analytics-standalone-python-70-y2t5bn3.default.192.168.1.240.sslip.io:80, err=rpc error: code = Unavailable desc = upstream request timeout"
time="2024-05-30T10:46:09.404299027-06:00" level=warning msg="Failed to invoke video-analytics-standalone-python-70-y2t5bn3.default.192.168.1.240.sslip.io:80, err=rpc error: code = Unavailable desc = upstream request timeout"
time="2024-05-30T10:46:20.251085056-06:00" level=warning msg="Failed to invoke video-analytics-standalone-python-70-y2t5bn3.default.192.168.1.240.sslip.io:80, err=rpc error: code = Unavailable desc = upstream request timeout"
time="2024-05-30T10:46:31.111051844-06:00" level=warning msg="Failed to invoke video-analytics-standalone-python-70-y2t5bn3.default.192.168.1.240.sslip.io:80, err=rpc error: code = Unavailable desc = upstream request timeout"
time="2024-05-30T10:46:41.953237612-06:00" level=warning msg="Failed to invoke video-analytics-standalone-python-70-y2t5bn3.default.192.168.1.240.sslip.io:80, err=rpc error: code = Unavailable desc = upstream request timeout"
time="2024-05-30T10:46:52.803554004-06:00" level=warning msg="Failed to invoke video-analytics-standalone-python-70-y2t5bn3.default.192.168.1.240.sslip.io:80, err=rpc error: code = Unavailable desc = upstream request timeout"
time="2024-05-30T10:47:03.650704109-06:00" level=warning msg="Failed to invoke video-analytics-standalone-python-70-y2t5bn3.default.192.168.1.240.sslip.io:80, err=rpc error: code = Unavailable desc = upstream request timeout"
time="2024-05-30T10:47:14.504367878-06:00" level=warning msg="Failed to invoke video-analytics-standalone-python-70-y2t5bn3.default.192.168.1.240.sslip.io:80, err=rpc error: code = Unavailable desc = upstream request timeout"
time="2024-05-30T10:47:25.352164468-06:00" level=warning msg="Failed to invoke video-analytics-standalone-python-70-y2t5bn3.default.192.168.1.240.sslip.io:80, err=rpc error: code = Unavailable desc = upstream request timeout"
time="2024-05-30T10:47:36.202198538-06:00" level=warning msg="Failed to invoke video-analytics-standalone-python-70-y2t5bn3.default.192.168.1.240.sslip.io:80, err=rpc error: code = Unavailable desc = upstream request timeout"
time="2024-05-30T10:47:47.055023135-06:00" level=warning msg="Failed to invoke video-analytics-standalone-python-70-y2t5bn3.default.192.168.1.240.sslip.io:80, err=rpc error: code = DeadlineExceeded desc = Deadline Exceeded"
time="2024-05-30T10:47:57.902742253-06:00" level=warning msg="Failed to invoke video-analytics-standalone-python-70-y2t5bn3.default.192.168.1.240.sslip.io:80, err=rpc error: code = DeadlineExceeded desc = Deadline Exceeded"
time="2024-05-30T10:48:08.756044563-06:00" level=warning msg="Failed to invoke video-analytics-standalone-python-70-y2t5bn3.default.192.168.1.240.sslip.io:80, err=rpc error: code = DeadlineExceeded desc = context deadline exceeded"
time="2024-05-30T10:48:19.602328853-06:00" level=warning msg="Failed to invoke video-analytics-standalone-python-70-y2t5bn3.default.192.168.1.240.sslip.io:80, err=rpc error: code = Unavailable desc = upstream request timeout"
time="2024-05-30T10:48:30.452678178-06:00" level=warning msg="Failed to invoke video-analytics-standalone-python-70-y2t5bn3.default.192.168.1.240.sslip.io:80, err=rpc error: code = Unavailable desc = upstream request timeout"
time="2024-05-30T10:48:41.305807111-06:00" level=warning msg="Failed to invoke video-analytics-standalone-python-70-y2t5bn3.default.192.168.1.240.sslip.io:80, err=rpc error: code = Unavailable desc = upstream request timeout"
time="2024-05-30T10:48:52.149709468-06:00" level=warning msg="Failed to invoke video-analytics-standalone-python-70-y2t5bn3.default.192.168.1.240.sslip.io:80, err=rpc error: code = Unavailable desc = upstream request timeout"
time="2024-05-30T10:49:03.001170077-06:00" level=warning msg="Failed to invoke video-analytics-standalone-python-70-y2t5bn3.default.192.168.1.240.sslip.io:80, err=rpc error: code = Unavailable desc = upstream request timeout"
time="2024-05-30T10:49:13.849980799-06:00" level=warning msg="Failed to invoke video-analytics-standalone-python-70-y2t5bn3.default.192.168.1.240.sslip.io:80, err=rpc error: code = DeadlineExceeded desc = context deadline exceeded"
time="2024-05-30T10:49:24.699443525-06:00" level=warning msg="Failed to invoke video-analytics-standalone-python-70-y2t5bn3.default.192.168.1.240.sslip.io:80, err=rpc error: code = Unavailable desc = upstream request timeout"
time="2024-05-30T10:49:35.555329414-06:00" level=warning msg="Failed to invoke video-analytics-standalone-python-70-y2t5bn3.default.192.168.1.240.sslip.io:80, err=rpc error: code = Unavailable desc = upstream request timeout"
time="2024-05-30T10:49:46.400110932-06:00" level=warning msg="Failed to invoke video-analytics-standalone-python-70-y2t5bn3.default.192.168.1.240.sslip.io:80, err=rpc error: code = Unavailable desc = upstream request timeout"
time="2024-05-30T10:49:57.248499264-06:00" level=warning msg="Failed to invoke video-analytics-standalone-python-70-y2t5bn3.default.192.168.1.240.sslip.io:80, err=rpc error: code = Unavailable desc = upstream request timeout"
time="2024-05-30T10:49:58.605326958-06:00" level=info msg="Issued / completed requests: 72, 10"
time="2024-05-30T10:49:58.605411389-06:00" level=info msg="Real / target RPS: 0.01 / 0.2"
time="2024-05-30T10:49:58.605430686-06:00" level=info msg="Experiment finished!"
time="2024-05-30T10:49:58.605442974-06:00" level=info msg="The measured latencies are saved in video-analytics-standalone-python-70-400/lat.txt"
time="2024-05-30T10:49:58.605589146-06:00" level=info msg="The measured function durations are saved in video-analytics-standalone-python-70-400/dur.txt"
