time="2024-05-28T17:14:55.17087363-06:00" level=debug msg="Debug logging is enabled"
time="2024-05-28T17:14:55.171057953-06:00" level=info msg="Reading the trace endpoints from the file: /users/ArunAMS/vSwarm/tools/load-generator/load.json"
time="2024-05-28T17:14:55.172776348-06:00" level=info msg="Warmup Duration: 3"
time="2024-05-28T17:14:55.172807632-06:00" level=info msg="Experiment Duration: 11"
time="2024-05-28T17:14:55.172832238-06:00" level=info msg="Minute Granularity: true"
time="2024-05-28T17:15:55.229323939-06:00" level=info msg="Running Warmup Phase"
time="2024-05-28T17:15:55.229398116-06:00" level=debug msg="Minute: 0"
time="2024-05-28T17:15:55.229475827-06:00" level=debug msg="Number of Invocations this iteration: 8"
time="2024-05-28T17:15:55.229571378-06:00" level=debug msg="Invoking: cartservice-cqhqc3e2qakco07sui6k.default.192.168.1.240.sslip.io:80"
time="2024-05-28T17:16:02.733494013-06:00" level=debug msg="Invoking: gptj-python-asa451j36tksgm81hj47.default.192.168.1.240.sslip.io:80"
time="2024-05-28T17:16:10.234444923-06:00" level=debug msg="Invoking: gptj-python-asa451j36tksgm81hj47.default.192.168.1.240.sslip.io:80"
time="2024-05-28T17:16:17.741339548-06:00" level=debug msg="Invoking: gptj-python-asa451j36tksgm81hj47.default.192.168.1.240.sslip.io:80"
time="2024-05-28T17:16:25.246949576-06:00" level=debug msg="Invoking: cartservice-cqhqc3e2qakco07sui6k.default.192.168.1.240.sslip.io:80"
time="2024-05-28T17:16:32.753399004-06:00" level=debug msg="Invoking: gptj-python-asa451j36tksgm81hj47.default.192.168.1.240.sslip.io:80"
time="2024-05-28T17:16:40.257394044-06:00" level=debug msg="Invoking: gptj-python-asa451j36tksgm81hj47.default.192.168.1.240.sslip.io:80"
time="2024-05-28T17:16:47.761393263-06:00" level=debug msg="Invoking: gptj-python-asa451j36tksgm81hj47.default.192.168.1.240.sslip.io:80"
time="2024-05-28T17:16:55.178161306-06:00" level=debug msg="Minute: 1"
time="2024-05-28T17:16:55.178260915-06:00" level=debug msg="Number of Invocations this iteration: 8"
time="2024-05-28T17:16:55.178406097-06:00" level=debug msg="Invoking: image-rotate-go-6-xih9jbgnn7kc45o3to7j.default.192.168.1.240.sslip.io:80"
time="2024-05-28T17:17:02.68533122-06:00" level=debug msg="Invoking: gptj-python-asa451j36tksgm81hj47.default.192.168.1.240.sslip.io:80"
time="2024-05-28T17:17:10.189991352-06:00" level=debug msg="Invoking: gptj-python-asa451j36tksgm81hj47.default.192.168.1.240.sslip.io:80"
time="2024-05-28T17:17:17.693379795-06:00" level=debug msg="Invoking: gptj-python-asa451j36tksgm81hj47.default.192.168.1.240.sslip.io:80"
time="2024-05-28T17:17:25.197723044-06:00" level=debug msg="Invoking: cartservice-cqhqc3e2qakco07sui6k.default.192.168.1.240.sslip.io:80"
time="2024-05-28T17:17:32.701358718-06:00" level=debug msg="Invoking: gptj-python-asa451j36tksgm81hj47.default.192.168.1.240.sslip.io:80"
time="2024-05-28T17:17:40.205336032-06:00" level=debug msg="Invoking: gptj-python-asa451j36tksgm81hj47.default.192.168.1.240.sslip.io:80"
time="2024-05-28T17:17:47.709369973-06:00" level=debug msg="Invoking: gptj-python-asa451j36tksgm81hj47.default.192.168.1.240.sslip.io:80"
time="2024-05-28T17:17:55.177379548-06:00" level=debug msg="Minute: 2"
time="2024-05-28T17:17:55.177476376-06:00" level=debug msg="Number of Invocations this iteration: 8"
time="2024-05-28T17:17:55.177561364-06:00" level=debug msg="Invoking: cartservice-cqhqc3e2qakco07sui6k.default.192.168.1.240.sslip.io:80"
time="2024-05-28T17:18:02.681311967-06:00" level=debug msg="Invoking: gptj-python-asa451j36tksgm81hj47.default.192.168.1.240.sslip.io:80"
time="2024-05-28T17:18:10.185370899-06:00" level=debug msg="Invoking: gptj-python-asa451j36tksgm81hj47.default.192.168.1.240.sslip.io:80"
time="2024-05-28T17:18:17.692331157-06:00" level=debug msg="Invoking: gptj-python-asa451j36tksgm81hj47.default.192.168.1.240.sslip.io:80"
time="2024-05-28T17:18:25.1973911-06:00" level=debug msg="Invoking: cartservice-cqhqc3e2qakco07sui6k.default.192.168.1.240.sslip.io:80"
time="2024-05-28T17:18:32.701338352-06:00" level=debug msg="Invoking: gptj-python-asa451j36tksgm81hj47.default.192.168.1.240.sslip.io:80"
time="2024-05-28T17:18:40.206011068-06:00" level=debug msg="Invoking: gptj-python-asa451j36tksgm81hj47.default.192.168.1.240.sslip.io:80"
time="2024-05-28T17:18:47.71274018-06:00" level=debug msg="Invoking: gptj-python-asa451j36tksgm81hj47.default.192.168.1.240.sslip.io:80"
time="2024-05-28T17:18:55.177362608-06:00" level=info msg="Warmup Phase Completed"
time="2024-05-28T17:18:55.177464394-06:00" level=info msg="Running Experiment Phase"
time="2024-05-28T17:18:55.177533715-06:00" level=debug msg="Minute: 3"
time="2024-05-28T17:18:55.177579921-06:00" level=debug msg="Number of Invocations this iteration: 8"
time="2024-05-28T17:18:55.177667597-06:00" level=debug msg="Invoking: cartservice-cqhqc3e2qakco07sui6k.default.192.168.1.240.sslip.io:80"
time="2024-05-28T17:18:55.191589228-06:00" level=debug msg="Invoked cartservice-cqhqc3e2qakco07sui6k.default.192.168.1.240.sslip.io in 13918 usec\n"
time="2024-05-28T17:19:02.681388957-06:00" level=debug msg="Invoking: gptj-python-asa451j36tksgm81hj47.default.192.168.1.240.sslip.io:80"
time="2024-05-28T17:19:02.692366821-06:00" level=debug msg="Invoked gptj-python-asa451j36tksgm81hj47.default.192.168.1.240.sslip.io in 10985 usec\n"
time="2024-05-28T17:19:10.188257162-06:00" level=debug msg="Invoking: gptj-python-asa451j36tksgm81hj47.default.192.168.1.240.sslip.io:80"
time="2024-05-28T17:19:10.19843792-06:00" level=debug msg="Invoked gptj-python-asa451j36tksgm81hj47.default.192.168.1.240.sslip.io in 10190 usec\n"
time="2024-05-28T17:19:17.693433565-06:00" level=debug msg="Invoking: gptj-python-asa451j36tksgm81hj47.default.192.168.1.240.sslip.io:80"
time="2024-05-28T17:19:17.705826585-06:00" level=debug msg="Invoked gptj-python-asa451j36tksgm81hj47.default.192.168.1.240.sslip.io in 12415 usec\n"
time="2024-05-28T17:19:25.193606596-06:00" level=debug msg="Invoking: cartservice-cqhqc3e2qakco07sui6k.default.192.168.1.240.sslip.io:80"
time="2024-05-28T17:19:25.206622851-06:00" level=debug msg="Invoked cartservice-cqhqc3e2qakco07sui6k.default.192.168.1.240.sslip.io in 13071 usec\n"
time="2024-05-28T17:19:32.697396199-06:00" level=debug msg="Invoking: gptj-python-asa451j36tksgm81hj47.default.192.168.1.240.sslip.io:80"
time="2024-05-28T17:19:32.707484721-06:00" level=debug msg="Invoked gptj-python-asa451j36tksgm81hj47.default.192.168.1.240.sslip.io in 10098 usec\n"
time="2024-05-28T17:19:40.201423114-06:00" level=debug msg="Invoking: gptj-python-asa451j36tksgm81hj47.default.192.168.1.240.sslip.io:80"
time="2024-05-28T17:19:40.211445727-06:00" level=debug msg="Invoked gptj-python-asa451j36tksgm81hj47.default.192.168.1.240.sslip.io in 10030 usec\n"
time="2024-05-28T17:19:47.705352486-06:00" level=debug msg="Invoking: gptj-python-asa451j36tksgm81hj47.default.192.168.1.240.sslip.io:80"
time="2024-05-28T17:19:47.715163851-06:00" level=debug msg="Invoked gptj-python-asa451j36tksgm81hj47.default.192.168.1.240.sslip.io in 9814 usec\n"
time="2024-05-28T17:19:55.177388317-06:00" level=debug msg="Minute: 4"
time="2024-05-28T17:19:55.177483319-06:00" level=debug msg="Number of Invocations this iteration: 8"
time="2024-05-28T17:19:55.177575497-06:00" level=debug msg="Invoking: rnn-serving-python-10-10-8jt4fg6t0lhsn6nsy56q.default.192.168.1.240.sslip.io:80"
time="2024-05-28T17:20:01.707847221-06:00" level=debug msg="Invoked rnn-serving-python-10-10-8jt4fg6t0lhsn6nsy56q.default.192.168.1.240.sslip.io in 6530270 usec\n"
time="2024-05-28T17:20:02.678684599-06:00" level=debug msg="Invoking: gptj-python-asa451j36tksgm81hj47.default.192.168.1.240.sslip.io:80"
time="2024-05-28T17:20:02.688653163-06:00" level=debug msg="Invoked gptj-python-asa451j36tksgm81hj47.default.192.168.1.240.sslip.io in 9977 usec\n"
time="2024-05-28T17:20:10.185386117-06:00" level=debug msg="Invoking: gptj-python-asa451j36tksgm81hj47.default.192.168.1.240.sslip.io:80"
time="2024-05-28T17:20:10.195577815-06:00" level=debug msg="Invoked gptj-python-asa451j36tksgm81hj47.default.192.168.1.240.sslip.io in 10200 usec\n"
time="2024-05-28T17:20:17.68936264-06:00" level=debug msg="Invoking: gptj-python-asa451j36tksgm81hj47.default.192.168.1.240.sslip.io:80"
time="2024-05-28T17:20:17.699193879-06:00" level=debug msg="Invoked gptj-python-asa451j36tksgm81hj47.default.192.168.1.240.sslip.io in 9835 usec\n"
time="2024-05-28T17:20:25.195454333-06:00" level=debug msg="Invoking: cartservice-cqhqc3e2qakco07sui6k.default.192.168.1.240.sslip.io:80"
time="2024-05-28T17:20:25.208786827-06:00" level=debug msg="Invoked cartservice-cqhqc3e2qakco07sui6k.default.192.168.1.240.sslip.io in 13345 usec\n"
time="2024-05-28T17:20:32.701341277-06:00" level=debug msg="Invoking: gptj-python-asa451j36tksgm81hj47.default.192.168.1.240.sslip.io:80"
time="2024-05-28T17:20:32.711774138-06:00" level=debug msg="Invoked gptj-python-asa451j36tksgm81hj47.default.192.168.1.240.sslip.io in 10442 usec\n"
time="2024-05-28T17:20:40.206181676-06:00" level=debug msg="Invoking: gptj-python-asa451j36tksgm81hj47.default.192.168.1.240.sslip.io:80"
time="2024-05-28T17:20:40.216736121-06:00" level=debug msg="Invoked gptj-python-asa451j36tksgm81hj47.default.192.168.1.240.sslip.io in 10560 usec\n"
time="2024-05-28T17:20:47.70941041-06:00" level=debug msg="Invoking: gptj-python-asa451j36tksgm81hj47.default.192.168.1.240.sslip.io:80"
time="2024-05-28T17:20:47.7189972-06:00" level=debug msg="Invoked gptj-python-asa451j36tksgm81hj47.default.192.168.1.240.sslip.io in 9597 usec\n"
time="2024-05-28T17:20:55.177380669-06:00" level=debug msg="Minute: 5"
time="2024-05-28T17:20:55.17747761-06:00" level=debug msg="Number of Invocations this iteration: 8"
time="2024-05-28T17:20:55.177569141-06:00" level=debug msg="Invoking: cartservice-cqhqc3e2qakco07sui6k.default.192.168.1.240.sslip.io:80"
time="2024-05-28T17:20:55.192214733-06:00" level=debug msg="Invoked cartservice-cqhqc3e2qakco07sui6k.default.192.168.1.240.sslip.io in 14644 usec\n"
time="2024-05-28T17:21:02.681377064-06:00" level=debug msg="Invoking: gptj-python-asa451j36tksgm81hj47.default.192.168.1.240.sslip.io:80"
time="2024-05-28T17:21:02.691573427-06:00" level=debug msg="Invoked gptj-python-asa451j36tksgm81hj47.default.192.168.1.240.sslip.io in 10231 usec\n"
time="2024-05-28T17:21:10.185378921-06:00" level=debug msg="Invoking: gptj-python-asa451j36tksgm81hj47.default.192.168.1.240.sslip.io:80"
time="2024-05-28T17:21:10.195307048-06:00" level=debug msg="Invoked gptj-python-asa451j36tksgm81hj47.default.192.168.1.240.sslip.io in 9936 usec\n"
time="2024-05-28T17:21:17.68960391-06:00" level=debug msg="Invoking: gptj-python-asa451j36tksgm81hj47.default.192.168.1.240.sslip.io:80"
time="2024-05-28T17:21:17.700033752-06:00" level=debug msg="Invoked gptj-python-asa451j36tksgm81hj47.default.192.168.1.240.sslip.io in 10463 usec\n"
time="2024-05-28T17:21:25.189754173-06:00" level=debug msg="Invoking: cartservice-cqhqc3e2qakco07sui6k.default.192.168.1.240.sslip.io:80"
time="2024-05-28T17:21:25.204079965-06:00" level=debug msg="Invoked cartservice-cqhqc3e2qakco07sui6k.default.192.168.1.240.sslip.io in 14333 usec\n"
time="2024-05-28T17:21:32.693400782-06:00" level=debug msg="Invoking: gptj-python-asa451j36tksgm81hj47.default.192.168.1.240.sslip.io:80"
time="2024-05-28T17:21:32.704498109-06:00" level=debug msg="Invoked gptj-python-asa451j36tksgm81hj47.default.192.168.1.240.sslip.io in 11111 usec\n"
time="2024-05-28T17:21:40.197349633-06:00" level=debug msg="Invoking: gptj-python-asa451j36tksgm81hj47.default.192.168.1.240.sslip.io:80"
time="2024-05-28T17:21:40.20781058-06:00" level=debug msg="Invoked gptj-python-asa451j36tksgm81hj47.default.192.168.1.240.sslip.io in 10470 usec\n"
time="2024-05-28T17:21:47.701352299-06:00" level=debug msg="Invoking: gptj-python-asa451j36tksgm81hj47.default.192.168.1.240.sslip.io:80"
time="2024-05-28T17:21:47.711441346-06:00" level=debug msg="Invoked gptj-python-asa451j36tksgm81hj47.default.192.168.1.240.sslip.io in 10099 usec\n"
time="2024-05-28T17:21:55.17982439-06:00" level=debug msg="Minute: 6"
time="2024-05-28T17:21:55.179922666-06:00" level=debug msg="Number of Invocations this iteration: 8"
time="2024-05-28T17:21:55.180011753-06:00" level=debug msg="Invoking: image-rotate-go-6-xih9jbgnn7kc45o3to7j.default.192.168.1.240.sslip.io:80"
time="2024-05-28T17:22:02.686696173-06:00" level=debug msg="Invoking: gptj-python-asa451j36tksgm81hj47.default.192.168.1.240.sslip.io:80"
time="2024-05-28T17:22:02.696458889-06:00" level=debug msg="Invoked gptj-python-asa451j36tksgm81hj47.default.192.168.1.240.sslip.io in 9772 usec\n"
time="2024-05-28T17:22:07.442254368-06:00" level=debug msg="Invoked image-rotate-go-6-xih9jbgnn7kc45o3to7j.default.192.168.1.240.sslip.io in 12262237 usec\n"
time="2024-05-28T17:22:10.188859971-06:00" level=debug msg="Invoking: gptj-python-asa451j36tksgm81hj47.default.192.168.1.240.sslip.io:80"
time="2024-05-28T17:22:10.199146454-06:00" level=debug msg="Invoked gptj-python-asa451j36tksgm81hj47.default.192.168.1.240.sslip.io in 10296 usec\n"
time="2024-05-28T17:22:17.693344254-06:00" level=debug msg="Invoking: gptj-python-asa451j36tksgm81hj47.default.192.168.1.240.sslip.io:80"
time="2024-05-28T17:22:17.705755188-06:00" level=debug msg="Invoked gptj-python-asa451j36tksgm81hj47.default.192.168.1.240.sslip.io in 12419 usec\n"
time="2024-05-28T17:22:25.197415089-06:00" level=debug msg="Invoking: cartservice-cqhqc3e2qakco07sui6k.default.192.168.1.240.sslip.io:80"
time="2024-05-28T17:22:25.210272312-06:00" level=debug msg="Invoked cartservice-cqhqc3e2qakco07sui6k.default.192.168.1.240.sslip.io in 12865 usec\n"
time="2024-05-28T17:22:32.703669426-06:00" level=debug msg="Invoking: gptj-python-asa451j36tksgm81hj47.default.192.168.1.240.sslip.io:80"
time="2024-05-28T17:22:32.713500502-06:00" level=debug msg="Invoked gptj-python-asa451j36tksgm81hj47.default.192.168.1.240.sslip.io in 9838 usec\n"
time="2024-05-28T17:22:40.204546911-06:00" level=debug msg="Invoking: gptj-python-asa451j36tksgm81hj47.default.192.168.1.240.sslip.io:80"
time="2024-05-28T17:22:40.215540805-06:00" level=debug msg="Invoked gptj-python-asa451j36tksgm81hj47.default.192.168.1.240.sslip.io in 11002 usec\n"
time="2024-05-28T17:22:47.709406243-06:00" level=debug msg="Invoking: gptj-python-asa451j36tksgm81hj47.default.192.168.1.240.sslip.io:80"
time="2024-05-28T17:22:47.719631943-06:00" level=debug msg="Invoked gptj-python-asa451j36tksgm81hj47.default.192.168.1.240.sslip.io in 10237 usec\n"
time="2024-05-28T17:22:55.180143316-06:00" level=debug msg="Minute: 7"
time="2024-05-28T17:22:55.180241743-06:00" level=debug msg="Number of Invocations this iteration: 8"
time="2024-05-28T17:22:55.180334884-06:00" level=debug msg="Invoking: cartservice-cqhqc3e2qakco07sui6k.default.192.168.1.240.sslip.io:80"
time="2024-05-28T17:22:55.194556054-06:00" level=debug msg="Invoked cartservice-cqhqc3e2qakco07sui6k.default.192.168.1.240.sslip.io in 14218 usec\n"
time="2024-05-28T17:23:02.685378662-06:00" level=debug msg="Invoking: gptj-python-asa451j36tksgm81hj47.default.192.168.1.240.sslip.io:80"
time="2024-05-28T17:23:02.696056241-06:00" level=debug msg="Invoked gptj-python-asa451j36tksgm81hj47.default.192.168.1.240.sslip.io in 10686 usec\n"
time="2024-05-28T17:23:10.191139823-06:00" level=debug msg="Invoking: gptj-python-asa451j36tksgm81hj47.default.192.168.1.240.sslip.io:80"
time="2024-05-28T17:23:10.20151374-06:00" level=debug msg="Invoked gptj-python-asa451j36tksgm81hj47.default.192.168.1.240.sslip.io in 10382 usec\n"
time="2024-05-28T17:23:17.697368297-06:00" level=debug msg="Invoking: gptj-python-asa451j36tksgm81hj47.default.192.168.1.240.sslip.io:80"
time="2024-05-28T17:23:17.707250655-06:00" level=debug msg="Invoked gptj-python-asa451j36tksgm81hj47.default.192.168.1.240.sslip.io in 9881 usec\n"
time="2024-05-28T17:23:25.198279976-06:00" level=debug msg="Invoking: cartservice-cqhqc3e2qakco07sui6k.default.192.168.1.240.sslip.io:80"
time="2024-05-28T17:23:25.211059746-06:00" level=debug msg="Invoked cartservice-cqhqc3e2qakco07sui6k.default.192.168.1.240.sslip.io in 12983 usec\n"
time="2024-05-28T17:23:32.705396127-06:00" level=debug msg="Invoking: gptj-python-asa451j36tksgm81hj47.default.192.168.1.240.sslip.io:80"
time="2024-05-28T17:23:32.716017679-06:00" level=debug msg="Invoked gptj-python-asa451j36tksgm81hj47.default.192.168.1.240.sslip.io in 10630 usec\n"
time="2024-05-28T17:23:40.209406352-06:00" level=debug msg="Invoking: gptj-python-asa451j36tksgm81hj47.default.192.168.1.240.sslip.io:80"
time="2024-05-28T17:23:40.220003086-06:00" level=debug msg="Invoked gptj-python-asa451j36tksgm81hj47.default.192.168.1.240.sslip.io in 10613 usec\n"
time="2024-05-28T17:23:47.713416025-06:00" level=debug msg="Invoking: gptj-python-asa451j36tksgm81hj47.default.192.168.1.240.sslip.io:80"
time="2024-05-28T17:23:47.723405457-06:00" level=debug msg="Invoked gptj-python-asa451j36tksgm81hj47.default.192.168.1.240.sslip.io in 9995 usec\n"
time="2024-05-28T17:23:55.178156476-06:00" level=debug msg="Minute: 8"
time="2024-05-28T17:23:55.178336002-06:00" level=debug msg="Number of Invocations this iteration: 8"
time="2024-05-28T17:23:55.178415754-06:00" level=debug msg="Invoking: cartservice-cqhqc3e2qakco07sui6k.default.192.168.1.240.sslip.io:80"
time="2024-05-28T17:23:55.191296831-06:00" level=debug msg="Invoked cartservice-cqhqc3e2qakco07sui6k.default.192.168.1.240.sslip.io in 12878 usec\n"
time="2024-05-28T17:24:02.685376659-06:00" level=debug msg="Invoking: gptj-python-asa451j36tksgm81hj47.default.192.168.1.240.sslip.io:80"
time="2024-05-28T17:24:02.695243048-06:00" level=debug msg="Invoked gptj-python-asa451j36tksgm81hj47.default.192.168.1.240.sslip.io in 9876 usec\n"
time="2024-05-28T17:24:10.192216997-06:00" level=debug msg="Invoking: gptj-python-asa451j36tksgm81hj47.default.192.168.1.240.sslip.io:80"
time="2024-05-28T17:24:10.202892145-06:00" level=debug msg="Invoked gptj-python-asa451j36tksgm81hj47.default.192.168.1.240.sslip.io in 10683 usec\n"
time="2024-05-28T17:24:17.697441039-06:00" level=debug msg="Invoking: gptj-python-asa451j36tksgm81hj47.default.192.168.1.240.sslip.io:80"
time="2024-05-28T17:24:17.707802022-06:00" level=debug msg="Invoked gptj-python-asa451j36tksgm81hj47.default.192.168.1.240.sslip.io in 10370 usec\n"
time="2024-05-28T17:24:25.20137635-06:00" level=debug msg="Invoking: cartservice-cqhqc3e2qakco07sui6k.default.192.168.1.240.sslip.io:80"
time="2024-05-28T17:24:25.215108698-06:00" level=debug msg="Invoked cartservice-cqhqc3e2qakco07sui6k.default.192.168.1.240.sslip.io in 13740 usec\n"
time="2024-05-28T17:24:32.708342214-06:00" level=debug msg="Invoking: gptj-python-asa451j36tksgm81hj47.default.192.168.1.240.sslip.io:80"
time="2024-05-28T17:24:32.718783725-06:00" level=debug msg="Invoked gptj-python-asa451j36tksgm81hj47.default.192.168.1.240.sslip.io in 10447 usec\n"
time="2024-05-28T17:24:40.213307693-06:00" level=debug msg="Invoking: gptj-python-asa451j36tksgm81hj47.default.192.168.1.240.sslip.io:80"
time="2024-05-28T17:24:40.224568231-06:00" level=debug msg="Invoked gptj-python-asa451j36tksgm81hj47.default.192.168.1.240.sslip.io in 11262 usec\n"
time="2024-05-28T17:24:47.717415834-06:00" level=debug msg="Invoking: gptj-python-asa451j36tksgm81hj47.default.192.168.1.240.sslip.io:80"
time="2024-05-28T17:24:47.727216584-06:00" level=debug msg="Invoked gptj-python-asa451j36tksgm81hj47.default.192.168.1.240.sslip.io in 9811 usec\n"
time="2024-05-28T17:24:55.177347632-06:00" level=debug msg="Minute: 9"
time="2024-05-28T17:24:55.177451791-06:00" level=debug msg="Number of Invocations this iteration: 8"
time="2024-05-28T17:24:55.17756706-06:00" level=debug msg="Invoking: cartservice-cqhqc3e2qakco07sui6k.default.192.168.1.240.sslip.io:80"
time="2024-05-28T17:24:55.191753979-06:00" level=debug msg="Invoked cartservice-cqhqc3e2qakco07sui6k.default.192.168.1.240.sslip.io in 14185 usec\n"
time="2024-05-28T17:25:02.681422384-06:00" level=debug msg="Invoking: gptj-python-asa451j36tksgm81hj47.default.192.168.1.240.sslip.io:80"
time="2024-05-28T17:25:02.691623306-06:00" level=debug msg="Invoked gptj-python-asa451j36tksgm81hj47.default.192.168.1.240.sslip.io in 10213 usec\n"
time="2024-05-28T17:25:10.185335115-06:00" level=debug msg="Invoking: gptj-python-asa451j36tksgm81hj47.default.192.168.1.240.sslip.io:80"
time="2024-05-28T17:25:10.195742611-06:00" level=debug msg="Invoked gptj-python-asa451j36tksgm81hj47.default.192.168.1.240.sslip.io in 10416 usec\n"
time="2024-05-28T17:25:17.689978651-06:00" level=debug msg="Invoking: gptj-python-asa451j36tksgm81hj47.default.192.168.1.240.sslip.io:80"
time="2024-05-28T17:25:17.700707544-06:00" level=debug msg="Invoked gptj-python-asa451j36tksgm81hj47.default.192.168.1.240.sslip.io in 10737 usec\n"
time="2024-05-28T17:25:25.194704493-06:00" level=debug msg="Invoking: cartservice-cqhqc3e2qakco07sui6k.default.192.168.1.240.sslip.io:80"
time="2024-05-28T17:25:25.207052734-06:00" level=debug msg="Invoked cartservice-cqhqc3e2qakco07sui6k.default.192.168.1.240.sslip.io in 12348 usec\n"
time="2024-05-28T17:25:32.701382971-06:00" level=debug msg="Invoking: gptj-python-asa451j36tksgm81hj47.default.192.168.1.240.sslip.io:80"
time="2024-05-28T17:25:32.711216085-06:00" level=debug msg="Invoked gptj-python-asa451j36tksgm81hj47.default.192.168.1.240.sslip.io in 9840 usec\n"
time="2024-05-28T17:25:40.205375904-06:00" level=debug msg="Invoking: gptj-python-asa451j36tksgm81hj47.default.192.168.1.240.sslip.io:80"
time="2024-05-28T17:25:40.215660474-06:00" level=debug msg="Invoked gptj-python-asa451j36tksgm81hj47.default.192.168.1.240.sslip.io in 10305 usec\n"
time="2024-05-28T17:25:47.709393129-06:00" level=debug msg="Invoking: gptj-python-asa451j36tksgm81hj47.default.192.168.1.240.sslip.io:80"
time="2024-05-28T17:25:47.72004772-06:00" level=debug msg="Invoked gptj-python-asa451j36tksgm81hj47.default.192.168.1.240.sslip.io in 10657 usec\n"
time="2024-05-28T17:25:55.17740481-06:00" level=debug msg="Minute: 10"
time="2024-05-28T17:25:55.177594081-06:00" level=debug msg="Number of Invocations this iteration: 8"
time="2024-05-28T17:25:55.177685947-06:00" level=debug msg="Invoking: rnn-serving-python-10-10-8jt4fg6t0lhsn6nsy56q.default.192.168.1.240.sslip.io:80"
time="2024-05-28T17:26:02.684696376-06:00" level=debug msg="Invoking: gptj-python-asa451j36tksgm81hj47.default.192.168.1.240.sslip.io:80"
time="2024-05-28T17:26:02.695230012-06:00" level=debug msg="Invoked gptj-python-asa451j36tksgm81hj47.default.192.168.1.240.sslip.io in 10539 usec\n"
time="2024-05-28T17:26:05.698938557-06:00" level=debug msg="Invoked rnn-serving-python-10-10-8jt4fg6t0lhsn6nsy56q.default.192.168.1.240.sslip.io in 10521251 usec\n"
time="2024-05-28T17:26:10.187494174-06:00" level=debug msg="Invoking: gptj-python-asa451j36tksgm81hj47.default.192.168.1.240.sslip.io:80"
time="2024-05-28T17:26:10.198883902-06:00" level=debug msg="Invoked gptj-python-asa451j36tksgm81hj47.default.192.168.1.240.sslip.io in 11400 usec\n"
time="2024-05-28T17:26:17.693384148-06:00" level=debug msg="Invoking: gptj-python-asa451j36tksgm81hj47.default.192.168.1.240.sslip.io:80"
time="2024-05-28T17:26:17.703752935-06:00" level=debug msg="Invoked gptj-python-asa451j36tksgm81hj47.default.192.168.1.240.sslip.io in 10378 usec\n"
time="2024-05-28T17:26:25.197717682-06:00" level=debug msg="Invoking: cartservice-cqhqc3e2qakco07sui6k.default.192.168.1.240.sslip.io:80"
time="2024-05-28T17:26:25.213314179-06:00" level=debug msg="Invoked cartservice-cqhqc3e2qakco07sui6k.default.192.168.1.240.sslip.io in 15608 usec\n"
time="2024-05-28T17:26:32.701368833-06:00" level=debug msg="Invoking: gptj-python-asa451j36tksgm81hj47.default.192.168.1.240.sslip.io:80"
time="2024-05-28T17:26:32.711351729-06:00" level=debug msg="Invoked gptj-python-asa451j36tksgm81hj47.default.192.168.1.240.sslip.io in 10000 usec\n"
time="2024-05-28T17:26:40.205338657-06:00" level=debug msg="Invoking: gptj-python-asa451j36tksgm81hj47.default.192.168.1.240.sslip.io:80"
time="2024-05-28T17:26:40.214885222-06:00" level=debug msg="Invoked gptj-python-asa451j36tksgm81hj47.default.192.168.1.240.sslip.io in 9547 usec\n"
time="2024-05-28T17:26:47.709327893-06:00" level=debug msg="Invoking: gptj-python-asa451j36tksgm81hj47.default.192.168.1.240.sslip.io:80"
time="2024-05-28T17:26:47.71821754-06:00" level=debug msg="Invoked gptj-python-asa451j36tksgm81hj47.default.192.168.1.240.sslip.io in 8899 usec\n"
time="2024-05-28T17:26:55.177377644-06:00" level=debug msg="Minute: 11"
time="2024-05-28T17:26:55.177475219-06:00" level=debug msg="Number of Invocations this iteration: 8"
time="2024-05-28T17:26:55.177599645-06:00" level=debug msg="Invoking: image-rotate-go-6-xih9jbgnn7kc45o3to7j.default.192.168.1.240.sslip.io:80"
time="2024-05-28T17:27:02.43156456-06:00" level=debug msg="Invoked image-rotate-go-6-xih9jbgnn7kc45o3to7j.default.192.168.1.240.sslip.io in 7253963 usec\n"
time="2024-05-28T17:27:02.677807585-06:00" level=debug msg="Invoking: gptj-python-asa451j36tksgm81hj47.default.192.168.1.240.sslip.io:80"
time="2024-05-28T17:27:02.687326439-06:00" level=debug msg="Invoked gptj-python-asa451j36tksgm81hj47.default.192.168.1.240.sslip.io in 9550 usec\n"
time="2024-05-28T17:27:10.181331025-06:00" level=debug msg="Invoking: gptj-python-asa451j36tksgm81hj47.default.192.168.1.240.sslip.io:80"
time="2024-05-28T17:27:10.191099621-06:00" level=debug msg="Invoked gptj-python-asa451j36tksgm81hj47.default.192.168.1.240.sslip.io in 9775 usec\n"
time="2024-05-28T17:27:17.686902838-06:00" level=debug msg="Invoking: gptj-python-asa451j36tksgm81hj47.default.192.168.1.240.sslip.io:80"
time="2024-05-28T17:27:17.697044837-06:00" level=debug msg="Invoked gptj-python-asa451j36tksgm81hj47.default.192.168.1.240.sslip.io in 10151 usec\n"
time="2024-05-28T17:27:25.193404318-06:00" level=debug msg="Invoking: cartservice-cqhqc3e2qakco07sui6k.default.192.168.1.240.sslip.io:80"
time="2024-05-28T17:27:25.205939908-06:00" level=debug msg="Invoked cartservice-cqhqc3e2qakco07sui6k.default.192.168.1.240.sslip.io in 12542 usec\n"
time="2024-05-28T17:27:32.694079644-06:00" level=debug msg="Invoking: gptj-python-asa451j36tksgm81hj47.default.192.168.1.240.sslip.io:80"
time="2024-05-28T17:27:32.70506552-06:00" level=debug msg="Invoked gptj-python-asa451j36tksgm81hj47.default.192.168.1.240.sslip.io in 11064 usec\n"
time="2024-05-28T17:27:40.201324769-06:00" level=debug msg="Invoking: gptj-python-asa451j36tksgm81hj47.default.192.168.1.240.sslip.io:80"
time="2024-05-28T17:27:40.211231749-06:00" level=debug msg="Invoked gptj-python-asa451j36tksgm81hj47.default.192.168.1.240.sslip.io in 9916 usec\n"
time="2024-05-28T17:27:47.705384491-06:00" level=debug msg="Invoking: gptj-python-asa451j36tksgm81hj47.default.192.168.1.240.sslip.io:80"
time="2024-05-28T17:27:47.71510118-06:00" level=debug msg="Invoked gptj-python-asa451j36tksgm81hj47.default.192.168.1.240.sslip.io in 9726 usec\n"
time="2024-05-28T17:27:55.177378746-06:00" level=debug msg="Minute: 12"
time="2024-05-28T17:27:55.177566707-06:00" level=debug msg="Number of Invocations this iteration: 8"
time="2024-05-28T17:27:55.177653732-06:00" level=debug msg="Invoking: cartservice-cqhqc3e2qakco07sui6k.default.192.168.1.240.sslip.io:80"
time="2024-05-28T17:27:55.190251487-06:00" level=debug msg="Invoked cartservice-cqhqc3e2qakco07sui6k.default.192.168.1.240.sslip.io in 12594 usec\n"
time="2024-05-28T17:28:02.681412592-06:00" level=debug msg="Invoking: gptj-python-asa451j36tksgm81hj47.default.192.168.1.240.sslip.io:80"
time="2024-05-28T17:28:02.691802823-06:00" level=debug msg="Invoked gptj-python-asa451j36tksgm81hj47.default.192.168.1.240.sslip.io in 10401 usec\n"
time="2024-05-28T17:28:10.185395538-06:00" level=debug msg="Invoking: gptj-python-asa451j36tksgm81hj47.default.192.168.1.240.sslip.io:80"
time="2024-05-28T17:28:10.195532398-06:00" level=debug msg="Invoked gptj-python-asa451j36tksgm81hj47.default.192.168.1.240.sslip.io in 10143 usec\n"
time="2024-05-28T17:28:17.689393793-06:00" level=debug msg="Invoking: gptj-python-asa451j36tksgm81hj47.default.192.168.1.240.sslip.io:80"
time="2024-05-28T17:28:17.699536003-06:00" level=debug msg="Invoked gptj-python-asa451j36tksgm81hj47.default.192.168.1.240.sslip.io in 10152 usec\n"
time="2024-05-28T17:28:25.193320305-06:00" level=debug msg="Invoking: cartservice-cqhqc3e2qakco07sui6k.default.192.168.1.240.sslip.io:80"
time="2024-05-28T17:28:25.205019046-06:00" level=debug msg="Invoked cartservice-cqhqc3e2qakco07sui6k.default.192.168.1.240.sslip.io in 11706 usec\n"
time="2024-05-28T17:28:32.697320303-06:00" level=debug msg="Invoking: gptj-python-asa451j36tksgm81hj47.default.192.168.1.240.sslip.io:80"
time="2024-05-28T17:28:32.707606073-06:00" level=debug msg="Invoked gptj-python-asa451j36tksgm81hj47.default.192.168.1.240.sslip.io in 10295 usec\n"
time="2024-05-28T17:28:40.201383071-06:00" level=debug msg="Invoking: gptj-python-asa451j36tksgm81hj47.default.192.168.1.240.sslip.io:80"
time="2024-05-28T17:28:40.210787238-06:00" level=debug msg="Invoked gptj-python-asa451j36tksgm81hj47.default.192.168.1.240.sslip.io in 9413 usec\n"
time="2024-05-28T17:28:47.706433262-06:00" level=debug msg="Invoking: gptj-python-asa451j36tksgm81hj47.default.192.168.1.240.sslip.io:80"
time="2024-05-28T17:28:47.717995291-06:00" level=debug msg="Invoked gptj-python-asa451j36tksgm81hj47.default.192.168.1.240.sslip.io in 11570 usec\n"
time="2024-05-28T17:28:55.177325733-06:00" level=debug msg="Minute: 13"
time="2024-05-28T17:28:55.1774214-06:00" level=debug msg="Number of Invocations this iteration: 8"
time="2024-05-28T17:28:55.177537832-06:00" level=debug msg="Invoking: cartservice-cqhqc3e2qakco07sui6k.default.192.168.1.240.sslip.io:80"
time="2024-05-28T17:28:55.190708238-06:00" level=debug msg="Invoked cartservice-cqhqc3e2qakco07sui6k.default.192.168.1.240.sslip.io in 13169 usec\n"
time="2024-05-28T17:29:02.681351-06:00" level=debug msg="Invoking: gptj-python-asa451j36tksgm81hj47.default.192.168.1.240.sslip.io:80"
time="2024-05-28T17:29:02.691540645-06:00" level=debug msg="Invoked gptj-python-asa451j36tksgm81hj47.default.192.168.1.240.sslip.io in 10199 usec\n"
time="2024-05-28T17:29:10.185353846-06:00" level=debug msg="Invoking: gptj-python-asa451j36tksgm81hj47.default.192.168.1.240.sslip.io:80"
time="2024-05-28T17:29:10.195864884-06:00" level=debug msg="Invoked gptj-python-asa451j36tksgm81hj47.default.192.168.1.240.sslip.io in 10518 usec\n"
time="2024-05-28T17:29:17.689568268-06:00" level=debug msg="Invoking: gptj-python-asa451j36tksgm81hj47.default.192.168.1.240.sslip.io:80"
time="2024-05-28T17:29:17.701307635-06:00" level=debug msg="Invoked gptj-python-asa451j36tksgm81hj47.default.192.168.1.240.sslip.io in 11748 usec\n"
time="2024-05-28T17:29:25.193386832-06:00" level=debug msg="Invoking: cartservice-cqhqc3e2qakco07sui6k.default.192.168.1.240.sslip.io:80"
time="2024-05-28T17:29:25.205450613-06:00" level=debug msg="Invoked cartservice-cqhqc3e2qakco07sui6k.default.192.168.1.240.sslip.io in 12072 usec\n"
time="2024-05-28T17:29:32.694669765-06:00" level=debug msg="Invoking: gptj-python-asa451j36tksgm81hj47.default.192.168.1.240.sslip.io:80"
time="2024-05-28T17:29:32.706114339-06:00" level=debug msg="Invoked gptj-python-asa451j36tksgm81hj47.default.192.168.1.240.sslip.io in 11453 usec\n"
time="2024-05-28T17:29:40.201363105-06:00" level=debug msg="Invoking: gptj-python-asa451j36tksgm81hj47.default.192.168.1.240.sslip.io:80"
time="2024-05-28T17:29:40.211149428-06:00" level=debug msg="Invoked gptj-python-asa451j36tksgm81hj47.default.192.168.1.240.sslip.io in 9788 usec\n"
time="2024-05-28T17:29:47.706210377-06:00" level=debug msg="Invoking: gptj-python-asa451j36tksgm81hj47.default.192.168.1.240.sslip.io:80"
time="2024-05-28T17:29:47.71673575-06:00" level=debug msg="Invoked gptj-python-asa451j36tksgm81hj47.default.192.168.1.240.sslip.io in 10530 usec\n"
time="2024-05-28T17:29:55.17771867-06:00" level=info msg="Experiment Phase Completed"
time="2024-05-28T17:29:55.177840884-06:00" level=info msg="Issued / completed requests: 112, 112"
time="2024-05-28T17:29:55.177876676-06:00" level=info msg="Average Real RPS: 0.13 "
time="2024-05-28T17:29:55.177901558-06:00" level=info msg="Experiment finished!"
time="2024-05-28T17:29:55.177927824-06:00" level=info msg="The measured latencies are saved in rps_lat.csv"
