time="2024-05-30T01:42:12.161588466-06:00" level=debug msg="Debug logging is enabled"
time="2024-05-30T01:42:12.161786073-06:00" level=info msg="Reading the trace endpoints from the file: /users/ArunAMS/vSwarm/tools/load-generator/load.json"
time="2024-05-30T01:42:12.163193561-06:00" level=info msg="Warmup Duration: 3"
time="2024-05-30T01:42:12.163214766-06:00" level=info msg="Experiment Duration: 11"
time="2024-05-30T01:42:12.163231192-06:00" level=info msg="Minute Granularity: true"
time="2024-05-30T01:43:12.221122584-06:00" level=info msg="Running Warmup Phase"
time="2024-05-30T01:43:12.221205917-06:00" level=debug msg="Minute: 0"
time="2024-05-30T01:43:12.221377765-06:00" level=debug msg="Number of Invocations this iteration: 8"
time="2024-05-30T01:43:12.221488694-06:00" level=debug msg="Invoking: cartservice-5yiwnw4r3quwaex1di0o.default.192.168.1.240.sslip.io:80"
time="2024-05-30T01:43:19.722209253-06:00" level=debug msg="Invoking: gptj-python-c5wwplkw538ully885fc.default.192.168.1.240.sslip.io:80"
time="2024-05-30T01:43:27.223337873-06:00" level=debug msg="Invoking: gptj-python-c5wwplkw538ully885fc.default.192.168.1.240.sslip.io:80"
time="2024-05-30T01:43:34.729211641-06:00" level=debug msg="Invoking: gptj-python-c5wwplkw538ully885fc.default.192.168.1.240.sslip.io:80"
time="2024-05-30T01:43:42.233121431-06:00" level=debug msg="Invoking: cartservice-5yiwnw4r3quwaex1di0o.default.192.168.1.240.sslip.io:80"
time="2024-05-30T01:43:49.738578854-06:00" level=debug msg="Invoking: gptj-python-c5wwplkw538ully885fc.default.192.168.1.240.sslip.io:80"
time="2024-05-30T01:43:57.245476003-06:00" level=debug msg="Invoking: gptj-python-c5wwplkw538ully885fc.default.192.168.1.240.sslip.io:80"
time="2024-05-30T01:44:04.749970331-06:00" level=debug msg="Invoking: gptj-python-c5wwplkw538ully885fc.default.192.168.1.240.sslip.io:80"
time="2024-05-30T01:44:12.169081713-06:00" level=debug msg="Minute: 1"
time="2024-05-30T01:44:12.169153317-06:00" level=debug msg="Number of Invocations this iteration: 8"
time="2024-05-30T01:44:12.169210681-06:00" level=debug msg="Invoking: image-rotate-go-6-qsrjta98697a39gl1f0d.default.192.168.1.240.sslip.io:80"
time="2024-05-30T01:44:19.669462657-06:00" level=debug msg="Invoking: gptj-python-c5wwplkw538ully885fc.default.192.168.1.240.sslip.io:80"
time="2024-05-30T01:44:27.175495576-06:00" level=debug msg="Invoking: gptj-python-c5wwplkw538ully885fc.default.192.168.1.240.sslip.io:80"
time="2024-05-30T01:44:34.681905609-06:00" level=debug msg="Invoking: gptj-python-c5wwplkw538ully885fc.default.192.168.1.240.sslip.io:80"
time="2024-05-30T01:44:42.188024391-06:00" level=debug msg="Invoking: cartservice-5yiwnw4r3quwaex1di0o.default.192.168.1.240.sslip.io:80"
time="2024-05-30T01:44:49.693508161-06:00" level=debug msg="Invoking: gptj-python-c5wwplkw538ully885fc.default.192.168.1.240.sslip.io:80"
time="2024-05-30T01:44:57.197893686-06:00" level=debug msg="Invoking: gptj-python-c5wwplkw538ully885fc.default.192.168.1.240.sslip.io:80"
time="2024-05-30T01:45:04.701667267-06:00" level=debug msg="Invoking: gptj-python-c5wwplkw538ully885fc.default.192.168.1.240.sslip.io:80"
time="2024-05-30T01:45:12.169147729-06:00" level=debug msg="Minute: 2"
time="2024-05-30T01:45:12.169246679-06:00" level=debug msg="Number of Invocations this iteration: 8"
time="2024-05-30T01:45:12.169340206-06:00" level=debug msg="Invoking: cartservice-5yiwnw4r3quwaex1di0o.default.192.168.1.240.sslip.io:80"
time="2024-05-30T01:45:19.673184283-06:00" level=debug msg="Invoking: gptj-python-c5wwplkw538ully885fc.default.192.168.1.240.sslip.io:80"
time="2024-05-30T01:45:27.177879669-06:00" level=debug msg="Invoking: gptj-python-c5wwplkw538ully885fc.default.192.168.1.240.sslip.io:80"
time="2024-05-30T01:45:34.685118949-06:00" level=debug msg="Invoking: gptj-python-c5wwplkw538ully885fc.default.192.168.1.240.sslip.io:80"
time="2024-05-30T01:45:42.189186614-06:00" level=debug msg="Invoking: cartservice-5yiwnw4r3quwaex1di0o.default.192.168.1.240.sslip.io:80"
time="2024-05-30T01:45:49.69322999-06:00" level=debug msg="Invoking: gptj-python-c5wwplkw538ully885fc.default.192.168.1.240.sslip.io:80"
time="2024-05-30T01:45:57.197198614-06:00" level=debug msg="Invoking: gptj-python-c5wwplkw538ully885fc.default.192.168.1.240.sslip.io:80"
time="2024-05-30T01:46:04.701123603-06:00" level=debug msg="Invoking: gptj-python-c5wwplkw538ully885fc.default.192.168.1.240.sslip.io:80"
time="2024-05-30T01:46:12.169102067-06:00" level=info msg="Warmup Phase Completed"
time="2024-05-30T01:46:12.169171795-06:00" level=info msg="Running Experiment Phase"
time="2024-05-30T01:46:12.169199679-06:00" level=debug msg="Minute: 3"
time="2024-05-30T01:46:12.16924592-06:00" level=debug msg="Number of Invocations this iteration: 8"
time="2024-05-30T01:46:12.169331747-06:00" level=debug msg="Invoking: cartservice-5yiwnw4r3quwaex1di0o.default.192.168.1.240.sslip.io:80"
time="2024-05-30T01:46:12.18297242-06:00" level=debug msg="Invoked cartservice-5yiwnw4r3quwaex1di0o.default.192.168.1.240.sslip.io in 13637 usec\n"
time="2024-05-30T01:46:19.674177918-06:00" level=debug msg="Invoking: gptj-python-c5wwplkw538ully885fc.default.192.168.1.240.sslip.io:80"
time="2024-05-30T01:46:19.684502473-06:00" level=debug msg="Invoked gptj-python-c5wwplkw538ully885fc.default.192.168.1.240.sslip.io in 10329 usec\n"
time="2024-05-30T01:46:27.177148204-06:00" level=debug msg="Invoking: gptj-python-c5wwplkw538ully885fc.default.192.168.1.240.sslip.io:80"
time="2024-05-30T01:46:27.187419477-06:00" level=debug msg="Invoked gptj-python-c5wwplkw538ully885fc.default.192.168.1.240.sslip.io in 10282 usec\n"
time="2024-05-30T01:46:34.681196135-06:00" level=debug msg="Invoking: gptj-python-c5wwplkw538ully885fc.default.192.168.1.240.sslip.io:80"
time="2024-05-30T01:46:34.697666364-06:00" level=debug msg="Invoked gptj-python-c5wwplkw538ully885fc.default.192.168.1.240.sslip.io in 16506 usec\n"
time="2024-05-30T01:46:42.185952876-06:00" level=debug msg="Invoking: cartservice-5yiwnw4r3quwaex1di0o.default.192.168.1.240.sslip.io:80"
time="2024-05-30T01:46:42.200822539-06:00" level=debug msg="Invoked cartservice-5yiwnw4r3quwaex1di0o.default.192.168.1.240.sslip.io in 14887 usec\n"
time="2024-05-30T01:46:49.686235213-06:00" level=debug msg="Invoking: gptj-python-c5wwplkw538ully885fc.default.192.168.1.240.sslip.io:80"
time="2024-05-30T01:46:49.698994359-06:00" level=debug msg="Invoked gptj-python-c5wwplkw538ully885fc.default.192.168.1.240.sslip.io in 12832 usec\n"
time="2024-05-30T01:46:57.193122087-06:00" level=debug msg="Invoking: gptj-python-c5wwplkw538ully885fc.default.192.168.1.240.sslip.io:80"
time="2024-05-30T01:46:57.20406813-06:00" level=debug msg="Invoked gptj-python-c5wwplkw538ully885fc.default.192.168.1.240.sslip.io in 10954 usec\n"
time="2024-05-30T01:47:04.697163464-06:00" level=debug msg="Invoking: gptj-python-c5wwplkw538ully885fc.default.192.168.1.240.sslip.io:80"
time="2024-05-30T01:47:04.707179986-06:00" level=debug msg="Invoked gptj-python-c5wwplkw538ully885fc.default.192.168.1.240.sslip.io in 10029 usec\n"
time="2024-05-30T01:47:12.169097296-06:00" level=debug msg="Minute: 4"
time="2024-05-30T01:47:12.169181078-06:00" level=debug msg="Number of Invocations this iteration: 8"
time="2024-05-30T01:47:12.169267076-06:00" level=debug msg="Invoking: rnn-serving-python-10-10-sxqcpc60ftgtprcqzp96.default.192.168.1.240.sslip.io:80"
time="2024-05-30T01:47:19.201595541-06:00" level=debug msg="Invoked rnn-serving-python-10-10-sxqcpc60ftgtprcqzp96.default.192.168.1.240.sslip.io in 7032329 usec\n"
time="2024-05-30T01:47:19.670113667-06:00" level=debug msg="Invoking: gptj-python-c5wwplkw538ully885fc.default.192.168.1.240.sslip.io:80"
time="2024-05-30T01:47:19.68030573-06:00" level=debug msg="Invoked gptj-python-c5wwplkw538ully885fc.default.192.168.1.240.sslip.io in 10203 usec\n"
time="2024-05-30T01:47:27.177122-06:00" level=debug msg="Invoking: gptj-python-c5wwplkw538ully885fc.default.192.168.1.240.sslip.io:80"
time="2024-05-30T01:47:27.18796224-06:00" level=debug msg="Invoked gptj-python-c5wwplkw538ully885fc.default.192.168.1.240.sslip.io in 10851 usec\n"
time="2024-05-30T01:47:34.681211695-06:00" level=debug msg="Invoking: gptj-python-c5wwplkw538ully885fc.default.192.168.1.240.sslip.io:80"
time="2024-05-30T01:47:34.69172-06:00" level=debug msg="Invoked gptj-python-c5wwplkw538ully885fc.default.192.168.1.240.sslip.io in 10520 usec\n"
time="2024-05-30T01:47:42.185173901-06:00" level=debug msg="Invoking: cartservice-5yiwnw4r3quwaex1di0o.default.192.168.1.240.sslip.io:80"
time="2024-05-30T01:47:42.20427072-06:00" level=debug msg="Invoked cartservice-5yiwnw4r3quwaex1di0o.default.192.168.1.240.sslip.io in 19130 usec\n"
time="2024-05-30T01:47:49.68913675-06:00" level=debug msg="Invoking: gptj-python-c5wwplkw538ully885fc.default.192.168.1.240.sslip.io:80"
time="2024-05-30T01:47:49.699584451-06:00" level=debug msg="Invoked gptj-python-c5wwplkw538ully885fc.default.192.168.1.240.sslip.io in 10460 usec\n"
time="2024-05-30T01:47:57.193111643-06:00" level=debug msg="Invoking: gptj-python-c5wwplkw538ully885fc.default.192.168.1.240.sslip.io:80"
time="2024-05-30T01:47:57.204441584-06:00" level=debug msg="Invoked gptj-python-c5wwplkw538ully885fc.default.192.168.1.240.sslip.io in 11338 usec\n"
time="2024-05-30T01:48:04.697142388-06:00" level=debug msg="Invoking: gptj-python-c5wwplkw538ully885fc.default.192.168.1.240.sslip.io:80"
time="2024-05-30T01:48:04.710071672-06:00" level=debug msg="Invoked gptj-python-c5wwplkw538ully885fc.default.192.168.1.240.sslip.io in 12933 usec\n"
time="2024-05-30T01:48:12.169108861-06:00" level=debug msg="Minute: 5"
time="2024-05-30T01:48:12.169218218-06:00" level=debug msg="Number of Invocations this iteration: 8"
time="2024-05-30T01:48:12.169312895-06:00" level=debug msg="Invoking: cartservice-5yiwnw4r3quwaex1di0o.default.192.168.1.240.sslip.io:80"
time="2024-05-30T01:48:12.185309232-06:00" level=debug msg="Invoked cartservice-5yiwnw4r3quwaex1di0o.default.192.168.1.240.sslip.io in 15994 usec\n"
time="2024-05-30T01:48:19.673163625-06:00" level=debug msg="Invoking: gptj-python-c5wwplkw538ully885fc.default.192.168.1.240.sslip.io:80"
time="2024-05-30T01:48:19.684321016-06:00" level=debug msg="Invoked gptj-python-c5wwplkw538ully885fc.default.192.168.1.240.sslip.io in 11163 usec\n"
time="2024-05-30T01:48:27.180170434-06:00" level=debug msg="Invoking: gptj-python-c5wwplkw538ully885fc.default.192.168.1.240.sslip.io:80"
time="2024-05-30T01:48:27.188995047-06:00" level=debug msg="Invoked gptj-python-c5wwplkw538ully885fc.default.192.168.1.240.sslip.io in 8834 usec\n"
time="2024-05-30T01:48:34.685111199-06:00" level=debug msg="Invoking: gptj-python-c5wwplkw538ully885fc.default.192.168.1.240.sslip.io:80"
time="2024-05-30T01:48:34.696086135-06:00" level=debug msg="Invoked gptj-python-c5wwplkw538ully885fc.default.192.168.1.240.sslip.io in 10982 usec\n"
time="2024-05-30T01:48:42.18912856-06:00" level=debug msg="Invoking: cartservice-5yiwnw4r3quwaex1di0o.default.192.168.1.240.sslip.io:80"
time="2024-05-30T01:48:42.205245178-06:00" level=debug msg="Invoked cartservice-5yiwnw4r3quwaex1di0o.default.192.168.1.240.sslip.io in 16119 usec\n"
time="2024-05-30T01:48:49.693607821-06:00" level=debug msg="Invoking: gptj-python-c5wwplkw538ully885fc.default.192.168.1.240.sslip.io:80"
time="2024-05-30T01:48:49.703654396-06:00" level=debug msg="Invoked gptj-python-c5wwplkw538ully885fc.default.192.168.1.240.sslip.io in 10116 usec\n"
time="2024-05-30T01:48:57.197136683-06:00" level=debug msg="Invoking: gptj-python-c5wwplkw538ully885fc.default.192.168.1.240.sslip.io:80"
time="2024-05-30T01:48:57.207269846-06:00" level=debug msg="Invoked gptj-python-c5wwplkw538ully885fc.default.192.168.1.240.sslip.io in 10146 usec\n"
time="2024-05-30T01:49:04.701435162-06:00" level=debug msg="Invoking: gptj-python-c5wwplkw538ully885fc.default.192.168.1.240.sslip.io:80"
time="2024-05-30T01:49:04.712303819-06:00" level=debug msg="Invoked gptj-python-c5wwplkw538ully885fc.default.192.168.1.240.sslip.io in 10878 usec\n"
time="2024-05-30T01:49:12.169111105-06:00" level=debug msg="Minute: 6"
time="2024-05-30T01:49:12.169219276-06:00" level=debug msg="Number of Invocations this iteration: 8"
time="2024-05-30T01:49:12.169314748-06:00" level=debug msg="Invoking: image-rotate-go-6-qsrjta98697a39gl1f0d.default.192.168.1.240.sslip.io:80"
time="2024-05-30T01:49:19.673168703-06:00" level=debug msg="Invoking: gptj-python-c5wwplkw538ully885fc.default.192.168.1.240.sslip.io:80"
time="2024-05-30T01:49:19.683948974-06:00" level=debug msg="Invoked gptj-python-c5wwplkw538ully885fc.default.192.168.1.240.sslip.io in 10790 usec\n"
time="2024-05-30T01:49:24.404228983-06:00" level=debug msg="Invoked image-rotate-go-6-qsrjta98697a39gl1f0d.default.192.168.1.240.sslip.io in 12234911 usec\n"
time="2024-05-30T01:49:27.17543096-06:00" level=debug msg="Invoking: gptj-python-c5wwplkw538ully885fc.default.192.168.1.240.sslip.io:80"
time="2024-05-30T01:49:27.184903448-06:00" level=debug msg="Invoked gptj-python-c5wwplkw538ully885fc.default.192.168.1.240.sslip.io in 9481 usec\n"
time="2024-05-30T01:49:34.681130388-06:00" level=debug msg="Invoking: gptj-python-c5wwplkw538ully885fc.default.192.168.1.240.sslip.io:80"
time="2024-05-30T01:49:34.69163212-06:00" level=debug msg="Invoked gptj-python-c5wwplkw538ully885fc.default.192.168.1.240.sslip.io in 10508 usec\n"
time="2024-05-30T01:49:42.185134366-06:00" level=debug msg="Invoking: cartservice-5yiwnw4r3quwaex1di0o.default.192.168.1.240.sslip.io:80"
time="2024-05-30T01:49:42.197714111-06:00" level=debug msg="Invoked cartservice-5yiwnw4r3quwaex1di0o.default.192.168.1.240.sslip.io in 12593 usec\n"
time="2024-05-30T01:49:49.68920292-06:00" level=debug msg="Invoking: gptj-python-c5wwplkw538ully885fc.default.192.168.1.240.sslip.io:80"
time="2024-05-30T01:49:49.700692841-06:00" level=debug msg="Invoked gptj-python-c5wwplkw538ully885fc.default.192.168.1.240.sslip.io in 11500 usec\n"
time="2024-05-30T01:49:57.193144642-06:00" level=debug msg="Invoking: gptj-python-c5wwplkw538ully885fc.default.192.168.1.240.sslip.io:80"
time="2024-05-30T01:49:57.206522706-06:00" level=debug msg="Invoked gptj-python-c5wwplkw538ully885fc.default.192.168.1.240.sslip.io in 13393 usec\n"
time="2024-05-30T01:50:04.697129484-06:00" level=debug msg="Invoking: gptj-python-c5wwplkw538ully885fc.default.192.168.1.240.sslip.io:80"
time="2024-05-30T01:50:04.708759051-06:00" level=debug msg="Invoked gptj-python-c5wwplkw538ully885fc.default.192.168.1.240.sslip.io in 11640 usec\n"
time="2024-05-30T01:50:12.169120594-06:00" level=debug msg="Minute: 7"
time="2024-05-30T01:50:12.169179752-06:00" level=debug msg="Number of Invocations this iteration: 8"
time="2024-05-30T01:50:12.169233652-06:00" level=debug msg="Invoking: cartservice-5yiwnw4r3quwaex1di0o.default.192.168.1.240.sslip.io:80"
time="2024-05-30T01:50:12.181555673-06:00" level=debug msg="Invoked cartservice-5yiwnw4r3quwaex1di0o.default.192.168.1.240.sslip.io in 12318 usec\n"
time="2024-05-30T01:50:19.673544481-06:00" level=debug msg="Invoking: gptj-python-c5wwplkw538ully885fc.default.192.168.1.240.sslip.io:80"
time="2024-05-30T01:50:19.684501054-06:00" level=debug msg="Invoked gptj-python-c5wwplkw538ully885fc.default.192.168.1.240.sslip.io in 10992 usec\n"
time="2024-05-30T01:50:27.177133186-06:00" level=debug msg="Invoking: gptj-python-c5wwplkw538ully885fc.default.192.168.1.240.sslip.io:80"
time="2024-05-30T01:50:27.186103864-06:00" level=debug msg="Invoked gptj-python-c5wwplkw538ully885fc.default.192.168.1.240.sslip.io in 8978 usec\n"
time="2024-05-30T01:50:34.681090263-06:00" level=debug msg="Invoking: gptj-python-c5wwplkw538ully885fc.default.192.168.1.240.sslip.io:80"
time="2024-05-30T01:50:34.691349564-06:00" level=debug msg="Invoked gptj-python-c5wwplkw538ully885fc.default.192.168.1.240.sslip.io in 10266 usec\n"
time="2024-05-30T01:50:42.185202966-06:00" level=debug msg="Invoking: cartservice-5yiwnw4r3quwaex1di0o.default.192.168.1.240.sslip.io:80"
time="2024-05-30T01:50:42.196309494-06:00" level=debug msg="Invoked cartservice-5yiwnw4r3quwaex1di0o.default.192.168.1.240.sslip.io in 11116 usec\n"
time="2024-05-30T01:50:49.685324628-06:00" level=debug msg="Invoking: gptj-python-c5wwplkw538ully885fc.default.192.168.1.240.sslip.io:80"
time="2024-05-30T01:50:49.697118092-06:00" level=debug msg="Invoked gptj-python-c5wwplkw538ully885fc.default.192.168.1.240.sslip.io in 11796 usec\n"
time="2024-05-30T01:50:57.189138514-06:00" level=debug msg="Invoking: gptj-python-c5wwplkw538ully885fc.default.192.168.1.240.sslip.io:80"
time="2024-05-30T01:50:57.199817278-06:00" level=debug msg="Invoked gptj-python-c5wwplkw538ully885fc.default.192.168.1.240.sslip.io in 10714 usec\n"
time="2024-05-30T01:51:04.693181638-06:00" level=debug msg="Invoking: gptj-python-c5wwplkw538ully885fc.default.192.168.1.240.sslip.io:80"
time="2024-05-30T01:51:04.703823384-06:00" level=debug msg="Invoked gptj-python-c5wwplkw538ully885fc.default.192.168.1.240.sslip.io in 10649 usec\n"
time="2024-05-30T01:51:12.169107605-06:00" level=debug msg="Minute: 8"
time="2024-05-30T01:51:12.169260702-06:00" level=debug msg="Number of Invocations this iteration: 8"
time="2024-05-30T01:51:12.169333465-06:00" level=debug msg="Invoking: cartservice-5yiwnw4r3quwaex1di0o.default.192.168.1.240.sslip.io:80"
time="2024-05-30T01:51:12.182303304-06:00" level=debug msg="Invoked cartservice-5yiwnw4r3quwaex1di0o.default.192.168.1.240.sslip.io in 12967 usec\n"
time="2024-05-30T01:51:19.673577582-06:00" level=debug msg="Invoking: gptj-python-c5wwplkw538ully885fc.default.192.168.1.240.sslip.io:80"
time="2024-05-30T01:51:19.68312925-06:00" level=debug msg="Invoked gptj-python-c5wwplkw538ully885fc.default.192.168.1.240.sslip.io in 9563 usec\n"
time="2024-05-30T01:51:27.177358683-06:00" level=debug msg="Invoking: gptj-python-c5wwplkw538ully885fc.default.192.168.1.240.sslip.io:80"
time="2024-05-30T01:51:27.187851099-06:00" level=debug msg="Invoked gptj-python-c5wwplkw538ully885fc.default.192.168.1.240.sslip.io in 10501 usec\n"
time="2024-05-30T01:51:34.68112362-06:00" level=debug msg="Invoking: gptj-python-c5wwplkw538ully885fc.default.192.168.1.240.sslip.io:80"
time="2024-05-30T01:51:34.692495202-06:00" level=debug msg="Invoked gptj-python-c5wwplkw538ully885fc.default.192.168.1.240.sslip.io in 11375 usec\n"
time="2024-05-30T01:51:42.185538655-06:00" level=debug msg="Invoking: cartservice-5yiwnw4r3quwaex1di0o.default.192.168.1.240.sslip.io:80"
time="2024-05-30T01:51:42.198450878-06:00" level=debug msg="Invoked cartservice-5yiwnw4r3quwaex1di0o.default.192.168.1.240.sslip.io in 12922 usec\n"
time="2024-05-30T01:51:49.689106269-06:00" level=debug msg="Invoking: gptj-python-c5wwplkw538ully885fc.default.192.168.1.240.sslip.io:80"
time="2024-05-30T01:51:49.699723818-06:00" level=debug msg="Invoked gptj-python-c5wwplkw538ully885fc.default.192.168.1.240.sslip.io in 10629 usec\n"
time="2024-05-30T01:51:57.193129036-06:00" level=debug msg="Invoking: gptj-python-c5wwplkw538ully885fc.default.192.168.1.240.sslip.io:80"
time="2024-05-30T01:51:57.202949784-06:00" level=debug msg="Invoked gptj-python-c5wwplkw538ully885fc.default.192.168.1.240.sslip.io in 9830 usec\n"
time="2024-05-30T01:52:04.697128382-06:00" level=debug msg="Invoking: gptj-python-c5wwplkw538ully885fc.default.192.168.1.240.sslip.io:80"
time="2024-05-30T01:52:04.70627533-06:00" level=debug msg="Invoked gptj-python-c5wwplkw538ully885fc.default.192.168.1.240.sslip.io in 9161 usec\n"
time="2024-05-30T01:52:12.169073752-06:00" level=debug msg="Minute: 9"
time="2024-05-30T01:52:12.169142794-06:00" level=debug msg="Number of Invocations this iteration: 8"
time="2024-05-30T01:52:12.169197253-06:00" level=debug msg="Invoking: cartservice-5yiwnw4r3quwaex1di0o.default.192.168.1.240.sslip.io:80"
time="2024-05-30T01:52:12.182195141-06:00" level=debug msg="Invoked cartservice-5yiwnw4r3quwaex1di0o.default.192.168.1.240.sslip.io in 12992 usec\n"
time="2024-05-30T01:52:19.673936004-06:00" level=debug msg="Invoking: gptj-python-c5wwplkw538ully885fc.default.192.168.1.240.sslip.io:80"
time="2024-05-30T01:52:19.684615017-06:00" level=debug msg="Invoked gptj-python-c5wwplkw538ully885fc.default.192.168.1.240.sslip.io in 10688 usec\n"
time="2024-05-30T01:52:27.177133393-06:00" level=debug msg="Invoking: gptj-python-c5wwplkw538ully885fc.default.192.168.1.240.sslip.io:80"
time="2024-05-30T01:52:27.187093319-06:00" level=debug msg="Invoked gptj-python-c5wwplkw538ully885fc.default.192.168.1.240.sslip.io in 9992 usec\n"
time="2024-05-30T01:52:34.681197334-06:00" level=debug msg="Invoking: gptj-python-c5wwplkw538ully885fc.default.192.168.1.240.sslip.io:80"
time="2024-05-30T01:52:34.692221737-06:00" level=debug msg="Invoked gptj-python-c5wwplkw538ully885fc.default.192.168.1.240.sslip.io in 11031 usec\n"
time="2024-05-30T01:52:42.185169549-06:00" level=debug msg="Invoking: cartservice-5yiwnw4r3quwaex1di0o.default.192.168.1.240.sslip.io:80"
time="2024-05-30T01:52:42.197966155-06:00" level=debug msg="Invoked cartservice-5yiwnw4r3quwaex1di0o.default.192.168.1.240.sslip.io in 12809 usec\n"
time="2024-05-30T01:52:49.687143075-06:00" level=debug msg="Invoking: gptj-python-c5wwplkw538ully885fc.default.192.168.1.240.sslip.io:80"
time="2024-05-30T01:52:49.697999406-06:00" level=debug msg="Invoked gptj-python-c5wwplkw538ully885fc.default.192.168.1.240.sslip.io in 11006 usec\n"
time="2024-05-30T01:52:57.193142289-06:00" level=debug msg="Invoking: gptj-python-c5wwplkw538ully885fc.default.192.168.1.240.sslip.io:80"
time="2024-05-30T01:52:57.203547369-06:00" level=debug msg="Invoked gptj-python-c5wwplkw538ully885fc.default.192.168.1.240.sslip.io in 10420 usec\n"
time="2024-05-30T01:53:04.698916587-06:00" level=debug msg="Invoking: gptj-python-c5wwplkw538ully885fc.default.192.168.1.240.sslip.io:80"
time="2024-05-30T01:53:04.708818422-06:00" level=debug msg="Invoked gptj-python-c5wwplkw538ully885fc.default.192.168.1.240.sslip.io in 9910 usec\n"
time="2024-05-30T01:53:12.169117082-06:00" level=debug msg="Minute: 10"
time="2024-05-30T01:53:12.169266499-06:00" level=debug msg="Number of Invocations this iteration: 8"
time="2024-05-30T01:53:12.169347682-06:00" level=debug msg="Invoking: rnn-serving-python-10-10-sxqcpc60ftgtprcqzp96.default.192.168.1.240.sslip.io:80"
time="2024-05-30T01:53:19.673120381-06:00" level=debug msg="Invoking: gptj-python-c5wwplkw538ully885fc.default.192.168.1.240.sslip.io:80"
time="2024-05-30T01:53:19.68726374-06:00" level=debug msg="Invoked gptj-python-c5wwplkw538ully885fc.default.192.168.1.240.sslip.io in 14155 usec\n"
time="2024-05-30T01:53:23.583287407-06:00" level=debug msg="Invoked rnn-serving-python-10-10-sxqcpc60ftgtprcqzp96.default.192.168.1.240.sslip.io in 11413938 usec\n"
time="2024-05-30T01:53:27.174212822-06:00" level=debug msg="Invoking: gptj-python-c5wwplkw538ully885fc.default.192.168.1.240.sslip.io:80"
time="2024-05-30T01:53:27.185001566-06:00" level=debug msg="Invoked gptj-python-c5wwplkw538ully885fc.default.192.168.1.240.sslip.io in 10801 usec\n"
time="2024-05-30T01:53:34.681108178-06:00" level=debug msg="Invoking: gptj-python-c5wwplkw538ully885fc.default.192.168.1.240.sslip.io:80"
time="2024-05-30T01:53:34.691364736-06:00" level=debug msg="Invoked gptj-python-c5wwplkw538ully885fc.default.192.168.1.240.sslip.io in 10265 usec\n"
time="2024-05-30T01:53:42.185194636-06:00" level=debug msg="Invoking: cartservice-5yiwnw4r3quwaex1di0o.default.192.168.1.240.sslip.io:80"
time="2024-05-30T01:53:42.196746402-06:00" level=debug msg="Invoked cartservice-5yiwnw4r3quwaex1di0o.default.192.168.1.240.sslip.io in 11563 usec\n"
time="2024-05-30T01:53:49.689123743-06:00" level=debug msg="Invoking: gptj-python-c5wwplkw538ully885fc.default.192.168.1.240.sslip.io:80"
time="2024-05-30T01:53:49.698693705-06:00" level=debug msg="Invoked gptj-python-c5wwplkw538ully885fc.default.192.168.1.240.sslip.io in 9580 usec\n"
time="2024-05-30T01:53:57.193135708-06:00" level=debug msg="Invoking: gptj-python-c5wwplkw538ully885fc.default.192.168.1.240.sslip.io:80"
time="2024-05-30T01:53:57.20392879-06:00" level=debug msg="Invoked gptj-python-c5wwplkw538ully885fc.default.192.168.1.240.sslip.io in 10804 usec\n"
time="2024-05-30T01:54:04.697124593-06:00" level=debug msg="Invoking: gptj-python-c5wwplkw538ully885fc.default.192.168.1.240.sslip.io:80"
time="2024-05-30T01:54:04.706257079-06:00" level=debug msg="Invoked gptj-python-c5wwplkw538ully885fc.default.192.168.1.240.sslip.io in 9143 usec\n"
time="2024-05-30T01:54:12.169092716-06:00" level=debug msg="Minute: 11"
time="2024-05-30T01:54:12.169198801-06:00" level=debug msg="Number of Invocations this iteration: 8"
time="2024-05-30T01:54:12.169289194-06:00" level=debug msg="Invoking: image-rotate-go-6-qsrjta98697a39gl1f0d.default.192.168.1.240.sslip.io:80"
time="2024-05-30T01:54:19.375134826-06:00" level=debug msg="Invoked image-rotate-go-6-qsrjta98697a39gl1f0d.default.192.168.1.240.sslip.io in 7205844 usec\n"
time="2024-05-30T01:54:19.670308268-06:00" level=debug msg="Invoking: gptj-python-c5wwplkw538ully885fc.default.192.168.1.240.sslip.io:80"
time="2024-05-30T01:54:19.681727461-06:00" level=debug msg="Invoked gptj-python-c5wwplkw538ully885fc.default.192.168.1.240.sslip.io in 11449 usec\n"
time="2024-05-30T01:54:27.177181195-06:00" level=debug msg="Invoking: gptj-python-c5wwplkw538ully885fc.default.192.168.1.240.sslip.io:80"
time="2024-05-30T01:54:27.187437389-06:00" level=debug msg="Invoked gptj-python-c5wwplkw538ully885fc.default.192.168.1.240.sslip.io in 10265 usec\n"
time="2024-05-30T01:54:34.681407447-06:00" level=debug msg="Invoking: gptj-python-c5wwplkw538ully885fc.default.192.168.1.240.sslip.io:80"
time="2024-05-30T01:54:34.692206814-06:00" level=debug msg="Invoked gptj-python-c5wwplkw538ully885fc.default.192.168.1.240.sslip.io in 10811 usec\n"
time="2024-05-30T01:54:42.185187591-06:00" level=debug msg="Invoking: cartservice-5yiwnw4r3quwaex1di0o.default.192.168.1.240.sslip.io:80"
time="2024-05-30T01:54:42.200488757-06:00" level=debug msg="Invoked cartservice-5yiwnw4r3quwaex1di0o.default.192.168.1.240.sslip.io in 15309 usec\n"
time="2024-05-30T01:54:49.688318539-06:00" level=debug msg="Invoking: gptj-python-c5wwplkw538ully885fc.default.192.168.1.240.sslip.io:80"
time="2024-05-30T01:54:49.702185572-06:00" level=debug msg="Invoked gptj-python-c5wwplkw538ully885fc.default.192.168.1.240.sslip.io in 14014 usec\n"
time="2024-05-30T01:54:57.194010478-06:00" level=debug msg="Invoking: gptj-python-c5wwplkw538ully885fc.default.192.168.1.240.sslip.io:80"
time="2024-05-30T01:54:57.204801225-06:00" level=debug msg="Invoked gptj-python-c5wwplkw538ully885fc.default.192.168.1.240.sslip.io in 10801 usec\n"
time="2024-05-30T01:55:04.698437178-06:00" level=debug msg="Invoking: gptj-python-c5wwplkw538ully885fc.default.192.168.1.240.sslip.io:80"
time="2024-05-30T01:55:04.708665158-06:00" level=debug msg="Invoked gptj-python-c5wwplkw538ully885fc.default.192.168.1.240.sslip.io in 10239 usec\n"
time="2024-05-30T01:55:12.169103795-06:00" level=debug msg="Minute: 12"
time="2024-05-30T01:55:12.169253234-06:00" level=debug msg="Number of Invocations this iteration: 8"
time="2024-05-30T01:55:12.169338226-06:00" level=debug msg="Invoking: cartservice-5yiwnw4r3quwaex1di0o.default.192.168.1.240.sslip.io:80"
time="2024-05-30T01:55:12.183179441-06:00" level=debug msg="Invoked cartservice-5yiwnw4r3quwaex1di0o.default.192.168.1.240.sslip.io in 13835 usec\n"
time="2024-05-30T01:55:19.673144429-06:00" level=debug msg="Invoking: gptj-python-c5wwplkw538ully885fc.default.192.168.1.240.sslip.io:80"
time="2024-05-30T01:55:19.683016815-06:00" level=debug msg="Invoked gptj-python-c5wwplkw538ully885fc.default.192.168.1.240.sslip.io in 9884 usec\n"
time="2024-05-30T01:55:27.177769242-06:00" level=debug msg="Invoking: gptj-python-c5wwplkw538ully885fc.default.192.168.1.240.sslip.io:80"
time="2024-05-30T01:55:27.188125672-06:00" level=debug msg="Invoked gptj-python-c5wwplkw538ully885fc.default.192.168.1.240.sslip.io in 10367 usec\n"
time="2024-05-30T01:55:34.68117952-06:00" level=debug msg="Invoking: gptj-python-c5wwplkw538ully885fc.default.192.168.1.240.sslip.io:80"
time="2024-05-30T01:55:34.691901204-06:00" level=debug msg="Invoked gptj-python-c5wwplkw538ully885fc.default.192.168.1.240.sslip.io in 10733 usec\n"
time="2024-05-30T01:55:42.187973181-06:00" level=debug msg="Invoking: cartservice-5yiwnw4r3quwaex1di0o.default.192.168.1.240.sslip.io:80"
time="2024-05-30T01:55:42.201919067-06:00" level=debug msg="Invoked cartservice-5yiwnw4r3quwaex1di0o.default.192.168.1.240.sslip.io in 13953 usec\n"
time="2024-05-30T01:55:49.693560235-06:00" level=debug msg="Invoking: gptj-python-c5wwplkw538ully885fc.default.192.168.1.240.sslip.io:80"
time="2024-05-30T01:55:49.704195192-06:00" level=debug msg="Invoked gptj-python-c5wwplkw538ully885fc.default.192.168.1.240.sslip.io in 10647 usec\n"
time="2024-05-30T01:55:57.199805756-06:00" level=debug msg="Invoking: gptj-python-c5wwplkw538ully885fc.default.192.168.1.240.sslip.io:80"
time="2024-05-30T01:55:57.211423533-06:00" level=debug msg="Invoked gptj-python-c5wwplkw538ully885fc.default.192.168.1.240.sslip.io in 11625 usec\n"
time="2024-05-30T01:56:04.705191391-06:00" level=debug msg="Invoking: gptj-python-c5wwplkw538ully885fc.default.192.168.1.240.sslip.io:80"
time="2024-05-30T01:56:04.715938171-06:00" level=debug msg="Invoked gptj-python-c5wwplkw538ully885fc.default.192.168.1.240.sslip.io in 10756 usec\n"
time="2024-05-30T01:56:12.170012797-06:00" level=debug msg="Minute: 13"
time="2024-05-30T01:56:12.170108466-06:00" level=debug msg="Number of Invocations this iteration: 8"
time="2024-05-30T01:56:12.170195477-06:00" level=debug msg="Invoking: cartservice-5yiwnw4r3quwaex1di0o.default.192.168.1.240.sslip.io:80"
time="2024-05-30T01:56:12.184736522-06:00" level=debug msg="Invoked cartservice-5yiwnw4r3quwaex1di0o.default.192.168.1.240.sslip.io in 14539 usec\n"
time="2024-05-30T01:56:19.677189695-06:00" level=debug msg="Invoking: gptj-python-c5wwplkw538ully885fc.default.192.168.1.240.sslip.io:80"
time="2024-05-30T01:56:19.689976954-06:00" level=debug msg="Invoked gptj-python-c5wwplkw538ully885fc.default.192.168.1.240.sslip.io in 12797 usec\n"
time="2024-05-30T01:56:27.183065985-06:00" level=debug msg="Invoking: gptj-python-c5wwplkw538ully885fc.default.192.168.1.240.sslip.io:80"
time="2024-05-30T01:56:27.193687266-06:00" level=debug msg="Invoked gptj-python-c5wwplkw538ully885fc.default.192.168.1.240.sslip.io in 10631 usec\n"
time="2024-05-30T01:56:34.689115848-06:00" level=debug msg="Invoking: gptj-python-c5wwplkw538ully885fc.default.192.168.1.240.sslip.io:80"
time="2024-05-30T01:56:34.699213812-06:00" level=debug msg="Invoked gptj-python-c5wwplkw538ully885fc.default.192.168.1.240.sslip.io in 10102 usec\n"
time="2024-05-30T01:56:42.193180804-06:00" level=debug msg="Invoking: cartservice-5yiwnw4r3quwaex1di0o.default.192.168.1.240.sslip.io:80"
time="2024-05-30T01:56:42.206660446-06:00" level=debug msg="Invoked cartservice-5yiwnw4r3quwaex1di0o.default.192.168.1.240.sslip.io in 13489 usec\n"
time="2024-05-30T01:56:49.693609271-06:00" level=debug msg="Invoking: gptj-python-c5wwplkw538ully885fc.default.192.168.1.240.sslip.io:80"
time="2024-05-30T01:56:49.705105992-06:00" level=debug msg="Invoked gptj-python-c5wwplkw538ully885fc.default.192.168.1.240.sslip.io in 11768 usec\n"
time="2024-05-30T01:56:57.200444679-06:00" level=debug msg="Invoking: gptj-python-c5wwplkw538ully885fc.default.192.168.1.240.sslip.io:80"
time="2024-05-30T01:56:57.21110959-06:00" level=debug msg="Invoked gptj-python-c5wwplkw538ully885fc.default.192.168.1.240.sslip.io in 10673 usec\n"
time="2024-05-30T01:57:04.705135566-06:00" level=debug msg="Invoking: gptj-python-c5wwplkw538ully885fc.default.192.168.1.240.sslip.io:80"
time="2024-05-30T01:57:04.715103625-06:00" level=debug msg="Invoked gptj-python-c5wwplkw538ully885fc.default.192.168.1.240.sslip.io in 9979 usec\n"
time="2024-05-30T01:57:12.165118354-06:00" level=info msg="Experiment Phase Completed"
time="2024-05-30T01:57:12.16526789-06:00" level=info msg="Issued / completed requests: 112, 112"
time="2024-05-30T01:57:12.165303614-06:00" level=info msg="Average Real RPS: 0.13 "
time="2024-05-30T01:57:12.165329641-06:00" level=info msg="Experiment finished!"
time="2024-05-30T01:57:12.165356118-06:00" level=info msg="The measured latencies are saved in rps_lat.csv"
