time="2024-05-28T22:58:00.374093197-06:00" level=info msg="Reading the endpoints from the file: video-analytics-standalone-python-70-300/endpoints.json"
time="2024-05-28T23:00:20.389997304-06:00" level=warning msg="Failed to invoke video-analytics-standalone-python-70-zrehxg3.default.192.168.1.240.sslip.io:80, err=rpc error: code = DeadlineExceeded desc = context deadline exceeded"
time="2024-05-28T23:00:31.583939321-06:00" level=warning msg="Failed to invoke video-analytics-standalone-python-70-zrehxg3.default.192.168.1.240.sslip.io:80, err=rpc error: code = DeadlineExceeded desc = context deadline exceeded"
time="2024-05-28T23:00:42.762575594-06:00" level=warning msg="Failed to invoke video-analytics-standalone-python-70-zrehxg3.default.192.168.1.240.sslip.io:80, err=rpc error: code = Unavailable desc = upstream request timeout"
time="2024-05-28T23:00:53.94754329-06:00" level=warning msg="Failed to invoke video-analytics-standalone-python-70-zrehxg3.default.192.168.1.240.sslip.io:80, err=rpc error: code = Unavailable desc = upstream request timeout"
time="2024-05-28T23:01:05.131618068-06:00" level=warning msg="Failed to invoke video-analytics-standalone-python-70-zrehxg3.default.192.168.1.240.sslip.io:80, err=rpc error: code = Unavailable desc = upstream request timeout"
time="2024-05-28T23:01:16.317820363-06:00" level=warning msg="Failed to invoke video-analytics-standalone-python-70-zrehxg3.default.192.168.1.240.sslip.io:80, err=rpc error: code = Unavailable desc = upstream request timeout"
time="2024-05-28T23:01:27.507377684-06:00" level=warning msg="Failed to invoke video-analytics-standalone-python-70-zrehxg3.default.192.168.1.240.sslip.io:80, err=rpc error: code = Unavailable desc = upstream request timeout"
time="2024-05-28T23:01:38.691326244-06:00" level=warning msg="Failed to invoke video-analytics-standalone-python-70-zrehxg3.default.192.168.1.240.sslip.io:80, err=rpc error: code = Unavailable desc = upstream request timeout"
time="2024-05-28T23:01:49.881504354-06:00" level=warning msg="Failed to invoke video-analytics-standalone-python-70-zrehxg3.default.192.168.1.240.sslip.io:80, err=rpc error: code = Unavailable desc = upstream request timeout"
time="2024-05-28T23:02:01.066750823-06:00" level=warning msg="Failed to invoke video-analytics-standalone-python-70-zrehxg3.default.192.168.1.240.sslip.io:80, err=rpc error: code = Unavailable desc = upstream request timeout"
time="2024-05-28T23:02:12.254627407-06:00" level=warning msg="Failed to invoke video-analytics-standalone-python-70-zrehxg3.default.192.168.1.240.sslip.io:80, err=rpc error: code = Unavailable desc = upstream request timeout"
time="2024-05-28T23:02:23.44093928-06:00" level=warning msg="Failed to invoke video-analytics-standalone-python-70-zrehxg3.default.192.168.1.240.sslip.io:80, err=rpc error: code = Unavailable desc = upstream request timeout"
time="2024-05-28T23:02:34.629883349-06:00" level=warning msg="Failed to invoke video-analytics-standalone-python-70-zrehxg3.default.192.168.1.240.sslip.io:80, err=rpc error: code = Unavailable desc = upstream request timeout"
time="2024-05-28T23:02:45.815150499-06:00" level=warning msg="Failed to invoke video-analytics-standalone-python-70-zrehxg3.default.192.168.1.240.sslip.io:80, err=rpc error: code = Unavailable desc = upstream request timeout"
time="2024-05-28T23:02:57.000914351-06:00" level=warning msg="Failed to invoke video-analytics-standalone-python-70-zrehxg3.default.192.168.1.240.sslip.io:80, err=rpc error: code = Unavailable desc = upstream request timeout"
time="2024-05-28T23:03:08.188344984-06:00" level=warning msg="Failed to invoke video-analytics-standalone-python-70-zrehxg3.default.192.168.1.240.sslip.io:80, err=rpc error: code = Unavailable desc = upstream request timeout"
time="2024-05-28T23:03:19.37466857-06:00" level=warning msg="Failed to invoke video-analytics-standalone-python-70-zrehxg3.default.192.168.1.240.sslip.io:80, err=rpc error: code = Unavailable desc = upstream request timeout"
time="2024-05-28T23:03:30.561874817-06:00" level=warning msg="Failed to invoke video-analytics-standalone-python-70-zrehxg3.default.192.168.1.240.sslip.io:80, err=rpc error: code = Unavailable desc = upstream request timeout"
time="2024-05-28T23:03:41.744511921-06:00" level=warning msg="Failed to invoke video-analytics-standalone-python-70-zrehxg3.default.192.168.1.240.sslip.io:80, err=rpc error: code = Unavailable desc = upstream request timeout"
time="2024-05-28T23:03:52.934100953-06:00" level=warning msg="Failed to invoke video-analytics-standalone-python-70-zrehxg3.default.192.168.1.240.sslip.io:80, err=rpc error: code = Unavailable desc = upstream request timeout"
time="2024-05-28T23:04:04.124344696-06:00" level=warning msg="Failed to invoke video-analytics-standalone-python-70-zrehxg3.default.192.168.1.240.sslip.io:80, err=rpc error: code = Unavailable desc = upstream request timeout"
time="2024-05-28T23:04:15.311719809-06:00" level=warning msg="Failed to invoke video-analytics-standalone-python-70-zrehxg3.default.192.168.1.240.sslip.io:80, err=rpc error: code = Unavailable desc = upstream request timeout"
time="2024-05-28T23:04:26.495479337-06:00" level=warning msg="Failed to invoke video-analytics-standalone-python-70-zrehxg3.default.192.168.1.240.sslip.io:80, err=rpc error: code = Unavailable desc = upstream request timeout"
time="2024-05-28T23:04:37.68404668-06:00" level=warning msg="Failed to invoke video-analytics-standalone-python-70-zrehxg3.default.192.168.1.240.sslip.io:80, err=rpc error: code = Unavailable desc = upstream request timeout"
time="2024-05-28T23:04:48.875979749-06:00" level=warning msg="Failed to invoke video-analytics-standalone-python-70-zrehxg3.default.192.168.1.240.sslip.io:80, err=rpc error: code = DeadlineExceeded desc = context deadline exceeded"
time="2024-05-28T23:05:00.06339565-06:00" level=warning msg="Failed to invoke video-analytics-standalone-python-70-zrehxg3.default.192.168.1.240.sslip.io:80, err=rpc error: code = Unavailable desc = upstream request timeout"
time="2024-05-28T23:05:11.247834144-06:00" level=warning msg="Failed to invoke video-analytics-standalone-python-70-zrehxg3.default.192.168.1.240.sslip.io:80, err=rpc error: code = Unavailable desc = upstream request timeout"
time="2024-05-28T23:05:22.435345769-06:00" level=warning msg="Failed to invoke video-analytics-standalone-python-70-zrehxg3.default.192.168.1.240.sslip.io:80, err=rpc error: code = Unavailable desc = upstream request timeout"
time="2024-05-28T23:05:33.623867209-06:00" level=warning msg="Failed to invoke video-analytics-standalone-python-70-zrehxg3.default.192.168.1.240.sslip.io:80, err=rpc error: code = DeadlineExceeded desc = context deadline exceeded"
time="2024-05-28T23:05:44.805213105-06:00" level=warning msg="Failed to invoke video-analytics-standalone-python-70-zrehxg3.default.192.168.1.240.sslip.io:80, err=rpc error: code = Unavailable desc = upstream request timeout"
time="2024-05-28T23:05:55.994134207-06:00" level=warning msg="Failed to invoke video-analytics-standalone-python-70-zrehxg3.default.192.168.1.240.sslip.io:80, err=rpc error: code = Unavailable desc = upstream request timeout"
time="2024-05-28T23:06:07.184091716-06:00" level=warning msg="Failed to invoke video-analytics-standalone-python-70-zrehxg3.default.192.168.1.240.sslip.io:80, err=rpc error: code = DeadlineExceeded desc = context deadline exceeded"
time="2024-05-28T23:06:18.365953461-06:00" level=warning msg="Failed to invoke video-analytics-standalone-python-70-zrehxg3.default.192.168.1.240.sslip.io:80, err=rpc error: code = Unavailable desc = upstream request timeout"
time="2024-05-28T23:06:29.556145744-06:00" level=warning msg="Failed to invoke video-analytics-standalone-python-70-zrehxg3.default.192.168.1.240.sslip.io:80, err=rpc error: code = Unavailable desc = upstream request timeout"
time="2024-05-28T23:06:40.740367775-06:00" level=warning msg="Failed to invoke video-analytics-standalone-python-70-zrehxg3.default.192.168.1.240.sslip.io:80, err=rpc error: code = Unavailable desc = upstream request timeout"
time="2024-05-28T23:06:51.92866527-06:00" level=warning msg="Failed to invoke video-analytics-standalone-python-70-zrehxg3.default.192.168.1.240.sslip.io:80, err=rpc error: code = Unavailable desc = upstream request timeout"
time="2024-05-28T23:07:03.11411733-06:00" level=warning msg="Failed to invoke video-analytics-standalone-python-70-zrehxg3.default.192.168.1.240.sslip.io:80, err=rpc error: code = Unavailable desc = upstream request timeout"
time="2024-05-28T23:07:14.297176669-06:00" level=warning msg="Failed to invoke video-analytics-standalone-python-70-zrehxg3.default.192.168.1.240.sslip.io:80, err=rpc error: code = Unavailable desc = upstream request timeout"
time="2024-05-28T23:07:25.48514949-06:00" level=warning msg="Failed to invoke video-analytics-standalone-python-70-zrehxg3.default.192.168.1.240.sslip.io:80, err=rpc error: code = Unavailable desc = upstream request timeout"
time="2024-05-28T23:07:36.850455557-06:00" level=warning msg="Failed to invoke video-analytics-standalone-python-70-zrehxg3.default.192.168.1.240.sslip.io:80, err=rpc error: code = Unavailable desc = upstream request timeout"
time="2024-05-28T23:07:47.857717557-06:00" level=warning msg="Failed to invoke video-analytics-standalone-python-70-zrehxg3.default.192.168.1.240.sslip.io:80, err=rpc error: code = Unavailable desc = upstream request timeout"
time="2024-05-28T23:07:59.045551202-06:00" level=warning msg="Failed to invoke video-analytics-standalone-python-70-zrehxg3.default.192.168.1.240.sslip.io:80, err=rpc error: code = Unavailable desc = upstream request timeout"
time="2024-05-28T23:08:10.236073467-06:00" level=warning msg="Failed to invoke video-analytics-standalone-python-70-zrehxg3.default.192.168.1.240.sslip.io:80, err=rpc error: code = Unavailable desc = upstream request timeout"
time="2024-05-28T23:08:21.420526672-06:00" level=warning msg="Failed to invoke video-analytics-standalone-python-70-zrehxg3.default.192.168.1.240.sslip.io:80, err=rpc error: code = Unavailable desc = upstream request timeout"
time="2024-05-28T23:08:32.60691889-06:00" level=warning msg="Failed to invoke video-analytics-standalone-python-70-zrehxg3.default.192.168.1.240.sslip.io:80, err=rpc error: code = Unavailable desc = upstream request timeout"
time="2024-05-28T23:08:43.796285018-06:00" level=warning msg="Failed to invoke video-analytics-standalone-python-70-zrehxg3.default.192.168.1.240.sslip.io:80, err=rpc error: code = Unavailable desc = upstream request timeout"
time="2024-05-28T23:08:54.984579198-06:00" level=warning msg="Failed to invoke video-analytics-standalone-python-70-zrehxg3.default.192.168.1.240.sslip.io:80, err=rpc error: code = Unavailable desc = upstream request timeout"
time="2024-05-28T23:09:06.17186378-06:00" level=warning msg="Failed to invoke video-analytics-standalone-python-70-zrehxg3.default.192.168.1.240.sslip.io:80, err=rpc error: code = Unavailable desc = upstream request timeout"
time="2024-05-28T23:09:17.361177412-06:00" level=warning msg="Failed to invoke video-analytics-standalone-python-70-zrehxg3.default.192.168.1.240.sslip.io:80, err=rpc error: code = Unavailable desc = upstream request timeout"
time="2024-05-28T23:09:28.547611359-06:00" level=warning msg="Failed to invoke video-analytics-standalone-python-70-zrehxg3.default.192.168.1.240.sslip.io:80, err=rpc error: code = Unavailable desc = upstream request timeout"
time="2024-05-28T23:09:39.735106875-06:00" level=warning msg="Failed to invoke video-analytics-standalone-python-70-zrehxg3.default.192.168.1.240.sslip.io:80, err=rpc error: code = DeadlineExceeded desc = Deadline Exceeded"
time="2024-05-28T23:09:50.920559565-06:00" level=warning msg="Failed to invoke video-analytics-standalone-python-70-zrehxg3.default.192.168.1.240.sslip.io:80, err=rpc error: code = Unavailable desc = upstream request timeout"
time="2024-05-28T23:10:02.10362854-06:00" level=warning msg="Failed to invoke video-analytics-standalone-python-70-zrehxg3.default.192.168.1.240.sslip.io:80, err=rpc error: code = Unavailable desc = upstream request timeout"
time="2024-05-28T23:10:13.289438597-06:00" level=warning msg="Failed to invoke video-analytics-standalone-python-70-zrehxg3.default.192.168.1.240.sslip.io:80, err=rpc error: code = Unavailable desc = upstream request timeout"
time="2024-05-28T23:10:24.480735443-06:00" level=warning msg="Failed to invoke video-analytics-standalone-python-70-zrehxg3.default.192.168.1.240.sslip.io:80, err=rpc error: code = Unavailable desc = upstream request timeout"
time="2024-05-28T23:10:35.669399541-06:00" level=warning msg="Failed to invoke video-analytics-standalone-python-70-zrehxg3.default.192.168.1.240.sslip.io:80, err=rpc error: code = Unavailable desc = upstream request timeout"
time="2024-05-28T23:10:46.85237634-06:00" level=warning msg="Failed to invoke video-analytics-standalone-python-70-zrehxg3.default.192.168.1.240.sslip.io:80, err=rpc error: code = Unavailable desc = upstream request timeout"
time="2024-05-28T23:10:58.04058956-06:00" level=warning msg="Failed to invoke video-analytics-standalone-python-70-zrehxg3.default.192.168.1.240.sslip.io:80, err=rpc error: code = Unavailable desc = upstream request timeout"
time="2024-05-28T23:11:09.235643134-06:00" level=warning msg="Failed to invoke video-analytics-standalone-python-70-zrehxg3.default.192.168.1.240.sslip.io:80, err=rpc error: code = Unavailable desc = upstream request timeout"
time="2024-05-28T23:11:09.697101198-06:00" level=info msg="Issued / completed requests: 70, 10"
time="2024-05-28T23:11:09.69716986-06:00" level=info msg="Real / target RPS: 0.01 / 0.2"
time="2024-05-28T23:11:09.697180347-06:00" level=info msg="Experiment finished!"
time="2024-05-28T23:11:09.697189724-06:00" level=info msg="The measured latencies are saved in video-analytics-standalone-python-70-300/lat.txt"
time="2024-05-28T23:11:09.697306037-06:00" level=info msg="The measured function durations are saved in video-analytics-standalone-python-70-300/dur.txt"
