time="2024-05-28T22:41:59.328714512-06:00" level=info msg="Reading the endpoints from the file: video-analytics-standalone-python-30-300/endpoints.json"
time="2024-05-28T22:45:05.255024011-06:00" level=warning msg="Failed to invoke video-analytics-standalone-python-30-qir9rrv.default.192.168.1.240.sslip.io:80, err=rpc error: code = DeadlineExceeded desc = context deadline exceeded"
time="2024-05-28T22:45:14.510261104-06:00" level=warning msg="Failed to invoke video-analytics-standalone-python-30-qir9rrv.default.192.168.1.240.sslip.io:80, err=rpc error: code = DeadlineExceeded desc = context deadline exceeded"
time="2024-05-28T22:45:23.777111898-06:00" level=warning msg="Failed to invoke video-analytics-standalone-python-30-qir9rrv.default.192.168.1.240.sslip.io:80, err=rpc error: code = DeadlineExceeded desc = context deadline exceeded"
time="2024-05-28T22:45:33.040965786-06:00" level=warning msg="Failed to invoke video-analytics-standalone-python-30-qir9rrv.default.192.168.1.240.sslip.io:80, err=rpc error: code = DeadlineExceeded desc = context deadline exceeded"
time="2024-05-28T22:45:42.304261746-06:00" level=warning msg="Failed to invoke video-analytics-standalone-python-30-qir9rrv.default.192.168.1.240.sslip.io:80, err=rpc error: code = DeadlineExceeded desc = context deadline exceeded"
time="2024-05-28T22:45:51.560702523-06:00" level=warning msg="Failed to invoke video-analytics-standalone-python-30-qir9rrv.default.192.168.1.240.sslip.io:80, err=rpc error: code = Unavailable desc = upstream request timeout"
time="2024-05-28T22:46:00.827917785-06:00" level=warning msg="Failed to invoke video-analytics-standalone-python-30-qir9rrv.default.192.168.1.240.sslip.io:80, err=rpc error: code = DeadlineExceeded desc = context deadline exceeded"
time="2024-05-28T22:46:10.094585442-06:00" level=warning msg="Failed to invoke video-analytics-standalone-python-30-qir9rrv.default.192.168.1.240.sslip.io:80, err=rpc error: code = Unavailable desc = upstream request timeout"
time="2024-05-28T22:46:19.344547068-06:00" level=warning msg="Failed to invoke video-analytics-standalone-python-30-qir9rrv.default.192.168.1.240.sslip.io:80, err=rpc error: code = Unavailable desc = upstream request timeout"
time="2024-05-28T22:46:28.615874159-06:00" level=warning msg="Failed to invoke video-analytics-standalone-python-30-qir9rrv.default.192.168.1.240.sslip.io:80, err=rpc error: code = DeadlineExceeded desc = context deadline exceeded"
time="2024-05-28T22:46:37.87631862-06:00" level=warning msg="Failed to invoke video-analytics-standalone-python-30-qir9rrv.default.192.168.1.240.sslip.io:80, err=rpc error: code = DeadlineExceeded desc = context deadline exceeded"
time="2024-05-28T22:46:47.140662746-06:00" level=warning msg="Failed to invoke video-analytics-standalone-python-30-qir9rrv.default.192.168.1.240.sslip.io:80, err=rpc error: code = DeadlineExceeded desc = context deadline exceeded"
time="2024-05-28T22:46:56.400984594-06:00" level=warning msg="Failed to invoke video-analytics-standalone-python-30-qir9rrv.default.192.168.1.240.sslip.io:80, err=rpc error: code = DeadlineExceeded desc = context deadline exceeded"
time="2024-05-28T22:47:05.662549369-06:00" level=warning msg="Failed to invoke video-analytics-standalone-python-30-qir9rrv.default.192.168.1.240.sslip.io:80, err=rpc error: code = DeadlineExceeded desc = context deadline exceeded"
time="2024-05-28T22:47:14.931912737-06:00" level=warning msg="Failed to invoke video-analytics-standalone-python-30-qir9rrv.default.192.168.1.240.sslip.io:80, err=rpc error: code = DeadlineExceeded desc = context deadline exceeded"
time="2024-05-28T22:47:24.184329954-06:00" level=warning msg="Failed to invoke video-analytics-standalone-python-30-qir9rrv.default.192.168.1.240.sslip.io:80, err=rpc error: code = Unavailable desc = upstream request timeout"
time="2024-05-28T22:47:33.450133647-06:00" level=warning msg="Failed to invoke video-analytics-standalone-python-30-qir9rrv.default.192.168.1.240.sslip.io:80, err=rpc error: code = Unavailable desc = upstream request timeout"
time="2024-05-28T22:47:42.714423771-06:00" level=warning msg="Failed to invoke video-analytics-standalone-python-30-qir9rrv.default.192.168.1.240.sslip.io:80, err=rpc error: code = DeadlineExceeded desc = context deadline exceeded"
time="2024-05-28T22:47:51.980428229-06:00" level=warning msg="Failed to invoke video-analytics-standalone-python-30-qir9rrv.default.192.168.1.240.sslip.io:80, err=rpc error: code = DeadlineExceeded desc = context deadline exceeded"
time="2024-05-28T22:48:01.239393995-06:00" level=warning msg="Failed to invoke video-analytics-standalone-python-30-qir9rrv.default.192.168.1.240.sslip.io:80, err=rpc error: code = DeadlineExceeded desc = context deadline exceeded"
time="2024-05-28T22:48:10.498976356-06:00" level=warning msg="Failed to invoke video-analytics-standalone-python-30-qir9rrv.default.192.168.1.240.sslip.io:80, err=rpc error: code = Unavailable desc = upstream request timeout"
time="2024-05-28T22:48:19.761027491-06:00" level=warning msg="Failed to invoke video-analytics-standalone-python-30-qir9rrv.default.192.168.1.240.sslip.io:80, err=rpc error: code = DeadlineExceeded desc = context deadline exceeded"
time="2024-05-28T22:48:29.02626548-06:00" level=warning msg="Failed to invoke video-analytics-standalone-python-30-qir9rrv.default.192.168.1.240.sslip.io:80, err=rpc error: code = DeadlineExceeded desc = context deadline exceeded"
time="2024-05-28T22:48:38.282749476-06:00" level=warning msg="Failed to invoke video-analytics-standalone-python-30-qir9rrv.default.192.168.1.240.sslip.io:80, err=rpc error: code = DeadlineExceeded desc = context deadline exceeded"
time="2024-05-28T22:48:47.550293243-06:00" level=warning msg="Failed to invoke video-analytics-standalone-python-30-qir9rrv.default.192.168.1.240.sslip.io:80, err=rpc error: code = DeadlineExceeded desc = context deadline exceeded"
time="2024-05-28T22:48:56.810062809-06:00" level=warning msg="Failed to invoke video-analytics-standalone-python-30-qir9rrv.default.192.168.1.240.sslip.io:80, err=rpc error: code = Unavailable desc = upstream request timeout"
time="2024-05-28T22:49:06.075391489-06:00" level=warning msg="Failed to invoke video-analytics-standalone-python-30-qir9rrv.default.192.168.1.240.sslip.io:80, err=rpc error: code = Unavailable desc = upstream request timeout"
time="2024-05-28T22:49:15.335946944-06:00" level=warning msg="Failed to invoke video-analytics-standalone-python-30-qir9rrv.default.192.168.1.240.sslip.io:80, err=rpc error: code = DeadlineExceeded desc = context deadline exceeded"
time="2024-05-28T22:49:24.598184601-06:00" level=warning msg="Failed to invoke video-analytics-standalone-python-30-qir9rrv.default.192.168.1.240.sslip.io:80, err=rpc error: code = Unavailable desc = upstream request timeout"
time="2024-05-28T22:49:33.860547377-06:00" level=warning msg="Failed to invoke video-analytics-standalone-python-30-qir9rrv.default.192.168.1.240.sslip.io:80, err=rpc error: code = Unavailable desc = upstream request timeout"
time="2024-05-28T22:49:43.121447508-06:00" level=warning msg="Failed to invoke video-analytics-standalone-python-30-qir9rrv.default.192.168.1.240.sslip.io:80, err=rpc error: code = DeadlineExceeded desc = context deadline exceeded"
time="2024-05-28T22:49:52.388853168-06:00" level=warning msg="Failed to invoke video-analytics-standalone-python-30-qir9rrv.default.192.168.1.240.sslip.io:80, err=rpc error: code = Unavailable desc = upstream request timeout"
time="2024-05-28T22:50:01.648416554-06:00" level=warning msg="Failed to invoke video-analytics-standalone-python-30-qir9rrv.default.192.168.1.240.sslip.io:80, err=rpc error: code = DeadlineExceeded desc = context deadline exceeded"
time="2024-05-28T22:50:10.914819438-06:00" level=warning msg="Failed to invoke video-analytics-standalone-python-30-qir9rrv.default.192.168.1.240.sslip.io:80, err=rpc error: code = Unavailable desc = upstream request timeout"
time="2024-05-28T22:50:20.169016134-06:00" level=warning msg="Failed to invoke video-analytics-standalone-python-30-qir9rrv.default.192.168.1.240.sslip.io:80, err=rpc error: code = DeadlineExceeded desc = context deadline exceeded"
time="2024-05-28T22:50:29.438513243-06:00" level=warning msg="Failed to invoke video-analytics-standalone-python-30-qir9rrv.default.192.168.1.240.sslip.io:80, err=rpc error: code = DeadlineExceeded desc = context deadline exceeded"
time="2024-05-28T22:50:38.699595702-06:00" level=warning msg="Failed to invoke video-analytics-standalone-python-30-qir9rrv.default.192.168.1.240.sslip.io:80, err=rpc error: code = DeadlineExceeded desc = context deadline exceeded"
time="2024-05-28T22:50:47.956498631-06:00" level=warning msg="Failed to invoke video-analytics-standalone-python-30-qir9rrv.default.192.168.1.240.sslip.io:80, err=rpc error: code = Unavailable desc = upstream request timeout"
time="2024-05-28T22:50:57.22341043-06:00" level=warning msg="Failed to invoke video-analytics-standalone-python-30-qir9rrv.default.192.168.1.240.sslip.io:80, err=rpc error: code = DeadlineExceeded desc = context deadline exceeded"
time="2024-05-28T22:51:06.491936719-06:00" level=warning msg="Failed to invoke video-analytics-standalone-python-30-qir9rrv.default.192.168.1.240.sslip.io:80, err=rpc error: code = Unavailable desc = upstream request timeout"
time="2024-05-28T22:51:15.75196324-06:00" level=warning msg="Failed to invoke video-analytics-standalone-python-30-qir9rrv.default.192.168.1.240.sslip.io:80, err=rpc error: code = Unavailable desc = upstream request timeout"
time="2024-05-28T22:51:25.011865308-06:00" level=warning msg="Failed to invoke video-analytics-standalone-python-30-qir9rrv.default.192.168.1.240.sslip.io:80, err=rpc error: code = DeadlineExceeded desc = context deadline exceeded"
time="2024-05-28T22:51:34.271446237-06:00" level=warning msg="Failed to invoke video-analytics-standalone-python-30-qir9rrv.default.192.168.1.240.sslip.io:80, err=rpc error: code = DeadlineExceeded desc = context deadline exceeded"
time="2024-05-28T22:51:43.535566885-06:00" level=warning msg="Failed to invoke video-analytics-standalone-python-30-qir9rrv.default.192.168.1.240.sslip.io:80, err=rpc error: code = DeadlineExceeded desc = context deadline exceeded"
time="2024-05-28T22:51:52.793805134-06:00" level=warning msg="Failed to invoke video-analytics-standalone-python-30-qir9rrv.default.192.168.1.240.sslip.io:80, err=rpc error: code = Unavailable desc = upstream request timeout"
time="2024-05-28T22:52:02.0567712-06:00" level=warning msg="Failed to invoke video-analytics-standalone-python-30-qir9rrv.default.192.168.1.240.sslip.io:80, err=rpc error: code = Unavailable desc = upstream request timeout"
time="2024-05-28T22:52:11.321862845-06:00" level=warning msg="Failed to invoke video-analytics-standalone-python-30-qir9rrv.default.192.168.1.240.sslip.io:80, err=rpc error: code = DeadlineExceeded desc = context deadline exceeded"
time="2024-05-28T22:52:20.581049041-06:00" level=warning msg="Failed to invoke video-analytics-standalone-python-30-qir9rrv.default.192.168.1.240.sslip.io:80, err=rpc error: code = DeadlineExceeded desc = context deadline exceeded"
time="2024-05-28T22:52:29.843549712-06:00" level=warning msg="Failed to invoke video-analytics-standalone-python-30-qir9rrv.default.192.168.1.240.sslip.io:80, err=rpc error: code = DeadlineExceeded desc = context deadline exceeded"
time="2024-05-28T22:52:39.107890021-06:00" level=warning msg="Failed to invoke video-analytics-standalone-python-30-qir9rrv.default.192.168.1.240.sslip.io:80, err=rpc error: code = DeadlineExceeded desc = context deadline exceeded"
time="2024-05-28T22:52:48.370823773-06:00" level=warning msg="Failed to invoke video-analytics-standalone-python-30-qir9rrv.default.192.168.1.240.sslip.io:80, err=rpc error: code = Unavailable desc = upstream request timeout"
time="2024-05-28T22:52:57.633754902-06:00" level=warning msg="Failed to invoke video-analytics-standalone-python-30-qir9rrv.default.192.168.1.240.sslip.io:80, err=rpc error: code = DeadlineExceeded desc = context deadline exceeded"
time="2024-05-28T22:53:06.897048787-06:00" level=warning msg="Failed to invoke video-analytics-standalone-python-30-qir9rrv.default.192.168.1.240.sslip.io:80, err=rpc error: code = DeadlineExceeded desc = context deadline exceeded"
time="2024-05-28T22:53:16.161954228-06:00" level=warning msg="Failed to invoke video-analytics-standalone-python-30-qir9rrv.default.192.168.1.240.sslip.io:80, err=rpc error: code = DeadlineExceeded desc = context deadline exceeded"
time="2024-05-28T22:53:25.421025578-06:00" level=warning msg="Failed to invoke video-analytics-standalone-python-30-qir9rrv.default.192.168.1.240.sslip.io:80, err=rpc error: code = DeadlineExceeded desc = context deadline exceeded"
time="2024-05-28T22:53:34.682999029-06:00" level=warning msg="Failed to invoke video-analytics-standalone-python-30-qir9rrv.default.192.168.1.240.sslip.io:80, err=rpc error: code = DeadlineExceeded desc = context deadline exceeded"
time="2024-05-28T22:55:07.048846967-06:00" level=info msg="Issued / completed requests: 85, 29"
time="2024-05-28T22:55:07.049008587-06:00" level=info msg="Real / target RPS: 0.04 / 0.2"
time="2024-05-28T22:55:07.049038159-06:00" level=info msg="Experiment finished!"
time="2024-05-28T22:55:07.049064258-06:00" level=info msg="The measured latencies are saved in video-analytics-standalone-python-30-300/lat.txt"
time="2024-05-28T22:55:07.049330258-06:00" level=info msg="The measured function durations are saved in video-analytics-standalone-python-30-300/dur.txt"
