time="2024-05-28T17:14:58.684502596-06:00" level=debug msg="Debug logging is enabled"
time="2024-05-28T17:14:58.684704377-06:00" level=info msg="Reading the trace endpoints from the file: /users/ArunAMS/vSwarm/tools/load-generator/load.json"
time="2024-05-28T17:14:58.686320473-06:00" level=info msg="Warmup Duration: 3"
time="2024-05-28T17:14:58.686341686-06:00" level=info msg="Experiment Duration: 11"
time="2024-05-28T17:14:58.686358886-06:00" level=info msg="Minute Granularity: true"
time="2024-05-28T17:15:58.745442243-06:00" level=info msg="Running Warmup Phase"
time="2024-05-28T17:15:58.745521875-06:00" level=debug msg="Minute: 0"
time="2024-05-28T17:15:58.74560076-06:00" level=debug msg="Number of Invocations this iteration: 8"
time="2024-05-28T17:15:58.745708172-06:00" level=debug msg="Invoking: cartservice-4qjzojgwccjr7i74pnwh.default.192.168.1.240.sslip.io:80"
time="2024-05-28T17:16:06.252256764-06:00" level=debug msg="Invoking: gptj-python-2c55vftu55ufythcq39x.default.192.168.1.240.sslip.io:80"
time="2024-05-28T17:16:13.756101757-06:00" level=debug msg="Invoking: gptj-python-2c55vftu55ufythcq39x.default.192.168.1.240.sslip.io:80"
time="2024-05-28T17:16:21.261561935-06:00" level=debug msg="Invoking: gptj-python-2c55vftu55ufythcq39x.default.192.168.1.240.sslip.io:80"
time="2024-05-28T17:16:28.768085729-06:00" level=debug msg="Invoking: cartservice-4qjzojgwccjr7i74pnwh.default.192.168.1.240.sslip.io:80"
time="2024-05-28T17:16:36.274868043-06:00" level=debug msg="Invoking: gptj-python-2c55vftu55ufythcq39x.default.192.168.1.240.sslip.io:80"
time="2024-05-28T17:16:43.779983193-06:00" level=debug msg="Invoking: gptj-python-2c55vftu55ufythcq39x.default.192.168.1.240.sslip.io:80"
time="2024-05-28T17:16:51.284111494-06:00" level=debug msg="Invoking: gptj-python-2c55vftu55ufythcq39x.default.192.168.1.240.sslip.io:80"
time="2024-05-28T17:16:58.692067604-06:00" level=debug msg="Minute: 1"
time="2024-05-28T17:16:58.692165288-06:00" level=debug msg="Number of Invocations this iteration: 8"
time="2024-05-28T17:16:58.692258328-06:00" level=debug msg="Invoking: image-rotate-go-6-ebqwerxvwz2gh460hyyp.default.192.168.1.240.sslip.io:80"
time="2024-05-28T17:17:06.192833271-06:00" level=debug msg="Invoking: gptj-python-2c55vftu55ufythcq39x.default.192.168.1.240.sslip.io:80"
time="2024-05-28T17:17:13.696085142-06:00" level=debug msg="Invoking: gptj-python-2c55vftu55ufythcq39x.default.192.168.1.240.sslip.io:80"
time="2024-05-28T17:17:21.20000086-06:00" level=debug msg="Invoking: gptj-python-2c55vftu55ufythcq39x.default.192.168.1.240.sslip.io:80"
time="2024-05-28T17:17:28.703973992-06:00" level=debug msg="Invoking: cartservice-4qjzojgwccjr7i74pnwh.default.192.168.1.240.sslip.io:80"
time="2024-05-28T17:17:36.208068728-06:00" level=debug msg="Invoking: gptj-python-2c55vftu55ufythcq39x.default.192.168.1.240.sslip.io:80"
time="2024-05-28T17:17:43.712052023-06:00" level=debug msg="Invoking: gptj-python-2c55vftu55ufythcq39x.default.192.168.1.240.sslip.io:80"
time="2024-05-28T17:17:51.216012267-06:00" level=debug msg="Invoking: gptj-python-2c55vftu55ufythcq39x.default.192.168.1.240.sslip.io:80"
time="2024-05-28T17:17:58.692872304-06:00" level=debug msg="Minute: 2"
time="2024-05-28T17:17:58.692971009-06:00" level=debug msg="Number of Invocations this iteration: 8"
time="2024-05-28T17:17:58.693065854-06:00" level=debug msg="Invoking: cartservice-4qjzojgwccjr7i74pnwh.default.192.168.1.240.sslip.io:80"
time="2024-05-28T17:18:06.200091204-06:00" level=debug msg="Invoking: gptj-python-2c55vftu55ufythcq39x.default.192.168.1.240.sslip.io:80"
time="2024-05-28T17:18:13.704092699-06:00" level=debug msg="Invoking: gptj-python-2c55vftu55ufythcq39x.default.192.168.1.240.sslip.io:80"
time="2024-05-28T17:18:21.208032815-06:00" level=debug msg="Invoking: gptj-python-2c55vftu55ufythcq39x.default.192.168.1.240.sslip.io:80"
time="2024-05-28T17:18:28.712383509-06:00" level=debug msg="Invoking: cartservice-4qjzojgwccjr7i74pnwh.default.192.168.1.240.sslip.io:80"
time="2024-05-28T17:18:36.219167664-06:00" level=debug msg="Invoking: gptj-python-2c55vftu55ufythcq39x.default.192.168.1.240.sslip.io:80"
time="2024-05-28T17:18:43.723985986-06:00" level=debug msg="Invoking: gptj-python-2c55vftu55ufythcq39x.default.192.168.1.240.sslip.io:80"
time="2024-05-28T17:18:51.228106737-06:00" level=debug msg="Invoking: gptj-python-2c55vftu55ufythcq39x.default.192.168.1.240.sslip.io:80"
time="2024-05-28T17:18:58.692052608-06:00" level=info msg="Warmup Phase Completed"
time="2024-05-28T17:18:58.692132386-06:00" level=info msg="Running Experiment Phase"
time="2024-05-28T17:18:58.692161318-06:00" level=debug msg="Minute: 3"
time="2024-05-28T17:18:58.69220772-06:00" level=debug msg="Number of Invocations this iteration: 8"
time="2024-05-28T17:18:58.692300602-06:00" level=debug msg="Invoking: cartservice-4qjzojgwccjr7i74pnwh.default.192.168.1.240.sslip.io:80"
time="2024-05-28T17:18:58.704433158-06:00" level=debug msg="Invoked cartservice-4qjzojgwccjr7i74pnwh.default.192.168.1.240.sslip.io in 12130 usec\n"
time="2024-05-28T17:19:06.196014705-06:00" level=debug msg="Invoking: gptj-python-2c55vftu55ufythcq39x.default.192.168.1.240.sslip.io:80"
time="2024-05-28T17:19:06.208329533-06:00" level=debug msg="Invoked gptj-python-2c55vftu55ufythcq39x.default.192.168.1.240.sslip.io in 12321 usec\n"
time="2024-05-28T17:19:13.70136923-06:00" level=debug msg="Invoking: gptj-python-2c55vftu55ufythcq39x.default.192.168.1.240.sslip.io:80"
time="2024-05-28T17:19:13.712387137-06:00" level=debug msg="Invoked gptj-python-2c55vftu55ufythcq39x.default.192.168.1.240.sslip.io in 11027 usec\n"
time="2024-05-28T17:19:21.208087569-06:00" level=debug msg="Invoking: gptj-python-2c55vftu55ufythcq39x.default.192.168.1.240.sslip.io:80"
time="2024-05-28T17:19:21.21862824-06:00" level=debug msg="Invoked gptj-python-2c55vftu55ufythcq39x.default.192.168.1.240.sslip.io in 10569 usec\n"
time="2024-05-28T17:19:28.70897285-06:00" level=debug msg="Invoking: cartservice-4qjzojgwccjr7i74pnwh.default.192.168.1.240.sslip.io:80"
time="2024-05-28T17:19:28.734103132-06:00" level=debug msg="Invoked cartservice-4qjzojgwccjr7i74pnwh.default.192.168.1.240.sslip.io in 25163 usec\n"
time="2024-05-28T17:19:36.212104193-06:00" level=debug msg="Invoking: gptj-python-2c55vftu55ufythcq39x.default.192.168.1.240.sslip.io:80"
time="2024-05-28T17:19:36.222794386-06:00" level=debug msg="Invoked gptj-python-2c55vftu55ufythcq39x.default.192.168.1.240.sslip.io in 10705 usec\n"
time="2024-05-28T17:19:43.716010848-06:00" level=debug msg="Invoking: gptj-python-2c55vftu55ufythcq39x.default.192.168.1.240.sslip.io:80"
time="2024-05-28T17:19:43.726039764-06:00" level=debug msg="Invoked gptj-python-2c55vftu55ufythcq39x.default.192.168.1.240.sslip.io in 10051 usec\n"
time="2024-05-28T17:19:51.220080245-06:00" level=debug msg="Invoking: gptj-python-2c55vftu55ufythcq39x.default.192.168.1.240.sslip.io:80"
time="2024-05-28T17:19:51.231270053-06:00" level=debug msg="Invoked gptj-python-2c55vftu55ufythcq39x.default.192.168.1.240.sslip.io in 11200 usec\n"
time="2024-05-28T17:19:58.692013471-06:00" level=debug msg="Minute: 4"
time="2024-05-28T17:19:58.692106854-06:00" level=debug msg="Number of Invocations this iteration: 8"
time="2024-05-28T17:19:58.692207468-06:00" level=debug msg="Invoking: rnn-serving-python-10-10-vcx3zszg4b7xa6ihdiq8.default.192.168.1.240.sslip.io:80"
time="2024-05-28T17:20:06.198265454-06:00" level=debug msg="Invoking: gptj-python-2c55vftu55ufythcq39x.default.192.168.1.240.sslip.io:80"
time="2024-05-28T17:20:06.208431325-06:00" level=debug msg="Invoked gptj-python-2c55vftu55ufythcq39x.default.192.168.1.240.sslip.io in 10177 usec\n"
time="2024-05-28T17:20:09.71793586-06:00" level=debug msg="Invoked rnn-serving-python-10-10-vcx3zszg4b7xa6ihdiq8.default.192.168.1.240.sslip.io in 11025732 usec\n"
time="2024-05-28T17:20:13.700356917-06:00" level=debug msg="Invoking: gptj-python-2c55vftu55ufythcq39x.default.192.168.1.240.sslip.io:80"
time="2024-05-28T17:20:13.710065882-06:00" level=debug msg="Invoked gptj-python-2c55vftu55ufythcq39x.default.192.168.1.240.sslip.io in 9718 usec\n"
time="2024-05-28T17:20:21.204025922-06:00" level=debug msg="Invoking: gptj-python-2c55vftu55ufythcq39x.default.192.168.1.240.sslip.io:80"
time="2024-05-28T17:20:21.214279422-06:00" level=debug msg="Invoked gptj-python-2c55vftu55ufythcq39x.default.192.168.1.240.sslip.io in 10263 usec\n"
time="2024-05-28T17:20:28.707999595-06:00" level=debug msg="Invoking: cartservice-4qjzojgwccjr7i74pnwh.default.192.168.1.240.sslip.io:80"
time="2024-05-28T17:20:28.726706403-06:00" level=debug msg="Invoked cartservice-4qjzojgwccjr7i74pnwh.default.192.168.1.240.sslip.io in 18717 usec\n"
time="2024-05-28T17:20:36.212016888-06:00" level=debug msg="Invoking: gptj-python-2c55vftu55ufythcq39x.default.192.168.1.240.sslip.io:80"
time="2024-05-28T17:20:36.222524448-06:00" level=debug msg="Invoked gptj-python-2c55vftu55ufythcq39x.default.192.168.1.240.sslip.io in 10519 usec\n"
time="2024-05-28T17:20:43.71629763-06:00" level=debug msg="Invoking: gptj-python-2c55vftu55ufythcq39x.default.192.168.1.240.sslip.io:80"
time="2024-05-28T17:20:43.726153359-06:00" level=debug msg="Invoked gptj-python-2c55vftu55ufythcq39x.default.192.168.1.240.sslip.io in 9863 usec\n"
time="2024-05-28T17:20:51.220077691-06:00" level=debug msg="Invoking: gptj-python-2c55vftu55ufythcq39x.default.192.168.1.240.sslip.io:80"
time="2024-05-28T17:20:51.2306696-06:00" level=debug msg="Invoked gptj-python-2c55vftu55ufythcq39x.default.192.168.1.240.sslip.io in 10605 usec\n"
time="2024-05-28T17:20:58.692062824-06:00" level=debug msg="Minute: 5"
time="2024-05-28T17:20:58.692147575-06:00" level=debug msg="Number of Invocations this iteration: 8"
time="2024-05-28T17:20:58.692218655-06:00" level=debug msg="Invoking: cartservice-4qjzojgwccjr7i74pnwh.default.192.168.1.240.sslip.io:80"
time="2024-05-28T17:20:58.703400222-06:00" level=debug msg="Invoked cartservice-4qjzojgwccjr7i74pnwh.default.192.168.1.240.sslip.io in 11179 usec\n"
time="2024-05-28T17:21:06.19974508-06:00" level=debug msg="Invoking: gptj-python-2c55vftu55ufythcq39x.default.192.168.1.240.sslip.io:80"
time="2024-05-28T17:21:06.210807415-06:00" level=debug msg="Invoked gptj-python-2c55vftu55ufythcq39x.default.192.168.1.240.sslip.io in 11222 usec\n"
time="2024-05-28T17:21:13.70403962-06:00" level=debug msg="Invoking: gptj-python-2c55vftu55ufythcq39x.default.192.168.1.240.sslip.io:80"
time="2024-05-28T17:21:13.714769243-06:00" level=debug msg="Invoked gptj-python-2c55vftu55ufythcq39x.default.192.168.1.240.sslip.io in 10739 usec\n"
time="2024-05-28T17:21:21.208067405-06:00" level=debug msg="Invoking: gptj-python-2c55vftu55ufythcq39x.default.192.168.1.240.sslip.io:80"
time="2024-05-28T17:21:21.218278169-06:00" level=debug msg="Invoked gptj-python-2c55vftu55ufythcq39x.default.192.168.1.240.sslip.io in 10217 usec\n"
time="2024-05-28T17:21:28.712092749-06:00" level=debug msg="Invoking: cartservice-4qjzojgwccjr7i74pnwh.default.192.168.1.240.sslip.io:80"
time="2024-05-28T17:21:28.723054853-06:00" level=debug msg="Invoked cartservice-4qjzojgwccjr7i74pnwh.default.192.168.1.240.sslip.io in 10974 usec\n"
time="2024-05-28T17:21:36.216103721-06:00" level=debug msg="Invoking: gptj-python-2c55vftu55ufythcq39x.default.192.168.1.240.sslip.io:80"
time="2024-05-28T17:21:36.226787199-06:00" level=debug msg="Invoked gptj-python-2c55vftu55ufythcq39x.default.192.168.1.240.sslip.io in 10694 usec\n"
time="2024-05-28T17:21:43.720004398-06:00" level=debug msg="Invoking: gptj-python-2c55vftu55ufythcq39x.default.192.168.1.240.sslip.io:80"
time="2024-05-28T17:21:43.730319223-06:00" level=debug msg="Invoked gptj-python-2c55vftu55ufythcq39x.default.192.168.1.240.sslip.io in 10323 usec\n"
time="2024-05-28T17:21:51.224068001-06:00" level=debug msg="Invoking: gptj-python-2c55vftu55ufythcq39x.default.192.168.1.240.sslip.io:80"
time="2024-05-28T17:21:51.234648687-06:00" level=debug msg="Invoked gptj-python-2c55vftu55ufythcq39x.default.192.168.1.240.sslip.io in 10592 usec\n"
time="2024-05-28T17:21:58.692055492-06:00" level=debug msg="Minute: 6"
time="2024-05-28T17:21:58.69215957-06:00" level=debug msg="Number of Invocations this iteration: 8"
time="2024-05-28T17:21:58.692256875-06:00" level=debug msg="Invoking: image-rotate-go-6-ebqwerxvwz2gh460hyyp.default.192.168.1.240.sslip.io:80"
time="2024-05-28T17:22:06.196593601-06:00" level=debug msg="Invoking: gptj-python-2c55vftu55ufythcq39x.default.192.168.1.240.sslip.io:80"
time="2024-05-28T17:22:06.206948797-06:00" level=debug msg="Invoked gptj-python-2c55vftu55ufythcq39x.default.192.168.1.240.sslip.io in 10364 usec\n"
time="2024-05-28T17:22:13.700003647-06:00" level=debug msg="Invoking: gptj-python-2c55vftu55ufythcq39x.default.192.168.1.240.sslip.io:80"
time="2024-05-28T17:22:13.710597747-06:00" level=debug msg="Invoked gptj-python-2c55vftu55ufythcq39x.default.192.168.1.240.sslip.io in 10603 usec\n"
time="2024-05-28T17:22:15.906525349-06:00" level=debug msg="Invoked image-rotate-go-6-ebqwerxvwz2gh460hyyp.default.192.168.1.240.sslip.io in 17214268 usec\n"
time="2024-05-28T17:22:21.204056274-06:00" level=debug msg="Invoking: gptj-python-2c55vftu55ufythcq39x.default.192.168.1.240.sslip.io:80"
time="2024-05-28T17:22:21.214009357-06:00" level=debug msg="Invoked gptj-python-2c55vftu55ufythcq39x.default.192.168.1.240.sslip.io in 9963 usec\n"
time="2024-05-28T17:22:28.708109592-06:00" level=debug msg="Invoking: cartservice-4qjzojgwccjr7i74pnwh.default.192.168.1.240.sslip.io:80"
time="2024-05-28T17:22:28.720190587-06:00" level=debug msg="Invoked cartservice-4qjzojgwccjr7i74pnwh.default.192.168.1.240.sslip.io in 12095 usec\n"
time="2024-05-28T17:22:36.212541342-06:00" level=debug msg="Invoking: gptj-python-2c55vftu55ufythcq39x.default.192.168.1.240.sslip.io:80"
time="2024-05-28T17:22:36.22306817-06:00" level=debug msg="Invoked gptj-python-2c55vftu55ufythcq39x.default.192.168.1.240.sslip.io in 10536 usec\n"
time="2024-05-28T17:22:43.718447738-06:00" level=debug msg="Invoking: gptj-python-2c55vftu55ufythcq39x.default.192.168.1.240.sslip.io:80"
time="2024-05-28T17:22:43.728515193-06:00" level=debug msg="Invoked gptj-python-2c55vftu55ufythcq39x.default.192.168.1.240.sslip.io in 10080 usec\n"
time="2024-05-28T17:22:51.224023725-06:00" level=debug msg="Invoking: gptj-python-2c55vftu55ufythcq39x.default.192.168.1.240.sslip.io:80"
time="2024-05-28T17:22:51.23421192-06:00" level=debug msg="Invoked gptj-python-2c55vftu55ufythcq39x.default.192.168.1.240.sslip.io in 10200 usec\n"
time="2024-05-28T17:22:58.693209898-06:00" level=debug msg="Minute: 7"
time="2024-05-28T17:22:58.693301829-06:00" level=debug msg="Number of Invocations this iteration: 8"
time="2024-05-28T17:22:58.693386275-06:00" level=debug msg="Invoking: cartservice-4qjzojgwccjr7i74pnwh.default.192.168.1.240.sslip.io:80"
time="2024-05-28T17:22:58.705231826-06:00" level=debug msg="Invoked cartservice-4qjzojgwccjr7i74pnwh.default.192.168.1.240.sslip.io in 11842 usec\n"
time="2024-05-28T17:23:06.200048788-06:00" level=debug msg="Invoking: gptj-python-2c55vftu55ufythcq39x.default.192.168.1.240.sslip.io:80"
time="2024-05-28T17:23:06.214165973-06:00" level=debug msg="Invoked gptj-python-2c55vftu55ufythcq39x.default.192.168.1.240.sslip.io in 14131 usec\n"
time="2024-05-28T17:23:13.705240938-06:00" level=debug msg="Invoking: gptj-python-2c55vftu55ufythcq39x.default.192.168.1.240.sslip.io:80"
time="2024-05-28T17:23:13.71587227-06:00" level=debug msg="Invoked gptj-python-2c55vftu55ufythcq39x.default.192.168.1.240.sslip.io in 10639 usec\n"
time="2024-05-28T17:23:21.212019343-06:00" level=debug msg="Invoking: gptj-python-2c55vftu55ufythcq39x.default.192.168.1.240.sslip.io:80"
time="2024-05-28T17:23:21.223719555-06:00" level=debug msg="Invoked gptj-python-2c55vftu55ufythcq39x.default.192.168.1.240.sslip.io in 11709 usec\n"
time="2024-05-28T17:23:28.716048144-06:00" level=debug msg="Invoking: cartservice-4qjzojgwccjr7i74pnwh.default.192.168.1.240.sslip.io:80"
time="2024-05-28T17:23:28.728033737-06:00" level=debug msg="Invoked cartservice-4qjzojgwccjr7i74pnwh.default.192.168.1.240.sslip.io in 11995 usec\n"
time="2024-05-28T17:23:36.220084392-06:00" level=debug msg="Invoking: gptj-python-2c55vftu55ufythcq39x.default.192.168.1.240.sslip.io:80"
time="2024-05-28T17:23:36.230327462-06:00" level=debug msg="Invoked gptj-python-2c55vftu55ufythcq39x.default.192.168.1.240.sslip.io in 10251 usec\n"
time="2024-05-28T17:23:43.724063516-06:00" level=debug msg="Invoking: gptj-python-2c55vftu55ufythcq39x.default.192.168.1.240.sslip.io:80"
time="2024-05-28T17:23:43.734264289-06:00" level=debug msg="Invoked gptj-python-2c55vftu55ufythcq39x.default.192.168.1.240.sslip.io in 10212 usec\n"
time="2024-05-28T17:23:51.228059307-06:00" level=debug msg="Invoking: gptj-python-2c55vftu55ufythcq39x.default.192.168.1.240.sslip.io:80"
time="2024-05-28T17:23:51.23949361-06:00" level=debug msg="Invoked gptj-python-2c55vftu55ufythcq39x.default.192.168.1.240.sslip.io in 11472 usec\n"
time="2024-05-28T17:23:58.692879196-06:00" level=debug msg="Minute: 8"
time="2024-05-28T17:23:58.693025929-06:00" level=debug msg="Number of Invocations this iteration: 8"
time="2024-05-28T17:23:58.693103957-06:00" level=debug msg="Invoking: cartservice-4qjzojgwccjr7i74pnwh.default.192.168.1.240.sslip.io:80"
time="2024-05-28T17:23:58.703779263-06:00" level=debug msg="Invoked cartservice-4qjzojgwccjr7i74pnwh.default.192.168.1.240.sslip.io in 10674 usec\n"
time="2024-05-28T17:24:06.200199913-06:00" level=debug msg="Invoking: gptj-python-2c55vftu55ufythcq39x.default.192.168.1.240.sslip.io:80"
time="2024-05-28T17:24:06.210429073-06:00" level=debug msg="Invoked gptj-python-2c55vftu55ufythcq39x.default.192.168.1.240.sslip.io in 10239 usec\n"
time="2024-05-28T17:24:13.704116195-06:00" level=debug msg="Invoking: gptj-python-2c55vftu55ufythcq39x.default.192.168.1.240.sslip.io:80"
time="2024-05-28T17:24:13.714383359-06:00" level=debug msg="Invoked gptj-python-2c55vftu55ufythcq39x.default.192.168.1.240.sslip.io in 10280 usec\n"
time="2024-05-28T17:24:21.208010625-06:00" level=debug msg="Invoking: gptj-python-2c55vftu55ufythcq39x.default.192.168.1.240.sslip.io:80"
time="2024-05-28T17:24:21.218698867-06:00" level=debug msg="Invoked gptj-python-2c55vftu55ufythcq39x.default.192.168.1.240.sslip.io in 10699 usec\n"
time="2024-05-28T17:24:28.712008701-06:00" level=debug msg="Invoking: cartservice-4qjzojgwccjr7i74pnwh.default.192.168.1.240.sslip.io:80"
time="2024-05-28T17:24:28.723344285-06:00" level=debug msg="Invoked cartservice-4qjzojgwccjr7i74pnwh.default.192.168.1.240.sslip.io in 11347 usec\n"
time="2024-05-28T17:24:36.218716778-06:00" level=debug msg="Invoking: gptj-python-2c55vftu55ufythcq39x.default.192.168.1.240.sslip.io:80"
time="2024-05-28T17:24:36.228857884-06:00" level=debug msg="Invoked gptj-python-2c55vftu55ufythcq39x.default.192.168.1.240.sslip.io in 10154 usec\n"
time="2024-05-28T17:24:43.724068107-06:00" level=debug msg="Invoking: gptj-python-2c55vftu55ufythcq39x.default.192.168.1.240.sslip.io:80"
time="2024-05-28T17:24:43.734774548-06:00" level=debug msg="Invoked gptj-python-2c55vftu55ufythcq39x.default.192.168.1.240.sslip.io in 10712 usec\n"
time="2024-05-28T17:24:51.224278653-06:00" level=debug msg="Invoking: gptj-python-2c55vftu55ufythcq39x.default.192.168.1.240.sslip.io:80"
time="2024-05-28T17:24:51.23362092-06:00" level=debug msg="Invoked gptj-python-2c55vftu55ufythcq39x.default.192.168.1.240.sslip.io in 9355 usec\n"
time="2024-05-28T17:24:58.691994241-06:00" level=debug msg="Minute: 9"
time="2024-05-28T17:24:58.692086103-06:00" level=debug msg="Number of Invocations this iteration: 8"
time="2024-05-28T17:24:58.692176456-06:00" level=debug msg="Invoking: cartservice-4qjzojgwccjr7i74pnwh.default.192.168.1.240.sslip.io:80"
time="2024-05-28T17:24:58.703291385-06:00" level=debug msg="Invoked cartservice-4qjzojgwccjr7i74pnwh.default.192.168.1.240.sslip.io in 11113 usec\n"
time="2024-05-28T17:25:06.196084104-06:00" level=debug msg="Invoking: gptj-python-2c55vftu55ufythcq39x.default.192.168.1.240.sslip.io:80"
time="2024-05-28T17:25:06.207792275-06:00" level=debug msg="Invoked gptj-python-2c55vftu55ufythcq39x.default.192.168.1.240.sslip.io in 11698 usec\n"
time="2024-05-28T17:25:13.701016856-06:00" level=debug msg="Invoking: gptj-python-2c55vftu55ufythcq39x.default.192.168.1.240.sslip.io:80"
time="2024-05-28T17:25:13.71103026-06:00" level=debug msg="Invoked gptj-python-2c55vftu55ufythcq39x.default.192.168.1.240.sslip.io in 10017 usec\n"
time="2024-05-28T17:25:21.208078689-06:00" level=debug msg="Invoking: gptj-python-2c55vftu55ufythcq39x.default.192.168.1.240.sslip.io:80"
time="2024-05-28T17:25:21.219184831-06:00" level=debug msg="Invoked gptj-python-2c55vftu55ufythcq39x.default.192.168.1.240.sslip.io in 11113 usec\n"
time="2024-05-28T17:25:28.712082959-06:00" level=debug msg="Invoking: cartservice-4qjzojgwccjr7i74pnwh.default.192.168.1.240.sslip.io:80"
time="2024-05-28T17:25:28.723812304-06:00" level=debug msg="Invoked cartservice-4qjzojgwccjr7i74pnwh.default.192.168.1.240.sslip.io in 11738 usec\n"
time="2024-05-28T17:25:36.216067174-06:00" level=debug msg="Invoking: gptj-python-2c55vftu55ufythcq39x.default.192.168.1.240.sslip.io:80"
time="2024-05-28T17:25:36.226484014-06:00" level=debug msg="Invoked gptj-python-2c55vftu55ufythcq39x.default.192.168.1.240.sslip.io in 10424 usec\n"
time="2024-05-28T17:25:43.722579873-06:00" level=debug msg="Invoking: gptj-python-2c55vftu55ufythcq39x.default.192.168.1.240.sslip.io:80"
time="2024-05-28T17:25:43.733297004-06:00" level=debug msg="Invoked gptj-python-2c55vftu55ufythcq39x.default.192.168.1.240.sslip.io in 10728 usec\n"
time="2024-05-28T17:25:51.229176217-06:00" level=debug msg="Invoking: gptj-python-2c55vftu55ufythcq39x.default.192.168.1.240.sslip.io:80"
time="2024-05-28T17:25:51.239021788-06:00" level=debug msg="Invoked gptj-python-2c55vftu55ufythcq39x.default.192.168.1.240.sslip.io in 9855 usec\n"
time="2024-05-28T17:25:58.692176031-06:00" level=debug msg="Minute: 10"
time="2024-05-28T17:25:58.692320895-06:00" level=debug msg="Number of Invocations this iteration: 8"
time="2024-05-28T17:25:58.692396978-06:00" level=debug msg="Invoking: rnn-serving-python-10-10-vcx3zszg4b7xa6ihdiq8.default.192.168.1.240.sslip.io:80"
time="2024-05-28T17:26:05.664559109-06:00" level=debug msg="Invoked rnn-serving-python-10-10-vcx3zszg4b7xa6ihdiq8.default.192.168.1.240.sslip.io in 6972159 usec\n"
time="2024-05-28T17:26:06.192927227-06:00" level=debug msg="Invoking: gptj-python-2c55vftu55ufythcq39x.default.192.168.1.240.sslip.io:80"
time="2024-05-28T17:26:06.203958029-06:00" level=debug msg="Invoked gptj-python-2c55vftu55ufythcq39x.default.192.168.1.240.sslip.io in 11041 usec\n"
time="2024-05-28T17:26:13.699976572-06:00" level=debug msg="Invoking: gptj-python-2c55vftu55ufythcq39x.default.192.168.1.240.sslip.io:80"
time="2024-05-28T17:26:13.709344091-06:00" level=debug msg="Invoked gptj-python-2c55vftu55ufythcq39x.default.192.168.1.240.sslip.io in 9377 usec\n"
time="2024-05-28T17:26:21.205466416-06:00" level=debug msg="Invoking: gptj-python-2c55vftu55ufythcq39x.default.192.168.1.240.sslip.io:80"
time="2024-05-28T17:26:21.215365055-06:00" level=debug msg="Invoked gptj-python-2c55vftu55ufythcq39x.default.192.168.1.240.sslip.io in 9909 usec\n"
time="2024-05-28T17:26:28.712085612-06:00" level=debug msg="Invoking: cartservice-4qjzojgwccjr7i74pnwh.default.192.168.1.240.sslip.io:80"
time="2024-05-28T17:26:28.723681676-06:00" level=debug msg="Invoked cartservice-4qjzojgwccjr7i74pnwh.default.192.168.1.240.sslip.io in 11607 usec\n"
time="2024-05-28T17:26:36.216103891-06:00" level=debug msg="Invoking: gptj-python-2c55vftu55ufythcq39x.default.192.168.1.240.sslip.io:80"
time="2024-05-28T17:26:36.225720259-06:00" level=debug msg="Invoked gptj-python-2c55vftu55ufythcq39x.default.192.168.1.240.sslip.io in 9630 usec\n"
time="2024-05-28T17:26:43.720060666-06:00" level=debug msg="Invoking: gptj-python-2c55vftu55ufythcq39x.default.192.168.1.240.sslip.io:80"
time="2024-05-28T17:26:43.730116782-06:00" level=debug msg="Invoked gptj-python-2c55vftu55ufythcq39x.default.192.168.1.240.sslip.io in 10067 usec\n"
time="2024-05-28T17:26:51.224047608-06:00" level=debug msg="Invoking: gptj-python-2c55vftu55ufythcq39x.default.192.168.1.240.sslip.io:80"
time="2024-05-28T17:26:51.232577266-06:00" level=debug msg="Invoked gptj-python-2c55vftu55ufythcq39x.default.192.168.1.240.sslip.io in 8552 usec\n"
time="2024-05-28T17:26:58.693013946-06:00" level=debug msg="Minute: 11"
time="2024-05-28T17:26:58.693088554-06:00" level=debug msg="Number of Invocations this iteration: 8"
time="2024-05-28T17:26:58.693156841-06:00" level=debug msg="Invoking: image-rotate-go-6-ebqwerxvwz2gh460hyyp.default.192.168.1.240.sslip.io:80"
time="2024-05-28T17:27:06.200002749-06:00" level=debug msg="Invoking: gptj-python-2c55vftu55ufythcq39x.default.192.168.1.240.sslip.io:80"
time="2024-05-28T17:27:06.210590788-06:00" level=debug msg="Invoked gptj-python-2c55vftu55ufythcq39x.default.192.168.1.240.sslip.io in 10594 usec\n"
time="2024-05-28T17:27:11.018941609-06:00" level=debug msg="Invoked image-rotate-go-6-ebqwerxvwz2gh460hyyp.default.192.168.1.240.sslip.io in 12325782 usec\n"
time="2024-05-28T17:27:13.701239272-06:00" level=debug msg="Invoking: gptj-python-2c55vftu55ufythcq39x.default.192.168.1.240.sslip.io:80"
time="2024-05-28T17:27:13.711690126-06:00" level=debug msg="Invoked gptj-python-2c55vftu55ufythcq39x.default.192.168.1.240.sslip.io in 10537 usec\n"
time="2024-05-28T17:27:21.204016445-06:00" level=debug msg="Invoking: gptj-python-2c55vftu55ufythcq39x.default.192.168.1.240.sslip.io:80"
time="2024-05-28T17:27:21.214725836-06:00" level=debug msg="Invoked gptj-python-2c55vftu55ufythcq39x.default.192.168.1.240.sslip.io in 10720 usec\n"
time="2024-05-28T17:27:28.708023613-06:00" level=debug msg="Invoking: cartservice-4qjzojgwccjr7i74pnwh.default.192.168.1.240.sslip.io:80"
time="2024-05-28T17:27:28.720056407-06:00" level=debug msg="Invoked cartservice-4qjzojgwccjr7i74pnwh.default.192.168.1.240.sslip.io in 12044 usec\n"
time="2024-05-28T17:27:36.212077652-06:00" level=debug msg="Invoking: gptj-python-2c55vftu55ufythcq39x.default.192.168.1.240.sslip.io:80"
time="2024-05-28T17:27:36.221555067-06:00" level=debug msg="Invoked gptj-python-2c55vftu55ufythcq39x.default.192.168.1.240.sslip.io in 9493 usec\n"
time="2024-05-28T17:27:43.716082922-06:00" level=debug msg="Invoking: gptj-python-2c55vftu55ufythcq39x.default.192.168.1.240.sslip.io:80"
time="2024-05-28T17:27:43.726482104-06:00" level=debug msg="Invoked gptj-python-2c55vftu55ufythcq39x.default.192.168.1.240.sslip.io in 10435 usec\n"
time="2024-05-28T17:27:51.221466896-06:00" level=debug msg="Invoking: gptj-python-2c55vftu55ufythcq39x.default.192.168.1.240.sslip.io:80"
time="2024-05-28T17:27:51.232066965-06:00" level=debug msg="Invoked gptj-python-2c55vftu55ufythcq39x.default.192.168.1.240.sslip.io in 10615 usec\n"
time="2024-05-28T17:27:58.692539286-06:00" level=debug msg="Minute: 12"
time="2024-05-28T17:27:58.692679689-06:00" level=debug msg="Number of Invocations this iteration: 8"
time="2024-05-28T17:27:58.692753286-06:00" level=debug msg="Invoking: cartservice-4qjzojgwccjr7i74pnwh.default.192.168.1.240.sslip.io:80"
time="2024-05-28T17:27:58.704390506-06:00" level=debug msg="Invoked cartservice-4qjzojgwccjr7i74pnwh.default.192.168.1.240.sslip.io in 11636 usec\n"
time="2024-05-28T17:28:06.196342908-06:00" level=debug msg="Invoking: gptj-python-2c55vftu55ufythcq39x.default.192.168.1.240.sslip.io:80"
time="2024-05-28T17:28:06.206729754-06:00" level=debug msg="Invoked gptj-python-2c55vftu55ufythcq39x.default.192.168.1.240.sslip.io in 10397 usec\n"
time="2024-05-28T17:28:13.700110008-06:00" level=debug msg="Invoking: gptj-python-2c55vftu55ufythcq39x.default.192.168.1.240.sslip.io:80"
time="2024-05-28T17:28:13.71099584-06:00" level=debug msg="Invoked gptj-python-2c55vftu55ufythcq39x.default.192.168.1.240.sslip.io in 10918 usec\n"
time="2024-05-28T17:28:21.204008115-06:00" level=debug msg="Invoking: gptj-python-2c55vftu55ufythcq39x.default.192.168.1.240.sslip.io:80"
time="2024-05-28T17:28:21.214425902-06:00" level=debug msg="Invoked gptj-python-2c55vftu55ufythcq39x.default.192.168.1.240.sslip.io in 10433 usec\n"
time="2024-05-28T17:28:28.708090026-06:00" level=debug msg="Invoking: cartservice-4qjzojgwccjr7i74pnwh.default.192.168.1.240.sslip.io:80"
time="2024-05-28T17:28:28.719499521-06:00" level=debug msg="Invoked cartservice-4qjzojgwccjr7i74pnwh.default.192.168.1.240.sslip.io in 11419 usec\n"
time="2024-05-28T17:28:36.212249077-06:00" level=debug msg="Invoking: gptj-python-2c55vftu55ufythcq39x.default.192.168.1.240.sslip.io:80"
time="2024-05-28T17:28:36.222905141-06:00" level=debug msg="Invoked gptj-python-2c55vftu55ufythcq39x.default.192.168.1.240.sslip.io in 10666 usec\n"
time="2024-05-28T17:28:43.715996008-06:00" level=debug msg="Invoking: gptj-python-2c55vftu55ufythcq39x.default.192.168.1.240.sslip.io:80"
time="2024-05-28T17:28:43.726292927-06:00" level=debug msg="Invoked gptj-python-2c55vftu55ufythcq39x.default.192.168.1.240.sslip.io in 10302 usec\n"
time="2024-05-28T17:28:51.220273327-06:00" level=debug msg="Invoking: gptj-python-2c55vftu55ufythcq39x.default.192.168.1.240.sslip.io:80"
time="2024-05-28T17:28:51.230729836-06:00" level=debug msg="Invoked gptj-python-2c55vftu55ufythcq39x.default.192.168.1.240.sslip.io in 10466 usec\n"
time="2024-05-28T17:28:58.693025093-06:00" level=debug msg="Minute: 13"
time="2024-05-28T17:28:58.693129484-06:00" level=debug msg="Number of Invocations this iteration: 8"
time="2024-05-28T17:28:58.693221037-06:00" level=debug msg="Invoking: cartservice-4qjzojgwccjr7i74pnwh.default.192.168.1.240.sslip.io:80"
time="2024-05-28T17:28:58.703885772-06:00" level=debug msg="Invoked cartservice-4qjzojgwccjr7i74pnwh.default.192.168.1.240.sslip.io in 10663 usec\n"
time="2024-05-28T17:29:06.200224851-06:00" level=debug msg="Invoking: gptj-python-2c55vftu55ufythcq39x.default.192.168.1.240.sslip.io:80"
time="2024-05-28T17:29:06.210022746-06:00" level=debug msg="Invoked gptj-python-2c55vftu55ufythcq39x.default.192.168.1.240.sslip.io in 9807 usec\n"
time="2024-05-28T17:29:13.700457631-06:00" level=debug msg="Invoking: gptj-python-2c55vftu55ufythcq39x.default.192.168.1.240.sslip.io:80"
time="2024-05-28T17:29:13.710916914-06:00" level=debug msg="Invoked gptj-python-2c55vftu55ufythcq39x.default.192.168.1.240.sslip.io in 10532 usec\n"
time="2024-05-28T17:29:21.20460487-06:00" level=debug msg="Invoking: gptj-python-2c55vftu55ufythcq39x.default.192.168.1.240.sslip.io:80"
time="2024-05-28T17:29:21.215194367-06:00" level=debug msg="Invoked gptj-python-2c55vftu55ufythcq39x.default.192.168.1.240.sslip.io in 10599 usec\n"
time="2024-05-28T17:29:28.707982496-06:00" level=debug msg="Invoking: cartservice-4qjzojgwccjr7i74pnwh.default.192.168.1.240.sslip.io:80"
time="2024-05-28T17:29:28.718795712-06:00" level=debug msg="Invoked cartservice-4qjzojgwccjr7i74pnwh.default.192.168.1.240.sslip.io in 10823 usec\n"
time="2024-05-28T17:29:36.211998619-06:00" level=debug msg="Invoking: gptj-python-2c55vftu55ufythcq39x.default.192.168.1.240.sslip.io:80"
time="2024-05-28T17:29:36.222113824-06:00" level=debug msg="Invoked gptj-python-2c55vftu55ufythcq39x.default.192.168.1.240.sslip.io in 10127 usec\n"
time="2024-05-28T17:29:43.716019817-06:00" level=debug msg="Invoking: gptj-python-2c55vftu55ufythcq39x.default.192.168.1.240.sslip.io:80"
time="2024-05-28T17:29:43.726575252-06:00" level=debug msg="Invoked gptj-python-2c55vftu55ufythcq39x.default.192.168.1.240.sslip.io in 10568 usec\n"
time="2024-05-28T17:29:51.220053032-06:00" level=debug msg="Invoking: gptj-python-2c55vftu55ufythcq39x.default.192.168.1.240.sslip.io:80"
time="2024-05-28T17:29:51.230460385-06:00" level=debug msg="Invoked gptj-python-2c55vftu55ufythcq39x.default.192.168.1.240.sslip.io in 10417 usec\n"
time="2024-05-28T17:29:58.692316759-06:00" level=info msg="Experiment Phase Completed"
time="2024-05-28T17:29:58.692444167-06:00" level=info msg="Issued / completed requests: 112, 112"
time="2024-05-28T17:29:58.692481461-06:00" level=info msg="Average Real RPS: 0.13 "
time="2024-05-28T17:29:58.692507348-06:00" level=info msg="Experiment finished!"
time="2024-05-28T17:29:58.692534182-06:00" level=info msg="The measured latencies are saved in rps_lat.csv"
