time="2024-05-28T17:14:58.687419985-06:00" level=info msg="Reading the endpoints from the file: video-processing-python-450-10/endpoints.json"
time="2024-05-28T17:16:34.699144266-06:00" level=warning msg="Failed to invoke video-processing-python-450-8dmseir.default.192.168.1.240.sslip.io:80, err=rpc error: code = Unimplemented desc = "
time="2024-05-28T17:16:39.699863814-06:00" level=warning msg="Failed to invoke video-processing-python-450-8dmseir.default.192.168.1.240.sslip.io:80, err=rpc error: code = Unimplemented desc = "
time="2024-05-28T17:16:44.69704398-06:00" level=warning msg="Failed to invoke video-processing-python-450-8dmseir.default.192.168.1.240.sslip.io:80, err=rpc error: code = Unimplemented desc = "
time="2024-05-28T17:16:49.699670303-06:00" level=warning msg="Failed to invoke video-processing-python-450-8dmseir.default.192.168.1.240.sslip.io:80, err=rpc error: code = Unimplemented desc = "
time="2024-05-28T17:16:54.695499585-06:00" level=warning msg="Failed to invoke video-processing-python-450-8dmseir.default.192.168.1.240.sslip.io:80, err=rpc error: code = Unimplemented desc = "
time="2024-05-28T17:16:59.699757071-06:00" level=warning msg="Failed to invoke video-processing-python-450-8dmseir.default.192.168.1.240.sslip.io:80, err=rpc error: code = Unimplemented desc = "
time="2024-05-28T17:17:04.695808331-06:00" level=warning msg="Failed to invoke video-processing-python-450-8dmseir.default.192.168.1.240.sslip.io:80, err=rpc error: code = Unimplemented desc = "
time="2024-05-28T17:17:09.695713419-06:00" level=warning msg="Failed to invoke video-processing-python-450-8dmseir.default.192.168.1.240.sslip.io:80, err=rpc error: code = Unimplemented desc = "
time="2024-05-28T17:17:14.696020298-06:00" level=warning msg="Failed to invoke video-processing-python-450-8dmseir.default.192.168.1.240.sslip.io:80, err=rpc error: code = Unimplemented desc = "
time="2024-05-28T17:17:19.699712476-06:00" level=warning msg="Failed to invoke video-processing-python-450-8dmseir.default.192.168.1.240.sslip.io:80, err=rpc error: code = Unimplemented desc = "
time="2024-05-28T17:17:24.695376474-06:00" level=warning msg="Failed to invoke video-processing-python-450-8dmseir.default.192.168.1.240.sslip.io:80, err=rpc error: code = Unimplemented desc = "
time="2024-05-28T17:17:29.699516232-06:00" level=warning msg="Failed to invoke video-processing-python-450-8dmseir.default.192.168.1.240.sslip.io:80, err=rpc error: code = Unimplemented desc = "
time="2024-05-28T17:17:34.699820279-06:00" level=warning msg="Failed to invoke video-processing-python-450-8dmseir.default.192.168.1.240.sslip.io:80, err=rpc error: code = Unimplemented desc = "
time="2024-05-28T17:17:39.695656335-06:00" level=warning msg="Failed to invoke video-processing-python-450-8dmseir.default.192.168.1.240.sslip.io:80, err=rpc error: code = Unimplemented desc = "
time="2024-05-28T17:17:44.697767454-06:00" level=warning msg="Failed to invoke video-processing-python-450-8dmseir.default.192.168.1.240.sslip.io:80, err=rpc error: code = Unimplemented desc = "
time="2024-05-28T17:17:49.695368836-06:00" level=warning msg="Failed to invoke video-processing-python-450-8dmseir.default.192.168.1.240.sslip.io:80, err=rpc error: code = Unimplemented desc = "
time="2024-05-28T17:17:54.699034621-06:00" level=warning msg="Failed to invoke video-processing-python-450-8dmseir.default.192.168.1.240.sslip.io:80, err=rpc error: code = Unimplemented desc = "
time="2024-05-28T17:17:59.699664532-06:00" level=warning msg="Failed to invoke video-processing-python-450-8dmseir.default.192.168.1.240.sslip.io:80, err=rpc error: code = Unimplemented desc = "
time="2024-05-28T17:18:04.697796136-06:00" level=warning msg="Failed to invoke video-processing-python-450-8dmseir.default.192.168.1.240.sslip.io:80, err=rpc error: code = Unimplemented desc = "
time="2024-05-28T17:18:09.696249276-06:00" level=warning msg="Failed to invoke video-processing-python-450-8dmseir.default.192.168.1.240.sslip.io:80, err=rpc error: code = Unimplemented desc = "
time="2024-05-28T17:18:14.699743684-06:00" level=warning msg="Failed to invoke video-processing-python-450-8dmseir.default.192.168.1.240.sslip.io:80, err=rpc error: code = Unimplemented desc = "
time="2024-05-28T17:18:19.695347657-06:00" level=warning msg="Failed to invoke video-processing-python-450-8dmseir.default.192.168.1.240.sslip.io:80, err=rpc error: code = Unimplemented desc = "
time="2024-05-28T17:18:24.699608009-06:00" level=warning msg="Failed to invoke video-processing-python-450-8dmseir.default.192.168.1.240.sslip.io:80, err=rpc error: code = Unimplemented desc = "
time="2024-05-28T17:18:29.699470871-06:00" level=warning msg="Failed to invoke video-processing-python-450-8dmseir.default.192.168.1.240.sslip.io:80, err=rpc error: code = Unimplemented desc = "
time="2024-05-28T17:18:34.699554702-06:00" level=warning msg="Failed to invoke video-processing-python-450-8dmseir.default.192.168.1.240.sslip.io:80, err=rpc error: code = Unimplemented desc = "
time="2024-05-28T17:18:39.699521138-06:00" level=warning msg="Failed to invoke video-processing-python-450-8dmseir.default.192.168.1.240.sslip.io:80, err=rpc error: code = Unimplemented desc = "
time="2024-05-28T17:18:44.699574496-06:00" level=warning msg="Failed to invoke video-processing-python-450-8dmseir.default.192.168.1.240.sslip.io:80, err=rpc error: code = Unimplemented desc = "
time="2024-05-28T17:18:49.695582884-06:00" level=warning msg="Failed to invoke video-processing-python-450-8dmseir.default.192.168.1.240.sslip.io:80, err=rpc error: code = Unimplemented desc = "
time="2024-05-28T17:18:54.699754017-06:00" level=warning msg="Failed to invoke video-processing-python-450-8dmseir.default.192.168.1.240.sslip.io:80, err=rpc error: code = Unimplemented desc = "
time="2024-05-28T17:18:59.696017355-06:00" level=warning msg="Failed to invoke video-processing-python-450-8dmseir.default.192.168.1.240.sslip.io:80, err=rpc error: code = Unimplemented desc = "
time="2024-05-28T17:19:04.699555523-06:00" level=warning msg="Failed to invoke video-processing-python-450-8dmseir.default.192.168.1.240.sslip.io:80, err=rpc error: code = Unimplemented desc = "
time="2024-05-28T17:19:09.699645026-06:00" level=warning msg="Failed to invoke video-processing-python-450-8dmseir.default.192.168.1.240.sslip.io:80, err=rpc error: code = Unimplemented desc = "
time="2024-05-28T17:19:14.696283347-06:00" level=warning msg="Failed to invoke video-processing-python-450-8dmseir.default.192.168.1.240.sslip.io:80, err=rpc error: code = Unimplemented desc = "
time="2024-05-28T17:19:19.699842875-06:00" level=warning msg="Failed to invoke video-processing-python-450-8dmseir.default.192.168.1.240.sslip.io:80, err=rpc error: code = Unimplemented desc = "
time="2024-05-28T17:19:24.69512394-06:00" level=warning msg="Failed to invoke video-processing-python-450-8dmseir.default.192.168.1.240.sslip.io:80, err=rpc error: code = Unimplemented desc = "
time="2024-05-28T17:19:29.700951478-06:00" level=warning msg="Failed to invoke video-processing-python-450-8dmseir.default.192.168.1.240.sslip.io:80, err=rpc error: code = Unimplemented desc = "
time="2024-05-28T17:19:34.695219276-06:00" level=warning msg="Failed to invoke video-processing-python-450-8dmseir.default.192.168.1.240.sslip.io:80, err=rpc error: code = Unimplemented desc = "
time="2024-05-28T17:19:39.699305855-06:00" level=warning msg="Failed to invoke video-processing-python-450-8dmseir.default.192.168.1.240.sslip.io:80, err=rpc error: code = Unimplemented desc = "
time="2024-05-28T17:19:44.699676751-06:00" level=warning msg="Failed to invoke video-processing-python-450-8dmseir.default.192.168.1.240.sslip.io:80, err=rpc error: code = Unimplemented desc = "
time="2024-05-28T17:19:49.696476393-06:00" level=warning msg="Failed to invoke video-processing-python-450-8dmseir.default.192.168.1.240.sslip.io:80, err=rpc error: code = Unimplemented desc = "
time="2024-05-28T17:19:54.699606137-06:00" level=warning msg="Failed to invoke video-processing-python-450-8dmseir.default.192.168.1.240.sslip.io:80, err=rpc error: code = Unimplemented desc = "
time="2024-05-28T17:19:59.697830621-06:00" level=warning msg="Failed to invoke video-processing-python-450-8dmseir.default.192.168.1.240.sslip.io:80, err=rpc error: code = Unimplemented desc = "
time="2024-05-28T17:20:04.695096032-06:00" level=warning msg="Failed to invoke video-processing-python-450-8dmseir.default.192.168.1.240.sslip.io:80, err=rpc error: code = Unimplemented desc = "
time="2024-05-28T17:20:09.699256322-06:00" level=warning msg="Failed to invoke video-processing-python-450-8dmseir.default.192.168.1.240.sslip.io:80, err=rpc error: code = Unimplemented desc = "
time="2024-05-28T17:20:14.699445295-06:00" level=warning msg="Failed to invoke video-processing-python-450-8dmseir.default.192.168.1.240.sslip.io:80, err=rpc error: code = Unimplemented desc = "
time="2024-05-28T17:20:19.69922125-06:00" level=warning msg="Failed to invoke video-processing-python-450-8dmseir.default.192.168.1.240.sslip.io:80, err=rpc error: code = Unimplemented desc = "
time="2024-05-28T17:20:24.699545539-06:00" level=warning msg="Failed to invoke video-processing-python-450-8dmseir.default.192.168.1.240.sslip.io:80, err=rpc error: code = Unimplemented desc = "
time="2024-05-28T17:20:29.699463407-06:00" level=warning msg="Failed to invoke video-processing-python-450-8dmseir.default.192.168.1.240.sslip.io:80, err=rpc error: code = Unimplemented desc = "
time="2024-05-28T17:20:34.699523895-06:00" level=warning msg="Failed to invoke video-processing-python-450-8dmseir.default.192.168.1.240.sslip.io:80, err=rpc error: code = Unimplemented desc = "
time="2024-05-28T17:20:39.700021379-06:00" level=warning msg="Failed to invoke video-processing-python-450-8dmseir.default.192.168.1.240.sslip.io:80, err=rpc error: code = Unimplemented desc = "
time="2024-05-28T17:20:44.699368847-06:00" level=warning msg="Failed to invoke video-processing-python-450-8dmseir.default.192.168.1.240.sslip.io:80, err=rpc error: code = Unimplemented desc = "
time="2024-05-28T17:20:49.699376539-06:00" level=warning msg="Failed to invoke video-processing-python-450-8dmseir.default.192.168.1.240.sslip.io:80, err=rpc error: code = Unimplemented desc = "
time="2024-05-28T17:20:54.699473392-06:00" level=warning msg="Failed to invoke video-processing-python-450-8dmseir.default.192.168.1.240.sslip.io:80, err=rpc error: code = Unimplemented desc = "
time="2024-05-28T17:20:59.699822166-06:00" level=warning msg="Failed to invoke video-processing-python-450-8dmseir.default.192.168.1.240.sslip.io:80, err=rpc error: code = Unimplemented desc = "
time="2024-05-28T17:21:04.697264361-06:00" level=warning msg="Failed to invoke video-processing-python-450-8dmseir.default.192.168.1.240.sslip.io:80, err=rpc error: code = Unimplemented desc = "
time="2024-05-28T17:21:09.695199393-06:00" level=warning msg="Failed to invoke video-processing-python-450-8dmseir.default.192.168.1.240.sslip.io:80, err=rpc error: code = Unimplemented desc = "
time="2024-05-28T17:21:14.699510739-06:00" level=warning msg="Failed to invoke video-processing-python-450-8dmseir.default.192.168.1.240.sslip.io:80, err=rpc error: code = Unimplemented desc = "
time="2024-05-28T17:21:19.698946455-06:00" level=warning msg="Failed to invoke video-processing-python-450-8dmseir.default.192.168.1.240.sslip.io:80, err=rpc error: code = Unimplemented desc = "
time="2024-05-28T17:21:24.695468024-06:00" level=warning msg="Failed to invoke video-processing-python-450-8dmseir.default.192.168.1.240.sslip.io:80, err=rpc error: code = Unimplemented desc = "
time="2024-05-28T17:21:29.69953732-06:00" level=warning msg="Failed to invoke video-processing-python-450-8dmseir.default.192.168.1.240.sslip.io:80, err=rpc error: code = Unimplemented desc = "
time="2024-05-28T17:21:34.699702801-06:00" level=warning msg="Failed to invoke video-processing-python-450-8dmseir.default.192.168.1.240.sslip.io:80, err=rpc error: code = Unimplemented desc = "
time="2024-05-28T17:21:39.697165907-06:00" level=warning msg="Failed to invoke video-processing-python-450-8dmseir.default.192.168.1.240.sslip.io:80, err=rpc error: code = Unimplemented desc = "
time="2024-05-28T17:21:44.699659169-06:00" level=warning msg="Failed to invoke video-processing-python-450-8dmseir.default.192.168.1.240.sslip.io:80, err=rpc error: code = Unimplemented desc = "
time="2024-05-28T17:21:49.695361431-06:00" level=warning msg="Failed to invoke video-processing-python-450-8dmseir.default.192.168.1.240.sslip.io:80, err=rpc error: code = Unimplemented desc = "
time="2024-05-28T17:21:54.699351421-06:00" level=warning msg="Failed to invoke video-processing-python-450-8dmseir.default.192.168.1.240.sslip.io:80, err=rpc error: code = Unimplemented desc = "
time="2024-05-28T17:21:59.699347545-06:00" level=warning msg="Failed to invoke video-processing-python-450-8dmseir.default.192.168.1.240.sslip.io:80, err=rpc error: code = Unimplemented desc = "
time="2024-05-28T17:22:04.699383229-06:00" level=warning msg="Failed to invoke video-processing-python-450-8dmseir.default.192.168.1.240.sslip.io:80, err=rpc error: code = Unimplemented desc = "
time="2024-05-28T17:22:09.699382978-06:00" level=warning msg="Failed to invoke video-processing-python-450-8dmseir.default.192.168.1.240.sslip.io:80, err=rpc error: code = Unimplemented desc = "
time="2024-05-28T17:22:14.699494962-06:00" level=warning msg="Failed to invoke video-processing-python-450-8dmseir.default.192.168.1.240.sslip.io:80, err=rpc error: code = Unimplemented desc = "
time="2024-05-28T17:22:19.699472996-06:00" level=warning msg="Failed to invoke video-processing-python-450-8dmseir.default.192.168.1.240.sslip.io:80, err=rpc error: code = Unimplemented desc = "
time="2024-05-28T17:22:24.699583057-06:00" level=warning msg="Failed to invoke video-processing-python-450-8dmseir.default.192.168.1.240.sslip.io:80, err=rpc error: code = Unimplemented desc = "
time="2024-05-28T17:22:29.699366953-06:00" level=warning msg="Failed to invoke video-processing-python-450-8dmseir.default.192.168.1.240.sslip.io:80, err=rpc error: code = Unimplemented desc = "
time="2024-05-28T17:22:34.700995927-06:00" level=warning msg="Failed to invoke video-processing-python-450-8dmseir.default.192.168.1.240.sslip.io:80, err=rpc error: code = Unimplemented desc = "
time="2024-05-28T17:22:39.69558016-06:00" level=warning msg="Failed to invoke video-processing-python-450-8dmseir.default.192.168.1.240.sslip.io:80, err=rpc error: code = Unimplemented desc = "
time="2024-05-28T17:22:44.695613126-06:00" level=warning msg="Failed to invoke video-processing-python-450-8dmseir.default.192.168.1.240.sslip.io:80, err=rpc error: code = Unimplemented desc = "
time="2024-05-28T17:22:49.695587643-06:00" level=warning msg="Failed to invoke video-processing-python-450-8dmseir.default.192.168.1.240.sslip.io:80, err=rpc error: code = Unimplemented desc = "
time="2024-05-28T17:22:54.699447741-06:00" level=warning msg="Failed to invoke video-processing-python-450-8dmseir.default.192.168.1.240.sslip.io:80, err=rpc error: code = Unimplemented desc = "
time="2024-05-28T17:22:59.699965245-06:00" level=warning msg="Failed to invoke video-processing-python-450-8dmseir.default.192.168.1.240.sslip.io:80, err=rpc error: code = Unimplemented desc = "
time="2024-05-28T17:23:04.699174018-06:00" level=warning msg="Failed to invoke video-processing-python-450-8dmseir.default.192.168.1.240.sslip.io:80, err=rpc error: code = Unimplemented desc = "
time="2024-05-28T17:23:09.699593978-06:00" level=warning msg="Failed to invoke video-processing-python-450-8dmseir.default.192.168.1.240.sslip.io:80, err=rpc error: code = Unimplemented desc = "
time="2024-05-28T17:23:14.69948448-06:00" level=warning msg="Failed to invoke video-processing-python-450-8dmseir.default.192.168.1.240.sslip.io:80, err=rpc error: code = Unimplemented desc = "
time="2024-05-28T17:23:19.699416433-06:00" level=warning msg="Failed to invoke video-processing-python-450-8dmseir.default.192.168.1.240.sslip.io:80, err=rpc error: code = Unimplemented desc = "
time="2024-05-28T17:23:24.699222726-06:00" level=warning msg="Failed to invoke video-processing-python-450-8dmseir.default.192.168.1.240.sslip.io:80, err=rpc error: code = Unimplemented desc = "
time="2024-05-28T17:23:29.69945982-06:00" level=warning msg="Failed to invoke video-processing-python-450-8dmseir.default.192.168.1.240.sslip.io:80, err=rpc error: code = Unimplemented desc = "
time="2024-05-28T17:23:34.698962629-06:00" level=warning msg="Failed to invoke video-processing-python-450-8dmseir.default.192.168.1.240.sslip.io:80, err=rpc error: code = Unimplemented desc = "
time="2024-05-28T17:23:39.699329779-06:00" level=warning msg="Failed to invoke video-processing-python-450-8dmseir.default.192.168.1.240.sslip.io:80, err=rpc error: code = Unimplemented desc = "
time="2024-05-28T17:23:44.699506584-06:00" level=warning msg="Failed to invoke video-processing-python-450-8dmseir.default.192.168.1.240.sslip.io:80, err=rpc error: code = Unimplemented desc = "
time="2024-05-28T17:23:49.699169469-06:00" level=warning msg="Failed to invoke video-processing-python-450-8dmseir.default.192.168.1.240.sslip.io:80, err=rpc error: code = Unimplemented desc = "
time="2024-05-28T17:23:54.701820539-06:00" level=warning msg="Failed to invoke video-processing-python-450-8dmseir.default.192.168.1.240.sslip.io:80, err=rpc error: code = Unimplemented desc = "
time="2024-05-28T17:23:59.695472099-06:00" level=warning msg="Failed to invoke video-processing-python-450-8dmseir.default.192.168.1.240.sslip.io:80, err=rpc error: code = Unimplemented desc = "
time="2024-05-28T17:24:04.699450913-06:00" level=warning msg="Failed to invoke video-processing-python-450-8dmseir.default.192.168.1.240.sslip.io:80, err=rpc error: code = Unimplemented desc = "
time="2024-05-28T17:24:09.699445645-06:00" level=warning msg="Failed to invoke video-processing-python-450-8dmseir.default.192.168.1.240.sslip.io:80, err=rpc error: code = Unimplemented desc = "
time="2024-05-28T17:24:14.699345644-06:00" level=warning msg="Failed to invoke video-processing-python-450-8dmseir.default.192.168.1.240.sslip.io:80, err=rpc error: code = Unimplemented desc = "
time="2024-05-28T17:24:19.701099664-06:00" level=warning msg="Failed to invoke video-processing-python-450-8dmseir.default.192.168.1.240.sslip.io:80, err=rpc error: code = Unimplemented desc = "
time="2024-05-28T17:24:24.699715606-06:00" level=warning msg="Failed to invoke video-processing-python-450-8dmseir.default.192.168.1.240.sslip.io:80, err=rpc error: code = Unimplemented desc = "
time="2024-05-28T17:24:29.698344228-06:00" level=warning msg="Failed to invoke video-processing-python-450-8dmseir.default.192.168.1.240.sslip.io:80, err=rpc error: code = Unimplemented desc = "
time="2024-05-28T17:24:34.699693367-06:00" level=warning msg="Failed to invoke video-processing-python-450-8dmseir.default.192.168.1.240.sslip.io:80, err=rpc error: code = Unimplemented desc = "
time="2024-05-28T17:24:39.698617639-06:00" level=warning msg="Failed to invoke video-processing-python-450-8dmseir.default.192.168.1.240.sslip.io:80, err=rpc error: code = Unimplemented desc = "
time="2024-05-28T17:24:44.695633489-06:00" level=warning msg="Failed to invoke video-processing-python-450-8dmseir.default.192.168.1.240.sslip.io:80, err=rpc error: code = Unimplemented desc = "
time="2024-05-28T17:24:49.697754608-06:00" level=warning msg="Failed to invoke video-processing-python-450-8dmseir.default.192.168.1.240.sslip.io:80, err=rpc error: code = Unimplemented desc = "
time="2024-05-28T17:24:54.695543107-06:00" level=warning msg="Failed to invoke video-processing-python-450-8dmseir.default.192.168.1.240.sslip.io:80, err=rpc error: code = Unimplemented desc = "
time="2024-05-28T17:24:59.700516585-06:00" level=warning msg="Failed to invoke video-processing-python-450-8dmseir.default.192.168.1.240.sslip.io:80, err=rpc error: code = Unimplemented desc = "
time="2024-05-28T17:25:04.699053361-06:00" level=warning msg="Failed to invoke video-processing-python-450-8dmseir.default.192.168.1.240.sslip.io:80, err=rpc error: code = Unimplemented desc = "
time="2024-05-28T17:25:09.699275649-06:00" level=warning msg="Failed to invoke video-processing-python-450-8dmseir.default.192.168.1.240.sslip.io:80, err=rpc error: code = Unimplemented desc = "
time="2024-05-28T17:25:14.699669838-06:00" level=warning msg="Failed to invoke video-processing-python-450-8dmseir.default.192.168.1.240.sslip.io:80, err=rpc error: code = Unimplemented desc = "
time="2024-05-28T17:25:19.695527759-06:00" level=warning msg="Failed to invoke video-processing-python-450-8dmseir.default.192.168.1.240.sslip.io:80, err=rpc error: code = Unimplemented desc = "
time="2024-05-28T17:25:24.698851381-06:00" level=warning msg="Failed to invoke video-processing-python-450-8dmseir.default.192.168.1.240.sslip.io:80, err=rpc error: code = Unimplemented desc = "
time="2024-05-28T17:25:29.695354904-06:00" level=warning msg="Failed to invoke video-processing-python-450-8dmseir.default.192.168.1.240.sslip.io:80, err=rpc error: code = Unimplemented desc = "
time="2024-05-28T17:25:34.699389636-06:00" level=warning msg="Failed to invoke video-processing-python-450-8dmseir.default.192.168.1.240.sslip.io:80, err=rpc error: code = Unimplemented desc = "
time="2024-05-28T17:25:39.697653333-06:00" level=warning msg="Failed to invoke video-processing-python-450-8dmseir.default.192.168.1.240.sslip.io:80, err=rpc error: code = Unimplemented desc = "
time="2024-05-28T17:25:44.695536725-06:00" level=warning msg="Failed to invoke video-processing-python-450-8dmseir.default.192.168.1.240.sslip.io:80, err=rpc error: code = Unimplemented desc = "
time="2024-05-28T17:25:49.699400863-06:00" level=warning msg="Failed to invoke video-processing-python-450-8dmseir.default.192.168.1.240.sslip.io:80, err=rpc error: code = Unimplemented desc = "
time="2024-05-28T17:25:54.699424163-06:00" level=warning msg="Failed to invoke video-processing-python-450-8dmseir.default.192.168.1.240.sslip.io:80, err=rpc error: code = Unimplemented desc = "
time="2024-05-28T17:25:59.700783339-06:00" level=warning msg="Failed to invoke video-processing-python-450-8dmseir.default.192.168.1.240.sslip.io:80, err=rpc error: code = Unimplemented desc = "
time="2024-05-28T17:26:04.69554-06:00" level=warning msg="Failed to invoke video-processing-python-450-8dmseir.default.192.168.1.240.sslip.io:80, err=rpc error: code = Unimplemented desc = "
time="2024-05-28T17:26:09.69969061-06:00" level=warning msg="Failed to invoke video-processing-python-450-8dmseir.default.192.168.1.240.sslip.io:80, err=rpc error: code = Unimplemented desc = "
time="2024-05-28T17:26:14.695512795-06:00" level=warning msg="Failed to invoke video-processing-python-450-8dmseir.default.192.168.1.240.sslip.io:80, err=rpc error: code = Unimplemented desc = "
time="2024-05-28T17:26:19.699572665-06:00" level=warning msg="Failed to invoke video-processing-python-450-8dmseir.default.192.168.1.240.sslip.io:80, err=rpc error: code = Unimplemented desc = "
time="2024-05-28T17:26:24.699988369-06:00" level=warning msg="Failed to invoke video-processing-python-450-8dmseir.default.192.168.1.240.sslip.io:80, err=rpc error: code = Unimplemented desc = "
time="2024-05-28T17:26:29.699572852-06:00" level=warning msg="Failed to invoke video-processing-python-450-8dmseir.default.192.168.1.240.sslip.io:80, err=rpc error: code = Unimplemented desc = "
time="2024-05-28T17:26:34.699818245-06:00" level=warning msg="Failed to invoke video-processing-python-450-8dmseir.default.192.168.1.240.sslip.io:80, err=rpc error: code = Unimplemented desc = "
time="2024-05-28T17:26:39.697936479-06:00" level=warning msg="Failed to invoke video-processing-python-450-8dmseir.default.192.168.1.240.sslip.io:80, err=rpc error: code = Unimplemented desc = "
time="2024-05-28T17:26:44.695742455-06:00" level=warning msg="Failed to invoke video-processing-python-450-8dmseir.default.192.168.1.240.sslip.io:80, err=rpc error: code = Unimplemented desc = "
time="2024-05-28T17:26:49.695533035-06:00" level=warning msg="Failed to invoke video-processing-python-450-8dmseir.default.192.168.1.240.sslip.io:80, err=rpc error: code = Unimplemented desc = "
time="2024-05-28T17:26:54.69956237-06:00" level=warning msg="Failed to invoke video-processing-python-450-8dmseir.default.192.168.1.240.sslip.io:80, err=rpc error: code = Unimplemented desc = "
time="2024-05-28T17:26:59.699192734-06:00" level=warning msg="Failed to invoke video-processing-python-450-8dmseir.default.192.168.1.240.sslip.io:80, err=rpc error: code = Unimplemented desc = "
time="2024-05-28T17:27:04.700119747-06:00" level=warning msg="Failed to invoke video-processing-python-450-8dmseir.default.192.168.1.240.sslip.io:80, err=rpc error: code = Unimplemented desc = "
time="2024-05-28T17:27:09.69949541-06:00" level=warning msg="Failed to invoke video-processing-python-450-8dmseir.default.192.168.1.240.sslip.io:80, err=rpc error: code = Unimplemented desc = "
time="2024-05-28T17:27:14.699107888-06:00" level=warning msg="Failed to invoke video-processing-python-450-8dmseir.default.192.168.1.240.sslip.io:80, err=rpc error: code = Unimplemented desc = "
time="2024-05-28T17:27:19.699708607-06:00" level=warning msg="Failed to invoke video-processing-python-450-8dmseir.default.192.168.1.240.sslip.io:80, err=rpc error: code = Unimplemented desc = "
time="2024-05-28T17:27:24.697385719-06:00" level=warning msg="Failed to invoke video-processing-python-450-8dmseir.default.192.168.1.240.sslip.io:80, err=rpc error: code = Unimplemented desc = "
time="2024-05-28T17:27:29.699820783-06:00" level=warning msg="Failed to invoke video-processing-python-450-8dmseir.default.192.168.1.240.sslip.io:80, err=rpc error: code = Unimplemented desc = "
time="2024-05-28T17:27:34.697026471-06:00" level=warning msg="Failed to invoke video-processing-python-450-8dmseir.default.192.168.1.240.sslip.io:80, err=rpc error: code = Unimplemented desc = "
time="2024-05-28T17:27:39.695430992-06:00" level=warning msg="Failed to invoke video-processing-python-450-8dmseir.default.192.168.1.240.sslip.io:80, err=rpc error: code = Unimplemented desc = "
time="2024-05-28T17:27:44.699554251-06:00" level=warning msg="Failed to invoke video-processing-python-450-8dmseir.default.192.168.1.240.sslip.io:80, err=rpc error: code = Unimplemented desc = "
time="2024-05-28T17:27:49.699479092-06:00" level=warning msg="Failed to invoke video-processing-python-450-8dmseir.default.192.168.1.240.sslip.io:80, err=rpc error: code = Unimplemented desc = "
time="2024-05-28T17:27:54.699698902-06:00" level=warning msg="Failed to invoke video-processing-python-450-8dmseir.default.192.168.1.240.sslip.io:80, err=rpc error: code = Unimplemented desc = "
time="2024-05-28T17:27:59.692819923-06:00" level=info msg="Issued / completed requests: 156, 20"
time="2024-05-28T17:27:59.692958146-06:00" level=info msg="Real / target RPS: 0.03 / 0.2"
time="2024-05-28T17:27:59.692988189-06:00" level=info msg="Experiment finished!"
time="2024-05-28T17:27:59.693016111-06:00" level=info msg="The measured latencies are saved in video-processing-python-450-10/lat.txt"
time="2024-05-28T17:27:59.693305633-06:00" level=info msg="The measured function durations are saved in video-processing-python-450-10/dur.txt"
