time="2024-05-28T16:59:14.837110285-06:00" level=debug msg="Debug logging is enabled"
time="2024-05-28T16:59:14.837264968-06:00" level=info msg="Reading the trace endpoints from the file: /users/ArunAMS/vSwarm/tools/load-generator/load.json"
time="2024-05-28T16:59:14.838526461-06:00" level=info msg="Warmup Duration: 3"
time="2024-05-28T16:59:14.838550005-06:00" level=info msg="Experiment Duration: 11"
time="2024-05-28T16:59:14.838568306-06:00" level=info msg="Minute Granularity: true"
time="2024-05-28T17:00:14.896051177-06:00" level=info msg="Running Warmup Phase"
time="2024-05-28T17:00:14.896127965-06:00" level=debug msg="Minute: 0"
time="2024-05-28T17:00:14.896206513-06:00" level=debug msg="Number of Invocations this iteration: 8"
time="2024-05-28T17:00:14.896319015-06:00" level=debug msg="Invoking: cartservice-4qjzojgwccjr7i74pnwh.default.192.168.1.240.sslip.io:80"
time="2024-05-28T17:00:22.397056108-06:00" level=debug msg="Invoking: gptj-python-2c55vftu55ufythcq39x.default.192.168.1.240.sslip.io:80"
time="2024-05-28T17:00:29.904063973-06:00" level=debug msg="Invoking: gptj-python-2c55vftu55ufythcq39x.default.192.168.1.240.sslip.io:80"
time="2024-05-28T17:00:37.408123598-06:00" level=debug msg="Invoking: gptj-python-2c55vftu55ufythcq39x.default.192.168.1.240.sslip.io:80"
time="2024-05-28T17:00:44.912030839-06:00" level=debug msg="Invoking: cartservice-4qjzojgwccjr7i74pnwh.default.192.168.1.240.sslip.io:80"
time="2024-05-28T17:00:52.419518233-06:00" level=debug msg="Invoking: gptj-python-2c55vftu55ufythcq39x.default.192.168.1.240.sslip.io:80"
time="2024-05-28T17:00:59.924056485-06:00" level=debug msg="Invoking: gptj-python-2c55vftu55ufythcq39x.default.192.168.1.240.sslip.io:80"
time="2024-05-28T17:01:07.427977135-06:00" level=debug msg="Invoking: gptj-python-2c55vftu55ufythcq39x.default.192.168.1.240.sslip.io:80"
time="2024-05-28T17:01:14.843990963-06:00" level=debug msg="Minute: 1"
time="2024-05-28T17:01:14.844082039-06:00" level=debug msg="Number of Invocations this iteration: 8"
time="2024-05-28T17:01:14.844196177-06:00" level=debug msg="Invoking: image-rotate-go-6-ebqwerxvwz2gh460hyyp.default.192.168.1.240.sslip.io:80"
time="2024-05-28T17:01:22.348149603-06:00" level=debug msg="Invoking: gptj-python-2c55vftu55ufythcq39x.default.192.168.1.240.sslip.io:80"
time="2024-05-28T17:01:29.848819396-06:00" level=debug msg="Invoking: gptj-python-2c55vftu55ufythcq39x.default.192.168.1.240.sslip.io:80"
time="2024-05-28T17:01:37.35603286-06:00" level=debug msg="Invoking: gptj-python-2c55vftu55ufythcq39x.default.192.168.1.240.sslip.io:80"
time="2024-05-28T17:01:44.860725551-06:00" level=debug msg="Invoking: cartservice-4qjzojgwccjr7i74pnwh.default.192.168.1.240.sslip.io:80"
time="2024-05-28T17:01:52.364009356-06:00" level=debug msg="Invoking: gptj-python-2c55vftu55ufythcq39x.default.192.168.1.240.sslip.io:80"
time="2024-05-28T17:01:59.868127476-06:00" level=debug msg="Invoking: gptj-python-2c55vftu55ufythcq39x.default.192.168.1.240.sslip.io:80"
time="2024-05-28T17:02:07.372037003-06:00" level=debug msg="Invoking: gptj-python-2c55vftu55ufythcq39x.default.192.168.1.240.sslip.io:80"
time="2024-05-28T17:02:14.845566998-06:00" level=debug msg="Minute: 2"
time="2024-05-28T17:02:14.845667782-06:00" level=debug msg="Number of Invocations this iteration: 8"
time="2024-05-28T17:02:14.845757297-06:00" level=debug msg="Invoking: cartservice-4qjzojgwccjr7i74pnwh.default.192.168.1.240.sslip.io:80"
time="2024-05-28T17:02:22.351998223-06:00" level=debug msg="Invoking: gptj-python-2c55vftu55ufythcq39x.default.192.168.1.240.sslip.io:80"
time="2024-05-28T17:02:29.856028303-06:00" level=debug msg="Invoking: gptj-python-2c55vftu55ufythcq39x.default.192.168.1.240.sslip.io:80"
time="2024-05-28T17:02:37.360060451-06:00" level=debug msg="Invoking: gptj-python-2c55vftu55ufythcq39x.default.192.168.1.240.sslip.io:80"
time="2024-05-28T17:02:44.86712348-06:00" level=debug msg="Invoking: cartservice-4qjzojgwccjr7i74pnwh.default.192.168.1.240.sslip.io:80"
time="2024-05-28T17:02:52.372643599-06:00" level=debug msg="Invoking: gptj-python-2c55vftu55ufythcq39x.default.192.168.1.240.sslip.io:80"
time="2024-05-28T17:02:59.87606191-06:00" level=debug msg="Invoking: gptj-python-2c55vftu55ufythcq39x.default.192.168.1.240.sslip.io:80"
time="2024-05-28T17:03:07.379997036-06:00" level=debug msg="Invoking: gptj-python-2c55vftu55ufythcq39x.default.192.168.1.240.sslip.io:80"
time="2024-05-28T17:03:14.845620658-06:00" level=info msg="Warmup Phase Completed"
time="2024-05-28T17:03:14.845740636-06:00" level=info msg="Running Experiment Phase"
time="2024-05-28T17:03:14.84577-06:00" level=debug msg="Minute: 3"
time="2024-05-28T17:03:14.845818058-06:00" level=debug msg="Number of Invocations this iteration: 8"
time="2024-05-28T17:03:14.845900416-06:00" level=debug msg="Invoking: cartservice-4qjzojgwccjr7i74pnwh.default.192.168.1.240.sslip.io:80"
time="2024-05-28T17:03:14.861217554-06:00" level=debug msg="Invoked cartservice-4qjzojgwccjr7i74pnwh.default.192.168.1.240.sslip.io in 15304 usec\n"
time="2024-05-28T17:03:22.346173747-06:00" level=debug msg="Invoking: gptj-python-2c55vftu55ufythcq39x.default.192.168.1.240.sslip.io:80"
time="2024-05-28T17:03:22.358754519-06:00" level=debug msg="Invoked gptj-python-2c55vftu55ufythcq39x.default.192.168.1.240.sslip.io in 12589 usec\n"
time="2024-05-28T17:03:29.852054068-06:00" level=debug msg="Invoking: gptj-python-2c55vftu55ufythcq39x.default.192.168.1.240.sslip.io:80"
time="2024-05-28T17:03:29.863194368-06:00" level=debug msg="Invoked gptj-python-2c55vftu55ufythcq39x.default.192.168.1.240.sslip.io in 11144 usec\n"
time="2024-05-28T17:03:37.355993504-06:00" level=debug msg="Invoking: gptj-python-2c55vftu55ufythcq39x.default.192.168.1.240.sslip.io:80"
time="2024-05-28T17:03:37.366772595-06:00" level=debug msg="Invoked gptj-python-2c55vftu55ufythcq39x.default.192.168.1.240.sslip.io in 10786 usec\n"
time="2024-05-28T17:03:44.860014797-06:00" level=debug msg="Invoking: cartservice-4qjzojgwccjr7i74pnwh.default.192.168.1.240.sslip.io:80"
time="2024-05-28T17:03:44.873265306-06:00" level=debug msg="Invoked cartservice-4qjzojgwccjr7i74pnwh.default.192.168.1.240.sslip.io in 13259 usec\n"
time="2024-05-28T17:03:52.364001926-06:00" level=debug msg="Invoking: gptj-python-2c55vftu55ufythcq39x.default.192.168.1.240.sslip.io:80"
time="2024-05-28T17:03:52.374275113-06:00" level=debug msg="Invoked gptj-python-2c55vftu55ufythcq39x.default.192.168.1.240.sslip.io in 10282 usec\n"
time="2024-05-28T17:03:59.868022171-06:00" level=debug msg="Invoking: gptj-python-2c55vftu55ufythcq39x.default.192.168.1.240.sslip.io:80"
time="2024-05-28T17:03:59.87889929-06:00" level=debug msg="Invoked gptj-python-2c55vftu55ufythcq39x.default.192.168.1.240.sslip.io in 10887 usec\n"
time="2024-05-28T17:04:07.372023603-06:00" level=debug msg="Invoking: gptj-python-2c55vftu55ufythcq39x.default.192.168.1.240.sslip.io:80"
time="2024-05-28T17:04:07.381930145-06:00" level=debug msg="Invoked gptj-python-2c55vftu55ufythcq39x.default.192.168.1.240.sslip.io in 9918 usec\n"
time="2024-05-28T17:04:14.844008817-06:00" level=debug msg="Minute: 4"
time="2024-05-28T17:04:14.844108912-06:00" level=debug msg="Number of Invocations this iteration: 8"
time="2024-05-28T17:04:14.844200088-06:00" level=debug msg="Invoking: rnn-serving-python-10-10-vcx3zszg4b7xa6ihdiq8.default.192.168.1.240.sslip.io:80"
time="2024-05-28T17:04:22.348134762-06:00" level=debug msg="Invoking: gptj-python-2c55vftu55ufythcq39x.default.192.168.1.240.sslip.io:80"
time="2024-05-28T17:04:22.35913924-06:00" level=debug msg="Invoked gptj-python-2c55vftu55ufythcq39x.default.192.168.1.240.sslip.io in 11016 usec\n"
time="2024-05-28T17:04:23.289914161-06:00" level=debug msg="Invoked rnn-serving-python-10-10-vcx3zszg4b7xa6ihdiq8.default.192.168.1.240.sslip.io in 8445712 usec\n"
time="2024-05-28T17:04:29.853962066-06:00" level=debug msg="Invoking: gptj-python-2c55vftu55ufythcq39x.default.192.168.1.240.sslip.io:80"
time="2024-05-28T17:04:29.864594973-06:00" level=debug msg="Invoked gptj-python-2c55vftu55ufythcq39x.default.192.168.1.240.sslip.io in 10642 usec\n"
time="2024-05-28T17:04:37.360019289-06:00" level=debug msg="Invoking: gptj-python-2c55vftu55ufythcq39x.default.192.168.1.240.sslip.io:80"
time="2024-05-28T17:04:37.371344149-06:00" level=debug msg="Invoked gptj-python-2c55vftu55ufythcq39x.default.192.168.1.240.sslip.io in 11342 usec\n"
time="2024-05-28T17:04:44.864000646-06:00" level=debug msg="Invoking: cartservice-4qjzojgwccjr7i74pnwh.default.192.168.1.240.sslip.io:80"
time="2024-05-28T17:04:51.005090303-06:00" level=debug msg="Invoked cartservice-4qjzojgwccjr7i74pnwh.default.192.168.1.240.sslip.io in 6141101 usec\n"
time="2024-05-28T17:04:52.365263464-06:00" level=debug msg="Invoking: gptj-python-2c55vftu55ufythcq39x.default.192.168.1.240.sslip.io:80"
time="2024-05-28T17:04:52.376482655-06:00" level=debug msg="Invoked gptj-python-2c55vftu55ufythcq39x.default.192.168.1.240.sslip.io in 11226 usec\n"
time="2024-05-28T17:04:59.872060143-06:00" level=debug msg="Invoking: gptj-python-2c55vftu55ufythcq39x.default.192.168.1.240.sslip.io:80"
time="2024-05-28T17:04:59.883806667-06:00" level=debug msg="Invoked gptj-python-2c55vftu55ufythcq39x.default.192.168.1.240.sslip.io in 11758 usec\n"
time="2024-05-28T17:05:07.376038675-06:00" level=debug msg="Invoking: gptj-python-2c55vftu55ufythcq39x.default.192.168.1.240.sslip.io:80"
time="2024-05-28T17:05:07.385416798-06:00" level=debug msg="Invoked gptj-python-2c55vftu55ufythcq39x.default.192.168.1.240.sslip.io in 9414 usec\n"
time="2024-05-28T17:05:14.844341408-06:00" level=debug msg="Minute: 5"
time="2024-05-28T17:05:14.844459108-06:00" level=debug msg="Number of Invocations this iteration: 8"
time="2024-05-28T17:05:14.844551527-06:00" level=debug msg="Invoking: cartservice-4qjzojgwccjr7i74pnwh.default.192.168.1.240.sslip.io:80"
time="2024-05-28T17:05:14.869927046-06:00" level=debug msg="Invoked cartservice-4qjzojgwccjr7i74pnwh.default.192.168.1.240.sslip.io in 25372 usec\n"
time="2024-05-28T17:05:22.347844038-06:00" level=debug msg="Invoking: gptj-python-2c55vftu55ufythcq39x.default.192.168.1.240.sslip.io:80"
time="2024-05-28T17:05:22.361608165-06:00" level=debug msg="Invoked gptj-python-2c55vftu55ufythcq39x.default.192.168.1.240.sslip.io in 13773 usec\n"
time="2024-05-28T17:05:29.852067257-06:00" level=debug msg="Invoking: gptj-python-2c55vftu55ufythcq39x.default.192.168.1.240.sslip.io:80"
time="2024-05-28T17:05:29.862603269-06:00" level=debug msg="Invoked gptj-python-2c55vftu55ufythcq39x.default.192.168.1.240.sslip.io in 10549 usec\n"
time="2024-05-28T17:05:37.356052347-06:00" level=debug msg="Invoking: gptj-python-2c55vftu55ufythcq39x.default.192.168.1.240.sslip.io:80"
time="2024-05-28T17:05:37.366501995-06:00" level=debug msg="Invoked gptj-python-2c55vftu55ufythcq39x.default.192.168.1.240.sslip.io in 10455 usec\n"
time="2024-05-28T17:05:44.860034908-06:00" level=debug msg="Invoking: cartservice-4qjzojgwccjr7i74pnwh.default.192.168.1.240.sslip.io:80"
time="2024-05-28T17:05:44.87352204-06:00" level=debug msg="Invoked cartservice-4qjzojgwccjr7i74pnwh.default.192.168.1.240.sslip.io in 13501 usec\n"
time="2024-05-28T17:05:52.364054732-06:00" level=debug msg="Invoking: gptj-python-2c55vftu55ufythcq39x.default.192.168.1.240.sslip.io:80"
time="2024-05-28T17:05:52.373605058-06:00" level=debug msg="Invoked gptj-python-2c55vftu55ufythcq39x.default.192.168.1.240.sslip.io in 9562 usec\n"
time="2024-05-28T17:05:59.868135815-06:00" level=debug msg="Invoking: gptj-python-2c55vftu55ufythcq39x.default.192.168.1.240.sslip.io:80"
time="2024-05-28T17:05:59.879272068-06:00" level=debug msg="Invoked gptj-python-2c55vftu55ufythcq39x.default.192.168.1.240.sslip.io in 11150 usec\n"
time="2024-05-28T17:06:07.373417104-06:00" level=debug msg="Invoking: gptj-python-2c55vftu55ufythcq39x.default.192.168.1.240.sslip.io:80"
time="2024-05-28T17:06:07.38395465-06:00" level=debug msg="Invoked gptj-python-2c55vftu55ufythcq39x.default.192.168.1.240.sslip.io in 10546 usec\n"
time="2024-05-28T17:06:14.844054121-06:00" level=debug msg="Minute: 6"
time="2024-05-28T17:06:14.84414915-06:00" level=debug msg="Number of Invocations this iteration: 8"
time="2024-05-28T17:06:14.844241881-06:00" level=debug msg="Invoking: image-rotate-go-6-ebqwerxvwz2gh460hyyp.default.192.168.1.240.sslip.io:80"
time="2024-05-28T17:06:22.06126188-06:00" level=debug msg="Invoked image-rotate-go-6-ebqwerxvwz2gh460hyyp.default.192.168.1.240.sslip.io in 7217019 usec\n"
time="2024-05-28T17:06:22.34446842-06:00" level=debug msg="Invoking: gptj-python-2c55vftu55ufythcq39x.default.192.168.1.240.sslip.io:80"
time="2024-05-28T17:06:22.35537539-06:00" level=debug msg="Invoked gptj-python-2c55vftu55ufythcq39x.default.192.168.1.240.sslip.io in 10915 usec\n"
time="2024-05-28T17:06:29.84801603-06:00" level=debug msg="Invoking: gptj-python-2c55vftu55ufythcq39x.default.192.168.1.240.sslip.io:80"
time="2024-05-28T17:06:29.860957373-06:00" level=debug msg="Invoked gptj-python-2c55vftu55ufythcq39x.default.192.168.1.240.sslip.io in 12954 usec\n"
time="2024-05-28T17:06:37.352026002-06:00" level=debug msg="Invoking: gptj-python-2c55vftu55ufythcq39x.default.192.168.1.240.sslip.io:80"
time="2024-05-28T17:06:37.362662271-06:00" level=debug msg="Invoked gptj-python-2c55vftu55ufythcq39x.default.192.168.1.240.sslip.io in 10646 usec\n"
time="2024-05-28T17:06:44.85611031-06:00" level=debug msg="Invoking: cartservice-4qjzojgwccjr7i74pnwh.default.192.168.1.240.sslip.io:80"
time="2024-05-28T17:06:50.854993185-06:00" level=debug msg="Invoked cartservice-4qjzojgwccjr7i74pnwh.default.192.168.1.240.sslip.io in 5998898 usec\n"
time="2024-05-28T17:06:52.357290231-06:00" level=debug msg="Invoking: gptj-python-2c55vftu55ufythcq39x.default.192.168.1.240.sslip.io:80"
time="2024-05-28T17:06:52.368336176-06:00" level=debug msg="Invoked gptj-python-2c55vftu55ufythcq39x.default.192.168.1.240.sslip.io in 11058 usec\n"
time="2024-05-28T17:06:59.864072259-06:00" level=debug msg="Invoking: gptj-python-2c55vftu55ufythcq39x.default.192.168.1.240.sslip.io:80"
time="2024-05-28T17:06:59.875561119-06:00" level=debug msg="Invoked gptj-python-2c55vftu55ufythcq39x.default.192.168.1.240.sslip.io in 11501 usec\n"
time="2024-05-28T17:07:07.368087508-06:00" level=debug msg="Invoking: gptj-python-2c55vftu55ufythcq39x.default.192.168.1.240.sslip.io:80"
time="2024-05-28T17:07:07.378014617-06:00" level=debug msg="Invoked gptj-python-2c55vftu55ufythcq39x.default.192.168.1.240.sslip.io in 9958 usec\n"
time="2024-05-28T17:07:14.844041971-06:00" level=debug msg="Minute: 7"
time="2024-05-28T17:07:14.844131192-06:00" level=debug msg="Number of Invocations this iteration: 8"
time="2024-05-28T17:07:14.844217514-06:00" level=debug msg="Invoking: cartservice-4qjzojgwccjr7i74pnwh.default.192.168.1.240.sslip.io:80"
time="2024-05-28T17:07:14.871850484-06:00" level=debug msg="Invoked cartservice-4qjzojgwccjr7i74pnwh.default.192.168.1.240.sslip.io in 27630 usec\n"
time="2024-05-28T17:07:22.348892346-06:00" level=debug msg="Invoking: gptj-python-2c55vftu55ufythcq39x.default.192.168.1.240.sslip.io:80"
time="2024-05-28T17:07:22.364527469-06:00" level=debug msg="Invoked gptj-python-2c55vftu55ufythcq39x.default.192.168.1.240.sslip.io in 15634 usec\n"
time="2024-05-28T17:07:29.852105714-06:00" level=debug msg="Invoking: gptj-python-2c55vftu55ufythcq39x.default.192.168.1.240.sslip.io:80"
time="2024-05-28T17:07:29.862633923-06:00" level=debug msg="Invoked gptj-python-2c55vftu55ufythcq39x.default.192.168.1.240.sslip.io in 10562 usec\n"
time="2024-05-28T17:07:37.356029328-06:00" level=debug msg="Invoking: gptj-python-2c55vftu55ufythcq39x.default.192.168.1.240.sslip.io:80"
time="2024-05-28T17:07:37.372430974-06:00" level=debug msg="Invoked gptj-python-2c55vftu55ufythcq39x.default.192.168.1.240.sslip.io in 16416 usec\n"
time="2024-05-28T17:07:44.860019381-06:00" level=debug msg="Invoking: cartservice-4qjzojgwccjr7i74pnwh.default.192.168.1.240.sslip.io:80"
time="2024-05-28T17:07:44.874265239-06:00" level=debug msg="Invoked cartservice-4qjzojgwccjr7i74pnwh.default.192.168.1.240.sslip.io in 14255 usec\n"
time="2024-05-28T17:07:52.365059182-06:00" level=debug msg="Invoking: gptj-python-2c55vftu55ufythcq39x.default.192.168.1.240.sslip.io:80"
time="2024-05-28T17:07:52.37537964-06:00" level=debug msg="Invoked gptj-python-2c55vftu55ufythcq39x.default.192.168.1.240.sslip.io in 10332 usec\n"
time="2024-05-28T17:07:59.868098218-06:00" level=debug msg="Invoking: gptj-python-2c55vftu55ufythcq39x.default.192.168.1.240.sslip.io:80"
time="2024-05-28T17:07:59.87893567-06:00" level=debug msg="Invoked gptj-python-2c55vftu55ufythcq39x.default.192.168.1.240.sslip.io in 10873 usec\n"
time="2024-05-28T17:08:07.372023837-06:00" level=debug msg="Invoking: gptj-python-2c55vftu55ufythcq39x.default.192.168.1.240.sslip.io:80"
time="2024-05-28T17:08:07.381726854-06:00" level=debug msg="Invoked gptj-python-2c55vftu55ufythcq39x.default.192.168.1.240.sslip.io in 9731 usec\n"
time="2024-05-28T17:08:14.844051094-06:00" level=debug msg="Minute: 8"
time="2024-05-28T17:08:14.844231529-06:00" level=debug msg="Number of Invocations this iteration: 8"
time="2024-05-28T17:08:14.844316326-06:00" level=debug msg="Invoking: cartservice-4qjzojgwccjr7i74pnwh.default.192.168.1.240.sslip.io:80"
time="2024-05-28T17:08:14.85724289-06:00" level=debug msg="Invoked cartservice-4qjzojgwccjr7i74pnwh.default.192.168.1.240.sslip.io in 12926 usec\n"
time="2024-05-28T17:08:22.348156817-06:00" level=debug msg="Invoking: gptj-python-2c55vftu55ufythcq39x.default.192.168.1.240.sslip.io:80"
time="2024-05-28T17:08:22.358803188-06:00" level=debug msg="Invoked gptj-python-2c55vftu55ufythcq39x.default.192.168.1.240.sslip.io in 10684 usec\n"
time="2024-05-28T17:08:29.853409782-06:00" level=debug msg="Invoking: gptj-python-2c55vftu55ufythcq39x.default.192.168.1.240.sslip.io:80"
time="2024-05-28T17:08:29.863978088-06:00" level=debug msg="Invoked gptj-python-2c55vftu55ufythcq39x.default.192.168.1.240.sslip.io in 10580 usec\n"
time="2024-05-28T17:08:37.360004836-06:00" level=debug msg="Invoking: gptj-python-2c55vftu55ufythcq39x.default.192.168.1.240.sslip.io:80"
time="2024-05-28T17:08:37.370355377-06:00" level=debug msg="Invoked gptj-python-2c55vftu55ufythcq39x.default.192.168.1.240.sslip.io in 10362 usec\n"
time="2024-05-28T17:08:44.864078617-06:00" level=debug msg="Invoking: cartservice-4qjzojgwccjr7i74pnwh.default.192.168.1.240.sslip.io:80"
time="2024-05-28T17:08:44.876781739-06:00" level=debug msg="Invoked cartservice-4qjzojgwccjr7i74pnwh.default.192.168.1.240.sslip.io in 12715 usec\n"
time="2024-05-28T17:08:52.368005472-06:00" level=debug msg="Invoking: gptj-python-2c55vftu55ufythcq39x.default.192.168.1.240.sslip.io:80"
time="2024-05-28T17:08:52.378718366-06:00" level=debug msg="Invoked gptj-python-2c55vftu55ufythcq39x.default.192.168.1.240.sslip.io in 10726 usec\n"
time="2024-05-28T17:08:59.875044444-06:00" level=debug msg="Invoking: gptj-python-2c55vftu55ufythcq39x.default.192.168.1.240.sslip.io:80"
time="2024-05-28T17:08:59.886083596-06:00" level=debug msg="Invoked gptj-python-2c55vftu55ufythcq39x.default.192.168.1.240.sslip.io in 11052 usec\n"
time="2024-05-28T17:09:07.382423484-06:00" level=debug msg="Invoking: gptj-python-2c55vftu55ufythcq39x.default.192.168.1.240.sslip.io:80"
time="2024-05-28T17:09:07.393701958-06:00" level=debug msg="Invoked gptj-python-2c55vftu55ufythcq39x.default.192.168.1.240.sslip.io in 11320 usec\n"
time="2024-05-28T17:09:14.844065272-06:00" level=debug msg="Minute: 9"
time="2024-05-28T17:09:14.844165324-06:00" level=debug msg="Number of Invocations this iteration: 8"
time="2024-05-28T17:09:14.844263542-06:00" level=debug msg="Invoking: cartservice-4qjzojgwccjr7i74pnwh.default.192.168.1.240.sslip.io:80"
time="2024-05-28T17:09:14.857015778-06:00" level=debug msg="Invoked cartservice-4qjzojgwccjr7i74pnwh.default.192.168.1.240.sslip.io in 12750 usec\n"
time="2024-05-28T17:09:22.348058321-06:00" level=debug msg="Invoking: gptj-python-2c55vftu55ufythcq39x.default.192.168.1.240.sslip.io:80"
time="2024-05-28T17:09:22.359222529-06:00" level=debug msg="Invoked gptj-python-2c55vftu55ufythcq39x.default.192.168.1.240.sslip.io in 11168 usec\n"
time="2024-05-28T17:09:29.854419662-06:00" level=debug msg="Invoking: gptj-python-2c55vftu55ufythcq39x.default.192.168.1.240.sslip.io:80"
time="2024-05-28T17:09:29.865120446-06:00" level=debug msg="Invoked gptj-python-2c55vftu55ufythcq39x.default.192.168.1.240.sslip.io in 10768 usec\n"
time="2024-05-28T17:09:37.360006432-06:00" level=debug msg="Invoking: gptj-python-2c55vftu55ufythcq39x.default.192.168.1.240.sslip.io:80"
time="2024-05-28T17:09:37.370445401-06:00" level=debug msg="Invoked gptj-python-2c55vftu55ufythcq39x.default.192.168.1.240.sslip.io in 10449 usec\n"
time="2024-05-28T17:09:44.865633888-06:00" level=debug msg="Invoking: cartservice-4qjzojgwccjr7i74pnwh.default.192.168.1.240.sslip.io:80"
time="2024-05-28T17:09:44.877890454-06:00" level=debug msg="Invoked cartservice-4qjzojgwccjr7i74pnwh.default.192.168.1.240.sslip.io in 12262 usec\n"
time="2024-05-28T17:09:52.372411107-06:00" level=debug msg="Invoking: gptj-python-2c55vftu55ufythcq39x.default.192.168.1.240.sslip.io:80"
time="2024-05-28T17:09:52.382827611-06:00" level=debug msg="Invoked gptj-python-2c55vftu55ufythcq39x.default.192.168.1.240.sslip.io in 10426 usec\n"
time="2024-05-28T17:09:59.879141675-06:00" level=debug msg="Invoking: gptj-python-2c55vftu55ufythcq39x.default.192.168.1.240.sslip.io:80"
time="2024-05-28T17:09:59.889851506-06:00" level=debug msg="Invoked gptj-python-2c55vftu55ufythcq39x.default.192.168.1.240.sslip.io in 10716 usec\n"
time="2024-05-28T17:10:07.384080076-06:00" level=debug msg="Invoking: gptj-python-2c55vftu55ufythcq39x.default.192.168.1.240.sslip.io:80"
time="2024-05-28T17:10:07.39466619-06:00" level=debug msg="Invoked gptj-python-2c55vftu55ufythcq39x.default.192.168.1.240.sslip.io in 10594 usec\n"
time="2024-05-28T17:10:14.844060413-06:00" level=debug msg="Minute: 10"
time="2024-05-28T17:10:14.844207342-06:00" level=debug msg="Number of Invocations this iteration: 8"
time="2024-05-28T17:10:14.844297229-06:00" level=debug msg="Invoking: rnn-serving-python-10-10-vcx3zszg4b7xa6ihdiq8.default.192.168.1.240.sslip.io:80"
time="2024-05-28T17:10:21.907781849-06:00" level=debug msg="Invoked rnn-serving-python-10-10-vcx3zszg4b7xa6ihdiq8.default.192.168.1.240.sslip.io in 7063483 usec\n"
time="2024-05-28T17:10:22.345150914-06:00" level=debug msg="Invoking: gptj-python-2c55vftu55ufythcq39x.default.192.168.1.240.sslip.io:80"
time="2024-05-28T17:10:22.356171981-06:00" level=debug msg="Invoked gptj-python-2c55vftu55ufythcq39x.default.192.168.1.240.sslip.io in 11031 usec\n"
time="2024-05-28T17:10:29.852489195-06:00" level=debug msg="Invoking: gptj-python-2c55vftu55ufythcq39x.default.192.168.1.240.sslip.io:80"
time="2024-05-28T17:10:29.863371673-06:00" level=debug msg="Invoked gptj-python-2c55vftu55ufythcq39x.default.192.168.1.240.sslip.io in 10892 usec\n"
time="2024-05-28T17:10:37.356054974-06:00" level=debug msg="Invoking: gptj-python-2c55vftu55ufythcq39x.default.192.168.1.240.sslip.io:80"
time="2024-05-28T17:10:37.367266496-06:00" level=debug msg="Invoked gptj-python-2c55vftu55ufythcq39x.default.192.168.1.240.sslip.io in 11221 usec\n"
time="2024-05-28T17:10:44.860127504-06:00" level=debug msg="Invoking: cartservice-4qjzojgwccjr7i74pnwh.default.192.168.1.240.sslip.io:80"
time="2024-05-28T17:10:52.364035624-06:00" level=debug msg="Invoking: gptj-python-2c55vftu55ufythcq39x.default.192.168.1.240.sslip.io:80"
time="2024-05-28T17:10:52.375373788-06:00" level=debug msg="Invoked gptj-python-2c55vftu55ufythcq39x.default.192.168.1.240.sslip.io in 11357 usec\n"
time="2024-05-28T17:10:55.643883331-06:00" level=debug msg="Invoked cartservice-4qjzojgwccjr7i74pnwh.default.192.168.1.240.sslip.io in 10783769 usec\n"
time="2024-05-28T17:10:59.865085975-06:00" level=debug msg="Invoking: gptj-python-2c55vftu55ufythcq39x.default.192.168.1.240.sslip.io:80"
time="2024-05-28T17:10:59.875257826-06:00" level=debug msg="Invoked gptj-python-2c55vftu55ufythcq39x.default.192.168.1.240.sslip.io in 10184 usec\n"
time="2024-05-28T17:11:07.371998198-06:00" level=debug msg="Invoking: gptj-python-2c55vftu55ufythcq39x.default.192.168.1.240.sslip.io:80"
time="2024-05-28T17:11:07.382727645-06:00" level=debug msg="Invoked gptj-python-2c55vftu55ufythcq39x.default.192.168.1.240.sslip.io in 10739 usec\n"
time="2024-05-28T17:11:14.844075699-06:00" level=debug msg="Minute: 11"
time="2024-05-28T17:11:14.84417632-06:00" level=debug msg="Number of Invocations this iteration: 8"
time="2024-05-28T17:11:14.844303477-06:00" level=debug msg="Invoking: image-rotate-go-6-ebqwerxvwz2gh460hyyp.default.192.168.1.240.sslip.io:80"
time="2024-05-28T17:11:22.348077041-06:00" level=debug msg="Invoking: gptj-python-2c55vftu55ufythcq39x.default.192.168.1.240.sslip.io:80"
time="2024-05-28T17:11:22.359237538-06:00" level=debug msg="Invoked gptj-python-2c55vftu55ufythcq39x.default.192.168.1.240.sslip.io in 11174 usec\n"
time="2024-05-28T17:11:27.040657885-06:00" level=debug msg="Invoked image-rotate-go-6-ebqwerxvwz2gh460hyyp.default.192.168.1.240.sslip.io in 12196331 usec\n"
time="2024-05-28T17:11:29.850265658-06:00" level=debug msg="Invoking: gptj-python-2c55vftu55ufythcq39x.default.192.168.1.240.sslip.io:80"
time="2024-05-28T17:11:29.862314716-06:00" level=debug msg="Invoked gptj-python-2c55vftu55ufythcq39x.default.192.168.1.240.sslip.io in 12078 usec\n"
time="2024-05-28T17:11:37.356076036-06:00" level=debug msg="Invoking: gptj-python-2c55vftu55ufythcq39x.default.192.168.1.240.sslip.io:80"
time="2024-05-28T17:11:37.368808438-06:00" level=debug msg="Invoked gptj-python-2c55vftu55ufythcq39x.default.192.168.1.240.sslip.io in 12733 usec\n"
time="2024-05-28T17:11:44.863082745-06:00" level=debug msg="Invoking: cartservice-4qjzojgwccjr7i74pnwh.default.192.168.1.240.sslip.io:80"
time="2024-05-28T17:11:44.891750413-06:00" level=debug msg="Invoked cartservice-4qjzojgwccjr7i74pnwh.default.192.168.1.240.sslip.io in 28673 usec\n"
time="2024-05-28T17:11:52.368067015-06:00" level=debug msg="Invoking: gptj-python-2c55vftu55ufythcq39x.default.192.168.1.240.sslip.io:80"
time="2024-05-28T17:11:52.378824021-06:00" level=debug msg="Invoked gptj-python-2c55vftu55ufythcq39x.default.192.168.1.240.sslip.io in 10765 usec\n"
time="2024-05-28T17:11:59.873829074-06:00" level=debug msg="Invoking: gptj-python-2c55vftu55ufythcq39x.default.192.168.1.240.sslip.io:80"
time="2024-05-28T17:11:59.884532789-06:00" level=debug msg="Invoked gptj-python-2c55vftu55ufythcq39x.default.192.168.1.240.sslip.io in 10713 usec\n"
time="2024-05-28T17:12:07.380173481-06:00" level=debug msg="Invoking: gptj-python-2c55vftu55ufythcq39x.default.192.168.1.240.sslip.io:80"
time="2024-05-28T17:12:07.391330209-06:00" level=debug msg="Invoked gptj-python-2c55vftu55ufythcq39x.default.192.168.1.240.sslip.io in 11166 usec\n"
time="2024-05-28T17:12:14.84400285-06:00" level=debug msg="Minute: 12"
time="2024-05-28T17:12:14.844132181-06:00" level=debug msg="Number of Invocations this iteration: 8"
time="2024-05-28T17:12:14.844216303-06:00" level=debug msg="Invoking: cartservice-4qjzojgwccjr7i74pnwh.default.192.168.1.240.sslip.io:80"
time="2024-05-28T17:12:14.855250359-06:00" level=debug msg="Invoked cartservice-4qjzojgwccjr7i74pnwh.default.192.168.1.240.sslip.io in 11028 usec\n"
time="2024-05-28T17:12:22.348025064-06:00" level=debug msg="Invoking: gptj-python-2c55vftu55ufythcq39x.default.192.168.1.240.sslip.io:80"
time="2024-05-28T17:12:22.358062664-06:00" level=debug msg="Invoked gptj-python-2c55vftu55ufythcq39x.default.192.168.1.240.sslip.io in 10049 usec\n"
time="2024-05-28T17:12:29.85544077-06:00" level=debug msg="Invoking: gptj-python-2c55vftu55ufythcq39x.default.192.168.1.240.sslip.io:80"
time="2024-05-28T17:12:29.866231493-06:00" level=debug msg="Invoked gptj-python-2c55vftu55ufythcq39x.default.192.168.1.240.sslip.io in 10795 usec\n"
time="2024-05-28T17:12:37.360739024-06:00" level=debug msg="Invoking: gptj-python-2c55vftu55ufythcq39x.default.192.168.1.240.sslip.io:80"
time="2024-05-28T17:12:37.371522679-06:00" level=debug msg="Invoked gptj-python-2c55vftu55ufythcq39x.default.192.168.1.240.sslip.io in 10793 usec\n"
time="2024-05-28T17:12:44.864038338-06:00" level=debug msg="Invoking: cartservice-4qjzojgwccjr7i74pnwh.default.192.168.1.240.sslip.io:80"
time="2024-05-28T17:12:44.878065664-06:00" level=debug msg="Invoked cartservice-4qjzojgwccjr7i74pnwh.default.192.168.1.240.sslip.io in 14061 usec\n"
time="2024-05-28T17:12:52.368070639-06:00" level=debug msg="Invoking: gptj-python-2c55vftu55ufythcq39x.default.192.168.1.240.sslip.io:80"
time="2024-05-28T17:12:52.378795259-06:00" level=debug msg="Invoked gptj-python-2c55vftu55ufythcq39x.default.192.168.1.240.sslip.io in 10733 usec\n"
time="2024-05-28T17:12:59.873521325-06:00" level=debug msg="Invoking: gptj-python-2c55vftu55ufythcq39x.default.192.168.1.240.sslip.io:80"
time="2024-05-28T17:12:59.884009709-06:00" level=debug msg="Invoked gptj-python-2c55vftu55ufythcq39x.default.192.168.1.240.sslip.io in 10496 usec\n"
time="2024-05-28T17:13:07.380011437-06:00" level=debug msg="Invoking: gptj-python-2c55vftu55ufythcq39x.default.192.168.1.240.sslip.io:80"
time="2024-05-28T17:13:07.389502055-06:00" level=debug msg="Invoked gptj-python-2c55vftu55ufythcq39x.default.192.168.1.240.sslip.io in 9500 usec\n"
time="2024-05-28T17:13:14.844050202-06:00" level=debug msg="Minute: 13"
time="2024-05-28T17:13:14.844152627-06:00" level=debug msg="Number of Invocations this iteration: 8"
time="2024-05-28T17:13:14.844247202-06:00" level=debug msg="Invoking: cartservice-4qjzojgwccjr7i74pnwh.default.192.168.1.240.sslip.io:80"
time="2024-05-28T17:13:14.856284716-06:00" level=debug msg="Invoked cartservice-4qjzojgwccjr7i74pnwh.default.192.168.1.240.sslip.io in 12036 usec\n"
time="2024-05-28T17:13:22.351112224-06:00" level=debug msg="Invoking: gptj-python-2c55vftu55ufythcq39x.default.192.168.1.240.sslip.io:80"
time="2024-05-28T17:13:22.361505842-06:00" level=debug msg="Invoked gptj-python-2c55vftu55ufythcq39x.default.192.168.1.240.sslip.io in 10402 usec\n"
time="2024-05-28T17:13:29.851317293-06:00" level=debug msg="Invoking: gptj-python-2c55vftu55ufythcq39x.default.192.168.1.240.sslip.io:80"
time="2024-05-28T17:13:29.865067708-06:00" level=debug msg="Invoked gptj-python-2c55vftu55ufythcq39x.default.192.168.1.240.sslip.io in 13756 usec\n"
time="2024-05-28T17:13:37.357988803-06:00" level=debug msg="Invoking: gptj-python-2c55vftu55ufythcq39x.default.192.168.1.240.sslip.io:80"
time="2024-05-28T17:13:37.368531958-06:00" level=debug msg="Invoked gptj-python-2c55vftu55ufythcq39x.default.192.168.1.240.sslip.io in 10553 usec\n"
time="2024-05-28T17:13:44.864343845-06:00" level=debug msg="Invoking: cartservice-4qjzojgwccjr7i74pnwh.default.192.168.1.240.sslip.io:80"
time="2024-05-28T17:13:44.877701935-06:00" level=debug msg="Invoked cartservice-4qjzojgwccjr7i74pnwh.default.192.168.1.240.sslip.io in 13370 usec\n"
time="2024-05-28T17:13:52.369162046-06:00" level=debug msg="Invoking: gptj-python-2c55vftu55ufythcq39x.default.192.168.1.240.sslip.io:80"
time="2024-05-28T17:13:52.380999449-06:00" level=debug msg="Invoked gptj-python-2c55vftu55ufythcq39x.default.192.168.1.240.sslip.io in 11850 usec\n"
time="2024-05-28T17:13:59.876316593-06:00" level=debug msg="Invoking: gptj-python-2c55vftu55ufythcq39x.default.192.168.1.240.sslip.io:80"
time="2024-05-28T17:13:59.886848289-06:00" level=debug msg="Invoked gptj-python-2c55vftu55ufythcq39x.default.192.168.1.240.sslip.io in 10542 usec\n"
time="2024-05-28T17:14:07.380046491-06:00" level=debug msg="Invoking: gptj-python-2c55vftu55ufythcq39x.default.192.168.1.240.sslip.io:80"
time="2024-05-28T17:14:07.389885901-06:00" level=debug msg="Invoked gptj-python-2c55vftu55ufythcq39x.default.192.168.1.240.sslip.io in 9850 usec\n"
time="2024-05-28T17:14:14.840048645-06:00" level=info msg="Experiment Phase Completed"
time="2024-05-28T17:14:14.840210234-06:00" level=info msg="Issued / completed requests: 112, 112"
time="2024-05-28T17:14:14.840248359-06:00" level=info msg="Average Real RPS: 0.13 "
time="2024-05-28T17:14:14.84027411-06:00" level=info msg="Experiment finished!"
time="2024-05-28T17:14:14.84030131-06:00" level=info msg="The measured latencies are saved in rps_lat.csv"
