time="2024-05-30T01:43:16.509989115-06:00" level=debug msg="Debug logging is enabled"
time="2024-05-30T01:43:16.510158861-06:00" level=info msg="Reading the trace endpoints from the file: /users/ArunAMS/vSwarm/tools/load-generator/load.json"
time="2024-05-30T01:43:16.511418227-06:00" level=info msg="Warmup Duration: 3"
time="2024-05-30T01:43:16.511441031-06:00" level=info msg="Experiment Duration: 11"
time="2024-05-30T01:43:16.511459087-06:00" level=info msg="Minute Granularity: true"
time="2024-05-30T01:44:16.569316054-06:00" level=info msg="Running Warmup Phase"
time="2024-05-30T01:44:16.569386865-06:00" level=debug msg="Minute: 0"
time="2024-05-30T01:44:16.569463193-06:00" level=debug msg="Number of Invocations this iteration: 8"
time="2024-05-30T01:44:16.569573122-06:00" level=debug msg="Invoking: cartservice-x4nbmikn7nqh44isrp27.default.192.168.1.240.sslip.io:80"
time="2024-05-30T01:44:24.070507896-06:00" level=debug msg="Invoking: gptj-python-rae3dupxiyqgd33gj444.default.192.168.1.240.sslip.io:80"
time="2024-05-30T01:44:31.571337438-06:00" level=debug msg="Invoking: gptj-python-rae3dupxiyqgd33gj444.default.192.168.1.240.sslip.io:80"
time="2024-05-30T01:44:39.077393516-06:00" level=debug msg="Invoking: gptj-python-rae3dupxiyqgd33gj444.default.192.168.1.240.sslip.io:80"
time="2024-05-30T01:44:46.582811806-06:00" level=debug msg="Invoking: cartservice-x4nbmikn7nqh44isrp27.default.192.168.1.240.sslip.io:80"
time="2024-05-30T01:44:54.089639687-06:00" level=debug msg="Invoking: gptj-python-rae3dupxiyqgd33gj444.default.192.168.1.240.sslip.io:80"
time="2024-05-30T01:45:01.593401904-06:00" level=debug msg="Invoking: gptj-python-rae3dupxiyqgd33gj444.default.192.168.1.240.sslip.io:80"
time="2024-05-30T01:45:09.097328863-06:00" level=debug msg="Invoking: gptj-python-rae3dupxiyqgd33gj444.default.192.168.1.240.sslip.io:80"
time="2024-05-30T01:45:16.517399418-06:00" level=debug msg="Minute: 1"
time="2024-05-30T01:45:16.517505734-06:00" level=debug msg="Number of Invocations this iteration: 8"
time="2024-05-30T01:45:16.517604309-06:00" level=debug msg="Invoking: image-rotate-go-6-22qqcnsgzvavdryj0x3x.default.192.168.1.240.sslip.io:80"
time="2024-05-30T01:45:24.01804236-06:00" level=debug msg="Invoking: gptj-python-rae3dupxiyqgd33gj444.default.192.168.1.240.sslip.io:80"
time="2024-05-30T01:45:31.524386552-06:00" level=debug msg="Invoking: gptj-python-rae3dupxiyqgd33gj444.default.192.168.1.240.sslip.io:80"
time="2024-05-30T01:45:39.031491632-06:00" level=debug msg="Invoking: gptj-python-rae3dupxiyqgd33gj444.default.192.168.1.240.sslip.io:80"
time="2024-05-30T01:45:46.537567292-06:00" level=debug msg="Invoking: cartservice-x4nbmikn7nqh44isrp27.default.192.168.1.240.sslip.io:80"
time="2024-05-30T01:45:54.044331285-06:00" level=debug msg="Invoking: gptj-python-rae3dupxiyqgd33gj444.default.192.168.1.240.sslip.io:80"
time="2024-05-30T01:46:01.549351456-06:00" level=debug msg="Invoking: gptj-python-rae3dupxiyqgd33gj444.default.192.168.1.240.sslip.io:80"
time="2024-05-30T01:46:09.056862443-06:00" level=debug msg="Invoking: gptj-python-rae3dupxiyqgd33gj444.default.192.168.1.240.sslip.io:80"
time="2024-05-30T01:46:16.517329427-06:00" level=debug msg="Minute: 2"
time="2024-05-30T01:46:16.517426609-06:00" level=debug msg="Number of Invocations this iteration: 8"
time="2024-05-30T01:46:16.517513193-06:00" level=debug msg="Invoking: cartservice-x4nbmikn7nqh44isrp27.default.192.168.1.240.sslip.io:80"
time="2024-05-30T01:46:24.024254247-06:00" level=debug msg="Invoking: gptj-python-rae3dupxiyqgd33gj444.default.192.168.1.240.sslip.io:80"
time="2024-05-30T01:46:31.529400358-06:00" level=debug msg="Invoking: gptj-python-rae3dupxiyqgd33gj444.default.192.168.1.240.sslip.io:80"
time="2024-05-30T01:46:39.033413759-06:00" level=debug msg="Invoking: gptj-python-rae3dupxiyqgd33gj444.default.192.168.1.240.sslip.io:80"
time="2024-05-30T01:46:46.537387922-06:00" level=debug msg="Invoking: cartservice-x4nbmikn7nqh44isrp27.default.192.168.1.240.sslip.io:80"
time="2024-05-30T01:46:54.041356025-06:00" level=debug msg="Invoking: gptj-python-rae3dupxiyqgd33gj444.default.192.168.1.240.sslip.io:80"
time="2024-05-30T01:47:01.545365243-06:00" level=debug msg="Invoking: gptj-python-rae3dupxiyqgd33gj444.default.192.168.1.240.sslip.io:80"
time="2024-05-30T01:47:09.050382525-06:00" level=debug msg="Invoking: gptj-python-rae3dupxiyqgd33gj444.default.192.168.1.240.sslip.io:80"
time="2024-05-30T01:47:16.517335335-06:00" level=info msg="Warmup Phase Completed"
time="2024-05-30T01:47:16.517398084-06:00" level=info msg="Running Experiment Phase"
time="2024-05-30T01:47:16.51741411-06:00" level=debug msg="Minute: 3"
time="2024-05-30T01:47:16.517441644-06:00" level=debug msg="Number of Invocations this iteration: 8"
time="2024-05-30T01:47:16.517488715-06:00" level=debug msg="Invoking: cartservice-x4nbmikn7nqh44isrp27.default.192.168.1.240.sslip.io:80"
time="2024-05-30T01:47:16.529938979-06:00" level=debug msg="Invoked cartservice-x4nbmikn7nqh44isrp27.default.192.168.1.240.sslip.io in 12445 usec\n"
time="2024-05-30T01:47:24.021401816-06:00" level=debug msg="Invoking: gptj-python-rae3dupxiyqgd33gj444.default.192.168.1.240.sslip.io:80"
time="2024-05-30T01:47:24.032134788-06:00" level=debug msg="Invoked gptj-python-rae3dupxiyqgd33gj444.default.192.168.1.240.sslip.io in 10744 usec\n"
time="2024-05-30T01:47:31.525310107-06:00" level=debug msg="Invoking: gptj-python-rae3dupxiyqgd33gj444.default.192.168.1.240.sslip.io:80"
time="2024-05-30T01:47:31.535812078-06:00" level=debug msg="Invoked gptj-python-rae3dupxiyqgd33gj444.default.192.168.1.240.sslip.io in 10509 usec\n"
time="2024-05-30T01:47:39.029423074-06:00" level=debug msg="Invoking: gptj-python-rae3dupxiyqgd33gj444.default.192.168.1.240.sslip.io:80"
time="2024-05-30T01:47:39.046162827-06:00" level=debug msg="Invoked gptj-python-rae3dupxiyqgd33gj444.default.192.168.1.240.sslip.io in 15910 usec\n"
time="2024-05-30T01:47:46.529730436-06:00" level=debug msg="Invoking: cartservice-x4nbmikn7nqh44isrp27.default.192.168.1.240.sslip.io:80"
time="2024-05-30T01:47:46.547028679-06:00" level=debug msg="Invoked cartservice-x4nbmikn7nqh44isrp27.default.192.168.1.240.sslip.io in 17356 usec\n"
time="2024-05-30T01:47:54.033396562-06:00" level=debug msg="Invoking: gptj-python-rae3dupxiyqgd33gj444.default.192.168.1.240.sslip.io:80"
time="2024-05-30T01:47:54.045220387-06:00" level=debug msg="Invoked gptj-python-rae3dupxiyqgd33gj444.default.192.168.1.240.sslip.io in 11835 usec\n"
time="2024-05-30T01:48:01.537343981-06:00" level=debug msg="Invoking: gptj-python-rae3dupxiyqgd33gj444.default.192.168.1.240.sslip.io:80"
time="2024-05-30T01:48:01.5487401-06:00" level=debug msg="Invoked gptj-python-rae3dupxiyqgd33gj444.default.192.168.1.240.sslip.io in 11405 usec\n"
time="2024-05-30T01:48:09.041358005-06:00" level=debug msg="Invoking: gptj-python-rae3dupxiyqgd33gj444.default.192.168.1.240.sslip.io:80"
time="2024-05-30T01:48:09.0515545-06:00" level=debug msg="Invoked gptj-python-rae3dupxiyqgd33gj444.default.192.168.1.240.sslip.io in 10209 usec\n"
time="2024-05-30T01:48:16.517393418-06:00" level=debug msg="Minute: 4"
time="2024-05-30T01:48:16.517499908-06:00" level=debug msg="Number of Invocations this iteration: 8"
time="2024-05-30T01:48:16.517597955-06:00" level=debug msg="Invoking: rnn-serving-python-10-10-5w5wso5twocsowcefvnm.default.192.168.1.240.sslip.io:80"
time="2024-05-30T01:48:24.02139869-06:00" level=debug msg="Invoking: gptj-python-rae3dupxiyqgd33gj444.default.192.168.1.240.sslip.io:80"
time="2024-05-30T01:48:24.032323586-06:00" level=debug msg="Invoked gptj-python-rae3dupxiyqgd33gj444.default.192.168.1.240.sslip.io in 10936 usec\n"
time="2024-05-30T01:48:26.520866196-06:00" level=debug msg="Invoked rnn-serving-python-10-10-5w5wso5twocsowcefvnm.default.192.168.1.240.sslip.io in 10003264 usec\n"
time="2024-05-30T01:48:31.525402428-06:00" level=debug msg="Invoking: gptj-python-rae3dupxiyqgd33gj444.default.192.168.1.240.sslip.io:80"
time="2024-05-30T01:48:31.537324218-06:00" level=debug msg="Invoked gptj-python-rae3dupxiyqgd33gj444.default.192.168.1.240.sslip.io in 11930 usec\n"
time="2024-05-30T01:48:39.031965279-06:00" level=debug msg="Invoking: gptj-python-rae3dupxiyqgd33gj444.default.192.168.1.240.sslip.io:80"
time="2024-05-30T01:48:39.041895931-06:00" level=debug msg="Invoked gptj-python-rae3dupxiyqgd33gj444.default.192.168.1.240.sslip.io in 9936 usec\n"
time="2024-05-30T01:48:46.537398522-06:00" level=debug msg="Invoking: cartservice-x4nbmikn7nqh44isrp27.default.192.168.1.240.sslip.io:80"
time="2024-05-30T01:48:54.038300829-06:00" level=debug msg="Invoking: gptj-python-rae3dupxiyqgd33gj444.default.192.168.1.240.sslip.io:80"
time="2024-05-30T01:48:54.048977827-06:00" level=debug msg="Invoked gptj-python-rae3dupxiyqgd33gj444.default.192.168.1.240.sslip.io in 10687 usec\n"
time="2024-05-30T01:48:55.352643659-06:00" level=debug msg="Invoked cartservice-x4nbmikn7nqh44isrp27.default.192.168.1.240.sslip.io in 8815258 usec\n"
time="2024-05-30T01:49:01.541329356-06:00" level=debug msg="Invoking: gptj-python-rae3dupxiyqgd33gj444.default.192.168.1.240.sslip.io:80"
time="2024-05-30T01:49:01.550825269-06:00" level=debug msg="Invoked gptj-python-rae3dupxiyqgd33gj444.default.192.168.1.240.sslip.io in 9507 usec\n"
time="2024-05-30T01:49:09.048255741-06:00" level=debug msg="Invoking: gptj-python-rae3dupxiyqgd33gj444.default.192.168.1.240.sslip.io:80"
time="2024-05-30T01:49:09.059168432-06:00" level=debug msg="Invoked gptj-python-rae3dupxiyqgd33gj444.default.192.168.1.240.sslip.io in 10892 usec\n"
time="2024-05-30T01:49:16.517362276-06:00" level=debug msg="Minute: 5"
time="2024-05-30T01:49:16.517454575-06:00" level=debug msg="Number of Invocations this iteration: 8"
time="2024-05-30T01:49:16.517539772-06:00" level=debug msg="Invoking: cartservice-x4nbmikn7nqh44isrp27.default.192.168.1.240.sslip.io:80"
time="2024-05-30T01:49:16.548010988-06:00" level=debug msg="Invoked cartservice-x4nbmikn7nqh44isrp27.default.192.168.1.240.sslip.io in 30469 usec\n"
time="2024-05-30T01:49:24.021401452-06:00" level=debug msg="Invoking: gptj-python-rae3dupxiyqgd33gj444.default.192.168.1.240.sslip.io:80"
time="2024-05-30T01:49:24.03166379-06:00" level=debug msg="Invoked gptj-python-rae3dupxiyqgd33gj444.default.192.168.1.240.sslip.io in 10273 usec\n"
time="2024-05-30T01:49:31.525406551-06:00" level=debug msg="Invoking: gptj-python-rae3dupxiyqgd33gj444.default.192.168.1.240.sslip.io:80"
time="2024-05-30T01:49:31.53655689-06:00" level=debug msg="Invoked gptj-python-rae3dupxiyqgd33gj444.default.192.168.1.240.sslip.io in 11160 usec\n"
time="2024-05-30T01:49:39.029398797-06:00" level=debug msg="Invoking: gptj-python-rae3dupxiyqgd33gj444.default.192.168.1.240.sslip.io:80"
time="2024-05-30T01:49:39.04156803-06:00" level=debug msg="Invoked gptj-python-rae3dupxiyqgd33gj444.default.192.168.1.240.sslip.io in 12181 usec\n"
time="2024-05-30T01:49:46.529561939-06:00" level=debug msg="Invoking: cartservice-x4nbmikn7nqh44isrp27.default.192.168.1.240.sslip.io:80"
time="2024-05-30T01:49:46.545401041-06:00" level=debug msg="Invoked cartservice-x4nbmikn7nqh44isrp27.default.192.168.1.240.sslip.io in 15848 usec\n"
time="2024-05-30T01:49:54.033398314-06:00" level=debug msg="Invoking: gptj-python-rae3dupxiyqgd33gj444.default.192.168.1.240.sslip.io:80"
time="2024-05-30T01:49:54.046548605-06:00" level=debug msg="Invoked gptj-python-rae3dupxiyqgd33gj444.default.192.168.1.240.sslip.io in 13162 usec\n"
time="2024-05-30T01:50:01.537392942-06:00" level=debug msg="Invoking: gptj-python-rae3dupxiyqgd33gj444.default.192.168.1.240.sslip.io:80"
time="2024-05-30T01:50:01.548228317-06:00" level=debug msg="Invoked gptj-python-rae3dupxiyqgd33gj444.default.192.168.1.240.sslip.io in 10844 usec\n"
time="2024-05-30T01:50:09.041395454-06:00" level=debug msg="Invoking: gptj-python-rae3dupxiyqgd33gj444.default.192.168.1.240.sslip.io:80"
time="2024-05-30T01:50:09.052017338-06:00" level=debug msg="Invoked gptj-python-rae3dupxiyqgd33gj444.default.192.168.1.240.sslip.io in 10633 usec\n"
time="2024-05-30T01:50:16.518369716-06:00" level=debug msg="Minute: 6"
time="2024-05-30T01:50:16.518477482-06:00" level=debug msg="Number of Invocations this iteration: 8"
time="2024-05-30T01:50:16.518576229-06:00" level=debug msg="Invoking: image-rotate-go-6-22qqcnsgzvavdryj0x3x.default.192.168.1.240.sslip.io:80"
time="2024-05-30T01:50:24.025516801-06:00" level=debug msg="Invoking: gptj-python-rae3dupxiyqgd33gj444.default.192.168.1.240.sslip.io:80"
time="2024-05-30T01:50:24.03615007-06:00" level=debug msg="Invoked gptj-python-rae3dupxiyqgd33gj444.default.192.168.1.240.sslip.io in 10647 usec\n"
time="2024-05-30T01:50:28.792611607-06:00" level=debug msg="Invoked image-rotate-go-6-22qqcnsgzvavdryj0x3x.default.192.168.1.240.sslip.io in 12274030 usec\n"
time="2024-05-30T01:50:31.52829201-06:00" level=debug msg="Invoking: gptj-python-rae3dupxiyqgd33gj444.default.192.168.1.240.sslip.io:80"
time="2024-05-30T01:50:31.540361385-06:00" level=debug msg="Invoked gptj-python-rae3dupxiyqgd33gj444.default.192.168.1.240.sslip.io in 12079 usec\n"
time="2024-05-30T01:50:39.033386426-06:00" level=debug msg="Invoking: gptj-python-rae3dupxiyqgd33gj444.default.192.168.1.240.sslip.io:80"
time="2024-05-30T01:50:39.044132962-06:00" level=debug msg="Invoked gptj-python-rae3dupxiyqgd33gj444.default.192.168.1.240.sslip.io in 10757 usec\n"
time="2024-05-30T01:50:46.53931979-06:00" level=debug msg="Invoking: cartservice-x4nbmikn7nqh44isrp27.default.192.168.1.240.sslip.io:80"
time="2024-05-30T01:50:52.669780828-06:00" level=debug msg="Invoked cartservice-x4nbmikn7nqh44isrp27.default.192.168.1.240.sslip.io in 6130470 usec\n"
time="2024-05-30T01:50:54.039558278-06:00" level=debug msg="Invoking: gptj-python-rae3dupxiyqgd33gj444.default.192.168.1.240.sslip.io:80"
time="2024-05-30T01:50:54.04996998-06:00" level=debug msg="Invoked gptj-python-rae3dupxiyqgd33gj444.default.192.168.1.240.sslip.io in 10413 usec\n"
time="2024-05-30T01:51:01.545341426-06:00" level=debug msg="Invoking: gptj-python-rae3dupxiyqgd33gj444.default.192.168.1.240.sslip.io:80"
time="2024-05-30T01:51:01.555431238-06:00" level=debug msg="Invoked gptj-python-rae3dupxiyqgd33gj444.default.192.168.1.240.sslip.io in 10100 usec\n"
time="2024-05-30T01:51:09.049689383-06:00" level=debug msg="Invoking: gptj-python-rae3dupxiyqgd33gj444.default.192.168.1.240.sslip.io:80"
time="2024-05-30T01:51:09.059752753-06:00" level=debug msg="Invoked gptj-python-rae3dupxiyqgd33gj444.default.192.168.1.240.sslip.io in 10112 usec\n"
time="2024-05-30T01:51:16.51735599-06:00" level=debug msg="Minute: 7"
time="2024-05-30T01:51:16.517464426-06:00" level=debug msg="Number of Invocations this iteration: 8"
time="2024-05-30T01:51:16.51755868-06:00" level=debug msg="Invoking: cartservice-x4nbmikn7nqh44isrp27.default.192.168.1.240.sslip.io:80"
time="2024-05-30T01:51:16.54516684-06:00" level=debug msg="Invoked cartservice-x4nbmikn7nqh44isrp27.default.192.168.1.240.sslip.io in 27605 usec\n"
time="2024-05-30T01:51:24.021422636-06:00" level=debug msg="Invoking: gptj-python-rae3dupxiyqgd33gj444.default.192.168.1.240.sslip.io:80"
time="2024-05-30T01:51:24.031737518-06:00" level=debug msg="Invoked gptj-python-rae3dupxiyqgd33gj444.default.192.168.1.240.sslip.io in 10351 usec\n"
time="2024-05-30T01:51:31.528073817-06:00" level=debug msg="Invoking: gptj-python-rae3dupxiyqgd33gj444.default.192.168.1.240.sslip.io:80"
time="2024-05-30T01:51:31.542986849-06:00" level=debug msg="Invoked gptj-python-rae3dupxiyqgd33gj444.default.192.168.1.240.sslip.io in 14920 usec\n"
time="2024-05-30T01:51:39.033403266-06:00" level=debug msg="Invoking: gptj-python-rae3dupxiyqgd33gj444.default.192.168.1.240.sslip.io:80"
time="2024-05-30T01:51:39.043342042-06:00" level=debug msg="Invoked gptj-python-rae3dupxiyqgd33gj444.default.192.168.1.240.sslip.io in 9949 usec\n"
time="2024-05-30T01:51:46.534392689-06:00" level=debug msg="Invoking: cartservice-x4nbmikn7nqh44isrp27.default.192.168.1.240.sslip.io:80"
time="2024-05-30T01:51:46.549259826-06:00" level=debug msg="Invoked cartservice-x4nbmikn7nqh44isrp27.default.192.168.1.240.sslip.io in 14956 usec\n"
time="2024-05-30T01:51:54.038692503-06:00" level=debug msg="Invoking: gptj-python-rae3dupxiyqgd33gj444.default.192.168.1.240.sslip.io:80"
time="2024-05-30T01:51:54.052243835-06:00" level=debug msg="Invoked gptj-python-rae3dupxiyqgd33gj444.default.192.168.1.240.sslip.io in 13599 usec\n"
time="2024-05-30T01:52:01.545522233-06:00" level=debug msg="Invoking: gptj-python-rae3dupxiyqgd33gj444.default.192.168.1.240.sslip.io:80"
time="2024-05-30T01:52:01.556343592-06:00" level=debug msg="Invoked gptj-python-rae3dupxiyqgd33gj444.default.192.168.1.240.sslip.io in 10826 usec\n"
time="2024-05-30T01:52:09.049343797-06:00" level=debug msg="Invoking: gptj-python-rae3dupxiyqgd33gj444.default.192.168.1.240.sslip.io:80"
time="2024-05-30T01:52:09.06017328-06:00" level=debug msg="Invoked gptj-python-rae3dupxiyqgd33gj444.default.192.168.1.240.sslip.io in 10838 usec\n"
time="2024-05-30T01:52:16.517407067-06:00" level=debug msg="Minute: 8"
time="2024-05-30T01:52:16.51755405-06:00" level=debug msg="Number of Invocations this iteration: 8"
time="2024-05-30T01:52:16.517635057-06:00" level=debug msg="Invoking: cartservice-x4nbmikn7nqh44isrp27.default.192.168.1.240.sslip.io:80"
time="2024-05-30T01:52:16.534257928-06:00" level=debug msg="Invoked cartservice-x4nbmikn7nqh44isrp27.default.192.168.1.240.sslip.io in 16620 usec\n"
time="2024-05-30T01:52:24.022474349-06:00" level=debug msg="Invoking: gptj-python-rae3dupxiyqgd33gj444.default.192.168.1.240.sslip.io:80"
time="2024-05-30T01:52:24.032797957-06:00" level=debug msg="Invoked gptj-python-rae3dupxiyqgd33gj444.default.192.168.1.240.sslip.io in 10333 usec\n"
time="2024-05-30T01:52:31.526596776-06:00" level=debug msg="Invoking: gptj-python-rae3dupxiyqgd33gj444.default.192.168.1.240.sslip.io:80"
time="2024-05-30T01:52:31.539151678-06:00" level=debug msg="Invoked gptj-python-rae3dupxiyqgd33gj444.default.192.168.1.240.sslip.io in 12567 usec\n"
time="2024-05-30T01:52:39.033393152-06:00" level=debug msg="Invoking: gptj-python-rae3dupxiyqgd33gj444.default.192.168.1.240.sslip.io:80"
time="2024-05-30T01:52:39.044367868-06:00" level=debug msg="Invoked gptj-python-rae3dupxiyqgd33gj444.default.192.168.1.240.sslip.io in 10984 usec\n"
time="2024-05-30T01:52:46.537403021-06:00" level=debug msg="Invoking: cartservice-x4nbmikn7nqh44isrp27.default.192.168.1.240.sslip.io:80"
time="2024-05-30T01:52:46.550961329-06:00" level=debug msg="Invoked cartservice-x4nbmikn7nqh44isrp27.default.192.168.1.240.sslip.io in 13567 usec\n"
time="2024-05-30T01:52:54.042753249-06:00" level=debug msg="Invoking: gptj-python-rae3dupxiyqgd33gj444.default.192.168.1.240.sslip.io:80"
time="2024-05-30T01:52:54.053993295-06:00" level=debug msg="Invoked gptj-python-rae3dupxiyqgd33gj444.default.192.168.1.240.sslip.io in 11274 usec\n"
time="2024-05-30T01:53:01.545387371-06:00" level=debug msg="Invoking: gptj-python-rae3dupxiyqgd33gj444.default.192.168.1.240.sslip.io:80"
time="2024-05-30T01:53:01.555214578-06:00" level=debug msg="Invoked gptj-python-rae3dupxiyqgd33gj444.default.192.168.1.240.sslip.io in 9838 usec\n"
time="2024-05-30T01:53:09.051028253-06:00" level=debug msg="Invoking: gptj-python-rae3dupxiyqgd33gj444.default.192.168.1.240.sslip.io:80"
time="2024-05-30T01:53:09.061648928-06:00" level=debug msg="Invoked gptj-python-rae3dupxiyqgd33gj444.default.192.168.1.240.sslip.io in 10632 usec\n"
time="2024-05-30T01:53:16.518350728-06:00" level=debug msg="Minute: 9"
time="2024-05-30T01:53:16.518455966-06:00" level=debug msg="Number of Invocations this iteration: 8"
time="2024-05-30T01:53:16.518550681-06:00" level=debug msg="Invoking: cartservice-x4nbmikn7nqh44isrp27.default.192.168.1.240.sslip.io:80"
time="2024-05-30T01:53:16.5321594-06:00" level=debug msg="Invoked cartservice-x4nbmikn7nqh44isrp27.default.192.168.1.240.sslip.io in 13607 usec\n"
time="2024-05-30T01:53:24.025396993-06:00" level=debug msg="Invoking: gptj-python-rae3dupxiyqgd33gj444.default.192.168.1.240.sslip.io:80"
time="2024-05-30T01:53:24.036374762-06:00" level=debug msg="Invoked gptj-python-rae3dupxiyqgd33gj444.default.192.168.1.240.sslip.io in 10990 usec\n"
time="2024-05-30T01:53:31.529430408-06:00" level=debug msg="Invoking: gptj-python-rae3dupxiyqgd33gj444.default.192.168.1.240.sslip.io:80"
time="2024-05-30T01:53:31.540120009-06:00" level=debug msg="Invoked gptj-python-rae3dupxiyqgd33gj444.default.192.168.1.240.sslip.io in 10702 usec\n"
time="2024-05-30T01:53:39.033393054-06:00" level=debug msg="Invoking: gptj-python-rae3dupxiyqgd33gj444.default.192.168.1.240.sslip.io:80"
time="2024-05-30T01:53:39.045542046-06:00" level=debug msg="Invoked gptj-python-rae3dupxiyqgd33gj444.default.192.168.1.240.sslip.io in 12159 usec\n"
time="2024-05-30T01:53:46.534918122-06:00" level=debug msg="Invoking: cartservice-x4nbmikn7nqh44isrp27.default.192.168.1.240.sslip.io:80"
time="2024-05-30T01:53:46.54865513-06:00" level=debug msg="Invoked cartservice-x4nbmikn7nqh44isrp27.default.192.168.1.240.sslip.io in 13747 usec\n"
time="2024-05-30T01:53:54.04136921-06:00" level=debug msg="Invoking: gptj-python-rae3dupxiyqgd33gj444.default.192.168.1.240.sslip.io:80"
time="2024-05-30T01:53:54.052056954-06:00" level=debug msg="Invoked gptj-python-rae3dupxiyqgd33gj444.default.192.168.1.240.sslip.io in 10721 usec\n"
time="2024-05-30T01:54:01.547882171-06:00" level=debug msg="Invoking: gptj-python-rae3dupxiyqgd33gj444.default.192.168.1.240.sslip.io:80"
time="2024-05-30T01:54:01.558536227-06:00" level=debug msg="Invoked gptj-python-rae3dupxiyqgd33gj444.default.192.168.1.240.sslip.io in 10663 usec\n"
time="2024-05-30T01:54:09.053815799-06:00" level=debug msg="Invoking: gptj-python-rae3dupxiyqgd33gj444.default.192.168.1.240.sslip.io:80"
time="2024-05-30T01:54:09.064204103-06:00" level=debug msg="Invoked gptj-python-rae3dupxiyqgd33gj444.default.192.168.1.240.sslip.io in 10398 usec\n"
time="2024-05-30T01:54:16.517337566-06:00" level=debug msg="Minute: 10"
time="2024-05-30T01:54:16.517477448-06:00" level=debug msg="Number of Invocations this iteration: 8"
time="2024-05-30T01:54:16.517557751-06:00" level=debug msg="Invoking: rnn-serving-python-10-10-5w5wso5twocsowcefvnm.default.192.168.1.240.sslip.io:80"
time="2024-05-30T01:54:24.021404383-06:00" level=debug msg="Invoking: gptj-python-rae3dupxiyqgd33gj444.default.192.168.1.240.sslip.io:80"
time="2024-05-30T01:54:24.035698892-06:00" level=debug msg="Invoked gptj-python-rae3dupxiyqgd33gj444.default.192.168.1.240.sslip.io in 14307 usec\n"
time="2024-05-30T01:54:26.391122073-06:00" level=debug msg="Invoked rnn-serving-python-10-10-5w5wso5twocsowcefvnm.default.192.168.1.240.sslip.io in 9873561 usec\n"
time="2024-05-30T01:54:31.525388069-06:00" level=debug msg="Invoking: gptj-python-rae3dupxiyqgd33gj444.default.192.168.1.240.sslip.io:80"
time="2024-05-30T01:54:31.53620771-06:00" level=debug msg="Invoked gptj-python-rae3dupxiyqgd33gj444.default.192.168.1.240.sslip.io in 10831 usec\n"
time="2024-05-30T01:54:39.031640732-06:00" level=debug msg="Invoking: gptj-python-rae3dupxiyqgd33gj444.default.192.168.1.240.sslip.io:80"
time="2024-05-30T01:54:39.042074898-06:00" level=debug msg="Invoked gptj-python-rae3dupxiyqgd33gj444.default.192.168.1.240.sslip.io in 10442 usec\n"
time="2024-05-30T01:54:46.537358094-06:00" level=debug msg="Invoking: cartservice-x4nbmikn7nqh44isrp27.default.192.168.1.240.sslip.io:80"
time="2024-05-30T01:54:52.459489289-06:00" level=debug msg="Invoked cartservice-x4nbmikn7nqh44isrp27.default.192.168.1.240.sslip.io in 5922135 usec\n"
time="2024-05-30T01:54:54.037414369-06:00" level=debug msg="Invoking: gptj-python-rae3dupxiyqgd33gj444.default.192.168.1.240.sslip.io:80"
time="2024-05-30T01:54:54.048065943-06:00" level=debug msg="Invoked gptj-python-rae3dupxiyqgd33gj444.default.192.168.1.240.sslip.io in 10659 usec\n"
time="2024-05-30T01:55:01.541396816-06:00" level=debug msg="Invoking: gptj-python-rae3dupxiyqgd33gj444.default.192.168.1.240.sslip.io:80"
time="2024-05-30T01:55:01.552210595-06:00" level=debug msg="Invoked gptj-python-rae3dupxiyqgd33gj444.default.192.168.1.240.sslip.io in 10825 usec\n"
time="2024-05-30T01:55:09.045367263-06:00" level=debug msg="Invoking: gptj-python-rae3dupxiyqgd33gj444.default.192.168.1.240.sslip.io:80"
time="2024-05-30T01:55:09.056281259-06:00" level=debug msg="Invoked gptj-python-rae3dupxiyqgd33gj444.default.192.168.1.240.sslip.io in 10924 usec\n"
time="2024-05-30T01:55:16.513467862-06:00" level=debug msg="Minute: 11"
time="2024-05-30T01:55:16.513541635-06:00" level=debug msg="Number of Invocations this iteration: 8"
time="2024-05-30T01:55:16.513607028-06:00" level=debug msg="Invoking: image-rotate-go-6-22qqcnsgzvavdryj0x3x.default.192.168.1.240.sslip.io:80"
time="2024-05-30T01:55:23.627320909-06:00" level=debug msg="Invoked image-rotate-go-6-22qqcnsgzvavdryj0x3x.default.192.168.1.240.sslip.io in 7113710 usec\n"
time="2024-05-30T01:55:24.014563343-06:00" level=debug msg="Invoking: gptj-python-rae3dupxiyqgd33gj444.default.192.168.1.240.sslip.io:80"
time="2024-05-30T01:55:24.025056765-06:00" level=debug msg="Invoked gptj-python-rae3dupxiyqgd33gj444.default.192.168.1.240.sslip.io in 10528 usec\n"
time="2024-05-30T01:55:31.521418757-06:00" level=debug msg="Invoking: gptj-python-rae3dupxiyqgd33gj444.default.192.168.1.240.sslip.io:80"
time="2024-05-30T01:55:31.531965542-06:00" level=debug msg="Invoked gptj-python-rae3dupxiyqgd33gj444.default.192.168.1.240.sslip.io in 10557 usec\n"
time="2024-05-30T01:55:39.025413144-06:00" level=debug msg="Invoking: gptj-python-rae3dupxiyqgd33gj444.default.192.168.1.240.sslip.io:80"
time="2024-05-30T01:55:39.034638225-06:00" level=debug msg="Invoked gptj-python-rae3dupxiyqgd33gj444.default.192.168.1.240.sslip.io in 9236 usec\n"
time="2024-05-30T01:55:46.529413481-06:00" level=debug msg="Invoking: cartservice-x4nbmikn7nqh44isrp27.default.192.168.1.240.sslip.io:80"
time="2024-05-30T01:55:46.561835498-06:00" level=debug msg="Invoked cartservice-x4nbmikn7nqh44isrp27.default.192.168.1.240.sslip.io in 32423 usec\n"
time="2024-05-30T01:55:54.029673966-06:00" level=debug msg="Invoking: gptj-python-rae3dupxiyqgd33gj444.default.192.168.1.240.sslip.io:80"
time="2024-05-30T01:55:54.041164865-06:00" level=debug msg="Invoked gptj-python-rae3dupxiyqgd33gj444.default.192.168.1.240.sslip.io in 11602 usec\n"
time="2024-05-30T01:56:01.533637753-06:00" level=debug msg="Invoking: gptj-python-rae3dupxiyqgd33gj444.default.192.168.1.240.sslip.io:80"
time="2024-05-30T01:56:01.544538424-06:00" level=debug msg="Invoked gptj-python-rae3dupxiyqgd33gj444.default.192.168.1.240.sslip.io in 10911 usec\n"
time="2024-05-30T01:56:09.037456685-06:00" level=debug msg="Invoking: gptj-python-rae3dupxiyqgd33gj444.default.192.168.1.240.sslip.io:80"
time="2024-05-30T01:56:09.048357075-06:00" level=debug msg="Invoked gptj-python-rae3dupxiyqgd33gj444.default.192.168.1.240.sslip.io in 10936 usec\n"
time="2024-05-30T01:56:16.517406937-06:00" level=debug msg="Minute: 12"
time="2024-05-30T01:56:16.517558289-06:00" level=debug msg="Number of Invocations this iteration: 8"
time="2024-05-30T01:56:16.517645675-06:00" level=debug msg="Invoking: cartservice-x4nbmikn7nqh44isrp27.default.192.168.1.240.sslip.io:80"
time="2024-05-30T01:56:16.529460368-06:00" level=debug msg="Invoked cartservice-x4nbmikn7nqh44isrp27.default.192.168.1.240.sslip.io in 11813 usec\n"
time="2024-05-30T01:56:24.021363651-06:00" level=debug msg="Invoking: gptj-python-rae3dupxiyqgd33gj444.default.192.168.1.240.sslip.io:80"
time="2024-05-30T01:56:24.03141957-06:00" level=debug msg="Invoked gptj-python-rae3dupxiyqgd33gj444.default.192.168.1.240.sslip.io in 10068 usec\n"
time="2024-05-30T01:56:31.526020915-06:00" level=debug msg="Invoking: gptj-python-rae3dupxiyqgd33gj444.default.192.168.1.240.sslip.io:80"
time="2024-05-30T01:56:31.535598897-06:00" level=debug msg="Invoked gptj-python-rae3dupxiyqgd33gj444.default.192.168.1.240.sslip.io in 9587 usec\n"
time="2024-05-30T01:56:39.026969514-06:00" level=debug msg="Invoking: gptj-python-rae3dupxiyqgd33gj444.default.192.168.1.240.sslip.io:80"
time="2024-05-30T01:56:39.037528258-06:00" level=debug msg="Invoked gptj-python-rae3dupxiyqgd33gj444.default.192.168.1.240.sslip.io in 10571 usec\n"
time="2024-05-30T01:56:46.533336103-06:00" level=debug msg="Invoking: cartservice-x4nbmikn7nqh44isrp27.default.192.168.1.240.sslip.io:80"
time="2024-05-30T01:56:46.546291703-06:00" level=debug msg="Invoked cartservice-x4nbmikn7nqh44isrp27.default.192.168.1.240.sslip.io in 12966 usec\n"
time="2024-05-30T01:56:54.037408097-06:00" level=debug msg="Invoking: gptj-python-rae3dupxiyqgd33gj444.default.192.168.1.240.sslip.io:80"
time="2024-05-30T01:56:54.047352591-06:00" level=debug msg="Invoked gptj-python-rae3dupxiyqgd33gj444.default.192.168.1.240.sslip.io in 9956 usec\n"
time="2024-05-30T01:57:01.54209226-06:00" level=debug msg="Invoking: gptj-python-rae3dupxiyqgd33gj444.default.192.168.1.240.sslip.io:80"
time="2024-05-30T01:57:01.552401182-06:00" level=debug msg="Invoked gptj-python-rae3dupxiyqgd33gj444.default.192.168.1.240.sslip.io in 10358 usec\n"
time="2024-05-30T01:57:09.048872259-06:00" level=debug msg="Invoking: gptj-python-rae3dupxiyqgd33gj444.default.192.168.1.240.sslip.io:80"
time="2024-05-30T01:57:09.059320514-06:00" level=debug msg="Invoked gptj-python-rae3dupxiyqgd33gj444.default.192.168.1.240.sslip.io in 10459 usec\n"
time="2024-05-30T01:57:16.517396449-06:00" level=debug msg="Minute: 13"
time="2024-05-30T01:57:16.517498232-06:00" level=debug msg="Number of Invocations this iteration: 8"
time="2024-05-30T01:57:16.517594933-06:00" level=debug msg="Invoking: cartservice-x4nbmikn7nqh44isrp27.default.192.168.1.240.sslip.io:80"
time="2024-05-30T01:57:16.529966413-06:00" level=debug msg="Invoked cartservice-x4nbmikn7nqh44isrp27.default.192.168.1.240.sslip.io in 12366 usec\n"
time="2024-05-30T01:57:24.021402288-06:00" level=debug msg="Invoking: gptj-python-rae3dupxiyqgd33gj444.default.192.168.1.240.sslip.io:80"
time="2024-05-30T01:57:24.032112273-06:00" level=debug msg="Invoked gptj-python-rae3dupxiyqgd33gj444.default.192.168.1.240.sslip.io in 10720 usec\n"
time="2024-05-30T01:57:31.525353369-06:00" level=debug msg="Invoking: gptj-python-rae3dupxiyqgd33gj444.default.192.168.1.240.sslip.io:80"
time="2024-05-30T01:57:31.53815846-06:00" level=debug msg="Invoked gptj-python-rae3dupxiyqgd33gj444.default.192.168.1.240.sslip.io in 12815 usec\n"
time="2024-05-30T01:57:39.030983047-06:00" level=debug msg="Invoking: gptj-python-rae3dupxiyqgd33gj444.default.192.168.1.240.sslip.io:80"
time="2024-05-30T01:57:39.041701077-06:00" level=debug msg="Invoked gptj-python-rae3dupxiyqgd33gj444.default.192.168.1.240.sslip.io in 10729 usec\n"
time="2024-05-30T01:57:46.537314317-06:00" level=debug msg="Invoking: cartservice-x4nbmikn7nqh44isrp27.default.192.168.1.240.sslip.io:80"
time="2024-05-30T01:57:46.549681863-06:00" level=debug msg="Invoked cartservice-x4nbmikn7nqh44isrp27.default.192.168.1.240.sslip.io in 12378 usec\n"
time="2024-05-30T01:57:54.038114264-06:00" level=debug msg="Invoking: gptj-python-rae3dupxiyqgd33gj444.default.192.168.1.240.sslip.io:80"
time="2024-05-30T01:57:54.049759408-06:00" level=debug msg="Invoked gptj-python-rae3dupxiyqgd33gj444.default.192.168.1.240.sslip.io in 11688 usec\n"
time="2024-05-30T01:58:01.54268971-06:00" level=debug msg="Invoking: gptj-python-rae3dupxiyqgd33gj444.default.192.168.1.240.sslip.io:80"
time="2024-05-30T01:58:01.553436889-06:00" level=debug msg="Invoked gptj-python-rae3dupxiyqgd33gj444.default.192.168.1.240.sslip.io in 10757 usec\n"
time="2024-05-30T01:58:09.049374778-06:00" level=debug msg="Invoking: gptj-python-rae3dupxiyqgd33gj444.default.192.168.1.240.sslip.io:80"
time="2024-05-30T01:58:09.059673359-06:00" level=debug msg="Invoked gptj-python-rae3dupxiyqgd33gj444.default.192.168.1.240.sslip.io in 10342 usec\n"
time="2024-05-30T01:58:16.517379675-06:00" level=info msg="Experiment Phase Completed"
time="2024-05-30T01:58:16.517510746-06:00" level=info msg="Issued / completed requests: 112, 112"
time="2024-05-30T01:58:16.517546959-06:00" level=info msg="Average Real RPS: 0.13 "
time="2024-05-30T01:58:16.517572007-06:00" level=info msg="Experiment finished!"
time="2024-05-30T01:58:16.51759864-06:00" level=info msg="The measured latencies are saved in rps_lat.csv"
