time="2024-05-30T03:32:01.896379786-06:00" level=debug msg="Debug logging is enabled"
time="2024-05-30T03:32:01.896602608-06:00" level=info msg="Reading the trace endpoints from the file: /users/ArunAMS/vSwarm/tools/load-generator/load.json"
time="2024-05-30T03:32:01.898099031-06:00" level=info msg="Warmup Duration: 3"
time="2024-05-30T03:32:01.898122023-06:00" level=info msg="Experiment Duration: 11"
time="2024-05-30T03:32:01.898138492-06:00" level=info msg="Minute Granularity: true"
time="2024-05-30T03:33:01.953357429-06:00" level=info msg="Running Warmup Phase"
time="2024-05-30T03:33:01.953433809-06:00" level=debug msg="Minute: 0"
time="2024-05-30T03:33:01.953510905-06:00" level=debug msg="Number of Invocations this iteration: 8"
time="2024-05-30T03:33:01.953616253-06:00" level=debug msg="Invoking: cartservice-x4nbmikn7nqh44isrp27.default.192.168.1.240.sslip.io:80"
time="2024-05-30T03:33:09.454196885-06:00" level=debug msg="Invoking: gptj-python-rae3dupxiyqgd33gj444.default.192.168.1.240.sslip.io:80"
time="2024-05-30T03:33:16.954133754-06:00" level=debug msg="Invoking: gptj-python-rae3dupxiyqgd33gj444.default.192.168.1.240.sslip.io:80"
time="2024-05-30T03:33:24.458334529-06:00" level=debug msg="Invoking: gptj-python-rae3dupxiyqgd33gj444.default.192.168.1.240.sslip.io:80"
time="2024-05-30T03:33:31.965342078-06:00" level=debug msg="Invoking: cartservice-x4nbmikn7nqh44isrp27.default.192.168.1.240.sslip.io:80"
time="2024-05-30T03:33:39.469432722-06:00" level=debug msg="Invoking: gptj-python-rae3dupxiyqgd33gj444.default.192.168.1.240.sslip.io:80"
time="2024-05-30T03:33:46.973321933-06:00" level=debug msg="Invoking: gptj-python-rae3dupxiyqgd33gj444.default.192.168.1.240.sslip.io:80"
time="2024-05-30T03:33:54.477836776-06:00" level=debug msg="Invoking: gptj-python-rae3dupxiyqgd33gj444.default.192.168.1.240.sslip.io:80"
time="2024-05-30T03:34:01.901402129-06:00" level=debug msg="Minute: 1"
time="2024-05-30T03:34:01.901554631-06:00" level=debug msg="Number of Invocations this iteration: 8"
time="2024-05-30T03:34:01.901638808-06:00" level=debug msg="Invoking: image-rotate-go-6-22qqcnsgzvavdryj0x3x.default.192.168.1.240.sslip.io:80"
time="2024-05-30T03:34:09.405323902-06:00" level=debug msg="Invoking: gptj-python-rae3dupxiyqgd33gj444.default.192.168.1.240.sslip.io:80"
time="2024-05-30T03:34:16.905377541-06:00" level=debug msg="Invoking: gptj-python-rae3dupxiyqgd33gj444.default.192.168.1.240.sslip.io:80"
time="2024-05-30T03:34:24.409364644-06:00" level=debug msg="Invoking: gptj-python-rae3dupxiyqgd33gj444.default.192.168.1.240.sslip.io:80"
time="2024-05-30T03:34:31.91374302-06:00" level=debug msg="Invoking: cartservice-x4nbmikn7nqh44isrp27.default.192.168.1.240.sslip.io:80"
time="2024-05-30T03:34:39.417368221-06:00" level=debug msg="Invoking: gptj-python-rae3dupxiyqgd33gj444.default.192.168.1.240.sslip.io:80"
time="2024-05-30T03:34:46.921412196-06:00" level=debug msg="Invoking: gptj-python-rae3dupxiyqgd33gj444.default.192.168.1.240.sslip.io:80"
time="2024-05-30T03:34:54.425364159-06:00" level=debug msg="Invoking: gptj-python-rae3dupxiyqgd33gj444.default.192.168.1.240.sslip.io:80"
time="2024-05-30T03:35:01.901383917-06:00" level=debug msg="Minute: 2"
time="2024-05-30T03:35:01.901516209-06:00" level=debug msg="Number of Invocations this iteration: 8"
time="2024-05-30T03:35:01.901598704-06:00" level=debug msg="Invoking: cartservice-x4nbmikn7nqh44isrp27.default.192.168.1.240.sslip.io:80"
time="2024-05-30T03:35:09.405435535-06:00" level=debug msg="Invoking: gptj-python-rae3dupxiyqgd33gj444.default.192.168.1.240.sslip.io:80"
time="2024-05-30T03:35:16.906585609-06:00" level=debug msg="Invoking: gptj-python-rae3dupxiyqgd33gj444.default.192.168.1.240.sslip.io:80"
time="2024-05-30T03:35:24.413350545-06:00" level=debug msg="Invoking: gptj-python-rae3dupxiyqgd33gj444.default.192.168.1.240.sslip.io:80"
time="2024-05-30T03:35:31.919215339-06:00" level=debug msg="Invoking: cartservice-x4nbmikn7nqh44isrp27.default.192.168.1.240.sslip.io:80"
time="2024-05-30T03:35:39.42535654-06:00" level=debug msg="Invoking: gptj-python-rae3dupxiyqgd33gj444.default.192.168.1.240.sslip.io:80"
time="2024-05-30T03:35:46.929593375-06:00" level=debug msg="Invoking: gptj-python-rae3dupxiyqgd33gj444.default.192.168.1.240.sslip.io:80"
time="2024-05-30T03:35:54.434122893-06:00" level=debug msg="Invoking: gptj-python-rae3dupxiyqgd33gj444.default.192.168.1.240.sslip.io:80"
time="2024-05-30T03:36:01.901358636-06:00" level=info msg="Warmup Phase Completed"
time="2024-05-30T03:36:01.901457716-06:00" level=info msg="Running Experiment Phase"
time="2024-05-30T03:36:01.901487783-06:00" level=debug msg="Minute: 3"
time="2024-05-30T03:36:01.901548871-06:00" level=debug msg="Number of Invocations this iteration: 8"
time="2024-05-30T03:36:01.901625743-06:00" level=debug msg="Invoking: cartservice-x4nbmikn7nqh44isrp27.default.192.168.1.240.sslip.io:80"
time="2024-05-30T03:36:01.916749416-06:00" level=debug msg="Invoked cartservice-x4nbmikn7nqh44isrp27.default.192.168.1.240.sslip.io in 15121 usec\n"
time="2024-05-30T03:36:09.405342521-06:00" level=debug msg="Invoking: gptj-python-rae3dupxiyqgd33gj444.default.192.168.1.240.sslip.io:80"
time="2024-05-30T03:36:09.416221219-06:00" level=debug msg="Invoked gptj-python-rae3dupxiyqgd33gj444.default.192.168.1.240.sslip.io in 10886 usec\n"
time="2024-05-30T03:36:16.912756516-06:00" level=debug msg="Invoking: gptj-python-rae3dupxiyqgd33gj444.default.192.168.1.240.sslip.io:80"
time="2024-05-30T03:36:16.922816182-06:00" level=debug msg="Invoked gptj-python-rae3dupxiyqgd33gj444.default.192.168.1.240.sslip.io in 10069 usec\n"
time="2024-05-30T03:36:24.417425379-06:00" level=debug msg="Invoking: gptj-python-rae3dupxiyqgd33gj444.default.192.168.1.240.sslip.io:80"
time="2024-05-30T03:36:24.427715032-06:00" level=debug msg="Invoked gptj-python-rae3dupxiyqgd33gj444.default.192.168.1.240.sslip.io in 10300 usec\n"
time="2024-05-30T03:36:31.918602302-06:00" level=debug msg="Invoking: cartservice-x4nbmikn7nqh44isrp27.default.192.168.1.240.sslip.io:80"
time="2024-05-30T03:36:31.932779159-06:00" level=debug msg="Invoked cartservice-x4nbmikn7nqh44isrp27.default.192.168.1.240.sslip.io in 14304 usec\n"
time="2024-05-30T03:36:39.420993284-06:00" level=debug msg="Invoking: gptj-python-rae3dupxiyqgd33gj444.default.192.168.1.240.sslip.io:80"
time="2024-05-30T03:36:39.431453601-06:00" level=debug msg="Invoked gptj-python-rae3dupxiyqgd33gj444.default.192.168.1.240.sslip.io in 10470 usec\n"
time="2024-05-30T03:36:46.92540492-06:00" level=debug msg="Invoking: gptj-python-rae3dupxiyqgd33gj444.default.192.168.1.240.sslip.io:80"
time="2024-05-30T03:36:46.935344872-06:00" level=debug msg="Invoked gptj-python-rae3dupxiyqgd33gj444.default.192.168.1.240.sslip.io in 9944 usec\n"
time="2024-05-30T03:36:54.429415355-06:00" level=debug msg="Invoking: gptj-python-rae3dupxiyqgd33gj444.default.192.168.1.240.sslip.io:80"
time="2024-05-30T03:36:54.439800805-06:00" level=debug msg="Invoked gptj-python-rae3dupxiyqgd33gj444.default.192.168.1.240.sslip.io in 10393 usec\n"
time="2024-05-30T03:37:01.90391869-06:00" level=debug msg="Minute: 4"
time="2024-05-30T03:37:01.904011034-06:00" level=debug msg="Number of Invocations this iteration: 8"
time="2024-05-30T03:37:01.904089332-06:00" level=debug msg="Invoking: rnn-serving-python-10-10-5w5wso5twocsowcefvnm.default.192.168.1.240.sslip.io:80"
time="2024-05-30T03:37:09.409841934-06:00" level=debug msg="Invoking: gptj-python-rae3dupxiyqgd33gj444.default.192.168.1.240.sslip.io:80"
time="2024-05-30T03:37:09.420923959-06:00" level=debug msg="Invoked gptj-python-rae3dupxiyqgd33gj444.default.192.168.1.240.sslip.io in 11090 usec\n"
time="2024-05-30T03:37:11.494788107-06:00" level=debug msg="Invoked rnn-serving-python-10-10-5w5wso5twocsowcefvnm.default.192.168.1.240.sslip.io in 9590696 usec\n"
time="2024-05-30T03:37:16.913416806-06:00" level=debug msg="Invoking: gptj-python-rae3dupxiyqgd33gj444.default.192.168.1.240.sslip.io:80"
time="2024-05-30T03:37:16.925585817-06:00" level=debug msg="Invoked gptj-python-rae3dupxiyqgd33gj444.default.192.168.1.240.sslip.io in 12177 usec\n"
time="2024-05-30T03:37:24.417574415-06:00" level=debug msg="Invoking: gptj-python-rae3dupxiyqgd33gj444.default.192.168.1.240.sslip.io:80"
time="2024-05-30T03:37:24.42870106-06:00" level=debug msg="Invoked gptj-python-rae3dupxiyqgd33gj444.default.192.168.1.240.sslip.io in 11137 usec\n"
time="2024-05-30T03:37:31.921392692-06:00" level=debug msg="Invoking: cartservice-x4nbmikn7nqh44isrp27.default.192.168.1.240.sslip.io:80"
time="2024-05-30T03:37:31.935925739-06:00" level=debug msg="Invoked cartservice-x4nbmikn7nqh44isrp27.default.192.168.1.240.sslip.io in 14541 usec\n"
time="2024-05-30T03:37:39.425417972-06:00" level=debug msg="Invoking: gptj-python-rae3dupxiyqgd33gj444.default.192.168.1.240.sslip.io:80"
time="2024-05-30T03:37:39.435975584-06:00" level=debug msg="Invoked gptj-python-rae3dupxiyqgd33gj444.default.192.168.1.240.sslip.io in 10600 usec\n"
time="2024-05-30T03:37:46.932003725-06:00" level=debug msg="Invoking: gptj-python-rae3dupxiyqgd33gj444.default.192.168.1.240.sslip.io:80"
time="2024-05-30T03:37:46.943189155-06:00" level=debug msg="Invoked gptj-python-rae3dupxiyqgd33gj444.default.192.168.1.240.sslip.io in 11195 usec\n"
time="2024-05-30T03:37:54.437349004-06:00" level=debug msg="Invoking: gptj-python-rae3dupxiyqgd33gj444.default.192.168.1.240.sslip.io:80"
time="2024-05-30T03:37:54.447820147-06:00" level=debug msg="Invoked gptj-python-rae3dupxiyqgd33gj444.default.192.168.1.240.sslip.io in 10482 usec\n"
time="2024-05-30T03:38:01.901331719-06:00" level=debug msg="Minute: 5"
time="2024-05-30T03:38:01.901439681-06:00" level=debug msg="Number of Invocations this iteration: 8"
time="2024-05-30T03:38:01.901524476-06:00" level=debug msg="Invoking: cartservice-x4nbmikn7nqh44isrp27.default.192.168.1.240.sslip.io:80"
time="2024-05-30T03:38:01.916516647-06:00" level=debug msg="Invoked cartservice-x4nbmikn7nqh44isrp27.default.192.168.1.240.sslip.io in 14990 usec\n"
time="2024-05-30T03:38:09.406090655-06:00" level=debug msg="Invoking: gptj-python-rae3dupxiyqgd33gj444.default.192.168.1.240.sslip.io:80"
time="2024-05-30T03:38:09.417760805-06:00" level=debug msg="Invoked gptj-python-rae3dupxiyqgd33gj444.default.192.168.1.240.sslip.io in 11679 usec\n"
time="2024-05-30T03:38:16.909417588-06:00" level=debug msg="Invoking: gptj-python-rae3dupxiyqgd33gj444.default.192.168.1.240.sslip.io:80"
time="2024-05-30T03:38:16.919405528-06:00" level=debug msg="Invoked gptj-python-rae3dupxiyqgd33gj444.default.192.168.1.240.sslip.io in 9998 usec\n"
time="2024-05-30T03:38:24.415992168-06:00" level=debug msg="Invoking: gptj-python-rae3dupxiyqgd33gj444.default.192.168.1.240.sslip.io:80"
time="2024-05-30T03:38:24.426481555-06:00" level=debug msg="Invoked gptj-python-rae3dupxiyqgd33gj444.default.192.168.1.240.sslip.io in 10500 usec\n"
time="2024-05-30T03:38:31.918963725-06:00" level=debug msg="Invoking: cartservice-x4nbmikn7nqh44isrp27.default.192.168.1.240.sslip.io:80"
time="2024-05-30T03:38:31.932546152-06:00" level=debug msg="Invoked cartservice-x4nbmikn7nqh44isrp27.default.192.168.1.240.sslip.io in 13588 usec\n"
time="2024-05-30T03:38:39.425406905-06:00" level=debug msg="Invoking: gptj-python-rae3dupxiyqgd33gj444.default.192.168.1.240.sslip.io:80"
time="2024-05-30T03:38:39.434948049-06:00" level=debug msg="Invoked gptj-python-rae3dupxiyqgd33gj444.default.192.168.1.240.sslip.io in 9549 usec\n"
time="2024-05-30T03:38:46.929397944-06:00" level=debug msg="Invoking: gptj-python-rae3dupxiyqgd33gj444.default.192.168.1.240.sslip.io:80"
time="2024-05-30T03:38:46.938976136-06:00" level=debug msg="Invoked gptj-python-rae3dupxiyqgd33gj444.default.192.168.1.240.sslip.io in 9587 usec\n"
time="2024-05-30T03:38:54.433384212-06:00" level=debug msg="Invoking: gptj-python-rae3dupxiyqgd33gj444.default.192.168.1.240.sslip.io:80"
time="2024-05-30T03:38:54.443277278-06:00" level=debug msg="Invoked gptj-python-rae3dupxiyqgd33gj444.default.192.168.1.240.sslip.io in 9899 usec\n"
time="2024-05-30T03:39:01.905570434-06:00" level=debug msg="Minute: 6"
time="2024-05-30T03:39:01.905664342-06:00" level=debug msg="Number of Invocations this iteration: 8"
time="2024-05-30T03:39:01.905754384-06:00" level=debug msg="Invoking: image-rotate-go-6-22qqcnsgzvavdryj0x3x.default.192.168.1.240.sslip.io:80"
time="2024-05-30T03:39:09.084515608-06:00" level=debug msg="Invoked image-rotate-go-6-22qqcnsgzvavdryj0x3x.default.192.168.1.240.sslip.io in 7178756 usec\n"
time="2024-05-30T03:39:09.406544785-06:00" level=debug msg="Invoking: gptj-python-rae3dupxiyqgd33gj444.default.192.168.1.240.sslip.io:80"
time="2024-05-30T03:39:09.417050225-06:00" level=debug msg="Invoked gptj-python-rae3dupxiyqgd33gj444.default.192.168.1.240.sslip.io in 10517 usec\n"
time="2024-05-30T03:39:16.90992135-06:00" level=debug msg="Invoking: gptj-python-rae3dupxiyqgd33gj444.default.192.168.1.240.sslip.io:80"
time="2024-05-30T03:39:16.92019817-06:00" level=debug msg="Invoked gptj-python-rae3dupxiyqgd33gj444.default.192.168.1.240.sslip.io in 10289 usec\n"
time="2024-05-30T03:39:24.413443268-06:00" level=debug msg="Invoking: gptj-python-rae3dupxiyqgd33gj444.default.192.168.1.240.sslip.io:80"
time="2024-05-30T03:39:24.424061921-06:00" level=debug msg="Invoked gptj-python-rae3dupxiyqgd33gj444.default.192.168.1.240.sslip.io in 10656 usec\n"
time="2024-05-30T03:39:31.919652736-06:00" level=debug msg="Invoking: cartservice-x4nbmikn7nqh44isrp27.default.192.168.1.240.sslip.io:80"
time="2024-05-30T03:39:31.933088085-06:00" level=debug msg="Invoked cartservice-x4nbmikn7nqh44isrp27.default.192.168.1.240.sslip.io in 13449 usec\n"
time="2024-05-30T03:39:39.420122643-06:00" level=debug msg="Invoking: gptj-python-rae3dupxiyqgd33gj444.default.192.168.1.240.sslip.io:80"
time="2024-05-30T03:39:39.430599259-06:00" level=debug msg="Invoked gptj-python-rae3dupxiyqgd33gj444.default.192.168.1.240.sslip.io in 10490 usec\n"
time="2024-05-30T03:39:46.925327858-06:00" level=debug msg="Invoking: gptj-python-rae3dupxiyqgd33gj444.default.192.168.1.240.sslip.io:80"
time="2024-05-30T03:39:46.935881584-06:00" level=debug msg="Invoked gptj-python-rae3dupxiyqgd33gj444.default.192.168.1.240.sslip.io in 10564 usec\n"
time="2024-05-30T03:39:54.430822962-06:00" level=debug msg="Invoking: gptj-python-rae3dupxiyqgd33gj444.default.192.168.1.240.sslip.io:80"
time="2024-05-30T03:39:54.441554771-06:00" level=debug msg="Invoked gptj-python-rae3dupxiyqgd33gj444.default.192.168.1.240.sslip.io in 10743 usec\n"
time="2024-05-30T03:40:01.901311621-06:00" level=debug msg="Minute: 7"
time="2024-05-30T03:40:01.901400815-06:00" level=debug msg="Number of Invocations this iteration: 8"
time="2024-05-30T03:40:01.901467189-06:00" level=debug msg="Invoking: cartservice-x4nbmikn7nqh44isrp27.default.192.168.1.240.sslip.io:80"
time="2024-05-30T03:40:01.914260146-06:00" level=debug msg="Invoked cartservice-x4nbmikn7nqh44isrp27.default.192.168.1.240.sslip.io in 12788 usec\n"
time="2024-05-30T03:40:09.40536808-06:00" level=debug msg="Invoking: gptj-python-rae3dupxiyqgd33gj444.default.192.168.1.240.sslip.io:80"
time="2024-05-30T03:40:09.415201013-06:00" level=debug msg="Invoked gptj-python-rae3dupxiyqgd33gj444.default.192.168.1.240.sslip.io in 9846 usec\n"
time="2024-05-30T03:40:16.909335788-06:00" level=debug msg="Invoking: gptj-python-rae3dupxiyqgd33gj444.default.192.168.1.240.sslip.io:80"
time="2024-05-30T03:40:16.919233639-06:00" level=debug msg="Invoked gptj-python-rae3dupxiyqgd33gj444.default.192.168.1.240.sslip.io in 9906 usec\n"
time="2024-05-30T03:40:24.41374593-06:00" level=debug msg="Invoking: gptj-python-rae3dupxiyqgd33gj444.default.192.168.1.240.sslip.io:80"
time="2024-05-30T03:40:24.423922178-06:00" level=debug msg="Invoked gptj-python-rae3dupxiyqgd33gj444.default.192.168.1.240.sslip.io in 10189 usec\n"
time="2024-05-30T03:40:31.917367581-06:00" level=debug msg="Invoking: cartservice-x4nbmikn7nqh44isrp27.default.192.168.1.240.sslip.io:80"
time="2024-05-30T03:40:31.933749628-06:00" level=debug msg="Invoked cartservice-x4nbmikn7nqh44isrp27.default.192.168.1.240.sslip.io in 16379 usec\n"
time="2024-05-30T03:40:39.422231438-06:00" level=debug msg="Invoking: gptj-python-rae3dupxiyqgd33gj444.default.192.168.1.240.sslip.io:80"
time="2024-05-30T03:40:39.433436982-06:00" level=debug msg="Invoked gptj-python-rae3dupxiyqgd33gj444.default.192.168.1.240.sslip.io in 11271 usec\n"
time="2024-05-30T03:40:46.929382618-06:00" level=debug msg="Invoking: gptj-python-rae3dupxiyqgd33gj444.default.192.168.1.240.sslip.io:80"
time="2024-05-30T03:40:46.939732684-06:00" level=debug msg="Invoked gptj-python-rae3dupxiyqgd33gj444.default.192.168.1.240.sslip.io in 10360 usec\n"
time="2024-05-30T03:40:54.436255041-06:00" level=debug msg="Invoking: gptj-python-rae3dupxiyqgd33gj444.default.192.168.1.240.sslip.io:80"
time="2024-05-30T03:40:54.446505992-06:00" level=debug msg="Invoked gptj-python-rae3dupxiyqgd33gj444.default.192.168.1.240.sslip.io in 10257 usec\n"
time="2024-05-30T03:41:01.901427909-06:00" level=debug msg="Minute: 8"
time="2024-05-30T03:41:01.901582248-06:00" level=debug msg="Number of Invocations this iteration: 8"
time="2024-05-30T03:41:01.901665933-06:00" level=debug msg="Invoking: cartservice-x4nbmikn7nqh44isrp27.default.192.168.1.240.sslip.io:80"
time="2024-05-30T03:41:01.915112021-06:00" level=debug msg="Invoked cartservice-x4nbmikn7nqh44isrp27.default.192.168.1.240.sslip.io in 13444 usec\n"
time="2024-05-30T03:41:09.406265843-06:00" level=debug msg="Invoking: gptj-python-rae3dupxiyqgd33gj444.default.192.168.1.240.sslip.io:80"
time="2024-05-30T03:41:09.41654088-06:00" level=debug msg="Invoked gptj-python-rae3dupxiyqgd33gj444.default.192.168.1.240.sslip.io in 10290 usec\n"
time="2024-05-30T03:41:16.913386569-06:00" level=debug msg="Invoking: gptj-python-rae3dupxiyqgd33gj444.default.192.168.1.240.sslip.io:80"
time="2024-05-30T03:41:16.923265274-06:00" level=debug msg="Invoked gptj-python-rae3dupxiyqgd33gj444.default.192.168.1.240.sslip.io in 9888 usec\n"
time="2024-05-30T03:41:24.41734778-06:00" level=debug msg="Invoking: gptj-python-rae3dupxiyqgd33gj444.default.192.168.1.240.sslip.io:80"
time="2024-05-30T03:41:24.427707506-06:00" level=debug msg="Invoked gptj-python-rae3dupxiyqgd33gj444.default.192.168.1.240.sslip.io in 10370 usec\n"
time="2024-05-30T03:41:31.921351626-06:00" level=debug msg="Invoking: cartservice-x4nbmikn7nqh44isrp27.default.192.168.1.240.sslip.io:80"
time="2024-05-30T03:41:31.935049295-06:00" level=debug msg="Invoked cartservice-x4nbmikn7nqh44isrp27.default.192.168.1.240.sslip.io in 13708 usec\n"
time="2024-05-30T03:41:39.425419309-06:00" level=debug msg="Invoking: gptj-python-rae3dupxiyqgd33gj444.default.192.168.1.240.sslip.io:80"
time="2024-05-30T03:41:39.435942994-06:00" level=debug msg="Invoked gptj-python-rae3dupxiyqgd33gj444.default.192.168.1.240.sslip.io in 10532 usec\n"
time="2024-05-30T03:41:46.929343892-06:00" level=debug msg="Invoking: gptj-python-rae3dupxiyqgd33gj444.default.192.168.1.240.sslip.io:80"
time="2024-05-30T03:41:46.939471046-06:00" level=debug msg="Invoked gptj-python-rae3dupxiyqgd33gj444.default.192.168.1.240.sslip.io in 10136 usec\n"
time="2024-05-30T03:41:54.433415534-06:00" level=debug msg="Invoking: gptj-python-rae3dupxiyqgd33gj444.default.192.168.1.240.sslip.io:80"
time="2024-05-30T03:41:54.444131519-06:00" level=debug msg="Invoked gptj-python-rae3dupxiyqgd33gj444.default.192.168.1.240.sslip.io in 10728 usec\n"
time="2024-05-30T03:42:01.905342547-06:00" level=debug msg="Minute: 9"
time="2024-05-30T03:42:01.905444379-06:00" level=debug msg="Number of Invocations this iteration: 8"
time="2024-05-30T03:42:01.905537629-06:00" level=debug msg="Invoking: cartservice-x4nbmikn7nqh44isrp27.default.192.168.1.240.sslip.io:80"
time="2024-05-30T03:42:01.917604689-06:00" level=debug msg="Invoked cartservice-x4nbmikn7nqh44isrp27.default.192.168.1.240.sslip.io in 12064 usec\n"
time="2024-05-30T03:42:09.410544577-06:00" level=debug msg="Invoking: gptj-python-rae3dupxiyqgd33gj444.default.192.168.1.240.sslip.io:80"
time="2024-05-30T03:42:09.421324151-06:00" level=debug msg="Invoked gptj-python-rae3dupxiyqgd33gj444.default.192.168.1.240.sslip.io in 10809 usec\n"
time="2024-05-30T03:42:16.917391512-06:00" level=debug msg="Invoking: gptj-python-rae3dupxiyqgd33gj444.default.192.168.1.240.sslip.io:80"
time="2024-05-30T03:42:16.927428292-06:00" level=debug msg="Invoked gptj-python-rae3dupxiyqgd33gj444.default.192.168.1.240.sslip.io in 10046 usec\n"
time="2024-05-30T03:42:24.421396181-06:00" level=debug msg="Invoking: gptj-python-rae3dupxiyqgd33gj444.default.192.168.1.240.sslip.io:80"
time="2024-05-30T03:42:24.431512528-06:00" level=debug msg="Invoked gptj-python-rae3dupxiyqgd33gj444.default.192.168.1.240.sslip.io in 10126 usec\n"
time="2024-05-30T03:42:31.921562341-06:00" level=debug msg="Invoking: cartservice-x4nbmikn7nqh44isrp27.default.192.168.1.240.sslip.io:80"
time="2024-05-30T03:42:31.933675531-06:00" level=debug msg="Invoked cartservice-x4nbmikn7nqh44isrp27.default.192.168.1.240.sslip.io in 12120 usec\n"
time="2024-05-30T03:42:39.426314142-06:00" level=debug msg="Invoking: gptj-python-rae3dupxiyqgd33gj444.default.192.168.1.240.sslip.io:80"
time="2024-05-30T03:42:39.438923584-06:00" level=debug msg="Invoked gptj-python-rae3dupxiyqgd33gj444.default.192.168.1.240.sslip.io in 12618 usec\n"
time="2024-05-30T03:42:46.92987459-06:00" level=debug msg="Invoking: gptj-python-rae3dupxiyqgd33gj444.default.192.168.1.240.sslip.io:80"
time="2024-05-30T03:42:46.939492924-06:00" level=debug msg="Invoked gptj-python-rae3dupxiyqgd33gj444.default.192.168.1.240.sslip.io in 9622 usec\n"
time="2024-05-30T03:42:54.433393483-06:00" level=debug msg="Invoking: gptj-python-rae3dupxiyqgd33gj444.default.192.168.1.240.sslip.io:80"
time="2024-05-30T03:42:54.444014131-06:00" level=debug msg="Invoked gptj-python-rae3dupxiyqgd33gj444.default.192.168.1.240.sslip.io in 10628 usec\n"
time="2024-05-30T03:43:01.901388397-06:00" level=debug msg="Minute: 10"
time="2024-05-30T03:43:01.901554281-06:00" level=debug msg="Number of Invocations this iteration: 8"
time="2024-05-30T03:43:01.901640936-06:00" level=debug msg="Invoking: rnn-serving-python-10-10-5w5wso5twocsowcefvnm.default.192.168.1.240.sslip.io:80"
time="2024-05-30T03:43:08.886925052-06:00" level=debug msg="Invoked rnn-serving-python-10-10-5w5wso5twocsowcefvnm.default.192.168.1.240.sslip.io in 6985276 usec\n"
time="2024-05-30T03:43:09.402248742-06:00" level=debug msg="Invoking: gptj-python-rae3dupxiyqgd33gj444.default.192.168.1.240.sslip.io:80"
time="2024-05-30T03:43:09.41403565-06:00" level=debug msg="Invoked gptj-python-rae3dupxiyqgd33gj444.default.192.168.1.240.sslip.io in 11798 usec\n"
time="2024-05-30T03:43:16.905395689-06:00" level=debug msg="Invoking: gptj-python-rae3dupxiyqgd33gj444.default.192.168.1.240.sslip.io:80"
time="2024-05-30T03:43:16.914680448-06:00" level=debug msg="Invoked gptj-python-rae3dupxiyqgd33gj444.default.192.168.1.240.sslip.io in 9294 usec\n"
time="2024-05-30T03:43:24.410388318-06:00" level=debug msg="Invoking: gptj-python-rae3dupxiyqgd33gj444.default.192.168.1.240.sslip.io:80"
time="2024-05-30T03:43:24.42130262-06:00" level=debug msg="Invoked gptj-python-rae3dupxiyqgd33gj444.default.192.168.1.240.sslip.io in 10924 usec\n"
time="2024-05-30T03:43:31.917409639-06:00" level=debug msg="Invoking: cartservice-x4nbmikn7nqh44isrp27.default.192.168.1.240.sslip.io:80"
time="2024-05-30T03:43:31.930608231-06:00" level=debug msg="Invoked cartservice-x4nbmikn7nqh44isrp27.default.192.168.1.240.sslip.io in 13210 usec\n"
time="2024-05-30T03:43:39.421412166-06:00" level=debug msg="Invoking: gptj-python-rae3dupxiyqgd33gj444.default.192.168.1.240.sslip.io:80"
time="2024-05-30T03:43:39.430524509-06:00" level=debug msg="Invoked gptj-python-rae3dupxiyqgd33gj444.default.192.168.1.240.sslip.io in 9120 usec\n"
time="2024-05-30T03:43:46.928490839-06:00" level=debug msg="Invoking: gptj-python-rae3dupxiyqgd33gj444.default.192.168.1.240.sslip.io:80"
time="2024-05-30T03:43:46.938126008-06:00" level=debug msg="Invoked gptj-python-rae3dupxiyqgd33gj444.default.192.168.1.240.sslip.io in 9644 usec\n"
time="2024-05-30T03:43:54.433368106-06:00" level=debug msg="Invoking: gptj-python-rae3dupxiyqgd33gj444.default.192.168.1.240.sslip.io:80"
time="2024-05-30T03:43:54.443560199-06:00" level=debug msg="Invoked gptj-python-rae3dupxiyqgd33gj444.default.192.168.1.240.sslip.io in 10205 usec\n"
time="2024-05-30T03:44:01.901434263-06:00" level=debug msg="Minute: 11"
time="2024-05-30T03:44:01.901553071-06:00" level=debug msg="Number of Invocations this iteration: 8"
time="2024-05-30T03:44:01.901643186-06:00" level=debug msg="Invoking: image-rotate-go-6-22qqcnsgzvavdryj0x3x.default.192.168.1.240.sslip.io:80"
time="2024-05-30T03:44:09.405380175-06:00" level=debug msg="Invoking: gptj-python-rae3dupxiyqgd33gj444.default.192.168.1.240.sslip.io:80"
time="2024-05-30T03:44:09.41572139-06:00" level=debug msg="Invoked gptj-python-rae3dupxiyqgd33gj444.default.192.168.1.240.sslip.io in 10373 usec\n"
time="2024-05-30T03:44:14.146838563-06:00" level=debug msg="Invoked image-rotate-go-6-22qqcnsgzvavdryj0x3x.default.192.168.1.240.sslip.io in 12245193 usec\n"
time="2024-05-30T03:44:16.906481171-06:00" level=debug msg="Invoking: gptj-python-rae3dupxiyqgd33gj444.default.192.168.1.240.sslip.io:80"
time="2024-05-30T03:44:16.916627039-06:00" level=debug msg="Invoked gptj-python-rae3dupxiyqgd33gj444.default.192.168.1.240.sslip.io in 10158 usec\n"
time="2024-05-30T03:44:24.413348072-06:00" level=debug msg="Invoking: gptj-python-rae3dupxiyqgd33gj444.default.192.168.1.240.sslip.io:80"
time="2024-05-30T03:44:24.424087562-06:00" level=debug msg="Invoked gptj-python-rae3dupxiyqgd33gj444.default.192.168.1.240.sslip.io in 10752 usec\n"
time="2024-05-30T03:44:31.917532188-06:00" level=debug msg="Invoking: cartservice-x4nbmikn7nqh44isrp27.default.192.168.1.240.sslip.io:80"
time="2024-05-30T03:44:31.931853704-06:00" level=debug msg="Invoked cartservice-x4nbmikn7nqh44isrp27.default.192.168.1.240.sslip.io in 14323 usec\n"
time="2024-05-30T03:44:39.423897547-06:00" level=debug msg="Invoking: gptj-python-rae3dupxiyqgd33gj444.default.192.168.1.240.sslip.io:80"
time="2024-05-30T03:44:39.43474041-06:00" level=debug msg="Invoked gptj-python-rae3dupxiyqgd33gj444.default.192.168.1.240.sslip.io in 10850 usec\n"
time="2024-05-30T03:44:46.929342106-06:00" level=debug msg="Invoking: gptj-python-rae3dupxiyqgd33gj444.default.192.168.1.240.sslip.io:80"
time="2024-05-30T03:44:46.939341377-06:00" level=debug msg="Invoked gptj-python-rae3dupxiyqgd33gj444.default.192.168.1.240.sslip.io in 10007 usec\n"
time="2024-05-30T03:44:54.433360257-06:00" level=debug msg="Invoking: gptj-python-rae3dupxiyqgd33gj444.default.192.168.1.240.sslip.io:80"
time="2024-05-30T03:44:54.444283856-06:00" level=debug msg="Invoked gptj-python-rae3dupxiyqgd33gj444.default.192.168.1.240.sslip.io in 10935 usec\n"
time="2024-05-30T03:45:01.905348843-06:00" level=debug msg="Minute: 12"
time="2024-05-30T03:45:01.905477675-06:00" level=debug msg="Number of Invocations this iteration: 8"
time="2024-05-30T03:45:01.905560546-06:00" level=debug msg="Invoking: cartservice-x4nbmikn7nqh44isrp27.default.192.168.1.240.sslip.io:80"
time="2024-05-30T03:45:01.918087963-06:00" level=debug msg="Invoked cartservice-x4nbmikn7nqh44isrp27.default.192.168.1.240.sslip.io in 12525 usec\n"
time="2024-05-30T03:45:09.409436009-06:00" level=debug msg="Invoking: gptj-python-rae3dupxiyqgd33gj444.default.192.168.1.240.sslip.io:80"
time="2024-05-30T03:45:09.420147705-06:00" level=debug msg="Invoked gptj-python-rae3dupxiyqgd33gj444.default.192.168.1.240.sslip.io in 10717 usec\n"
time="2024-05-30T03:45:16.913518444-06:00" level=debug msg="Invoking: gptj-python-rae3dupxiyqgd33gj444.default.192.168.1.240.sslip.io:80"
time="2024-05-30T03:45:16.923608901-06:00" level=debug msg="Invoked gptj-python-rae3dupxiyqgd33gj444.default.192.168.1.240.sslip.io in 10100 usec\n"
time="2024-05-30T03:45:24.420117154-06:00" level=debug msg="Invoking: gptj-python-rae3dupxiyqgd33gj444.default.192.168.1.240.sslip.io:80"
time="2024-05-30T03:45:24.431106379-06:00" level=debug msg="Invoked gptj-python-rae3dupxiyqgd33gj444.default.192.168.1.240.sslip.io in 10999 usec\n"
time="2024-05-30T03:45:31.927354202-06:00" level=debug msg="Invoking: cartservice-x4nbmikn7nqh44isrp27.default.192.168.1.240.sslip.io:80"
time="2024-05-30T03:45:31.938628597-06:00" level=debug msg="Invoked cartservice-x4nbmikn7nqh44isrp27.default.192.168.1.240.sslip.io in 11285 usec\n"
time="2024-05-30T03:45:39.433367968-06:00" level=debug msg="Invoking: gptj-python-rae3dupxiyqgd33gj444.default.192.168.1.240.sslip.io:80"
time="2024-05-30T03:45:39.443664177-06:00" level=debug msg="Invoked gptj-python-rae3dupxiyqgd33gj444.default.192.168.1.240.sslip.io in 10308 usec\n"
time="2024-05-30T03:45:46.937386967-06:00" level=debug msg="Invoking: gptj-python-rae3dupxiyqgd33gj444.default.192.168.1.240.sslip.io:80"
time="2024-05-30T03:45:46.947694568-06:00" level=debug msg="Invoked gptj-python-rae3dupxiyqgd33gj444.default.192.168.1.240.sslip.io in 10319 usec\n"
time="2024-05-30T03:45:54.441367183-06:00" level=debug msg="Invoking: gptj-python-rae3dupxiyqgd33gj444.default.192.168.1.240.sslip.io:80"
time="2024-05-30T03:45:54.452671084-06:00" level=debug msg="Invoked gptj-python-rae3dupxiyqgd33gj444.default.192.168.1.240.sslip.io in 11310 usec\n"
time="2024-05-30T03:46:01.901376852-06:00" level=debug msg="Minute: 13"
time="2024-05-30T03:46:01.901505849-06:00" level=debug msg="Number of Invocations this iteration: 8"
time="2024-05-30T03:46:01.901588471-06:00" level=debug msg="Invoking: cartservice-x4nbmikn7nqh44isrp27.default.192.168.1.240.sslip.io:80"
time="2024-05-30T03:46:01.916170941-06:00" level=debug msg="Invoked cartservice-x4nbmikn7nqh44isrp27.default.192.168.1.240.sslip.io in 14579 usec\n"
time="2024-05-30T03:46:09.405400785-06:00" level=debug msg="Invoking: gptj-python-rae3dupxiyqgd33gj444.default.192.168.1.240.sslip.io:80"
time="2024-05-30T03:46:09.416364025-06:00" level=debug msg="Invoked gptj-python-rae3dupxiyqgd33gj444.default.192.168.1.240.sslip.io in 10973 usec\n"
time="2024-05-30T03:46:16.909388631-06:00" level=debug msg="Invoking: gptj-python-rae3dupxiyqgd33gj444.default.192.168.1.240.sslip.io:80"
time="2024-05-30T03:46:16.919498958-06:00" level=debug msg="Invoked gptj-python-rae3dupxiyqgd33gj444.default.192.168.1.240.sslip.io in 10119 usec\n"
time="2024-05-30T03:46:24.413717787-06:00" level=debug msg="Invoking: gptj-python-rae3dupxiyqgd33gj444.default.192.168.1.240.sslip.io:80"
time="2024-05-30T03:46:24.424556939-06:00" level=debug msg="Invoked gptj-python-rae3dupxiyqgd33gj444.default.192.168.1.240.sslip.io in 10850 usec\n"
time="2024-05-30T03:46:31.920855464-06:00" level=debug msg="Invoking: cartservice-x4nbmikn7nqh44isrp27.default.192.168.1.240.sslip.io:80"
time="2024-05-30T03:46:31.934780477-06:00" level=debug msg="Invoked cartservice-x4nbmikn7nqh44isrp27.default.192.168.1.240.sslip.io in 13926 usec\n"
time="2024-05-30T03:46:39.421114979-06:00" level=debug msg="Invoking: gptj-python-rae3dupxiyqgd33gj444.default.192.168.1.240.sslip.io:80"
time="2024-05-30T03:46:39.430876929-06:00" level=debug msg="Invoked gptj-python-rae3dupxiyqgd33gj444.default.192.168.1.240.sslip.io in 9824 usec\n"
time="2024-05-30T03:46:46.925345099-06:00" level=debug msg="Invoking: gptj-python-rae3dupxiyqgd33gj444.default.192.168.1.240.sslip.io:80"
time="2024-05-30T03:46:46.93470205-06:00" level=debug msg="Invoked gptj-python-rae3dupxiyqgd33gj444.default.192.168.1.240.sslip.io in 9364 usec\n"
time="2024-05-30T03:46:54.429402949-06:00" level=debug msg="Invoking: gptj-python-rae3dupxiyqgd33gj444.default.192.168.1.240.sslip.io:80"
time="2024-05-30T03:46:54.438253756-06:00" level=debug msg="Invoked gptj-python-rae3dupxiyqgd33gj444.default.192.168.1.240.sslip.io in 8862 usec\n"
time="2024-05-30T03:47:01.902361422-06:00" level=info msg="Experiment Phase Completed"
time="2024-05-30T03:47:01.902521659-06:00" level=info msg="Issued / completed requests: 112, 112"
time="2024-05-30T03:47:01.902558575-06:00" level=info msg="Average Real RPS: 0.13 "
time="2024-05-30T03:47:01.902584164-06:00" level=info msg="Experiment finished!"
time="2024-05-30T03:47:01.902610986-06:00" level=info msg="The measured latencies are saved in rps_lat.csv"
