time="2024-05-30T02:15:27.25773841-06:00" level=debug msg="Debug logging is enabled"
time="2024-05-30T02:15:27.2578844-06:00" level=info msg="Reading the trace endpoints from the file: /users/ArunAMS/vSwarm/tools/load-generator/load.json"
time="2024-05-30T02:15:27.259146285-06:00" level=info msg="Warmup Duration: 3"
time="2024-05-30T02:15:27.259169353-06:00" level=info msg="Experiment Duration: 11"
time="2024-05-30T02:15:27.259187715-06:00" level=info msg="Minute Granularity: true"
time="2024-05-30T02:16:27.292021821-06:00" level=info msg="Running Warmup Phase"
time="2024-05-30T02:16:27.292100926-06:00" level=debug msg="Minute: 0"
time="2024-05-30T02:16:27.292179051-06:00" level=debug msg="Number of Invocations this iteration: 8"
time="2024-05-30T02:16:27.292290895-06:00" level=debug msg="Invoking: cartservice-h242qqbdsewbyppchbro.default.192.168.1.240.sslip.io:80"
time="2024-05-30T02:16:34.796105618-06:00" level=debug msg="Invoking: gptj-python-4lsvtjczaeotnzax25j6.default.192.168.1.240.sslip.io:80"
time="2024-05-30T02:16:42.300023069-06:00" level=debug msg="Invoking: gptj-python-4lsvtjczaeotnzax25j6.default.192.168.1.240.sslip.io:80"
time="2024-05-30T02:16:49.802822112-06:00" level=debug msg="Invoking: gptj-python-4lsvtjczaeotnzax25j6.default.192.168.1.240.sslip.io:80"
time="2024-05-30T02:16:57.308066123-06:00" level=debug msg="Invoking: cartservice-h242qqbdsewbyppchbro.default.192.168.1.240.sslip.io:80"
time="2024-05-30T02:17:04.812060612-06:00" level=debug msg="Invoking: gptj-python-4lsvtjczaeotnzax25j6.default.192.168.1.240.sslip.io:80"
time="2024-05-30T02:17:12.31776885-06:00" level=debug msg="Invoking: gptj-python-4lsvtjczaeotnzax25j6.default.192.168.1.240.sslip.io:80"
time="2024-05-30T02:17:19.824007915-06:00" level=debug msg="Invoking: gptj-python-4lsvtjczaeotnzax25j6.default.192.168.1.240.sslip.io:80"
time="2024-05-30T02:17:27.26407534-06:00" level=debug msg="Minute: 1"
time="2024-05-30T02:17:27.264201948-06:00" level=debug msg="Number of Invocations this iteration: 8"
time="2024-05-30T02:17:27.264289174-06:00" level=debug msg="Invoking: image-rotate-go-6-dp1ovw0994v9vif0zzyl.default.192.168.1.240.sslip.io:80"
time="2024-05-30T02:17:34.768002483-06:00" level=debug msg="Invoking: gptj-python-4lsvtjczaeotnzax25j6.default.192.168.1.240.sslip.io:80"
time="2024-05-30T02:17:42.272667261-06:00" level=debug msg="Invoking: gptj-python-4lsvtjczaeotnzax25j6.default.192.168.1.240.sslip.io:80"
time="2024-05-30T02:17:49.776070037-06:00" level=debug msg="Invoking: gptj-python-4lsvtjczaeotnzax25j6.default.192.168.1.240.sslip.io:80"
time="2024-05-30T02:17:57.276203505-06:00" level=debug msg="Invoking: cartservice-h242qqbdsewbyppchbro.default.192.168.1.240.sslip.io:80"
time="2024-05-30T02:18:04.779993706-06:00" level=debug msg="Invoking: gptj-python-4lsvtjczaeotnzax25j6.default.192.168.1.240.sslip.io:80"
time="2024-05-30T02:18:12.284023082-06:00" level=debug msg="Invoking: gptj-python-4lsvtjczaeotnzax25j6.default.192.168.1.240.sslip.io:80"
time="2024-05-30T02:18:19.788060022-06:00" level=debug msg="Invoking: gptj-python-4lsvtjczaeotnzax25j6.default.192.168.1.240.sslip.io:80"
time="2024-05-30T02:18:27.264062654-06:00" level=debug msg="Minute: 2"
time="2024-05-30T02:18:27.264165216-06:00" level=debug msg="Number of Invocations this iteration: 8"
time="2024-05-30T02:18:27.26425944-06:00" level=debug msg="Invoking: cartservice-h242qqbdsewbyppchbro.default.192.168.1.240.sslip.io:80"
time="2024-05-30T02:18:34.770741253-06:00" level=debug msg="Invoking: gptj-python-4lsvtjczaeotnzax25j6.default.192.168.1.240.sslip.io:80"
time="2024-05-30T02:18:42.27605492-06:00" level=debug msg="Invoking: gptj-python-4lsvtjczaeotnzax25j6.default.192.168.1.240.sslip.io:80"
time="2024-05-30T02:18:49.780083752-06:00" level=debug msg="Invoking: gptj-python-4lsvtjczaeotnzax25j6.default.192.168.1.240.sslip.io:80"
time="2024-05-30T02:18:57.28404103-06:00" level=debug msg="Invoking: cartservice-h242qqbdsewbyppchbro.default.192.168.1.240.sslip.io:80"
time="2024-05-30T02:19:04.788082646-06:00" level=debug msg="Invoking: gptj-python-4lsvtjczaeotnzax25j6.default.192.168.1.240.sslip.io:80"
time="2024-05-30T02:19:12.292033638-06:00" level=debug msg="Invoking: gptj-python-4lsvtjczaeotnzax25j6.default.192.168.1.240.sslip.io:80"
time="2024-05-30T02:19:19.796042902-06:00" level=debug msg="Invoking: gptj-python-4lsvtjczaeotnzax25j6.default.192.168.1.240.sslip.io:80"
time="2024-05-30T02:19:27.264544213-06:00" level=info msg="Warmup Phase Completed"
time="2024-05-30T02:19:27.264620893-06:00" level=info msg="Running Experiment Phase"
time="2024-05-30T02:19:27.264659534-06:00" level=debug msg="Minute: 3"
time="2024-05-30T02:19:27.264729766-06:00" level=debug msg="Number of Invocations this iteration: 8"
time="2024-05-30T02:19:27.264805538-06:00" level=debug msg="Invoking: cartservice-h242qqbdsewbyppchbro.default.192.168.1.240.sslip.io:80"
time="2024-05-30T02:19:27.27861656-06:00" level=debug msg="Invoked cartservice-h242qqbdsewbyppchbro.default.192.168.1.240.sslip.io in 13820 usec\n"
time="2024-05-30T02:19:34.772022898-06:00" level=debug msg="Invoking: gptj-python-4lsvtjczaeotnzax25j6.default.192.168.1.240.sslip.io:80"
time="2024-05-30T02:19:34.784740484-06:00" level=debug msg="Invoked gptj-python-4lsvtjczaeotnzax25j6.default.192.168.1.240.sslip.io in 12717 usec\n"
time="2024-05-30T02:19:42.276229093-06:00" level=debug msg="Invoking: gptj-python-4lsvtjczaeotnzax25j6.default.192.168.1.240.sslip.io:80"
time="2024-05-30T02:19:42.286917374-06:00" level=debug msg="Invoked gptj-python-4lsvtjczaeotnzax25j6.default.192.168.1.240.sslip.io in 10695 usec\n"
time="2024-05-30T02:19:49.780228143-06:00" level=debug msg="Invoking: gptj-python-4lsvtjczaeotnzax25j6.default.192.168.1.240.sslip.io:80"
time="2024-05-30T02:19:49.7954122-06:00" level=debug msg="Invoked gptj-python-4lsvtjczaeotnzax25j6.default.192.168.1.240.sslip.io in 15194 usec\n"
time="2024-05-30T02:19:57.281651697-06:00" level=debug msg="Invoking: cartservice-h242qqbdsewbyppchbro.default.192.168.1.240.sslip.io:80"
time="2024-05-30T02:19:57.293437416-06:00" level=debug msg="Invoked cartservice-h242qqbdsewbyppchbro.default.192.168.1.240.sslip.io in 11795 usec\n"
time="2024-05-30T02:20:04.788036462-06:00" level=debug msg="Invoking: gptj-python-4lsvtjczaeotnzax25j6.default.192.168.1.240.sslip.io:80"
time="2024-05-30T02:20:04.798597501-06:00" level=debug msg="Invoked gptj-python-4lsvtjczaeotnzax25j6.default.192.168.1.240.sslip.io in 10568 usec\n"
time="2024-05-30T02:20:12.29310033-06:00" level=debug msg="Invoking: gptj-python-4lsvtjczaeotnzax25j6.default.192.168.1.240.sslip.io:80"
time="2024-05-30T02:20:12.303671794-06:00" level=debug msg="Invoked gptj-python-4lsvtjczaeotnzax25j6.default.192.168.1.240.sslip.io in 10582 usec\n"
time="2024-05-30T02:20:19.800046377-06:00" level=debug msg="Invoking: gptj-python-4lsvtjczaeotnzax25j6.default.192.168.1.240.sslip.io:80"
time="2024-05-30T02:20:19.81137667-06:00" level=debug msg="Invoked gptj-python-4lsvtjczaeotnzax25j6.default.192.168.1.240.sslip.io in 11341 usec\n"
time="2024-05-30T02:20:27.264053604-06:00" level=debug msg="Minute: 4"
time="2024-05-30T02:20:27.264149142-06:00" level=debug msg="Number of Invocations this iteration: 8"
time="2024-05-30T02:20:27.264241414-06:00" level=debug msg="Invoking: rnn-serving-python-10-10-kby5zzuptiffqexgildf.default.192.168.1.240.sslip.io:80"
time="2024-05-30T02:20:34.768051558-06:00" level=debug msg="Invoking: gptj-python-4lsvtjczaeotnzax25j6.default.192.168.1.240.sslip.io:80"
time="2024-05-30T02:20:34.778265377-06:00" level=debug msg="Invoked gptj-python-4lsvtjczaeotnzax25j6.default.192.168.1.240.sslip.io in 10223 usec\n"
time="2024-05-30T02:20:40.461672304-06:00" level=debug msg="Invoked rnn-serving-python-10-10-kby5zzuptiffqexgildf.default.192.168.1.240.sslip.io in 13197428 usec\n"
time="2024-05-30T02:20:42.269171709-06:00" level=debug msg="Invoking: gptj-python-4lsvtjczaeotnzax25j6.default.192.168.1.240.sslip.io:80"
time="2024-05-30T02:20:42.27965876-06:00" level=debug msg="Invoked gptj-python-4lsvtjczaeotnzax25j6.default.192.168.1.240.sslip.io in 10525 usec\n"
time="2024-05-30T02:20:49.771342302-06:00" level=debug msg="Invoking: gptj-python-4lsvtjczaeotnzax25j6.default.192.168.1.240.sslip.io:80"
time="2024-05-30T02:20:49.782394949-06:00" level=debug msg="Invoked gptj-python-4lsvtjczaeotnzax25j6.default.192.168.1.240.sslip.io in 11062 usec\n"
time="2024-05-30T02:20:57.276017913-06:00" level=debug msg="Invoking: cartservice-h242qqbdsewbyppchbro.default.192.168.1.240.sslip.io:80"
time="2024-05-30T02:20:57.28908005-06:00" level=debug msg="Invoked cartservice-h242qqbdsewbyppchbro.default.192.168.1.240.sslip.io in 13072 usec\n"
time="2024-05-30T02:21:04.781373263-06:00" level=debug msg="Invoking: gptj-python-4lsvtjczaeotnzax25j6.default.192.168.1.240.sslip.io:80"
time="2024-05-30T02:21:04.791836094-06:00" level=debug msg="Invoked gptj-python-4lsvtjczaeotnzax25j6.default.192.168.1.240.sslip.io in 10470 usec\n"
time="2024-05-30T02:21:12.288039111-06:00" level=debug msg="Invoking: gptj-python-4lsvtjczaeotnzax25j6.default.192.168.1.240.sslip.io:80"
time="2024-05-30T02:21:12.299062561-06:00" level=debug msg="Invoked gptj-python-4lsvtjczaeotnzax25j6.default.192.168.1.240.sslip.io in 11033 usec\n"
time="2024-05-30T02:21:19.792065698-06:00" level=debug msg="Invoking: gptj-python-4lsvtjczaeotnzax25j6.default.192.168.1.240.sslip.io:80"
time="2024-05-30T02:21:19.803252631-06:00" level=debug msg="Invoked gptj-python-4lsvtjczaeotnzax25j6.default.192.168.1.240.sslip.io in 11191 usec\n"
time="2024-05-30T02:21:27.264074496-06:00" level=debug msg="Minute: 5"
time="2024-05-30T02:21:27.264199671-06:00" level=debug msg="Number of Invocations this iteration: 8"
time="2024-05-30T02:21:27.264301619-06:00" level=debug msg="Invoking: cartservice-h242qqbdsewbyppchbro.default.192.168.1.240.sslip.io:80"
time="2024-05-30T02:21:27.281184925-06:00" level=debug msg="Invoked cartservice-h242qqbdsewbyppchbro.default.192.168.1.240.sslip.io in 16876 usec\n"
time="2024-05-30T02:21:34.77025866-06:00" level=debug msg="Invoking: gptj-python-4lsvtjczaeotnzax25j6.default.192.168.1.240.sslip.io:80"
time="2024-05-30T02:21:34.783710724-06:00" level=debug msg="Invoked gptj-python-4lsvtjczaeotnzax25j6.default.192.168.1.240.sslip.io in 13459 usec\n"
time="2024-05-30T02:21:42.276033629-06:00" level=debug msg="Invoking: gptj-python-4lsvtjczaeotnzax25j6.default.192.168.1.240.sslip.io:80"
time="2024-05-30T02:21:42.286493054-06:00" level=debug msg="Invoked gptj-python-4lsvtjczaeotnzax25j6.default.192.168.1.240.sslip.io in 10483 usec\n"
time="2024-05-30T02:21:49.780207452-06:00" level=debug msg="Invoking: gptj-python-4lsvtjczaeotnzax25j6.default.192.168.1.240.sslip.io:80"
time="2024-05-30T02:21:49.790686366-06:00" level=debug msg="Invoked gptj-python-4lsvtjczaeotnzax25j6.default.192.168.1.240.sslip.io in 10490 usec\n"
time="2024-05-30T02:21:57.285218579-06:00" level=debug msg="Invoking: cartservice-h242qqbdsewbyppchbro.default.192.168.1.240.sslip.io:80"
time="2024-05-30T02:21:57.330009799-06:00" level=debug msg="Invoked cartservice-h242qqbdsewbyppchbro.default.192.168.1.240.sslip.io in 44799 usec\n"
time="2024-05-30T02:22:04.792361702-06:00" level=debug msg="Invoking: gptj-python-4lsvtjczaeotnzax25j6.default.192.168.1.240.sslip.io:80"
time="2024-05-30T02:22:04.803743409-06:00" level=debug msg="Invoked gptj-python-4lsvtjczaeotnzax25j6.default.192.168.1.240.sslip.io in 11393 usec\n"
time="2024-05-30T02:22:12.297254786-06:00" level=debug msg="Invoking: gptj-python-4lsvtjczaeotnzax25j6.default.192.168.1.240.sslip.io:80"
time="2024-05-30T02:22:12.30757777-06:00" level=debug msg="Invoked gptj-python-4lsvtjczaeotnzax25j6.default.192.168.1.240.sslip.io in 10333 usec\n"
time="2024-05-30T02:22:19.801612621-06:00" level=debug msg="Invoking: gptj-python-4lsvtjczaeotnzax25j6.default.192.168.1.240.sslip.io:80"
time="2024-05-30T02:22:19.812038062-06:00" level=debug msg="Invoked gptj-python-4lsvtjczaeotnzax25j6.default.192.168.1.240.sslip.io in 10434 usec\n"
time="2024-05-30T02:22:27.264073767-06:00" level=debug msg="Minute: 6"
time="2024-05-30T02:22:27.26417752-06:00" level=debug msg="Number of Invocations this iteration: 8"
time="2024-05-30T02:22:27.264274167-06:00" level=debug msg="Invoking: image-rotate-go-6-dp1ovw0994v9vif0zzyl.default.192.168.1.240.sslip.io:80"
time="2024-05-30T02:22:34.768057083-06:00" level=debug msg="Invoking: gptj-python-4lsvtjczaeotnzax25j6.default.192.168.1.240.sslip.io:80"
time="2024-05-30T02:22:34.780332637-06:00" level=debug msg="Invoked gptj-python-4lsvtjczaeotnzax25j6.default.192.168.1.240.sslip.io in 12286 usec\n"
time="2024-05-30T02:22:39.91336184-06:00" level=debug msg="Invoked image-rotate-go-6-dp1ovw0994v9vif0zzyl.default.192.168.1.240.sslip.io in 12649085 usec\n"
time="2024-05-30T02:22:42.270567027-06:00" level=debug msg="Invoking: gptj-python-4lsvtjczaeotnzax25j6.default.192.168.1.240.sslip.io:80"
time="2024-05-30T02:22:42.281460631-06:00" level=debug msg="Invoked gptj-python-4lsvtjczaeotnzax25j6.default.192.168.1.240.sslip.io in 10933 usec\n"
time="2024-05-30T02:22:49.776064904-06:00" level=debug msg="Invoking: gptj-python-4lsvtjczaeotnzax25j6.default.192.168.1.240.sslip.io:80"
time="2024-05-30T02:22:49.786935174-06:00" level=debug msg="Invoked gptj-python-4lsvtjczaeotnzax25j6.default.192.168.1.240.sslip.io in 10880 usec\n"
time="2024-05-30T02:22:57.282659517-06:00" level=debug msg="Invoking: cartservice-h242qqbdsewbyppchbro.default.192.168.1.240.sslip.io:80"
time="2024-05-30T02:22:57.297444765-06:00" level=debug msg="Invoked cartservice-h242qqbdsewbyppchbro.default.192.168.1.240.sslip.io in 14796 usec\n"
time="2024-05-30T02:23:04.788086279-06:00" level=debug msg="Invoking: gptj-python-4lsvtjczaeotnzax25j6.default.192.168.1.240.sslip.io:80"
time="2024-05-30T02:23:04.79819775-06:00" level=debug msg="Invoked gptj-python-4lsvtjczaeotnzax25j6.default.192.168.1.240.sslip.io in 10122 usec\n"
time="2024-05-30T02:23:12.294815817-06:00" level=debug msg="Invoking: gptj-python-4lsvtjczaeotnzax25j6.default.192.168.1.240.sslip.io:80"
time="2024-05-30T02:23:12.305332263-06:00" level=debug msg="Invoked gptj-python-4lsvtjczaeotnzax25j6.default.192.168.1.240.sslip.io in 10527 usec\n"
time="2024-05-30T02:23:19.800823498-06:00" level=debug msg="Invoking: gptj-python-4lsvtjczaeotnzax25j6.default.192.168.1.240.sslip.io:80"
time="2024-05-30T02:23:19.811371619-06:00" level=debug msg="Invoked gptj-python-4lsvtjczaeotnzax25j6.default.192.168.1.240.sslip.io in 10560 usec\n"
time="2024-05-30T02:23:27.266648148-06:00" level=debug msg="Minute: 7"
time="2024-05-30T02:23:27.266740652-06:00" level=debug msg="Number of Invocations this iteration: 8"
time="2024-05-30T02:23:27.266826928-06:00" level=debug msg="Invoking: cartservice-h242qqbdsewbyppchbro.default.192.168.1.240.sslip.io:80"
time="2024-05-30T02:23:27.28055435-06:00" level=debug msg="Invoked cartservice-h242qqbdsewbyppchbro.default.192.168.1.240.sslip.io in 13725 usec\n"
time="2024-05-30T02:23:34.77396723-06:00" level=debug msg="Invoking: gptj-python-4lsvtjczaeotnzax25j6.default.192.168.1.240.sslip.io:80"
time="2024-05-30T02:23:34.78656591-06:00" level=debug msg="Invoked gptj-python-4lsvtjczaeotnzax25j6.default.192.168.1.240.sslip.io in 12614 usec\n"
time="2024-05-30T02:23:42.280073743-06:00" level=debug msg="Invoking: gptj-python-4lsvtjczaeotnzax25j6.default.192.168.1.240.sslip.io:80"
time="2024-05-30T02:23:42.290909559-06:00" level=debug msg="Invoked gptj-python-4lsvtjczaeotnzax25j6.default.192.168.1.240.sslip.io in 10843 usec\n"
time="2024-05-30T02:23:49.784019505-06:00" level=debug msg="Invoking: gptj-python-4lsvtjczaeotnzax25j6.default.192.168.1.240.sslip.io:80"
time="2024-05-30T02:23:49.794402457-06:00" level=debug msg="Invoked gptj-python-4lsvtjczaeotnzax25j6.default.192.168.1.240.sslip.io in 10392 usec\n"
time="2024-05-30T02:23:57.290735549-06:00" level=debug msg="Invoking: cartservice-h242qqbdsewbyppchbro.default.192.168.1.240.sslip.io:80"
time="2024-05-30T02:23:57.330314654-06:00" level=debug msg="Invoked cartservice-h242qqbdsewbyppchbro.default.192.168.1.240.sslip.io in 39586 usec\n"
time="2024-05-30T02:24:04.795996963-06:00" level=debug msg="Invoking: gptj-python-4lsvtjczaeotnzax25j6.default.192.168.1.240.sslip.io:80"
time="2024-05-30T02:24:04.806566338-06:00" level=debug msg="Invoked gptj-python-4lsvtjczaeotnzax25j6.default.192.168.1.240.sslip.io in 10579 usec\n"
time="2024-05-30T02:24:12.300171016-06:00" level=debug msg="Invoking: gptj-python-4lsvtjczaeotnzax25j6.default.192.168.1.240.sslip.io:80"
time="2024-05-30T02:24:12.310771601-06:00" level=debug msg="Invoked gptj-python-4lsvtjczaeotnzax25j6.default.192.168.1.240.sslip.io in 10601 usec\n"
time="2024-05-30T02:24:19.804005629-06:00" level=debug msg="Invoking: gptj-python-4lsvtjczaeotnzax25j6.default.192.168.1.240.sslip.io:80"
time="2024-05-30T02:24:19.814768431-06:00" level=debug msg="Invoked gptj-python-4lsvtjczaeotnzax25j6.default.192.168.1.240.sslip.io in 10774 usec\n"
time="2024-05-30T02:24:27.264340461-06:00" level=debug msg="Minute: 8"
time="2024-05-30T02:24:27.264481424-06:00" level=debug msg="Number of Invocations this iteration: 8"
time="2024-05-30T02:24:27.26457543-06:00" level=debug msg="Invoking: cartservice-h242qqbdsewbyppchbro.default.192.168.1.240.sslip.io:80"
time="2024-05-30T02:24:27.280414872-06:00" level=debug msg="Invoked cartservice-h242qqbdsewbyppchbro.default.192.168.1.240.sslip.io in 15858 usec\n"
time="2024-05-30T02:24:34.768030047-06:00" level=debug msg="Invoking: gptj-python-4lsvtjczaeotnzax25j6.default.192.168.1.240.sslip.io:80"
time="2024-05-30T02:24:34.778128032-06:00" level=debug msg="Invoked gptj-python-4lsvtjczaeotnzax25j6.default.192.168.1.240.sslip.io in 10109 usec\n"
time="2024-05-30T02:24:42.275583119-06:00" level=debug msg="Invoking: gptj-python-4lsvtjczaeotnzax25j6.default.192.168.1.240.sslip.io:80"
time="2024-05-30T02:24:42.286696644-06:00" level=debug msg="Invoked gptj-python-4lsvtjczaeotnzax25j6.default.192.168.1.240.sslip.io in 11123 usec\n"
time="2024-05-30T02:24:49.780083918-06:00" level=debug msg="Invoking: gptj-python-4lsvtjczaeotnzax25j6.default.192.168.1.240.sslip.io:80"
time="2024-05-30T02:24:49.790901473-06:00" level=debug msg="Invoked gptj-python-4lsvtjczaeotnzax25j6.default.192.168.1.240.sslip.io in 10830 usec\n"
time="2024-05-30T02:24:57.284119639-06:00" level=debug msg="Invoking: cartservice-h242qqbdsewbyppchbro.default.192.168.1.240.sslip.io:80"
time="2024-05-30T02:24:57.296055768-06:00" level=debug msg="Invoked cartservice-h242qqbdsewbyppchbro.default.192.168.1.240.sslip.io in 11975 usec\n"
time="2024-05-30T02:25:04.788074101-06:00" level=debug msg="Invoking: gptj-python-4lsvtjczaeotnzax25j6.default.192.168.1.240.sslip.io:80"
time="2024-05-30T02:25:04.797863974-06:00" level=debug msg="Invoked gptj-python-4lsvtjczaeotnzax25j6.default.192.168.1.240.sslip.io in 9800 usec\n"
time="2024-05-30T02:25:12.295282753-06:00" level=debug msg="Invoking: gptj-python-4lsvtjczaeotnzax25j6.default.192.168.1.240.sslip.io:80"
time="2024-05-30T02:25:12.305607305-06:00" level=debug msg="Invoked gptj-python-4lsvtjczaeotnzax25j6.default.192.168.1.240.sslip.io in 10337 usec\n"
time="2024-05-30T02:25:19.800134018-06:00" level=debug msg="Invoking: gptj-python-4lsvtjczaeotnzax25j6.default.192.168.1.240.sslip.io:80"
time="2024-05-30T02:25:19.810399234-06:00" level=debug msg="Invoked gptj-python-4lsvtjczaeotnzax25j6.default.192.168.1.240.sslip.io in 10280 usec\n"
time="2024-05-30T02:25:27.264079248-06:00" level=debug msg="Minute: 9"
time="2024-05-30T02:25:27.26417673-06:00" level=debug msg="Number of Invocations this iteration: 8"
time="2024-05-30T02:25:27.264269362-06:00" level=debug msg="Invoking: cartservice-h242qqbdsewbyppchbro.default.192.168.1.240.sslip.io:80"
time="2024-05-30T02:25:27.278840164-06:00" level=debug msg="Invoked cartservice-h242qqbdsewbyppchbro.default.192.168.1.240.sslip.io in 14568 usec\n"
time="2024-05-30T02:25:34.768076268-06:00" level=debug msg="Invoking: gptj-python-4lsvtjczaeotnzax25j6.default.192.168.1.240.sslip.io:80"
time="2024-05-30T02:25:34.780215107-06:00" level=debug msg="Invoked gptj-python-4lsvtjczaeotnzax25j6.default.192.168.1.240.sslip.io in 12148 usec\n"
time="2024-05-30T02:25:42.268267686-06:00" level=debug msg="Invoking: gptj-python-4lsvtjczaeotnzax25j6.default.192.168.1.240.sslip.io:80"
time="2024-05-30T02:25:42.280620207-06:00" level=debug msg="Invoked gptj-python-4lsvtjczaeotnzax25j6.default.192.168.1.240.sslip.io in 12361 usec\n"
time="2024-05-30T02:25:49.772030701-06:00" level=debug msg="Invoking: gptj-python-4lsvtjczaeotnzax25j6.default.192.168.1.240.sslip.io:80"
time="2024-05-30T02:25:49.785244878-06:00" level=debug msg="Invoked gptj-python-4lsvtjczaeotnzax25j6.default.192.168.1.240.sslip.io in 13243 usec\n"
time="2024-05-30T02:25:57.27598105-06:00" level=debug msg="Invoking: cartservice-h242qqbdsewbyppchbro.default.192.168.1.240.sslip.io:80"
time="2024-05-30T02:25:57.288053714-06:00" level=debug msg="Invoked cartservice-h242qqbdsewbyppchbro.default.192.168.1.240.sslip.io in 12076 usec\n"
time="2024-05-30T02:26:04.780009755-06:00" level=debug msg="Invoking: gptj-python-4lsvtjczaeotnzax25j6.default.192.168.1.240.sslip.io:80"
time="2024-05-30T02:26:04.790795295-06:00" level=debug msg="Invoked gptj-python-4lsvtjczaeotnzax25j6.default.192.168.1.240.sslip.io in 10795 usec\n"
time="2024-05-30T02:26:12.284013162-06:00" level=debug msg="Invoking: gptj-python-4lsvtjczaeotnzax25j6.default.192.168.1.240.sslip.io:80"
time="2024-05-30T02:26:12.29439262-06:00" level=debug msg="Invoked gptj-python-4lsvtjczaeotnzax25j6.default.192.168.1.240.sslip.io in 10391 usec\n"
time="2024-05-30T02:26:19.788097923-06:00" level=debug msg="Invoking: gptj-python-4lsvtjczaeotnzax25j6.default.192.168.1.240.sslip.io:80"
time="2024-05-30T02:26:19.798833347-06:00" level=debug msg="Invoked gptj-python-4lsvtjczaeotnzax25j6.default.192.168.1.240.sslip.io in 10770 usec\n"
time="2024-05-30T02:26:27.264057998-06:00" level=debug msg="Minute: 10"
time="2024-05-30T02:26:27.264201098-06:00" level=debug msg="Number of Invocations this iteration: 8"
time="2024-05-30T02:26:27.264280837-06:00" level=debug msg="Invoking: rnn-serving-python-10-10-kby5zzuptiffqexgildf.default.192.168.1.240.sslip.io:80"
time="2024-05-30T02:26:33.921198791-06:00" level=debug msg="Invoked rnn-serving-python-10-10-kby5zzuptiffqexgildf.default.192.168.1.240.sslip.io in 6656915 usec\n"
time="2024-05-30T02:26:34.765232034-06:00" level=debug msg="Invoking: gptj-python-4lsvtjczaeotnzax25j6.default.192.168.1.240.sslip.io:80"
time="2024-05-30T02:26:34.777136351-06:00" level=debug msg="Invoked gptj-python-4lsvtjczaeotnzax25j6.default.192.168.1.240.sslip.io in 11910 usec\n"
time="2024-05-30T02:26:42.272066974-06:00" level=debug msg="Invoking: gptj-python-4lsvtjczaeotnzax25j6.default.192.168.1.240.sslip.io:80"
time="2024-05-30T02:26:42.282676026-06:00" level=debug msg="Invoked gptj-python-4lsvtjczaeotnzax25j6.default.192.168.1.240.sslip.io in 10619 usec\n"
time="2024-05-30T02:26:49.776390159-06:00" level=debug msg="Invoking: gptj-python-4lsvtjczaeotnzax25j6.default.192.168.1.240.sslip.io:80"
time="2024-05-30T02:26:49.78722583-06:00" level=debug msg="Invoked gptj-python-4lsvtjczaeotnzax25j6.default.192.168.1.240.sslip.io in 10845 usec\n"
time="2024-05-30T02:26:57.282856929-06:00" level=debug msg="Invoking: cartservice-h242qqbdsewbyppchbro.default.192.168.1.240.sslip.io:80"
time="2024-05-30T02:26:57.326597377-06:00" level=debug msg="Invoked cartservice-h242qqbdsewbyppchbro.default.192.168.1.240.sslip.io in 43751 usec\n"
time="2024-05-30T02:27:04.788049651-06:00" level=debug msg="Invoking: gptj-python-4lsvtjczaeotnzax25j6.default.192.168.1.240.sslip.io:80"
time="2024-05-30T02:27:04.842927216-06:00" level=debug msg="Invoked gptj-python-4lsvtjczaeotnzax25j6.default.192.168.1.240.sslip.io in 54884 usec\n"
time="2024-05-30T02:27:12.292095509-06:00" level=debug msg="Invoking: gptj-python-4lsvtjczaeotnzax25j6.default.192.168.1.240.sslip.io:80"
time="2024-05-30T02:27:12.303001817-06:00" level=debug msg="Invoked gptj-python-4lsvtjczaeotnzax25j6.default.192.168.1.240.sslip.io in 10916 usec\n"
time="2024-05-30T02:27:19.796073581-06:00" level=debug msg="Invoking: gptj-python-4lsvtjczaeotnzax25j6.default.192.168.1.240.sslip.io:80"
time="2024-05-30T02:27:19.807310996-06:00" level=debug msg="Invoked gptj-python-4lsvtjczaeotnzax25j6.default.192.168.1.240.sslip.io in 11248 usec\n"
time="2024-05-30T02:27:27.263961149-06:00" level=debug msg="Minute: 11"
time="2024-05-30T02:27:27.264015678-06:00" level=debug msg="Number of Invocations this iteration: 8"
time="2024-05-30T02:27:27.264066246-06:00" level=debug msg="Invoking: image-rotate-go-6-dp1ovw0994v9vif0zzyl.default.192.168.1.240.sslip.io:80"
time="2024-05-30T02:27:34.768067751-06:00" level=debug msg="Invoking: gptj-python-4lsvtjczaeotnzax25j6.default.192.168.1.240.sslip.io:80"
time="2024-05-30T02:27:34.779289075-06:00" level=debug msg="Invoked gptj-python-4lsvtjczaeotnzax25j6.default.192.168.1.240.sslip.io in 11231 usec\n"
time="2024-05-30T02:27:39.513710478-06:00" level=debug msg="Invoked image-rotate-go-6-dp1ovw0994v9vif0zzyl.default.192.168.1.240.sslip.io in 12249648 usec\n"
time="2024-05-30T02:27:42.270334241-06:00" level=debug msg="Invoking: gptj-python-4lsvtjczaeotnzax25j6.default.192.168.1.240.sslip.io:80"
time="2024-05-30T02:27:42.28397068-06:00" level=debug msg="Invoked gptj-python-4lsvtjczaeotnzax25j6.default.192.168.1.240.sslip.io in 13754 usec\n"
time="2024-05-30T02:27:49.776146833-06:00" level=debug msg="Invoking: gptj-python-4lsvtjczaeotnzax25j6.default.192.168.1.240.sslip.io:80"
time="2024-05-30T02:27:49.786894154-06:00" level=debug msg="Invoked gptj-python-4lsvtjczaeotnzax25j6.default.192.168.1.240.sslip.io in 10759 usec\n"
time="2024-05-30T02:27:57.283198238-06:00" level=debug msg="Invoking: cartservice-h242qqbdsewbyppchbro.default.192.168.1.240.sslip.io:80"
time="2024-05-30T02:27:57.345143663-06:00" level=debug msg="Invoked cartservice-h242qqbdsewbyppchbro.default.192.168.1.240.sslip.io in 61955 usec\n"
time="2024-05-30T02:28:04.789668197-06:00" level=debug msg="Invoking: gptj-python-4lsvtjczaeotnzax25j6.default.192.168.1.240.sslip.io:80"
time="2024-05-30T02:28:04.80026636-06:00" level=debug msg="Invoked gptj-python-4lsvtjczaeotnzax25j6.default.192.168.1.240.sslip.io in 10607 usec\n"
time="2024-05-30T02:28:12.296580015-06:00" level=debug msg="Invoking: gptj-python-4lsvtjczaeotnzax25j6.default.192.168.1.240.sslip.io:80"
time="2024-05-30T02:28:12.307326375-06:00" level=debug msg="Invoked gptj-python-4lsvtjczaeotnzax25j6.default.192.168.1.240.sslip.io in 10758 usec\n"
time="2024-05-30T02:28:19.803709763-06:00" level=debug msg="Invoking: gptj-python-4lsvtjczaeotnzax25j6.default.192.168.1.240.sslip.io:80"
time="2024-05-30T02:28:19.814139722-06:00" level=debug msg="Invoked gptj-python-4lsvtjczaeotnzax25j6.default.192.168.1.240.sslip.io in 10439 usec\n"
time="2024-05-30T02:28:27.264063957-06:00" level=debug msg="Minute: 12"
time="2024-05-30T02:28:27.264205259-06:00" level=debug msg="Number of Invocations this iteration: 8"
time="2024-05-30T02:28:27.26428841-06:00" level=debug msg="Invoking: cartservice-h242qqbdsewbyppchbro.default.192.168.1.240.sslip.io:80"
time="2024-05-30T02:28:27.27551421-06:00" level=debug msg="Invoked cartservice-h242qqbdsewbyppchbro.default.192.168.1.240.sslip.io in 11225 usec\n"
time="2024-05-30T02:28:34.768094469-06:00" level=debug msg="Invoking: gptj-python-4lsvtjczaeotnzax25j6.default.192.168.1.240.sslip.io:80"
time="2024-05-30T02:28:34.778357383-06:00" level=debug msg="Invoked gptj-python-4lsvtjczaeotnzax25j6.default.192.168.1.240.sslip.io in 10272 usec\n"
time="2024-05-30T02:28:42.272007431-06:00" level=debug msg="Invoking: gptj-python-4lsvtjczaeotnzax25j6.default.192.168.1.240.sslip.io:80"
time="2024-05-30T02:28:42.280433671-06:00" level=debug msg="Invoked gptj-python-4lsvtjczaeotnzax25j6.default.192.168.1.240.sslip.io in 8437 usec\n"
time="2024-05-30T02:28:49.776016055-06:00" level=debug msg="Invoking: gptj-python-4lsvtjczaeotnzax25j6.default.192.168.1.240.sslip.io:80"
time="2024-05-30T02:28:49.786258274-06:00" level=debug msg="Invoked gptj-python-4lsvtjczaeotnzax25j6.default.192.168.1.240.sslip.io in 10252 usec\n"
time="2024-05-30T02:28:57.279997142-06:00" level=debug msg="Invoking: cartservice-h242qqbdsewbyppchbro.default.192.168.1.240.sslip.io:80"
time="2024-05-30T02:28:57.290731655-06:00" level=debug msg="Invoked cartservice-h242qqbdsewbyppchbro.default.192.168.1.240.sslip.io in 10741 usec\n"
time="2024-05-30T02:29:04.787163998-06:00" level=debug msg="Invoking: gptj-python-4lsvtjczaeotnzax25j6.default.192.168.1.240.sslip.io:80"
time="2024-05-30T02:29:04.80142943-06:00" level=debug msg="Invoked gptj-python-4lsvtjczaeotnzax25j6.default.192.168.1.240.sslip.io in 14290 usec\n"
time="2024-05-30T02:29:12.292057983-06:00" level=debug msg="Invoking: gptj-python-4lsvtjczaeotnzax25j6.default.192.168.1.240.sslip.io:80"
time="2024-05-30T02:29:12.302753462-06:00" level=debug msg="Invoked gptj-python-4lsvtjczaeotnzax25j6.default.192.168.1.240.sslip.io in 10706 usec\n"
time="2024-05-30T02:29:19.797152505-06:00" level=debug msg="Invoking: gptj-python-4lsvtjczaeotnzax25j6.default.192.168.1.240.sslip.io:80"
time="2024-05-30T02:29:19.808175966-06:00" level=debug msg="Invoked gptj-python-4lsvtjczaeotnzax25j6.default.192.168.1.240.sslip.io in 11032 usec\n"
time="2024-05-30T02:29:27.264073082-06:00" level=debug msg="Minute: 13"
time="2024-05-30T02:29:27.26418459-06:00" level=debug msg="Number of Invocations this iteration: 8"
time="2024-05-30T02:29:27.264301457-06:00" level=debug msg="Invoking: cartservice-h242qqbdsewbyppchbro.default.192.168.1.240.sslip.io:80"
time="2024-05-30T02:29:27.278145231-06:00" level=debug msg="Invoked cartservice-h242qqbdsewbyppchbro.default.192.168.1.240.sslip.io in 13848 usec\n"
time="2024-05-30T02:29:34.768008007-06:00" level=debug msg="Invoking: gptj-python-4lsvtjczaeotnzax25j6.default.192.168.1.240.sslip.io:80"
time="2024-05-30T02:29:34.778752288-06:00" level=debug msg="Invoked gptj-python-4lsvtjczaeotnzax25j6.default.192.168.1.240.sslip.io in 10757 usec\n"
time="2024-05-30T02:29:42.271335965-06:00" level=debug msg="Invoking: gptj-python-4lsvtjczaeotnzax25j6.default.192.168.1.240.sslip.io:80"
time="2024-05-30T02:29:42.282616061-06:00" level=debug msg="Invoked gptj-python-4lsvtjczaeotnzax25j6.default.192.168.1.240.sslip.io in 11382 usec\n"
time="2024-05-30T02:29:49.776066047-06:00" level=debug msg="Invoking: gptj-python-4lsvtjczaeotnzax25j6.default.192.168.1.240.sslip.io:80"
time="2024-05-30T02:29:49.786519966-06:00" level=debug msg="Invoked gptj-python-4lsvtjczaeotnzax25j6.default.192.168.1.240.sslip.io in 10461 usec\n"
time="2024-05-30T02:29:57.280001057-06:00" level=debug msg="Invoking: cartservice-h242qqbdsewbyppchbro.default.192.168.1.240.sslip.io:80"
time="2024-05-30T02:29:57.326862026-06:00" level=debug msg="Invoked cartservice-h242qqbdsewbyppchbro.default.192.168.1.240.sslip.io in 46867 usec\n"
time="2024-05-30T02:30:04.784061723-06:00" level=debug msg="Invoking: gptj-python-4lsvtjczaeotnzax25j6.default.192.168.1.240.sslip.io:80"
time="2024-05-30T02:30:04.794461419-06:00" level=debug msg="Invoked gptj-python-4lsvtjczaeotnzax25j6.default.192.168.1.240.sslip.io in 10410 usec\n"
time="2024-05-30T02:30:12.288078857-06:00" level=debug msg="Invoking: gptj-python-4lsvtjczaeotnzax25j6.default.192.168.1.240.sslip.io:80"
time="2024-05-30T02:30:12.298445547-06:00" level=debug msg="Invoked gptj-python-4lsvtjczaeotnzax25j6.default.192.168.1.240.sslip.io in 10377 usec\n"
time="2024-05-30T02:30:19.794677187-06:00" level=debug msg="Invoking: gptj-python-4lsvtjczaeotnzax25j6.default.192.168.1.240.sslip.io:80"
time="2024-05-30T02:30:19.804696241-06:00" level=debug msg="Invoked gptj-python-4lsvtjczaeotnzax25j6.default.192.168.1.240.sslip.io in 10028 usec\n"
time="2024-05-30T02:30:27.264027551-06:00" level=info msg="Experiment Phase Completed"
time="2024-05-30T02:30:27.264161023-06:00" level=info msg="Issued / completed requests: 112, 112"
time="2024-05-30T02:30:27.264199067-06:00" level=info msg="Average Real RPS: 0.13 "
time="2024-05-30T02:30:27.264225671-06:00" level=info msg="Experiment finished!"
time="2024-05-30T02:30:27.264252808-06:00" level=info msg="The measured latencies are saved in rps_lat.csv"
