time="2024-05-30T03:16:34.750796508-06:00" level=debug msg="Debug logging is enabled"
time="2024-05-30T03:16:34.750968462-06:00" level=info msg="Reading the trace endpoints from the file: /users/ArunAMS/vSwarm/tools/load-generator/load.json"
time="2024-05-30T03:16:34.752512288-06:00" level=info msg="Warmup Duration: 3"
time="2024-05-30T03:16:34.752540248-06:00" level=info msg="Experiment Duration: 11"
time="2024-05-30T03:16:34.752562624-06:00" level=info msg="Minute Granularity: true"
time="2024-05-30T03:17:34.80931294-06:00" level=info msg="Running Warmup Phase"
time="2024-05-30T03:17:34.809391183-06:00" level=debug msg="Minute: 0"
time="2024-05-30T03:17:34.809467405-06:00" level=debug msg="Number of Invocations this iteration: 8"
time="2024-05-30T03:17:34.809575173-06:00" level=debug msg="Invoking: cartservice-x4nbmikn7nqh44isrp27.default.192.168.1.240.sslip.io:80"
time="2024-05-30T03:17:42.310615856-06:00" level=debug msg="Invoking: gptj-python-rae3dupxiyqgd33gj444.default.192.168.1.240.sslip.io:80"
time="2024-05-30T03:17:49.811135802-06:00" level=debug msg="Invoking: gptj-python-rae3dupxiyqgd33gj444.default.192.168.1.240.sslip.io:80"
time="2024-05-30T03:17:57.317406834-06:00" level=debug msg="Invoking: gptj-python-rae3dupxiyqgd33gj444.default.192.168.1.240.sslip.io:80"
time="2024-05-30T03:18:04.821466551-06:00" level=debug msg="Invoking: cartservice-x4nbmikn7nqh44isrp27.default.192.168.1.240.sslip.io:80"
time="2024-05-30T03:18:12.327831072-06:00" level=debug msg="Invoking: gptj-python-rae3dupxiyqgd33gj444.default.192.168.1.240.sslip.io:80"
time="2024-05-30T03:18:19.834021662-06:00" level=debug msg="Invoking: gptj-python-rae3dupxiyqgd33gj444.default.192.168.1.240.sslip.io:80"
time="2024-05-30T03:18:27.341342349-06:00" level=debug msg="Invoking: gptj-python-rae3dupxiyqgd33gj444.default.192.168.1.240.sslip.io:80"
time="2024-05-30T03:18:34.757402048-06:00" level=debug msg="Minute: 1"
time="2024-05-30T03:18:34.757537302-06:00" level=debug msg="Number of Invocations this iteration: 8"
time="2024-05-30T03:18:34.757635877-06:00" level=debug msg="Invoking: image-rotate-go-6-22qqcnsgzvavdryj0x3x.default.192.168.1.240.sslip.io:80"
time="2024-05-30T03:18:42.258210407-06:00" level=debug msg="Invoking: gptj-python-rae3dupxiyqgd33gj444.default.192.168.1.240.sslip.io:80"
time="2024-05-30T03:18:49.761375739-06:00" level=debug msg="Invoking: gptj-python-rae3dupxiyqgd33gj444.default.192.168.1.240.sslip.io:80"
time="2024-05-30T03:18:57.265384765-06:00" level=debug msg="Invoking: gptj-python-rae3dupxiyqgd33gj444.default.192.168.1.240.sslip.io:80"
time="2024-05-30T03:19:04.769431125-06:00" level=debug msg="Invoking: cartservice-x4nbmikn7nqh44isrp27.default.192.168.1.240.sslip.io:80"
time="2024-05-30T03:19:12.270584641-06:00" level=debug msg="Invoking: gptj-python-rae3dupxiyqgd33gj444.default.192.168.1.240.sslip.io:80"
time="2024-05-30T03:19:19.77740842-06:00" level=debug msg="Invoking: gptj-python-rae3dupxiyqgd33gj444.default.192.168.1.240.sslip.io:80"
time="2024-05-30T03:19:27.278182765-06:00" level=debug msg="Invoking: gptj-python-rae3dupxiyqgd33gj444.default.192.168.1.240.sslip.io:80"
time="2024-05-30T03:19:34.757387406-06:00" level=debug msg="Minute: 2"
time="2024-05-30T03:19:34.757480362-06:00" level=debug msg="Number of Invocations this iteration: 8"
time="2024-05-30T03:19:34.757570343-06:00" level=debug msg="Invoking: cartservice-x4nbmikn7nqh44isrp27.default.192.168.1.240.sslip.io:80"
time="2024-05-30T03:19:42.26140388-06:00" level=debug msg="Invoking: gptj-python-rae3dupxiyqgd33gj444.default.192.168.1.240.sslip.io:80"
time="2024-05-30T03:19:49.765418282-06:00" level=debug msg="Invoking: gptj-python-rae3dupxiyqgd33gj444.default.192.168.1.240.sslip.io:80"
time="2024-05-30T03:19:57.270088741-06:00" level=debug msg="Invoking: gptj-python-rae3dupxiyqgd33gj444.default.192.168.1.240.sslip.io:80"
time="2024-05-30T03:20:04.777371362-06:00" level=debug msg="Invoking: cartservice-x4nbmikn7nqh44isrp27.default.192.168.1.240.sslip.io:80"
time="2024-05-30T03:20:12.281430821-06:00" level=debug msg="Invoking: gptj-python-rae3dupxiyqgd33gj444.default.192.168.1.240.sslip.io:80"
time="2024-05-30T03:20:19.785388775-06:00" level=debug msg="Invoking: gptj-python-rae3dupxiyqgd33gj444.default.192.168.1.240.sslip.io:80"
time="2024-05-30T03:20:27.289318844-06:00" level=debug msg="Invoking: gptj-python-rae3dupxiyqgd33gj444.default.192.168.1.240.sslip.io:80"
time="2024-05-30T03:20:34.757382629-06:00" level=info msg="Warmup Phase Completed"
time="2024-05-30T03:20:34.757459904-06:00" level=info msg="Running Experiment Phase"
time="2024-05-30T03:20:34.757487611-06:00" level=debug msg="Minute: 3"
time="2024-05-30T03:20:34.757532301-06:00" level=debug msg="Number of Invocations this iteration: 8"
time="2024-05-30T03:20:34.757618742-06:00" level=debug msg="Invoking: cartservice-x4nbmikn7nqh44isrp27.default.192.168.1.240.sslip.io:80"
time="2024-05-30T03:20:34.770213487-06:00" level=debug msg="Invoked cartservice-x4nbmikn7nqh44isrp27.default.192.168.1.240.sslip.io in 12593 usec\n"
time="2024-05-30T03:20:42.261357947-06:00" level=debug msg="Invoking: gptj-python-rae3dupxiyqgd33gj444.default.192.168.1.240.sslip.io:80"
time="2024-05-30T03:20:42.272112108-06:00" level=debug msg="Invoked gptj-python-rae3dupxiyqgd33gj444.default.192.168.1.240.sslip.io in 10762 usec\n"
time="2024-05-30T03:20:49.765327081-06:00" level=debug msg="Invoking: gptj-python-rae3dupxiyqgd33gj444.default.192.168.1.240.sslip.io:80"
time="2024-05-30T03:20:49.775909794-06:00" level=debug msg="Invoked gptj-python-rae3dupxiyqgd33gj444.default.192.168.1.240.sslip.io in 10590 usec\n"
time="2024-05-30T03:20:57.269365979-06:00" level=debug msg="Invoking: gptj-python-rae3dupxiyqgd33gj444.default.192.168.1.240.sslip.io:80"
time="2024-05-30T03:20:57.284789809-06:00" level=debug msg="Invoked gptj-python-rae3dupxiyqgd33gj444.default.192.168.1.240.sslip.io in 15420 usec\n"
time="2024-05-30T03:21:04.769611923-06:00" level=debug msg="Invoking: cartservice-x4nbmikn7nqh44isrp27.default.192.168.1.240.sslip.io:80"
time="2024-05-30T03:21:04.782026024-06:00" level=debug msg="Invoked cartservice-x4nbmikn7nqh44isrp27.default.192.168.1.240.sslip.io in 12472 usec\n"
time="2024-05-30T03:21:12.273334927-06:00" level=debug msg="Invoking: gptj-python-rae3dupxiyqgd33gj444.default.192.168.1.240.sslip.io:80"
time="2024-05-30T03:21:12.282965188-06:00" level=debug msg="Invoked gptj-python-rae3dupxiyqgd33gj444.default.192.168.1.240.sslip.io in 9640 usec\n"
time="2024-05-30T03:21:19.777409006-06:00" level=debug msg="Invoking: gptj-python-rae3dupxiyqgd33gj444.default.192.168.1.240.sslip.io:80"
time="2024-05-30T03:21:19.785848743-06:00" level=debug msg="Invoked gptj-python-rae3dupxiyqgd33gj444.default.192.168.1.240.sslip.io in 8450 usec\n"
time="2024-05-30T03:21:27.284144277-06:00" level=debug msg="Invoking: gptj-python-rae3dupxiyqgd33gj444.default.192.168.1.240.sslip.io:80"
time="2024-05-30T03:21:27.294678377-06:00" level=debug msg="Invoked gptj-python-rae3dupxiyqgd33gj444.default.192.168.1.240.sslip.io in 10546 usec\n"
time="2024-05-30T03:21:34.757362785-06:00" level=debug msg="Minute: 4"
time="2024-05-30T03:21:34.757472657-06:00" level=debug msg="Number of Invocations this iteration: 8"
time="2024-05-30T03:21:34.757598032-06:00" level=debug msg="Invoking: rnn-serving-python-10-10-5w5wso5twocsowcefvnm.default.192.168.1.240.sslip.io:80"
time="2024-05-30T03:21:42.261974548-06:00" level=debug msg="Invoking: gptj-python-rae3dupxiyqgd33gj444.default.192.168.1.240.sslip.io:80"
time="2024-05-30T03:21:42.272226942-06:00" level=debug msg="Invoked gptj-python-rae3dupxiyqgd33gj444.default.192.168.1.240.sslip.io in 10268 usec\n"
time="2024-05-30T03:21:43.39432431-06:00" level=debug msg="Invoked rnn-serving-python-10-10-5w5wso5twocsowcefvnm.default.192.168.1.240.sslip.io in 8636720 usec\n"
time="2024-05-30T03:21:49.765416575-06:00" level=debug msg="Invoking: gptj-python-rae3dupxiyqgd33gj444.default.192.168.1.240.sslip.io:80"
time="2024-05-30T03:21:49.778558967-06:00" level=debug msg="Invoked gptj-python-rae3dupxiyqgd33gj444.default.192.168.1.240.sslip.io in 13155 usec\n"
time="2024-05-30T03:21:57.269416705-06:00" level=debug msg="Invoking: gptj-python-rae3dupxiyqgd33gj444.default.192.168.1.240.sslip.io:80"
time="2024-05-30T03:21:57.279822686-06:00" level=debug msg="Invoked gptj-python-rae3dupxiyqgd33gj444.default.192.168.1.240.sslip.io in 10418 usec\n"
time="2024-05-30T03:22:04.774409847-06:00" level=debug msg="Invoking: cartservice-x4nbmikn7nqh44isrp27.default.192.168.1.240.sslip.io:80"
time="2024-05-30T03:22:11.962050567-06:00" level=debug msg="Invoked cartservice-x4nbmikn7nqh44isrp27.default.192.168.1.240.sslip.io in 7187654 usec\n"
time="2024-05-30T03:22:12.275355533-06:00" level=debug msg="Invoking: gptj-python-rae3dupxiyqgd33gj444.default.192.168.1.240.sslip.io:80"
time="2024-05-30T03:22:12.285937318-06:00" level=debug msg="Invoked gptj-python-rae3dupxiyqgd33gj444.default.192.168.1.240.sslip.io in 10591 usec\n"
time="2024-05-30T03:22:19.781425887-06:00" level=debug msg="Invoking: gptj-python-rae3dupxiyqgd33gj444.default.192.168.1.240.sslip.io:80"
time="2024-05-30T03:22:19.79237211-06:00" level=debug msg="Invoked gptj-python-rae3dupxiyqgd33gj444.default.192.168.1.240.sslip.io in 10957 usec\n"
time="2024-05-30T03:22:27.288777612-06:00" level=debug msg="Invoking: gptj-python-rae3dupxiyqgd33gj444.default.192.168.1.240.sslip.io:80"
time="2024-05-30T03:22:27.299800602-06:00" level=debug msg="Invoked gptj-python-rae3dupxiyqgd33gj444.default.192.168.1.240.sslip.io in 11031 usec\n"
time="2024-05-30T03:22:34.760067612-06:00" level=debug msg="Minute: 5"
time="2024-05-30T03:22:34.760167227-06:00" level=debug msg="Number of Invocations this iteration: 8"
time="2024-05-30T03:22:34.760250344-06:00" level=debug msg="Invoking: cartservice-x4nbmikn7nqh44isrp27.default.192.168.1.240.sslip.io:80"
time="2024-05-30T03:22:34.787344522-06:00" level=debug msg="Invoked cartservice-x4nbmikn7nqh44isrp27.default.192.168.1.240.sslip.io in 27091 usec\n"
time="2024-05-30T03:22:42.267544951-06:00" level=debug msg="Invoking: gptj-python-rae3dupxiyqgd33gj444.default.192.168.1.240.sslip.io:80"
time="2024-05-30T03:22:42.281012541-06:00" level=debug msg="Invoked gptj-python-rae3dupxiyqgd33gj444.default.192.168.1.240.sslip.io in 13476 usec\n"
time="2024-05-30T03:22:49.773406689-06:00" level=debug msg="Invoking: gptj-python-rae3dupxiyqgd33gj444.default.192.168.1.240.sslip.io:80"
time="2024-05-30T03:22:49.785128908-06:00" level=debug msg="Invoked gptj-python-rae3dupxiyqgd33gj444.default.192.168.1.240.sslip.io in 11721 usec\n"
time="2024-05-30T03:22:57.279670145-06:00" level=debug msg="Invoking: gptj-python-rae3dupxiyqgd33gj444.default.192.168.1.240.sslip.io:80"
time="2024-05-30T03:22:57.290615365-06:00" level=debug msg="Invoked gptj-python-rae3dupxiyqgd33gj444.default.192.168.1.240.sslip.io in 10934 usec\n"
time="2024-05-30T03:23:04.780198153-06:00" level=debug msg="Invoking: cartservice-x4nbmikn7nqh44isrp27.default.192.168.1.240.sslip.io:80"
time="2024-05-30T03:23:04.795189621-06:00" level=debug msg="Invoked cartservice-x4nbmikn7nqh44isrp27.default.192.168.1.240.sslip.io in 15001 usec\n"
time="2024-05-30T03:23:12.285316602-06:00" level=debug msg="Invoking: gptj-python-rae3dupxiyqgd33gj444.default.192.168.1.240.sslip.io:80"
time="2024-05-30T03:23:12.295898655-06:00" level=debug msg="Invoked gptj-python-rae3dupxiyqgd33gj444.default.192.168.1.240.sslip.io in 10588 usec\n"
time="2024-05-30T03:23:19.789422674-06:00" level=debug msg="Invoking: gptj-python-rae3dupxiyqgd33gj444.default.192.168.1.240.sslip.io:80"
time="2024-05-30T03:23:19.799824833-06:00" level=debug msg="Invoked gptj-python-rae3dupxiyqgd33gj444.default.192.168.1.240.sslip.io in 10413 usec\n"
time="2024-05-30T03:23:27.293333663-06:00" level=debug msg="Invoking: gptj-python-rae3dupxiyqgd33gj444.default.192.168.1.240.sslip.io:80"
time="2024-05-30T03:23:27.304280462-06:00" level=debug msg="Invoked gptj-python-rae3dupxiyqgd33gj444.default.192.168.1.240.sslip.io in 10955 usec\n"
time="2024-05-30T03:23:34.757397715-06:00" level=debug msg="Minute: 6"
time="2024-05-30T03:23:34.757493831-06:00" level=debug msg="Number of Invocations this iteration: 8"
time="2024-05-30T03:23:34.75758549-06:00" level=debug msg="Invoking: image-rotate-go-6-22qqcnsgzvavdryj0x3x.default.192.168.1.240.sslip.io:80"
time="2024-05-30T03:23:42.011619196-06:00" level=debug msg="Invoked image-rotate-go-6-22qqcnsgzvavdryj0x3x.default.192.168.1.240.sslip.io in 7254028 usec\n"
time="2024-05-30T03:23:42.257794361-06:00" level=debug msg="Invoking: gptj-python-rae3dupxiyqgd33gj444.default.192.168.1.240.sslip.io:80"
time="2024-05-30T03:23:42.26847354-06:00" level=debug msg="Invoked gptj-python-rae3dupxiyqgd33gj444.default.192.168.1.240.sslip.io in 10714 usec\n"
time="2024-05-30T03:23:49.761331508-06:00" level=debug msg="Invoking: gptj-python-rae3dupxiyqgd33gj444.default.192.168.1.240.sslip.io:80"
time="2024-05-30T03:23:49.770914609-06:00" level=debug msg="Invoked gptj-python-rae3dupxiyqgd33gj444.default.192.168.1.240.sslip.io in 9592 usec\n"
time="2024-05-30T03:23:57.267076661-06:00" level=debug msg="Invoking: gptj-python-rae3dupxiyqgd33gj444.default.192.168.1.240.sslip.io:80"
time="2024-05-30T03:23:57.27747865-06:00" level=debug msg="Invoked gptj-python-rae3dupxiyqgd33gj444.default.192.168.1.240.sslip.io in 10415 usec\n"
time="2024-05-30T03:24:04.773356019-06:00" level=debug msg="Invoking: cartservice-x4nbmikn7nqh44isrp27.default.192.168.1.240.sslip.io:80"
time="2024-05-30T03:24:12.01518748-06:00" level=debug msg="Invoked cartservice-x4nbmikn7nqh44isrp27.default.192.168.1.240.sslip.io in 7241838 usec\n"
time="2024-05-30T03:24:12.274328435-06:00" level=debug msg="Invoking: gptj-python-rae3dupxiyqgd33gj444.default.192.168.1.240.sslip.io:80"
time="2024-05-30T03:24:12.283854769-06:00" level=debug msg="Invoked gptj-python-rae3dupxiyqgd33gj444.default.192.168.1.240.sslip.io in 9536 usec\n"
time="2024-05-30T03:24:19.777392517-06:00" level=debug msg="Invoking: gptj-python-rae3dupxiyqgd33gj444.default.192.168.1.240.sslip.io:80"
time="2024-05-30T03:24:19.787613813-06:00" level=debug msg="Invoked gptj-python-rae3dupxiyqgd33gj444.default.192.168.1.240.sslip.io in 10228 usec\n"
time="2024-05-30T03:24:27.281349534-06:00" level=debug msg="Invoking: gptj-python-rae3dupxiyqgd33gj444.default.192.168.1.240.sslip.io:80"
time="2024-05-30T03:24:27.291888511-06:00" level=debug msg="Invoked gptj-python-rae3dupxiyqgd33gj444.default.192.168.1.240.sslip.io in 10551 usec\n"
time="2024-05-30T03:24:34.757448318-06:00" level=debug msg="Minute: 7"
time="2024-05-30T03:24:34.757540712-06:00" level=debug msg="Number of Invocations this iteration: 8"
time="2024-05-30T03:24:34.757611316-06:00" level=debug msg="Invoking: cartservice-x4nbmikn7nqh44isrp27.default.192.168.1.240.sslip.io:80"
time="2024-05-30T03:24:34.777529214-06:00" level=debug msg="Invoked cartservice-x4nbmikn7nqh44isrp27.default.192.168.1.240.sslip.io in 19913 usec\n"
time="2024-05-30T03:24:42.262564775-06:00" level=debug msg="Invoking: gptj-python-rae3dupxiyqgd33gj444.default.192.168.1.240.sslip.io:80"
time="2024-05-30T03:24:42.27248409-06:00" level=debug msg="Invoked gptj-python-rae3dupxiyqgd33gj444.default.192.168.1.240.sslip.io in 9928 usec\n"
time="2024-05-30T03:24:49.769382243-06:00" level=debug msg="Invoking: gptj-python-rae3dupxiyqgd33gj444.default.192.168.1.240.sslip.io:80"
time="2024-05-30T03:24:49.780079099-06:00" level=debug msg="Invoked gptj-python-rae3dupxiyqgd33gj444.default.192.168.1.240.sslip.io in 10709 usec\n"
time="2024-05-30T03:24:57.273395772-06:00" level=debug msg="Invoking: gptj-python-rae3dupxiyqgd33gj444.default.192.168.1.240.sslip.io:80"
time="2024-05-30T03:24:57.283496789-06:00" level=debug msg="Invoked gptj-python-rae3dupxiyqgd33gj444.default.192.168.1.240.sslip.io in 10114 usec\n"
time="2024-05-30T03:25:04.774391351-06:00" level=debug msg="Invoking: cartservice-x4nbmikn7nqh44isrp27.default.192.168.1.240.sslip.io:80"
time="2024-05-30T03:25:04.792199521-06:00" level=debug msg="Invoked cartservice-x4nbmikn7nqh44isrp27.default.192.168.1.240.sslip.io in 18070 usec\n"
time="2024-05-30T03:25:12.281343851-06:00" level=debug msg="Invoking: gptj-python-rae3dupxiyqgd33gj444.default.192.168.1.240.sslip.io:80"
time="2024-05-30T03:25:12.292210954-06:00" level=debug msg="Invoked gptj-python-rae3dupxiyqgd33gj444.default.192.168.1.240.sslip.io in 10887 usec\n"
time="2024-05-30T03:25:19.785474423-06:00" level=debug msg="Invoking: gptj-python-rae3dupxiyqgd33gj444.default.192.168.1.240.sslip.io:80"
time="2024-05-30T03:25:19.795270776-06:00" level=debug msg="Invoked gptj-python-rae3dupxiyqgd33gj444.default.192.168.1.240.sslip.io in 9800 usec\n"
time="2024-05-30T03:25:27.290217519-06:00" level=debug msg="Invoking: gptj-python-rae3dupxiyqgd33gj444.default.192.168.1.240.sslip.io:80"
time="2024-05-30T03:25:27.301576449-06:00" level=debug msg="Invoked gptj-python-rae3dupxiyqgd33gj444.default.192.168.1.240.sslip.io in 11366 usec\n"
time="2024-05-30T03:25:34.757316118-06:00" level=debug msg="Minute: 8"
time="2024-05-30T03:25:34.757451454-06:00" level=debug msg="Number of Invocations this iteration: 8"
time="2024-05-30T03:25:34.757531635-06:00" level=debug msg="Invoking: cartservice-x4nbmikn7nqh44isrp27.default.192.168.1.240.sslip.io:80"
time="2024-05-30T03:25:34.769765429-06:00" level=debug msg="Invoked cartservice-x4nbmikn7nqh44isrp27.default.192.168.1.240.sslip.io in 12232 usec\n"
time="2024-05-30T03:25:42.261229914-06:00" level=debug msg="Invoking: gptj-python-rae3dupxiyqgd33gj444.default.192.168.1.240.sslip.io:80"
time="2024-05-30T03:25:42.271372442-06:00" level=debug msg="Invoked gptj-python-rae3dupxiyqgd33gj444.default.192.168.1.240.sslip.io in 10148 usec\n"
time="2024-05-30T03:25:49.765394401-06:00" level=debug msg="Invoking: gptj-python-rae3dupxiyqgd33gj444.default.192.168.1.240.sslip.io:80"
time="2024-05-30T03:25:49.775643918-06:00" level=debug msg="Invoked gptj-python-rae3dupxiyqgd33gj444.default.192.168.1.240.sslip.io in 10259 usec\n"
time="2024-05-30T03:25:57.269335028-06:00" level=debug msg="Invoking: gptj-python-rae3dupxiyqgd33gj444.default.192.168.1.240.sslip.io:80"
time="2024-05-30T03:25:57.280031618-06:00" level=debug msg="Invoked gptj-python-rae3dupxiyqgd33gj444.default.192.168.1.240.sslip.io in 10705 usec\n"
time="2024-05-30T03:26:04.773401083-06:00" level=debug msg="Invoking: cartservice-x4nbmikn7nqh44isrp27.default.192.168.1.240.sslip.io:80"
time="2024-05-30T03:26:04.90972252-06:00" level=debug msg="Invoked cartservice-x4nbmikn7nqh44isrp27.default.192.168.1.240.sslip.io in 136330 usec\n"
time="2024-05-30T03:26:12.277629305-06:00" level=debug msg="Invoking: gptj-python-rae3dupxiyqgd33gj444.default.192.168.1.240.sslip.io:80"
time="2024-05-30T03:26:12.288322514-06:00" level=debug msg="Invoked gptj-python-rae3dupxiyqgd33gj444.default.192.168.1.240.sslip.io in 10704 usec\n"
time="2024-05-30T03:26:19.781355447-06:00" level=debug msg="Invoking: gptj-python-rae3dupxiyqgd33gj444.default.192.168.1.240.sslip.io:80"
time="2024-05-30T03:26:19.791398563-06:00" level=debug msg="Invoked gptj-python-rae3dupxiyqgd33gj444.default.192.168.1.240.sslip.io in 10054 usec\n"
time="2024-05-30T03:26:27.285454584-06:00" level=debug msg="Invoking: gptj-python-rae3dupxiyqgd33gj444.default.192.168.1.240.sslip.io:80"
time="2024-05-30T03:26:27.594770196-06:00" level=debug msg="Invoked gptj-python-rae3dupxiyqgd33gj444.default.192.168.1.240.sslip.io in 309335 usec\n"
time="2024-05-30T03:26:34.75742161-06:00" level=debug msg="Minute: 9"
time="2024-05-30T03:26:34.757525483-06:00" level=debug msg="Number of Invocations this iteration: 8"
time="2024-05-30T03:26:34.757619317-06:00" level=debug msg="Invoking: cartservice-x4nbmikn7nqh44isrp27.default.192.168.1.240.sslip.io:80"
time="2024-05-30T03:26:34.773637058-06:00" level=debug msg="Invoked cartservice-x4nbmikn7nqh44isrp27.default.192.168.1.240.sslip.io in 16015 usec\n"
time="2024-05-30T03:26:42.263863984-06:00" level=debug msg="Invoking: gptj-python-rae3dupxiyqgd33gj444.default.192.168.1.240.sslip.io:80"
time="2024-05-30T03:26:42.274098742-06:00" level=debug msg="Invoked gptj-python-rae3dupxiyqgd33gj444.default.192.168.1.240.sslip.io in 10243 usec\n"
time="2024-05-30T03:26:49.769384237-06:00" level=debug msg="Invoking: gptj-python-rae3dupxiyqgd33gj444.default.192.168.1.240.sslip.io:80"
time="2024-05-30T03:26:49.779799518-06:00" level=debug msg="Invoked gptj-python-rae3dupxiyqgd33gj444.default.192.168.1.240.sslip.io in 10424 usec\n"
time="2024-05-30T03:26:57.273328272-06:00" level=debug msg="Invoking: gptj-python-rae3dupxiyqgd33gj444.default.192.168.1.240.sslip.io:80"
time="2024-05-30T03:26:57.284023338-06:00" level=debug msg="Invoked gptj-python-rae3dupxiyqgd33gj444.default.192.168.1.240.sslip.io in 10704 usec\n"
time="2024-05-30T03:27:04.774704227-06:00" level=debug msg="Invoking: cartservice-x4nbmikn7nqh44isrp27.default.192.168.1.240.sslip.io:80"
time="2024-05-30T03:27:04.788522559-06:00" level=debug msg="Invoked cartservice-x4nbmikn7nqh44isrp27.default.192.168.1.240.sslip.io in 13824 usec\n"
time="2024-05-30T03:27:12.281480065-06:00" level=debug msg="Invoking: gptj-python-rae3dupxiyqgd33gj444.default.192.168.1.240.sslip.io:80"
time="2024-05-30T03:27:12.290913559-06:00" level=debug msg="Invoked gptj-python-rae3dupxiyqgd33gj444.default.192.168.1.240.sslip.io in 9499 usec\n"
time="2024-05-30T03:27:19.785421779-06:00" level=debug msg="Invoking: gptj-python-rae3dupxiyqgd33gj444.default.192.168.1.240.sslip.io:80"
time="2024-05-30T03:27:19.795917203-06:00" level=debug msg="Invoked gptj-python-rae3dupxiyqgd33gj444.default.192.168.1.240.sslip.io in 10526 usec\n"
time="2024-05-30T03:27:27.289406538-06:00" level=debug msg="Invoking: gptj-python-rae3dupxiyqgd33gj444.default.192.168.1.240.sslip.io:80"
time="2024-05-30T03:27:27.298383195-06:00" level=debug msg="Invoked gptj-python-rae3dupxiyqgd33gj444.default.192.168.1.240.sslip.io in 8984 usec\n"
time="2024-05-30T03:27:34.759671886-06:00" level=debug msg="Minute: 10"
time="2024-05-30T03:27:34.759810983-06:00" level=debug msg="Number of Invocations this iteration: 8"
time="2024-05-30T03:27:34.759886773-06:00" level=debug msg="Invoking: rnn-serving-python-10-10-5w5wso5twocsowcefvnm.default.192.168.1.240.sslip.io:80"
time="2024-05-30T03:27:42.248038555-06:00" level=debug msg="Invoked rnn-serving-python-10-10-5w5wso5twocsowcefvnm.default.192.168.1.240.sslip.io in 7488149 usec\n"
time="2024-05-30T03:27:42.260349745-06:00" level=debug msg="Invoking: gptj-python-rae3dupxiyqgd33gj444.default.192.168.1.240.sslip.io:80"
time="2024-05-30T03:27:42.270864268-06:00" level=debug msg="Invoked gptj-python-rae3dupxiyqgd33gj444.default.192.168.1.240.sslip.io in 10516 usec\n"
time="2024-05-30T03:27:49.765581835-06:00" level=debug msg="Invoking: gptj-python-rae3dupxiyqgd33gj444.default.192.168.1.240.sslip.io:80"
time="2024-05-30T03:27:49.778372471-06:00" level=debug msg="Invoked gptj-python-rae3dupxiyqgd33gj444.default.192.168.1.240.sslip.io in 12799 usec\n"
time="2024-05-30T03:27:57.269449211-06:00" level=debug msg="Invoking: gptj-python-rae3dupxiyqgd33gj444.default.192.168.1.240.sslip.io:80"
time="2024-05-30T03:27:57.280129401-06:00" level=debug msg="Invoked gptj-python-rae3dupxiyqgd33gj444.default.192.168.1.240.sslip.io in 10685 usec\n"
time="2024-05-30T03:28:04.773391759-06:00" level=debug msg="Invoking: cartservice-x4nbmikn7nqh44isrp27.default.192.168.1.240.sslip.io:80"
time="2024-05-30T03:28:10.658585086-06:00" level=debug msg="Invoked cartservice-x4nbmikn7nqh44isrp27.default.192.168.1.240.sslip.io in 5885204 usec\n"
time="2024-05-30T03:28:12.275081897-06:00" level=debug msg="Invoking: gptj-python-rae3dupxiyqgd33gj444.default.192.168.1.240.sslip.io:80"
time="2024-05-30T03:28:12.285129598-06:00" level=debug msg="Invoked gptj-python-rae3dupxiyqgd33gj444.default.192.168.1.240.sslip.io in 10062 usec\n"
time="2024-05-30T03:28:19.782207868-06:00" level=debug msg="Invoking: gptj-python-rae3dupxiyqgd33gj444.default.192.168.1.240.sslip.io:80"
time="2024-05-30T03:28:19.792294906-06:00" level=debug msg="Invoked gptj-python-rae3dupxiyqgd33gj444.default.192.168.1.240.sslip.io in 10096 usec\n"
time="2024-05-30T03:28:27.289341038-06:00" level=debug msg="Invoking: gptj-python-rae3dupxiyqgd33gj444.default.192.168.1.240.sslip.io:80"
time="2024-05-30T03:28:27.299323627-06:00" level=debug msg="Invoked gptj-python-rae3dupxiyqgd33gj444.default.192.168.1.240.sslip.io in 9990 usec\n"
time="2024-05-30T03:28:34.757688851-06:00" level=debug msg="Minute: 11"
time="2024-05-30T03:28:34.757783113-06:00" level=debug msg="Number of Invocations this iteration: 8"
time="2024-05-30T03:28:34.757869796-06:00" level=debug msg="Invoking: image-rotate-go-6-22qqcnsgzvavdryj0x3x.default.192.168.1.240.sslip.io:80"
time="2024-05-30T03:28:42.126281171-06:00" level=debug msg="Invoked image-rotate-go-6-22qqcnsgzvavdryj0x3x.default.192.168.1.240.sslip.io in 7368408 usec\n"
time="2024-05-30T03:28:42.258478754-06:00" level=debug msg="Invoking: gptj-python-rae3dupxiyqgd33gj444.default.192.168.1.240.sslip.io:80"
time="2024-05-30T03:28:42.268497959-06:00" level=debug msg="Invoked gptj-python-rae3dupxiyqgd33gj444.default.192.168.1.240.sslip.io in 10029 usec\n"
time="2024-05-30T03:28:49.765338537-06:00" level=debug msg="Invoking: gptj-python-rae3dupxiyqgd33gj444.default.192.168.1.240.sslip.io:80"
time="2024-05-30T03:28:49.776001907-06:00" level=debug msg="Invoked gptj-python-rae3dupxiyqgd33gj444.default.192.168.1.240.sslip.io in 10673 usec\n"
time="2024-05-30T03:28:57.269407747-06:00" level=debug msg="Invoking: gptj-python-rae3dupxiyqgd33gj444.default.192.168.1.240.sslip.io:80"
time="2024-05-30T03:28:57.280465602-06:00" level=debug msg="Invoked gptj-python-rae3dupxiyqgd33gj444.default.192.168.1.240.sslip.io in 11088 usec\n"
time="2024-05-30T03:29:04.774335823-06:00" level=debug msg="Invoking: cartservice-x4nbmikn7nqh44isrp27.default.192.168.1.240.sslip.io:80"
time="2024-05-30T03:29:04.806927789-06:00" level=debug msg="Invoked cartservice-x4nbmikn7nqh44isrp27.default.192.168.1.240.sslip.io in 32595 usec\n"
time="2024-05-30T03:29:12.277631079-06:00" level=debug msg="Invoking: gptj-python-rae3dupxiyqgd33gj444.default.192.168.1.240.sslip.io:80"
time="2024-05-30T03:29:12.290898251-06:00" level=debug msg="Invoked gptj-python-rae3dupxiyqgd33gj444.default.192.168.1.240.sslip.io in 13302 usec\n"
time="2024-05-30T03:29:19.782183586-06:00" level=debug msg="Invoking: gptj-python-rae3dupxiyqgd33gj444.default.192.168.1.240.sslip.io:80"
time="2024-05-30T03:29:19.792618577-06:00" level=debug msg="Invoked gptj-python-rae3dupxiyqgd33gj444.default.192.168.1.240.sslip.io in 10441 usec\n"
time="2024-05-30T03:29:27.28535267-06:00" level=debug msg="Invoking: gptj-python-rae3dupxiyqgd33gj444.default.192.168.1.240.sslip.io:80"
time="2024-05-30T03:29:27.29533721-06:00" level=debug msg="Invoked gptj-python-rae3dupxiyqgd33gj444.default.192.168.1.240.sslip.io in 9995 usec\n"
time="2024-05-30T03:29:34.759017009-06:00" level=debug msg="Minute: 12"
time="2024-05-30T03:29:34.759156105-06:00" level=debug msg="Number of Invocations this iteration: 8"
time="2024-05-30T03:29:34.759231817-06:00" level=debug msg="Invoking: cartservice-x4nbmikn7nqh44isrp27.default.192.168.1.240.sslip.io:80"
time="2024-05-30T03:29:34.772819074-06:00" level=debug msg="Invoked cartservice-x4nbmikn7nqh44isrp27.default.192.168.1.240.sslip.io in 13580 usec\n"
time="2024-05-30T03:29:42.265333426-06:00" level=debug msg="Invoking: gptj-python-rae3dupxiyqgd33gj444.default.192.168.1.240.sslip.io:80"
time="2024-05-30T03:29:42.274811961-06:00" level=debug msg="Invoked gptj-python-rae3dupxiyqgd33gj444.default.192.168.1.240.sslip.io in 9487 usec\n"
time="2024-05-30T03:29:49.76932767-06:00" level=debug msg="Invoking: gptj-python-rae3dupxiyqgd33gj444.default.192.168.1.240.sslip.io:80"
time="2024-05-30T03:29:49.780221866-06:00" level=debug msg="Invoked gptj-python-rae3dupxiyqgd33gj444.default.192.168.1.240.sslip.io in 10903 usec\n"
time="2024-05-30T03:29:57.276497535-06:00" level=debug msg="Invoking: gptj-python-rae3dupxiyqgd33gj444.default.192.168.1.240.sslip.io:80"
time="2024-05-30T03:29:57.288611865-06:00" level=debug msg="Invoked gptj-python-rae3dupxiyqgd33gj444.default.192.168.1.240.sslip.io in 12122 usec\n"
time="2024-05-30T03:30:04.782191673-06:00" level=debug msg="Invoking: cartservice-x4nbmikn7nqh44isrp27.default.192.168.1.240.sslip.io:80"
time="2024-05-30T03:30:04.794568776-06:00" level=debug msg="Invoked cartservice-x4nbmikn7nqh44isrp27.default.192.168.1.240.sslip.io in 12386 usec\n"
time="2024-05-30T03:30:12.285385682-06:00" level=debug msg="Invoking: gptj-python-rae3dupxiyqgd33gj444.default.192.168.1.240.sslip.io:80"
time="2024-05-30T03:30:12.29561492-06:00" level=debug msg="Invoked gptj-python-rae3dupxiyqgd33gj444.default.192.168.1.240.sslip.io in 10233 usec\n"
time="2024-05-30T03:30:19.789762032-06:00" level=debug msg="Invoking: gptj-python-rae3dupxiyqgd33gj444.default.192.168.1.240.sslip.io:80"
time="2024-05-30T03:30:19.800439346-06:00" level=debug msg="Invoked gptj-python-rae3dupxiyqgd33gj444.default.192.168.1.240.sslip.io in 10705 usec\n"
time="2024-05-30T03:30:27.293463993-06:00" level=debug msg="Invoking: gptj-python-rae3dupxiyqgd33gj444.default.192.168.1.240.sslip.io:80"
time="2024-05-30T03:30:27.304865902-06:00" level=debug msg="Invoked gptj-python-rae3dupxiyqgd33gj444.default.192.168.1.240.sslip.io in 11446 usec\n"
time="2024-05-30T03:30:34.757403276-06:00" level=debug msg="Minute: 13"
time="2024-05-30T03:30:34.757509999-06:00" level=debug msg="Number of Invocations this iteration: 8"
time="2024-05-30T03:30:34.757608361-06:00" level=debug msg="Invoking: cartservice-x4nbmikn7nqh44isrp27.default.192.168.1.240.sslip.io:80"
time="2024-05-30T03:30:34.771068604-06:00" level=debug msg="Invoked cartservice-x4nbmikn7nqh44isrp27.default.192.168.1.240.sslip.io in 13456 usec\n"
time="2024-05-30T03:30:42.261479324-06:00" level=debug msg="Invoking: gptj-python-rae3dupxiyqgd33gj444.default.192.168.1.240.sslip.io:80"
time="2024-05-30T03:30:42.272579992-06:00" level=debug msg="Invoked gptj-python-rae3dupxiyqgd33gj444.default.192.168.1.240.sslip.io in 11111 usec\n"
time="2024-05-30T03:30:49.765324428-06:00" level=debug msg="Invoking: gptj-python-rae3dupxiyqgd33gj444.default.192.168.1.240.sslip.io:80"
time="2024-05-30T03:30:49.775434273-06:00" level=debug msg="Invoked gptj-python-rae3dupxiyqgd33gj444.default.192.168.1.240.sslip.io in 10112 usec\n"
time="2024-05-30T03:30:57.269393652-06:00" level=debug msg="Invoking: gptj-python-rae3dupxiyqgd33gj444.default.192.168.1.240.sslip.io:80"
time="2024-05-30T03:30:57.280764373-06:00" level=debug msg="Invoked gptj-python-rae3dupxiyqgd33gj444.default.192.168.1.240.sslip.io in 11384 usec\n"
time="2024-05-30T03:31:04.773357541-06:00" level=debug msg="Invoking: cartservice-x4nbmikn7nqh44isrp27.default.192.168.1.240.sslip.io:80"
time="2024-05-30T03:31:04.788734724-06:00" level=debug msg="Invoked cartservice-x4nbmikn7nqh44isrp27.default.192.168.1.240.sslip.io in 15373 usec\n"
time="2024-05-30T03:31:12.277470557-06:00" level=debug msg="Invoking: gptj-python-rae3dupxiyqgd33gj444.default.192.168.1.240.sslip.io:80"
time="2024-05-30T03:31:12.288113249-06:00" level=debug msg="Invoked gptj-python-rae3dupxiyqgd33gj444.default.192.168.1.240.sslip.io in 10705 usec\n"
time="2024-05-30T03:31:19.781435104-06:00" level=debug msg="Invoking: gptj-python-rae3dupxiyqgd33gj444.default.192.168.1.240.sslip.io:80"
time="2024-05-30T03:31:19.791834091-06:00" level=debug msg="Invoked gptj-python-rae3dupxiyqgd33gj444.default.192.168.1.240.sslip.io in 10413 usec\n"
time="2024-05-30T03:31:27.285857202-06:00" level=debug msg="Invoking: gptj-python-rae3dupxiyqgd33gj444.default.192.168.1.240.sslip.io:80"
time="2024-05-30T03:31:27.29975993-06:00" level=debug msg="Invoked gptj-python-rae3dupxiyqgd33gj444.default.192.168.1.240.sslip.io in 13912 usec\n"
time="2024-05-30T03:31:34.757931337-06:00" level=info msg="Experiment Phase Completed"
time="2024-05-30T03:31:34.758053522-06:00" level=info msg="Issued / completed requests: 112, 112"
time="2024-05-30T03:31:34.758089346-06:00" level=info msg="Average Real RPS: 0.13 "
time="2024-05-30T03:31:34.758114557-06:00" level=info msg="Experiment finished!"
time="2024-05-30T03:31:34.758140709-06:00" level=info msg="The measured latencies are saved in rps_lat.csv"
