time="2024-05-30T01:47:37.004885033-06:00" level=debug msg="Debug logging is enabled"
time="2024-05-30T01:47:37.0050887-06:00" level=info msg="Reading the trace endpoints from the file: /users/ArunAMS/vSwarm/tools/load-generator/load.json"
time="2024-05-30T01:47:37.006791009-06:00" level=info msg="Warmup Duration: 3"
time="2024-05-30T01:47:37.006822071-06:00" level=info msg="Experiment Duration: 11"
time="2024-05-30T01:47:37.006846833-06:00" level=info msg="Minute Granularity: true"
time="2024-05-30T01:48:37.063964141-06:00" level=info msg="Running Warmup Phase"
time="2024-05-30T01:48:37.064048052-06:00" level=debug msg="Minute: 0"
time="2024-05-30T01:48:37.064126083-06:00" level=debug msg="Number of Invocations this iteration: 8"
time="2024-05-30T01:48:37.064241065-06:00" level=debug msg="Invoking: cartservice-oah7kyny8t81ifpdzn3t.default.192.168.1.240.sslip.io:80"
time="2024-05-30T01:48:44.564989076-06:00" level=debug msg="Invoking: gptj-python-3dbjxphbvt6hjb2tf5ab.default.192.168.1.240.sslip.io:80"
time="2024-05-30T01:48:52.066030962-06:00" level=debug msg="Invoking: gptj-python-3dbjxphbvt6hjb2tf5ab.default.192.168.1.240.sslip.io:80"
time="2024-05-30T01:48:59.571876772-06:00" level=debug msg="Invoking: gptj-python-3dbjxphbvt6hjb2tf5ab.default.192.168.1.240.sslip.io:80"
time="2024-05-30T01:49:07.075954293-06:00" level=debug msg="Invoking: cartservice-oah7kyny8t81ifpdzn3t.default.192.168.1.240.sslip.io:80"
time="2024-05-30T01:49:14.582277214-06:00" level=debug msg="Invoking: gptj-python-3dbjxphbvt6hjb2tf5ab.default.192.168.1.240.sslip.io:80"
time="2024-05-30T01:49:22.089183166-06:00" level=debug msg="Invoking: gptj-python-3dbjxphbvt6hjb2tf5ab.default.192.168.1.240.sslip.io:80"
time="2024-05-30T01:49:29.595897234-06:00" level=debug msg="Invoking: gptj-python-3dbjxphbvt6hjb2tf5ab.default.192.168.1.240.sslip.io:80"
time="2024-05-30T01:49:37.014076969-06:00" level=debug msg="Minute: 1"
time="2024-05-30T01:49:37.01418149-06:00" level=debug msg="Number of Invocations this iteration: 8"
time="2024-05-30T01:49:37.014284492-06:00" level=debug msg="Invoking: image-rotate-go-6-0d4p7u3210ie5e8nz429.default.192.168.1.240.sslip.io:80"
time="2024-05-30T01:49:44.519885065-06:00" level=debug msg="Invoking: gptj-python-3dbjxphbvt6hjb2tf5ab.default.192.168.1.240.sslip.io:80"
time="2024-05-30T01:49:52.020957458-06:00" level=debug msg="Invoking: gptj-python-3dbjxphbvt6hjb2tf5ab.default.192.168.1.240.sslip.io:80"
time="2024-05-30T01:49:59.527903264-06:00" level=debug msg="Invoking: gptj-python-3dbjxphbvt6hjb2tf5ab.default.192.168.1.240.sslip.io:80"
time="2024-05-30T01:50:07.031872304-06:00" level=debug msg="Invoking: cartservice-oah7kyny8t81ifpdzn3t.default.192.168.1.240.sslip.io:80"
time="2024-05-30T01:50:14.535874297-06:00" level=debug msg="Invoking: gptj-python-3dbjxphbvt6hjb2tf5ab.default.192.168.1.240.sslip.io:80"
time="2024-05-30T01:50:22.039965592-06:00" level=debug msg="Invoking: gptj-python-3dbjxphbvt6hjb2tf5ab.default.192.168.1.240.sslip.io:80"
time="2024-05-30T01:50:29.54396511-06:00" level=debug msg="Invoking: gptj-python-3dbjxphbvt6hjb2tf5ab.default.192.168.1.240.sslip.io:80"
time="2024-05-30T01:50:37.011867746-06:00" level=debug msg="Minute: 2"
time="2024-05-30T01:50:37.011960624-06:00" level=debug msg="Number of Invocations this iteration: 8"
time="2024-05-30T01:50:37.012062989-06:00" level=debug msg="Invoking: cartservice-oah7kyny8t81ifpdzn3t.default.192.168.1.240.sslip.io:80"
time="2024-05-30T01:50:44.518807169-06:00" level=debug msg="Invoking: gptj-python-3dbjxphbvt6hjb2tf5ab.default.192.168.1.240.sslip.io:80"
time="2024-05-30T01:50:52.024099575-06:00" level=debug msg="Invoking: gptj-python-3dbjxphbvt6hjb2tf5ab.default.192.168.1.240.sslip.io:80"
time="2024-05-30T01:50:59.528838744-06:00" level=debug msg="Invoking: gptj-python-3dbjxphbvt6hjb2tf5ab.default.192.168.1.240.sslip.io:80"
time="2024-05-30T01:51:07.03589029-06:00" level=debug msg="Invoking: cartservice-oah7kyny8t81ifpdzn3t.default.192.168.1.240.sslip.io:80"
time="2024-05-30T01:51:14.539934657-06:00" level=debug msg="Invoking: gptj-python-3dbjxphbvt6hjb2tf5ab.default.192.168.1.240.sslip.io:80"
time="2024-05-30T01:51:22.043953402-06:00" level=debug msg="Invoking: gptj-python-3dbjxphbvt6hjb2tf5ab.default.192.168.1.240.sslip.io:80"
time="2024-05-30T01:51:29.547904014-06:00" level=debug msg="Invoking: gptj-python-3dbjxphbvt6hjb2tf5ab.default.192.168.1.240.sslip.io:80"
time="2024-05-30T01:51:37.011885221-06:00" level=info msg="Warmup Phase Completed"
time="2024-05-30T01:51:37.01194186-06:00" level=info msg="Running Experiment Phase"
time="2024-05-30T01:51:37.011957574-06:00" level=debug msg="Minute: 3"
time="2024-05-30T01:51:37.011986457-06:00" level=debug msg="Number of Invocations this iteration: 8"
time="2024-05-30T01:51:37.012062201-06:00" level=debug msg="Invoking: cartservice-oah7kyny8t81ifpdzn3t.default.192.168.1.240.sslip.io:80"
time="2024-05-30T01:51:37.024282329-06:00" level=debug msg="Invoked cartservice-oah7kyny8t81ifpdzn3t.default.192.168.1.240.sslip.io in 12215 usec\n"
time="2024-05-30T01:51:44.515857221-06:00" level=debug msg="Invoking: gptj-python-3dbjxphbvt6hjb2tf5ab.default.192.168.1.240.sslip.io:80"
time="2024-05-30T01:51:44.527716468-06:00" level=debug msg="Invoked gptj-python-3dbjxphbvt6hjb2tf5ab.default.192.168.1.240.sslip.io in 11867 usec\n"
time="2024-05-30T01:51:52.019865935-06:00" level=debug msg="Invoking: gptj-python-3dbjxphbvt6hjb2tf5ab.default.192.168.1.240.sslip.io:80"
time="2024-05-30T01:51:52.030896093-06:00" level=debug msg="Invoked gptj-python-3dbjxphbvt6hjb2tf5ab.default.192.168.1.240.sslip.io in 11040 usec\n"
time="2024-05-30T01:51:59.523881132-06:00" level=debug msg="Invoking: gptj-python-3dbjxphbvt6hjb2tf5ab.default.192.168.1.240.sslip.io:80"
time="2024-05-30T01:51:59.534989267-06:00" level=debug msg="Invoked gptj-python-3dbjxphbvt6hjb2tf5ab.default.192.168.1.240.sslip.io in 11118 usec\n"
time="2024-05-30T01:52:07.027856463-06:00" level=debug msg="Invoking: cartservice-oah7kyny8t81ifpdzn3t.default.192.168.1.240.sslip.io:80"
time="2024-05-30T01:52:07.040562316-06:00" level=debug msg="Invoked cartservice-oah7kyny8t81ifpdzn3t.default.192.168.1.240.sslip.io in 12713 usec\n"
time="2024-05-30T01:52:14.531876626-06:00" level=debug msg="Invoking: gptj-python-3dbjxphbvt6hjb2tf5ab.default.192.168.1.240.sslip.io:80"
time="2024-05-30T01:52:14.543220259-06:00" level=debug msg="Invoked gptj-python-3dbjxphbvt6hjb2tf5ab.default.192.168.1.240.sslip.io in 11355 usec\n"
time="2024-05-30T01:52:22.032065509-06:00" level=debug msg="Invoking: gptj-python-3dbjxphbvt6hjb2tf5ab.default.192.168.1.240.sslip.io:80"
time="2024-05-30T01:52:22.042803123-06:00" level=debug msg="Invoked gptj-python-3dbjxphbvt6hjb2tf5ab.default.192.168.1.240.sslip.io in 10758 usec\n"
time="2024-05-30T01:52:29.535888262-06:00" level=debug msg="Invoking: gptj-python-3dbjxphbvt6hjb2tf5ab.default.192.168.1.240.sslip.io:80"
time="2024-05-30T01:52:29.545790839-06:00" level=debug msg="Invoked gptj-python-3dbjxphbvt6hjb2tf5ab.default.192.168.1.240.sslip.io in 9916 usec\n"
time="2024-05-30T01:52:37.011858373-06:00" level=debug msg="Minute: 4"
time="2024-05-30T01:52:37.011987932-06:00" level=debug msg="Number of Invocations this iteration: 8"
time="2024-05-30T01:52:37.012088236-06:00" level=debug msg="Invoking: rnn-serving-python-10-10-am8mhg6kc5nberqjzl0l.default.192.168.1.240.sslip.io:80"
time="2024-05-30T01:52:44.51708917-06:00" level=debug msg="Invoking: gptj-python-3dbjxphbvt6hjb2tf5ab.default.192.168.1.240.sslip.io:80"
time="2024-05-30T01:52:44.531414526-06:00" level=debug msg="Invoked gptj-python-3dbjxphbvt6hjb2tf5ab.default.192.168.1.240.sslip.io in 14332 usec\n"
time="2024-05-30T01:52:48.138158575-06:00" level=debug msg="Invoked rnn-serving-python-10-10-am8mhg6kc5nberqjzl0l.default.192.168.1.240.sslip.io in 11126068 usec\n"
time="2024-05-30T01:52:52.019880702-06:00" level=debug msg="Invoking: gptj-python-3dbjxphbvt6hjb2tf5ab.default.192.168.1.240.sslip.io:80"
time="2024-05-30T01:52:52.030091054-06:00" level=debug msg="Invoked gptj-python-3dbjxphbvt6hjb2tf5ab.default.192.168.1.240.sslip.io in 10221 usec\n"
time="2024-05-30T01:52:59.52388752-06:00" level=debug msg="Invoking: gptj-python-3dbjxphbvt6hjb2tf5ab.default.192.168.1.240.sslip.io:80"
time="2024-05-30T01:52:59.534512491-06:00" level=debug msg="Invoked gptj-python-3dbjxphbvt6hjb2tf5ab.default.192.168.1.240.sslip.io in 10637 usec\n"
time="2024-05-30T01:53:07.027895225-06:00" level=debug msg="Invoking: cartservice-oah7kyny8t81ifpdzn3t.default.192.168.1.240.sslip.io:80"
time="2024-05-30T01:53:07.040613758-06:00" level=debug msg="Invoked cartservice-oah7kyny8t81ifpdzn3t.default.192.168.1.240.sslip.io in 12730 usec\n"
time="2024-05-30T01:53:14.534142634-06:00" level=debug msg="Invoking: gptj-python-3dbjxphbvt6hjb2tf5ab.default.192.168.1.240.sslip.io:80"
time="2024-05-30T01:53:14.545447835-06:00" level=debug msg="Invoked gptj-python-3dbjxphbvt6hjb2tf5ab.default.192.168.1.240.sslip.io in 11315 usec\n"
time="2024-05-30T01:53:22.039880727-06:00" level=debug msg="Invoking: gptj-python-3dbjxphbvt6hjb2tf5ab.default.192.168.1.240.sslip.io:80"
time="2024-05-30T01:53:22.050335073-06:00" level=debug msg="Invoked gptj-python-3dbjxphbvt6hjb2tf5ab.default.192.168.1.240.sslip.io in 10461 usec\n"
time="2024-05-30T01:53:29.543920117-06:00" level=debug msg="Invoking: gptj-python-3dbjxphbvt6hjb2tf5ab.default.192.168.1.240.sslip.io:80"
time="2024-05-30T01:53:29.554520682-06:00" level=debug msg="Invoked gptj-python-3dbjxphbvt6hjb2tf5ab.default.192.168.1.240.sslip.io in 10609 usec\n"
time="2024-05-30T01:53:37.011940812-06:00" level=debug msg="Minute: 5"
time="2024-05-30T01:53:37.012041269-06:00" level=debug msg="Number of Invocations this iteration: 8"
time="2024-05-30T01:53:37.012132204-06:00" level=debug msg="Invoking: cartservice-oah7kyny8t81ifpdzn3t.default.192.168.1.240.sslip.io:80"
time="2024-05-30T01:53:37.025291902-06:00" level=debug msg="Invoked cartservice-oah7kyny8t81ifpdzn3t.default.192.168.1.240.sslip.io in 13156 usec\n"
time="2024-05-30T01:53:44.515890412-06:00" level=debug msg="Invoking: gptj-python-3dbjxphbvt6hjb2tf5ab.default.192.168.1.240.sslip.io:80"
time="2024-05-30T01:53:44.526327166-06:00" level=debug msg="Invoked gptj-python-3dbjxphbvt6hjb2tf5ab.default.192.168.1.240.sslip.io in 10471 usec\n"
time="2024-05-30T01:53:52.019856617-06:00" level=debug msg="Invoking: gptj-python-3dbjxphbvt6hjb2tf5ab.default.192.168.1.240.sslip.io:80"
time="2024-05-30T01:53:52.029960409-06:00" level=debug msg="Invoked gptj-python-3dbjxphbvt6hjb2tf5ab.default.192.168.1.240.sslip.io in 10113 usec\n"
time="2024-05-30T01:53:59.523907408-06:00" level=debug msg="Invoking: gptj-python-3dbjxphbvt6hjb2tf5ab.default.192.168.1.240.sslip.io:80"
time="2024-05-30T01:53:59.534373317-06:00" level=debug msg="Invoked gptj-python-3dbjxphbvt6hjb2tf5ab.default.192.168.1.240.sslip.io in 10481 usec\n"
time="2024-05-30T01:54:07.027867481-06:00" level=debug msg="Invoking: cartservice-oah7kyny8t81ifpdzn3t.default.192.168.1.240.sslip.io:80"
time="2024-05-30T01:54:07.040590829-06:00" level=debug msg="Invoked cartservice-oah7kyny8t81ifpdzn3t.default.192.168.1.240.sslip.io in 12732 usec\n"
time="2024-05-30T01:54:14.531896999-06:00" level=debug msg="Invoking: gptj-python-3dbjxphbvt6hjb2tf5ab.default.192.168.1.240.sslip.io:80"
time="2024-05-30T01:54:14.542082003-06:00" level=debug msg="Invoked gptj-python-3dbjxphbvt6hjb2tf5ab.default.192.168.1.240.sslip.io in 10195 usec\n"
time="2024-05-30T01:54:22.032073816-06:00" level=debug msg="Invoking: gptj-python-3dbjxphbvt6hjb2tf5ab.default.192.168.1.240.sslip.io:80"
time="2024-05-30T01:54:22.043587762-06:00" level=debug msg="Invoked gptj-python-3dbjxphbvt6hjb2tf5ab.default.192.168.1.240.sslip.io in 11528 usec\n"
time="2024-05-30T01:54:29.537300947-06:00" level=debug msg="Invoking: gptj-python-3dbjxphbvt6hjb2tf5ab.default.192.168.1.240.sslip.io:80"
time="2024-05-30T01:54:29.547092015-06:00" level=debug msg="Invoked gptj-python-3dbjxphbvt6hjb2tf5ab.default.192.168.1.240.sslip.io in 9808 usec\n"
time="2024-05-30T01:54:37.01189021-06:00" level=debug msg="Minute: 6"
time="2024-05-30T01:54:37.011979063-06:00" level=debug msg="Number of Invocations this iteration: 8"
time="2024-05-30T01:54:37.012075268-06:00" level=debug msg="Invoking: image-rotate-go-6-0d4p7u3210ie5e8nz429.default.192.168.1.240.sslip.io:80"
time="2024-05-30T01:54:44.297210773-06:00" level=debug msg="Invoked image-rotate-go-6-0d4p7u3210ie5e8nz429.default.192.168.1.240.sslip.io in 7285134 usec\n"
time="2024-05-30T01:54:44.512343132-06:00" level=debug msg="Invoking: gptj-python-3dbjxphbvt6hjb2tf5ab.default.192.168.1.240.sslip.io:80"
time="2024-05-30T01:54:44.522328429-06:00" level=debug msg="Invoked gptj-python-3dbjxphbvt6hjb2tf5ab.default.192.168.1.240.sslip.io in 9991 usec\n"
time="2024-05-30T01:54:52.017134739-06:00" level=debug msg="Invoking: gptj-python-3dbjxphbvt6hjb2tf5ab.default.192.168.1.240.sslip.io:80"
time="2024-05-30T01:54:52.027403922-06:00" level=debug msg="Invoked gptj-python-3dbjxphbvt6hjb2tf5ab.default.192.168.1.240.sslip.io in 10280 usec\n"
time="2024-05-30T01:54:59.524122272-06:00" level=debug msg="Invoking: gptj-python-3dbjxphbvt6hjb2tf5ab.default.192.168.1.240.sslip.io:80"
time="2024-05-30T01:54:59.535172664-06:00" level=debug msg="Invoked gptj-python-3dbjxphbvt6hjb2tf5ab.default.192.168.1.240.sslip.io in 11055 usec\n"
time="2024-05-30T01:55:07.030478942-06:00" level=debug msg="Invoking: cartservice-oah7kyny8t81ifpdzn3t.default.192.168.1.240.sslip.io:80"
time="2024-05-30T01:55:07.046354632-06:00" level=debug msg="Invoked cartservice-oah7kyny8t81ifpdzn3t.default.192.168.1.240.sslip.io in 15911 usec\n"
time="2024-05-30T01:55:14.535872279-06:00" level=debug msg="Invoking: gptj-python-3dbjxphbvt6hjb2tf5ab.default.192.168.1.240.sslip.io:80"
time="2024-05-30T01:55:14.546724055-06:00" level=debug msg="Invoked gptj-python-3dbjxphbvt6hjb2tf5ab.default.192.168.1.240.sslip.io in 10864 usec\n"
time="2024-05-30T01:55:22.039897078-06:00" level=debug msg="Invoking: gptj-python-3dbjxphbvt6hjb2tf5ab.default.192.168.1.240.sslip.io:80"
time="2024-05-30T01:55:22.051636506-06:00" level=debug msg="Invoked gptj-python-3dbjxphbvt6hjb2tf5ab.default.192.168.1.240.sslip.io in 11747 usec\n"
time="2024-05-30T01:55:29.544831096-06:00" level=debug msg="Invoking: gptj-python-3dbjxphbvt6hjb2tf5ab.default.192.168.1.240.sslip.io:80"
time="2024-05-30T01:55:29.555652995-06:00" level=debug msg="Invoked gptj-python-3dbjxphbvt6hjb2tf5ab.default.192.168.1.240.sslip.io in 10832 usec\n"
time="2024-05-30T01:55:37.013835448-06:00" level=debug msg="Minute: 7"
time="2024-05-30T01:55:37.013930934-06:00" level=debug msg="Number of Invocations this iteration: 8"
time="2024-05-30T01:55:37.014022608-06:00" level=debug msg="Invoking: cartservice-oah7kyny8t81ifpdzn3t.default.192.168.1.240.sslip.io:80"
time="2024-05-30T01:55:37.025944823-06:00" level=debug msg="Invoked cartservice-oah7kyny8t81ifpdzn3t.default.192.168.1.240.sslip.io in 11920 usec\n"
time="2024-05-30T01:55:44.52006358-06:00" level=debug msg="Invoking: gptj-python-3dbjxphbvt6hjb2tf5ab.default.192.168.1.240.sslip.io:80"
time="2024-05-30T01:55:44.532193114-06:00" level=debug msg="Invoked gptj-python-3dbjxphbvt6hjb2tf5ab.default.192.168.1.240.sslip.io in 12169 usec\n"
time="2024-05-30T01:55:52.023914366-06:00" level=debug msg="Invoking: gptj-python-3dbjxphbvt6hjb2tf5ab.default.192.168.1.240.sslip.io:80"
time="2024-05-30T01:55:52.034323999-06:00" level=debug msg="Invoked gptj-python-3dbjxphbvt6hjb2tf5ab.default.192.168.1.240.sslip.io in 10443 usec\n"
time="2024-05-30T01:55:59.527871151-06:00" level=debug msg="Invoking: gptj-python-3dbjxphbvt6hjb2tf5ab.default.192.168.1.240.sslip.io:80"
time="2024-05-30T01:55:59.537826934-06:00" level=debug msg="Invoked gptj-python-3dbjxphbvt6hjb2tf5ab.default.192.168.1.240.sslip.io in 9966 usec\n"
time="2024-05-30T01:56:07.034220136-06:00" level=debug msg="Invoking: cartservice-oah7kyny8t81ifpdzn3t.default.192.168.1.240.sslip.io:80"
time="2024-05-30T01:56:07.045872663-06:00" level=debug msg="Invoked cartservice-oah7kyny8t81ifpdzn3t.default.192.168.1.240.sslip.io in 11663 usec\n"
time="2024-05-30T01:56:14.539869852-06:00" level=debug msg="Invoking: gptj-python-3dbjxphbvt6hjb2tf5ab.default.192.168.1.240.sslip.io:80"
time="2024-05-30T01:56:14.550398917-06:00" level=debug msg="Invoked gptj-python-3dbjxphbvt6hjb2tf5ab.default.192.168.1.240.sslip.io in 10533 usec\n"
time="2024-05-30T01:56:22.040681667-06:00" level=debug msg="Invoking: gptj-python-3dbjxphbvt6hjb2tf5ab.default.192.168.1.240.sslip.io:80"
time="2024-05-30T01:56:22.052101467-06:00" level=debug msg="Invoked gptj-python-3dbjxphbvt6hjb2tf5ab.default.192.168.1.240.sslip.io in 11513 usec\n"
time="2024-05-30T01:56:29.544698583-06:00" level=debug msg="Invoking: gptj-python-3dbjxphbvt6hjb2tf5ab.default.192.168.1.240.sslip.io:80"
time="2024-05-30T01:56:29.555203673-06:00" level=debug msg="Invoked gptj-python-3dbjxphbvt6hjb2tf5ab.default.192.168.1.240.sslip.io in 10512 usec\n"
time="2024-05-30T01:56:37.01187883-06:00" level=debug msg="Minute: 8"
time="2024-05-30T01:56:37.012021733-06:00" level=debug msg="Number of Invocations this iteration: 8"
time="2024-05-30T01:56:37.012109044-06:00" level=debug msg="Invoking: cartservice-oah7kyny8t81ifpdzn3t.default.192.168.1.240.sslip.io:80"
time="2024-05-30T01:56:37.025080218-06:00" level=debug msg="Invoked cartservice-oah7kyny8t81ifpdzn3t.default.192.168.1.240.sslip.io in 12968 usec\n"
time="2024-05-30T01:56:44.516489863-06:00" level=debug msg="Invoking: gptj-python-3dbjxphbvt6hjb2tf5ab.default.192.168.1.240.sslip.io:80"
time="2024-05-30T01:56:44.525394808-06:00" level=debug msg="Invoked gptj-python-3dbjxphbvt6hjb2tf5ab.default.192.168.1.240.sslip.io in 8909 usec\n"
time="2024-05-30T01:56:52.019882946-06:00" level=debug msg="Invoking: gptj-python-3dbjxphbvt6hjb2tf5ab.default.192.168.1.240.sslip.io:80"
time="2024-05-30T01:56:52.03073114-06:00" level=debug msg="Invoked gptj-python-3dbjxphbvt6hjb2tf5ab.default.192.168.1.240.sslip.io in 10862 usec\n"
time="2024-05-30T01:56:59.523896494-06:00" level=debug msg="Invoking: gptj-python-3dbjxphbvt6hjb2tf5ab.default.192.168.1.240.sslip.io:80"
time="2024-05-30T01:56:59.534509715-06:00" level=debug msg="Invoked gptj-python-3dbjxphbvt6hjb2tf5ab.default.192.168.1.240.sslip.io in 10641 usec\n"
time="2024-05-30T01:57:07.027910585-06:00" level=debug msg="Invoking: cartservice-oah7kyny8t81ifpdzn3t.default.192.168.1.240.sslip.io:80"
time="2024-05-30T01:57:07.041346774-06:00" level=debug msg="Invoked cartservice-oah7kyny8t81ifpdzn3t.default.192.168.1.240.sslip.io in 13447 usec\n"
time="2024-05-30T01:57:14.53188116-06:00" level=debug msg="Invoking: gptj-python-3dbjxphbvt6hjb2tf5ab.default.192.168.1.240.sslip.io:80"
time="2024-05-30T01:57:14.541469797-06:00" level=debug msg="Invoked gptj-python-3dbjxphbvt6hjb2tf5ab.default.192.168.1.240.sslip.io in 9599 usec\n"
time="2024-05-30T01:57:22.035900915-06:00" level=debug msg="Invoking: gptj-python-3dbjxphbvt6hjb2tf5ab.default.192.168.1.240.sslip.io:80"
time="2024-05-30T01:57:22.047058703-06:00" level=debug msg="Invoked gptj-python-3dbjxphbvt6hjb2tf5ab.default.192.168.1.240.sslip.io in 11169 usec\n"
time="2024-05-30T01:57:29.539876042-06:00" level=debug msg="Invoking: gptj-python-3dbjxphbvt6hjb2tf5ab.default.192.168.1.240.sslip.io:80"
time="2024-05-30T01:57:29.550134965-06:00" level=debug msg="Invoked gptj-python-3dbjxphbvt6hjb2tf5ab.default.192.168.1.240.sslip.io in 10270 usec\n"
time="2024-05-30T01:57:37.011873993-06:00" level=debug msg="Minute: 9"
time="2024-05-30T01:57:37.011983209-06:00" level=debug msg="Number of Invocations this iteration: 8"
time="2024-05-30T01:57:37.012073205-06:00" level=debug msg="Invoking: cartservice-oah7kyny8t81ifpdzn3t.default.192.168.1.240.sslip.io:80"
time="2024-05-30T01:57:37.034067441-06:00" level=debug msg="Invoked cartservice-oah7kyny8t81ifpdzn3t.default.192.168.1.240.sslip.io in 21989 usec\n"
time="2024-05-30T01:57:44.518045153-06:00" level=debug msg="Invoking: gptj-python-3dbjxphbvt6hjb2tf5ab.default.192.168.1.240.sslip.io:80"
time="2024-05-30T01:57:44.531669755-06:00" level=debug msg="Invoked gptj-python-3dbjxphbvt6hjb2tf5ab.default.192.168.1.240.sslip.io in 13636 usec\n"
time="2024-05-30T01:57:52.023864439-06:00" level=debug msg="Invoking: gptj-python-3dbjxphbvt6hjb2tf5ab.default.192.168.1.240.sslip.io:80"
time="2024-05-30T01:57:52.034136521-06:00" level=debug msg="Invoked gptj-python-3dbjxphbvt6hjb2tf5ab.default.192.168.1.240.sslip.io in 10286 usec\n"
time="2024-05-30T01:57:59.527918608-06:00" level=debug msg="Invoking: gptj-python-3dbjxphbvt6hjb2tf5ab.default.192.168.1.240.sslip.io:80"
time="2024-05-30T01:57:59.543915957-06:00" level=debug msg="Invoked gptj-python-3dbjxphbvt6hjb2tf5ab.default.192.168.1.240.sslip.io in 16009 usec\n"
time="2024-05-30T01:58:07.031909007-06:00" level=debug msg="Invoking: cartservice-oah7kyny8t81ifpdzn3t.default.192.168.1.240.sslip.io:80"
time="2024-05-30T01:58:07.044820883-06:00" level=debug msg="Invoked cartservice-oah7kyny8t81ifpdzn3t.default.192.168.1.240.sslip.io in 12924 usec\n"
time="2024-05-30T01:58:14.535869722-06:00" level=debug msg="Invoking: gptj-python-3dbjxphbvt6hjb2tf5ab.default.192.168.1.240.sslip.io:80"
time="2024-05-30T01:58:14.547918361-06:00" level=debug msg="Invoked gptj-python-3dbjxphbvt6hjb2tf5ab.default.192.168.1.240.sslip.io in 12058 usec\n"
time="2024-05-30T01:58:22.039850532-06:00" level=debug msg="Invoking: gptj-python-3dbjxphbvt6hjb2tf5ab.default.192.168.1.240.sslip.io:80"
time="2024-05-30T01:58:22.052268685-06:00" level=debug msg="Invoked gptj-python-3dbjxphbvt6hjb2tf5ab.default.192.168.1.240.sslip.io in 12411 usec\n"
time="2024-05-30T01:58:29.544749041-06:00" level=debug msg="Invoking: gptj-python-3dbjxphbvt6hjb2tf5ab.default.192.168.1.240.sslip.io:80"
time="2024-05-30T01:58:29.555456083-06:00" level=debug msg="Invoked gptj-python-3dbjxphbvt6hjb2tf5ab.default.192.168.1.240.sslip.io in 10716 usec\n"
time="2024-05-30T01:58:37.012313192-06:00" level=debug msg="Minute: 10"
time="2024-05-30T01:58:37.01245838-06:00" level=debug msg="Number of Invocations this iteration: 8"
time="2024-05-30T01:58:37.012536523-06:00" level=debug msg="Invoking: rnn-serving-python-10-10-am8mhg6kc5nberqjzl0l.default.192.168.1.240.sslip.io:80"
time="2024-05-30T01:58:44.515927893-06:00" level=debug msg="Invoking: gptj-python-3dbjxphbvt6hjb2tf5ab.default.192.168.1.240.sslip.io:80"
time="2024-05-30T01:58:44.527771074-06:00" level=debug msg="Invoked gptj-python-3dbjxphbvt6hjb2tf5ab.default.192.168.1.240.sslip.io in 11851 usec\n"
time="2024-05-30T01:58:48.342978898-06:00" level=debug msg="Invoked rnn-serving-python-10-10-am8mhg6kc5nberqjzl0l.default.192.168.1.240.sslip.io in 11330439 usec\n"
time="2024-05-30T01:58:52.016967822-06:00" level=debug msg="Invoking: gptj-python-3dbjxphbvt6hjb2tf5ab.default.192.168.1.240.sslip.io:80"
time="2024-05-30T01:58:52.027018689-06:00" level=debug msg="Invoked gptj-python-3dbjxphbvt6hjb2tf5ab.default.192.168.1.240.sslip.io in 10059 usec\n"
time="2024-05-30T01:58:59.523876569-06:00" level=debug msg="Invoking: gptj-python-3dbjxphbvt6hjb2tf5ab.default.192.168.1.240.sslip.io:80"
time="2024-05-30T01:58:59.534147026-06:00" level=debug msg="Invoked gptj-python-3dbjxphbvt6hjb2tf5ab.default.192.168.1.240.sslip.io in 10289 usec\n"
time="2024-05-30T01:59:07.027914539-06:00" level=debug msg="Invoking: cartservice-oah7kyny8t81ifpdzn3t.default.192.168.1.240.sslip.io:80"
time="2024-05-30T01:59:07.039870083-06:00" level=debug msg="Invoked cartservice-oah7kyny8t81ifpdzn3t.default.192.168.1.240.sslip.io in 11985 usec\n"
time="2024-05-30T01:59:14.532586587-06:00" level=debug msg="Invoking: gptj-python-3dbjxphbvt6hjb2tf5ab.default.192.168.1.240.sslip.io:80"
time="2024-05-30T01:59:14.542545673-06:00" level=debug msg="Invoked gptj-python-3dbjxphbvt6hjb2tf5ab.default.192.168.1.240.sslip.io in 9965 usec\n"
time="2024-05-30T01:59:22.037100061-06:00" level=debug msg="Invoking: gptj-python-3dbjxphbvt6hjb2tf5ab.default.192.168.1.240.sslip.io:80"
time="2024-05-30T01:59:22.047132204-06:00" level=debug msg="Invoked gptj-python-3dbjxphbvt6hjb2tf5ab.default.192.168.1.240.sslip.io in 10044 usec\n"
time="2024-05-30T01:59:29.544345157-06:00" level=debug msg="Invoking: gptj-python-3dbjxphbvt6hjb2tf5ab.default.192.168.1.240.sslip.io:80"
time="2024-05-30T01:59:29.557380486-06:00" level=debug msg="Invoked gptj-python-3dbjxphbvt6hjb2tf5ab.default.192.168.1.240.sslip.io in 13047 usec\n"
time="2024-05-30T01:59:37.011884265-06:00" level=debug msg="Minute: 11"
time="2024-05-30T01:59:37.011988667-06:00" level=debug msg="Number of Invocations this iteration: 8"
time="2024-05-30T01:59:37.012079672-06:00" level=debug msg="Invoking: image-rotate-go-6-0d4p7u3210ie5e8nz429.default.192.168.1.240.sslip.io:80"
time="2024-05-30T01:59:44.515943198-06:00" level=debug msg="Invoking: gptj-python-3dbjxphbvt6hjb2tf5ab.default.192.168.1.240.sslip.io:80"
time="2024-05-30T01:59:44.526918978-06:00" level=debug msg="Invoked gptj-python-3dbjxphbvt6hjb2tf5ab.default.192.168.1.240.sslip.io in 10988 usec\n"
time="2024-05-30T01:59:49.267853658-06:00" level=debug msg="Invoked image-rotate-go-6-0d4p7u3210ie5e8nz429.default.192.168.1.240.sslip.io in 12255771 usec\n"
time="2024-05-30T01:59:52.018234777-06:00" level=debug msg="Invoking: gptj-python-3dbjxphbvt6hjb2tf5ab.default.192.168.1.240.sslip.io:80"
time="2024-05-30T01:59:52.028758218-06:00" level=debug msg="Invoked gptj-python-3dbjxphbvt6hjb2tf5ab.default.192.168.1.240.sslip.io in 10535 usec\n"
time="2024-05-30T01:59:59.524980099-06:00" level=debug msg="Invoking: gptj-python-3dbjxphbvt6hjb2tf5ab.default.192.168.1.240.sslip.io:80"
time="2024-05-30T01:59:59.536362554-06:00" level=debug msg="Invoked gptj-python-3dbjxphbvt6hjb2tf5ab.default.192.168.1.240.sslip.io in 11392 usec\n"
time="2024-05-30T02:00:07.027975536-06:00" level=debug msg="Invoking: cartservice-oah7kyny8t81ifpdzn3t.default.192.168.1.240.sslip.io:80"
time="2024-05-30T02:00:07.040768201-06:00" level=debug msg="Invoked cartservice-oah7kyny8t81ifpdzn3t.default.192.168.1.240.sslip.io in 12830 usec\n"
time="2024-05-30T02:00:14.531922982-06:00" level=debug msg="Invoking: gptj-python-3dbjxphbvt6hjb2tf5ab.default.192.168.1.240.sslip.io:80"
time="2024-05-30T02:00:14.542331332-06:00" level=debug msg="Invoked gptj-python-3dbjxphbvt6hjb2tf5ab.default.192.168.1.240.sslip.io in 10418 usec\n"
time="2024-05-30T02:00:22.036796095-06:00" level=debug msg="Invoking: gptj-python-3dbjxphbvt6hjb2tf5ab.default.192.168.1.240.sslip.io:80"
time="2024-05-30T02:00:22.048583966-06:00" level=debug msg="Invoked gptj-python-3dbjxphbvt6hjb2tf5ab.default.192.168.1.240.sslip.io in 11793 usec\n"
time="2024-05-30T02:00:29.543955862-06:00" level=debug msg="Invoking: gptj-python-3dbjxphbvt6hjb2tf5ab.default.192.168.1.240.sslip.io:80"
time="2024-05-30T02:00:29.555431088-06:00" level=debug msg="Invoked gptj-python-3dbjxphbvt6hjb2tf5ab.default.192.168.1.240.sslip.io in 11487 usec\n"
time="2024-05-30T02:00:37.012221017-06:00" level=debug msg="Minute: 12"
time="2024-05-30T02:00:37.0123838-06:00" level=debug msg="Number of Invocations this iteration: 8"
time="2024-05-30T02:00:37.012463807-06:00" level=debug msg="Invoking: cartservice-oah7kyny8t81ifpdzn3t.default.192.168.1.240.sslip.io:80"
time="2024-05-30T02:00:37.030567683-06:00" level=debug msg="Invoked cartservice-oah7kyny8t81ifpdzn3t.default.192.168.1.240.sslip.io in 18098 usec\n"
time="2024-05-30T02:00:44.515886009-06:00" level=debug msg="Invoking: gptj-python-3dbjxphbvt6hjb2tf5ab.default.192.168.1.240.sslip.io:80"
time="2024-05-30T02:00:44.527116312-06:00" level=debug msg="Invoked gptj-python-3dbjxphbvt6hjb2tf5ab.default.192.168.1.240.sslip.io in 11242 usec\n"
time="2024-05-30T02:00:52.023170899-06:00" level=debug msg="Invoking: gptj-python-3dbjxphbvt6hjb2tf5ab.default.192.168.1.240.sslip.io:80"
time="2024-05-30T02:00:52.034190073-06:00" level=debug msg="Invoked gptj-python-3dbjxphbvt6hjb2tf5ab.default.192.168.1.240.sslip.io in 11026 usec\n"
time="2024-05-30T02:00:59.52790469-06:00" level=debug msg="Invoking: gptj-python-3dbjxphbvt6hjb2tf5ab.default.192.168.1.240.sslip.io:80"
time="2024-05-30T02:00:59.538067036-06:00" level=debug msg="Invoked gptj-python-3dbjxphbvt6hjb2tf5ab.default.192.168.1.240.sslip.io in 10174 usec\n"
time="2024-05-30T02:01:07.031901499-06:00" level=debug msg="Invoking: cartservice-oah7kyny8t81ifpdzn3t.default.192.168.1.240.sslip.io:80"
time="2024-05-30T02:01:07.043058567-06:00" level=debug msg="Invoked cartservice-oah7kyny8t81ifpdzn3t.default.192.168.1.240.sslip.io in 11162 usec\n"
time="2024-05-30T02:01:14.539139264-06:00" level=debug msg="Invoking: gptj-python-3dbjxphbvt6hjb2tf5ab.default.192.168.1.240.sslip.io:80"
time="2024-05-30T02:01:14.55051627-06:00" level=debug msg="Invoked gptj-python-3dbjxphbvt6hjb2tf5ab.default.192.168.1.240.sslip.io in 11388 usec\n"
time="2024-05-30T02:01:22.044184815-06:00" level=debug msg="Invoking: gptj-python-3dbjxphbvt6hjb2tf5ab.default.192.168.1.240.sslip.io:80"
time="2024-05-30T02:01:22.054899331-06:00" level=debug msg="Invoked gptj-python-3dbjxphbvt6hjb2tf5ab.default.192.168.1.240.sslip.io in 10725 usec\n"
time="2024-05-30T02:01:29.547974955-06:00" level=debug msg="Invoking: gptj-python-3dbjxphbvt6hjb2tf5ab.default.192.168.1.240.sslip.io:80"
time="2024-05-30T02:01:29.560123411-06:00" level=debug msg="Invoked gptj-python-3dbjxphbvt6hjb2tf5ab.default.192.168.1.240.sslip.io in 12159 usec\n"
time="2024-05-30T02:01:37.011909003-06:00" level=debug msg="Minute: 13"
time="2024-05-30T02:01:37.012007989-06:00" level=debug msg="Number of Invocations this iteration: 8"
time="2024-05-30T02:01:37.012128731-06:00" level=debug msg="Invoking: cartservice-oah7kyny8t81ifpdzn3t.default.192.168.1.240.sslip.io:80"
time="2024-05-30T02:01:37.025377611-06:00" level=debug msg="Invoked cartservice-oah7kyny8t81ifpdzn3t.default.192.168.1.240.sslip.io in 13244 usec\n"
time="2024-05-30T02:01:44.516170518-06:00" level=debug msg="Invoking: gptj-python-3dbjxphbvt6hjb2tf5ab.default.192.168.1.240.sslip.io:80"
time="2024-05-30T02:01:44.526250646-06:00" level=debug msg="Invoked gptj-python-3dbjxphbvt6hjb2tf5ab.default.192.168.1.240.sslip.io in 10090 usec\n"
time="2024-05-30T02:01:52.019967476-06:00" level=debug msg="Invoking: gptj-python-3dbjxphbvt6hjb2tf5ab.default.192.168.1.240.sslip.io:80"
time="2024-05-30T02:01:52.030448366-06:00" level=debug msg="Invoked gptj-python-3dbjxphbvt6hjb2tf5ab.default.192.168.1.240.sslip.io in 10493 usec\n"
time="2024-05-30T02:01:59.523854474-06:00" level=debug msg="Invoking: gptj-python-3dbjxphbvt6hjb2tf5ab.default.192.168.1.240.sslip.io:80"
time="2024-05-30T02:01:59.533835246-06:00" level=debug msg="Invoked gptj-python-3dbjxphbvt6hjb2tf5ab.default.192.168.1.240.sslip.io in 9986 usec\n"
time="2024-05-30T02:02:07.031320972-06:00" level=debug msg="Invoking: cartservice-oah7kyny8t81ifpdzn3t.default.192.168.1.240.sslip.io:80"
time="2024-05-30T02:02:07.043911202-06:00" level=debug msg="Invoked cartservice-oah7kyny8t81ifpdzn3t.default.192.168.1.240.sslip.io in 12600 usec\n"
time="2024-05-30T02:02:14.535953971-06:00" level=debug msg="Invoking: gptj-python-3dbjxphbvt6hjb2tf5ab.default.192.168.1.240.sslip.io:80"
time="2024-05-30T02:02:14.546202859-06:00" level=debug msg="Invoked gptj-python-3dbjxphbvt6hjb2tf5ab.default.192.168.1.240.sslip.io in 10261 usec\n"
time="2024-05-30T02:02:22.039889228-06:00" level=debug msg="Invoking: gptj-python-3dbjxphbvt6hjb2tf5ab.default.192.168.1.240.sslip.io:80"
time="2024-05-30T02:02:22.051720438-06:00" level=debug msg="Invoked gptj-python-3dbjxphbvt6hjb2tf5ab.default.192.168.1.240.sslip.io in 11801 usec\n"
time="2024-05-30T02:02:29.540086787-06:00" level=debug msg="Invoking: gptj-python-3dbjxphbvt6hjb2tf5ab.default.192.168.1.240.sslip.io:80"
time="2024-05-30T02:02:29.550593942-06:00" level=debug msg="Invoked gptj-python-3dbjxphbvt6hjb2tf5ab.default.192.168.1.240.sslip.io in 10569 usec\n"
time="2024-05-30T02:02:37.011923456-06:00" level=info msg="Experiment Phase Completed"
time="2024-05-30T02:02:37.012052465-06:00" level=info msg="Issued / completed requests: 112, 112"
time="2024-05-30T02:02:37.012096871-06:00" level=info msg="Average Real RPS: 0.13 "
time="2024-05-30T02:02:37.012123217-06:00" level=info msg="Experiment finished!"
time="2024-05-30T02:02:37.012150272-06:00" level=info msg="The measured latencies are saved in rps_lat.csv"
