time="2024-05-28T16:59:26.945299678-06:00" level=debug msg="Debug logging is enabled"
time="2024-05-28T16:59:26.945509734-06:00" level=info msg="Reading the trace endpoints from the file: /users/ArunAMS/vSwarm/tools/load-generator/load.json"
time="2024-05-28T16:59:26.947118641-06:00" level=info msg="Warmup Duration: 3"
time="2024-05-28T16:59:26.947146752-06:00" level=info msg="Experiment Duration: 11"
time="2024-05-28T16:59:26.947168818-06:00" level=info msg="Minute Granularity: true"
time="2024-05-28T17:00:27.005395689-06:00" level=info msg="Running Warmup Phase"
time="2024-05-28T17:00:27.005476726-06:00" level=debug msg="Minute: 0"
time="2024-05-28T17:00:27.005620351-06:00" level=debug msg="Number of Invocations this iteration: 8"
time="2024-05-28T17:00:27.005724218-06:00" level=debug msg="Invoking: cartservice-cqhqc3e2qakco07sui6k.default.192.168.1.240.sslip.io:80"
time="2024-05-28T17:00:34.506466491-06:00" level=debug msg="Invoking: gptj-python-asa451j36tksgm81hj47.default.192.168.1.240.sslip.io:80"
time="2024-05-28T17:00:42.006697994-06:00" level=debug msg="Invoking: gptj-python-asa451j36tksgm81hj47.default.192.168.1.240.sslip.io:80"
time="2024-05-28T17:00:49.513352946-06:00" level=debug msg="Invoking: gptj-python-asa451j36tksgm81hj47.default.192.168.1.240.sslip.io:80"
time="2024-05-28T17:00:57.017351263-06:00" level=debug msg="Invoking: cartservice-cqhqc3e2qakco07sui6k.default.192.168.1.240.sslip.io:80"
time="2024-05-28T17:01:04.523997255-06:00" level=debug msg="Invoking: gptj-python-asa451j36tksgm81hj47.default.192.168.1.240.sslip.io:80"
time="2024-05-28T17:01:12.029403186-06:00" level=debug msg="Invoking: gptj-python-asa451j36tksgm81hj47.default.192.168.1.240.sslip.io:80"
time="2024-05-28T17:01:19.533357561-06:00" level=debug msg="Invoking: gptj-python-asa451j36tksgm81hj47.default.192.168.1.240.sslip.io:80"
time="2024-05-28T17:01:26.953372537-06:00" level=debug msg="Minute: 1"
time="2024-05-28T17:01:26.953444705-06:00" level=debug msg="Number of Invocations this iteration: 8"
time="2024-05-28T17:01:26.95350766-06:00" level=debug msg="Invoking: image-rotate-go-6-xih9jbgnn7kc45o3to7j.default.192.168.1.240.sslip.io:80"
time="2024-05-28T17:01:34.457429424-06:00" level=debug msg="Invoking: gptj-python-asa451j36tksgm81hj47.default.192.168.1.240.sslip.io:80"
time="2024-05-28T17:01:41.961373306-06:00" level=debug msg="Invoking: gptj-python-asa451j36tksgm81hj47.default.192.168.1.240.sslip.io:80"
time="2024-05-28T17:01:49.46538274-06:00" level=debug msg="Invoking: gptj-python-asa451j36tksgm81hj47.default.192.168.1.240.sslip.io:80"
time="2024-05-28T17:01:56.969395283-06:00" level=debug msg="Invoking: cartservice-cqhqc3e2qakco07sui6k.default.192.168.1.240.sslip.io:80"
time="2024-05-28T17:02:04.473428923-06:00" level=debug msg="Invoking: gptj-python-asa451j36tksgm81hj47.default.192.168.1.240.sslip.io:80"
time="2024-05-28T17:02:11.980067857-06:00" level=debug msg="Invoking: gptj-python-asa451j36tksgm81hj47.default.192.168.1.240.sslip.io:80"
time="2024-05-28T17:02:19.485393997-06:00" level=debug msg="Invoking: gptj-python-asa451j36tksgm81hj47.default.192.168.1.240.sslip.io:80"
time="2024-05-28T17:02:26.954222998-06:00" level=debug msg="Minute: 2"
time="2024-05-28T17:02:26.954316053-06:00" level=debug msg="Number of Invocations this iteration: 8"
time="2024-05-28T17:02:26.954408429-06:00" level=debug msg="Invoking: cartservice-cqhqc3e2qakco07sui6k.default.192.168.1.240.sslip.io:80"
time="2024-05-28T17:02:34.457412968-06:00" level=debug msg="Invoking: gptj-python-asa451j36tksgm81hj47.default.192.168.1.240.sslip.io:80"
time="2024-05-28T17:02:41.96137301-06:00" level=debug msg="Invoking: gptj-python-asa451j36tksgm81hj47.default.192.168.1.240.sslip.io:80"
time="2024-05-28T17:02:49.465364805-06:00" level=debug msg="Invoking: gptj-python-asa451j36tksgm81hj47.default.192.168.1.240.sslip.io:80"
time="2024-05-28T17:02:56.971672364-06:00" level=debug msg="Invoking: cartservice-cqhqc3e2qakco07sui6k.default.192.168.1.240.sslip.io:80"
time="2024-05-28T17:03:04.477357843-06:00" level=debug msg="Invoking: gptj-python-asa451j36tksgm81hj47.default.192.168.1.240.sslip.io:80"
time="2024-05-28T17:03:11.982366989-06:00" level=debug msg="Invoking: gptj-python-asa451j36tksgm81hj47.default.192.168.1.240.sslip.io:80"
time="2024-05-28T17:03:19.4893578-06:00" level=debug msg="Invoking: gptj-python-asa451j36tksgm81hj47.default.192.168.1.240.sslip.io:80"
time="2024-05-28T17:03:26.953389206-06:00" level=info msg="Warmup Phase Completed"
time="2024-05-28T17:03:26.953466905-06:00" level=info msg="Running Experiment Phase"
time="2024-05-28T17:03:26.953501611-06:00" level=debug msg="Minute: 3"
time="2024-05-28T17:03:26.953567713-06:00" level=debug msg="Number of Invocations this iteration: 8"
time="2024-05-28T17:03:26.953657824-06:00" level=debug msg="Invoking: cartservice-cqhqc3e2qakco07sui6k.default.192.168.1.240.sslip.io:80"
time="2024-05-28T17:03:26.966665932-06:00" level=debug msg="Invoked cartservice-cqhqc3e2qakco07sui6k.default.192.168.1.240.sslip.io in 13006 usec\n"
time="2024-05-28T17:03:34.457410356-06:00" level=debug msg="Invoking: gptj-python-asa451j36tksgm81hj47.default.192.168.1.240.sslip.io:80"
time="2024-05-28T17:03:34.468183404-06:00" level=debug msg="Invoked gptj-python-asa451j36tksgm81hj47.default.192.168.1.240.sslip.io in 10785 usec\n"
time="2024-05-28T17:03:41.964658131-06:00" level=debug msg="Invoking: gptj-python-asa451j36tksgm81hj47.default.192.168.1.240.sslip.io:80"
time="2024-05-28T17:03:41.975152253-06:00" level=debug msg="Invoked gptj-python-asa451j36tksgm81hj47.default.192.168.1.240.sslip.io in 10504 usec\n"
time="2024-05-28T17:03:49.469369427-06:00" level=debug msg="Invoking: gptj-python-asa451j36tksgm81hj47.default.192.168.1.240.sslip.io:80"
time="2024-05-28T17:03:49.48081661-06:00" level=debug msg="Invoked gptj-python-asa451j36tksgm81hj47.default.192.168.1.240.sslip.io in 11458 usec\n"
time="2024-05-28T17:03:56.973054733-06:00" level=debug msg="Invoking: cartservice-cqhqc3e2qakco07sui6k.default.192.168.1.240.sslip.io:80"
time="2024-05-28T17:03:56.987076267-06:00" level=debug msg="Invoked cartservice-cqhqc3e2qakco07sui6k.default.192.168.1.240.sslip.io in 14065 usec\n"
time="2024-05-28T17:04:04.477374969-06:00" level=debug msg="Invoking: gptj-python-asa451j36tksgm81hj47.default.192.168.1.240.sslip.io:80"
time="2024-05-28T17:04:04.487498524-06:00" level=debug msg="Invoked gptj-python-asa451j36tksgm81hj47.default.192.168.1.240.sslip.io in 10129 usec\n"
time="2024-05-28T17:04:11.98157677-06:00" level=debug msg="Invoking: gptj-python-asa451j36tksgm81hj47.default.192.168.1.240.sslip.io:80"
time="2024-05-28T17:04:11.991442694-06:00" level=debug msg="Invoked gptj-python-asa451j36tksgm81hj47.default.192.168.1.240.sslip.io in 9880 usec\n"
time="2024-05-28T17:04:19.485363633-06:00" level=debug msg="Invoking: gptj-python-asa451j36tksgm81hj47.default.192.168.1.240.sslip.io:80"
time="2024-05-28T17:04:19.495717803-06:00" level=debug msg="Invoked gptj-python-asa451j36tksgm81hj47.default.192.168.1.240.sslip.io in 10364 usec\n"
time="2024-05-28T17:04:26.953313474-06:00" level=debug msg="Minute: 4"
time="2024-05-28T17:04:26.953415377-06:00" level=debug msg="Number of Invocations this iteration: 8"
time="2024-05-28T17:04:26.953511182-06:00" level=debug msg="Invoking: rnn-serving-python-10-10-8jt4fg6t0lhsn6nsy56q.default.192.168.1.240.sslip.io:80"
time="2024-05-28T17:04:34.457447232-06:00" level=debug msg="Invoking: gptj-python-asa451j36tksgm81hj47.default.192.168.1.240.sslip.io:80"
time="2024-05-28T17:04:34.466830557-06:00" level=debug msg="Invoked gptj-python-asa451j36tksgm81hj47.default.192.168.1.240.sslip.io in 9395 usec\n"
time="2024-05-28T17:04:36.966091423-06:00" level=debug msg="Invoked rnn-serving-python-10-10-8jt4fg6t0lhsn6nsy56q.default.192.168.1.240.sslip.io in 10012578 usec\n"
time="2024-05-28T17:04:41.961364225-06:00" level=debug msg="Invoking: gptj-python-asa451j36tksgm81hj47.default.192.168.1.240.sslip.io:80"
time="2024-05-28T17:04:41.97207669-06:00" level=debug msg="Invoked gptj-python-asa451j36tksgm81hj47.default.192.168.1.240.sslip.io in 10722 usec\n"
time="2024-05-28T17:04:49.468277009-06:00" level=debug msg="Invoking: gptj-python-asa451j36tksgm81hj47.default.192.168.1.240.sslip.io:80"
time="2024-05-28T17:04:49.479124182-06:00" level=debug msg="Invoked gptj-python-asa451j36tksgm81hj47.default.192.168.1.240.sslip.io in 10856 usec\n"
time="2024-05-28T17:04:56.974692798-06:00" level=debug msg="Invoking: cartservice-cqhqc3e2qakco07sui6k.default.192.168.1.240.sslip.io:80"
time="2024-05-28T17:05:04.48135633-06:00" level=debug msg="Invoking: gptj-python-asa451j36tksgm81hj47.default.192.168.1.240.sslip.io:80"
time="2024-05-28T17:05:04.491789819-06:00" level=debug msg="Invoked gptj-python-asa451j36tksgm81hj47.default.192.168.1.240.sslip.io in 10444 usec\n"
time="2024-05-28T17:05:10.895400345-06:00" level=debug msg="Invoked cartservice-cqhqc3e2qakco07sui6k.default.192.168.1.240.sslip.io in 13920719 usec\n"
time="2024-05-28T17:05:11.98139729-06:00" level=debug msg="Invoking: gptj-python-asa451j36tksgm81hj47.default.192.168.1.240.sslip.io:80"
time="2024-05-28T17:05:11.993594141-06:00" level=debug msg="Invoked gptj-python-asa451j36tksgm81hj47.default.192.168.1.240.sslip.io in 12208 usec\n"
time="2024-05-28T17:05:19.485384645-06:00" level=debug msg="Invoking: gptj-python-asa451j36tksgm81hj47.default.192.168.1.240.sslip.io:80"
time="2024-05-28T17:05:19.495764566-06:00" level=debug msg="Invoked gptj-python-asa451j36tksgm81hj47.default.192.168.1.240.sslip.io in 10390 usec\n"
time="2024-05-28T17:05:26.953987611-06:00" level=debug msg="Minute: 5"
time="2024-05-28T17:05:26.954086165-06:00" level=debug msg="Number of Invocations this iteration: 8"
time="2024-05-28T17:05:26.954176628-06:00" level=debug msg="Invoking: cartservice-cqhqc3e2qakco07sui6k.default.192.168.1.240.sslip.io:80"
time="2024-05-28T17:05:26.978632565-06:00" level=debug msg="Invoked cartservice-cqhqc3e2qakco07sui6k.default.192.168.1.240.sslip.io in 24455 usec\n"
time="2024-05-28T17:05:34.457367306-06:00" level=debug msg="Invoking: gptj-python-asa451j36tksgm81hj47.default.192.168.1.240.sslip.io:80"
time="2024-05-28T17:05:34.467376276-06:00" level=debug msg="Invoked gptj-python-asa451j36tksgm81hj47.default.192.168.1.240.sslip.io in 10019 usec\n"
time="2024-05-28T17:05:41.96138968-06:00" level=debug msg="Invoking: gptj-python-asa451j36tksgm81hj47.default.192.168.1.240.sslip.io:80"
time="2024-05-28T17:05:41.971509326-06:00" level=debug msg="Invoked gptj-python-asa451j36tksgm81hj47.default.192.168.1.240.sslip.io in 10126 usec\n"
time="2024-05-28T17:05:49.465456156-06:00" level=debug msg="Invoking: gptj-python-asa451j36tksgm81hj47.default.192.168.1.240.sslip.io:80"
time="2024-05-28T17:05:49.475116926-06:00" level=debug msg="Invoked gptj-python-asa451j36tksgm81hj47.default.192.168.1.240.sslip.io in 9696 usec\n"
time="2024-05-28T17:05:56.969396554-06:00" level=debug msg="Invoking: cartservice-cqhqc3e2qakco07sui6k.default.192.168.1.240.sslip.io:80"
time="2024-05-28T17:05:56.984355038-06:00" level=debug msg="Invoked cartservice-cqhqc3e2qakco07sui6k.default.192.168.1.240.sslip.io in 14953 usec\n"
time="2024-05-28T17:06:04.473494677-06:00" level=debug msg="Invoking: gptj-python-asa451j36tksgm81hj47.default.192.168.1.240.sslip.io:80"
time="2024-05-28T17:06:04.483863429-06:00" level=debug msg="Invoked gptj-python-asa451j36tksgm81hj47.default.192.168.1.240.sslip.io in 10444 usec\n"
time="2024-05-28T17:06:11.97857627-06:00" level=debug msg="Invoking: gptj-python-asa451j36tksgm81hj47.default.192.168.1.240.sslip.io:80"
time="2024-05-28T17:06:11.988673568-06:00" level=debug msg="Invoked gptj-python-asa451j36tksgm81hj47.default.192.168.1.240.sslip.io in 10107 usec\n"
time="2024-05-28T17:06:19.485773059-06:00" level=debug msg="Invoking: gptj-python-asa451j36tksgm81hj47.default.192.168.1.240.sslip.io:80"
time="2024-05-28T17:06:19.496631751-06:00" level=debug msg="Invoked gptj-python-asa451j36tksgm81hj47.default.192.168.1.240.sslip.io in 10868 usec\n"
time="2024-05-28T17:06:26.953791282-06:00" level=debug msg="Minute: 6"
time="2024-05-28T17:06:26.953887803-06:00" level=debug msg="Number of Invocations this iteration: 8"
time="2024-05-28T17:06:26.953981648-06:00" level=debug msg="Invoking: image-rotate-go-6-xih9jbgnn7kc45o3to7j.default.192.168.1.240.sslip.io:80"
time="2024-05-28T17:06:34.457408755-06:00" level=debug msg="Invoking: gptj-python-asa451j36tksgm81hj47.default.192.168.1.240.sslip.io:80"
time="2024-05-28T17:06:34.467855599-06:00" level=debug msg="Invoked gptj-python-asa451j36tksgm81hj47.default.192.168.1.240.sslip.io in 10455 usec\n"
time="2024-05-28T17:06:39.24709682-06:00" level=debug msg="Invoked image-rotate-go-6-xih9jbgnn7kc45o3to7j.default.192.168.1.240.sslip.io in 12293112 usec\n"
time="2024-05-28T17:06:41.958491292-06:00" level=debug msg="Invoking: gptj-python-asa451j36tksgm81hj47.default.192.168.1.240.sslip.io:80"
time="2024-05-28T17:06:41.971511641-06:00" level=debug msg="Invoked gptj-python-asa451j36tksgm81hj47.default.192.168.1.240.sslip.io in 13032 usec\n"
time="2024-05-28T17:06:49.465342175-06:00" level=debug msg="Invoking: gptj-python-asa451j36tksgm81hj47.default.192.168.1.240.sslip.io:80"
time="2024-05-28T17:06:49.475863964-06:00" level=debug msg="Invoked gptj-python-asa451j36tksgm81hj47.default.192.168.1.240.sslip.io in 10533 usec\n"
time="2024-05-28T17:06:56.971877155-06:00" level=debug msg="Invoking: cartservice-cqhqc3e2qakco07sui6k.default.192.168.1.240.sslip.io:80"
time="2024-05-28T17:07:02.342466514-06:00" level=debug msg="Invoked cartservice-cqhqc3e2qakco07sui6k.default.192.168.1.240.sslip.io in 5370584 usec\n"
time="2024-05-28T17:07:04.473371711-06:00" level=debug msg="Invoking: gptj-python-asa451j36tksgm81hj47.default.192.168.1.240.sslip.io:80"
time="2024-05-28T17:07:04.48296268-06:00" level=debug msg="Invoked gptj-python-asa451j36tksgm81hj47.default.192.168.1.240.sslip.io in 9610 usec\n"
time="2024-05-28T17:07:11.97734161-06:00" level=debug msg="Invoking: gptj-python-asa451j36tksgm81hj47.default.192.168.1.240.sslip.io:80"
time="2024-05-28T17:07:11.987404221-06:00" level=debug msg="Invoked gptj-python-asa451j36tksgm81hj47.default.192.168.1.240.sslip.io in 10071 usec\n"
time="2024-05-28T17:07:19.482064844-06:00" level=debug msg="Invoking: gptj-python-asa451j36tksgm81hj47.default.192.168.1.240.sslip.io:80"
time="2024-05-28T17:07:19.492713532-06:00" level=debug msg="Invoked gptj-python-asa451j36tksgm81hj47.default.192.168.1.240.sslip.io in 10685 usec\n"
time="2024-05-28T17:07:26.953460384-06:00" level=debug msg="Minute: 7"
time="2024-05-28T17:07:26.953563401-06:00" level=debug msg="Number of Invocations this iteration: 8"
time="2024-05-28T17:07:26.953662754-06:00" level=debug msg="Invoking: cartservice-cqhqc3e2qakco07sui6k.default.192.168.1.240.sslip.io:80"
time="2024-05-28T17:07:26.984333989-06:00" level=debug msg="Invoked cartservice-cqhqc3e2qakco07sui6k.default.192.168.1.240.sslip.io in 30670 usec\n"
time="2024-05-28T17:07:34.457345762-06:00" level=debug msg="Invoking: gptj-python-asa451j36tksgm81hj47.default.192.168.1.240.sslip.io:80"
time="2024-05-28T17:07:34.46818248-06:00" level=debug msg="Invoked gptj-python-asa451j36tksgm81hj47.default.192.168.1.240.sslip.io in 10848 usec\n"
time="2024-05-28T17:07:41.961388822-06:00" level=debug msg="Invoking: gptj-python-asa451j36tksgm81hj47.default.192.168.1.240.sslip.io:80"
time="2024-05-28T17:07:41.97147545-06:00" level=debug msg="Invoked gptj-python-asa451j36tksgm81hj47.default.192.168.1.240.sslip.io in 10099 usec\n"
time="2024-05-28T17:07:49.46879424-06:00" level=debug msg="Invoking: gptj-python-asa451j36tksgm81hj47.default.192.168.1.240.sslip.io:80"
time="2024-05-28T17:07:49.480188139-06:00" level=debug msg="Invoked gptj-python-asa451j36tksgm81hj47.default.192.168.1.240.sslip.io in 11408 usec\n"
time="2024-05-28T17:07:56.973403244-06:00" level=debug msg="Invoking: cartservice-cqhqc3e2qakco07sui6k.default.192.168.1.240.sslip.io:80"
time="2024-05-28T17:07:56.988114688-06:00" level=debug msg="Invoked cartservice-cqhqc3e2qakco07sui6k.default.192.168.1.240.sslip.io in 14713 usec\n"
time="2024-05-28T17:08:04.477469647-06:00" level=debug msg="Invoking: gptj-python-asa451j36tksgm81hj47.default.192.168.1.240.sslip.io:80"
time="2024-05-28T17:08:04.48818953-06:00" level=debug msg="Invoked gptj-python-asa451j36tksgm81hj47.default.192.168.1.240.sslip.io in 10783 usec\n"
time="2024-05-28T17:08:11.983000998-06:00" level=debug msg="Invoking: gptj-python-asa451j36tksgm81hj47.default.192.168.1.240.sslip.io:80"
time="2024-05-28T17:08:11.994127201-06:00" level=debug msg="Invoked gptj-python-asa451j36tksgm81hj47.default.192.168.1.240.sslip.io in 11135 usec\n"
time="2024-05-28T17:08:19.489395105-06:00" level=debug msg="Invoking: gptj-python-asa451j36tksgm81hj47.default.192.168.1.240.sslip.io:80"
time="2024-05-28T17:08:19.500986938-06:00" level=debug msg="Invoked gptj-python-asa451j36tksgm81hj47.default.192.168.1.240.sslip.io in 11603 usec\n"
time="2024-05-28T17:08:26.95339073-06:00" level=debug msg="Minute: 8"
time="2024-05-28T17:08:26.953546398-06:00" level=debug msg="Number of Invocations this iteration: 8"
time="2024-05-28T17:08:26.953633785-06:00" level=debug msg="Invoking: cartservice-cqhqc3e2qakco07sui6k.default.192.168.1.240.sslip.io:80"
time="2024-05-28T17:08:26.966607105-06:00" level=debug msg="Invoked cartservice-cqhqc3e2qakco07sui6k.default.192.168.1.240.sslip.io in 12967 usec\n"
time="2024-05-28T17:08:34.457784301-06:00" level=debug msg="Invoking: gptj-python-asa451j36tksgm81hj47.default.192.168.1.240.sslip.io:80"
time="2024-05-28T17:08:34.468383383-06:00" level=debug msg="Invoked gptj-python-asa451j36tksgm81hj47.default.192.168.1.240.sslip.io in 10609 usec\n"
time="2024-05-28T17:08:41.962250565-06:00" level=debug msg="Invoking: gptj-python-asa451j36tksgm81hj47.default.192.168.1.240.sslip.io:80"
time="2024-05-28T17:08:41.974386148-06:00" level=debug msg="Invoked gptj-python-asa451j36tksgm81hj47.default.192.168.1.240.sslip.io in 12146 usec\n"
time="2024-05-28T17:08:49.469413819-06:00" level=debug msg="Invoking: gptj-python-asa451j36tksgm81hj47.default.192.168.1.240.sslip.io:80"
time="2024-05-28T17:08:49.479637614-06:00" level=debug msg="Invoked gptj-python-asa451j36tksgm81hj47.default.192.168.1.240.sslip.io in 10238 usec\n"
time="2024-05-28T17:08:56.973435818-06:00" level=debug msg="Invoking: cartservice-cqhqc3e2qakco07sui6k.default.192.168.1.240.sslip.io:80"
time="2024-05-28T17:08:56.991378733-06:00" level=debug msg="Invoked cartservice-cqhqc3e2qakco07sui6k.default.192.168.1.240.sslip.io in 17954 usec\n"
time="2024-05-28T17:09:04.479810995-06:00" level=debug msg="Invoking: gptj-python-asa451j36tksgm81hj47.default.192.168.1.240.sslip.io:80"
time="2024-05-28T17:09:04.489646294-06:00" level=debug msg="Invoked gptj-python-asa451j36tksgm81hj47.default.192.168.1.240.sslip.io in 9841 usec\n"
time="2024-05-28T17:09:11.985393597-06:00" level=debug msg="Invoking: gptj-python-asa451j36tksgm81hj47.default.192.168.1.240.sslip.io:80"
time="2024-05-28T17:09:11.995746826-06:00" level=debug msg="Invoked gptj-python-asa451j36tksgm81hj47.default.192.168.1.240.sslip.io in 10366 usec\n"
time="2024-05-28T17:09:19.489435369-06:00" level=debug msg="Invoking: gptj-python-asa451j36tksgm81hj47.default.192.168.1.240.sslip.io:80"
time="2024-05-28T17:09:19.500926227-06:00" level=debug msg="Invoked gptj-python-asa451j36tksgm81hj47.default.192.168.1.240.sslip.io in 11500 usec\n"
time="2024-05-28T17:09:26.953385413-06:00" level=debug msg="Minute: 9"
time="2024-05-28T17:09:26.95347747-06:00" level=debug msg="Number of Invocations this iteration: 8"
time="2024-05-28T17:09:26.953573317-06:00" level=debug msg="Invoking: cartservice-cqhqc3e2qakco07sui6k.default.192.168.1.240.sslip.io:80"
time="2024-05-28T17:09:26.96646834-06:00" level=debug msg="Invoked cartservice-cqhqc3e2qakco07sui6k.default.192.168.1.240.sslip.io in 12892 usec\n"
time="2024-05-28T17:09:34.457413812-06:00" level=debug msg="Invoking: gptj-python-asa451j36tksgm81hj47.default.192.168.1.240.sslip.io:80"
time="2024-05-28T17:09:34.468232993-06:00" level=debug msg="Invoked gptj-python-asa451j36tksgm81hj47.default.192.168.1.240.sslip.io in 10829 usec\n"
time="2024-05-28T17:09:41.961582358-06:00" level=debug msg="Invoking: gptj-python-asa451j36tksgm81hj47.default.192.168.1.240.sslip.io:80"
time="2024-05-28T17:09:41.972432182-06:00" level=debug msg="Invoked gptj-python-asa451j36tksgm81hj47.default.192.168.1.240.sslip.io in 10858 usec\n"
time="2024-05-28T17:09:49.466153142-06:00" level=debug msg="Invoking: gptj-python-asa451j36tksgm81hj47.default.192.168.1.240.sslip.io:80"
time="2024-05-28T17:09:49.476456149-06:00" level=debug msg="Invoked gptj-python-asa451j36tksgm81hj47.default.192.168.1.240.sslip.io in 10336 usec\n"
time="2024-05-28T17:09:56.973319136-06:00" level=debug msg="Invoking: cartservice-cqhqc3e2qakco07sui6k.default.192.168.1.240.sslip.io:80"
time="2024-05-28T17:09:56.98627011-06:00" level=debug msg="Invoked cartservice-cqhqc3e2qakco07sui6k.default.192.168.1.240.sslip.io in 12961 usec\n"
time="2024-05-28T17:10:04.47379226-06:00" level=debug msg="Invoking: gptj-python-asa451j36tksgm81hj47.default.192.168.1.240.sslip.io:80"
time="2024-05-28T17:10:04.485046868-06:00" level=debug msg="Invoked gptj-python-asa451j36tksgm81hj47.default.192.168.1.240.sslip.io in 11286 usec\n"
time="2024-05-28T17:10:11.981346131-06:00" level=debug msg="Invoking: gptj-python-asa451j36tksgm81hj47.default.192.168.1.240.sslip.io:80"
time="2024-05-28T17:10:11.991379926-06:00" level=debug msg="Invoked gptj-python-asa451j36tksgm81hj47.default.192.168.1.240.sslip.io in 10036 usec\n"
time="2024-05-28T17:10:19.485405021-06:00" level=debug msg="Invoking: gptj-python-asa451j36tksgm81hj47.default.192.168.1.240.sslip.io:80"
time="2024-05-28T17:10:19.495831041-06:00" level=debug msg="Invoked gptj-python-asa451j36tksgm81hj47.default.192.168.1.240.sslip.io in 10439 usec\n"
time="2024-05-28T17:10:26.953380916-06:00" level=debug msg="Minute: 10"
time="2024-05-28T17:10:26.953529638-06:00" level=debug msg="Number of Invocations this iteration: 8"
time="2024-05-28T17:10:26.953614662-06:00" level=debug msg="Invoking: rnn-serving-python-10-10-8jt4fg6t0lhsn6nsy56q.default.192.168.1.240.sslip.io:80"
time="2024-05-28T17:10:34.457386262-06:00" level=debug msg="Invoking: gptj-python-asa451j36tksgm81hj47.default.192.168.1.240.sslip.io:80"
time="2024-05-28T17:10:34.467186666-06:00" level=debug msg="Invoked gptj-python-asa451j36tksgm81hj47.default.192.168.1.240.sslip.io in 9810 usec\n"
time="2024-05-28T17:10:36.748757586-06:00" level=debug msg="Invoked rnn-serving-python-10-10-8jt4fg6t0lhsn6nsy56q.default.192.168.1.240.sslip.io in 9795137 usec\n"
time="2024-05-28T17:10:41.961421079-06:00" level=debug msg="Invoking: gptj-python-asa451j36tksgm81hj47.default.192.168.1.240.sslip.io:80"
time="2024-05-28T17:10:41.971639909-06:00" level=debug msg="Invoked gptj-python-asa451j36tksgm81hj47.default.192.168.1.240.sslip.io in 10230 usec\n"
time="2024-05-28T17:10:49.465474226-06:00" level=debug msg="Invoking: gptj-python-asa451j36tksgm81hj47.default.192.168.1.240.sslip.io:80"
time="2024-05-28T17:10:49.476012287-06:00" level=debug msg="Invoked gptj-python-asa451j36tksgm81hj47.default.192.168.1.240.sslip.io in 10614 usec\n"
time="2024-05-28T17:10:56.972222719-06:00" level=debug msg="Invoking: cartservice-cqhqc3e2qakco07sui6k.default.192.168.1.240.sslip.io:80"
time="2024-05-28T17:11:03.922665318-06:00" level=debug msg="Invoked cartservice-cqhqc3e2qakco07sui6k.default.192.168.1.240.sslip.io in 6950451 usec\n"
time="2024-05-28T17:11:04.47307077-06:00" level=debug msg="Invoking: gptj-python-asa451j36tksgm81hj47.default.192.168.1.240.sslip.io:80"
time="2024-05-28T17:11:04.483972368-06:00" level=debug msg="Invoked gptj-python-asa451j36tksgm81hj47.default.192.168.1.240.sslip.io in 10913 usec\n"
time="2024-05-28T17:11:11.977380803-06:00" level=debug msg="Invoking: gptj-python-asa451j36tksgm81hj47.default.192.168.1.240.sslip.io:80"
time="2024-05-28T17:11:11.987351728-06:00" level=debug msg="Invoked gptj-python-asa451j36tksgm81hj47.default.192.168.1.240.sslip.io in 10006 usec\n"
time="2024-05-28T17:11:19.484723954-06:00" level=debug msg="Invoking: gptj-python-asa451j36tksgm81hj47.default.192.168.1.240.sslip.io:80"
time="2024-05-28T17:11:19.495193925-06:00" level=debug msg="Invoked gptj-python-asa451j36tksgm81hj47.default.192.168.1.240.sslip.io in 10479 usec\n"
time="2024-05-28T17:11:26.953356182-06:00" level=debug msg="Minute: 11"
time="2024-05-28T17:11:26.953426197-06:00" level=debug msg="Number of Invocations this iteration: 8"
time="2024-05-28T17:11:26.953490833-06:00" level=debug msg="Invoking: image-rotate-go-6-xih9jbgnn7kc45o3to7j.default.192.168.1.240.sslip.io:80"
time="2024-05-28T17:11:34.219676874-06:00" level=debug msg="Invoked image-rotate-go-6-xih9jbgnn7kc45o3to7j.default.192.168.1.240.sslip.io in 7266186 usec\n"
time="2024-05-28T17:11:34.454105983-06:00" level=debug msg="Invoking: gptj-python-asa451j36tksgm81hj47.default.192.168.1.240.sslip.io:80"
time="2024-05-28T17:11:34.464651392-06:00" level=debug msg="Invoked gptj-python-asa451j36tksgm81hj47.default.192.168.1.240.sslip.io in 10548 usec\n"
time="2024-05-28T17:11:41.957456835-06:00" level=debug msg="Invoking: gptj-python-asa451j36tksgm81hj47.default.192.168.1.240.sslip.io:80"
time="2024-05-28T17:11:41.967554755-06:00" level=debug msg="Invoked gptj-python-asa451j36tksgm81hj47.default.192.168.1.240.sslip.io in 10109 usec\n"
time="2024-05-28T17:11:49.462527987-06:00" level=debug msg="Invoking: gptj-python-asa451j36tksgm81hj47.default.192.168.1.240.sslip.io:80"
time="2024-05-28T17:11:49.472925095-06:00" level=debug msg="Invoked gptj-python-asa451j36tksgm81hj47.default.192.168.1.240.sslip.io in 10408 usec\n"
time="2024-05-28T17:11:56.969334301-06:00" level=debug msg="Invoking: cartservice-cqhqc3e2qakco07sui6k.default.192.168.1.240.sslip.io:80"
time="2024-05-28T17:11:56.998571626-06:00" level=debug msg="Invoked cartservice-cqhqc3e2qakco07sui6k.default.192.168.1.240.sslip.io in 29249 usec\n"
time="2024-05-28T17:12:04.473407405-06:00" level=debug msg="Invoking: gptj-python-asa451j36tksgm81hj47.default.192.168.1.240.sslip.io:80"
time="2024-05-28T17:12:04.485493665-06:00" level=debug msg="Invoked gptj-python-asa451j36tksgm81hj47.default.192.168.1.240.sslip.io in 12100 usec\n"
time="2024-05-28T17:12:11.977421636-06:00" level=debug msg="Invoking: gptj-python-asa451j36tksgm81hj47.default.192.168.1.240.sslip.io:80"
time="2024-05-28T17:12:11.987979641-06:00" level=debug msg="Invoked gptj-python-asa451j36tksgm81hj47.default.192.168.1.240.sslip.io in 10593 usec\n"
time="2024-05-28T17:12:19.484024245-06:00" level=debug msg="Invoking: gptj-python-asa451j36tksgm81hj47.default.192.168.1.240.sslip.io:80"
time="2024-05-28T17:12:19.495016833-06:00" level=debug msg="Invoked gptj-python-asa451j36tksgm81hj47.default.192.168.1.240.sslip.io in 10997 usec\n"
time="2024-05-28T17:12:26.953330301-06:00" level=debug msg="Minute: 12"
time="2024-05-28T17:12:26.953458986-06:00" level=debug msg="Number of Invocations this iteration: 8"
time="2024-05-28T17:12:26.953520702-06:00" level=debug msg="Invoking: cartservice-cqhqc3e2qakco07sui6k.default.192.168.1.240.sslip.io:80"
time="2024-05-28T17:12:26.965553634-06:00" level=debug msg="Invoked cartservice-cqhqc3e2qakco07sui6k.default.192.168.1.240.sslip.io in 12030 usec\n"
time="2024-05-28T17:12:34.457415548-06:00" level=debug msg="Invoking: gptj-python-asa451j36tksgm81hj47.default.192.168.1.240.sslip.io:80"
time="2024-05-28T17:12:34.46649-06:00" level=debug msg="Invoked gptj-python-asa451j36tksgm81hj47.default.192.168.1.240.sslip.io in 9083 usec\n"
time="2024-05-28T17:12:41.961338451-06:00" level=debug msg="Invoking: gptj-python-asa451j36tksgm81hj47.default.192.168.1.240.sslip.io:80"
time="2024-05-28T17:12:41.97190766-06:00" level=debug msg="Invoked gptj-python-asa451j36tksgm81hj47.default.192.168.1.240.sslip.io in 10579 usec\n"
time="2024-05-28T17:12:49.46566486-06:00" level=debug msg="Invoking: gptj-python-asa451j36tksgm81hj47.default.192.168.1.240.sslip.io:80"
time="2024-05-28T17:12:49.475578241-06:00" level=debug msg="Invoked gptj-python-asa451j36tksgm81hj47.default.192.168.1.240.sslip.io in 9922 usec\n"
time="2024-05-28T17:12:56.9697183-06:00" level=debug msg="Invoking: cartservice-cqhqc3e2qakco07sui6k.default.192.168.1.240.sslip.io:80"
time="2024-05-28T17:12:56.982313749-06:00" level=debug msg="Invoked cartservice-cqhqc3e2qakco07sui6k.default.192.168.1.240.sslip.io in 12602 usec\n"
time="2024-05-28T17:13:04.473402005-06:00" level=debug msg="Invoking: gptj-python-asa451j36tksgm81hj47.default.192.168.1.240.sslip.io:80"
time="2024-05-28T17:13:04.485640874-06:00" level=debug msg="Invoked gptj-python-asa451j36tksgm81hj47.default.192.168.1.240.sslip.io in 12248 usec\n"
time="2024-05-28T17:13:11.977318428-06:00" level=debug msg="Invoking: gptj-python-asa451j36tksgm81hj47.default.192.168.1.240.sslip.io:80"
time="2024-05-28T17:13:11.986950824-06:00" level=debug msg="Invoked gptj-python-asa451j36tksgm81hj47.default.192.168.1.240.sslip.io in 9639 usec\n"
time="2024-05-28T17:13:19.481925183-06:00" level=debug msg="Invoking: gptj-python-asa451j36tksgm81hj47.default.192.168.1.240.sslip.io:80"
time="2024-05-28T17:13:19.492337468-06:00" level=debug msg="Invoked gptj-python-asa451j36tksgm81hj47.default.192.168.1.240.sslip.io in 10423 usec\n"
time="2024-05-28T17:13:26.953504288-06:00" level=debug msg="Minute: 13"
time="2024-05-28T17:13:26.953610562-06:00" level=debug msg="Number of Invocations this iteration: 8"
time="2024-05-28T17:13:26.953673506-06:00" level=debug msg="Invoking: cartservice-cqhqc3e2qakco07sui6k.default.192.168.1.240.sslip.io:80"
time="2024-05-28T17:13:26.964920213-06:00" level=debug msg="Invoked cartservice-cqhqc3e2qakco07sui6k.default.192.168.1.240.sslip.io in 11244 usec\n"
time="2024-05-28T17:13:34.45874854-06:00" level=debug msg="Invoking: gptj-python-asa451j36tksgm81hj47.default.192.168.1.240.sslip.io:80"
time="2024-05-28T17:13:34.470512414-06:00" level=debug msg="Invoked gptj-python-asa451j36tksgm81hj47.default.192.168.1.240.sslip.io in 11773 usec\n"
time="2024-05-28T17:13:41.965390857-06:00" level=debug msg="Invoking: gptj-python-asa451j36tksgm81hj47.default.192.168.1.240.sslip.io:80"
time="2024-05-28T17:13:41.975858472-06:00" level=debug msg="Invoked gptj-python-asa451j36tksgm81hj47.default.192.168.1.240.sslip.io in 10476 usec\n"
time="2024-05-28T17:13:49.469395845-06:00" level=debug msg="Invoking: gptj-python-asa451j36tksgm81hj47.default.192.168.1.240.sslip.io:80"
time="2024-05-28T17:13:49.479395454-06:00" level=debug msg="Invoked gptj-python-asa451j36tksgm81hj47.default.192.168.1.240.sslip.io in 10009 usec\n"
time="2024-05-28T17:13:56.976171362-06:00" level=debug msg="Invoking: cartservice-cqhqc3e2qakco07sui6k.default.192.168.1.240.sslip.io:80"
time="2024-05-28T17:13:56.988018561-06:00" level=debug msg="Invoked cartservice-cqhqc3e2qakco07sui6k.default.192.168.1.240.sslip.io in 11857 usec\n"
time="2024-05-28T17:14:04.476429026-06:00" level=debug msg="Invoking: gptj-python-asa451j36tksgm81hj47.default.192.168.1.240.sslip.io:80"
time="2024-05-28T17:14:04.48785152-06:00" level=debug msg="Invoked gptj-python-asa451j36tksgm81hj47.default.192.168.1.240.sslip.io in 11449 usec\n"
time="2024-05-28T17:14:11.981907056-06:00" level=debug msg="Invoking: gptj-python-asa451j36tksgm81hj47.default.192.168.1.240.sslip.io:80"
time="2024-05-28T17:14:11.992302276-06:00" level=debug msg="Invoked gptj-python-asa451j36tksgm81hj47.default.192.168.1.240.sslip.io in 10403 usec\n"
time="2024-05-28T17:14:19.485401829-06:00" level=debug msg="Invoking: gptj-python-asa451j36tksgm81hj47.default.192.168.1.240.sslip.io:80"
time="2024-05-28T17:14:19.49513903-06:00" level=debug msg="Invoked gptj-python-asa451j36tksgm81hj47.default.192.168.1.240.sslip.io in 9749 usec\n"
time="2024-05-28T17:14:26.953392202-06:00" level=info msg="Experiment Phase Completed"
time="2024-05-28T17:14:26.953524015-06:00" level=info msg="Issued / completed requests: 112, 112"
time="2024-05-28T17:14:26.953561485-06:00" level=info msg="Average Real RPS: 0.13 "
time="2024-05-28T17:14:26.953587765-06:00" level=info msg="Experiment finished!"
time="2024-05-28T17:14:26.953614561-06:00" level=info msg="The measured latencies are saved in rps_lat.csv"
