time="2024-05-28T18:48:20.26038907-06:00" level=debug msg="Debug logging is enabled"
time="2024-05-28T18:48:20.26057946-06:00" level=info msg="Reading the trace endpoints from the file: /users/ArunAMS/vSwarm/tools/load-generator/load.json"
time="2024-05-28T18:48:20.262307468-06:00" level=info msg="Warmup Duration: 3"
time="2024-05-28T18:48:20.262339025-06:00" level=info msg="Experiment Duration: 11"
time="2024-05-28T18:48:20.262363829-06:00" level=info msg="Minute Granularity: true"
time="2024-05-28T18:49:20.319908813-06:00" level=info msg="Running Warmup Phase"
time="2024-05-28T18:49:20.319974811-06:00" level=debug msg="Minute: 0"
time="2024-05-28T18:49:20.320038569-06:00" level=debug msg="Number of Invocations this iteration: 8"
time="2024-05-28T18:49:20.320130355-06:00" level=debug msg="Invoking: cartservice-lg0g2dlpavxbj7xko92c.default.192.168.1.240.sslip.io:80"
time="2024-05-28T18:49:27.82692032-06:00" level=debug msg="Invoking: gptj-python-h3rg7675n8i5gclxt127.default.192.168.1.240.sslip.io:80"
time="2024-05-28T18:49:35.328125177-06:00" level=debug msg="Invoking: gptj-python-h3rg7675n8i5gclxt127.default.192.168.1.240.sslip.io:80"
time="2024-05-28T18:49:42.831992371-06:00" level=debug msg="Invoking: gptj-python-h3rg7675n8i5gclxt127.default.192.168.1.240.sslip.io:80"
time="2024-05-28T18:49:50.337494939-06:00" level=debug msg="Invoking: cartservice-lg0g2dlpavxbj7xko92c.default.192.168.1.240.sslip.io:80"
time="2024-05-28T18:49:57.843952768-06:00" level=debug msg="Invoking: gptj-python-h3rg7675n8i5gclxt127.default.192.168.1.240.sslip.io:80"
time="2024-05-28T18:50:05.347938787-06:00" level=debug msg="Invoking: gptj-python-h3rg7675n8i5gclxt127.default.192.168.1.240.sslip.io:80"
time="2024-05-28T18:50:12.851930241-06:00" level=debug msg="Invoking: gptj-python-h3rg7675n8i5gclxt127.default.192.168.1.240.sslip.io:80"
time="2024-05-28T18:50:20.267915925-06:00" level=debug msg="Minute: 1"
time="2024-05-28T18:50:20.268014005-06:00" level=debug msg="Number of Invocations this iteration: 8"
time="2024-05-28T18:50:20.268110906-06:00" level=debug msg="Invoking: image-rotate-go-6-zbdo17r8vfbbqngriv2s.default.192.168.1.240.sslip.io:80"
time="2024-05-28T18:50:27.771948533-06:00" level=debug msg="Invoking: gptj-python-h3rg7675n8i5gclxt127.default.192.168.1.240.sslip.io:80"
time="2024-05-28T18:50:35.272870175-06:00" level=debug msg="Invoking: gptj-python-h3rg7675n8i5gclxt127.default.192.168.1.240.sslip.io:80"
time="2024-05-28T18:50:42.779946561-06:00" level=debug msg="Invoking: gptj-python-h3rg7675n8i5gclxt127.default.192.168.1.240.sslip.io:80"
time="2024-05-28T18:50:50.283885716-06:00" level=debug msg="Invoking: cartservice-lg0g2dlpavxbj7xko92c.default.192.168.1.240.sslip.io:80"
time="2024-05-28T18:50:57.788040937-06:00" level=debug msg="Invoking: gptj-python-h3rg7675n8i5gclxt127.default.192.168.1.240.sslip.io:80"
time="2024-05-28T18:51:05.291932535-06:00" level=debug msg="Invoking: gptj-python-h3rg7675n8i5gclxt127.default.192.168.1.240.sslip.io:80"
time="2024-05-28T18:51:12.797898282-06:00" level=debug msg="Invoking: gptj-python-h3rg7675n8i5gclxt127.default.192.168.1.240.sslip.io:80"
time="2024-05-28T18:51:20.267896956-06:00" level=debug msg="Minute: 2"
time="2024-05-28T18:51:20.267997347-06:00" level=debug msg="Number of Invocations this iteration: 8"
time="2024-05-28T18:51:20.268093325-06:00" level=debug msg="Invoking: cartservice-lg0g2dlpavxbj7xko92c.default.192.168.1.240.sslip.io:80"
time="2024-05-28T18:51:27.772763628-06:00" level=debug msg="Invoking: gptj-python-h3rg7675n8i5gclxt127.default.192.168.1.240.sslip.io:80"
time="2024-05-28T18:51:35.279945649-06:00" level=debug msg="Invoking: gptj-python-h3rg7675n8i5gclxt127.default.192.168.1.240.sslip.io:80"
time="2024-05-28T18:51:42.784151197-06:00" level=debug msg="Invoking: gptj-python-h3rg7675n8i5gclxt127.default.192.168.1.240.sslip.io:80"
time="2024-05-28T18:51:50.287934714-06:00" level=debug msg="Invoking: cartservice-lg0g2dlpavxbj7xko92c.default.192.168.1.240.sslip.io:80"
time="2024-05-28T18:51:57.79189421-06:00" level=debug msg="Invoking: gptj-python-h3rg7675n8i5gclxt127.default.192.168.1.240.sslip.io:80"
time="2024-05-28T18:52:05.296118576-06:00" level=debug msg="Invoking: gptj-python-h3rg7675n8i5gclxt127.default.192.168.1.240.sslip.io:80"
time="2024-05-28T18:52:12.799897104-06:00" level=debug msg="Invoking: gptj-python-h3rg7675n8i5gclxt127.default.192.168.1.240.sslip.io:80"
time="2024-05-28T18:52:20.267929462-06:00" level=info msg="Warmup Phase Completed"
time="2024-05-28T18:52:20.268006532-06:00" level=info msg="Running Experiment Phase"
time="2024-05-28T18:52:20.26803374-06:00" level=debug msg="Minute: 3"
time="2024-05-28T18:52:20.268103321-06:00" level=debug msg="Number of Invocations this iteration: 8"
time="2024-05-28T18:52:20.268193031-06:00" level=debug msg="Invoking: cartservice-lg0g2dlpavxbj7xko92c.default.192.168.1.240.sslip.io:80"
time="2024-05-28T18:52:20.281584291-06:00" level=debug msg="Invoked cartservice-lg0g2dlpavxbj7xko92c.default.192.168.1.240.sslip.io in 13394 usec\n"
time="2024-05-28T18:52:27.774795915-06:00" level=debug msg="Invoking: gptj-python-h3rg7675n8i5gclxt127.default.192.168.1.240.sslip.io:80"
time="2024-05-28T18:52:27.785072019-06:00" level=debug msg="Invoked gptj-python-h3rg7675n8i5gclxt127.default.192.168.1.240.sslip.io in 10283 usec\n"
time="2024-05-28T18:52:35.279933754-06:00" level=debug msg="Invoking: gptj-python-h3rg7675n8i5gclxt127.default.192.168.1.240.sslip.io:80"
time="2024-05-28T18:52:35.291827102-06:00" level=debug msg="Invoked gptj-python-h3rg7675n8i5gclxt127.default.192.168.1.240.sslip.io in 11905 usec\n"
time="2024-05-28T18:52:42.783937292-06:00" level=debug msg="Invoking: gptj-python-h3rg7675n8i5gclxt127.default.192.168.1.240.sslip.io:80"
time="2024-05-28T18:52:42.794753176-06:00" level=debug msg="Invoked gptj-python-h3rg7675n8i5gclxt127.default.192.168.1.240.sslip.io in 10855 usec\n"
time="2024-05-28T18:52:50.28875958-06:00" level=debug msg="Invoking: cartservice-lg0g2dlpavxbj7xko92c.default.192.168.1.240.sslip.io:80"
time="2024-05-28T18:52:50.302914985-06:00" level=debug msg="Invoked cartservice-lg0g2dlpavxbj7xko92c.default.192.168.1.240.sslip.io in 14195 usec\n"
time="2024-05-28T18:52:57.791955348-06:00" level=debug msg="Invoking: gptj-python-h3rg7675n8i5gclxt127.default.192.168.1.240.sslip.io:80"
time="2024-05-28T18:52:57.802832021-06:00" level=debug msg="Invoked gptj-python-h3rg7675n8i5gclxt127.default.192.168.1.240.sslip.io in 10889 usec\n"
time="2024-05-28T18:53:05.297366121-06:00" level=debug msg="Invoking: gptj-python-h3rg7675n8i5gclxt127.default.192.168.1.240.sslip.io:80"
time="2024-05-28T18:53:05.307226169-06:00" level=debug msg="Invoked gptj-python-h3rg7675n8i5gclxt127.default.192.168.1.240.sslip.io in 9873 usec\n"
time="2024-05-28T18:53:12.804161277-06:00" level=debug msg="Invoking: gptj-python-h3rg7675n8i5gclxt127.default.192.168.1.240.sslip.io:80"
time="2024-05-28T18:53:12.814294988-06:00" level=debug msg="Invoked gptj-python-h3rg7675n8i5gclxt127.default.192.168.1.240.sslip.io in 10146 usec\n"
time="2024-05-28T18:53:20.267915853-06:00" level=debug msg="Minute: 4"
time="2024-05-28T18:53:20.268014592-06:00" level=debug msg="Number of Invocations this iteration: 8"
time="2024-05-28T18:53:20.268106015-06:00" level=debug msg="Invoking: rnn-serving-python-10-10-1ge5kay8a1czr0ox0fvp.default.192.168.1.240.sslip.io:80"
time="2024-05-28T18:53:27.773041576-06:00" level=debug msg="Invoking: gptj-python-h3rg7675n8i5gclxt127.default.192.168.1.240.sslip.io:80"
time="2024-05-28T18:53:27.783471817-06:00" level=debug msg="Invoked gptj-python-h3rg7675n8i5gclxt127.default.192.168.1.240.sslip.io in 10447 usec\n"
time="2024-05-28T18:53:30.938064854-06:00" level=debug msg="Invoked rnn-serving-python-10-10-1ge5kay8a1czr0ox0fvp.default.192.168.1.240.sslip.io in 10669960 usec\n"
time="2024-05-28T18:53:35.275917714-06:00" level=debug msg="Invoking: gptj-python-h3rg7675n8i5gclxt127.default.192.168.1.240.sslip.io:80"
time="2024-05-28T18:53:35.287839243-06:00" level=debug msg="Invoked gptj-python-h3rg7675n8i5gclxt127.default.192.168.1.240.sslip.io in 11930 usec\n"
time="2024-05-28T18:53:42.779868142-06:00" level=debug msg="Invoking: gptj-python-h3rg7675n8i5gclxt127.default.192.168.1.240.sslip.io:80"
time="2024-05-28T18:53:42.790526954-06:00" level=debug msg="Invoked gptj-python-h3rg7675n8i5gclxt127.default.192.168.1.240.sslip.io in 10667 usec\n"
time="2024-05-28T18:53:50.283990253-06:00" level=debug msg="Invoking: cartservice-lg0g2dlpavxbj7xko92c.default.192.168.1.240.sslip.io:80"
time="2024-05-28T18:53:50.296548808-06:00" level=debug msg="Invoked cartservice-lg0g2dlpavxbj7xko92c.default.192.168.1.240.sslip.io in 12572 usec\n"
time="2024-05-28T18:53:57.788105207-06:00" level=debug msg="Invoking: gptj-python-h3rg7675n8i5gclxt127.default.192.168.1.240.sslip.io:80"
time="2024-05-28T18:53:57.798511755-06:00" level=debug msg="Invoked gptj-python-h3rg7675n8i5gclxt127.default.192.168.1.240.sslip.io in 10420 usec\n"
time="2024-05-28T18:54:05.291961314-06:00" level=debug msg="Invoking: gptj-python-h3rg7675n8i5gclxt127.default.192.168.1.240.sslip.io:80"
time="2024-05-28T18:54:05.302569272-06:00" level=debug msg="Invoked gptj-python-h3rg7675n8i5gclxt127.default.192.168.1.240.sslip.io in 10620 usec\n"
time="2024-05-28T18:54:12.799028883-06:00" level=debug msg="Invoking: gptj-python-h3rg7675n8i5gclxt127.default.192.168.1.240.sslip.io:80"
time="2024-05-28T18:54:12.812898904-06:00" level=debug msg="Invoked gptj-python-h3rg7675n8i5gclxt127.default.192.168.1.240.sslip.io in 13881 usec\n"
time="2024-05-28T18:54:20.267923762-06:00" level=debug msg="Minute: 5"
time="2024-05-28T18:54:20.268007631-06:00" level=debug msg="Number of Invocations this iteration: 8"
time="2024-05-28T18:54:20.268083-06:00" level=debug msg="Invoking: cartservice-lg0g2dlpavxbj7xko92c.default.192.168.1.240.sslip.io:80"
time="2024-05-28T18:54:20.282459035-06:00" level=debug msg="Invoked cartservice-lg0g2dlpavxbj7xko92c.default.192.168.1.240.sslip.io in 14372 usec\n"
time="2024-05-28T18:54:27.771893336-06:00" level=debug msg="Invoking: gptj-python-h3rg7675n8i5gclxt127.default.192.168.1.240.sslip.io:80"
time="2024-05-28T18:54:27.782783682-06:00" level=debug msg="Invoked gptj-python-h3rg7675n8i5gclxt127.default.192.168.1.240.sslip.io in 10903 usec\n"
time="2024-05-28T18:54:35.27593297-06:00" level=debug msg="Invoking: gptj-python-h3rg7675n8i5gclxt127.default.192.168.1.240.sslip.io:80"
time="2024-05-28T18:54:35.287024858-06:00" level=debug msg="Invoked gptj-python-h3rg7675n8i5gclxt127.default.192.168.1.240.sslip.io in 11105 usec\n"
time="2024-05-28T18:54:42.780396091-06:00" level=debug msg="Invoking: gptj-python-h3rg7675n8i5gclxt127.default.192.168.1.240.sslip.io:80"
time="2024-05-28T18:54:42.7919998-06:00" level=debug msg="Invoked gptj-python-h3rg7675n8i5gclxt127.default.192.168.1.240.sslip.io in 11615 usec\n"
time="2024-05-28T18:54:50.283981405-06:00" level=debug msg="Invoking: cartservice-lg0g2dlpavxbj7xko92c.default.192.168.1.240.sslip.io:80"
time="2024-05-28T18:54:50.296818518-06:00" level=debug msg="Invoked cartservice-lg0g2dlpavxbj7xko92c.default.192.168.1.240.sslip.io in 12846 usec\n"
time="2024-05-28T18:54:57.784209836-06:00" level=debug msg="Invoking: gptj-python-h3rg7675n8i5gclxt127.default.192.168.1.240.sslip.io:80"
time="2024-05-28T18:54:57.795074098-06:00" level=debug msg="Invoked gptj-python-h3rg7675n8i5gclxt127.default.192.168.1.240.sslip.io in 10935 usec\n"
time="2024-05-28T18:55:05.287924033-06:00" level=debug msg="Invoking: gptj-python-h3rg7675n8i5gclxt127.default.192.168.1.240.sslip.io:80"
time="2024-05-28T18:55:05.298324674-06:00" level=debug msg="Invoked gptj-python-h3rg7675n8i5gclxt127.default.192.168.1.240.sslip.io in 10414 usec\n"
time="2024-05-28T18:55:12.791960467-06:00" level=debug msg="Invoking: gptj-python-h3rg7675n8i5gclxt127.default.192.168.1.240.sslip.io:80"
time="2024-05-28T18:55:12.802600795-06:00" level=debug msg="Invoked gptj-python-h3rg7675n8i5gclxt127.default.192.168.1.240.sslip.io in 10657 usec\n"
time="2024-05-28T18:55:20.267925769-06:00" level=debug msg="Minute: 6"
time="2024-05-28T18:55:20.268028754-06:00" level=debug msg="Number of Invocations this iteration: 8"
time="2024-05-28T18:55:20.268125451-06:00" level=debug msg="Invoking: image-rotate-go-6-zbdo17r8vfbbqngriv2s.default.192.168.1.240.sslip.io:80"
time="2024-05-28T18:55:27.519086859-06:00" level=debug msg="Invoked image-rotate-go-6-zbdo17r8vfbbqngriv2s.default.192.168.1.240.sslip.io in 7250959 usec\n"
time="2024-05-28T18:55:27.769019803-06:00" level=debug msg="Invoking: gptj-python-h3rg7675n8i5gclxt127.default.192.168.1.240.sslip.io:80"
time="2024-05-28T18:55:27.77829455-06:00" level=debug msg="Invoked gptj-python-h3rg7675n8i5gclxt127.default.192.168.1.240.sslip.io in 9286 usec\n"
time="2024-05-28T18:55:35.271903148-06:00" level=debug msg="Invoking: gptj-python-h3rg7675n8i5gclxt127.default.192.168.1.240.sslip.io:80"
time="2024-05-28T18:55:35.281852846-06:00" level=debug msg="Invoked gptj-python-h3rg7675n8i5gclxt127.default.192.168.1.240.sslip.io in 9964 usec\n"
time="2024-05-28T18:55:42.775917084-06:00" level=debug msg="Invoking: gptj-python-h3rg7675n8i5gclxt127.default.192.168.1.240.sslip.io:80"
time="2024-05-28T18:55:42.786898697-06:00" level=debug msg="Invoked gptj-python-h3rg7675n8i5gclxt127.default.192.168.1.240.sslip.io in 11015 usec\n"
time="2024-05-28T18:55:50.279935864-06:00" level=debug msg="Invoking: cartservice-lg0g2dlpavxbj7xko92c.default.192.168.1.240.sslip.io:80"
time="2024-05-28T18:55:50.292045481-06:00" level=debug msg="Invoked cartservice-lg0g2dlpavxbj7xko92c.default.192.168.1.240.sslip.io in 12118 usec\n"
time="2024-05-28T18:55:57.78708696-06:00" level=debug msg="Invoking: gptj-python-h3rg7675n8i5gclxt127.default.192.168.1.240.sslip.io:80"
time="2024-05-28T18:55:57.797634051-06:00" level=debug msg="Invoked gptj-python-h3rg7675n8i5gclxt127.default.192.168.1.240.sslip.io in 10560 usec\n"
time="2024-05-28T18:56:05.291977086-06:00" level=debug msg="Invoking: gptj-python-h3rg7675n8i5gclxt127.default.192.168.1.240.sslip.io:80"
time="2024-05-28T18:56:05.302111657-06:00" level=debug msg="Invoked gptj-python-h3rg7675n8i5gclxt127.default.192.168.1.240.sslip.io in 10142 usec\n"
time="2024-05-28T18:56:12.799575983-06:00" level=debug msg="Invoking: gptj-python-h3rg7675n8i5gclxt127.default.192.168.1.240.sslip.io:80"
time="2024-05-28T18:56:12.811044654-06:00" level=debug msg="Invoked gptj-python-h3rg7675n8i5gclxt127.default.192.168.1.240.sslip.io in 11479 usec\n"
time="2024-05-28T18:56:20.267939279-06:00" level=debug msg="Minute: 7"
time="2024-05-28T18:56:20.268046567-06:00" level=debug msg="Number of Invocations this iteration: 8"
time="2024-05-28T18:56:20.268201423-06:00" level=debug msg="Invoking: cartservice-lg0g2dlpavxbj7xko92c.default.192.168.1.240.sslip.io:80"
time="2024-05-28T18:56:20.282246072-06:00" level=debug msg="Invoked cartservice-lg0g2dlpavxbj7xko92c.default.192.168.1.240.sslip.io in 14041 usec\n"
time="2024-05-28T18:56:27.775475574-06:00" level=debug msg="Invoking: gptj-python-h3rg7675n8i5gclxt127.default.192.168.1.240.sslip.io:80"
time="2024-05-28T18:56:27.78615796-06:00" level=debug msg="Invoked gptj-python-h3rg7675n8i5gclxt127.default.192.168.1.240.sslip.io in 10714 usec\n"
time="2024-05-28T18:56:35.280120076-06:00" level=debug msg="Invoking: gptj-python-h3rg7675n8i5gclxt127.default.192.168.1.240.sslip.io:80"
time="2024-05-28T18:56:35.290584109-06:00" level=debug msg="Invoked gptj-python-h3rg7675n8i5gclxt127.default.192.168.1.240.sslip.io in 10468 usec\n"
time="2024-05-28T18:56:42.787066481-06:00" level=debug msg="Invoking: gptj-python-h3rg7675n8i5gclxt127.default.192.168.1.240.sslip.io:80"
time="2024-05-28T18:56:42.801132867-06:00" level=debug msg="Invoked gptj-python-h3rg7675n8i5gclxt127.default.192.168.1.240.sslip.io in 14079 usec\n"
time="2024-05-28T18:56:50.291907262-06:00" level=debug msg="Invoking: cartservice-lg0g2dlpavxbj7xko92c.default.192.168.1.240.sslip.io:80"
time="2024-05-28T18:56:50.304718667-06:00" level=debug msg="Invoked cartservice-lg0g2dlpavxbj7xko92c.default.192.168.1.240.sslip.io in 12813 usec\n"
time="2024-05-28T18:56:57.796038243-06:00" level=debug msg="Invoking: gptj-python-h3rg7675n8i5gclxt127.default.192.168.1.240.sslip.io:80"
time="2024-05-28T18:56:57.805924061-06:00" level=debug msg="Invoked gptj-python-h3rg7675n8i5gclxt127.default.192.168.1.240.sslip.io in 9948 usec\n"
time="2024-05-28T18:57:05.300663488-06:00" level=debug msg="Invoking: gptj-python-h3rg7675n8i5gclxt127.default.192.168.1.240.sslip.io:80"
time="2024-05-28T18:57:05.311391279-06:00" level=debug msg="Invoked gptj-python-h3rg7675n8i5gclxt127.default.192.168.1.240.sslip.io in 10740 usec\n"
time="2024-05-28T18:57:12.804824152-06:00" level=debug msg="Invoking: gptj-python-h3rg7675n8i5gclxt127.default.192.168.1.240.sslip.io:80"
time="2024-05-28T18:57:12.815550893-06:00" level=debug msg="Invoked gptj-python-h3rg7675n8i5gclxt127.default.192.168.1.240.sslip.io in 10757 usec\n"
time="2024-05-28T18:57:20.268189483-06:00" level=debug msg="Minute: 8"
time="2024-05-28T18:57:20.268340603-06:00" level=debug msg="Number of Invocations this iteration: 8"
time="2024-05-28T18:57:20.268428726-06:00" level=debug msg="Invoking: cartservice-lg0g2dlpavxbj7xko92c.default.192.168.1.240.sslip.io:80"
time="2024-05-28T18:57:20.281433267-06:00" level=debug msg="Invoked cartservice-lg0g2dlpavxbj7xko92c.default.192.168.1.240.sslip.io in 13002 usec\n"
time="2024-05-28T18:57:27.772004189-06:00" level=debug msg="Invoking: gptj-python-h3rg7675n8i5gclxt127.default.192.168.1.240.sslip.io:80"
time="2024-05-28T18:57:27.782315352-06:00" level=debug msg="Invoked gptj-python-h3rg7675n8i5gclxt127.default.192.168.1.240.sslip.io in 10344 usec\n"
time="2024-05-28T18:57:35.276160986-06:00" level=debug msg="Invoking: gptj-python-h3rg7675n8i5gclxt127.default.192.168.1.240.sslip.io:80"
time="2024-05-28T18:57:35.287855054-06:00" level=debug msg="Invoked gptj-python-h3rg7675n8i5gclxt127.default.192.168.1.240.sslip.io in 11706 usec\n"
time="2024-05-28T18:57:42.77990226-06:00" level=debug msg="Invoking: gptj-python-h3rg7675n8i5gclxt127.default.192.168.1.240.sslip.io:80"
time="2024-05-28T18:57:42.790733195-06:00" level=debug msg="Invoked gptj-python-h3rg7675n8i5gclxt127.default.192.168.1.240.sslip.io in 10862 usec\n"
time="2024-05-28T18:57:50.283951191-06:00" level=debug msg="Invoking: cartservice-lg0g2dlpavxbj7xko92c.default.192.168.1.240.sslip.io:80"
time="2024-05-28T18:57:50.296849091-06:00" level=debug msg="Invoked cartservice-lg0g2dlpavxbj7xko92c.default.192.168.1.240.sslip.io in 12914 usec\n"
time="2024-05-28T18:57:57.790590862-06:00" level=debug msg="Invoking: gptj-python-h3rg7675n8i5gclxt127.default.192.168.1.240.sslip.io:80"
time="2024-05-28T18:57:57.800570136-06:00" level=debug msg="Invoked gptj-python-h3rg7675n8i5gclxt127.default.192.168.1.240.sslip.io in 9990 usec\n"
time="2024-05-28T18:58:05.295923948-06:00" level=debug msg="Invoking: gptj-python-h3rg7675n8i5gclxt127.default.192.168.1.240.sslip.io:80"
time="2024-05-28T18:58:05.305595497-06:00" level=debug msg="Invoked gptj-python-h3rg7675n8i5gclxt127.default.192.168.1.240.sslip.io in 9680 usec\n"
time="2024-05-28T18:58:12.799932964-06:00" level=debug msg="Invoking: gptj-python-h3rg7675n8i5gclxt127.default.192.168.1.240.sslip.io:80"
time="2024-05-28T18:58:12.810241207-06:00" level=debug msg="Invoked gptj-python-h3rg7675n8i5gclxt127.default.192.168.1.240.sslip.io in 10310 usec\n"
time="2024-05-28T18:58:20.269277809-06:00" level=debug msg="Minute: 9"
time="2024-05-28T18:58:20.269382119-06:00" level=debug msg="Number of Invocations this iteration: 8"
time="2024-05-28T18:58:20.269468583-06:00" level=debug msg="Invoking: cartservice-lg0g2dlpavxbj7xko92c.default.192.168.1.240.sslip.io:80"
time="2024-05-28T18:58:20.284020443-06:00" level=debug msg="Invoked cartservice-lg0g2dlpavxbj7xko92c.default.192.168.1.240.sslip.io in 14549 usec\n"
time="2024-05-28T18:58:27.775874312-06:00" level=debug msg="Invoking: gptj-python-h3rg7675n8i5gclxt127.default.192.168.1.240.sslip.io:80"
time="2024-05-28T18:58:27.7856243-06:00" level=debug msg="Invoked gptj-python-h3rg7675n8i5gclxt127.default.192.168.1.240.sslip.io in 9765 usec\n"
time="2024-05-28T18:58:35.279940047-06:00" level=debug msg="Invoking: gptj-python-h3rg7675n8i5gclxt127.default.192.168.1.240.sslip.io:80"
time="2024-05-28T18:58:35.29027721-06:00" level=debug msg="Invoked gptj-python-h3rg7675n8i5gclxt127.default.192.168.1.240.sslip.io in 10349 usec\n"
time="2024-05-28T18:58:42.786236708-06:00" level=debug msg="Invoking: gptj-python-h3rg7675n8i5gclxt127.default.192.168.1.240.sslip.io:80"
time="2024-05-28T18:58:42.843224534-06:00" level=debug msg="Invoked gptj-python-h3rg7675n8i5gclxt127.default.192.168.1.240.sslip.io in 56999 usec\n"
time="2024-05-28T18:58:50.291940447-06:00" level=debug msg="Invoking: cartservice-lg0g2dlpavxbj7xko92c.default.192.168.1.240.sslip.io:80"
time="2024-05-28T18:58:50.303346133-06:00" level=debug msg="Invoked cartservice-lg0g2dlpavxbj7xko92c.default.192.168.1.240.sslip.io in 11415 usec\n"
time="2024-05-28T18:58:57.793821603-06:00" level=debug msg="Invoking: gptj-python-h3rg7675n8i5gclxt127.default.192.168.1.240.sslip.io:80"
time="2024-05-28T18:58:57.804208663-06:00" level=debug msg="Invoked gptj-python-h3rg7675n8i5gclxt127.default.192.168.1.240.sslip.io in 11144 usec\n"
time="2024-05-28T18:59:05.295862092-06:00" level=debug msg="Invoking: gptj-python-h3rg7675n8i5gclxt127.default.192.168.1.240.sslip.io:80"
time="2024-05-28T18:59:05.30577104-06:00" level=debug msg="Invoked gptj-python-h3rg7675n8i5gclxt127.default.192.168.1.240.sslip.io in 9916 usec\n"
time="2024-05-28T18:59:12.801331553-06:00" level=debug msg="Invoking: gptj-python-h3rg7675n8i5gclxt127.default.192.168.1.240.sslip.io:80"
time="2024-05-28T18:59:12.811709152-06:00" level=debug msg="Invoked gptj-python-h3rg7675n8i5gclxt127.default.192.168.1.240.sslip.io in 10387 usec\n"
time="2024-05-28T18:59:20.267975888-06:00" level=debug msg="Minute: 10"
time="2024-05-28T18:59:20.268120637-06:00" level=debug msg="Number of Invocations this iteration: 8"
time="2024-05-28T18:59:20.268205831-06:00" level=debug msg="Invoking: rnn-serving-python-10-10-1ge5kay8a1czr0ox0fvp.default.192.168.1.240.sslip.io:80"
time="2024-05-28T18:59:27.773354046-06:00" level=debug msg="Invoking: gptj-python-h3rg7675n8i5gclxt127.default.192.168.1.240.sslip.io:80"
time="2024-05-28T18:59:27.783420434-06:00" level=debug msg="Invoked gptj-python-h3rg7675n8i5gclxt127.default.192.168.1.240.sslip.io in 10072 usec\n"
time="2024-05-28T18:59:31.180203315-06:00" level=debug msg="Invoked rnn-serving-python-10-10-1ge5kay8a1czr0ox0fvp.default.192.168.1.240.sslip.io in 10911996 usec\n"
time="2024-05-28T18:59:35.277122896-06:00" level=debug msg="Invoking: gptj-python-h3rg7675n8i5gclxt127.default.192.168.1.240.sslip.io:80"
time="2024-05-28T18:59:35.287608731-06:00" level=debug msg="Invoked gptj-python-h3rg7675n8i5gclxt127.default.192.168.1.240.sslip.io in 10494 usec\n"
time="2024-05-28T18:59:42.783942931-06:00" level=debug msg="Invoking: gptj-python-h3rg7675n8i5gclxt127.default.192.168.1.240.sslip.io:80"
time="2024-05-28T18:59:42.794465938-06:00" level=debug msg="Invoked gptj-python-h3rg7675n8i5gclxt127.default.192.168.1.240.sslip.io in 10528 usec\n"
time="2024-05-28T18:59:50.287936596-06:00" level=debug msg="Invoking: cartservice-lg0g2dlpavxbj7xko92c.default.192.168.1.240.sslip.io:80"
time="2024-05-28T18:59:50.347286401-06:00" level=debug msg="Invoked cartservice-lg0g2dlpavxbj7xko92c.default.192.168.1.240.sslip.io in 59355 usec\n"
time="2024-05-28T18:59:57.791948118-06:00" level=debug msg="Invoking: gptj-python-h3rg7675n8i5gclxt127.default.192.168.1.240.sslip.io:80"
time="2024-05-28T18:59:57.802310476-06:00" level=debug msg="Invoked gptj-python-h3rg7675n8i5gclxt127.default.192.168.1.240.sslip.io in 10391 usec\n"
time="2024-05-28T19:00:05.295975919-06:00" level=debug msg="Invoking: gptj-python-h3rg7675n8i5gclxt127.default.192.168.1.240.sslip.io:80"
time="2024-05-28T19:00:05.306650913-06:00" level=debug msg="Invoked gptj-python-h3rg7675n8i5gclxt127.default.192.168.1.240.sslip.io in 10717 usec\n"
time="2024-05-28T19:00:12.799898095-06:00" level=debug msg="Invoking: gptj-python-h3rg7675n8i5gclxt127.default.192.168.1.240.sslip.io:80"
time="2024-05-28T19:00:12.810341358-06:00" level=debug msg="Invoked gptj-python-h3rg7675n8i5gclxt127.default.192.168.1.240.sslip.io in 10453 usec\n"
time="2024-05-28T19:00:20.267919202-06:00" level=debug msg="Minute: 11"
time="2024-05-28T19:00:20.268015227-06:00" level=debug msg="Number of Invocations this iteration: 8"
time="2024-05-28T19:00:20.268105389-06:00" level=debug msg="Invoking: image-rotate-go-6-zbdo17r8vfbbqngriv2s.default.192.168.1.240.sslip.io:80"
time="2024-05-28T19:00:27.484927064-06:00" level=debug msg="Invoked image-rotate-go-6-zbdo17r8vfbbqngriv2s.default.192.168.1.240.sslip.io in 7216816 usec\n"
time="2024-05-28T19:00:27.769030845-06:00" level=debug msg="Invoking: gptj-python-h3rg7675n8i5gclxt127.default.192.168.1.240.sslip.io:80"
time="2024-05-28T19:00:27.781170038-06:00" level=debug msg="Invoked gptj-python-h3rg7675n8i5gclxt127.default.192.168.1.240.sslip.io in 12151 usec\n"
time="2024-05-28T19:00:35.27587281-06:00" level=debug msg="Invoking: gptj-python-h3rg7675n8i5gclxt127.default.192.168.1.240.sslip.io:80"
time="2024-05-28T19:00:35.285815494-06:00" level=debug msg="Invoked gptj-python-h3rg7675n8i5gclxt127.default.192.168.1.240.sslip.io in 9952 usec\n"
time="2024-05-28T19:00:42.779931002-06:00" level=debug msg="Invoking: gptj-python-h3rg7675n8i5gclxt127.default.192.168.1.240.sslip.io:80"
time="2024-05-28T19:00:42.789943526-06:00" level=debug msg="Invoked gptj-python-h3rg7675n8i5gclxt127.default.192.168.1.240.sslip.io in 10022 usec\n"
time="2024-05-28T19:00:50.283953631-06:00" level=debug msg="Invoking: cartservice-lg0g2dlpavxbj7xko92c.default.192.168.1.240.sslip.io:80"
time="2024-05-28T19:00:50.297008575-06:00" level=debug msg="Invoked cartservice-lg0g2dlpavxbj7xko92c.default.192.168.1.240.sslip.io in 13063 usec\n"
time="2024-05-28T19:00:57.787857278-06:00" level=debug msg="Invoking: gptj-python-h3rg7675n8i5gclxt127.default.192.168.1.240.sslip.io:80"
time="2024-05-28T19:00:57.799378735-06:00" level=debug msg="Invoked gptj-python-h3rg7675n8i5gclxt127.default.192.168.1.240.sslip.io in 11521 usec\n"
time="2024-05-28T19:01:05.291934628-06:00" level=debug msg="Invoking: gptj-python-h3rg7675n8i5gclxt127.default.192.168.1.240.sslip.io:80"
time="2024-05-28T19:01:05.302674472-06:00" level=debug msg="Invoked gptj-python-h3rg7675n8i5gclxt127.default.192.168.1.240.sslip.io in 10742 usec\n"
time="2024-05-28T19:01:12.795956505-06:00" level=debug msg="Invoking: gptj-python-h3rg7675n8i5gclxt127.default.192.168.1.240.sslip.io:80"
time="2024-05-28T19:01:12.806409306-06:00" level=debug msg="Invoked gptj-python-h3rg7675n8i5gclxt127.default.192.168.1.240.sslip.io in 10458 usec\n"
time="2024-05-28T19:01:20.267884783-06:00" level=debug msg="Minute: 12"
time="2024-05-28T19:01:20.268015079-06:00" level=debug msg="Number of Invocations this iteration: 8"
time="2024-05-28T19:01:20.26809531-06:00" level=debug msg="Invoking: cartservice-lg0g2dlpavxbj7xko92c.default.192.168.1.240.sslip.io:80"
time="2024-05-28T19:01:20.280792601-06:00" level=debug msg="Invoked cartservice-lg0g2dlpavxbj7xko92c.default.192.168.1.240.sslip.io in 12693 usec\n"
time="2024-05-28T19:01:27.77197505-06:00" level=debug msg="Invoking: gptj-python-h3rg7675n8i5gclxt127.default.192.168.1.240.sslip.io:80"
time="2024-05-28T19:01:27.782290019-06:00" level=debug msg="Invoked gptj-python-h3rg7675n8i5gclxt127.default.192.168.1.240.sslip.io in 10346 usec\n"
time="2024-05-28T19:01:35.275930212-06:00" level=debug msg="Invoking: gptj-python-h3rg7675n8i5gclxt127.default.192.168.1.240.sslip.io:80"
time="2024-05-28T19:01:35.288873447-06:00" level=debug msg="Invoked gptj-python-h3rg7675n8i5gclxt127.default.192.168.1.240.sslip.io in 12954 usec\n"
time="2024-05-28T19:01:42.77994769-06:00" level=debug msg="Invoking: gptj-python-h3rg7675n8i5gclxt127.default.192.168.1.240.sslip.io:80"
time="2024-05-28T19:01:42.790226585-06:00" level=debug msg="Invoked gptj-python-h3rg7675n8i5gclxt127.default.192.168.1.240.sslip.io in 10310 usec\n"
time="2024-05-28T19:01:50.283954904-06:00" level=debug msg="Invoking: cartservice-lg0g2dlpavxbj7xko92c.default.192.168.1.240.sslip.io:80"
time="2024-05-28T19:01:50.295408445-06:00" level=debug msg="Invoked cartservice-lg0g2dlpavxbj7xko92c.default.192.168.1.240.sslip.io in 11466 usec\n"
time="2024-05-28T19:01:57.788185348-06:00" level=debug msg="Invoking: gptj-python-h3rg7675n8i5gclxt127.default.192.168.1.240.sslip.io:80"
time="2024-05-28T19:01:57.800696662-06:00" level=debug msg="Invoked gptj-python-h3rg7675n8i5gclxt127.default.192.168.1.240.sslip.io in 12519 usec\n"
time="2024-05-28T19:02:05.295047718-06:00" level=debug msg="Invoking: gptj-python-h3rg7675n8i5gclxt127.default.192.168.1.240.sslip.io:80"
time="2024-05-28T19:02:05.305804194-06:00" level=debug msg="Invoked gptj-python-h3rg7675n8i5gclxt127.default.192.168.1.240.sslip.io in 10769 usec\n"
time="2024-05-28T19:02:12.799970678-06:00" level=debug msg="Invoking: gptj-python-h3rg7675n8i5gclxt127.default.192.168.1.240.sslip.io:80"
time="2024-05-28T19:02:12.810145228-06:00" level=debug msg="Invoked gptj-python-h3rg7675n8i5gclxt127.default.192.168.1.240.sslip.io in 10188 usec\n"
time="2024-05-28T19:02:20.267877683-06:00" level=debug msg="Minute: 13"
time="2024-05-28T19:02:20.26797674-06:00" level=debug msg="Number of Invocations this iteration: 8"
time="2024-05-28T19:02:20.268068248-06:00" level=debug msg="Invoking: cartservice-lg0g2dlpavxbj7xko92c.default.192.168.1.240.sslip.io:80"
time="2024-05-28T19:02:20.281254266-06:00" level=debug msg="Invoked cartservice-lg0g2dlpavxbj7xko92c.default.192.168.1.240.sslip.io in 13183 usec\n"
time="2024-05-28T19:02:27.77188116-06:00" level=debug msg="Invoking: gptj-python-h3rg7675n8i5gclxt127.default.192.168.1.240.sslip.io:80"
time="2024-05-28T19:02:27.783069891-06:00" level=debug msg="Invoked gptj-python-h3rg7675n8i5gclxt127.default.192.168.1.240.sslip.io in 11213 usec\n"
time="2024-05-28T19:02:35.276890015-06:00" level=debug msg="Invoking: gptj-python-h3rg7675n8i5gclxt127.default.192.168.1.240.sslip.io:80"
time="2024-05-28T19:02:35.2873331-06:00" level=debug msg="Invoked gptj-python-h3rg7675n8i5gclxt127.default.192.168.1.240.sslip.io in 10455 usec\n"
time="2024-05-28T19:02:42.781600132-06:00" level=debug msg="Invoking: gptj-python-h3rg7675n8i5gclxt127.default.192.168.1.240.sslip.io:80"
time="2024-05-28T19:02:42.793355251-06:00" level=debug msg="Invoked gptj-python-h3rg7675n8i5gclxt127.default.192.168.1.240.sslip.io in 11789 usec\n"
time="2024-05-28T19:02:50.286565656-06:00" level=debug msg="Invoking: cartservice-lg0g2dlpavxbj7xko92c.default.192.168.1.240.sslip.io:80"
time="2024-05-28T19:02:50.299162608-06:00" level=debug msg="Invoked cartservice-lg0g2dlpavxbj7xko92c.default.192.168.1.240.sslip.io in 12611 usec\n"
time="2024-05-28T19:02:57.792507819-06:00" level=debug msg="Invoking: gptj-python-h3rg7675n8i5gclxt127.default.192.168.1.240.sslip.io:80"
time="2024-05-28T19:02:57.804032742-06:00" level=debug msg="Invoked gptj-python-h3rg7675n8i5gclxt127.default.192.168.1.240.sslip.io in 10910 usec\n"
time="2024-05-28T19:03:05.293040209-06:00" level=debug msg="Invoking: gptj-python-h3rg7675n8i5gclxt127.default.192.168.1.240.sslip.io:80"
time="2024-05-28T19:03:05.304052077-06:00" level=debug msg="Invoked gptj-python-h3rg7675n8i5gclxt127.default.192.168.1.240.sslip.io in 11028 usec\n"
time="2024-05-28T19:03:12.799898818-06:00" level=debug msg="Invoking: gptj-python-h3rg7675n8i5gclxt127.default.192.168.1.240.sslip.io:80"
time="2024-05-28T19:03:12.809813181-06:00" level=debug msg="Invoked gptj-python-h3rg7675n8i5gclxt127.default.192.168.1.240.sslip.io in 9919 usec\n"
time="2024-05-28T19:03:20.268422164-06:00" level=info msg="Experiment Phase Completed"
time="2024-05-28T19:03:20.268549806-06:00" level=info msg="Issued / completed requests: 112, 112"
time="2024-05-28T19:03:20.268584313-06:00" level=info msg="Average Real RPS: 0.13 "
time="2024-05-28T19:03:20.268609301-06:00" level=info msg="Experiment finished!"
time="2024-05-28T19:03:20.268635718-06:00" level=info msg="The measured latencies are saved in rps_lat.csv"
