time="2024-05-30T10:21:03.003994531-06:00" level=info msg="Reading the endpoints from the file: video-analytics-standalone-python-30-400/endpoints.json"
time="2024-05-30T10:23:56.009182928-06:00" level=warning msg="Failed to invoke video-analytics-standalone-python-30-ibzltau.default.192.168.1.240.sslip.io:80, err=rpc error: code = DeadlineExceeded desc = context deadline exceeded"
time="2024-05-30T10:24:01.531262535-06:00" level=warning msg="Failed to invoke video-analytics-standalone-python-30-ibzltau.default.192.168.1.240.sslip.io:80, err=rpc error: code = DeadlineExceeded desc = context deadline exceeded"
time="2024-05-30T10:24:07.068911441-06:00" level=warning msg="Failed to invoke video-analytics-standalone-python-30-ibzltau.default.192.168.1.240.sslip.io:80, err=rpc error: code = DeadlineExceeded desc = context deadline exceeded"
time="2024-05-30T10:24:12.604759379-06:00" level=warning msg="Failed to invoke video-analytics-standalone-python-30-ibzltau.default.192.168.1.240.sslip.io:80, err=rpc error: code = DeadlineExceeded desc = context deadline exceeded"
time="2024-05-30T10:24:18.137129768-06:00" level=warning msg="Failed to invoke video-analytics-standalone-python-30-ibzltau.default.192.168.1.240.sslip.io:80, err=rpc error: code = DeadlineExceeded desc = context deadline exceeded"
time="2024-05-30T10:24:23.670248974-06:00" level=warning msg="Failed to invoke video-analytics-standalone-python-30-ibzltau.default.192.168.1.240.sslip.io:80, err=rpc error: code = Unavailable desc = upstream request timeout"
time="2024-05-30T10:24:29.212316116-06:00" level=warning msg="Failed to invoke video-analytics-standalone-python-30-ibzltau.default.192.168.1.240.sslip.io:80, err=rpc error: code = DeadlineExceeded desc = context deadline exceeded"
time="2024-05-30T10:24:34.74398084-06:00" level=warning msg="Failed to invoke video-analytics-standalone-python-30-ibzltau.default.192.168.1.240.sslip.io:80, err=rpc error: code = Unavailable desc = upstream request timeout"
time="2024-05-30T10:24:40.282260458-06:00" level=warning msg="Failed to invoke video-analytics-standalone-python-30-ibzltau.default.192.168.1.240.sslip.io:80, err=rpc error: code = DeadlineExceeded desc = context deadline exceeded"
time="2024-05-30T10:24:45.812084968-06:00" level=warning msg="Failed to invoke video-analytics-standalone-python-30-ibzltau.default.192.168.1.240.sslip.io:80, err=rpc error: code = DeadlineExceeded desc = context deadline exceeded"
time="2024-05-30T10:24:51.351519236-06:00" level=warning msg="Failed to invoke video-analytics-standalone-python-30-ibzltau.default.192.168.1.240.sslip.io:80, err=rpc error: code = Unavailable desc = upstream request timeout"
time="2024-05-30T10:24:56.884923009-06:00" level=warning msg="Failed to invoke video-analytics-standalone-python-30-ibzltau.default.192.168.1.240.sslip.io:80, err=rpc error: code = Unavailable desc = upstream request timeout"
time="2024-05-30T10:25:02.420153801-06:00" level=warning msg="Failed to invoke video-analytics-standalone-python-30-ibzltau.default.192.168.1.240.sslip.io:80, err=rpc error: code = Unavailable desc = upstream request timeout"
time="2024-05-30T10:25:07.955108611-06:00" level=warning msg="Failed to invoke video-analytics-standalone-python-30-ibzltau.default.192.168.1.240.sslip.io:80, err=rpc error: code = Unavailable desc = upstream request timeout"
time="2024-05-30T10:25:13.489135301-06:00" level=warning msg="Failed to invoke video-analytics-standalone-python-30-ibzltau.default.192.168.1.240.sslip.io:80, err=rpc error: code = Unavailable desc = upstream request timeout"
time="2024-05-30T10:25:19.022092576-06:00" level=warning msg="Failed to invoke video-analytics-standalone-python-30-ibzltau.default.192.168.1.240.sslip.io:80, err=rpc error: code = Unavailable desc = upstream request timeout"
time="2024-05-30T10:25:24.560024982-06:00" level=warning msg="Failed to invoke video-analytics-standalone-python-30-ibzltau.default.192.168.1.240.sslip.io:80, err=rpc error: code = Unavailable desc = upstream request timeout"
time="2024-05-30T10:25:30.09513891-06:00" level=warning msg="Failed to invoke video-analytics-standalone-python-30-ibzltau.default.192.168.1.240.sslip.io:80, err=rpc error: code = DeadlineExceeded desc = context deadline exceeded"
time="2024-05-30T10:25:35.628660757-06:00" level=warning msg="Failed to invoke video-analytics-standalone-python-30-ibzltau.default.192.168.1.240.sslip.io:80, err=rpc error: code = DeadlineExceeded desc = context deadline exceeded"
time="2024-05-30T10:25:41.167294996-06:00" level=warning msg="Failed to invoke video-analytics-standalone-python-30-ibzltau.default.192.168.1.240.sslip.io:80, err=rpc error: code = DeadlineExceeded desc = context deadline exceeded"
time="2024-05-30T10:25:46.701145153-06:00" level=warning msg="Failed to invoke video-analytics-standalone-python-30-ibzltau.default.192.168.1.240.sslip.io:80, err=rpc error: code = DeadlineExceeded desc = context deadline exceeded"
time="2024-05-30T10:25:52.236452192-06:00" level=warning msg="Failed to invoke video-analytics-standalone-python-30-ibzltau.default.192.168.1.240.sslip.io:80, err=rpc error: code = DeadlineExceeded desc = context deadline exceeded"
time="2024-05-30T10:25:57.768745412-06:00" level=warning msg="Failed to invoke video-analytics-standalone-python-30-ibzltau.default.192.168.1.240.sslip.io:80, err=rpc error: code = Unavailable desc = upstream request timeout"
time="2024-05-30T10:26:03.302468264-06:00" level=warning msg="Failed to invoke video-analytics-standalone-python-30-ibzltau.default.192.168.1.240.sslip.io:80, err=rpc error: code = Unavailable desc = upstream request timeout"
time="2024-05-30T10:26:08.842585641-06:00" level=warning msg="Failed to invoke video-analytics-standalone-python-30-ibzltau.default.192.168.1.240.sslip.io:80, err=rpc error: code = Unavailable desc = upstream request timeout"
time="2024-05-30T10:26:14.372170508-06:00" level=warning msg="Failed to invoke video-analytics-standalone-python-30-ibzltau.default.192.168.1.240.sslip.io:80, err=rpc error: code = Unavailable desc = upstream request timeout"
time="2024-05-30T10:26:19.911677459-06:00" level=warning msg="Failed to invoke video-analytics-standalone-python-30-ibzltau.default.192.168.1.240.sslip.io:80, err=rpc error: code = DeadlineExceeded desc = context deadline exceeded"
time="2024-05-30T10:26:25.445237342-06:00" level=warning msg="Failed to invoke video-analytics-standalone-python-30-ibzltau.default.192.168.1.240.sslip.io:80, err=rpc error: code = DeadlineExceeded desc = context deadline exceeded"
time="2024-05-30T10:26:30.983606803-06:00" level=warning msg="Failed to invoke video-analytics-standalone-python-30-ibzltau.default.192.168.1.240.sslip.io:80, err=rpc error: code = DeadlineExceeded desc = context deadline exceeded"
time="2024-05-30T10:26:36.5154546-06:00" level=warning msg="Failed to invoke video-analytics-standalone-python-30-ibzltau.default.192.168.1.240.sslip.io:80, err=rpc error: code = Unavailable desc = upstream request timeout"
time="2024-05-30T10:26:42.049168104-06:00" level=warning msg="Failed to invoke video-analytics-standalone-python-30-ibzltau.default.192.168.1.240.sslip.io:80, err=rpc error: code = DeadlineExceeded desc = context deadline exceeded"
time="2024-05-30T10:26:47.58580053-06:00" level=warning msg="Failed to invoke video-analytics-standalone-python-30-ibzltau.default.192.168.1.240.sslip.io:80, err=rpc error: code = DeadlineExceeded desc = context deadline exceeded"
time="2024-05-30T10:26:53.11886072-06:00" level=warning msg="Failed to invoke video-analytics-standalone-python-30-ibzltau.default.192.168.1.240.sslip.io:80, err=rpc error: code = DeadlineExceeded desc = context deadline exceeded"
time="2024-05-30T10:26:58.655937264-06:00" level=warning msg="Failed to invoke video-analytics-standalone-python-30-ibzltau.default.192.168.1.240.sslip.io:80, err=rpc error: code = Unavailable desc = upstream request timeout"
time="2024-05-30T10:27:04.191344391-06:00" level=warning msg="Failed to invoke video-analytics-standalone-python-30-ibzltau.default.192.168.1.240.sslip.io:80, err=rpc error: code = Unavailable desc = upstream request timeout"
time="2024-05-30T10:27:09.724944087-06:00" level=warning msg="Failed to invoke video-analytics-standalone-python-30-ibzltau.default.192.168.1.240.sslip.io:80, err=rpc error: code = DeadlineExceeded desc = context deadline exceeded"
time="2024-05-30T10:27:15.261108432-06:00" level=warning msg="Failed to invoke video-analytics-standalone-python-30-ibzltau.default.192.168.1.240.sslip.io:80, err=rpc error: code = DeadlineExceeded desc = context deadline exceeded"
time="2024-05-30T10:27:20.795968263-06:00" level=warning msg="Failed to invoke video-analytics-standalone-python-30-ibzltau.default.192.168.1.240.sslip.io:80, err=rpc error: code = Unavailable desc = upstream request timeout"
time="2024-05-30T10:27:26.331013152-06:00" level=warning msg="Failed to invoke video-analytics-standalone-python-30-ibzltau.default.192.168.1.240.sslip.io:80, err=rpc error: code = DeadlineExceeded desc = context deadline exceeded"
time="2024-05-30T10:27:31.868037674-06:00" level=warning msg="Failed to invoke video-analytics-standalone-python-30-ibzltau.default.192.168.1.240.sslip.io:80, err=rpc error: code = DeadlineExceeded desc = context deadline exceeded"
time="2024-05-30T10:27:37.398816847-06:00" level=warning msg="Failed to invoke video-analytics-standalone-python-30-ibzltau.default.192.168.1.240.sslip.io:80, err=rpc error: code = Unavailable desc = upstream request timeout"
time="2024-05-30T10:27:42.937168165-06:00" level=warning msg="Failed to invoke video-analytics-standalone-python-30-ibzltau.default.192.168.1.240.sslip.io:80, err=rpc error: code = DeadlineExceeded desc = context deadline exceeded"
time="2024-05-30T10:27:48.470904174-06:00" level=warning msg="Failed to invoke video-analytics-standalone-python-30-ibzltau.default.192.168.1.240.sslip.io:80, err=rpc error: code = DeadlineExceeded desc = context deadline exceeded"
time="2024-05-30T10:27:54.004936801-06:00" level=warning msg="Failed to invoke video-analytics-standalone-python-30-ibzltau.default.192.168.1.240.sslip.io:80, err=rpc error: code = Unavailable desc = upstream request timeout"
time="2024-05-30T10:27:59.540511817-06:00" level=warning msg="Failed to invoke video-analytics-standalone-python-30-ibzltau.default.192.168.1.240.sslip.io:80, err=rpc error: code = Unavailable desc = upstream request timeout"
time="2024-05-30T10:28:05.07711016-06:00" level=warning msg="Failed to invoke video-analytics-standalone-python-30-ibzltau.default.192.168.1.240.sslip.io:80, err=rpc error: code = DeadlineExceeded desc = context deadline exceeded"
time="2024-05-30T10:28:10.610679825-06:00" level=warning msg="Failed to invoke video-analytics-standalone-python-30-ibzltau.default.192.168.1.240.sslip.io:80, err=rpc error: code = Unavailable desc = upstream request timeout"
time="2024-05-30T10:28:16.150164625-06:00" level=warning msg="Failed to invoke video-analytics-standalone-python-30-ibzltau.default.192.168.1.240.sslip.io:80, err=rpc error: code = Unavailable desc = upstream request timeout"
time="2024-05-30T10:28:21.682075309-06:00" level=warning msg="Failed to invoke video-analytics-standalone-python-30-ibzltau.default.192.168.1.240.sslip.io:80, err=rpc error: code = Unavailable desc = upstream request timeout"
time="2024-05-30T10:28:27.216149408-06:00" level=warning msg="Failed to invoke video-analytics-standalone-python-30-ibzltau.default.192.168.1.240.sslip.io:80, err=rpc error: code = Unavailable desc = upstream request timeout"
time="2024-05-30T10:28:32.753187347-06:00" level=warning msg="Failed to invoke video-analytics-standalone-python-30-ibzltau.default.192.168.1.240.sslip.io:80, err=rpc error: code = DeadlineExceeded desc = context deadline exceeded"
time="2024-05-30T10:28:38.283344255-06:00" level=warning msg="Failed to invoke video-analytics-standalone-python-30-ibzltau.default.192.168.1.240.sslip.io:80, err=rpc error: code = Unavailable desc = upstream request timeout"
time="2024-05-30T10:28:43.819335277-06:00" level=warning msg="Failed to invoke video-analytics-standalone-python-30-ibzltau.default.192.168.1.240.sslip.io:80, err=rpc error: code = DeadlineExceeded desc = context deadline exceeded"
time="2024-05-30T10:28:49.357156465-06:00" level=warning msg="Failed to invoke video-analytics-standalone-python-30-ibzltau.default.192.168.1.240.sslip.io:80, err=rpc error: code = DeadlineExceeded desc = context deadline exceeded"
time="2024-05-30T10:28:54.891644174-06:00" level=warning msg="Failed to invoke video-analytics-standalone-python-30-ibzltau.default.192.168.1.240.sslip.io:80, err=rpc error: code = Unavailable desc = upstream request timeout"
time="2024-05-30T10:29:00.424952078-06:00" level=warning msg="Failed to invoke video-analytics-standalone-python-30-ibzltau.default.192.168.1.240.sslip.io:80, err=rpc error: code = Unavailable desc = upstream request timeout"
time="2024-05-30T10:29:05.963390472-06:00" level=warning msg="Failed to invoke video-analytics-standalone-python-30-ibzltau.default.192.168.1.240.sslip.io:80, err=rpc error: code = DeadlineExceeded desc = context deadline exceeded"
time="2024-05-30T10:29:11.5035513-06:00" level=warning msg="Failed to invoke video-analytics-standalone-python-30-ibzltau.default.192.168.1.240.sslip.io:80, err=rpc error: code = DeadlineExceeded desc = context deadline exceeded"
time="2024-05-30T10:29:17.030183054-06:00" level=warning msg="Failed to invoke video-analytics-standalone-python-30-ibzltau.default.192.168.1.240.sslip.io:80, err=rpc error: code = Unavailable desc = upstream request timeout"
time="2024-05-30T10:29:22.566240139-06:00" level=warning msg="Failed to invoke video-analytics-standalone-python-30-ibzltau.default.192.168.1.240.sslip.io:80, err=rpc error: code = DeadlineExceeded desc = context deadline exceeded"
time="2024-05-30T10:29:28.097871143-06:00" level=warning msg="Failed to invoke video-analytics-standalone-python-30-ibzltau.default.192.168.1.240.sslip.io:80, err=rpc error: code = Unavailable desc = upstream request timeout"
time="2024-05-30T10:29:33.63678574-06:00" level=warning msg="Failed to invoke video-analytics-standalone-python-30-ibzltau.default.192.168.1.240.sslip.io:80, err=rpc error: code = DeadlineExceeded desc = context deadline exceeded"
time="2024-05-30T10:29:39.171251194-06:00" level=warning msg="Failed to invoke video-analytics-standalone-python-30-ibzltau.default.192.168.1.240.sslip.io:80, err=rpc error: code = Unavailable desc = upstream request timeout"
time="2024-05-30T10:29:44.707907398-06:00" level=warning msg="Failed to invoke video-analytics-standalone-python-30-ibzltau.default.192.168.1.240.sslip.io:80, err=rpc error: code = Unavailable desc = upstream request timeout"
time="2024-05-30T10:29:50.242102268-06:00" level=warning msg="Failed to invoke video-analytics-standalone-python-30-ibzltau.default.192.168.1.240.sslip.io:80, err=rpc error: code = DeadlineExceeded desc = context deadline exceeded"
time="2024-05-30T10:29:55.777181053-06:00" level=warning msg="Failed to invoke video-analytics-standalone-python-30-ibzltau.default.192.168.1.240.sslip.io:80, err=rpc error: code = DeadlineExceeded desc = context deadline exceeded"
time="2024-05-30T10:30:01.313109042-06:00" level=warning msg="Failed to invoke video-analytics-standalone-python-30-ibzltau.default.192.168.1.240.sslip.io:80, err=rpc error: code = DeadlineExceeded desc = context deadline exceeded"
time="2024-05-30T10:30:06.849127052-06:00" level=warning msg="Failed to invoke video-analytics-standalone-python-30-ibzltau.default.192.168.1.240.sslip.io:80, err=rpc error: code = DeadlineExceeded desc = context deadline exceeded"
time="2024-05-30T10:30:12.385161985-06:00" level=warning msg="Failed to invoke video-analytics-standalone-python-30-ibzltau.default.192.168.1.240.sslip.io:80, err=rpc error: code = DeadlineExceeded desc = context deadline exceeded"
time="2024-05-30T10:30:17.916848744-06:00" level=warning msg="Failed to invoke video-analytics-standalone-python-30-ibzltau.default.192.168.1.240.sslip.io:80, err=rpc error: code = DeadlineExceeded desc = context deadline exceeded"
time="2024-05-30T10:30:23.452000739-06:00" level=warning msg="Failed to invoke video-analytics-standalone-python-30-ibzltau.default.192.168.1.240.sslip.io:80, err=rpc error: code = Unavailable desc = upstream request timeout"
time="2024-05-30T10:30:28.989116374-06:00" level=warning msg="Failed to invoke video-analytics-standalone-python-30-ibzltau.default.192.168.1.240.sslip.io:80, err=rpc error: code = DeadlineExceeded desc = context deadline exceeded"
time="2024-05-30T10:30:34.526202113-06:00" level=warning msg="Failed to invoke video-analytics-standalone-python-30-ibzltau.default.192.168.1.240.sslip.io:80, err=rpc error: code = DeadlineExceeded desc = context deadline exceeded"
time="2024-05-30T10:30:40.057128981-06:00" level=warning msg="Failed to invoke video-analytics-standalone-python-30-ibzltau.default.192.168.1.240.sslip.io:80, err=rpc error: code = DeadlineExceeded desc = context deadline exceeded"
time="2024-05-30T10:30:45.594883131-06:00" level=warning msg="Failed to invoke video-analytics-standalone-python-30-ibzltau.default.192.168.1.240.sslip.io:80, err=rpc error: code = DeadlineExceeded desc = context deadline exceeded"
time="2024-05-30T10:30:51.12632311-06:00" level=warning msg="Failed to invoke video-analytics-standalone-python-30-ibzltau.default.192.168.1.240.sslip.io:80, err=rpc error: code = Unavailable desc = upstream request timeout"
time="2024-05-30T10:30:56.665168987-06:00" level=warning msg="Failed to invoke video-analytics-standalone-python-30-ibzltau.default.192.168.1.240.sslip.io:80, err=rpc error: code = DeadlineExceeded desc = context deadline exceeded"
time="2024-05-30T10:31:02.194564227-06:00" level=warning msg="Failed to invoke video-analytics-standalone-python-30-ibzltau.default.192.168.1.240.sslip.io:80, err=rpc error: code = Unavailable desc = upstream request timeout"
time="2024-05-30T10:31:07.731899235-06:00" level=warning msg="Failed to invoke video-analytics-standalone-python-30-ibzltau.default.192.168.1.240.sslip.io:80, err=rpc error: code = Unavailable desc = upstream request timeout"
time="2024-05-30T10:31:13.267838861-06:00" level=warning msg="Failed to invoke video-analytics-standalone-python-30-ibzltau.default.192.168.1.240.sslip.io:80, err=rpc error: code = DeadlineExceeded desc = context deadline exceeded"
time="2024-05-30T10:31:18.803508088-06:00" level=warning msg="Failed to invoke video-analytics-standalone-python-30-ibzltau.default.192.168.1.240.sslip.io:80, err=rpc error: code = DeadlineExceeded desc = context deadline exceeded"
time="2024-05-30T10:31:24.339328914-06:00" level=warning msg="Failed to invoke video-analytics-standalone-python-30-ibzltau.default.192.168.1.240.sslip.io:80, err=rpc error: code = Unavailable desc = upstream request timeout"
time="2024-05-30T10:31:29.87301426-06:00" level=warning msg="Failed to invoke video-analytics-standalone-python-30-ibzltau.default.192.168.1.240.sslip.io:80, err=rpc error: code = DeadlineExceeded desc = context deadline exceeded"
time="2024-05-30T10:31:35.409458489-06:00" level=warning msg="Failed to invoke video-analytics-standalone-python-30-ibzltau.default.192.168.1.240.sslip.io:80, err=rpc error: code = DeadlineExceeded desc = context deadline exceeded"
time="2024-05-30T10:31:40.943330281-06:00" level=warning msg="Failed to invoke video-analytics-standalone-python-30-ibzltau.default.192.168.1.240.sslip.io:80, err=rpc error: code = Unavailable desc = upstream request timeout"
time="2024-05-30T10:31:46.479386236-06:00" level=warning msg="Failed to invoke video-analytics-standalone-python-30-ibzltau.default.192.168.1.240.sslip.io:80, err=rpc error: code = DeadlineExceeded desc = context deadline exceeded"
time="2024-05-30T10:31:52.010919207-06:00" level=warning msg="Failed to invoke video-analytics-standalone-python-30-ibzltau.default.192.168.1.240.sslip.io:80, err=rpc error: code = DeadlineExceeded desc = context deadline exceeded"
time="2024-05-30T10:31:57.547406938-06:00" level=warning msg="Failed to invoke video-analytics-standalone-python-30-ibzltau.default.192.168.1.240.sslip.io:80, err=rpc error: code = DeadlineExceeded desc = context deadline exceeded"
time="2024-05-30T10:32:03.085274067-06:00" level=warning msg="Failed to invoke video-analytics-standalone-python-30-ibzltau.default.192.168.1.240.sslip.io:80, err=rpc error: code = DeadlineExceeded desc = context deadline exceeded"
time="2024-05-30T10:32:08.620154232-06:00" level=warning msg="Failed to invoke video-analytics-standalone-python-30-ibzltau.default.192.168.1.240.sslip.io:80, err=rpc error: code = Unavailable desc = upstream request timeout"
time="2024-05-30T10:32:14.152812558-06:00" level=warning msg="Failed to invoke video-analytics-standalone-python-30-ibzltau.default.192.168.1.240.sslip.io:80, err=rpc error: code = Unavailable desc = upstream request timeout"
time="2024-05-30T10:32:19.692503757-06:00" level=warning msg="Failed to invoke video-analytics-standalone-python-30-ibzltau.default.192.168.1.240.sslip.io:80, err=rpc error: code = Unavailable desc = upstream request timeout"
time="2024-05-30T10:32:25.223618513-06:00" level=warning msg="Failed to invoke video-analytics-standalone-python-30-ibzltau.default.192.168.1.240.sslip.io:80, err=rpc error: code = Unavailable desc = upstream request timeout"
time="2024-05-30T10:32:30.759047078-06:00" level=warning msg="Failed to invoke video-analytics-standalone-python-30-ibzltau.default.192.168.1.240.sslip.io:80, err=rpc error: code = DeadlineExceeded desc = context deadline exceeded"
time="2024-05-30T10:32:36.294229284-06:00" level=warning msg="Failed to invoke video-analytics-standalone-python-30-ibzltau.default.192.168.1.240.sslip.io:80, err=rpc error: code = DeadlineExceeded desc = context deadline exceeded"
time="2024-05-30T10:32:41.827006833-06:00" level=warning msg="Failed to invoke video-analytics-standalone-python-30-ibzltau.default.192.168.1.240.sslip.io:80, err=rpc error: code = DeadlineExceeded desc = context deadline exceeded"
time="2024-05-30T10:32:47.363135288-06:00" level=warning msg="Failed to invoke video-analytics-standalone-python-30-ibzltau.default.192.168.1.240.sslip.io:80, err=rpc error: code = Unavailable desc = upstream request timeout"
time="2024-05-30T10:32:52.902880134-06:00" level=warning msg="Failed to invoke video-analytics-standalone-python-30-ibzltau.default.192.168.1.240.sslip.io:80, err=rpc error: code = Unavailable desc = upstream request timeout"
time="2024-05-30T10:32:58.435417133-06:00" level=warning msg="Failed to invoke video-analytics-standalone-python-30-ibzltau.default.192.168.1.240.sslip.io:80, err=rpc error: code = DeadlineExceeded desc = context deadline exceeded"
time="2024-05-30T10:33:03.969340063-06:00" level=warning msg="Failed to invoke video-analytics-standalone-python-30-ibzltau.default.192.168.1.240.sslip.io:80, err=rpc error: code = DeadlineExceeded desc = context deadline exceeded"
time="2024-05-30T10:33:09.505126216-06:00" level=warning msg="Failed to invoke video-analytics-standalone-python-30-ibzltau.default.192.168.1.240.sslip.io:80, err=rpc error: code = DeadlineExceeded desc = context deadline exceeded"
time="2024-05-30T10:33:15.041107228-06:00" level=warning msg="Failed to invoke video-analytics-standalone-python-30-ibzltau.default.192.168.1.240.sslip.io:80, err=rpc error: code = DeadlineExceeded desc = context deadline exceeded"
time="2024-05-30T10:33:20.576405306-06:00" level=warning msg="Failed to invoke video-analytics-standalone-python-30-ibzltau.default.192.168.1.240.sslip.io:80, err=rpc error: code = DeadlineExceeded desc = context deadline exceeded"
time="2024-05-30T10:33:26.110590561-06:00" level=warning msg="Failed to invoke video-analytics-standalone-python-30-ibzltau.default.192.168.1.240.sslip.io:80, err=rpc error: code = Unavailable desc = upstream request timeout"
time="2024-05-30T10:33:31.644243122-06:00" level=warning msg="Failed to invoke video-analytics-standalone-python-30-ibzltau.default.192.168.1.240.sslip.io:80, err=rpc error: code = DeadlineExceeded desc = context deadline exceeded"
time="2024-05-30T10:33:37.17855531-06:00" level=warning msg="Failed to invoke video-analytics-standalone-python-30-ibzltau.default.192.168.1.240.sslip.io:80, err=rpc error: code = Unavailable desc = upstream request timeout"
time="2024-05-30T10:33:42.722232303-06:00" level=warning msg="Failed to invoke video-analytics-standalone-python-30-ibzltau.default.192.168.1.240.sslip.io:80, err=rpc error: code = DeadlineExceeded desc = context deadline exceeded"
time="2024-05-30T10:33:48.249733219-06:00" level=warning msg="Failed to invoke video-analytics-standalone-python-30-ibzltau.default.192.168.1.240.sslip.io:80, err=rpc error: code = Unavailable desc = upstream request timeout"
time="2024-05-30T10:33:53.785515887-06:00" level=warning msg="Failed to invoke video-analytics-standalone-python-30-ibzltau.default.192.168.1.240.sslip.io:80, err=rpc error: code = DeadlineExceeded desc = context deadline exceeded"
time="2024-05-30T10:33:59.3246391-06:00" level=warning msg="Failed to invoke video-analytics-standalone-python-30-ibzltau.default.192.168.1.240.sslip.io:80, err=rpc error: code = Unavailable desc = upstream request timeout"
time="2024-05-30T10:34:04.860164072-06:00" level=warning msg="Failed to invoke video-analytics-standalone-python-30-ibzltau.default.192.168.1.240.sslip.io:80, err=rpc error: code = Unavailable desc = upstream request timeout"
time="2024-05-30T10:34:07.61902926-06:00" level=info msg="Issued / completed requests: 141, 26"
time="2024-05-30T10:34:07.619103281-06:00" level=info msg="Real / target RPS: 0.03 / 0.2"
time="2024-05-30T10:34:07.619113526-06:00" level=info msg="Experiment finished!"
time="2024-05-30T10:34:07.619124345-06:00" level=info msg="The measured latencies are saved in video-analytics-standalone-python-30-400/lat.txt"
time="2024-05-30T10:34:07.619258085-06:00" level=info msg="The measured function durations are saved in video-analytics-standalone-python-30-400/dur.txt"
