time="2024-05-30T02:28:49.865477605-06:00" level=debug msg="Debug logging is enabled"
time="2024-05-30T02:28:49.865630646-06:00" level=info msg="Reading the trace endpoints from the file: /users/ArunAMS/vSwarm/tools/load-generator/load.json"
time="2024-05-30T02:28:49.866997454-06:00" level=info msg="Warmup Duration: 3"
time="2024-05-30T02:28:49.867022824-06:00" level=info msg="Experiment Duration: 11"
time="2024-05-30T02:28:49.867042479-06:00" level=info msg="Minute Granularity: true"
time="2024-05-30T02:29:49.925149852-06:00" level=info msg="Running Warmup Phase"
time="2024-05-30T02:29:49.925224912-06:00" level=debug msg="Minute: 0"
time="2024-05-30T02:29:49.925300308-06:00" level=debug msg="Number of Invocations this iteration: 8"
time="2024-05-30T02:29:49.925409617-06:00" level=debug msg="Invoking: cartservice-5yiwnw4r3quwaex1di0o.default.192.168.1.240.sslip.io:80"
time="2024-05-30T02:29:57.42647361-06:00" level=debug msg="Invoking: gptj-python-c5wwplkw538ully885fc.default.192.168.1.240.sslip.io:80"
time="2024-05-30T02:30:04.926537038-06:00" level=debug msg="Invoking: gptj-python-c5wwplkw538ully885fc.default.192.168.1.240.sslip.io:80"
time="2024-05-30T02:30:12.43318415-06:00" level=debug msg="Invoking: gptj-python-c5wwplkw538ully885fc.default.192.168.1.240.sslip.io:80"
time="2024-05-30T02:30:19.94059598-06:00" level=debug msg="Invoking: cartservice-5yiwnw4r3quwaex1di0o.default.192.168.1.240.sslip.io:80"
time="2024-05-30T02:30:27.44518223-06:00" level=debug msg="Invoking: gptj-python-c5wwplkw538ully885fc.default.192.168.1.240.sslip.io:80"
time="2024-05-30T02:30:34.949102077-06:00" level=debug msg="Invoking: gptj-python-c5wwplkw538ully885fc.default.192.168.1.240.sslip.io:80"
time="2024-05-30T02:30:42.453169524-06:00" level=debug msg="Invoking: gptj-python-c5wwplkw538ully885fc.default.192.168.1.240.sslip.io:80"
time="2024-05-30T02:30:49.873163373-06:00" level=debug msg="Minute: 1"
time="2024-05-30T02:30:49.873285558-06:00" level=debug msg="Number of Invocations this iteration: 8"
time="2024-05-30T02:30:49.873381999-06:00" level=debug msg="Invoking: image-rotate-go-6-qsrjta98697a39gl1f0d.default.192.168.1.240.sslip.io:80"
time="2024-05-30T02:30:57.37411153-06:00" level=debug msg="Invoking: gptj-python-c5wwplkw538ully885fc.default.192.168.1.240.sslip.io:80"
time="2024-05-30T02:31:04.877123953-06:00" level=debug msg="Invoking: gptj-python-c5wwplkw538ully885fc.default.192.168.1.240.sslip.io:80"
time="2024-05-30T02:31:12.383343199-06:00" level=debug msg="Invoking: gptj-python-c5wwplkw538ully885fc.default.192.168.1.240.sslip.io:80"
time="2024-05-30T02:31:19.889422016-06:00" level=debug msg="Invoking: cartservice-5yiwnw4r3quwaex1di0o.default.192.168.1.240.sslip.io:80"
time="2024-05-30T02:31:27.389625781-06:00" level=debug msg="Invoking: gptj-python-c5wwplkw538ully885fc.default.192.168.1.240.sslip.io:80"
time="2024-05-30T02:31:34.893172988-06:00" level=debug msg="Invoking: gptj-python-c5wwplkw538ully885fc.default.192.168.1.240.sslip.io:80"
time="2024-05-30T02:31:42.399183557-06:00" level=debug msg="Invoking: gptj-python-c5wwplkw538ully885fc.default.192.168.1.240.sslip.io:80"
time="2024-05-30T02:31:49.873129318-06:00" level=debug msg="Minute: 2"
time="2024-05-30T02:31:49.873240953-06:00" level=debug msg="Number of Invocations this iteration: 8"
time="2024-05-30T02:31:49.87334458-06:00" level=debug msg="Invoking: cartservice-5yiwnw4r3quwaex1di0o.default.192.168.1.240.sslip.io:80"
time="2024-05-30T02:31:57.37717683-06:00" level=debug msg="Invoking: gptj-python-c5wwplkw538ully885fc.default.192.168.1.240.sslip.io:80"
time="2024-05-30T02:32:04.881118536-06:00" level=debug msg="Invoking: gptj-python-c5wwplkw538ully885fc.default.192.168.1.240.sslip.io:80"
time="2024-05-30T02:32:12.385710314-06:00" level=debug msg="Invoking: gptj-python-c5wwplkw538ully885fc.default.192.168.1.240.sslip.io:80"
time="2024-05-30T02:32:19.889140433-06:00" level=debug msg="Invoking: cartservice-5yiwnw4r3quwaex1di0o.default.192.168.1.240.sslip.io:80"
time="2024-05-30T02:32:27.393101245-06:00" level=debug msg="Invoking: gptj-python-c5wwplkw538ully885fc.default.192.168.1.240.sslip.io:80"
time="2024-05-30T02:32:34.897149482-06:00" level=debug msg="Invoking: gptj-python-c5wwplkw538ully885fc.default.192.168.1.240.sslip.io:80"
time="2024-05-30T02:32:42.401177358-06:00" level=debug msg="Invoking: gptj-python-c5wwplkw538ully885fc.default.192.168.1.240.sslip.io:80"
time="2024-05-30T02:32:49.873125534-06:00" level=info msg="Warmup Phase Completed"
time="2024-05-30T02:32:49.87320622-06:00" level=info msg="Running Experiment Phase"
time="2024-05-30T02:32:49.873234348-06:00" level=debug msg="Minute: 3"
time="2024-05-30T02:32:49.873280872-06:00" level=debug msg="Number of Invocations this iteration: 8"
time="2024-05-30T02:32:49.873367341-06:00" level=debug msg="Invoking: cartservice-5yiwnw4r3quwaex1di0o.default.192.168.1.240.sslip.io:80"
time="2024-05-30T02:32:49.885820509-06:00" level=debug msg="Invoked cartservice-5yiwnw4r3quwaex1di0o.default.192.168.1.240.sslip.io in 12450 usec\n"
time="2024-05-30T02:32:57.37759902-06:00" level=debug msg="Invoking: gptj-python-c5wwplkw538ully885fc.default.192.168.1.240.sslip.io:80"
time="2024-05-30T02:32:57.388536096-06:00" level=debug msg="Invoked gptj-python-c5wwplkw538ully885fc.default.192.168.1.240.sslip.io in 10946 usec\n"
time="2024-05-30T02:33:04.881785888-06:00" level=debug msg="Invoking: gptj-python-c5wwplkw538ully885fc.default.192.168.1.240.sslip.io:80"
time="2024-05-30T02:33:04.892334715-06:00" level=debug msg="Invoked gptj-python-c5wwplkw538ully885fc.default.192.168.1.240.sslip.io in 10559 usec\n"
time="2024-05-30T02:33:12.385131925-06:00" level=debug msg="Invoking: gptj-python-c5wwplkw538ully885fc.default.192.168.1.240.sslip.io:80"
time="2024-05-30T02:33:12.395578565-06:00" level=debug msg="Invoked gptj-python-c5wwplkw538ully885fc.default.192.168.1.240.sslip.io in 10456 usec\n"
time="2024-05-30T02:33:19.889119654-06:00" level=debug msg="Invoking: cartservice-5yiwnw4r3quwaex1di0o.default.192.168.1.240.sslip.io:80"
time="2024-05-30T02:33:19.903593744-06:00" level=debug msg="Invoked cartservice-5yiwnw4r3quwaex1di0o.default.192.168.1.240.sslip.io in 14471 usec\n"
time="2024-05-30T02:33:27.389488663-06:00" level=debug msg="Invoking: gptj-python-c5wwplkw538ully885fc.default.192.168.1.240.sslip.io:80"
time="2024-05-30T02:33:27.400260748-06:00" level=debug msg="Invoked gptj-python-c5wwplkw538ully885fc.default.192.168.1.240.sslip.io in 10785 usec\n"
time="2024-05-30T02:33:34.893131057-06:00" level=debug msg="Invoking: gptj-python-c5wwplkw538ully885fc.default.192.168.1.240.sslip.io:80"
time="2024-05-30T02:33:34.903855224-06:00" level=debug msg="Invoked gptj-python-c5wwplkw538ully885fc.default.192.168.1.240.sslip.io in 10734 usec\n"
time="2024-05-30T02:33:42.397196296-06:00" level=debug msg="Invoking: gptj-python-c5wwplkw538ully885fc.default.192.168.1.240.sslip.io:80"
time="2024-05-30T02:33:42.406823527-06:00" level=debug msg="Invoked gptj-python-c5wwplkw538ully885fc.default.192.168.1.240.sslip.io in 9637 usec\n"
time="2024-05-30T02:33:49.873164-06:00" level=debug msg="Minute: 4"
time="2024-05-30T02:33:49.873261994-06:00" level=debug msg="Number of Invocations this iteration: 8"
time="2024-05-30T02:33:49.873359683-06:00" level=debug msg="Invoking: rnn-serving-python-10-10-sxqcpc60ftgtprcqzp96.default.192.168.1.240.sslip.io:80"
time="2024-05-30T02:33:57.378232808-06:00" level=debug msg="Invoking: gptj-python-c5wwplkw538ully885fc.default.192.168.1.240.sslip.io:80"
time="2024-05-30T02:33:57.388949822-06:00" level=debug msg="Invoked gptj-python-c5wwplkw538ully885fc.default.192.168.1.240.sslip.io in 10770 usec\n"
time="2024-05-30T02:34:00.508642079-06:00" level=debug msg="Invoked rnn-serving-python-10-10-sxqcpc60ftgtprcqzp96.default.192.168.1.240.sslip.io in 10635280 usec\n"
time="2024-05-30T02:34:04.881194585-06:00" level=debug msg="Invoking: gptj-python-c5wwplkw538ully885fc.default.192.168.1.240.sslip.io:80"
time="2024-05-30T02:34:04.890357564-06:00" level=debug msg="Invoked gptj-python-c5wwplkw538ully885fc.default.192.168.1.240.sslip.io in 9172 usec\n"
time="2024-05-30T02:34:12.385171227-06:00" level=debug msg="Invoking: gptj-python-c5wwplkw538ully885fc.default.192.168.1.240.sslip.io:80"
time="2024-05-30T02:34:12.395582451-06:00" level=debug msg="Invoked gptj-python-c5wwplkw538ully885fc.default.192.168.1.240.sslip.io in 10419 usec\n"
time="2024-05-30T02:34:19.889892036-06:00" level=debug msg="Invoking: cartservice-5yiwnw4r3quwaex1di0o.default.192.168.1.240.sslip.io:80"
time="2024-05-30T02:34:25.74592239-06:00" level=debug msg="Invoked cartservice-5yiwnw4r3quwaex1di0o.default.192.168.1.240.sslip.io in 5856037 usec\n"
time="2024-05-30T02:34:27.391379898-06:00" level=debug msg="Invoking: gptj-python-c5wwplkw538ully885fc.default.192.168.1.240.sslip.io:80"
time="2024-05-30T02:34:27.402261234-06:00" level=debug msg="Invoked gptj-python-c5wwplkw538ully885fc.default.192.168.1.240.sslip.io in 10892 usec\n"
time="2024-05-30T02:34:34.897125554-06:00" level=debug msg="Invoking: gptj-python-c5wwplkw538ully885fc.default.192.168.1.240.sslip.io:80"
time="2024-05-30T02:34:34.908543545-06:00" level=debug msg="Invoked gptj-python-c5wwplkw538ully885fc.default.192.168.1.240.sslip.io in 11419 usec\n"
time="2024-05-30T02:34:42.40119956-06:00" level=debug msg="Invoking: gptj-python-c5wwplkw538ully885fc.default.192.168.1.240.sslip.io:80"
time="2024-05-30T02:34:42.41388679-06:00" level=debug msg="Invoked gptj-python-c5wwplkw538ully885fc.default.192.168.1.240.sslip.io in 12698 usec\n"
time="2024-05-30T02:34:49.873365252-06:00" level=debug msg="Minute: 5"
time="2024-05-30T02:34:49.87345723-06:00" level=debug msg="Number of Invocations this iteration: 8"
time="2024-05-30T02:34:49.873541195-06:00" level=debug msg="Invoking: cartservice-5yiwnw4r3quwaex1di0o.default.192.168.1.240.sslip.io:80"
time="2024-05-30T02:34:49.90156879-06:00" level=debug msg="Invoked cartservice-5yiwnw4r3quwaex1di0o.default.192.168.1.240.sslip.io in 28025 usec\n"
time="2024-05-30T02:34:57.379198994-06:00" level=debug msg="Invoking: gptj-python-c5wwplkw538ully885fc.default.192.168.1.240.sslip.io:80"
time="2024-05-30T02:34:57.389894431-06:00" level=debug msg="Invoked gptj-python-c5wwplkw538ully885fc.default.192.168.1.240.sslip.io in 10704 usec\n"
time="2024-05-30T02:35:04.885142513-06:00" level=debug msg="Invoking: gptj-python-c5wwplkw538ully885fc.default.192.168.1.240.sslip.io:80"
time="2024-05-30T02:35:04.89829931-06:00" level=debug msg="Invoked gptj-python-c5wwplkw538ully885fc.default.192.168.1.240.sslip.io in 13170 usec\n"
time="2024-05-30T02:35:12.389154415-06:00" level=debug msg="Invoking: gptj-python-c5wwplkw538ully885fc.default.192.168.1.240.sslip.io:80"
time="2024-05-30T02:35:12.401061374-06:00" level=debug msg="Invoked gptj-python-c5wwplkw538ully885fc.default.192.168.1.240.sslip.io in 11887 usec\n"
time="2024-05-30T02:35:19.89592937-06:00" level=debug msg="Invoking: cartservice-5yiwnw4r3quwaex1di0o.default.192.168.1.240.sslip.io:80"
time="2024-05-30T02:35:19.909930372-06:00" level=debug msg="Invoked cartservice-5yiwnw4r3quwaex1di0o.default.192.168.1.240.sslip.io in 14003 usec\n"
time="2024-05-30T02:35:27.402330317-06:00" level=debug msg="Invoking: gptj-python-c5wwplkw538ully885fc.default.192.168.1.240.sslip.io:80"
time="2024-05-30T02:35:27.412403801-06:00" level=debug msg="Invoked gptj-python-c5wwplkw538ully885fc.default.192.168.1.240.sslip.io in 10084 usec\n"
time="2024-05-30T02:35:34.909196025-06:00" level=debug msg="Invoking: gptj-python-c5wwplkw538ully885fc.default.192.168.1.240.sslip.io:80"
time="2024-05-30T02:35:34.917890629-06:00" level=debug msg="Invoked gptj-python-c5wwplkw538ully885fc.default.192.168.1.240.sslip.io in 8702 usec\n"
time="2024-05-30T02:35:42.413714645-06:00" level=debug msg="Invoking: gptj-python-c5wwplkw538ully885fc.default.192.168.1.240.sslip.io:80"
time="2024-05-30T02:35:42.424304114-06:00" level=debug msg="Invoked gptj-python-c5wwplkw538ully885fc.default.192.168.1.240.sslip.io in 10597 usec\n"
time="2024-05-30T02:35:49.874519882-06:00" level=debug msg="Minute: 6"
time="2024-05-30T02:35:49.874622278-06:00" level=debug msg="Number of Invocations this iteration: 8"
time="2024-05-30T02:35:49.874705346-06:00" level=debug msg="Invoking: image-rotate-go-6-qsrjta98697a39gl1f0d.default.192.168.1.240.sslip.io:80"
time="2024-05-30T02:35:57.381153275-06:00" level=debug msg="Invoking: gptj-python-c5wwplkw538ully885fc.default.192.168.1.240.sslip.io:80"
time="2024-05-30T02:35:57.391597744-06:00" level=debug msg="Invoked gptj-python-c5wwplkw538ully885fc.default.192.168.1.240.sslip.io in 10453 usec\n"
time="2024-05-30T02:36:02.045219286-06:00" level=debug msg="Invoked image-rotate-go-6-qsrjta98697a39gl1f0d.default.192.168.1.240.sslip.io in 12170513 usec\n"
time="2024-05-30T02:36:04.88398356-06:00" level=debug msg="Invoking: gptj-python-c5wwplkw538ully885fc.default.192.168.1.240.sslip.io:80"
time="2024-05-30T02:36:04.894013765-06:00" level=debug msg="Invoked gptj-python-c5wwplkw538ully885fc.default.192.168.1.240.sslip.io in 10037 usec\n"
time="2024-05-30T02:36:12.389178902-06:00" level=debug msg="Invoking: gptj-python-c5wwplkw538ully885fc.default.192.168.1.240.sslip.io:80"
time="2024-05-30T02:36:12.399056783-06:00" level=debug msg="Invoked gptj-python-c5wwplkw538ully885fc.default.192.168.1.240.sslip.io in 9889 usec\n"
time="2024-05-30T02:36:19.893097784-06:00" level=debug msg="Invoking: cartservice-5yiwnw4r3quwaex1di0o.default.192.168.1.240.sslip.io:80"
time="2024-05-30T02:36:25.69346641-06:00" level=debug msg="Invoked cartservice-5yiwnw4r3quwaex1di0o.default.192.168.1.240.sslip.io in 5800378 usec\n"
time="2024-05-30T02:36:27.393195841-06:00" level=debug msg="Invoking: gptj-python-c5wwplkw538ully885fc.default.192.168.1.240.sslip.io:80"
time="2024-05-30T02:36:27.403647728-06:00" level=debug msg="Invoked gptj-python-c5wwplkw538ully885fc.default.192.168.1.240.sslip.io in 10464 usec\n"
time="2024-05-30T02:36:34.897219754-06:00" level=debug msg="Invoking: gptj-python-c5wwplkw538ully885fc.default.192.168.1.240.sslip.io:80"
time="2024-05-30T02:36:34.907761304-06:00" level=debug msg="Invoked gptj-python-c5wwplkw538ully885fc.default.192.168.1.240.sslip.io in 10552 usec\n"
time="2024-05-30T02:36:42.40110869-06:00" level=debug msg="Invoking: gptj-python-c5wwplkw538ully885fc.default.192.168.1.240.sslip.io:80"
time="2024-05-30T02:36:42.414506909-06:00" level=debug msg="Invoked gptj-python-c5wwplkw538ully885fc.default.192.168.1.240.sslip.io in 13409 usec\n"
time="2024-05-30T02:36:49.873522501-06:00" level=debug msg="Minute: 7"
time="2024-05-30T02:36:49.87361985-06:00" level=debug msg="Number of Invocations this iteration: 8"
time="2024-05-30T02:36:49.873709278-06:00" level=debug msg="Invoking: cartservice-5yiwnw4r3quwaex1di0o.default.192.168.1.240.sslip.io:80"
time="2024-05-30T02:36:49.902277999-06:00" level=debug msg="Invoked cartservice-5yiwnw4r3quwaex1di0o.default.192.168.1.240.sslip.io in 28568 usec\n"
time="2024-05-30T02:36:57.377175026-06:00" level=debug msg="Invoking: gptj-python-c5wwplkw538ully885fc.default.192.168.1.240.sslip.io:80"
time="2024-05-30T02:36:57.387223258-06:00" level=debug msg="Invoked gptj-python-c5wwplkw538ully885fc.default.192.168.1.240.sslip.io in 10057 usec\n"
time="2024-05-30T02:37:04.881450557-06:00" level=debug msg="Invoking: gptj-python-c5wwplkw538ully885fc.default.192.168.1.240.sslip.io:80"
time="2024-05-30T02:37:04.892010771-06:00" level=debug msg="Invoked gptj-python-c5wwplkw538ully885fc.default.192.168.1.240.sslip.io in 10568 usec\n"
time="2024-05-30T02:37:12.387127033-06:00" level=debug msg="Invoking: gptj-python-c5wwplkw538ully885fc.default.192.168.1.240.sslip.io:80"
time="2024-05-30T02:37:12.397320927-06:00" level=debug msg="Invoked gptj-python-c5wwplkw538ully885fc.default.192.168.1.240.sslip.io in 10202 usec\n"
time="2024-05-30T02:37:19.893715389-06:00" level=debug msg="Invoking: cartservice-5yiwnw4r3quwaex1di0o.default.192.168.1.240.sslip.io:80"
time="2024-05-30T02:37:19.9087016-06:00" level=debug msg="Invoked cartservice-5yiwnw4r3quwaex1di0o.default.192.168.1.240.sslip.io in 14996 usec\n"
time="2024-05-30T02:37:27.393938576-06:00" level=debug msg="Invoking: gptj-python-c5wwplkw538ully885fc.default.192.168.1.240.sslip.io:80"
time="2024-05-30T02:37:27.406774183-06:00" level=debug msg="Invoked gptj-python-c5wwplkw538ully885fc.default.192.168.1.240.sslip.io in 12838 usec\n"
time="2024-05-30T02:37:34.897111781-06:00" level=debug msg="Invoking: gptj-python-c5wwplkw538ully885fc.default.192.168.1.240.sslip.io:80"
time="2024-05-30T02:37:34.906761278-06:00" level=debug msg="Invoked gptj-python-c5wwplkw538ully885fc.default.192.168.1.240.sslip.io in 9654 usec\n"
time="2024-05-30T02:37:42.401136456-06:00" level=debug msg="Invoking: gptj-python-c5wwplkw538ully885fc.default.192.168.1.240.sslip.io:80"
time="2024-05-30T02:37:42.409864453-06:00" level=debug msg="Invoked gptj-python-c5wwplkw538ully885fc.default.192.168.1.240.sslip.io in 8738 usec\n"
time="2024-05-30T02:37:49.868760076-06:00" level=debug msg="Minute: 8"
time="2024-05-30T02:37:49.868924775-06:00" level=debug msg="Number of Invocations this iteration: 8"
time="2024-05-30T02:37:49.869011896-06:00" level=debug msg="Invoking: cartservice-5yiwnw4r3quwaex1di0o.default.192.168.1.240.sslip.io:80"
time="2024-05-30T02:37:49.881736707-06:00" level=debug msg="Invoked cartservice-5yiwnw4r3quwaex1di0o.default.192.168.1.240.sslip.io in 12718 usec\n"
time="2024-05-30T02:37:57.373172125-06:00" level=debug msg="Invoking: gptj-python-c5wwplkw538ully885fc.default.192.168.1.240.sslip.io:80"
time="2024-05-30T02:37:57.383431757-06:00" level=debug msg="Invoked gptj-python-c5wwplkw538ully885fc.default.192.168.1.240.sslip.io in 10268 usec\n"
time="2024-05-30T02:38:04.879726377-06:00" level=debug msg="Invoking: gptj-python-c5wwplkw538ully885fc.default.192.168.1.240.sslip.io:80"
time="2024-05-30T02:38:04.889580565-06:00" level=debug msg="Invoked gptj-python-c5wwplkw538ully885fc.default.192.168.1.240.sslip.io in 9857 usec\n"
time="2024-05-30T02:38:12.38517551-06:00" level=debug msg="Invoking: gptj-python-c5wwplkw538ully885fc.default.192.168.1.240.sslip.io:80"
time="2024-05-30T02:38:12.396067052-06:00" level=debug msg="Invoked gptj-python-c5wwplkw538ully885fc.default.192.168.1.240.sslip.io in 10899 usec\n"
time="2024-05-30T02:38:19.889102712-06:00" level=debug msg="Invoking: cartservice-5yiwnw4r3quwaex1di0o.default.192.168.1.240.sslip.io:80"
time="2024-05-30T02:38:19.90088757-06:00" level=debug msg="Invoked cartservice-5yiwnw4r3quwaex1di0o.default.192.168.1.240.sslip.io in 11791 usec\n"
time="2024-05-30T02:38:27.393192183-06:00" level=debug msg="Invoking: gptj-python-c5wwplkw538ully885fc.default.192.168.1.240.sslip.io:80"
time="2024-05-30T02:38:27.40306473-06:00" level=debug msg="Invoked gptj-python-c5wwplkw538ully885fc.default.192.168.1.240.sslip.io in 9881 usec\n"
time="2024-05-30T02:38:34.897126787-06:00" level=debug msg="Invoking: gptj-python-c5wwplkw538ully885fc.default.192.168.1.240.sslip.io:80"
time="2024-05-30T02:38:34.907996051-06:00" level=debug msg="Invoked gptj-python-c5wwplkw538ully885fc.default.192.168.1.240.sslip.io in 10881 usec\n"
time="2024-05-30T02:38:42.401289482-06:00" level=debug msg="Invoking: gptj-python-c5wwplkw538ully885fc.default.192.168.1.240.sslip.io:80"
time="2024-05-30T02:38:42.412053216-06:00" level=debug msg="Invoked gptj-python-c5wwplkw538ully885fc.default.192.168.1.240.sslip.io in 10801 usec\n"
time="2024-05-30T02:38:49.87314283-06:00" level=debug msg="Minute: 9"
time="2024-05-30T02:38:49.873235108-06:00" level=debug msg="Number of Invocations this iteration: 8"
time="2024-05-30T02:38:49.873325386-06:00" level=debug msg="Invoking: cartservice-5yiwnw4r3quwaex1di0o.default.192.168.1.240.sslip.io:80"
time="2024-05-30T02:38:49.889161811-06:00" level=debug msg="Invoked cartservice-5yiwnw4r3quwaex1di0o.default.192.168.1.240.sslip.io in 15832 usec\n"
time="2024-05-30T02:38:57.377174765-06:00" level=debug msg="Invoking: gptj-python-c5wwplkw538ully885fc.default.192.168.1.240.sslip.io:80"
time="2024-05-30T02:38:57.391028335-06:00" level=debug msg="Invoked gptj-python-c5wwplkw538ully885fc.default.192.168.1.240.sslip.io in 13865 usec\n"
time="2024-05-30T02:39:04.881175536-06:00" level=debug msg="Invoking: gptj-python-c5wwplkw538ully885fc.default.192.168.1.240.sslip.io:80"
time="2024-05-30T02:39:04.891271038-06:00" level=debug msg="Invoked gptj-python-c5wwplkw538ully885fc.default.192.168.1.240.sslip.io in 10125 usec\n"
time="2024-05-30T02:39:12.388525293-06:00" level=debug msg="Invoking: gptj-python-c5wwplkw538ully885fc.default.192.168.1.240.sslip.io:80"
time="2024-05-30T02:39:12.399365563-06:00" level=debug msg="Invoked gptj-python-c5wwplkw538ully885fc.default.192.168.1.240.sslip.io in 10849 usec\n"
time="2024-05-30T02:39:19.893184399-06:00" level=debug msg="Invoking: cartservice-5yiwnw4r3quwaex1di0o.default.192.168.1.240.sslip.io:80"
time="2024-05-30T02:39:19.905700955-06:00" level=debug msg="Invoked cartservice-5yiwnw4r3quwaex1di0o.default.192.168.1.240.sslip.io in 12528 usec\n"
time="2024-05-30T02:39:27.396126589-06:00" level=debug msg="Invoking: gptj-python-c5wwplkw538ully885fc.default.192.168.1.240.sslip.io:80"
time="2024-05-30T02:39:27.407511244-06:00" level=debug msg="Invoked gptj-python-c5wwplkw538ully885fc.default.192.168.1.240.sslip.io in 11463 usec\n"
time="2024-05-30T02:39:34.901333191-06:00" level=debug msg="Invoking: gptj-python-c5wwplkw538ully885fc.default.192.168.1.240.sslip.io:80"
time="2024-05-30T02:39:34.909626254-06:00" level=debug msg="Invoked gptj-python-c5wwplkw538ully885fc.default.192.168.1.240.sslip.io in 8311 usec\n"
time="2024-05-30T02:39:42.407702604-06:00" level=debug msg="Invoking: gptj-python-c5wwplkw538ully885fc.default.192.168.1.240.sslip.io:80"
time="2024-05-30T02:39:42.41877343-06:00" level=debug msg="Invoked gptj-python-c5wwplkw538ully885fc.default.192.168.1.240.sslip.io in 11078 usec\n"
time="2024-05-30T02:39:49.873106196-06:00" level=debug msg="Minute: 10"
time="2024-05-30T02:39:49.873235958-06:00" level=debug msg="Number of Invocations this iteration: 8"
time="2024-05-30T02:39:49.873316633-06:00" level=debug msg="Invoking: rnn-serving-python-10-10-sxqcpc60ftgtprcqzp96.default.192.168.1.240.sslip.io:80"
time="2024-05-30T02:39:57.377615597-06:00" level=debug msg="Invoking: gptj-python-c5wwplkw538ully885fc.default.192.168.1.240.sslip.io:80"
time="2024-05-30T02:39:57.388575045-06:00" level=debug msg="Invoked gptj-python-c5wwplkw538ully885fc.default.192.168.1.240.sslip.io in 10965 usec\n"
time="2024-05-30T02:40:00.568523564-06:00" level=debug msg="Invoked rnn-serving-python-10-10-sxqcpc60ftgtprcqzp96.default.192.168.1.240.sslip.io in 10695205 usec\n"
time="2024-05-30T02:40:04.881129244-06:00" level=debug msg="Invoking: gptj-python-c5wwplkw538ully885fc.default.192.168.1.240.sslip.io:80"
time="2024-05-30T02:40:04.892923089-06:00" level=debug msg="Invoked gptj-python-c5wwplkw538ully885fc.default.192.168.1.240.sslip.io in 11809 usec\n"
time="2024-05-30T02:40:12.385209565-06:00" level=debug msg="Invoking: gptj-python-c5wwplkw538ully885fc.default.192.168.1.240.sslip.io:80"
time="2024-05-30T02:40:12.39570418-06:00" level=debug msg="Invoked gptj-python-c5wwplkw538ully885fc.default.192.168.1.240.sslip.io in 10500 usec\n"
time="2024-05-30T02:40:19.889137868-06:00" level=debug msg="Invoking: cartservice-5yiwnw4r3quwaex1di0o.default.192.168.1.240.sslip.io:80"
time="2024-05-30T02:40:27.39315581-06:00" level=debug msg="Invoking: gptj-python-c5wwplkw538ully885fc.default.192.168.1.240.sslip.io:80"
time="2024-05-30T02:40:27.406725523-06:00" level=debug msg="Invoked gptj-python-c5wwplkw538ully885fc.default.192.168.1.240.sslip.io in 13578 usec\n"
time="2024-05-30T02:40:27.525955563-06:00" level=debug msg="Invoked cartservice-5yiwnw4r3quwaex1di0o.default.192.168.1.240.sslip.io in 7636825 usec\n"
time="2024-05-30T02:40:34.900163222-06:00" level=debug msg="Invoking: gptj-python-c5wwplkw538ully885fc.default.192.168.1.240.sslip.io:80"
time="2024-05-30T02:40:34.910369644-06:00" level=debug msg="Invoked gptj-python-c5wwplkw538ully885fc.default.192.168.1.240.sslip.io in 10215 usec\n"
time="2024-05-30T02:40:42.405857456-06:00" level=debug msg="Invoking: gptj-python-c5wwplkw538ully885fc.default.192.168.1.240.sslip.io:80"
time="2024-05-30T02:40:42.416360936-06:00" level=debug msg="Invoked gptj-python-c5wwplkw538ully885fc.default.192.168.1.240.sslip.io in 10512 usec\n"
time="2024-05-30T02:40:49.8731247-06:00" level=debug msg="Minute: 11"
time="2024-05-30T02:40:49.873230735-06:00" level=debug msg="Number of Invocations this iteration: 8"
time="2024-05-30T02:40:49.873323965-06:00" level=debug msg="Invoking: image-rotate-go-6-qsrjta98697a39gl1f0d.default.192.168.1.240.sslip.io:80"
time="2024-05-30T02:40:57.010134853-06:00" level=debug msg="Invoked image-rotate-go-6-qsrjta98697a39gl1f0d.default.192.168.1.240.sslip.io in 7136808 usec\n"
time="2024-05-30T02:40:57.37435457-06:00" level=debug msg="Invoking: gptj-python-c5wwplkw538ully885fc.default.192.168.1.240.sslip.io:80"
time="2024-05-30T02:40:57.386739988-06:00" level=debug msg="Invoked gptj-python-c5wwplkw538ully885fc.default.192.168.1.240.sslip.io in 12397 usec\n"
time="2024-05-30T02:41:04.87710155-06:00" level=debug msg="Invoking: gptj-python-c5wwplkw538ully885fc.default.192.168.1.240.sslip.io:80"
time="2024-05-30T02:41:04.886253234-06:00" level=debug msg="Invoked gptj-python-c5wwplkw538ully885fc.default.192.168.1.240.sslip.io in 9162 usec\n"
time="2024-05-30T02:41:12.382166008-06:00" level=debug msg="Invoking: gptj-python-c5wwplkw538ully885fc.default.192.168.1.240.sslip.io:80"
time="2024-05-30T02:41:12.391645897-06:00" level=debug msg="Invoked gptj-python-c5wwplkw538ully885fc.default.192.168.1.240.sslip.io in 9489 usec\n"
time="2024-05-30T02:41:19.885103079-06:00" level=debug msg="Invoking: cartservice-5yiwnw4r3quwaex1di0o.default.192.168.1.240.sslip.io:80"
time="2024-05-30T02:41:19.913414906-06:00" level=debug msg="Invoked cartservice-5yiwnw4r3quwaex1di0o.default.192.168.1.240.sslip.io in 28324 usec\n"
time="2024-05-30T02:41:27.391241549-06:00" level=debug msg="Invoking: gptj-python-c5wwplkw538ully885fc.default.192.168.1.240.sslip.io:80"
time="2024-05-30T02:41:27.402951614-06:00" level=debug msg="Invoked gptj-python-c5wwplkw538ully885fc.default.192.168.1.240.sslip.io in 11701 usec\n"
time="2024-05-30T02:41:34.897107337-06:00" level=debug msg="Invoking: gptj-python-c5wwplkw538ully885fc.default.192.168.1.240.sslip.io:80"
time="2024-05-30T02:41:34.908287019-06:00" level=debug msg="Invoked gptj-python-c5wwplkw538ully885fc.default.192.168.1.240.sslip.io in 11183 usec\n"
time="2024-05-30T02:41:42.402189865-06:00" level=debug msg="Invoking: gptj-python-c5wwplkw538ully885fc.default.192.168.1.240.sslip.io:80"
time="2024-05-30T02:41:42.41243974-06:00" level=debug msg="Invoked gptj-python-c5wwplkw538ully885fc.default.192.168.1.240.sslip.io in 10255 usec\n"
time="2024-05-30T02:41:49.873125148-06:00" level=debug msg="Minute: 12"
time="2024-05-30T02:41:49.873256281-06:00" level=debug msg="Number of Invocations this iteration: 8"
time="2024-05-30T02:41:49.873343686-06:00" level=debug msg="Invoking: cartservice-5yiwnw4r3quwaex1di0o.default.192.168.1.240.sslip.io:80"
time="2024-05-30T02:41:49.885492633-06:00" level=debug msg="Invoked cartservice-5yiwnw4r3quwaex1di0o.default.192.168.1.240.sslip.io in 12143 usec\n"
time="2024-05-30T02:41:57.377114019-06:00" level=debug msg="Invoking: gptj-python-c5wwplkw538ully885fc.default.192.168.1.240.sslip.io:80"
time="2024-05-30T02:41:57.38718015-06:00" level=debug msg="Invoked gptj-python-c5wwplkw538ully885fc.default.192.168.1.240.sslip.io in 10075 usec\n"
time="2024-05-30T02:42:04.883554073-06:00" level=debug msg="Invoking: gptj-python-c5wwplkw538ully885fc.default.192.168.1.240.sslip.io:80"
time="2024-05-30T02:42:04.893992287-06:00" level=debug msg="Invoked gptj-python-c5wwplkw538ully885fc.default.192.168.1.240.sslip.io in 10443 usec\n"
time="2024-05-30T02:42:12.389868474-06:00" level=debug msg="Invoking: gptj-python-c5wwplkw538ully885fc.default.192.168.1.240.sslip.io:80"
time="2024-05-30T02:42:12.399203792-06:00" level=debug msg="Invoked gptj-python-c5wwplkw538ully885fc.default.192.168.1.240.sslip.io in 9340 usec\n"
time="2024-05-30T02:42:19.893136818-06:00" level=debug msg="Invoking: cartservice-5yiwnw4r3quwaex1di0o.default.192.168.1.240.sslip.io:80"
time="2024-05-30T02:42:19.905668482-06:00" level=debug msg="Invoked cartservice-5yiwnw4r3quwaex1di0o.default.192.168.1.240.sslip.io in 12540 usec\n"
time="2024-05-30T02:42:27.397796512-06:00" level=debug msg="Invoking: gptj-python-c5wwplkw538ully885fc.default.192.168.1.240.sslip.io:80"
time="2024-05-30T02:42:27.407487794-06:00" level=debug msg="Invoked gptj-python-c5wwplkw538ully885fc.default.192.168.1.240.sslip.io in 9701 usec\n"
time="2024-05-30T02:42:34.90377029-06:00" level=debug msg="Invoking: gptj-python-c5wwplkw538ully885fc.default.192.168.1.240.sslip.io:80"
time="2024-05-30T02:42:34.913407702-06:00" level=debug msg="Invoked gptj-python-c5wwplkw538ully885fc.default.192.168.1.240.sslip.io in 9644 usec\n"
time="2024-05-30T02:42:42.409128408-06:00" level=debug msg="Invoking: gptj-python-c5wwplkw538ully885fc.default.192.168.1.240.sslip.io:80"
time="2024-05-30T02:42:42.419025489-06:00" level=debug msg="Invoked gptj-python-c5wwplkw538ully885fc.default.192.168.1.240.sslip.io in 9907 usec\n"
time="2024-05-30T02:42:49.873166954-06:00" level=debug msg="Minute: 13"
time="2024-05-30T02:42:49.87326146-06:00" level=debug msg="Number of Invocations this iteration: 8"
time="2024-05-30T02:42:49.873355482-06:00" level=debug msg="Invoking: cartservice-5yiwnw4r3quwaex1di0o.default.192.168.1.240.sslip.io:80"
time="2024-05-30T02:42:49.888364838-06:00" level=debug msg="Invoked cartservice-5yiwnw4r3quwaex1di0o.default.192.168.1.240.sslip.io in 15007 usec\n"
time="2024-05-30T02:42:57.38077049-06:00" level=debug msg="Invoking: gptj-python-c5wwplkw538ully885fc.default.192.168.1.240.sslip.io:80"
time="2024-05-30T02:42:57.392715767-06:00" level=debug msg="Invoked gptj-python-c5wwplkw538ully885fc.default.192.168.1.240.sslip.io in 11959 usec\n"
time="2024-05-30T02:43:04.885394306-06:00" level=debug msg="Invoking: gptj-python-c5wwplkw538ully885fc.default.192.168.1.240.sslip.io:80"
time="2024-05-30T02:43:04.896542972-06:00" level=debug msg="Invoked gptj-python-c5wwplkw538ully885fc.default.192.168.1.240.sslip.io in 11151 usec\n"
time="2024-05-30T02:43:12.389179788-06:00" level=debug msg="Invoking: gptj-python-c5wwplkw538ully885fc.default.192.168.1.240.sslip.io:80"
time="2024-05-30T02:43:12.39924035-06:00" level=debug msg="Invoked gptj-python-c5wwplkw538ully885fc.default.192.168.1.240.sslip.io in 10070 usec\n"
time="2024-05-30T02:43:19.893141835-06:00" level=debug msg="Invoking: cartservice-5yiwnw4r3quwaex1di0o.default.192.168.1.240.sslip.io:80"
time="2024-05-30T02:43:19.905492439-06:00" level=debug msg="Invoked cartservice-5yiwnw4r3quwaex1di0o.default.192.168.1.240.sslip.io in 12359 usec\n"
time="2024-05-30T02:43:27.39894886-06:00" level=debug msg="Invoking: gptj-python-c5wwplkw538ully885fc.default.192.168.1.240.sslip.io:80"
time="2024-05-30T02:43:27.409793027-06:00" level=debug msg="Invoked gptj-python-c5wwplkw538ully885fc.default.192.168.1.240.sslip.io in 10846 usec\n"
time="2024-05-30T02:43:34.899420687-06:00" level=debug msg="Invoking: gptj-python-c5wwplkw538ully885fc.default.192.168.1.240.sslip.io:80"
time="2024-05-30T02:43:34.910875859-06:00" level=debug msg="Invoked gptj-python-c5wwplkw538ully885fc.default.192.168.1.240.sslip.io in 11520 usec\n"
time="2024-05-30T02:43:42.405142071-06:00" level=debug msg="Invoking: gptj-python-c5wwplkw538ully885fc.default.192.168.1.240.sslip.io:80"
time="2024-05-30T02:43:42.415431199-06:00" level=debug msg="Invoked gptj-python-c5wwplkw538ully885fc.default.192.168.1.240.sslip.io in 10293 usec\n"
time="2024-05-30T02:43:49.873265782-06:00" level=info msg="Experiment Phase Completed"
time="2024-05-30T02:43:49.873407901-06:00" level=info msg="Issued / completed requests: 112, 112"
time="2024-05-30T02:43:49.873444785-06:00" level=info msg="Average Real RPS: 0.13 "
time="2024-05-30T02:43:49.873470642-06:00" level=info msg="Experiment finished!"
time="2024-05-30T02:43:49.873497041-06:00" level=info msg="The measured latencies are saved in rps_lat.csv"
