time="2024-05-30T01:55:44.314909074-06:00" level=debug msg="Debug logging is enabled"
time="2024-05-30T01:55:44.315098542-06:00" level=info msg="Reading the trace endpoints from the file: /users/ArunAMS/vSwarm/tools/load-generator/load.json"
time="2024-05-30T01:55:44.316811462-06:00" level=info msg="Warmup Duration: 3"
time="2024-05-30T01:55:44.31684248-06:00" level=info msg="Experiment Duration: 11"
time="2024-05-30T01:55:44.316867208-06:00" level=info msg="Minute Granularity: true"
time="2024-05-30T01:56:44.373687732-06:00" level=info msg="Running Warmup Phase"
time="2024-05-30T01:56:44.373766977-06:00" level=debug msg="Minute: 0"
time="2024-05-30T01:56:44.373847878-06:00" level=debug msg="Number of Invocations this iteration: 8"
time="2024-05-30T01:56:44.373958253-06:00" level=debug msg="Invoking: cartservice-kd5pyggyz5tr9jp7k8ws.default.192.168.1.240.sslip.io:80"
time="2024-05-30T01:56:51.874820329-06:00" level=debug msg="Invoking: gptj-python-9pxorshgg1admpou4gjh.default.192.168.1.240.sslip.io:80"
time="2024-05-30T01:56:59.381753829-06:00" level=debug msg="Invoking: gptj-python-9pxorshgg1admpou4gjh.default.192.168.1.240.sslip.io:80"
time="2024-05-30T01:57:06.885935142-06:00" level=debug msg="Invoking: gptj-python-9pxorshgg1admpou4gjh.default.192.168.1.240.sslip.io:80"
time="2024-05-30T01:57:14.38967512-06:00" level=debug msg="Invoking: cartservice-kd5pyggyz5tr9jp7k8ws.default.192.168.1.240.sslip.io:80"
time="2024-05-30T01:57:21.893680094-06:00" level=debug msg="Invoking: gptj-python-9pxorshgg1admpou4gjh.default.192.168.1.240.sslip.io:80"
time="2024-05-30T01:57:29.400078213-06:00" level=debug msg="Invoking: gptj-python-9pxorshgg1admpou4gjh.default.192.168.1.240.sslip.io:80"
time="2024-05-30T01:57:36.905655744-06:00" level=debug msg="Invoking: gptj-python-9pxorshgg1admpou4gjh.default.192.168.1.240.sslip.io:80"
time="2024-05-30T01:57:44.321704325-06:00" level=debug msg="Minute: 1"
time="2024-05-30T01:57:44.3218015-06:00" level=debug msg="Number of Invocations this iteration: 8"
time="2024-05-30T01:57:44.321930112-06:00" level=debug msg="Invoking: image-rotate-go-6-ybnum7ydh6avyhot1z20.default.192.168.1.240.sslip.io:80"
time="2024-05-30T01:57:51.826338004-06:00" level=debug msg="Invoking: gptj-python-9pxorshgg1admpou4gjh.default.192.168.1.240.sslip.io:80"
time="2024-05-30T01:57:59.326826671-06:00" level=debug msg="Invoking: gptj-python-9pxorshgg1admpou4gjh.default.192.168.1.240.sslip.io:80"
time="2024-05-30T01:58:06.829731496-06:00" level=debug msg="Invoking: gptj-python-9pxorshgg1admpou4gjh.default.192.168.1.240.sslip.io:80"
time="2024-05-30T01:58:14.333737601-06:00" level=debug msg="Invoking: cartservice-kd5pyggyz5tr9jp7k8ws.default.192.168.1.240.sslip.io:80"
time="2024-05-30T01:58:21.840640066-06:00" level=debug msg="Invoking: gptj-python-9pxorshgg1admpou4gjh.default.192.168.1.240.sslip.io:80"
time="2024-05-30T01:58:29.346820417-06:00" level=debug msg="Invoking: gptj-python-9pxorshgg1admpou4gjh.default.192.168.1.240.sslip.io:80"
time="2024-05-30T01:58:36.853745666-06:00" level=debug msg="Invoking: gptj-python-9pxorshgg1admpou4gjh.default.192.168.1.240.sslip.io:80"
time="2024-05-30T01:58:44.320619668-06:00" level=debug msg="Minute: 2"
time="2024-05-30T01:58:44.320720225-06:00" level=debug msg="Number of Invocations this iteration: 8"
time="2024-05-30T01:58:44.320865897-06:00" level=debug msg="Invoking: cartservice-kd5pyggyz5tr9jp7k8ws.default.192.168.1.240.sslip.io:80"
time="2024-05-30T01:58:51.825741834-06:00" level=debug msg="Invoking: gptj-python-9pxorshgg1admpou4gjh.default.192.168.1.240.sslip.io:80"
time="2024-05-30T01:58:59.329749298-06:00" level=debug msg="Invoking: gptj-python-9pxorshgg1admpou4gjh.default.192.168.1.240.sslip.io:80"
time="2024-05-30T01:59:06.833696935-06:00" level=debug msg="Invoking: gptj-python-9pxorshgg1admpou4gjh.default.192.168.1.240.sslip.io:80"
time="2024-05-30T01:59:14.337696115-06:00" level=debug msg="Invoking: cartservice-kd5pyggyz5tr9jp7k8ws.default.192.168.1.240.sslip.io:80"
time="2024-05-30T01:59:21.841705729-06:00" level=debug msg="Invoking: gptj-python-9pxorshgg1admpou4gjh.default.192.168.1.240.sslip.io:80"
time="2024-05-30T01:59:29.345748711-06:00" level=debug msg="Invoking: gptj-python-9pxorshgg1admpou4gjh.default.192.168.1.240.sslip.io:80"
time="2024-05-30T01:59:36.84977288-06:00" level=debug msg="Invoking: gptj-python-9pxorshgg1admpou4gjh.default.192.168.1.240.sslip.io:80"
time="2024-05-30T01:59:44.321690694-06:00" level=info msg="Warmup Phase Completed"
time="2024-05-30T01:59:44.321769999-06:00" level=info msg="Running Experiment Phase"
time="2024-05-30T01:59:44.321801549-06:00" level=debug msg="Minute: 3"
time="2024-05-30T01:59:44.321844679-06:00" level=debug msg="Number of Invocations this iteration: 8"
time="2024-05-30T01:59:44.321934814-06:00" level=debug msg="Invoking: cartservice-kd5pyggyz5tr9jp7k8ws.default.192.168.1.240.sslip.io:80"
time="2024-05-30T01:59:44.334475912-06:00" level=debug msg="Invoked cartservice-kd5pyggyz5tr9jp7k8ws.default.192.168.1.240.sslip.io in 12538 usec\n"
time="2024-05-30T01:59:51.826511331-06:00" level=debug msg="Invoking: gptj-python-9pxorshgg1admpou4gjh.default.192.168.1.240.sslip.io:80"
time="2024-05-30T01:59:51.837082493-06:00" level=debug msg="Invoked gptj-python-9pxorshgg1admpou4gjh.default.192.168.1.240.sslip.io in 10583 usec\n"
time="2024-05-30T01:59:59.330522558-06:00" level=debug msg="Invoking: gptj-python-9pxorshgg1admpou4gjh.default.192.168.1.240.sslip.io:80"
time="2024-05-30T01:59:59.340936067-06:00" level=debug msg="Invoked gptj-python-9pxorshgg1admpou4gjh.default.192.168.1.240.sslip.io in 10444 usec\n"
time="2024-05-30T02:00:06.833952945-06:00" level=debug msg="Invoking: gptj-python-9pxorshgg1admpou4gjh.default.192.168.1.240.sslip.io:80"
time="2024-05-30T02:00:06.844589769-06:00" level=debug msg="Invoked gptj-python-9pxorshgg1admpou4gjh.default.192.168.1.240.sslip.io in 10648 usec\n"
time="2024-05-30T02:00:14.336686973-06:00" level=debug msg="Invoking: cartservice-kd5pyggyz5tr9jp7k8ws.default.192.168.1.240.sslip.io:80"
time="2024-05-30T02:00:14.351980169-06:00" level=debug msg="Invoked cartservice-kd5pyggyz5tr9jp7k8ws.default.192.168.1.240.sslip.io in 15299 usec\n"
time="2024-05-30T02:00:21.842667555-06:00" level=debug msg="Invoking: gptj-python-9pxorshgg1admpou4gjh.default.192.168.1.240.sslip.io:80"
time="2024-05-30T02:00:21.853666727-06:00" level=debug msg="Invoked gptj-python-9pxorshgg1admpou4gjh.default.192.168.1.240.sslip.io in 11006 usec\n"
time="2024-05-30T02:00:29.349685252-06:00" level=debug msg="Invoking: gptj-python-9pxorshgg1admpou4gjh.default.192.168.1.240.sslip.io:80"
time="2024-05-30T02:00:29.360372195-06:00" level=debug msg="Invoked gptj-python-9pxorshgg1admpou4gjh.default.192.168.1.240.sslip.io in 10694 usec\n"
time="2024-05-30T02:00:36.853694166-06:00" level=debug msg="Invoking: gptj-python-9pxorshgg1admpou4gjh.default.192.168.1.240.sslip.io:80"
time="2024-05-30T02:00:36.863679817-06:00" level=debug msg="Invoked gptj-python-9pxorshgg1admpou4gjh.default.192.168.1.240.sslip.io in 9990 usec\n"
time="2024-05-30T02:00:44.321724532-06:00" level=debug msg="Minute: 4"
time="2024-05-30T02:00:44.321818122-06:00" level=debug msg="Number of Invocations this iteration: 8"
time="2024-05-30T02:00:44.321916695-06:00" level=debug msg="Invoking: rnn-serving-python-10-10-5788qtb29qr3qkmv4j6u.default.192.168.1.240.sslip.io:80"
time="2024-05-30T02:00:51.82572681-06:00" level=debug msg="Invoking: gptj-python-9pxorshgg1admpou4gjh.default.192.168.1.240.sslip.io:80"
time="2024-05-30T02:00:51.837092986-06:00" level=debug msg="Invoked gptj-python-9pxorshgg1admpou4gjh.default.192.168.1.240.sslip.io in 11379 usec\n"
time="2024-05-30T02:00:54.967126289-06:00" level=debug msg="Invoked rnn-serving-python-10-10-5788qtb29qr3qkmv4j6u.default.192.168.1.240.sslip.io in 10645211 usec\n"
time="2024-05-30T02:00:59.325847093-06:00" level=debug msg="Invoking: gptj-python-9pxorshgg1admpou4gjh.default.192.168.1.240.sslip.io:80"
time="2024-05-30T02:00:59.336393099-06:00" level=debug msg="Invoked gptj-python-9pxorshgg1admpou4gjh.default.192.168.1.240.sslip.io in 10552 usec\n"
time="2024-05-30T02:01:06.830069338-06:00" level=debug msg="Invoking: gptj-python-9pxorshgg1admpou4gjh.default.192.168.1.240.sslip.io:80"
time="2024-05-30T02:01:06.840675684-06:00" level=debug msg="Invoked gptj-python-9pxorshgg1admpou4gjh.default.192.168.1.240.sslip.io in 10615 usec\n"
time="2024-05-30T02:01:14.336421045-06:00" level=debug msg="Invoking: cartservice-kd5pyggyz5tr9jp7k8ws.default.192.168.1.240.sslip.io:80"
time="2024-05-30T02:01:14.348890991-06:00" level=debug msg="Invoked cartservice-kd5pyggyz5tr9jp7k8ws.default.192.168.1.240.sslip.io in 12482 usec\n"
time="2024-05-30T02:01:21.84214778-06:00" level=debug msg="Invoking: gptj-python-9pxorshgg1admpou4gjh.default.192.168.1.240.sslip.io:80"
time="2024-05-30T02:01:21.852928646-06:00" level=debug msg="Invoked gptj-python-9pxorshgg1admpou4gjh.default.192.168.1.240.sslip.io in 10792 usec\n"
time="2024-05-30T02:01:29.345737786-06:00" level=debug msg="Invoking: gptj-python-9pxorshgg1admpou4gjh.default.192.168.1.240.sslip.io:80"
time="2024-05-30T02:01:29.357167303-06:00" level=debug msg="Invoked gptj-python-9pxorshgg1admpou4gjh.default.192.168.1.240.sslip.io in 11443 usec\n"
time="2024-05-30T02:01:36.84969435-06:00" level=debug msg="Invoking: gptj-python-9pxorshgg1admpou4gjh.default.192.168.1.240.sslip.io:80"
time="2024-05-30T02:01:36.860961057-06:00" level=debug msg="Invoked gptj-python-9pxorshgg1admpou4gjh.default.192.168.1.240.sslip.io in 11275 usec\n"
time="2024-05-30T02:01:44.324185858-06:00" level=debug msg="Minute: 5"
time="2024-05-30T02:01:44.324275591-06:00" level=debug msg="Number of Invocations this iteration: 8"
time="2024-05-30T02:01:44.324367698-06:00" level=debug msg="Invoking: cartservice-kd5pyggyz5tr9jp7k8ws.default.192.168.1.240.sslip.io:80"
time="2024-05-30T02:01:44.338593495-06:00" level=debug msg="Invoked cartservice-kd5pyggyz5tr9jp7k8ws.default.192.168.1.240.sslip.io in 14223 usec\n"
time="2024-05-30T02:01:51.829747777-06:00" level=debug msg="Invoking: gptj-python-9pxorshgg1admpou4gjh.default.192.168.1.240.sslip.io:80"
time="2024-05-30T02:01:51.840650366-06:00" level=debug msg="Invoked gptj-python-9pxorshgg1admpou4gjh.default.192.168.1.240.sslip.io in 10913 usec\n"
time="2024-05-30T02:01:59.334309809-06:00" level=debug msg="Invoking: gptj-python-9pxorshgg1admpou4gjh.default.192.168.1.240.sslip.io:80"
time="2024-05-30T02:01:59.344096157-06:00" level=debug msg="Invoked gptj-python-9pxorshgg1admpou4gjh.default.192.168.1.240.sslip.io in 9798 usec\n"
time="2024-05-30T02:02:06.837728979-06:00" level=debug msg="Invoking: gptj-python-9pxorshgg1admpou4gjh.default.192.168.1.240.sslip.io:80"
time="2024-05-30T02:02:06.97532626-06:00" level=debug msg="Invoked gptj-python-9pxorshgg1admpou4gjh.default.192.168.1.240.sslip.io in 137608 usec\n"
time="2024-05-30T02:02:14.338375914-06:00" level=debug msg="Invoking: cartservice-kd5pyggyz5tr9jp7k8ws.default.192.168.1.240.sslip.io:80"
time="2024-05-30T02:02:14.351786357-06:00" level=debug msg="Invoked cartservice-kd5pyggyz5tr9jp7k8ws.default.192.168.1.240.sslip.io in 13814 usec\n"
time="2024-05-30T02:02:21.840291253-06:00" level=debug msg="Invoking: gptj-python-9pxorshgg1admpou4gjh.default.192.168.1.240.sslip.io:80"
time="2024-05-30T02:02:21.850550994-06:00" level=debug msg="Invoked gptj-python-9pxorshgg1admpou4gjh.default.192.168.1.240.sslip.io in 10345 usec\n"
time="2024-05-30T02:02:29.34581984-06:00" level=debug msg="Invoking: gptj-python-9pxorshgg1admpou4gjh.default.192.168.1.240.sslip.io:80"
time="2024-05-30T02:02:29.356333321-06:00" level=debug msg="Invoked gptj-python-9pxorshgg1admpou4gjh.default.192.168.1.240.sslip.io in 10541 usec\n"
time="2024-05-30T02:02:36.852939439-06:00" level=debug msg="Invoking: gptj-python-9pxorshgg1admpou4gjh.default.192.168.1.240.sslip.io:80"
time="2024-05-30T02:02:36.863347139-06:00" level=debug msg="Invoked gptj-python-9pxorshgg1admpou4gjh.default.192.168.1.240.sslip.io in 10419 usec\n"
time="2024-05-30T02:02:44.323425353-06:00" level=debug msg="Minute: 6"
time="2024-05-30T02:02:44.323527009-06:00" level=debug msg="Number of Invocations this iteration: 8"
time="2024-05-30T02:02:44.323620537-06:00" level=debug msg="Invoking: image-rotate-go-6-ybnum7ydh6avyhot1z20.default.192.168.1.240.sslip.io:80"
time="2024-05-30T02:02:51.439582372-06:00" level=debug msg="Invoked image-rotate-go-6-ybnum7ydh6avyhot1z20.default.192.168.1.240.sslip.io in 7115960 usec\n"
time="2024-05-30T02:02:51.824702639-06:00" level=debug msg="Invoking: gptj-python-9pxorshgg1admpou4gjh.default.192.168.1.240.sslip.io:80"
time="2024-05-30T02:02:51.835454067-06:00" level=debug msg="Invoked gptj-python-9pxorshgg1admpou4gjh.default.192.168.1.240.sslip.io in 10784 usec\n"
time="2024-05-30T02:02:59.331449457-06:00" level=debug msg="Invoking: gptj-python-9pxorshgg1admpou4gjh.default.192.168.1.240.sslip.io:80"
time="2024-05-30T02:02:59.341948393-06:00" level=debug msg="Invoked gptj-python-9pxorshgg1admpou4gjh.default.192.168.1.240.sslip.io in 10505 usec\n"
time="2024-05-30T02:03:06.83772257-06:00" level=debug msg="Invoking: gptj-python-9pxorshgg1admpou4gjh.default.192.168.1.240.sslip.io:80"
time="2024-05-30T02:03:06.848573981-06:00" level=debug msg="Invoked gptj-python-9pxorshgg1admpou4gjh.default.192.168.1.240.sslip.io in 10864 usec\n"
time="2024-05-30T02:03:14.341748553-06:00" level=debug msg="Invoking: cartservice-kd5pyggyz5tr9jp7k8ws.default.192.168.1.240.sslip.io:80"
time="2024-05-30T02:03:14.356637165-06:00" level=debug msg="Invoked cartservice-kd5pyggyz5tr9jp7k8ws.default.192.168.1.240.sslip.io in 14880 usec\n"
time="2024-05-30T02:03:21.845663735-06:00" level=debug msg="Invoking: gptj-python-9pxorshgg1admpou4gjh.default.192.168.1.240.sslip.io:80"
time="2024-05-30T02:03:21.856132587-06:00" level=debug msg="Invoked gptj-python-9pxorshgg1admpou4gjh.default.192.168.1.240.sslip.io in 10476 usec\n"
time="2024-05-30T02:03:29.349766104-06:00" level=debug msg="Invoking: gptj-python-9pxorshgg1admpou4gjh.default.192.168.1.240.sslip.io:80"
time="2024-05-30T02:03:29.362018705-06:00" level=debug msg="Invoked gptj-python-9pxorshgg1admpou4gjh.default.192.168.1.240.sslip.io in 12264 usec\n"
time="2024-05-30T02:03:36.85531102-06:00" level=debug msg="Invoking: gptj-python-9pxorshgg1admpou4gjh.default.192.168.1.240.sslip.io:80"
time="2024-05-30T02:03:36.865659271-06:00" level=debug msg="Invoked gptj-python-9pxorshgg1admpou4gjh.default.192.168.1.240.sslip.io in 10359 usec\n"
time="2024-05-30T02:03:44.321747198-06:00" level=debug msg="Minute: 7"
time="2024-05-30T02:03:44.321853826-06:00" level=debug msg="Number of Invocations this iteration: 8"
time="2024-05-30T02:03:44.321949098-06:00" level=debug msg="Invoking: cartservice-kd5pyggyz5tr9jp7k8ws.default.192.168.1.240.sslip.io:80"
time="2024-05-30T02:03:44.336520404-06:00" level=debug msg="Invoked cartservice-kd5pyggyz5tr9jp7k8ws.default.192.168.1.240.sslip.io in 14569 usec\n"
time="2024-05-30T02:03:51.825812805-06:00" level=debug msg="Invoking: gptj-python-9pxorshgg1admpou4gjh.default.192.168.1.240.sslip.io:80"
time="2024-05-30T02:03:51.835815419-06:00" level=debug msg="Invoked gptj-python-9pxorshgg1admpou4gjh.default.192.168.1.240.sslip.io in 10012 usec\n"
time="2024-05-30T02:03:59.333278342-06:00" level=debug msg="Invoking: gptj-python-9pxorshgg1admpou4gjh.default.192.168.1.240.sslip.io:80"
time="2024-05-30T02:03:59.343894733-06:00" level=debug msg="Invoked gptj-python-9pxorshgg1admpou4gjh.default.192.168.1.240.sslip.io in 10628 usec\n"
time="2024-05-30T02:04:06.837740524-06:00" level=debug msg="Invoking: gptj-python-9pxorshgg1admpou4gjh.default.192.168.1.240.sslip.io:80"
time="2024-05-30T02:04:06.848074594-06:00" level=debug msg="Invoked gptj-python-9pxorshgg1admpou4gjh.default.192.168.1.240.sslip.io in 10346 usec\n"
time="2024-05-30T02:04:14.341464445-06:00" level=debug msg="Invoking: cartservice-kd5pyggyz5tr9jp7k8ws.default.192.168.1.240.sslip.io:80"
time="2024-05-30T02:04:14.353657247-06:00" level=debug msg="Invoked cartservice-kd5pyggyz5tr9jp7k8ws.default.192.168.1.240.sslip.io in 12896 usec\n"
time="2024-05-30T02:04:21.845761323-06:00" level=debug msg="Invoking: gptj-python-9pxorshgg1admpou4gjh.default.192.168.1.240.sslip.io:80"
time="2024-05-30T02:04:21.858359777-06:00" level=debug msg="Invoked gptj-python-9pxorshgg1admpou4gjh.default.192.168.1.240.sslip.io in 12609 usec\n"
time="2024-05-30T02:04:29.349743754-06:00" level=debug msg="Invoking: gptj-python-9pxorshgg1admpou4gjh.default.192.168.1.240.sslip.io:80"
time="2024-05-30T02:04:29.360365446-06:00" level=debug msg="Invoked gptj-python-9pxorshgg1admpou4gjh.default.192.168.1.240.sslip.io in 10635 usec\n"
time="2024-05-30T02:04:36.850927282-06:00" level=debug msg="Invoking: gptj-python-9pxorshgg1admpou4gjh.default.192.168.1.240.sslip.io:80"
time="2024-05-30T02:04:36.861212735-06:00" level=debug msg="Invoked gptj-python-9pxorshgg1admpou4gjh.default.192.168.1.240.sslip.io in 10321 usec\n"
time="2024-05-30T02:04:44.32172993-06:00" level=debug msg="Minute: 8"
time="2024-05-30T02:04:44.321871636-06:00" level=debug msg="Number of Invocations this iteration: 8"
time="2024-05-30T02:04:44.321955392-06:00" level=debug msg="Invoking: cartservice-kd5pyggyz5tr9jp7k8ws.default.192.168.1.240.sslip.io:80"
time="2024-05-30T02:04:44.335119002-06:00" level=debug msg="Invoked cartservice-kd5pyggyz5tr9jp7k8ws.default.192.168.1.240.sslip.io in 13161 usec\n"
time="2024-05-30T02:04:51.825659122-06:00" level=debug msg="Invoking: gptj-python-9pxorshgg1admpou4gjh.default.192.168.1.240.sslip.io:80"
time="2024-05-30T02:04:51.835887619-06:00" level=debug msg="Invoked gptj-python-9pxorshgg1admpou4gjh.default.192.168.1.240.sslip.io in 10249 usec\n"
time="2024-05-30T02:04:59.329749369-06:00" level=debug msg="Invoking: gptj-python-9pxorshgg1admpou4gjh.default.192.168.1.240.sslip.io:80"
time="2024-05-30T02:04:59.340784369-06:00" level=debug msg="Invoked gptj-python-9pxorshgg1admpou4gjh.default.192.168.1.240.sslip.io in 11050 usec\n"
time="2024-05-30T02:05:06.833718196-06:00" level=debug msg="Invoking: gptj-python-9pxorshgg1admpou4gjh.default.192.168.1.240.sslip.io:80"
time="2024-05-30T02:05:06.844137557-06:00" level=debug msg="Invoked gptj-python-9pxorshgg1admpou4gjh.default.192.168.1.240.sslip.io in 10427 usec\n"
time="2024-05-30T02:05:14.338063531-06:00" level=debug msg="Invoking: cartservice-kd5pyggyz5tr9jp7k8ws.default.192.168.1.240.sslip.io:80"
time="2024-05-30T02:05:14.349250733-06:00" level=debug msg="Invoked cartservice-kd5pyggyz5tr9jp7k8ws.default.192.168.1.240.sslip.io in 11198 usec\n"
time="2024-05-30T02:05:21.841673113-06:00" level=debug msg="Invoking: gptj-python-9pxorshgg1admpou4gjh.default.192.168.1.240.sslip.io:80"
time="2024-05-30T02:05:21.852125236-06:00" level=debug msg="Invoked gptj-python-9pxorshgg1admpou4gjh.default.192.168.1.240.sslip.io in 10464 usec\n"
time="2024-05-30T02:05:29.345728873-06:00" level=debug msg="Invoking: gptj-python-9pxorshgg1admpou4gjh.default.192.168.1.240.sslip.io:80"
time="2024-05-30T02:05:29.360444869-06:00" level=debug msg="Invoked gptj-python-9pxorshgg1admpou4gjh.default.192.168.1.240.sslip.io in 14752 usec\n"
time="2024-05-30T02:05:36.852646317-06:00" level=debug msg="Invoking: gptj-python-9pxorshgg1admpou4gjh.default.192.168.1.240.sslip.io:80"
time="2024-05-30T02:05:36.863580167-06:00" level=debug msg="Invoked gptj-python-9pxorshgg1admpou4gjh.default.192.168.1.240.sslip.io in 10945 usec\n"
time="2024-05-30T02:05:44.321734731-06:00" level=debug msg="Minute: 9"
time="2024-05-30T02:05:44.321837382-06:00" level=debug msg="Number of Invocations this iteration: 8"
time="2024-05-30T02:05:44.321922068-06:00" level=debug msg="Invoking: cartservice-kd5pyggyz5tr9jp7k8ws.default.192.168.1.240.sslip.io:80"
time="2024-05-30T02:05:44.337882041-06:00" level=debug msg="Invoked cartservice-kd5pyggyz5tr9jp7k8ws.default.192.168.1.240.sslip.io in 15957 usec\n"
time="2024-05-30T02:05:51.825684632-06:00" level=debug msg="Invoking: gptj-python-9pxorshgg1admpou4gjh.default.192.168.1.240.sslip.io:80"
time="2024-05-30T02:05:51.836504464-06:00" level=debug msg="Invoked gptj-python-9pxorshgg1admpou4gjh.default.192.168.1.240.sslip.io in 10832 usec\n"
time="2024-05-30T02:05:59.329771369-06:00" level=debug msg="Invoking: gptj-python-9pxorshgg1admpou4gjh.default.192.168.1.240.sslip.io:80"
time="2024-05-30T02:05:59.339929696-06:00" level=debug msg="Invoked gptj-python-9pxorshgg1admpou4gjh.default.192.168.1.240.sslip.io in 10213 usec\n"
time="2024-05-30T02:06:06.833740353-06:00" level=debug msg="Invoking: gptj-python-9pxorshgg1admpou4gjh.default.192.168.1.240.sslip.io:80"
time="2024-05-30T02:06:06.844716946-06:00" level=debug msg="Invoked gptj-python-9pxorshgg1admpou4gjh.default.192.168.1.240.sslip.io in 10989 usec\n"
time="2024-05-30T02:06:14.341035133-06:00" level=debug msg="Invoking: cartservice-kd5pyggyz5tr9jp7k8ws.default.192.168.1.240.sslip.io:80"
time="2024-05-30T02:06:14.35598367-06:00" level=debug msg="Invoked cartservice-kd5pyggyz5tr9jp7k8ws.default.192.168.1.240.sslip.io in 14954 usec\n"
time="2024-05-30T02:06:21.846201171-06:00" level=debug msg="Invoking: gptj-python-9pxorshgg1admpou4gjh.default.192.168.1.240.sslip.io:80"
time="2024-05-30T02:06:21.856473496-06:00" level=debug msg="Invoked gptj-python-9pxorshgg1admpou4gjh.default.192.168.1.240.sslip.io in 10289 usec\n"
time="2024-05-30T02:06:29.349729138-06:00" level=debug msg="Invoking: gptj-python-9pxorshgg1admpou4gjh.default.192.168.1.240.sslip.io:80"
time="2024-05-30T02:06:29.36036836-06:00" level=debug msg="Invoked gptj-python-9pxorshgg1admpou4gjh.default.192.168.1.240.sslip.io in 10651 usec\n"
time="2024-05-30T02:06:36.853752227-06:00" level=debug msg="Invoking: gptj-python-9pxorshgg1admpou4gjh.default.192.168.1.240.sslip.io:80"
time="2024-05-30T02:06:36.865036375-06:00" level=debug msg="Invoked gptj-python-9pxorshgg1admpou4gjh.default.192.168.1.240.sslip.io in 11317 usec\n"
time="2024-05-30T02:06:44.321720432-06:00" level=debug msg="Minute: 10"
time="2024-05-30T02:06:44.321873611-06:00" level=debug msg="Number of Invocations this iteration: 8"
time="2024-05-30T02:06:44.321961862-06:00" level=debug msg="Invoking: rnn-serving-python-10-10-5788qtb29qr3qkmv4j6u.default.192.168.1.240.sslip.io:80"
time="2024-05-30T02:06:51.82572439-06:00" level=debug msg="Invoking: gptj-python-9pxorshgg1admpou4gjh.default.192.168.1.240.sslip.io:80"
time="2024-05-30T02:06:51.835938235-06:00" level=debug msg="Invoked gptj-python-9pxorshgg1admpou4gjh.default.192.168.1.240.sslip.io in 10225 usec\n"
time="2024-05-30T02:06:54.983956107-06:00" level=debug msg="Invoked rnn-serving-python-10-10-5788qtb29qr3qkmv4j6u.default.192.168.1.240.sslip.io in 10661996 usec\n"
time="2024-05-30T02:06:59.325762415-06:00" level=debug msg="Invoking: gptj-python-9pxorshgg1admpou4gjh.default.192.168.1.240.sslip.io:80"
time="2024-05-30T02:06:59.336193446-06:00" level=debug msg="Invoked gptj-python-9pxorshgg1admpou4gjh.default.192.168.1.240.sslip.io in 10443 usec\n"
time="2024-05-30T02:07:06.829761444-06:00" level=debug msg="Invoking: gptj-python-9pxorshgg1admpou4gjh.default.192.168.1.240.sslip.io:80"
time="2024-05-30T02:07:06.840780891-06:00" level=debug msg="Invoked gptj-python-9pxorshgg1admpou4gjh.default.192.168.1.240.sslip.io in 11031 usec\n"
time="2024-05-30T02:07:14.333673685-06:00" level=debug msg="Invoking: cartservice-kd5pyggyz5tr9jp7k8ws.default.192.168.1.240.sslip.io:80"
time="2024-05-30T02:07:14.34611494-06:00" level=debug msg="Invoked cartservice-kd5pyggyz5tr9jp7k8ws.default.192.168.1.240.sslip.io in 12453 usec\n"
time="2024-05-30T02:07:21.837697552-06:00" level=debug msg="Invoking: gptj-python-9pxorshgg1admpou4gjh.default.192.168.1.240.sslip.io:80"
time="2024-05-30T02:07:21.848711687-06:00" level=debug msg="Invoked gptj-python-9pxorshgg1admpou4gjh.default.192.168.1.240.sslip.io in 11050 usec\n"
time="2024-05-30T02:07:29.341759585-06:00" level=debug msg="Invoking: gptj-python-9pxorshgg1admpou4gjh.default.192.168.1.240.sslip.io:80"
time="2024-05-30T02:07:29.353451316-06:00" level=debug msg="Invoked gptj-python-9pxorshgg1admpou4gjh.default.192.168.1.240.sslip.io in 11703 usec\n"
time="2024-05-30T02:07:36.846181419-06:00" level=debug msg="Invoking: gptj-python-9pxorshgg1admpou4gjh.default.192.168.1.240.sslip.io:80"
time="2024-05-30T02:07:36.85730152-06:00" level=debug msg="Invoked gptj-python-9pxorshgg1admpou4gjh.default.192.168.1.240.sslip.io in 11131 usec\n"
time="2024-05-30T02:07:44.321722507-06:00" level=debug msg="Minute: 11"
time="2024-05-30T02:07:44.321819332-06:00" level=debug msg="Number of Invocations this iteration: 8"
time="2024-05-30T02:07:44.321913021-06:00" level=debug msg="Invoking: image-rotate-go-6-ybnum7ydh6avyhot1z20.default.192.168.1.240.sslip.io:80"
time="2024-05-30T02:07:51.52005085-06:00" level=debug msg="Invoked image-rotate-go-6-ybnum7ydh6avyhot1z20.default.192.168.1.240.sslip.io in 7198135 usec\n"
time="2024-05-30T02:07:51.822275377-06:00" level=debug msg="Invoking: gptj-python-9pxorshgg1admpou4gjh.default.192.168.1.240.sslip.io:80"
time="2024-05-30T02:07:51.833268021-06:00" level=debug msg="Invoked gptj-python-9pxorshgg1admpou4gjh.default.192.168.1.240.sslip.io in 11004 usec\n"
time="2024-05-30T02:07:59.325671613-06:00" level=debug msg="Invoking: gptj-python-9pxorshgg1admpou4gjh.default.192.168.1.240.sslip.io:80"
time="2024-05-30T02:07:59.336084961-06:00" level=debug msg="Invoked gptj-python-9pxorshgg1admpou4gjh.default.192.168.1.240.sslip.io in 10425 usec\n"
time="2024-05-30T02:08:06.830012642-06:00" level=debug msg="Invoking: gptj-python-9pxorshgg1admpou4gjh.default.192.168.1.240.sslip.io:80"
time="2024-05-30T02:08:06.840483539-06:00" level=debug msg="Invoked gptj-python-9pxorshgg1admpou4gjh.default.192.168.1.240.sslip.io in 10482 usec\n"
time="2024-05-30T02:08:14.333689971-06:00" level=debug msg="Invoking: cartservice-kd5pyggyz5tr9jp7k8ws.default.192.168.1.240.sslip.io:80"
time="2024-05-30T02:08:14.347518679-06:00" level=debug msg="Invoked cartservice-kd5pyggyz5tr9jp7k8ws.default.192.168.1.240.sslip.io in 13828 usec\n"
time="2024-05-30T02:08:21.840078156-06:00" level=debug msg="Invoking: gptj-python-9pxorshgg1admpou4gjh.default.192.168.1.240.sslip.io:80"
time="2024-05-30T02:08:21.851043677-06:00" level=debug msg="Invoked gptj-python-9pxorshgg1admpou4gjh.default.192.168.1.240.sslip.io in 10976 usec\n"
time="2024-05-30T02:08:29.345896604-06:00" level=debug msg="Invoking: gptj-python-9pxorshgg1admpou4gjh.default.192.168.1.240.sslip.io:80"
time="2024-05-30T02:08:29.356393323-06:00" level=debug msg="Invoked gptj-python-9pxorshgg1admpou4gjh.default.192.168.1.240.sslip.io in 10505 usec\n"
time="2024-05-30T02:08:36.849752821-06:00" level=debug msg="Invoking: gptj-python-9pxorshgg1admpou4gjh.default.192.168.1.240.sslip.io:80"
time="2024-05-30T02:08:36.860587636-06:00" level=debug msg="Invoked gptj-python-9pxorshgg1admpou4gjh.default.192.168.1.240.sslip.io in 10845 usec\n"
time="2024-05-30T02:08:44.321662417-06:00" level=debug msg="Minute: 12"
time="2024-05-30T02:08:44.32178855-06:00" level=debug msg="Number of Invocations this iteration: 8"
time="2024-05-30T02:08:44.321854901-06:00" level=debug msg="Invoking: cartservice-kd5pyggyz5tr9jp7k8ws.default.192.168.1.240.sslip.io:80"
time="2024-05-30T02:08:44.3348383-06:00" level=debug msg="Invoked cartservice-kd5pyggyz5tr9jp7k8ws.default.192.168.1.240.sslip.io in 12978 usec\n"
time="2024-05-30T02:08:51.825784944-06:00" level=debug msg="Invoking: gptj-python-9pxorshgg1admpou4gjh.default.192.168.1.240.sslip.io:80"
time="2024-05-30T02:08:51.84221363-06:00" level=debug msg="Invoked gptj-python-9pxorshgg1admpou4gjh.default.192.168.1.240.sslip.io in 16438 usec\n"
time="2024-05-30T02:08:59.332678378-06:00" level=debug msg="Invoking: gptj-python-9pxorshgg1admpou4gjh.default.192.168.1.240.sslip.io:80"
time="2024-05-30T02:08:59.343354332-06:00" level=debug msg="Invoked gptj-python-9pxorshgg1admpou4gjh.default.192.168.1.240.sslip.io in 10688 usec\n"
time="2024-05-30T02:09:06.838032032-06:00" level=debug msg="Invoking: gptj-python-9pxorshgg1admpou4gjh.default.192.168.1.240.sslip.io:80"
time="2024-05-30T02:09:06.849785539-06:00" level=debug msg="Invoked gptj-python-9pxorshgg1admpou4gjh.default.192.168.1.240.sslip.io in 11763 usec\n"
time="2024-05-30T02:09:14.341772221-06:00" level=debug msg="Invoking: cartservice-kd5pyggyz5tr9jp7k8ws.default.192.168.1.240.sslip.io:80"
time="2024-05-30T02:09:14.354215219-06:00" level=debug msg="Invoked cartservice-kd5pyggyz5tr9jp7k8ws.default.192.168.1.240.sslip.io in 12477 usec\n"
time="2024-05-30T02:09:21.845759041-06:00" level=debug msg="Invoking: gptj-python-9pxorshgg1admpou4gjh.default.192.168.1.240.sslip.io:80"
time="2024-05-30T02:09:21.855487491-06:00" level=debug msg="Invoked gptj-python-9pxorshgg1admpou4gjh.default.192.168.1.240.sslip.io in 9741 usec\n"
time="2024-05-30T02:09:29.349747571-06:00" level=debug msg="Invoking: gptj-python-9pxorshgg1admpou4gjh.default.192.168.1.240.sslip.io:80"
time="2024-05-30T02:09:29.358791564-06:00" level=debug msg="Invoked gptj-python-9pxorshgg1admpou4gjh.default.192.168.1.240.sslip.io in 9054 usec\n"
time="2024-05-30T02:09:36.855032002-06:00" level=debug msg="Invoking: gptj-python-9pxorshgg1admpou4gjh.default.192.168.1.240.sslip.io:80"
time="2024-05-30T02:09:36.865299797-06:00" level=debug msg="Invoked gptj-python-9pxorshgg1admpou4gjh.default.192.168.1.240.sslip.io in 10281 usec\n"
time="2024-05-30T02:09:44.321684414-06:00" level=debug msg="Minute: 13"
time="2024-05-30T02:09:44.321778296-06:00" level=debug msg="Number of Invocations this iteration: 8"
time="2024-05-30T02:09:44.321889047-06:00" level=debug msg="Invoking: cartservice-kd5pyggyz5tr9jp7k8ws.default.192.168.1.240.sslip.io:80"
time="2024-05-30T02:09:44.335039397-06:00" level=debug msg="Invoked cartservice-kd5pyggyz5tr9jp7k8ws.default.192.168.1.240.sslip.io in 13147 usec\n"
time="2024-05-30T02:09:51.825740955-06:00" level=debug msg="Invoking: gptj-python-9pxorshgg1admpou4gjh.default.192.168.1.240.sslip.io:80"
time="2024-05-30T02:09:51.836056146-06:00" level=debug msg="Invoked gptj-python-9pxorshgg1admpou4gjh.default.192.168.1.240.sslip.io in 10322 usec\n"
time="2024-05-30T02:09:59.331431342-06:00" level=debug msg="Invoking: gptj-python-9pxorshgg1admpou4gjh.default.192.168.1.240.sslip.io:80"
time="2024-05-30T02:09:59.341832445-06:00" level=debug msg="Invoked gptj-python-9pxorshgg1admpou4gjh.default.192.168.1.240.sslip.io in 10413 usec\n"
time="2024-05-30T02:10:06.837694254-06:00" level=debug msg="Invoking: gptj-python-9pxorshgg1admpou4gjh.default.192.168.1.240.sslip.io:80"
time="2024-05-30T02:10:06.847873575-06:00" level=debug msg="Invoked gptj-python-9pxorshgg1admpou4gjh.default.192.168.1.240.sslip.io in 10193 usec\n"
time="2024-05-30T02:10:14.338521819-06:00" level=debug msg="Invoking: cartservice-kd5pyggyz5tr9jp7k8ws.default.192.168.1.240.sslip.io:80"
time="2024-05-30T02:10:14.351729386-06:00" level=debug msg="Invoked cartservice-kd5pyggyz5tr9jp7k8ws.default.192.168.1.240.sslip.io in 13328 usec\n"
time="2024-05-30T02:10:21.841769982-06:00" level=debug msg="Invoking: gptj-python-9pxorshgg1admpou4gjh.default.192.168.1.240.sslip.io:80"
time="2024-05-30T02:10:21.852573114-06:00" level=debug msg="Invoked gptj-python-9pxorshgg1admpou4gjh.default.192.168.1.240.sslip.io in 10823 usec\n"
time="2024-05-30T02:10:29.345727089-06:00" level=debug msg="Invoking: gptj-python-9pxorshgg1admpou4gjh.default.192.168.1.240.sslip.io:80"
time="2024-05-30T02:10:29.356030724-06:00" level=debug msg="Invoked gptj-python-9pxorshgg1admpou4gjh.default.192.168.1.240.sslip.io in 10314 usec\n"
time="2024-05-30T02:10:36.849763818-06:00" level=debug msg="Invoking: gptj-python-9pxorshgg1admpou4gjh.default.192.168.1.240.sslip.io:80"
time="2024-05-30T02:10:36.86066078-06:00" level=debug msg="Invoked gptj-python-9pxorshgg1admpou4gjh.default.192.168.1.240.sslip.io in 10907 usec\n"
time="2024-05-30T02:10:44.321653712-06:00" level=info msg="Experiment Phase Completed"
time="2024-05-30T02:10:44.321801081-06:00" level=info msg="Issued / completed requests: 112, 112"
time="2024-05-30T02:10:44.321837049-06:00" level=info msg="Average Real RPS: 0.13 "
time="2024-05-30T02:10:44.321861676-06:00" level=info msg="Experiment finished!"
time="2024-05-30T02:10:44.321888242-06:00" level=info msg="The measured latencies are saved in rps_lat.csv"
