time="2024-05-28T20:56:38.735622456-06:00" level=info msg="Reading the endpoints from the file: video-analytics-standalone-python-70-200/endpoints.json"
time="2024-05-28T21:02:14.005223753-06:00" level=warning msg="Failed to invoke video-analytics-standalone-python-70-yc33q0m.default.192.168.1.240.sslip.io:80, err=rpc error: code = DeadlineExceeded desc = context deadline exceeded"
time="2024-05-28T21:02:24.582142047-06:00" level=warning msg="Failed to invoke video-analytics-standalone-python-70-yc33q0m.default.192.168.1.240.sslip.io:80, err=rpc error: code = Unavailable desc = upstream request timeout"
time="2024-05-28T21:02:35.177198324-06:00" level=warning msg="Failed to invoke video-analytics-standalone-python-70-yc33q0m.default.192.168.1.240.sslip.io:80, err=rpc error: code = DeadlineExceeded desc = context deadline exceeded"
time="2024-05-28T21:02:45.760771911-06:00" level=warning msg="Failed to invoke video-analytics-standalone-python-70-yc33q0m.default.192.168.1.240.sslip.io:80, err=rpc error: code = DeadlineExceeded desc = context deadline exceeded"
time="2024-05-28T21:02:56.346893093-06:00" level=warning msg="Failed to invoke video-analytics-standalone-python-70-yc33q0m.default.192.168.1.240.sslip.io:80, err=rpc error: code = Unavailable desc = upstream request timeout"
time="2024-05-28T21:03:06.931094221-06:00" level=warning msg="Failed to invoke video-analytics-standalone-python-70-yc33q0m.default.192.168.1.240.sslip.io:80, err=rpc error: code = Unavailable desc = upstream request timeout"
time="2024-05-28T21:03:17.525209016-06:00" level=warning msg="Failed to invoke video-analytics-standalone-python-70-yc33q0m.default.192.168.1.240.sslip.io:80, err=rpc error: code = DeadlineExceeded desc = context deadline exceeded"
time="2024-05-28T21:03:28.107084606-06:00" level=warning msg="Failed to invoke video-analytics-standalone-python-70-yc33q0m.default.192.168.1.240.sslip.io:80, err=rpc error: code = Unavailable desc = upstream request timeout"
time="2024-05-28T21:03:38.695610636-06:00" level=warning msg="Failed to invoke video-analytics-standalone-python-70-yc33q0m.default.192.168.1.240.sslip.io:80, err=rpc error: code = Unavailable desc = upstream request timeout"
time="2024-05-28T21:03:49.28127303-06:00" level=warning msg="Failed to invoke video-analytics-standalone-python-70-yc33q0m.default.192.168.1.240.sslip.io:80, err=rpc error: code = Unavailable desc = upstream request timeout"
time="2024-05-28T21:03:59.868066869-06:00" level=warning msg="Failed to invoke video-analytics-standalone-python-70-yc33q0m.default.192.168.1.240.sslip.io:80, err=rpc error: code = Unavailable desc = upstream request timeout"
time="2024-05-28T21:04:10.455039189-06:00" level=warning msg="Failed to invoke video-analytics-standalone-python-70-yc33q0m.default.192.168.1.240.sslip.io:80, err=rpc error: code = Unavailable desc = upstream request timeout"
time="2024-05-28T21:04:21.039710557-06:00" level=warning msg="Failed to invoke video-analytics-standalone-python-70-yc33q0m.default.192.168.1.240.sslip.io:80, err=rpc error: code = Unavailable desc = upstream request timeout"
time="2024-05-28T21:04:31.629597057-06:00" level=warning msg="Failed to invoke video-analytics-standalone-python-70-yc33q0m.default.192.168.1.240.sslip.io:80, err=rpc error: code = DeadlineExceeded desc = context deadline exceeded"
time="2024-05-28T21:04:42.21723993-06:00" level=warning msg="Failed to invoke video-analytics-standalone-python-70-yc33q0m.default.192.168.1.240.sslip.io:80, err=rpc error: code = DeadlineExceeded desc = context deadline exceeded"
time="2024-05-28T21:04:52.802396616-06:00" level=warning msg="Failed to invoke video-analytics-standalone-python-70-yc33q0m.default.192.168.1.240.sslip.io:80, err=rpc error: code = DeadlineExceeded desc = context deadline exceeded"
time="2024-05-28T21:05:03.386979715-06:00" level=warning msg="Failed to invoke video-analytics-standalone-python-70-yc33q0m.default.192.168.1.240.sslip.io:80, err=rpc error: code = Unavailable desc = upstream request timeout"
time="2024-05-28T21:05:13.974290255-06:00" level=warning msg="Failed to invoke video-analytics-standalone-python-70-yc33q0m.default.192.168.1.240.sslip.io:80, err=rpc error: code = Unavailable desc = upstream request timeout"
time="2024-05-28T21:05:24.560224777-06:00" level=warning msg="Failed to invoke video-analytics-standalone-python-70-yc33q0m.default.192.168.1.240.sslip.io:80, err=rpc error: code = Unavailable desc = upstream request timeout"
time="2024-05-28T21:05:35.15382694-06:00" level=warning msg="Failed to invoke video-analytics-standalone-python-70-yc33q0m.default.192.168.1.240.sslip.io:80, err=rpc error: code = Unavailable desc = upstream request timeout"
time="2024-05-28T21:05:45.735665472-06:00" level=warning msg="Failed to invoke video-analytics-standalone-python-70-yc33q0m.default.192.168.1.240.sslip.io:80, err=rpc error: code = Unavailable desc = upstream request timeout"
time="2024-05-28T21:05:56.325005218-06:00" level=warning msg="Failed to invoke video-analytics-standalone-python-70-yc33q0m.default.192.168.1.240.sslip.io:80, err=rpc error: code = Unavailable desc = upstream request timeout"
time="2024-05-28T21:06:06.913823223-06:00" level=warning msg="Failed to invoke video-analytics-standalone-python-70-yc33q0m.default.192.168.1.240.sslip.io:80, err=rpc error: code = Unavailable desc = upstream request timeout"
time="2024-05-28T21:06:17.501270185-06:00" level=warning msg="Failed to invoke video-analytics-standalone-python-70-yc33q0m.default.192.168.1.240.sslip.io:80, err=rpc error: code = Unavailable desc = upstream request timeout"
time="2024-05-28T21:06:28.084809743-06:00" level=warning msg="Failed to invoke video-analytics-standalone-python-70-yc33q0m.default.192.168.1.240.sslip.io:80, err=rpc error: code = Unavailable desc = upstream request timeout"
time="2024-05-28T21:06:38.673619026-06:00" level=warning msg="Failed to invoke video-analytics-standalone-python-70-yc33q0m.default.192.168.1.240.sslip.io:80, err=rpc error: code = Unavailable desc = upstream request timeout"
time="2024-05-28T21:06:49.258166358-06:00" level=warning msg="Failed to invoke video-analytics-standalone-python-70-yc33q0m.default.192.168.1.240.sslip.io:80, err=rpc error: code = Unavailable desc = upstream request timeout"
time="2024-05-28T21:06:59.8450767-06:00" level=warning msg="Failed to invoke video-analytics-standalone-python-70-yc33q0m.default.192.168.1.240.sslip.io:80, err=rpc error: code = DeadlineExceeded desc = context deadline exceeded"
time="2024-05-28T21:07:10.441147476-06:00" level=warning msg="Failed to invoke video-analytics-standalone-python-70-yc33q0m.default.192.168.1.240.sslip.io:80, err=rpc error: code = DeadlineExceeded desc = context deadline exceeded"
time="2024-05-28T21:07:21.022576332-06:00" level=warning msg="Failed to invoke video-analytics-standalone-python-70-yc33q0m.default.192.168.1.240.sslip.io:80, err=rpc error: code = Unavailable desc = upstream request timeout"
time="2024-05-28T21:07:31.608225127-06:00" level=warning msg="Failed to invoke video-analytics-standalone-python-70-yc33q0m.default.192.168.1.240.sslip.io:80, err=rpc error: code = Unavailable desc = upstream request timeout"
time="2024-05-28T21:07:42.193377089-06:00" level=warning msg="Failed to invoke video-analytics-standalone-python-70-yc33q0m.default.192.168.1.240.sslip.io:80, err=rpc error: code = Unavailable desc = upstream request timeout"
time="2024-05-28T21:07:52.780979499-06:00" level=warning msg="Failed to invoke video-analytics-standalone-python-70-yc33q0m.default.192.168.1.240.sslip.io:80, err=rpc error: code = Unavailable desc = upstream request timeout"
time="2024-05-28T21:08:03.370977473-06:00" level=warning msg="Failed to invoke video-analytics-standalone-python-70-yc33q0m.default.192.168.1.240.sslip.io:80, err=rpc error: code = Unavailable desc = upstream request timeout"
time="2024-05-28T21:08:13.957880455-06:00" level=warning msg="Failed to invoke video-analytics-standalone-python-70-yc33q0m.default.192.168.1.240.sslip.io:80, err=rpc error: code = Unavailable desc = upstream request timeout"
time="2024-05-28T21:08:24.543341361-06:00" level=warning msg="Failed to invoke video-analytics-standalone-python-70-yc33q0m.default.192.168.1.240.sslip.io:80, err=rpc error: code = Unavailable desc = upstream request timeout"
time="2024-05-28T21:08:35.12837012-06:00" level=warning msg="Failed to invoke video-analytics-standalone-python-70-yc33q0m.default.192.168.1.240.sslip.io:80, err=rpc error: code = Unavailable desc = upstream request timeout"
time="2024-05-28T21:08:45.71465622-06:00" level=warning msg="Failed to invoke video-analytics-standalone-python-70-yc33q0m.default.192.168.1.240.sslip.io:80, err=rpc error: code = Unavailable desc = upstream request timeout"
time="2024-05-28T21:08:56.305314084-06:00" level=warning msg="Failed to invoke video-analytics-standalone-python-70-yc33q0m.default.192.168.1.240.sslip.io:80, err=rpc error: code = Unavailable desc = upstream request timeout"
time="2024-05-28T21:09:06.887291402-06:00" level=warning msg="Failed to invoke video-analytics-standalone-python-70-yc33q0m.default.192.168.1.240.sslip.io:80, err=rpc error: code = Unavailable desc = upstream request timeout"
time="2024-05-28T21:09:17.47769342-06:00" level=warning msg="Failed to invoke video-analytics-standalone-python-70-yc33q0m.default.192.168.1.240.sslip.io:80, err=rpc error: code = Unavailable desc = upstream request timeout"
time="2024-05-28T21:09:47.559623068-06:00" level=info msg="Issued / completed requests: 74, 32"
time="2024-05-28T21:09:47.559771098-06:00" level=info msg="Real / target RPS: 0.04 / 0.2"
time="2024-05-28T21:09:47.559800026-06:00" level=info msg="Experiment finished!"
time="2024-05-28T21:09:47.559826924-06:00" level=info msg="The measured latencies are saved in video-analytics-standalone-python-70-200/lat.txt"
time="2024-05-28T21:09:47.560079928-06:00" level=info msg="The measured function durations are saved in video-analytics-standalone-python-70-200/dur.txt"
