time="2024-05-30T03:36:18.38917868-06:00" level=debug msg="Debug logging is enabled"
time="2024-05-30T03:36:18.389373913-06:00" level=info msg="Reading the trace endpoints from the file: /users/ArunAMS/vSwarm/tools/load-generator/load.json"
time="2024-05-30T03:36:18.391097406-06:00" level=info msg="Warmup Duration: 3"
time="2024-05-30T03:36:18.391128507-06:00" level=info msg="Experiment Duration: 11"
time="2024-05-30T03:36:18.391154066-06:00" level=info msg="Minute Granularity: true"
time="2024-05-30T03:37:18.447862851-06:00" level=info msg="Running Warmup Phase"
time="2024-05-30T03:37:18.447943708-06:00" level=debug msg="Minute: 0"
time="2024-05-30T03:37:18.448026763-06:00" level=debug msg="Number of Invocations this iteration: 8"
time="2024-05-30T03:37:18.448138911-06:00" level=debug msg="Invoking: cartservice-oah7kyny8t81ifpdzn3t.default.192.168.1.240.sslip.io:80"
time="2024-05-30T03:37:25.948683844-06:00" level=debug msg="Invoking: gptj-python-3dbjxphbvt6hjb2tf5ab.default.192.168.1.240.sslip.io:80"
time="2024-05-30T03:37:33.455879461-06:00" level=debug msg="Invoking: gptj-python-3dbjxphbvt6hjb2tf5ab.default.192.168.1.240.sslip.io:80"
time="2024-05-30T03:37:40.959905829-06:00" level=debug msg="Invoking: gptj-python-3dbjxphbvt6hjb2tf5ab.default.192.168.1.240.sslip.io:80"
time="2024-05-30T03:37:48.46392794-06:00" level=debug msg="Invoking: cartservice-oah7kyny8t81ifpdzn3t.default.192.168.1.240.sslip.io:80"
time="2024-05-30T03:37:55.970396175-06:00" level=debug msg="Invoking: gptj-python-3dbjxphbvt6hjb2tf5ab.default.192.168.1.240.sslip.io:80"
time="2024-05-30T03:38:03.476178747-06:00" level=debug msg="Invoking: gptj-python-3dbjxphbvt6hjb2tf5ab.default.192.168.1.240.sslip.io:80"
time="2024-05-30T03:38:10.979858758-06:00" level=debug msg="Invoking: gptj-python-3dbjxphbvt6hjb2tf5ab.default.192.168.1.240.sslip.io:80"
time="2024-05-30T03:38:18.395915772-06:00" level=debug msg="Minute: 1"
time="2024-05-30T03:38:18.396040058-06:00" level=debug msg="Number of Invocations this iteration: 8"
time="2024-05-30T03:38:18.396131732-06:00" level=debug msg="Invoking: image-rotate-go-6-0d4p7u3210ie5e8nz429.default.192.168.1.240.sslip.io:80"
time="2024-05-30T03:38:25.896349679-06:00" level=debug msg="Invoking: gptj-python-3dbjxphbvt6hjb2tf5ab.default.192.168.1.240.sslip.io:80"
time="2024-05-30T03:38:33.401197328-06:00" level=debug msg="Invoking: gptj-python-3dbjxphbvt6hjb2tf5ab.default.192.168.1.240.sslip.io:80"
time="2024-05-30T03:38:40.907907945-06:00" level=debug msg="Invoking: gptj-python-3dbjxphbvt6hjb2tf5ab.default.192.168.1.240.sslip.io:80"
time="2024-05-30T03:38:48.411940879-06:00" level=debug msg="Invoking: cartservice-oah7kyny8t81ifpdzn3t.default.192.168.1.240.sslip.io:80"
time="2024-05-30T03:38:55.916027402-06:00" level=debug msg="Invoking: gptj-python-3dbjxphbvt6hjb2tf5ab.default.192.168.1.240.sslip.io:80"
time="2024-05-30T03:39:03.41988606-06:00" level=debug msg="Invoking: gptj-python-3dbjxphbvt6hjb2tf5ab.default.192.168.1.240.sslip.io:80"
time="2024-05-30T03:39:10.924069863-06:00" level=debug msg="Invoking: gptj-python-3dbjxphbvt6hjb2tf5ab.default.192.168.1.240.sslip.io:80"
time="2024-05-30T03:39:18.395877905-06:00" level=debug msg="Minute: 2"
time="2024-05-30T03:39:18.395980247-06:00" level=debug msg="Number of Invocations this iteration: 8"
time="2024-05-30T03:39:18.396070402-06:00" level=debug msg="Invoking: cartservice-oah7kyny8t81ifpdzn3t.default.192.168.1.240.sslip.io:80"
time="2024-05-30T03:39:25.899905051-06:00" level=debug msg="Invoking: gptj-python-3dbjxphbvt6hjb2tf5ab.default.192.168.1.240.sslip.io:80"
time="2024-05-30T03:39:33.403888661-06:00" level=debug msg="Invoking: gptj-python-3dbjxphbvt6hjb2tf5ab.default.192.168.1.240.sslip.io:80"
time="2024-05-30T03:39:40.909043263-06:00" level=debug msg="Invoking: gptj-python-3dbjxphbvt6hjb2tf5ab.default.192.168.1.240.sslip.io:80"
time="2024-05-30T03:39:48.415957586-06:00" level=debug msg="Invoking: cartservice-oah7kyny8t81ifpdzn3t.default.192.168.1.240.sslip.io:80"
time="2024-05-30T03:39:55.919985549-06:00" level=debug msg="Invoking: gptj-python-3dbjxphbvt6hjb2tf5ab.default.192.168.1.240.sslip.io:80"
time="2024-05-30T03:40:03.423944162-06:00" level=debug msg="Invoking: gptj-python-3dbjxphbvt6hjb2tf5ab.default.192.168.1.240.sslip.io:80"
time="2024-05-30T03:40:10.930460926-06:00" level=debug msg="Invoking: gptj-python-3dbjxphbvt6hjb2tf5ab.default.192.168.1.240.sslip.io:80"
time="2024-05-30T03:40:18.395879131-06:00" level=info msg="Warmup Phase Completed"
time="2024-05-30T03:40:18.395954512-06:00" level=info msg="Running Experiment Phase"
time="2024-05-30T03:40:18.395982986-06:00" level=debug msg="Minute: 3"
time="2024-05-30T03:40:18.396027904-06:00" level=debug msg="Number of Invocations this iteration: 8"
time="2024-05-30T03:40:18.396115204-06:00" level=debug msg="Invoking: cartservice-oah7kyny8t81ifpdzn3t.default.192.168.1.240.sslip.io:80"
time="2024-05-30T03:40:18.411297759-06:00" level=debug msg="Invoked cartservice-oah7kyny8t81ifpdzn3t.default.192.168.1.240.sslip.io in 15179 usec\n"
time="2024-05-30T03:40:25.899916208-06:00" level=debug msg="Invoking: gptj-python-3dbjxphbvt6hjb2tf5ab.default.192.168.1.240.sslip.io:80"
time="2024-05-30T03:40:25.911299931-06:00" level=debug msg="Invoked gptj-python-3dbjxphbvt6hjb2tf5ab.default.192.168.1.240.sslip.io in 11418 usec\n"
time="2024-05-30T03:40:33.404750781-06:00" level=debug msg="Invoking: gptj-python-3dbjxphbvt6hjb2tf5ab.default.192.168.1.240.sslip.io:80"
time="2024-05-30T03:40:33.415429349-06:00" level=debug msg="Invoked gptj-python-3dbjxphbvt6hjb2tf5ab.default.192.168.1.240.sslip.io in 10689 usec\n"
time="2024-05-30T03:40:40.907881254-06:00" level=debug msg="Invoking: gptj-python-3dbjxphbvt6hjb2tf5ab.default.192.168.1.240.sslip.io:80"
time="2024-05-30T03:40:40.918844705-06:00" level=debug msg="Invoked gptj-python-3dbjxphbvt6hjb2tf5ab.default.192.168.1.240.sslip.io in 10973 usec\n"
time="2024-05-30T03:40:48.413714387-06:00" level=debug msg="Invoking: cartservice-oah7kyny8t81ifpdzn3t.default.192.168.1.240.sslip.io:80"
time="2024-05-30T03:40:48.428001122-06:00" level=debug msg="Invoked cartservice-oah7kyny8t81ifpdzn3t.default.192.168.1.240.sslip.io in 14290 usec\n"
time="2024-05-30T03:40:55.914352737-06:00" level=debug msg="Invoking: gptj-python-3dbjxphbvt6hjb2tf5ab.default.192.168.1.240.sslip.io:80"
time="2024-05-30T03:40:55.924916081-06:00" level=debug msg="Invoked gptj-python-3dbjxphbvt6hjb2tf5ab.default.192.168.1.240.sslip.io in 10626 usec\n"
time="2024-05-30T03:41:03.419942951-06:00" level=debug msg="Invoking: gptj-python-3dbjxphbvt6hjb2tf5ab.default.192.168.1.240.sslip.io:80"
time="2024-05-30T03:41:03.430622925-06:00" level=debug msg="Invoked gptj-python-3dbjxphbvt6hjb2tf5ab.default.192.168.1.240.sslip.io in 10690 usec\n"
time="2024-05-30T03:41:10.924351138-06:00" level=debug msg="Invoking: gptj-python-3dbjxphbvt6hjb2tf5ab.default.192.168.1.240.sslip.io:80"
time="2024-05-30T03:41:10.934242516-06:00" level=debug msg="Invoked gptj-python-3dbjxphbvt6hjb2tf5ab.default.192.168.1.240.sslip.io in 9922 usec\n"
time="2024-05-30T03:41:18.395949625-06:00" level=debug msg="Minute: 4"
time="2024-05-30T03:41:18.39605408-06:00" level=debug msg="Number of Invocations this iteration: 8"
time="2024-05-30T03:41:18.396146572-06:00" level=debug msg="Invoking: rnn-serving-python-10-10-am8mhg6kc5nberqjzl0l.default.192.168.1.240.sslip.io:80"
time="2024-05-30T03:41:25.372116489-06:00" level=debug msg="Invoked rnn-serving-python-10-10-am8mhg6kc5nberqjzl0l.default.192.168.1.240.sslip.io in 6975967 usec\n"
time="2024-05-30T03:41:25.896530033-06:00" level=debug msg="Invoking: gptj-python-3dbjxphbvt6hjb2tf5ab.default.192.168.1.240.sslip.io:80"
time="2024-05-30T03:41:25.906762544-06:00" level=debug msg="Invoked gptj-python-3dbjxphbvt6hjb2tf5ab.default.192.168.1.240.sslip.io in 10243 usec\n"
time="2024-05-30T03:41:33.399896497-06:00" level=debug msg="Invoking: gptj-python-3dbjxphbvt6hjb2tf5ab.default.192.168.1.240.sslip.io:80"
time="2024-05-30T03:41:33.410954658-06:00" level=debug msg="Invoked gptj-python-3dbjxphbvt6hjb2tf5ab.default.192.168.1.240.sslip.io in 11074 usec\n"
time="2024-05-30T03:41:40.907405143-06:00" level=debug msg="Invoking: gptj-python-3dbjxphbvt6hjb2tf5ab.default.192.168.1.240.sslip.io:80"
time="2024-05-30T03:41:40.917550069-06:00" level=debug msg="Invoked gptj-python-3dbjxphbvt6hjb2tf5ab.default.192.168.1.240.sslip.io in 10154 usec\n"
time="2024-05-30T03:41:48.411889892-06:00" level=debug msg="Invoking: cartservice-oah7kyny8t81ifpdzn3t.default.192.168.1.240.sslip.io:80"
time="2024-05-30T03:41:48.430707334-06:00" level=debug msg="Invoked cartservice-oah7kyny8t81ifpdzn3t.default.192.168.1.240.sslip.io in 18829 usec\n"
time="2024-05-30T03:41:55.915967204-06:00" level=debug msg="Invoking: gptj-python-3dbjxphbvt6hjb2tf5ab.default.192.168.1.240.sslip.io:80"
time="2024-05-30T03:41:55.92819217-06:00" level=debug msg="Invoked gptj-python-3dbjxphbvt6hjb2tf5ab.default.192.168.1.240.sslip.io in 12236 usec\n"
time="2024-05-30T03:42:03.419911419-06:00" level=debug msg="Invoking: gptj-python-3dbjxphbvt6hjb2tf5ab.default.192.168.1.240.sslip.io:80"
time="2024-05-30T03:42:03.4305335-06:00" level=debug msg="Invoked gptj-python-3dbjxphbvt6hjb2tf5ab.default.192.168.1.240.sslip.io in 10633 usec\n"
time="2024-05-30T03:42:10.924919462-06:00" level=debug msg="Invoking: gptj-python-3dbjxphbvt6hjb2tf5ab.default.192.168.1.240.sslip.io:80"
time="2024-05-30T03:42:10.934532681-06:00" level=debug msg="Invoked gptj-python-3dbjxphbvt6hjb2tf5ab.default.192.168.1.240.sslip.io in 9635 usec\n"
time="2024-05-30T03:42:18.395937798-06:00" level=debug msg="Minute: 5"
time="2024-05-30T03:42:18.396074337-06:00" level=debug msg="Number of Invocations this iteration: 8"
time="2024-05-30T03:42:18.396165889-06:00" level=debug msg="Invoking: cartservice-oah7kyny8t81ifpdzn3t.default.192.168.1.240.sslip.io:80"
time="2024-05-30T03:42:18.41105348-06:00" level=debug msg="Invoked cartservice-oah7kyny8t81ifpdzn3t.default.192.168.1.240.sslip.io in 14869 usec\n"
time="2024-05-30T03:42:25.900904951-06:00" level=debug msg="Invoking: gptj-python-3dbjxphbvt6hjb2tf5ab.default.192.168.1.240.sslip.io:80"
time="2024-05-30T03:42:25.911132604-06:00" level=debug msg="Invoked gptj-python-3dbjxphbvt6hjb2tf5ab.default.192.168.1.240.sslip.io in 10237 usec\n"
time="2024-05-30T03:42:33.404024679-06:00" level=debug msg="Invoking: gptj-python-3dbjxphbvt6hjb2tf5ab.default.192.168.1.240.sslip.io:80"
time="2024-05-30T03:42:33.413628719-06:00" level=debug msg="Invoked gptj-python-3dbjxphbvt6hjb2tf5ab.default.192.168.1.240.sslip.io in 9613 usec\n"
time="2024-05-30T03:42:40.907882223-06:00" level=debug msg="Invoking: gptj-python-3dbjxphbvt6hjb2tf5ab.default.192.168.1.240.sslip.io:80"
time="2024-05-30T03:42:40.917441005-06:00" level=debug msg="Invoked gptj-python-3dbjxphbvt6hjb2tf5ab.default.192.168.1.240.sslip.io in 9569 usec\n"
time="2024-05-30T03:42:48.412404906-06:00" level=debug msg="Invoking: cartservice-oah7kyny8t81ifpdzn3t.default.192.168.1.240.sslip.io:80"
time="2024-05-30T03:42:48.425284689-06:00" level=debug msg="Invoked cartservice-oah7kyny8t81ifpdzn3t.default.192.168.1.240.sslip.io in 12889 usec\n"
time="2024-05-30T03:42:55.913968853-06:00" level=debug msg="Invoking: gptj-python-3dbjxphbvt6hjb2tf5ab.default.192.168.1.240.sslip.io:80"
time="2024-05-30T03:42:55.92317871-06:00" level=debug msg="Invoked gptj-python-3dbjxphbvt6hjb2tf5ab.default.192.168.1.240.sslip.io in 9792 usec\n"
time="2024-05-30T03:43:03.419917376-06:00" level=debug msg="Invoking: gptj-python-3dbjxphbvt6hjb2tf5ab.default.192.168.1.240.sslip.io:80"
time="2024-05-30T03:43:03.431662054-06:00" level=debug msg="Invoked gptj-python-3dbjxphbvt6hjb2tf5ab.default.192.168.1.240.sslip.io in 11755 usec\n"
time="2024-05-30T03:43:10.923886611-06:00" level=debug msg="Invoking: gptj-python-3dbjxphbvt6hjb2tf5ab.default.192.168.1.240.sslip.io:80"
time="2024-05-30T03:43:10.93388767-06:00" level=debug msg="Invoked gptj-python-3dbjxphbvt6hjb2tf5ab.default.192.168.1.240.sslip.io in 10002 usec\n"
time="2024-05-30T03:43:18.395856942-06:00" level=debug msg="Minute: 6"
time="2024-05-30T03:43:18.395955533-06:00" level=debug msg="Number of Invocations this iteration: 8"
time="2024-05-30T03:43:18.396047265-06:00" level=debug msg="Invoking: image-rotate-go-6-0d4p7u3210ie5e8nz429.default.192.168.1.240.sslip.io:80"
time="2024-05-30T03:43:25.902975724-06:00" level=debug msg="Invoking: gptj-python-3dbjxphbvt6hjb2tf5ab.default.192.168.1.240.sslip.io:80"
time="2024-05-30T03:43:25.914504535-06:00" level=debug msg="Invoked gptj-python-3dbjxphbvt6hjb2tf5ab.default.192.168.1.240.sslip.io in 11539 usec\n"
time="2024-05-30T03:43:30.646101056-06:00" level=debug msg="Invoked image-rotate-go-6-0d4p7u3210ie5e8nz429.default.192.168.1.240.sslip.io in 12250051 usec\n"
time="2024-05-30T03:43:33.404757575-06:00" level=debug msg="Invoking: gptj-python-3dbjxphbvt6hjb2tf5ab.default.192.168.1.240.sslip.io:80"
time="2024-05-30T03:43:33.415238657-06:00" level=debug msg="Invoked gptj-python-3dbjxphbvt6hjb2tf5ab.default.192.168.1.240.sslip.io in 10492 usec\n"
time="2024-05-30T03:43:40.907932009-06:00" level=debug msg="Invoking: gptj-python-3dbjxphbvt6hjb2tf5ab.default.192.168.1.240.sslip.io:80"
time="2024-05-30T03:43:40.918874107-06:00" level=debug msg="Invoked gptj-python-3dbjxphbvt6hjb2tf5ab.default.192.168.1.240.sslip.io in 10980 usec\n"
time="2024-05-30T03:43:48.411959943-06:00" level=debug msg="Invoking: cartservice-oah7kyny8t81ifpdzn3t.default.192.168.1.240.sslip.io:80"
time="2024-05-30T03:43:48.424686867-06:00" level=debug msg="Invoked cartservice-oah7kyny8t81ifpdzn3t.default.192.168.1.240.sslip.io in 12738 usec\n"
time="2024-05-30T03:43:55.916342515-06:00" level=debug msg="Invoking: gptj-python-3dbjxphbvt6hjb2tf5ab.default.192.168.1.240.sslip.io:80"
time="2024-05-30T03:43:55.926489282-06:00" level=debug msg="Invoked gptj-python-3dbjxphbvt6hjb2tf5ab.default.192.168.1.240.sslip.io in 10156 usec\n"
time="2024-05-30T03:44:03.419923964-06:00" level=debug msg="Invoking: gptj-python-3dbjxphbvt6hjb2tf5ab.default.192.168.1.240.sslip.io:80"
time="2024-05-30T03:44:03.430659593-06:00" level=debug msg="Invoked gptj-python-3dbjxphbvt6hjb2tf5ab.default.192.168.1.240.sslip.io in 10747 usec\n"
time="2024-05-30T03:44:10.923869667-06:00" level=debug msg="Invoking: gptj-python-3dbjxphbvt6hjb2tf5ab.default.192.168.1.240.sslip.io:80"
time="2024-05-30T03:44:10.934197396-06:00" level=debug msg="Invoked gptj-python-3dbjxphbvt6hjb2tf5ab.default.192.168.1.240.sslip.io in 10335 usec\n"
time="2024-05-30T03:44:18.395913565-06:00" level=debug msg="Minute: 7"
time="2024-05-30T03:44:18.396017742-06:00" level=debug msg="Number of Invocations this iteration: 8"
time="2024-05-30T03:44:18.396109447-06:00" level=debug msg="Invoking: cartservice-oah7kyny8t81ifpdzn3t.default.192.168.1.240.sslip.io:80"
time="2024-05-30T03:44:18.408767873-06:00" level=debug msg="Invoked cartservice-oah7kyny8t81ifpdzn3t.default.192.168.1.240.sslip.io in 12656 usec\n"
time="2024-05-30T03:44:25.903254613-06:00" level=debug msg="Invoking: gptj-python-3dbjxphbvt6hjb2tf5ab.default.192.168.1.240.sslip.io:80"
time="2024-05-30T03:44:25.913680377-06:00" level=debug msg="Invoked gptj-python-3dbjxphbvt6hjb2tf5ab.default.192.168.1.240.sslip.io in 10479 usec\n"
time="2024-05-30T03:44:33.407940226-06:00" level=debug msg="Invoking: gptj-python-3dbjxphbvt6hjb2tf5ab.default.192.168.1.240.sslip.io:80"
time="2024-05-30T03:44:33.418471792-06:00" level=debug msg="Invoked gptj-python-3dbjxphbvt6hjb2tf5ab.default.192.168.1.240.sslip.io in 10543 usec\n"
time="2024-05-30T03:44:40.911883412-06:00" level=debug msg="Invoking: gptj-python-3dbjxphbvt6hjb2tf5ab.default.192.168.1.240.sslip.io:80"
time="2024-05-30T03:44:40.921133347-06:00" level=debug msg="Invoked gptj-python-3dbjxphbvt6hjb2tf5ab.default.192.168.1.240.sslip.io in 9255 usec\n"
time="2024-05-30T03:44:48.415944885-06:00" level=debug msg="Invoking: cartservice-oah7kyny8t81ifpdzn3t.default.192.168.1.240.sslip.io:80"
time="2024-05-30T03:44:48.42888587-06:00" level=debug msg="Invoked cartservice-oah7kyny8t81ifpdzn3t.default.192.168.1.240.sslip.io in 12951 usec\n"
time="2024-05-30T03:44:55.916088218-06:00" level=debug msg="Invoking: gptj-python-3dbjxphbvt6hjb2tf5ab.default.192.168.1.240.sslip.io:80"
time="2024-05-30T03:44:55.931431983-06:00" level=debug msg="Invoked gptj-python-3dbjxphbvt6hjb2tf5ab.default.192.168.1.240.sslip.io in 15348 usec\n"
time="2024-05-30T03:45:03.422313956-06:00" level=debug msg="Invoking: gptj-python-3dbjxphbvt6hjb2tf5ab.default.192.168.1.240.sslip.io:80"
time="2024-05-30T03:45:03.432428526-06:00" level=debug msg="Invoked gptj-python-3dbjxphbvt6hjb2tf5ab.default.192.168.1.240.sslip.io in 10123 usec\n"
time="2024-05-30T03:45:10.927848429-06:00" level=debug msg="Invoking: gptj-python-3dbjxphbvt6hjb2tf5ab.default.192.168.1.240.sslip.io:80"
time="2024-05-30T03:45:10.936727574-06:00" level=debug msg="Invoked gptj-python-3dbjxphbvt6hjb2tf5ab.default.192.168.1.240.sslip.io in 8887 usec\n"
time="2024-05-30T03:45:18.398205481-06:00" level=debug msg="Minute: 8"
time="2024-05-30T03:45:18.398358466-06:00" level=debug msg="Number of Invocations this iteration: 8"
time="2024-05-30T03:45:18.398436638-06:00" level=debug msg="Invoking: cartservice-oah7kyny8t81ifpdzn3t.default.192.168.1.240.sslip.io:80"
time="2024-05-30T03:45:18.413015622-06:00" level=debug msg="Invoked cartservice-oah7kyny8t81ifpdzn3t.default.192.168.1.240.sslip.io in 14575 usec\n"
time="2024-05-30T03:45:25.90390899-06:00" level=debug msg="Invoking: gptj-python-3dbjxphbvt6hjb2tf5ab.default.192.168.1.240.sslip.io:80"
time="2024-05-30T03:45:25.914498956-06:00" level=debug msg="Invoked gptj-python-3dbjxphbvt6hjb2tf5ab.default.192.168.1.240.sslip.io in 10608 usec\n"
time="2024-05-30T03:45:33.40794149-06:00" level=debug msg="Invoking: gptj-python-3dbjxphbvt6hjb2tf5ab.default.192.168.1.240.sslip.io:80"
time="2024-05-30T03:45:33.41850162-06:00" level=debug msg="Invoked gptj-python-3dbjxphbvt6hjb2tf5ab.default.192.168.1.240.sslip.io in 10571 usec\n"
time="2024-05-30T03:45:40.912530404-06:00" level=debug msg="Invoking: gptj-python-3dbjxphbvt6hjb2tf5ab.default.192.168.1.240.sslip.io:80"
time="2024-05-30T03:45:40.92309647-06:00" level=debug msg="Invoked gptj-python-3dbjxphbvt6hjb2tf5ab.default.192.168.1.240.sslip.io in 10577 usec\n"
time="2024-05-30T03:45:48.417955127-06:00" level=debug msg="Invoking: cartservice-oah7kyny8t81ifpdzn3t.default.192.168.1.240.sslip.io:80"
time="2024-05-30T03:45:48.428099961-06:00" level=debug msg="Invoked cartservice-oah7kyny8t81ifpdzn3t.default.192.168.1.240.sslip.io in 10157 usec\n"
time="2024-05-30T03:45:55.923905065-06:00" level=debug msg="Invoking: gptj-python-3dbjxphbvt6hjb2tf5ab.default.192.168.1.240.sslip.io:80"
time="2024-05-30T03:45:55.936628887-06:00" level=debug msg="Invoked gptj-python-3dbjxphbvt6hjb2tf5ab.default.192.168.1.240.sslip.io in 12736 usec\n"
time="2024-05-30T03:46:03.428006842-06:00" level=debug msg="Invoking: gptj-python-3dbjxphbvt6hjb2tf5ab.default.192.168.1.240.sslip.io:80"
time="2024-05-30T03:46:03.437641088-06:00" level=debug msg="Invoked gptj-python-3dbjxphbvt6hjb2tf5ab.default.192.168.1.240.sslip.io in 9645 usec\n"
time="2024-05-30T03:46:10.931918212-06:00" level=debug msg="Invoking: gptj-python-3dbjxphbvt6hjb2tf5ab.default.192.168.1.240.sslip.io:80"
time="2024-05-30T03:46:10.942867123-06:00" level=debug msg="Invoked gptj-python-3dbjxphbvt6hjb2tf5ab.default.192.168.1.240.sslip.io in 10983 usec\n"
time="2024-05-30T03:46:18.39586812-06:00" level=debug msg="Minute: 9"
time="2024-05-30T03:46:18.395964432-06:00" level=debug msg="Number of Invocations this iteration: 8"
time="2024-05-30T03:46:18.396051342-06:00" level=debug msg="Invoking: cartservice-oah7kyny8t81ifpdzn3t.default.192.168.1.240.sslip.io:80"
time="2024-05-30T03:46:18.408828274-06:00" level=debug msg="Invoked cartservice-oah7kyny8t81ifpdzn3t.default.192.168.1.240.sslip.io in 12774 usec\n"
time="2024-05-30T03:46:25.899919658-06:00" level=debug msg="Invoking: gptj-python-3dbjxphbvt6hjb2tf5ab.default.192.168.1.240.sslip.io:80"
time="2024-05-30T03:46:25.910942968-06:00" level=debug msg="Invoked gptj-python-3dbjxphbvt6hjb2tf5ab.default.192.168.1.240.sslip.io in 11034 usec\n"
time="2024-05-30T03:46:33.403955912-06:00" level=debug msg="Invoking: gptj-python-3dbjxphbvt6hjb2tf5ab.default.192.168.1.240.sslip.io:80"
time="2024-05-30T03:46:33.416298354-06:00" level=debug msg="Invoked gptj-python-3dbjxphbvt6hjb2tf5ab.default.192.168.1.240.sslip.io in 12420 usec\n"
time="2024-05-30T03:46:40.907854561-06:00" level=debug msg="Invoking: gptj-python-3dbjxphbvt6hjb2tf5ab.default.192.168.1.240.sslip.io:80"
time="2024-05-30T03:46:40.91793313-06:00" level=debug msg="Invoked gptj-python-3dbjxphbvt6hjb2tf5ab.default.192.168.1.240.sslip.io in 10071 usec\n"
time="2024-05-30T03:46:48.413960192-06:00" level=debug msg="Invoking: cartservice-oah7kyny8t81ifpdzn3t.default.192.168.1.240.sslip.io:80"
time="2024-05-30T03:46:48.427009053-06:00" level=debug msg="Invoked cartservice-oah7kyny8t81ifpdzn3t.default.192.168.1.240.sslip.io in 13057 usec\n"
time="2024-05-30T03:46:55.918486966-06:00" level=debug msg="Invoking: gptj-python-3dbjxphbvt6hjb2tf5ab.default.192.168.1.240.sslip.io:80"
time="2024-05-30T03:46:55.929307352-06:00" level=debug msg="Invoked gptj-python-3dbjxphbvt6hjb2tf5ab.default.192.168.1.240.sslip.io in 11391 usec\n"
time="2024-05-30T03:47:03.424585616-06:00" level=debug msg="Invoking: gptj-python-3dbjxphbvt6hjb2tf5ab.default.192.168.1.240.sslip.io:80"
time="2024-05-30T03:47:03.435099603-06:00" level=debug msg="Invoked gptj-python-3dbjxphbvt6hjb2tf5ab.default.192.168.1.240.sslip.io in 10525 usec\n"
time="2024-05-30T03:47:10.931187476-06:00" level=debug msg="Invoking: gptj-python-3dbjxphbvt6hjb2tf5ab.default.192.168.1.240.sslip.io:80"
time="2024-05-30T03:47:10.94170567-06:00" level=debug msg="Invoked gptj-python-3dbjxphbvt6hjb2tf5ab.default.192.168.1.240.sslip.io in 10529 usec\n"
time="2024-05-30T03:47:18.393932833-06:00" level=debug msg="Minute: 10"
time="2024-05-30T03:47:18.394102488-06:00" level=debug msg="Number of Invocations this iteration: 8"
time="2024-05-30T03:47:18.394178569-06:00" level=debug msg="Invoking: rnn-serving-python-10-10-am8mhg6kc5nberqjzl0l.default.192.168.1.240.sslip.io:80"
time="2024-05-30T03:47:25.899909383-06:00" level=debug msg="Invoking: gptj-python-3dbjxphbvt6hjb2tf5ab.default.192.168.1.240.sslip.io:80"
time="2024-05-30T03:47:25.910254874-06:00" level=debug msg="Invoked gptj-python-3dbjxphbvt6hjb2tf5ab.default.192.168.1.240.sslip.io in 10358 usec\n"
time="2024-05-30T03:47:28.414527809-06:00" level=debug msg="Invoked rnn-serving-python-10-10-am8mhg6kc5nberqjzl0l.default.192.168.1.240.sslip.io in 10020344 usec\n"
time="2024-05-30T03:47:33.403938889-06:00" level=debug msg="Invoking: gptj-python-3dbjxphbvt6hjb2tf5ab.default.192.168.1.240.sslip.io:80"
time="2024-05-30T03:47:33.414596826-06:00" level=debug msg="Invoked gptj-python-3dbjxphbvt6hjb2tf5ab.default.192.168.1.240.sslip.io in 10665 usec\n"
time="2024-05-30T03:47:40.907955426-06:00" level=debug msg="Invoking: gptj-python-3dbjxphbvt6hjb2tf5ab.default.192.168.1.240.sslip.io:80"
time="2024-05-30T03:47:40.917516947-06:00" level=debug msg="Invoked gptj-python-3dbjxphbvt6hjb2tf5ab.default.192.168.1.240.sslip.io in 9592 usec\n"
time="2024-05-30T03:47:48.414903968-06:00" level=debug msg="Invoking: cartservice-oah7kyny8t81ifpdzn3t.default.192.168.1.240.sslip.io:80"
time="2024-05-30T03:47:48.428850973-06:00" level=debug msg="Invoked cartservice-oah7kyny8t81ifpdzn3t.default.192.168.1.240.sslip.io in 13958 usec\n"
time="2024-05-30T03:47:55.919950149-06:00" level=debug msg="Invoking: gptj-python-3dbjxphbvt6hjb2tf5ab.default.192.168.1.240.sslip.io:80"
time="2024-05-30T03:47:55.929911945-06:00" level=debug msg="Invoked gptj-python-3dbjxphbvt6hjb2tf5ab.default.192.168.1.240.sslip.io in 9974 usec\n"
time="2024-05-30T03:48:03.426625435-06:00" level=debug msg="Invoking: gptj-python-3dbjxphbvt6hjb2tf5ab.default.192.168.1.240.sslip.io:80"
time="2024-05-30T03:48:03.435906941-06:00" level=debug msg="Invoked gptj-python-3dbjxphbvt6hjb2tf5ab.default.192.168.1.240.sslip.io in 9316 usec\n"
time="2024-05-30T03:48:10.931898214-06:00" level=debug msg="Invoking: gptj-python-3dbjxphbvt6hjb2tf5ab.default.192.168.1.240.sslip.io:80"
time="2024-05-30T03:48:10.942331237-06:00" level=debug msg="Invoked gptj-python-3dbjxphbvt6hjb2tf5ab.default.192.168.1.240.sslip.io in 10449 usec\n"
time="2024-05-30T03:48:18.395874403-06:00" level=debug msg="Minute: 11"
time="2024-05-30T03:48:18.395974792-06:00" level=debug msg="Number of Invocations this iteration: 8"
time="2024-05-30T03:48:18.39608666-06:00" level=debug msg="Invoking: image-rotate-go-6-0d4p7u3210ie5e8nz429.default.192.168.1.240.sslip.io:80"
time="2024-05-30T03:48:25.900530044-06:00" level=debug msg="Invoking: gptj-python-3dbjxphbvt6hjb2tf5ab.default.192.168.1.240.sslip.io:80"
time="2024-05-30T03:48:25.911707815-06:00" level=debug msg="Invoked gptj-python-3dbjxphbvt6hjb2tf5ab.default.192.168.1.240.sslip.io in 11189 usec\n"
time="2024-05-30T03:48:31.095063612-06:00" level=debug msg="Invoked image-rotate-go-6-0d4p7u3210ie5e8nz429.default.192.168.1.240.sslip.io in 12698977 usec\n"
time="2024-05-30T03:48:33.402249214-06:00" level=debug msg="Invoking: gptj-python-3dbjxphbvt6hjb2tf5ab.default.192.168.1.240.sslip.io:80"
time="2024-05-30T03:48:33.412244745-06:00" level=debug msg="Invoked gptj-python-3dbjxphbvt6hjb2tf5ab.default.192.168.1.240.sslip.io in 10006 usec\n"
time="2024-05-30T03:48:40.908329455-06:00" level=debug msg="Invoking: gptj-python-3dbjxphbvt6hjb2tf5ab.default.192.168.1.240.sslip.io:80"
time="2024-05-30T03:48:40.918783148-06:00" level=debug msg="Invoked gptj-python-3dbjxphbvt6hjb2tf5ab.default.192.168.1.240.sslip.io in 10465 usec\n"
time="2024-05-30T03:48:48.41193144-06:00" level=debug msg="Invoking: cartservice-oah7kyny8t81ifpdzn3t.default.192.168.1.240.sslip.io:80"
time="2024-05-30T03:48:48.426446148-06:00" level=debug msg="Invoked cartservice-oah7kyny8t81ifpdzn3t.default.192.168.1.240.sslip.io in 14525 usec\n"
time="2024-05-30T03:48:55.912159156-06:00" level=debug msg="Invoking: gptj-python-3dbjxphbvt6hjb2tf5ab.default.192.168.1.240.sslip.io:80"
time="2024-05-30T03:48:55.926861467-06:00" level=debug msg="Invoked gptj-python-3dbjxphbvt6hjb2tf5ab.default.192.168.1.240.sslip.io in 14712 usec\n"
time="2024-05-30T03:49:03.412397284-06:00" level=debug msg="Invoking: gptj-python-3dbjxphbvt6hjb2tf5ab.default.192.168.1.240.sslip.io:80"
time="2024-05-30T03:49:03.424158874-06:00" level=debug msg="Invoked gptj-python-3dbjxphbvt6hjb2tf5ab.default.192.168.1.240.sslip.io in 11846 usec\n"
time="2024-05-30T03:49:10.918841196-06:00" level=debug msg="Invoking: gptj-python-3dbjxphbvt6hjb2tf5ab.default.192.168.1.240.sslip.io:80"
time="2024-05-30T03:49:10.928669088-06:00" level=debug msg="Invoked gptj-python-3dbjxphbvt6hjb2tf5ab.default.192.168.1.240.sslip.io in 9839 usec\n"
time="2024-05-30T03:49:18.39592566-06:00" level=debug msg="Minute: 12"
time="2024-05-30T03:49:18.396074134-06:00" level=debug msg="Number of Invocations this iteration: 8"
time="2024-05-30T03:49:18.396183465-06:00" level=debug msg="Invoking: cartservice-oah7kyny8t81ifpdzn3t.default.192.168.1.240.sslip.io:80"
time="2024-05-30T03:49:18.409559572-06:00" level=debug msg="Invoked cartservice-oah7kyny8t81ifpdzn3t.default.192.168.1.240.sslip.io in 13373 usec\n"
time="2024-05-30T03:49:25.899925686-06:00" level=debug msg="Invoking: gptj-python-3dbjxphbvt6hjb2tf5ab.default.192.168.1.240.sslip.io:80"
time="2024-05-30T03:49:25.909722795-06:00" level=debug msg="Invoked gptj-python-3dbjxphbvt6hjb2tf5ab.default.192.168.1.240.sslip.io in 9830 usec\n"
time="2024-05-30T03:49:33.403939969-06:00" level=debug msg="Invoking: gptj-python-3dbjxphbvt6hjb2tf5ab.default.192.168.1.240.sslip.io:80"
time="2024-05-30T03:49:33.414323856-06:00" level=debug msg="Invoked gptj-python-3dbjxphbvt6hjb2tf5ab.default.192.168.1.240.sslip.io in 10396 usec\n"
time="2024-05-30T03:49:40.909027323-06:00" level=debug msg="Invoking: gptj-python-3dbjxphbvt6hjb2tf5ab.default.192.168.1.240.sslip.io:80"
time="2024-05-30T03:49:40.919300614-06:00" level=debug msg="Invoked gptj-python-3dbjxphbvt6hjb2tf5ab.default.192.168.1.240.sslip.io in 10285 usec\n"
time="2024-05-30T03:49:48.411940961-06:00" level=debug msg="Invoking: cartservice-oah7kyny8t81ifpdzn3t.default.192.168.1.240.sslip.io:80"
time="2024-05-30T03:49:48.424123183-06:00" level=debug msg="Invoked cartservice-oah7kyny8t81ifpdzn3t.default.192.168.1.240.sslip.io in 12195 usec\n"
time="2024-05-30T03:49:55.917223304-06:00" level=debug msg="Invoking: gptj-python-3dbjxphbvt6hjb2tf5ab.default.192.168.1.240.sslip.io:80"
time="2024-05-30T03:49:55.926934099-06:00" level=debug msg="Invoked gptj-python-3dbjxphbvt6hjb2tf5ab.default.192.168.1.240.sslip.io in 9713 usec\n"
time="2024-05-30T03:50:03.423946552-06:00" level=debug msg="Invoking: gptj-python-3dbjxphbvt6hjb2tf5ab.default.192.168.1.240.sslip.io:80"
time="2024-05-30T03:50:03.435205431-06:00" level=debug msg="Invoked gptj-python-3dbjxphbvt6hjb2tf5ab.default.192.168.1.240.sslip.io in 11269 usec\n"
time="2024-05-30T03:50:10.927885403-06:00" level=debug msg="Invoking: gptj-python-3dbjxphbvt6hjb2tf5ab.default.192.168.1.240.sslip.io:80"
time="2024-05-30T03:50:10.938674698-06:00" level=debug msg="Invoked gptj-python-3dbjxphbvt6hjb2tf5ab.default.192.168.1.240.sslip.io in 10796 usec\n"
time="2024-05-30T03:50:18.395908672-06:00" level=debug msg="Minute: 13"
time="2024-05-30T03:50:18.396010655-06:00" level=debug msg="Number of Invocations this iteration: 8"
time="2024-05-30T03:50:18.396099995-06:00" level=debug msg="Invoking: cartservice-oah7kyny8t81ifpdzn3t.default.192.168.1.240.sslip.io:80"
time="2024-05-30T03:50:18.408571032-06:00" level=debug msg="Invoked cartservice-oah7kyny8t81ifpdzn3t.default.192.168.1.240.sslip.io in 12469 usec\n"
time="2024-05-30T03:50:25.899867307-06:00" level=debug msg="Invoking: gptj-python-3dbjxphbvt6hjb2tf5ab.default.192.168.1.240.sslip.io:80"
time="2024-05-30T03:50:25.910133505-06:00" level=debug msg="Invoked gptj-python-3dbjxphbvt6hjb2tf5ab.default.192.168.1.240.sslip.io in 10277 usec\n"
time="2024-05-30T03:50:33.403899216-06:00" level=debug msg="Invoking: gptj-python-3dbjxphbvt6hjb2tf5ab.default.192.168.1.240.sslip.io:80"
time="2024-05-30T03:50:33.414498727-06:00" level=debug msg="Invoked gptj-python-3dbjxphbvt6hjb2tf5ab.default.192.168.1.240.sslip.io in 10611 usec\n"
time="2024-05-30T03:50:40.907940251-06:00" level=debug msg="Invoking: gptj-python-3dbjxphbvt6hjb2tf5ab.default.192.168.1.240.sslip.io:80"
time="2024-05-30T03:50:40.918560587-06:00" level=debug msg="Invoked gptj-python-3dbjxphbvt6hjb2tf5ab.default.192.168.1.240.sslip.io in 10635 usec\n"
time="2024-05-30T03:50:48.411908831-06:00" level=debug msg="Invoking: cartservice-oah7kyny8t81ifpdzn3t.default.192.168.1.240.sslip.io:80"
time="2024-05-30T03:50:48.424047471-06:00" level=debug msg="Invoked cartservice-oah7kyny8t81ifpdzn3t.default.192.168.1.240.sslip.io in 12147 usec\n"
time="2024-05-30T03:50:55.915906041-06:00" level=debug msg="Invoking: gptj-python-3dbjxphbvt6hjb2tf5ab.default.192.168.1.240.sslip.io:80"
time="2024-05-30T03:50:55.925792689-06:00" level=debug msg="Invoked gptj-python-3dbjxphbvt6hjb2tf5ab.default.192.168.1.240.sslip.io in 9895 usec\n"
time="2024-05-30T03:51:03.416544332-06:00" level=debug msg="Invoking: gptj-python-3dbjxphbvt6hjb2tf5ab.default.192.168.1.240.sslip.io:80"
time="2024-05-30T03:51:03.42699799-06:00" level=debug msg="Invoked gptj-python-3dbjxphbvt6hjb2tf5ab.default.192.168.1.240.sslip.io in 10529 usec\n"
time="2024-05-30T03:51:10.919973152-06:00" level=debug msg="Invoking: gptj-python-3dbjxphbvt6hjb2tf5ab.default.192.168.1.240.sslip.io:80"
time="2024-05-30T03:51:10.929607185-06:00" level=debug msg="Invoked gptj-python-3dbjxphbvt6hjb2tf5ab.default.192.168.1.240.sslip.io in 9631 usec\n"
time="2024-05-30T03:51:18.395990024-06:00" level=info msg="Experiment Phase Completed"
time="2024-05-30T03:51:18.39612087-06:00" level=info msg="Issued / completed requests: 112, 112"
time="2024-05-30T03:51:18.396156791-06:00" level=info msg="Average Real RPS: 0.13 "
time="2024-05-30T03:51:18.396181577-06:00" level=info msg="Experiment finished!"
time="2024-05-30T03:51:18.396208172-06:00" level=info msg="The measured latencies are saved in rps_lat.csv"
