time="2024-05-30T07:21:06.805491504-06:00" level=info msg="Reading the endpoints from the file: video-analytics-standalone-python-30-300/endpoints.json"
time="2024-05-30T07:24:21.653347726-06:00" level=warning msg="Failed to invoke video-analytics-standalone-python-30-gh4m2p3.default.192.168.1.240.sslip.io:80, err=rpc error: code = DeadlineExceeded desc = context deadline exceeded"
time="2024-05-30T07:24:26.669161824-06:00" level=warning msg="Failed to invoke video-analytics-standalone-python-30-gh4m2p3.default.192.168.1.240.sslip.io:80, err=rpc error: code = DeadlineExceeded desc = context deadline exceeded"
time="2024-05-30T07:24:31.689595912-06:00" level=warning msg="Failed to invoke video-analytics-standalone-python-30-gh4m2p3.default.192.168.1.240.sslip.io:80, err=rpc error: code = DeadlineExceeded desc = context deadline exceeded"
time="2024-05-30T07:24:36.709145442-06:00" level=warning msg="Failed to invoke video-analytics-standalone-python-30-gh4m2p3.default.192.168.1.240.sslip.io:80, err=rpc error: code = DeadlineExceeded desc = context deadline exceeded"
time="2024-05-30T07:24:41.729123887-06:00" level=warning msg="Failed to invoke video-analytics-standalone-python-30-gh4m2p3.default.192.168.1.240.sslip.io:80, err=rpc error: code = DeadlineExceeded desc = context deadline exceeded"
time="2024-05-30T07:24:46.749148628-06:00" level=warning msg="Failed to invoke video-analytics-standalone-python-30-gh4m2p3.default.192.168.1.240.sslip.io:80, err=rpc error: code = DeadlineExceeded desc = context deadline exceeded"
time="2024-05-30T07:24:51.769165398-06:00" level=warning msg="Failed to invoke video-analytics-standalone-python-30-gh4m2p3.default.192.168.1.240.sslip.io:80, err=rpc error: code = DeadlineExceeded desc = context deadline exceeded"
time="2024-05-30T07:24:56.786694778-06:00" level=warning msg="Failed to invoke video-analytics-standalone-python-30-gh4m2p3.default.192.168.1.240.sslip.io:80, err=rpc error: code = Unavailable desc = upstream request timeout"
time="2024-05-30T07:25:01.81311223-06:00" level=warning msg="Failed to invoke video-analytics-standalone-python-30-gh4m2p3.default.192.168.1.240.sslip.io:80, err=rpc error: code = DeadlineExceeded desc = context deadline exceeded"
time="2024-05-30T07:25:06.828169246-06:00" level=warning msg="Failed to invoke video-analytics-standalone-python-30-gh4m2p3.default.192.168.1.240.sslip.io:80, err=rpc error: code = Unavailable desc = upstream request timeout"
time="2024-05-30T07:25:11.852591821-06:00" level=warning msg="Failed to invoke video-analytics-standalone-python-30-gh4m2p3.default.192.168.1.240.sslip.io:80, err=rpc error: code = Unavailable desc = upstream request timeout"
time="2024-05-30T07:25:16.871338351-06:00" level=warning msg="Failed to invoke video-analytics-standalone-python-30-gh4m2p3.default.192.168.1.240.sslip.io:80, err=rpc error: code = Unavailable desc = upstream request timeout"
time="2024-05-30T07:25:21.89094088-06:00" level=warning msg="Failed to invoke video-analytics-standalone-python-30-gh4m2p3.default.192.168.1.240.sslip.io:80, err=rpc error: code = Unavailable desc = upstream request timeout"
time="2024-05-30T07:25:26.914252621-06:00" level=warning msg="Failed to invoke video-analytics-standalone-python-30-gh4m2p3.default.192.168.1.240.sslip.io:80, err=rpc error: code = DeadlineExceeded desc = context deadline exceeded"
time="2024-05-30T07:25:31.932176616-06:00" level=warning msg="Failed to invoke video-analytics-standalone-python-30-gh4m2p3.default.192.168.1.240.sslip.io:80, err=rpc error: code = Unavailable desc = upstream request timeout"
time="2024-05-30T07:25:36.952604495-06:00" level=warning msg="Failed to invoke video-analytics-standalone-python-30-gh4m2p3.default.192.168.1.240.sslip.io:80, err=rpc error: code = Unavailable desc = upstream request timeout"
time="2024-05-30T07:25:41.970183994-06:00" level=warning msg="Failed to invoke video-analytics-standalone-python-30-gh4m2p3.default.192.168.1.240.sslip.io:80, err=rpc error: code = Unavailable desc = upstream request timeout"
time="2024-05-30T07:25:46.991040997-06:00" level=warning msg="Failed to invoke video-analytics-standalone-python-30-gh4m2p3.default.192.168.1.240.sslip.io:80, err=rpc error: code = Unavailable desc = upstream request timeout"
time="2024-05-30T07:25:52.013542766-06:00" level=warning msg="Failed to invoke video-analytics-standalone-python-30-gh4m2p3.default.192.168.1.240.sslip.io:80, err=rpc error: code = Unavailable desc = upstream request timeout"
time="2024-05-30T07:25:57.03759297-06:00" level=warning msg="Failed to invoke video-analytics-standalone-python-30-gh4m2p3.default.192.168.1.240.sslip.io:80, err=rpc error: code = DeadlineExceeded desc = context deadline exceeded"
time="2024-05-30T07:26:02.057125604-06:00" level=warning msg="Failed to invoke video-analytics-standalone-python-30-gh4m2p3.default.192.168.1.240.sslip.io:80, err=rpc error: code = DeadlineExceeded desc = context deadline exceeded"
time="2024-05-30T07:26:07.074754636-06:00" level=warning msg="Failed to invoke video-analytics-standalone-python-30-gh4m2p3.default.192.168.1.240.sslip.io:80, err=rpc error: code = Unavailable desc = upstream request timeout"
time="2024-05-30T07:26:12.094776408-06:00" level=warning msg="Failed to invoke video-analytics-standalone-python-30-gh4m2p3.default.192.168.1.240.sslip.io:80, err=rpc error: code = Unavailable desc = upstream request timeout"
time="2024-05-30T07:26:17.116388932-06:00" level=warning msg="Failed to invoke video-analytics-standalone-python-30-gh4m2p3.default.192.168.1.240.sslip.io:80, err=rpc error: code = Unavailable desc = upstream request timeout"
time="2024-05-30T07:26:22.135773156-06:00" level=warning msg="Failed to invoke video-analytics-standalone-python-30-gh4m2p3.default.192.168.1.240.sslip.io:80, err=rpc error: code = Unavailable desc = upstream request timeout"
time="2024-05-30T07:26:27.157150502-06:00" level=warning msg="Failed to invoke video-analytics-standalone-python-30-gh4m2p3.default.192.168.1.240.sslip.io:80, err=rpc error: code = DeadlineExceeded desc = context deadline exceeded"
time="2024-05-30T07:26:32.176735597-06:00" level=warning msg="Failed to invoke video-analytics-standalone-python-30-gh4m2p3.default.192.168.1.240.sslip.io:80, err=rpc error: code = DeadlineExceeded desc = context deadline exceeded"
time="2024-05-30T07:26:37.196035482-06:00" level=warning msg="Failed to invoke video-analytics-standalone-python-30-gh4m2p3.default.192.168.1.240.sslip.io:80, err=rpc error: code = Unavailable desc = upstream request timeout"
time="2024-05-30T07:26:42.218789282-06:00" level=warning msg="Failed to invoke video-analytics-standalone-python-30-gh4m2p3.default.192.168.1.240.sslip.io:80, err=rpc error: code = Unavailable desc = upstream request timeout"
time="2024-05-30T07:26:47.241341571-06:00" level=warning msg="Failed to invoke video-analytics-standalone-python-30-gh4m2p3.default.192.168.1.240.sslip.io:80, err=rpc error: code = DeadlineExceeded desc = context deadline exceeded"
time="2024-05-30T07:26:52.259267596-06:00" level=warning msg="Failed to invoke video-analytics-standalone-python-30-gh4m2p3.default.192.168.1.240.sslip.io:80, err=rpc error: code = Unavailable desc = upstream request timeout"
time="2024-05-30T07:26:57.278052683-06:00" level=warning msg="Failed to invoke video-analytics-standalone-python-30-gh4m2p3.default.192.168.1.240.sslip.io:80, err=rpc error: code = Unavailable desc = upstream request timeout"
time="2024-05-30T07:27:02.30338551-06:00" level=warning msg="Failed to invoke video-analytics-standalone-python-30-gh4m2p3.default.192.168.1.240.sslip.io:80, err=rpc error: code = DeadlineExceeded desc = context deadline exceeded"
time="2024-05-30T07:27:07.325651051-06:00" level=warning msg="Failed to invoke video-analytics-standalone-python-30-gh4m2p3.default.192.168.1.240.sslip.io:80, err=rpc error: code = DeadlineExceeded desc = context deadline exceeded"
time="2024-05-30T07:27:12.3404835-06:00" level=warning msg="Failed to invoke video-analytics-standalone-python-30-gh4m2p3.default.192.168.1.240.sslip.io:80, err=rpc error: code = Unavailable desc = upstream request timeout"
time="2024-05-30T07:27:17.361107784-06:00" level=warning msg="Failed to invoke video-analytics-standalone-python-30-gh4m2p3.default.192.168.1.240.sslip.io:80, err=rpc error: code = DeadlineExceeded desc = context deadline exceeded"
time="2024-05-30T07:27:22.379059941-06:00" level=warning msg="Failed to invoke video-analytics-standalone-python-30-gh4m2p3.default.192.168.1.240.sslip.io:80, err=rpc error: code = Unavailable desc = upstream request timeout"
time="2024-05-30T07:27:27.402664345-06:00" level=warning msg="Failed to invoke video-analytics-standalone-python-30-gh4m2p3.default.192.168.1.240.sslip.io:80, err=rpc error: code = Unavailable desc = upstream request timeout"
time="2024-05-30T07:27:32.423864068-06:00" level=warning msg="Failed to invoke video-analytics-standalone-python-30-gh4m2p3.default.192.168.1.240.sslip.io:80, err=rpc error: code = Unavailable desc = upstream request timeout"
time="2024-05-30T07:27:37.445222203-06:00" level=warning msg="Failed to invoke video-analytics-standalone-python-30-gh4m2p3.default.192.168.1.240.sslip.io:80, err=rpc error: code = DeadlineExceeded desc = context deadline exceeded"
time="2024-05-30T07:27:42.463533961-06:00" level=warning msg="Failed to invoke video-analytics-standalone-python-30-gh4m2p3.default.192.168.1.240.sslip.io:80, err=rpc error: code = Unavailable desc = upstream request timeout"
time="2024-05-30T07:27:47.484527062-06:00" level=warning msg="Failed to invoke video-analytics-standalone-python-30-gh4m2p3.default.192.168.1.240.sslip.io:80, err=rpc error: code = Unavailable desc = upstream request timeout"
time="2024-05-30T07:27:52.502077318-06:00" level=warning msg="Failed to invoke video-analytics-standalone-python-30-gh4m2p3.default.192.168.1.240.sslip.io:80, err=rpc error: code = Unavailable desc = upstream request timeout"
time="2024-05-30T07:27:57.524892996-06:00" level=warning msg="Failed to invoke video-analytics-standalone-python-30-gh4m2p3.default.192.168.1.240.sslip.io:80, err=rpc error: code = Unavailable desc = upstream request timeout"
time="2024-05-30T07:28:02.549171429-06:00" level=warning msg="Failed to invoke video-analytics-standalone-python-30-gh4m2p3.default.192.168.1.240.sslip.io:80, err=rpc error: code = DeadlineExceeded desc = context deadline exceeded"
time="2024-05-30T07:28:07.563526316-06:00" level=warning msg="Failed to invoke video-analytics-standalone-python-30-gh4m2p3.default.192.168.1.240.sslip.io:80, err=rpc error: code = Unavailable desc = upstream request timeout"
time="2024-05-30T07:28:12.585759435-06:00" level=warning msg="Failed to invoke video-analytics-standalone-python-30-gh4m2p3.default.192.168.1.240.sslip.io:80, err=rpc error: code = Unavailable desc = upstream request timeout"
time="2024-05-30T07:28:17.60760172-06:00" level=warning msg="Failed to invoke video-analytics-standalone-python-30-gh4m2p3.default.192.168.1.240.sslip.io:80, err=rpc error: code = Unavailable desc = upstream request timeout"
time="2024-05-30T07:28:22.629203848-06:00" level=warning msg="Failed to invoke video-analytics-standalone-python-30-gh4m2p3.default.192.168.1.240.sslip.io:80, err=rpc error: code = DeadlineExceeded desc = context deadline exceeded"
time="2024-05-30T07:28:27.647234493-06:00" level=warning msg="Failed to invoke video-analytics-standalone-python-30-gh4m2p3.default.192.168.1.240.sslip.io:80, err=rpc error: code = Unavailable desc = upstream request timeout"
time="2024-05-30T07:28:32.669814633-06:00" level=warning msg="Failed to invoke video-analytics-standalone-python-30-gh4m2p3.default.192.168.1.240.sslip.io:80, err=rpc error: code = Unavailable desc = upstream request timeout"
time="2024-05-30T07:28:37.686206264-06:00" level=warning msg="Failed to invoke video-analytics-standalone-python-30-gh4m2p3.default.192.168.1.240.sslip.io:80, err=rpc error: code = Unavailable desc = upstream request timeout"
time="2024-05-30T07:28:42.706502146-06:00" level=warning msg="Failed to invoke video-analytics-standalone-python-30-gh4m2p3.default.192.168.1.240.sslip.io:80, err=rpc error: code = Unavailable desc = upstream request timeout"
time="2024-05-30T07:28:47.727801642-06:00" level=warning msg="Failed to invoke video-analytics-standalone-python-30-gh4m2p3.default.192.168.1.240.sslip.io:80, err=rpc error: code = Unavailable desc = upstream request timeout"
time="2024-05-30T07:28:52.749116832-06:00" level=warning msg="Failed to invoke video-analytics-standalone-python-30-gh4m2p3.default.192.168.1.240.sslip.io:80, err=rpc error: code = DeadlineExceeded desc = context deadline exceeded"
time="2024-05-30T07:28:57.769120325-06:00" level=warning msg="Failed to invoke video-analytics-standalone-python-30-gh4m2p3.default.192.168.1.240.sslip.io:80, err=rpc error: code = DeadlineExceeded desc = context deadline exceeded"
time="2024-05-30T07:29:02.793152455-06:00" level=warning msg="Failed to invoke video-analytics-standalone-python-30-gh4m2p3.default.192.168.1.240.sslip.io:80, err=rpc error: code = DeadlineExceeded desc = context deadline exceeded"
time="2024-05-30T07:29:07.813910901-06:00" level=warning msg="Failed to invoke video-analytics-standalone-python-30-gh4m2p3.default.192.168.1.240.sslip.io:80, err=rpc error: code = DeadlineExceeded desc = context deadline exceeded"
time="2024-05-30T07:29:12.833763708-06:00" level=warning msg="Failed to invoke video-analytics-standalone-python-30-gh4m2p3.default.192.168.1.240.sslip.io:80, err=rpc error: code = DeadlineExceeded desc = context deadline exceeded"
time="2024-05-30T07:29:17.853621145-06:00" level=warning msg="Failed to invoke video-analytics-standalone-python-30-gh4m2p3.default.192.168.1.240.sslip.io:80, err=rpc error: code = DeadlineExceeded desc = context deadline exceeded"
time="2024-05-30T07:29:22.871454856-06:00" level=warning msg="Failed to invoke video-analytics-standalone-python-30-gh4m2p3.default.192.168.1.240.sslip.io:80, err=rpc error: code = Unavailable desc = upstream request timeout"
time="2024-05-30T07:29:27.893799788-06:00" level=warning msg="Failed to invoke video-analytics-standalone-python-30-gh4m2p3.default.192.168.1.240.sslip.io:80, err=rpc error: code = Unavailable desc = upstream request timeout"
time="2024-05-30T07:29:32.911813421-06:00" level=warning msg="Failed to invoke video-analytics-standalone-python-30-gh4m2p3.default.192.168.1.240.sslip.io:80, err=rpc error: code = Unavailable desc = upstream request timeout"
time="2024-05-30T07:29:37.930166657-06:00" level=warning msg="Failed to invoke video-analytics-standalone-python-30-gh4m2p3.default.192.168.1.240.sslip.io:80, err=rpc error: code = Unavailable desc = upstream request timeout"
time="2024-05-30T07:29:42.957865987-06:00" level=warning msg="Failed to invoke video-analytics-standalone-python-30-gh4m2p3.default.192.168.1.240.sslip.io:80, err=rpc error: code = Unavailable desc = upstream request timeout"
time="2024-05-30T07:29:47.971760489-06:00" level=warning msg="Failed to invoke video-analytics-standalone-python-30-gh4m2p3.default.192.168.1.240.sslip.io:80, err=rpc error: code = Unavailable desc = upstream request timeout"
time="2024-05-30T07:29:52.99379142-06:00" level=warning msg="Failed to invoke video-analytics-standalone-python-30-gh4m2p3.default.192.168.1.240.sslip.io:80, err=rpc error: code = Unavailable desc = upstream request timeout"
time="2024-05-30T07:29:58.017117443-06:00" level=warning msg="Failed to invoke video-analytics-standalone-python-30-gh4m2p3.default.192.168.1.240.sslip.io:80, err=rpc error: code = DeadlineExceeded desc = context deadline exceeded"
time="2024-05-30T07:30:03.037604996-06:00" level=warning msg="Failed to invoke video-analytics-standalone-python-30-gh4m2p3.default.192.168.1.240.sslip.io:80, err=rpc error: code = Unavailable desc = upstream request timeout"
time="2024-05-30T07:30:08.055387952-06:00" level=warning msg="Failed to invoke video-analytics-standalone-python-30-gh4m2p3.default.192.168.1.240.sslip.io:80, err=rpc error: code = Unavailable desc = upstream request timeout"
time="2024-05-30T07:30:13.076351709-06:00" level=warning msg="Failed to invoke video-analytics-standalone-python-30-gh4m2p3.default.192.168.1.240.sslip.io:80, err=rpc error: code = Unavailable desc = upstream request timeout"
time="2024-05-30T07:30:18.096527733-06:00" level=warning msg="Failed to invoke video-analytics-standalone-python-30-gh4m2p3.default.192.168.1.240.sslip.io:80, err=rpc error: code = Unavailable desc = upstream request timeout"
time="2024-05-30T07:30:23.118110487-06:00" level=warning msg="Failed to invoke video-analytics-standalone-python-30-gh4m2p3.default.192.168.1.240.sslip.io:80, err=rpc error: code = Unavailable desc = upstream request timeout"
time="2024-05-30T07:30:28.133903643-06:00" level=warning msg="Failed to invoke video-analytics-standalone-python-30-gh4m2p3.default.192.168.1.240.sslip.io:80, err=rpc error: code = Unavailable desc = upstream request timeout"
time="2024-05-30T07:30:33.157657887-06:00" level=warning msg="Failed to invoke video-analytics-standalone-python-30-gh4m2p3.default.192.168.1.240.sslip.io:80, err=rpc error: code = DeadlineExceeded desc = context deadline exceeded"
time="2024-05-30T07:30:38.181941057-06:00" level=warning msg="Failed to invoke video-analytics-standalone-python-30-gh4m2p3.default.192.168.1.240.sslip.io:80, err=rpc error: code = Unavailable desc = upstream request timeout"
time="2024-05-30T07:30:43.200011888-06:00" level=warning msg="Failed to invoke video-analytics-standalone-python-30-gh4m2p3.default.192.168.1.240.sslip.io:80, err=rpc error: code = Unavailable desc = upstream request timeout"
time="2024-05-30T07:30:48.21989128-06:00" level=warning msg="Failed to invoke video-analytics-standalone-python-30-gh4m2p3.default.192.168.1.240.sslip.io:80, err=rpc error: code = Unavailable desc = upstream request timeout"
time="2024-05-30T07:30:53.241182408-06:00" level=warning msg="Failed to invoke video-analytics-standalone-python-30-gh4m2p3.default.192.168.1.240.sslip.io:80, err=rpc error: code = DeadlineExceeded desc = context deadline exceeded"
time="2024-05-30T07:30:58.261122918-06:00" level=warning msg="Failed to invoke video-analytics-standalone-python-30-gh4m2p3.default.192.168.1.240.sslip.io:80, err=rpc error: code = DeadlineExceeded desc = context deadline exceeded"
time="2024-05-30T07:31:03.280788609-06:00" level=warning msg="Failed to invoke video-analytics-standalone-python-30-gh4m2p3.default.192.168.1.240.sslip.io:80, err=rpc error: code = Unavailable desc = upstream request timeout"
time="2024-05-30T07:31:08.298594937-06:00" level=warning msg="Failed to invoke video-analytics-standalone-python-30-gh4m2p3.default.192.168.1.240.sslip.io:80, err=rpc error: code = Unavailable desc = upstream request timeout"
time="2024-05-30T07:31:13.325188235-06:00" level=warning msg="Failed to invoke video-analytics-standalone-python-30-gh4m2p3.default.192.168.1.240.sslip.io:80, err=rpc error: code = DeadlineExceeded desc = context deadline exceeded"
time="2024-05-30T07:31:18.340860029-06:00" level=warning msg="Failed to invoke video-analytics-standalone-python-30-gh4m2p3.default.192.168.1.240.sslip.io:80, err=rpc error: code = Unavailable desc = upstream request timeout"
time="2024-05-30T07:31:23.360917046-06:00" level=warning msg="Failed to invoke video-analytics-standalone-python-30-gh4m2p3.default.192.168.1.240.sslip.io:80, err=rpc error: code = Unavailable desc = upstream request timeout"
time="2024-05-30T07:31:28.384226428-06:00" level=warning msg="Failed to invoke video-analytics-standalone-python-30-gh4m2p3.default.192.168.1.240.sslip.io:80, err=rpc error: code = Unavailable desc = upstream request timeout"
time="2024-05-30T07:31:33.403463722-06:00" level=warning msg="Failed to invoke video-analytics-standalone-python-30-gh4m2p3.default.192.168.1.240.sslip.io:80, err=rpc error: code = Unavailable desc = upstream request timeout"
time="2024-05-30T07:31:38.422457582-06:00" level=warning msg="Failed to invoke video-analytics-standalone-python-30-gh4m2p3.default.192.168.1.240.sslip.io:80, err=rpc error: code = Unavailable desc = upstream request timeout"
time="2024-05-30T07:31:43.442161951-06:00" level=warning msg="Failed to invoke video-analytics-standalone-python-30-gh4m2p3.default.192.168.1.240.sslip.io:80, err=rpc error: code = DeadlineExceeded desc = context deadline exceeded"
time="2024-05-30T07:31:48.465108589-06:00" level=warning msg="Failed to invoke video-analytics-standalone-python-30-gh4m2p3.default.192.168.1.240.sslip.io:80, err=rpc error: code = Unavailable desc = upstream request timeout"
time="2024-05-30T07:31:53.483908095-06:00" level=warning msg="Failed to invoke video-analytics-standalone-python-30-gh4m2p3.default.192.168.1.240.sslip.io:80, err=rpc error: code = Unavailable desc = upstream request timeout"
time="2024-05-30T07:31:58.502365058-06:00" level=warning msg="Failed to invoke video-analytics-standalone-python-30-gh4m2p3.default.192.168.1.240.sslip.io:80, err=rpc error: code = Unavailable desc = upstream request timeout"
time="2024-05-30T07:32:03.524392386-06:00" level=warning msg="Failed to invoke video-analytics-standalone-python-30-gh4m2p3.default.192.168.1.240.sslip.io:80, err=rpc error: code = Unavailable desc = upstream request timeout"
time="2024-05-30T07:32:08.549577507-06:00" level=warning msg="Failed to invoke video-analytics-standalone-python-30-gh4m2p3.default.192.168.1.240.sslip.io:80, err=rpc error: code = DeadlineExceeded desc = context deadline exceeded"
time="2024-05-30T07:32:13.564077946-06:00" level=warning msg="Failed to invoke video-analytics-standalone-python-30-gh4m2p3.default.192.168.1.240.sslip.io:80, err=rpc error: code = Unavailable desc = upstream request timeout"
time="2024-05-30T07:32:18.587958385-06:00" level=warning msg="Failed to invoke video-analytics-standalone-python-30-gh4m2p3.default.192.168.1.240.sslip.io:80, err=rpc error: code = Unavailable desc = upstream request timeout"
time="2024-05-30T07:32:23.609189611-06:00" level=warning msg="Failed to invoke video-analytics-standalone-python-30-gh4m2p3.default.192.168.1.240.sslip.io:80, err=rpc error: code = Unavailable desc = upstream request timeout"
time="2024-05-30T07:32:28.629192491-06:00" level=warning msg="Failed to invoke video-analytics-standalone-python-30-gh4m2p3.default.192.168.1.240.sslip.io:80, err=rpc error: code = DeadlineExceeded desc = context deadline exceeded"
time="2024-05-30T07:32:33.649881508-06:00" level=warning msg="Failed to invoke video-analytics-standalone-python-30-gh4m2p3.default.192.168.1.240.sslip.io:80, err=rpc error: code = Unavailable desc = upstream request timeout"
time="2024-05-30T07:32:38.666812414-06:00" level=warning msg="Failed to invoke video-analytics-standalone-python-30-gh4m2p3.default.192.168.1.240.sslip.io:80, err=rpc error: code = Unavailable desc = upstream request timeout"
time="2024-05-30T07:32:43.687116481-06:00" level=warning msg="Failed to invoke video-analytics-standalone-python-30-gh4m2p3.default.192.168.1.240.sslip.io:80, err=rpc error: code = Unavailable desc = upstream request timeout"
time="2024-05-30T07:32:48.707764345-06:00" level=warning msg="Failed to invoke video-analytics-standalone-python-30-gh4m2p3.default.192.168.1.240.sslip.io:80, err=rpc error: code = Unavailable desc = upstream request timeout"
time="2024-05-30T07:32:53.727831666-06:00" level=warning msg="Failed to invoke video-analytics-standalone-python-30-gh4m2p3.default.192.168.1.240.sslip.io:80, err=rpc error: code = DeadlineExceeded desc = context deadline exceeded"
time="2024-05-30T07:32:58.747928853-06:00" level=warning msg="Failed to invoke video-analytics-standalone-python-30-gh4m2p3.default.192.168.1.240.sslip.io:80, err=rpc error: code = Unavailable desc = upstream request timeout"
time="2024-05-30T07:33:03.77312236-06:00" level=warning msg="Failed to invoke video-analytics-standalone-python-30-gh4m2p3.default.192.168.1.240.sslip.io:80, err=rpc error: code = DeadlineExceeded desc = context deadline exceeded"
time="2024-05-30T07:33:08.791546853-06:00" level=warning msg="Failed to invoke video-analytics-standalone-python-30-gh4m2p3.default.192.168.1.240.sslip.io:80, err=rpc error: code = Unavailable desc = upstream request timeout"
time="2024-05-30T07:33:13.813284762-06:00" level=warning msg="Failed to invoke video-analytics-standalone-python-30-gh4m2p3.default.192.168.1.240.sslip.io:80, err=rpc error: code = DeadlineExceeded desc = context deadline exceeded"
time="2024-05-30T07:33:18.833133191-06:00" level=warning msg="Failed to invoke video-analytics-standalone-python-30-gh4m2p3.default.192.168.1.240.sslip.io:80, err=rpc error: code = DeadlineExceeded desc = context deadline exceeded"
time="2024-05-30T07:33:23.856811741-06:00" level=warning msg="Failed to invoke video-analytics-standalone-python-30-gh4m2p3.default.192.168.1.240.sslip.io:80, err=rpc error: code = DeadlineExceeded desc = Deadline Exceeded"
time="2024-05-30T07:33:28.873139093-06:00" level=warning msg="Failed to invoke video-analytics-standalone-python-30-gh4m2p3.default.192.168.1.240.sslip.io:80, err=rpc error: code = DeadlineExceeded desc = context deadline exceeded"
time="2024-05-30T07:33:33.893146609-06:00" level=warning msg="Failed to invoke video-analytics-standalone-python-30-gh4m2p3.default.192.168.1.240.sslip.io:80, err=rpc error: code = DeadlineExceeded desc = context deadline exceeded"
time="2024-05-30T07:33:38.913152609-06:00" level=warning msg="Failed to invoke video-analytics-standalone-python-30-gh4m2p3.default.192.168.1.240.sslip.io:80, err=rpc error: code = DeadlineExceeded desc = context deadline exceeded"
time="2024-05-30T07:33:43.935506365-06:00" level=warning msg="Failed to invoke video-analytics-standalone-python-30-gh4m2p3.default.192.168.1.240.sslip.io:80, err=rpc error: code = Unavailable desc = upstream request timeout"
time="2024-05-30T07:33:48.956729698-06:00" level=warning msg="Failed to invoke video-analytics-standalone-python-30-gh4m2p3.default.192.168.1.240.sslip.io:80, err=rpc error: code = DeadlineExceeded desc = Deadline Exceeded"
time="2024-05-30T07:33:53.973764564-06:00" level=warning msg="Failed to invoke video-analytics-standalone-python-30-gh4m2p3.default.192.168.1.240.sslip.io:80, err=rpc error: code = Unavailable desc = upstream request timeout"
time="2024-05-30T07:33:58.991537287-06:00" level=warning msg="Failed to invoke video-analytics-standalone-python-30-gh4m2p3.default.192.168.1.240.sslip.io:80, err=rpc error: code = Unavailable desc = upstream request timeout"
time="2024-05-30T07:34:04.015310682-06:00" level=warning msg="Failed to invoke video-analytics-standalone-python-30-gh4m2p3.default.192.168.1.240.sslip.io:80, err=rpc error: code = Unavailable desc = upstream request timeout"
time="2024-05-30T07:34:09.036830615-06:00" level=warning msg="Failed to invoke video-analytics-standalone-python-30-gh4m2p3.default.192.168.1.240.sslip.io:80, err=rpc error: code = Unavailable desc = upstream request timeout"
time="2024-05-30T07:34:10.990675409-06:00" level=info msg="Issued / completed requests: 156, 33"
time="2024-05-30T07:34:10.990793317-06:00" level=info msg="Real / target RPS: 0.04 / 0.2"
time="2024-05-30T07:34:10.990820644-06:00" level=info msg="Experiment finished!"
time="2024-05-30T07:34:10.990848015-06:00" level=info msg="The measured latencies are saved in video-analytics-standalone-python-30-300/lat.txt"
time="2024-05-30T07:34:10.991121002-06:00" level=info msg="The measured function durations are saved in video-analytics-standalone-python-30-300/dur.txt"
