time="2024-05-30T02:44:16.998677087-06:00" level=debug msg="Debug logging is enabled"
time="2024-05-30T02:44:16.998873475-06:00" level=info msg="Reading the trace endpoints from the file: /users/ArunAMS/vSwarm/tools/load-generator/load.json"
time="2024-05-30T02:44:17.000595206-06:00" level=info msg="Warmup Duration: 3"
time="2024-05-30T02:44:17.000627186-06:00" level=info msg="Experiment Duration: 11"
time="2024-05-30T02:44:17.000652403-06:00" level=info msg="Minute Granularity: true"
time="2024-05-30T02:45:17.058594043-06:00" level=info msg="Running Warmup Phase"
time="2024-05-30T02:45:17.058669909-06:00" level=debug msg="Minute: 0"
time="2024-05-30T02:45:17.058750506-06:00" level=debug msg="Number of Invocations this iteration: 8"
time="2024-05-30T02:45:17.058861171-06:00" level=debug msg="Invoking: cartservice-5yiwnw4r3quwaex1di0o.default.192.168.1.240.sslip.io:80"
time="2024-05-30T02:45:24.565958321-06:00" level=debug msg="Invoking: gptj-python-c5wwplkw538ully885fc.default.192.168.1.240.sslip.io:80"
time="2024-05-30T02:45:32.066840581-06:00" level=debug msg="Invoking: gptj-python-c5wwplkw538ully885fc.default.192.168.1.240.sslip.io:80"
time="2024-05-30T02:45:39.573819952-06:00" level=debug msg="Invoking: gptj-python-c5wwplkw538ully885fc.default.192.168.1.240.sslip.io:80"
time="2024-05-30T02:45:47.074695921-06:00" level=debug msg="Invoking: cartservice-5yiwnw4r3quwaex1di0o.default.192.168.1.240.sslip.io:80"
time="2024-05-30T02:45:54.581407833-06:00" level=debug msg="Invoking: gptj-python-c5wwplkw538ully885fc.default.192.168.1.240.sslip.io:80"
time="2024-05-30T02:46:02.086140013-06:00" level=debug msg="Invoking: gptj-python-c5wwplkw538ully885fc.default.192.168.1.240.sslip.io:80"
time="2024-05-30T02:46:09.593111044-06:00" level=debug msg="Invoking: gptj-python-c5wwplkw538ully885fc.default.192.168.1.240.sslip.io:80"
time="2024-05-30T02:46:17.00544941-06:00" level=debug msg="Minute: 1"
time="2024-05-30T02:46:17.005545935-06:00" level=debug msg="Number of Invocations this iteration: 8"
time="2024-05-30T02:46:17.005635811-06:00" level=debug msg="Invoking: image-rotate-go-6-qsrjta98697a39gl1f0d.default.192.168.1.240.sslip.io:80"
time="2024-05-30T02:46:24.50920177-06:00" level=debug msg="Invoking: gptj-python-c5wwplkw538ully885fc.default.192.168.1.240.sslip.io:80"
time="2024-05-30T02:46:32.010269312-06:00" level=debug msg="Invoking: gptj-python-c5wwplkw538ully885fc.default.192.168.1.240.sslip.io:80"
time="2024-05-30T02:46:39.517143144-06:00" level=debug msg="Invoking: gptj-python-c5wwplkw538ully885fc.default.192.168.1.240.sslip.io:80"
time="2024-05-30T02:46:47.017367699-06:00" level=debug msg="Invoking: cartservice-5yiwnw4r3quwaex1di0o.default.192.168.1.240.sslip.io:80"
time="2024-05-30T02:46:54.524152868-06:00" level=debug msg="Invoking: gptj-python-c5wwplkw538ully885fc.default.192.168.1.240.sslip.io:80"
time="2024-05-30T02:47:02.029116876-06:00" level=debug msg="Invoking: gptj-python-c5wwplkw538ully885fc.default.192.168.1.240.sslip.io:80"
time="2024-05-30T02:47:09.533266427-06:00" level=debug msg="Invoking: gptj-python-c5wwplkw538ully885fc.default.192.168.1.240.sslip.io:80"
time="2024-05-30T02:47:17.005114926-06:00" level=debug msg="Minute: 2"
time="2024-05-30T02:47:17.005207378-06:00" level=debug msg="Number of Invocations this iteration: 8"
time="2024-05-30T02:47:17.005320156-06:00" level=debug msg="Invoking: cartservice-5yiwnw4r3quwaex1di0o.default.192.168.1.240.sslip.io:80"
time="2024-05-30T02:47:24.509172253-06:00" level=debug msg="Invoking: gptj-python-c5wwplkw538ully885fc.default.192.168.1.240.sslip.io:80"
time="2024-05-30T02:47:32.013154855-06:00" level=debug msg="Invoking: gptj-python-c5wwplkw538ully885fc.default.192.168.1.240.sslip.io:80"
time="2024-05-30T02:47:39.517176773-06:00" level=debug msg="Invoking: gptj-python-c5wwplkw538ully885fc.default.192.168.1.240.sslip.io:80"
time="2024-05-30T02:47:47.02380757-06:00" level=debug msg="Invoking: cartservice-5yiwnw4r3quwaex1di0o.default.192.168.1.240.sslip.io:80"
time="2024-05-30T02:47:54.529756213-06:00" level=debug msg="Invoking: gptj-python-c5wwplkw538ully885fc.default.192.168.1.240.sslip.io:80"
time="2024-05-30T02:48:02.033145263-06:00" level=debug msg="Invoking: gptj-python-c5wwplkw538ully885fc.default.192.168.1.240.sslip.io:80"
time="2024-05-30T02:48:09.537176126-06:00" level=debug msg="Invoking: gptj-python-c5wwplkw538ully885fc.default.192.168.1.240.sslip.io:80"
time="2024-05-30T02:48:17.00532696-06:00" level=info msg="Warmup Phase Completed"
time="2024-05-30T02:48:17.005376968-06:00" level=info msg="Running Experiment Phase"
time="2024-05-30T02:48:17.00539251-06:00" level=debug msg="Minute: 3"
time="2024-05-30T02:48:17.005441101-06:00" level=debug msg="Number of Invocations this iteration: 8"
time="2024-05-30T02:48:17.005476922-06:00" level=debug msg="Invoking: cartservice-5yiwnw4r3quwaex1di0o.default.192.168.1.240.sslip.io:80"
time="2024-05-30T02:48:17.020617593-06:00" level=debug msg="Invoked cartservice-5yiwnw4r3quwaex1di0o.default.192.168.1.240.sslip.io in 15135 usec\n"
time="2024-05-30T02:48:24.509118759-06:00" level=debug msg="Invoking: gptj-python-c5wwplkw538ully885fc.default.192.168.1.240.sslip.io:80"
time="2024-05-30T02:48:24.520006903-06:00" level=debug msg="Invoked gptj-python-c5wwplkw538ully885fc.default.192.168.1.240.sslip.io in 10896 usec\n"
time="2024-05-30T02:48:32.013207294-06:00" level=debug msg="Invoking: gptj-python-c5wwplkw538ully885fc.default.192.168.1.240.sslip.io:80"
time="2024-05-30T02:48:32.022940997-06:00" level=debug msg="Invoked gptj-python-c5wwplkw538ully885fc.default.192.168.1.240.sslip.io in 9742 usec\n"
time="2024-05-30T02:48:39.51717703-06:00" level=debug msg="Invoking: gptj-python-c5wwplkw538ully885fc.default.192.168.1.240.sslip.io:80"
time="2024-05-30T02:48:39.527883863-06:00" level=debug msg="Invoked gptj-python-c5wwplkw538ully885fc.default.192.168.1.240.sslip.io in 10746 usec\n"
time="2024-05-30T02:48:47.017763145-06:00" level=debug msg="Invoking: cartservice-5yiwnw4r3quwaex1di0o.default.192.168.1.240.sslip.io:80"
time="2024-05-30T02:48:47.048627334-06:00" level=debug msg="Invoked cartservice-5yiwnw4r3quwaex1di0o.default.192.168.1.240.sslip.io in 30928 usec\n"
time="2024-05-30T02:48:54.524890817-06:00" level=debug msg="Invoking: gptj-python-c5wwplkw538ully885fc.default.192.168.1.240.sslip.io:80"
time="2024-05-30T02:48:54.535766321-06:00" level=debug msg="Invoked gptj-python-c5wwplkw538ully885fc.default.192.168.1.240.sslip.io in 10884 usec\n"
time="2024-05-30T02:49:02.029112381-06:00" level=debug msg="Invoking: gptj-python-c5wwplkw538ully885fc.default.192.168.1.240.sslip.io:80"
time="2024-05-30T02:49:02.039013227-06:00" level=debug msg="Invoked gptj-python-c5wwplkw538ully885fc.default.192.168.1.240.sslip.io in 9907 usec\n"
time="2024-05-30T02:49:09.536442457-06:00" level=debug msg="Invoking: gptj-python-c5wwplkw538ully885fc.default.192.168.1.240.sslip.io:80"
time="2024-05-30T02:49:09.546773303-06:00" level=debug msg="Invoked gptj-python-c5wwplkw538ully885fc.default.192.168.1.240.sslip.io in 10340 usec\n"
time="2024-05-30T02:49:17.005744378-06:00" level=debug msg="Minute: 4"
time="2024-05-30T02:49:17.005837046-06:00" level=debug msg="Number of Invocations this iteration: 8"
time="2024-05-30T02:49:17.005972972-06:00" level=debug msg="Invoking: rnn-serving-python-10-10-sxqcpc60ftgtprcqzp96.default.192.168.1.240.sslip.io:80"
time="2024-05-30T02:49:24.512623878-06:00" level=debug msg="Invoking: gptj-python-c5wwplkw538ully885fc.default.192.168.1.240.sslip.io:80"
time="2024-05-30T02:49:24.523635062-06:00" level=debug msg="Invoked gptj-python-c5wwplkw538ully885fc.default.192.168.1.240.sslip.io in 11018 usec\n"
time="2024-05-30T02:49:27.68180648-06:00" level=debug msg="Invoked rnn-serving-python-10-10-sxqcpc60ftgtprcqzp96.default.192.168.1.240.sslip.io in 10675883 usec\n"
time="2024-05-30T02:49:32.013180674-06:00" level=debug msg="Invoking: gptj-python-c5wwplkw538ully885fc.default.192.168.1.240.sslip.io:80"
time="2024-05-30T02:49:32.024741663-06:00" level=debug msg="Invoked gptj-python-c5wwplkw538ully885fc.default.192.168.1.240.sslip.io in 11569 usec\n"
time="2024-05-30T02:49:39.517760489-06:00" level=debug msg="Invoking: gptj-python-c5wwplkw538ully885fc.default.192.168.1.240.sslip.io:80"
time="2024-05-30T02:49:39.528470007-06:00" level=debug msg="Invoked gptj-python-c5wwplkw538ully885fc.default.192.168.1.240.sslip.io in 10720 usec\n"
time="2024-05-30T02:49:47.0213535-06:00" level=debug msg="Invoking: cartservice-5yiwnw4r3quwaex1di0o.default.192.168.1.240.sslip.io:80"
time="2024-05-30T02:49:47.033422137-06:00" level=debug msg="Invoked cartservice-5yiwnw4r3quwaex1di0o.default.192.168.1.240.sslip.io in 12079 usec\n"
time="2024-05-30T02:49:54.525159496-06:00" level=debug msg="Invoking: gptj-python-c5wwplkw538ully885fc.default.192.168.1.240.sslip.io:80"
time="2024-05-30T02:49:54.535521492-06:00" level=debug msg="Invoked gptj-python-c5wwplkw538ully885fc.default.192.168.1.240.sslip.io in 10370 usec\n"
time="2024-05-30T02:50:02.0315487-06:00" level=debug msg="Invoking: gptj-python-c5wwplkw538ully885fc.default.192.168.1.240.sslip.io:80"
time="2024-05-30T02:50:02.04337869-06:00" level=debug msg="Invoked gptj-python-c5wwplkw538ully885fc.default.192.168.1.240.sslip.io in 11838 usec\n"
time="2024-05-30T02:50:09.537113568-06:00" level=debug msg="Invoking: gptj-python-c5wwplkw538ully885fc.default.192.168.1.240.sslip.io:80"
time="2024-05-30T02:50:09.547957573-06:00" level=debug msg="Invoked gptj-python-c5wwplkw538ully885fc.default.192.168.1.240.sslip.io in 10850 usec\n"
time="2024-05-30T02:50:17.005164759-06:00" level=debug msg="Minute: 5"
time="2024-05-30T02:50:17.005260881-06:00" level=debug msg="Number of Invocations this iteration: 8"
time="2024-05-30T02:50:17.005338892-06:00" level=debug msg="Invoking: cartservice-5yiwnw4r3quwaex1di0o.default.192.168.1.240.sslip.io:80"
time="2024-05-30T02:50:17.0198411-06:00" level=debug msg="Invoked cartservice-5yiwnw4r3quwaex1di0o.default.192.168.1.240.sslip.io in 14500 usec\n"
time="2024-05-30T02:50:24.509118832-06:00" level=debug msg="Invoking: gptj-python-c5wwplkw538ully885fc.default.192.168.1.240.sslip.io:80"
time="2024-05-30T02:50:24.520724843-06:00" level=debug msg="Invoked gptj-python-c5wwplkw538ully885fc.default.192.168.1.240.sslip.io in 11617 usec\n"
time="2024-05-30T02:50:32.013106992-06:00" level=debug msg="Invoking: gptj-python-c5wwplkw538ully885fc.default.192.168.1.240.sslip.io:80"
time="2024-05-30T02:50:32.023356238-06:00" level=debug msg="Invoked gptj-python-c5wwplkw538ully885fc.default.192.168.1.240.sslip.io in 10252 usec\n"
time="2024-05-30T02:50:39.517146376-06:00" level=debug msg="Invoking: gptj-python-c5wwplkw538ully885fc.default.192.168.1.240.sslip.io:80"
time="2024-05-30T02:50:39.527393448-06:00" level=debug msg="Invoked gptj-python-c5wwplkw538ully885fc.default.192.168.1.240.sslip.io in 10252 usec\n"
time="2024-05-30T02:50:47.019996412-06:00" level=debug msg="Invoking: cartservice-5yiwnw4r3quwaex1di0o.default.192.168.1.240.sslip.io:80"
time="2024-05-30T02:50:47.032257214-06:00" level=debug msg="Invoked cartservice-5yiwnw4r3quwaex1di0o.default.192.168.1.240.sslip.io in 13003 usec\n"
time="2024-05-30T02:50:54.525174623-06:00" level=debug msg="Invoking: gptj-python-c5wwplkw538ully885fc.default.192.168.1.240.sslip.io:80"
time="2024-05-30T02:50:54.5358167-06:00" level=debug msg="Invoked gptj-python-c5wwplkw538ully885fc.default.192.168.1.240.sslip.io in 10651 usec\n"
time="2024-05-30T02:51:02.029179476-06:00" level=debug msg="Invoking: gptj-python-c5wwplkw538ully885fc.default.192.168.1.240.sslip.io:80"
time="2024-05-30T02:51:02.039053565-06:00" level=debug msg="Invoked gptj-python-c5wwplkw538ully885fc.default.192.168.1.240.sslip.io in 9883 usec\n"
time="2024-05-30T02:51:09.53311955-06:00" level=debug msg="Invoking: gptj-python-c5wwplkw538ully885fc.default.192.168.1.240.sslip.io:80"
time="2024-05-30T02:51:09.542950577-06:00" level=debug msg="Invoked gptj-python-c5wwplkw538ully885fc.default.192.168.1.240.sslip.io in 9843 usec\n"
time="2024-05-30T02:51:17.006080968-06:00" level=debug msg="Minute: 6"
time="2024-05-30T02:51:17.006185101-06:00" level=debug msg="Number of Invocations this iteration: 8"
time="2024-05-30T02:51:17.006265913-06:00" level=debug msg="Invoking: image-rotate-go-6-qsrjta98697a39gl1f0d.default.192.168.1.240.sslip.io:80"
time="2024-05-30T02:51:24.513119538-06:00" level=debug msg="Invoking: gptj-python-c5wwplkw538ully885fc.default.192.168.1.240.sslip.io:80"
time="2024-05-30T02:51:24.523230522-06:00" level=debug msg="Invoked gptj-python-c5wwplkw538ully885fc.default.192.168.1.240.sslip.io in 10122 usec\n"
time="2024-05-30T02:51:32.018895615-06:00" level=debug msg="Invoking: gptj-python-c5wwplkw538ully885fc.default.192.168.1.240.sslip.io:80"
time="2024-05-30T02:51:32.030932884-06:00" level=debug msg="Invoked gptj-python-c5wwplkw538ully885fc.default.192.168.1.240.sslip.io in 12049 usec\n"
time="2024-05-30T02:51:34.213317316-06:00" level=debug msg="Invoked image-rotate-go-6-qsrjta98697a39gl1f0d.default.192.168.1.240.sslip.io in 17207048 usec\n"
time="2024-05-30T02:51:39.52207662-06:00" level=debug msg="Invoking: gptj-python-c5wwplkw538ully885fc.default.192.168.1.240.sslip.io:80"
time="2024-05-30T02:51:39.533698362-06:00" level=debug msg="Invoked gptj-python-c5wwplkw538ully885fc.default.192.168.1.240.sslip.io in 11652 usec\n"
time="2024-05-30T02:51:47.029200744-06:00" level=debug msg="Invoking: cartservice-5yiwnw4r3quwaex1di0o.default.192.168.1.240.sslip.io:80"
time="2024-05-30T02:51:47.043458448-06:00" level=debug msg="Invoked cartservice-5yiwnw4r3quwaex1di0o.default.192.168.1.240.sslip.io in 14267 usec\n"
time="2024-05-30T02:51:54.533120334-06:00" level=debug msg="Invoking: gptj-python-c5wwplkw538ully885fc.default.192.168.1.240.sslip.io:80"
time="2024-05-30T02:51:54.542776535-06:00" level=debug msg="Invoked gptj-python-c5wwplkw538ully885fc.default.192.168.1.240.sslip.io in 9668 usec\n"
time="2024-05-30T02:52:02.037137267-06:00" level=debug msg="Invoking: gptj-python-c5wwplkw538ully885fc.default.192.168.1.240.sslip.io:80"
time="2024-05-30T02:52:02.046671587-06:00" level=debug msg="Invoked gptj-python-c5wwplkw538ully885fc.default.192.168.1.240.sslip.io in 9544 usec\n"
time="2024-05-30T02:52:09.542129873-06:00" level=debug msg="Invoking: gptj-python-c5wwplkw538ully885fc.default.192.168.1.240.sslip.io:80"
time="2024-05-30T02:52:09.553013878-06:00" level=debug msg="Invoked gptj-python-c5wwplkw538ully885fc.default.192.168.1.240.sslip.io in 10893 usec\n"
time="2024-05-30T02:52:17.005147521-06:00" level=debug msg="Minute: 7"
time="2024-05-30T02:52:17.00524739-06:00" level=debug msg="Number of Invocations this iteration: 8"
time="2024-05-30T02:52:17.005387356-06:00" level=debug msg="Invoking: cartservice-5yiwnw4r3quwaex1di0o.default.192.168.1.240.sslip.io:80"
time="2024-05-30T02:52:17.02031229-06:00" level=debug msg="Invoked cartservice-5yiwnw4r3quwaex1di0o.default.192.168.1.240.sslip.io in 14923 usec\n"
time="2024-05-30T02:52:24.509130757-06:00" level=debug msg="Invoking: gptj-python-c5wwplkw538ully885fc.default.192.168.1.240.sslip.io:80"
time="2024-05-30T02:52:24.519952737-06:00" level=debug msg="Invoked gptj-python-c5wwplkw538ully885fc.default.192.168.1.240.sslip.io in 10829 usec\n"
time="2024-05-30T02:52:32.013206413-06:00" level=debug msg="Invoking: gptj-python-c5wwplkw538ully885fc.default.192.168.1.240.sslip.io:80"
time="2024-05-30T02:52:32.022992781-06:00" level=debug msg="Invoked gptj-python-c5wwplkw538ully885fc.default.192.168.1.240.sslip.io in 9799 usec\n"
time="2024-05-30T02:52:39.517205121-06:00" level=debug msg="Invoking: gptj-python-c5wwplkw538ully885fc.default.192.168.1.240.sslip.io:80"
time="2024-05-30T02:52:39.527508652-06:00" level=debug msg="Invoked gptj-python-c5wwplkw538ully885fc.default.192.168.1.240.sslip.io in 10344 usec\n"
time="2024-05-30T02:52:47.020508124-06:00" level=debug msg="Invoking: cartservice-5yiwnw4r3quwaex1di0o.default.192.168.1.240.sslip.io:80"
time="2024-05-30T02:52:47.035483799-06:00" level=debug msg="Invoked cartservice-5yiwnw4r3quwaex1di0o.default.192.168.1.240.sslip.io in 15147 usec\n"
time="2024-05-30T02:52:54.525123792-06:00" level=debug msg="Invoking: gptj-python-c5wwplkw538ully885fc.default.192.168.1.240.sslip.io:80"
time="2024-05-30T02:52:54.535904148-06:00" level=debug msg="Invoked gptj-python-c5wwplkw538ully885fc.default.192.168.1.240.sslip.io in 10793 usec\n"
time="2024-05-30T02:53:02.032233394-06:00" level=debug msg="Invoking: gptj-python-c5wwplkw538ully885fc.default.192.168.1.240.sslip.io:80"
time="2024-05-30T02:53:02.042615543-06:00" level=debug msg="Invoked gptj-python-c5wwplkw538ully885fc.default.192.168.1.240.sslip.io in 10396 usec\n"
time="2024-05-30T02:53:09.539067569-06:00" level=debug msg="Invoking: gptj-python-c5wwplkw538ully885fc.default.192.168.1.240.sslip.io:80"
time="2024-05-30T02:53:09.549657995-06:00" level=debug msg="Invoked gptj-python-c5wwplkw538ully885fc.default.192.168.1.240.sslip.io in 10603 usec\n"
time="2024-05-30T02:53:17.007901252-06:00" level=debug msg="Minute: 8"
time="2024-05-30T02:53:17.008045917-06:00" level=debug msg="Number of Invocations this iteration: 8"
time="2024-05-30T02:53:17.00812463-06:00" level=debug msg="Invoking: cartservice-5yiwnw4r3quwaex1di0o.default.192.168.1.240.sslip.io:80"
time="2024-05-30T02:53:17.024264388-06:00" level=debug msg="Invoked cartservice-5yiwnw4r3quwaex1di0o.default.192.168.1.240.sslip.io in 16133 usec\n"
time="2024-05-30T02:53:24.513184333-06:00" level=debug msg="Invoking: gptj-python-c5wwplkw538ully885fc.default.192.168.1.240.sslip.io:80"
time="2024-05-30T02:53:24.524079184-06:00" level=debug msg="Invoked gptj-python-c5wwplkw538ully885fc.default.192.168.1.240.sslip.io in 10908 usec\n"
time="2024-05-30T02:53:32.017691156-06:00" level=debug msg="Invoking: gptj-python-c5wwplkw538ully885fc.default.192.168.1.240.sslip.io:80"
time="2024-05-30T02:53:32.029900456-06:00" level=debug msg="Invoked gptj-python-c5wwplkw538ully885fc.default.192.168.1.240.sslip.io in 12222 usec\n"
time="2024-05-30T02:53:39.525201856-06:00" level=debug msg="Invoking: gptj-python-c5wwplkw538ully885fc.default.192.168.1.240.sslip.io:80"
time="2024-05-30T02:53:39.535801636-06:00" level=debug msg="Invoked gptj-python-c5wwplkw538ully885fc.default.192.168.1.240.sslip.io in 10606 usec\n"
time="2024-05-30T02:53:47.029250326-06:00" level=debug msg="Invoking: cartservice-5yiwnw4r3quwaex1di0o.default.192.168.1.240.sslip.io:80"
time="2024-05-30T02:53:47.040922287-06:00" level=debug msg="Invoked cartservice-5yiwnw4r3quwaex1di0o.default.192.168.1.240.sslip.io in 11686 usec\n"
time="2024-05-30T02:53:54.533230587-06:00" level=debug msg="Invoking: gptj-python-c5wwplkw538ully885fc.default.192.168.1.240.sslip.io:80"
time="2024-05-30T02:53:54.544459665-06:00" level=debug msg="Invoked gptj-python-c5wwplkw538ully885fc.default.192.168.1.240.sslip.io in 11268 usec\n"
time="2024-05-30T02:54:02.040455238-06:00" level=debug msg="Invoking: gptj-python-c5wwplkw538ully885fc.default.192.168.1.240.sslip.io:80"
time="2024-05-30T02:54:02.050688603-06:00" level=debug msg="Invoked gptj-python-c5wwplkw538ully885fc.default.192.168.1.240.sslip.io in 10245 usec\n"
time="2024-05-30T02:54:09.545205269-06:00" level=debug msg="Invoking: gptj-python-c5wwplkw538ully885fc.default.192.168.1.240.sslip.io:80"
time="2024-05-30T02:54:09.555618963-06:00" level=debug msg="Invoked gptj-python-c5wwplkw538ully885fc.default.192.168.1.240.sslip.io in 10426 usec\n"
time="2024-05-30T02:54:17.008043324-06:00" level=debug msg="Minute: 9"
time="2024-05-30T02:54:17.008145266-06:00" level=debug msg="Number of Invocations this iteration: 8"
time="2024-05-30T02:54:17.008264808-06:00" level=debug msg="Invoking: cartservice-5yiwnw4r3quwaex1di0o.default.192.168.1.240.sslip.io:80"
time="2024-05-30T02:54:17.0216519-06:00" level=debug msg="Invoked cartservice-5yiwnw4r3quwaex1di0o.default.192.168.1.240.sslip.io in 13386 usec\n"
time="2024-05-30T02:54:24.513779401-06:00" level=debug msg="Invoking: gptj-python-c5wwplkw538ully885fc.default.192.168.1.240.sslip.io:80"
time="2024-05-30T02:54:24.52543812-06:00" level=debug msg="Invoked gptj-python-c5wwplkw538ully885fc.default.192.168.1.240.sslip.io in 11673 usec\n"
time="2024-05-30T02:54:32.017164744-06:00" level=debug msg="Invoking: gptj-python-c5wwplkw538ully885fc.default.192.168.1.240.sslip.io:80"
time="2024-05-30T02:54:32.027196277-06:00" level=debug msg="Invoked gptj-python-c5wwplkw538ully885fc.default.192.168.1.240.sslip.io in 10043 usec\n"
time="2024-05-30T02:54:39.521188258-06:00" level=debug msg="Invoking: gptj-python-c5wwplkw538ully885fc.default.192.168.1.240.sslip.io:80"
time="2024-05-30T02:54:39.531845232-06:00" level=debug msg="Invoked gptj-python-c5wwplkw538ully885fc.default.192.168.1.240.sslip.io in 10668 usec\n"
time="2024-05-30T02:54:47.022175928-06:00" level=debug msg="Invoking: cartservice-5yiwnw4r3quwaex1di0o.default.192.168.1.240.sslip.io:80"
time="2024-05-30T02:54:47.035231324-06:00" level=debug msg="Invoked cartservice-5yiwnw4r3quwaex1di0o.default.192.168.1.240.sslip.io in 13315 usec\n"
time="2024-05-30T02:54:54.525335791-06:00" level=debug msg="Invoking: gptj-python-c5wwplkw538ully885fc.default.192.168.1.240.sslip.io:80"
time="2024-05-30T02:54:54.537302681-06:00" level=debug msg="Invoked gptj-python-c5wwplkw538ully885fc.default.192.168.1.240.sslip.io in 11976 usec\n"
time="2024-05-30T02:55:02.032118793-06:00" level=debug msg="Invoking: gptj-python-c5wwplkw538ully885fc.default.192.168.1.240.sslip.io:80"
time="2024-05-30T02:55:02.041560664-06:00" level=debug msg="Invoked gptj-python-c5wwplkw538ully885fc.default.192.168.1.240.sslip.io in 9446 usec\n"
time="2024-05-30T02:55:09.537502257-06:00" level=debug msg="Invoking: gptj-python-c5wwplkw538ully885fc.default.192.168.1.240.sslip.io:80"
time="2024-05-30T02:55:09.548307742-06:00" level=debug msg="Invoked gptj-python-c5wwplkw538ully885fc.default.192.168.1.240.sslip.io in 10812 usec\n"
time="2024-05-30T02:55:17.006324605-06:00" level=debug msg="Minute: 10"
time="2024-05-30T02:55:17.006457998-06:00" level=debug msg="Number of Invocations this iteration: 8"
time="2024-05-30T02:55:17.006543959-06:00" level=debug msg="Invoking: rnn-serving-python-10-10-sxqcpc60ftgtprcqzp96.default.192.168.1.240.sslip.io:80"
time="2024-05-30T02:55:24.513173329-06:00" level=debug msg="Invoking: gptj-python-c5wwplkw538ully885fc.default.192.168.1.240.sslip.io:80"
time="2024-05-30T02:55:24.523932921-06:00" level=debug msg="Invoked gptj-python-c5wwplkw538ully885fc.default.192.168.1.240.sslip.io in 10772 usec\n"
time="2024-05-30T02:55:27.716455285-06:00" level=debug msg="Invoked rnn-serving-python-10-10-sxqcpc60ftgtprcqzp96.default.192.168.1.240.sslip.io in 10709909 usec\n"
time="2024-05-30T02:55:32.017091514-06:00" level=debug msg="Invoking: gptj-python-c5wwplkw538ully885fc.default.192.168.1.240.sslip.io:80"
time="2024-05-30T02:55:32.027574963-06:00" level=debug msg="Invoked gptj-python-c5wwplkw538ully885fc.default.192.168.1.240.sslip.io in 10487 usec\n"
time="2024-05-30T02:55:39.521789565-06:00" level=debug msg="Invoking: gptj-python-c5wwplkw538ully885fc.default.192.168.1.240.sslip.io:80"
time="2024-05-30T02:55:39.531311521-06:00" level=debug msg="Invoked gptj-python-c5wwplkw538ully885fc.default.192.168.1.240.sslip.io in 9530 usec\n"
time="2024-05-30T02:55:47.025175856-06:00" level=debug msg="Invoking: cartservice-5yiwnw4r3quwaex1di0o.default.192.168.1.240.sslip.io:80"
time="2024-05-30T02:55:47.038304093-06:00" level=debug msg="Invoked cartservice-5yiwnw4r3quwaex1di0o.default.192.168.1.240.sslip.io in 13131 usec\n"
time="2024-05-30T02:55:54.529109988-06:00" level=debug msg="Invoking: gptj-python-c5wwplkw538ully885fc.default.192.168.1.240.sslip.io:80"
time="2024-05-30T02:55:54.539698618-06:00" level=debug msg="Invoked gptj-python-c5wwplkw538ully885fc.default.192.168.1.240.sslip.io in 10597 usec\n"
time="2024-05-30T02:56:02.033362355-06:00" level=debug msg="Invoking: gptj-python-c5wwplkw538ully885fc.default.192.168.1.240.sslip.io:80"
time="2024-05-30T02:56:02.04422367-06:00" level=debug msg="Invoked gptj-python-c5wwplkw538ully885fc.default.192.168.1.240.sslip.io in 10869 usec\n"
time="2024-05-30T02:56:09.537173441-06:00" level=debug msg="Invoking: gptj-python-c5wwplkw538ully885fc.default.192.168.1.240.sslip.io:80"
time="2024-05-30T02:56:09.547413422-06:00" level=debug msg="Invoked gptj-python-c5wwplkw538ully885fc.default.192.168.1.240.sslip.io in 10249 usec\n"
time="2024-05-30T02:56:17.005675619-06:00" level=debug msg="Minute: 11"
time="2024-05-30T02:56:17.005773675-06:00" level=debug msg="Number of Invocations this iteration: 8"
time="2024-05-30T02:56:17.005867457-06:00" level=debug msg="Invoking: image-rotate-go-6-qsrjta98697a39gl1f0d.default.192.168.1.240.sslip.io:80"
time="2024-05-30T02:56:24.225580707-06:00" level=debug msg="Invoked image-rotate-go-6-qsrjta98697a39gl1f0d.default.192.168.1.240.sslip.io in 7219711 usec\n"
time="2024-05-30T02:56:24.506870543-06:00" level=debug msg="Invoking: gptj-python-c5wwplkw538ully885fc.default.192.168.1.240.sslip.io:80"
time="2024-05-30T02:56:24.517143964-06:00" level=debug msg="Invoked gptj-python-c5wwplkw538ully885fc.default.192.168.1.240.sslip.io in 10309 usec\n"
time="2024-05-30T02:56:32.013121519-06:00" level=debug msg="Invoking: gptj-python-c5wwplkw538ully885fc.default.192.168.1.240.sslip.io:80"
time="2024-05-30T02:56:32.023862985-06:00" level=debug msg="Invoked gptj-python-c5wwplkw538ully885fc.default.192.168.1.240.sslip.io in 10750 usec\n"
time="2024-05-30T02:56:39.517169296-06:00" level=debug msg="Invoking: gptj-python-c5wwplkw538ully885fc.default.192.168.1.240.sslip.io:80"
time="2024-05-30T02:56:39.526971152-06:00" level=debug msg="Invoked gptj-python-c5wwplkw538ully885fc.default.192.168.1.240.sslip.io in 9810 usec\n"
time="2024-05-30T02:56:47.024583059-06:00" level=debug msg="Invoking: cartservice-5yiwnw4r3quwaex1di0o.default.192.168.1.240.sslip.io:80"
time="2024-05-30T02:56:47.037087797-06:00" level=debug msg="Invoked cartservice-5yiwnw4r3quwaex1di0o.default.192.168.1.240.sslip.io in 12624 usec\n"
time="2024-05-30T02:56:54.529197329-06:00" level=debug msg="Invoking: gptj-python-c5wwplkw538ully885fc.default.192.168.1.240.sslip.io:80"
time="2024-05-30T02:56:54.5401355-06:00" level=debug msg="Invoked gptj-python-c5wwplkw538ully885fc.default.192.168.1.240.sslip.io in 10948 usec\n"
time="2024-05-30T02:57:02.033751398-06:00" level=debug msg="Invoking: gptj-python-c5wwplkw538ully885fc.default.192.168.1.240.sslip.io:80"
time="2024-05-30T02:57:02.044264349-06:00" level=debug msg="Invoked gptj-python-c5wwplkw538ully885fc.default.192.168.1.240.sslip.io in 10521 usec\n"
time="2024-05-30T02:57:09.537937697-06:00" level=debug msg="Invoking: gptj-python-c5wwplkw538ully885fc.default.192.168.1.240.sslip.io:80"
time="2024-05-30T02:57:09.549488642-06:00" level=debug msg="Invoked gptj-python-c5wwplkw538ully885fc.default.192.168.1.240.sslip.io in 11565 usec\n"
time="2024-05-30T02:57:17.005708221-06:00" level=debug msg="Minute: 12"
time="2024-05-30T02:57:17.005848433-06:00" level=debug msg="Number of Invocations this iteration: 8"
time="2024-05-30T02:57:17.005910152-06:00" level=debug msg="Invoking: cartservice-5yiwnw4r3quwaex1di0o.default.192.168.1.240.sslip.io:80"
time="2024-05-30T02:57:17.018933464-06:00" level=debug msg="Invoked cartservice-5yiwnw4r3quwaex1di0o.default.192.168.1.240.sslip.io in 13020 usec\n"
time="2024-05-30T02:57:24.51313298-06:00" level=debug msg="Invoking: gptj-python-c5wwplkw538ully885fc.default.192.168.1.240.sslip.io:80"
time="2024-05-30T02:57:24.523388881-06:00" level=debug msg="Invoked gptj-python-c5wwplkw538ully885fc.default.192.168.1.240.sslip.io in 10269 usec\n"
time="2024-05-30T02:57:32.017187181-06:00" level=debug msg="Invoking: gptj-python-c5wwplkw538ully885fc.default.192.168.1.240.sslip.io:80"
time="2024-05-30T02:57:32.028237049-06:00" level=debug msg="Invoked gptj-python-c5wwplkw538ully885fc.default.192.168.1.240.sslip.io in 11063 usec\n"
time="2024-05-30T02:57:39.521174485-06:00" level=debug msg="Invoking: gptj-python-c5wwplkw538ully885fc.default.192.168.1.240.sslip.io:80"
time="2024-05-30T02:57:39.531764836-06:00" level=debug msg="Invoked gptj-python-c5wwplkw538ully885fc.default.192.168.1.240.sslip.io in 10601 usec\n"
time="2024-05-30T02:57:47.025187622-06:00" level=debug msg="Invoking: cartservice-5yiwnw4r3quwaex1di0o.default.192.168.1.240.sslip.io:80"
time="2024-05-30T02:57:47.043487224-06:00" level=debug msg="Invoked cartservice-5yiwnw4r3quwaex1di0o.default.192.168.1.240.sslip.io in 18315 usec\n"
time="2024-05-30T02:57:54.529208447-06:00" level=debug msg="Invoking: gptj-python-c5wwplkw538ully885fc.default.192.168.1.240.sslip.io:80"
time="2024-05-30T02:57:54.540234669-06:00" level=debug msg="Invoked gptj-python-c5wwplkw538ully885fc.default.192.168.1.240.sslip.io in 11037 usec\n"
time="2024-05-30T02:58:02.035909126-06:00" level=debug msg="Invoking: gptj-python-c5wwplkw538ully885fc.default.192.168.1.240.sslip.io:80"
time="2024-05-30T02:58:02.04640566-06:00" level=debug msg="Invoked gptj-python-c5wwplkw538ully885fc.default.192.168.1.240.sslip.io in 10503 usec\n"
time="2024-05-30T02:58:09.541356761-06:00" level=debug msg="Invoking: gptj-python-c5wwplkw538ully885fc.default.192.168.1.240.sslip.io:80"
time="2024-05-30T02:58:09.550377678-06:00" level=debug msg="Invoked gptj-python-c5wwplkw538ully885fc.default.192.168.1.240.sslip.io in 9023 usec\n"
time="2024-05-30T02:58:17.007420599-06:00" level=debug msg="Minute: 13"
time="2024-05-30T02:58:17.007507919-06:00" level=debug msg="Number of Invocations this iteration: 8"
time="2024-05-30T02:58:17.00759032-06:00" level=debug msg="Invoking: cartservice-5yiwnw4r3quwaex1di0o.default.192.168.1.240.sslip.io:80"
time="2024-05-30T02:58:17.020920715-06:00" level=debug msg="Invoked cartservice-5yiwnw4r3quwaex1di0o.default.192.168.1.240.sslip.io in 13328 usec\n"
time="2024-05-30T02:58:24.513176608-06:00" level=debug msg="Invoking: gptj-python-c5wwplkw538ully885fc.default.192.168.1.240.sslip.io:80"
time="2024-05-30T02:58:24.524421467-06:00" level=debug msg="Invoked gptj-python-c5wwplkw538ully885fc.default.192.168.1.240.sslip.io in 11253 usec\n"
time="2024-05-30T02:58:32.017812974-06:00" level=debug msg="Invoking: gptj-python-c5wwplkw538ully885fc.default.192.168.1.240.sslip.io:80"
time="2024-05-30T02:58:32.030350885-06:00" level=debug msg="Invoked gptj-python-c5wwplkw538ully885fc.default.192.168.1.240.sslip.io in 12547 usec\n"
time="2024-05-30T02:58:39.523824124-06:00" level=debug msg="Invoking: gptj-python-c5wwplkw538ully885fc.default.192.168.1.240.sslip.io:80"
time="2024-05-30T02:58:39.534507248-06:00" level=debug msg="Invoked gptj-python-c5wwplkw538ully885fc.default.192.168.1.240.sslip.io in 10689 usec\n"
time="2024-05-30T02:58:47.025672861-06:00" level=debug msg="Invoking: cartservice-5yiwnw4r3quwaex1di0o.default.192.168.1.240.sslip.io:80"
time="2024-05-30T02:58:47.039007674-06:00" level=debug msg="Invoked cartservice-5yiwnw4r3quwaex1di0o.default.192.168.1.240.sslip.io in 13475 usec\n"
time="2024-05-30T02:58:54.529122262-06:00" level=debug msg="Invoking: gptj-python-c5wwplkw538ully885fc.default.192.168.1.240.sslip.io:80"
time="2024-05-30T02:58:54.541173804-06:00" level=debug msg="Invoked gptj-python-c5wwplkw538ully885fc.default.192.168.1.240.sslip.io in 12057 usec\n"
time="2024-05-30T02:59:02.033215398-06:00" level=debug msg="Invoking: gptj-python-c5wwplkw538ully885fc.default.192.168.1.240.sslip.io:80"
time="2024-05-30T02:59:02.044188755-06:00" level=debug msg="Invoked gptj-python-c5wwplkw538ully885fc.default.192.168.1.240.sslip.io in 10980 usec\n"
time="2024-05-30T02:59:09.537192831-06:00" level=debug msg="Invoking: gptj-python-c5wwplkw538ully885fc.default.192.168.1.240.sslip.io:80"
time="2024-05-30T02:59:09.547629308-06:00" level=debug msg="Invoked gptj-python-c5wwplkw538ully885fc.default.192.168.1.240.sslip.io in 10451 usec\n"
time="2024-05-30T02:59:17.00514024-06:00" level=info msg="Experiment Phase Completed"
time="2024-05-30T02:59:17.005267433-06:00" level=info msg="Issued / completed requests: 112, 112"
time="2024-05-30T02:59:17.005330103-06:00" level=info msg="Average Real RPS: 0.13 "
time="2024-05-30T02:59:17.005356064-06:00" level=info msg="Experiment finished!"
time="2024-05-30T02:59:17.005382042-06:00" level=info msg="The measured latencies are saved in rps_lat.csv"
