time="2024-05-28T18:11:27.061064812-06:00" level=debug msg="Debug logging is enabled"
time="2024-05-28T18:11:27.061243791-06:00" level=info msg="Reading the trace endpoints from the file: /users/ArunAMS/vSwarm/tools/load-generator/load.json"
time="2024-05-28T18:11:27.062608266-06:00" level=info msg="Warmup Duration: 3"
time="2024-05-28T18:11:27.062633607-06:00" level=info msg="Experiment Duration: 11"
time="2024-05-28T18:11:27.062653981-06:00" level=info msg="Minute Granularity: true"
time="2024-05-28T18:12:27.121111897-06:00" level=info msg="Running Warmup Phase"
time="2024-05-28T18:12:27.121195938-06:00" level=debug msg="Minute: 0"
time="2024-05-28T18:12:27.121269957-06:00" level=debug msg="Number of Invocations this iteration: 8"
time="2024-05-28T18:12:27.121380892-06:00" level=debug msg="Invoking: cartservice-9xr1uxoveiaq0i5yf1m5.default.192.168.1.240.sslip.io:80"
time="2024-05-28T18:12:34.625151213-06:00" level=debug msg="Invoking: gptj-python-rsryg16rhcb2lt3ui74t.default.192.168.1.240.sslip.io:80"
time="2024-05-28T18:12:42.129272864-06:00" level=debug msg="Invoking: gptj-python-rsryg16rhcb2lt3ui74t.default.192.168.1.240.sslip.io:80"
time="2024-05-28T18:12:49.633242517-06:00" level=debug msg="Invoking: gptj-python-rsryg16rhcb2lt3ui74t.default.192.168.1.240.sslip.io:80"
time="2024-05-28T18:12:57.137538587-06:00" level=debug msg="Invoking: cartservice-9xr1uxoveiaq0i5yf1m5.default.192.168.1.240.sslip.io:80"
time="2024-05-28T18:13:04.643993026-06:00" level=debug msg="Invoking: gptj-python-rsryg16rhcb2lt3ui74t.default.192.168.1.240.sslip.io:80"
time="2024-05-28T18:13:12.149120446-06:00" level=debug msg="Invoking: gptj-python-rsryg16rhcb2lt3ui74t.default.192.168.1.240.sslip.io:80"
time="2024-05-28T18:13:19.653192058-06:00" level=debug msg="Invoking: gptj-python-rsryg16rhcb2lt3ui74t.default.192.168.1.240.sslip.io:80"
time="2024-05-28T18:13:27.069103246-06:00" level=debug msg="Minute: 1"
time="2024-05-28T18:13:27.069188276-06:00" level=debug msg="Number of Invocations this iteration: 8"
time="2024-05-28T18:13:27.069281125-06:00" level=debug msg="Invoking: image-rotate-go-6-qlufoeykttcy2aqxhd69.default.192.168.1.240.sslip.io:80"
time="2024-05-28T18:13:34.570196712-06:00" level=debug msg="Invoking: gptj-python-rsryg16rhcb2lt3ui74t.default.192.168.1.240.sslip.io:80"
time="2024-05-28T18:13:42.077172341-06:00" level=debug msg="Invoking: gptj-python-rsryg16rhcb2lt3ui74t.default.192.168.1.240.sslip.io:80"
time="2024-05-28T18:13:49.581191513-06:00" level=debug msg="Invoking: gptj-python-rsryg16rhcb2lt3ui74t.default.192.168.1.240.sslip.io:80"
time="2024-05-28T18:13:57.085122772-06:00" level=debug msg="Invoking: cartservice-9xr1uxoveiaq0i5yf1m5.default.192.168.1.240.sslip.io:80"
time="2024-05-28T18:14:04.589133672-06:00" level=debug msg="Invoking: gptj-python-rsryg16rhcb2lt3ui74t.default.192.168.1.240.sslip.io:80"
time="2024-05-28T18:14:12.093163889-06:00" level=debug msg="Invoking: gptj-python-rsryg16rhcb2lt3ui74t.default.192.168.1.240.sslip.io:80"
time="2024-05-28T18:14:19.597124851-06:00" level=debug msg="Invoking: gptj-python-rsryg16rhcb2lt3ui74t.default.192.168.1.240.sslip.io:80"
time="2024-05-28T18:14:27.069418251-06:00" level=debug msg="Minute: 2"
time="2024-05-28T18:14:27.069523096-06:00" level=debug msg="Number of Invocations this iteration: 8"
time="2024-05-28T18:14:27.069616231-06:00" level=debug msg="Invoking: cartservice-9xr1uxoveiaq0i5yf1m5.default.192.168.1.240.sslip.io:80"
time="2024-05-28T18:14:34.577139691-06:00" level=debug msg="Invoking: gptj-python-rsryg16rhcb2lt3ui74t.default.192.168.1.240.sslip.io:80"
time="2024-05-28T18:14:42.081104751-06:00" level=debug msg="Invoking: gptj-python-rsryg16rhcb2lt3ui74t.default.192.168.1.240.sslip.io:80"
time="2024-05-28T18:14:49.585126697-06:00" level=debug msg="Invoking: gptj-python-rsryg16rhcb2lt3ui74t.default.192.168.1.240.sslip.io:80"
time="2024-05-28T18:14:57.08911141-06:00" level=debug msg="Invoking: cartservice-9xr1uxoveiaq0i5yf1m5.default.192.168.1.240.sslip.io:80"
time="2024-05-28T18:15:04.593138759-06:00" level=debug msg="Invoking: gptj-python-rsryg16rhcb2lt3ui74t.default.192.168.1.240.sslip.io:80"
time="2024-05-28T18:15:12.097134189-06:00" level=debug msg="Invoking: gptj-python-rsryg16rhcb2lt3ui74t.default.192.168.1.240.sslip.io:80"
time="2024-05-28T18:15:19.601119597-06:00" level=debug msg="Invoking: gptj-python-rsryg16rhcb2lt3ui74t.default.192.168.1.240.sslip.io:80"
time="2024-05-28T18:15:27.069144991-06:00" level=info msg="Warmup Phase Completed"
time="2024-05-28T18:15:27.069226404-06:00" level=info msg="Running Experiment Phase"
time="2024-05-28T18:15:27.069254552-06:00" level=debug msg="Minute: 3"
time="2024-05-28T18:15:27.069301469-06:00" level=debug msg="Number of Invocations this iteration: 8"
time="2024-05-28T18:15:27.06940985-06:00" level=debug msg="Invoking: cartservice-9xr1uxoveiaq0i5yf1m5.default.192.168.1.240.sslip.io:80"
time="2024-05-28T18:15:27.085485987-06:00" level=debug msg="Invoked cartservice-9xr1uxoveiaq0i5yf1m5.default.192.168.1.240.sslip.io in 16065 usec\n"
time="2024-05-28T18:15:34.573226398-06:00" level=debug msg="Invoking: gptj-python-rsryg16rhcb2lt3ui74t.default.192.168.1.240.sslip.io:80"
time="2024-05-28T18:15:34.585677553-06:00" level=debug msg="Invoked gptj-python-rsryg16rhcb2lt3ui74t.default.192.168.1.240.sslip.io in 12457 usec\n"
time="2024-05-28T18:15:42.077146495-06:00" level=debug msg="Invoking: gptj-python-rsryg16rhcb2lt3ui74t.default.192.168.1.240.sslip.io:80"
time="2024-05-28T18:15:42.088048635-06:00" level=debug msg="Invoked gptj-python-rsryg16rhcb2lt3ui74t.default.192.168.1.240.sslip.io in 10921 usec\n"
time="2024-05-28T18:15:49.583423845-06:00" level=debug msg="Invoking: gptj-python-rsryg16rhcb2lt3ui74t.default.192.168.1.240.sslip.io:80"
time="2024-05-28T18:15:49.596576396-06:00" level=debug msg="Invoked gptj-python-rsryg16rhcb2lt3ui74t.default.192.168.1.240.sslip.io in 13160 usec\n"
time="2024-05-28T18:15:57.089142744-06:00" level=debug msg="Invoking: cartservice-9xr1uxoveiaq0i5yf1m5.default.192.168.1.240.sslip.io:80"
time="2024-05-28T18:15:57.102652398-06:00" level=debug msg="Invoked cartservice-9xr1uxoveiaq0i5yf1m5.default.192.168.1.240.sslip.io in 13521 usec\n"
time="2024-05-28T18:16:04.593113923-06:00" level=debug msg="Invoking: gptj-python-rsryg16rhcb2lt3ui74t.default.192.168.1.240.sslip.io:80"
time="2024-05-28T18:16:04.60376039-06:00" level=debug msg="Invoked gptj-python-rsryg16rhcb2lt3ui74t.default.192.168.1.240.sslip.io in 10656 usec\n"
time="2024-05-28T18:16:12.097162811-06:00" level=debug msg="Invoking: gptj-python-rsryg16rhcb2lt3ui74t.default.192.168.1.240.sslip.io:80"
time="2024-05-28T18:16:12.108081126-06:00" level=debug msg="Invoked gptj-python-rsryg16rhcb2lt3ui74t.default.192.168.1.240.sslip.io in 10927 usec\n"
time="2024-05-28T18:16:19.60114462-06:00" level=debug msg="Invoking: gptj-python-rsryg16rhcb2lt3ui74t.default.192.168.1.240.sslip.io:80"
time="2024-05-28T18:16:19.614683504-06:00" level=debug msg="Invoked gptj-python-rsryg16rhcb2lt3ui74t.default.192.168.1.240.sslip.io in 13550 usec\n"
time="2024-05-28T18:16:27.069104778-06:00" level=debug msg="Minute: 4"
time="2024-05-28T18:16:27.069202879-06:00" level=debug msg="Number of Invocations this iteration: 8"
time="2024-05-28T18:16:27.069294911-06:00" level=debug msg="Invoking: rnn-serving-python-10-10-os8f9d57zrtmyak04rqx.default.192.168.1.240.sslip.io:80"
time="2024-05-28T18:16:34.574770535-06:00" level=debug msg="Invoking: gptj-python-rsryg16rhcb2lt3ui74t.default.192.168.1.240.sslip.io:80"
time="2024-05-28T18:16:34.585068517-06:00" level=debug msg="Invoked gptj-python-rsryg16rhcb2lt3ui74t.default.192.168.1.240.sslip.io in 10307 usec\n"
time="2024-05-28T18:16:38.260150305-06:00" level=debug msg="Invoked rnn-serving-python-10-10-os8f9d57zrtmyak04rqx.default.192.168.1.240.sslip.io in 11190852 usec\n"
time="2024-05-28T18:16:42.077148861-06:00" level=debug msg="Invoking: gptj-python-rsryg16rhcb2lt3ui74t.default.192.168.1.240.sslip.io:80"
time="2024-05-28T18:16:42.088169119-06:00" level=debug msg="Invoked gptj-python-rsryg16rhcb2lt3ui74t.default.192.168.1.240.sslip.io in 11035 usec\n"
time="2024-05-28T18:16:49.581104901-06:00" level=debug msg="Invoking: gptj-python-rsryg16rhcb2lt3ui74t.default.192.168.1.240.sslip.io:80"
time="2024-05-28T18:16:49.590272762-06:00" level=debug msg="Invoked gptj-python-rsryg16rhcb2lt3ui74t.default.192.168.1.240.sslip.io in 9174 usec\n"
time="2024-05-28T18:16:57.085185271-06:00" level=debug msg="Invoking: cartservice-9xr1uxoveiaq0i5yf1m5.default.192.168.1.240.sslip.io:80"
time="2024-05-28T18:16:57.098359511-06:00" level=debug msg="Invoked cartservice-9xr1uxoveiaq0i5yf1m5.default.192.168.1.240.sslip.io in 13185 usec\n"
time="2024-05-28T18:17:04.589174164-06:00" level=debug msg="Invoking: gptj-python-rsryg16rhcb2lt3ui74t.default.192.168.1.240.sslip.io:80"
time="2024-05-28T18:17:04.599176416-06:00" level=debug msg="Invoked gptj-python-rsryg16rhcb2lt3ui74t.default.192.168.1.240.sslip.io in 10011 usec\n"
time="2024-05-28T18:17:12.093128322-06:00" level=debug msg="Invoking: gptj-python-rsryg16rhcb2lt3ui74t.default.192.168.1.240.sslip.io:80"
time="2024-05-28T18:17:12.10579691-06:00" level=debug msg="Invoked gptj-python-rsryg16rhcb2lt3ui74t.default.192.168.1.240.sslip.io in 12678 usec\n"
time="2024-05-28T18:17:19.597136639-06:00" level=debug msg="Invoking: gptj-python-rsryg16rhcb2lt3ui74t.default.192.168.1.240.sslip.io:80"
time="2024-05-28T18:17:19.607863601-06:00" level=debug msg="Invoked gptj-python-rsryg16rhcb2lt3ui74t.default.192.168.1.240.sslip.io in 10739 usec\n"
time="2024-05-28T18:17:27.069093396-06:00" level=debug msg="Minute: 5"
time="2024-05-28T18:17:27.069194236-06:00" level=debug msg="Number of Invocations this iteration: 8"
time="2024-05-28T18:17:27.069285804-06:00" level=debug msg="Invoking: cartservice-9xr1uxoveiaq0i5yf1m5.default.192.168.1.240.sslip.io:80"
time="2024-05-28T18:17:27.082090407-06:00" level=debug msg="Invoked cartservice-9xr1uxoveiaq0i5yf1m5.default.192.168.1.240.sslip.io in 12803 usec\n"
time="2024-05-28T18:17:34.573177382-06:00" level=debug msg="Invoking: gptj-python-rsryg16rhcb2lt3ui74t.default.192.168.1.240.sslip.io:80"
time="2024-05-28T18:17:34.584568667-06:00" level=debug msg="Invoked gptj-python-rsryg16rhcb2lt3ui74t.default.192.168.1.240.sslip.io in 11394 usec\n"
time="2024-05-28T18:17:42.07819904-06:00" level=debug msg="Invoking: gptj-python-rsryg16rhcb2lt3ui74t.default.192.168.1.240.sslip.io:80"
time="2024-05-28T18:17:42.08824912-06:00" level=debug msg="Invoked gptj-python-rsryg16rhcb2lt3ui74t.default.192.168.1.240.sslip.io in 10059 usec\n"
time="2024-05-28T18:17:49.585639253-06:00" level=debug msg="Invoking: gptj-python-rsryg16rhcb2lt3ui74t.default.192.168.1.240.sslip.io:80"
time="2024-05-28T18:17:49.596113983-06:00" level=debug msg="Invoked gptj-python-rsryg16rhcb2lt3ui74t.default.192.168.1.240.sslip.io in 10488 usec\n"
time="2024-05-28T18:17:57.08913528-06:00" level=debug msg="Invoking: cartservice-9xr1uxoveiaq0i5yf1m5.default.192.168.1.240.sslip.io:80"
time="2024-05-28T18:17:57.102742573-06:00" level=debug msg="Invoked cartservice-9xr1uxoveiaq0i5yf1m5.default.192.168.1.240.sslip.io in 13619 usec\n"
time="2024-05-28T18:18:04.595796417-06:00" level=debug msg="Invoking: gptj-python-rsryg16rhcb2lt3ui74t.default.192.168.1.240.sslip.io:80"
time="2024-05-28T18:18:04.605937928-06:00" level=debug msg="Invoked gptj-python-rsryg16rhcb2lt3ui74t.default.192.168.1.240.sslip.io in 10152 usec\n"
time="2024-05-28T18:18:12.101117729-06:00" level=debug msg="Invoking: gptj-python-rsryg16rhcb2lt3ui74t.default.192.168.1.240.sslip.io:80"
time="2024-05-28T18:18:12.110611769-06:00" level=debug msg="Invoked gptj-python-rsryg16rhcb2lt3ui74t.default.192.168.1.240.sslip.io in 9505 usec\n"
time="2024-05-28T18:18:19.60511118-06:00" level=debug msg="Invoking: gptj-python-rsryg16rhcb2lt3ui74t.default.192.168.1.240.sslip.io:80"
time="2024-05-28T18:18:19.615803891-06:00" level=debug msg="Invoked gptj-python-rsryg16rhcb2lt3ui74t.default.192.168.1.240.sslip.io in 10703 usec\n"
time="2024-05-28T18:18:27.069158502-06:00" level=debug msg="Minute: 6"
time="2024-05-28T18:18:27.069269408-06:00" level=debug msg="Number of Invocations this iteration: 8"
time="2024-05-28T18:18:27.069374502-06:00" level=debug msg="Invoking: image-rotate-go-6-qlufoeykttcy2aqxhd69.default.192.168.1.240.sslip.io:80"
time="2024-05-28T18:18:34.306387369-06:00" level=debug msg="Invoked image-rotate-go-6-qlufoeykttcy2aqxhd69.default.192.168.1.240.sslip.io in 7237010 usec\n"
time="2024-05-28T18:18:34.569609412-06:00" level=debug msg="Invoking: gptj-python-rsryg16rhcb2lt3ui74t.default.192.168.1.240.sslip.io:80"
time="2024-05-28T18:18:34.579916126-06:00" level=debug msg="Invoked gptj-python-rsryg16rhcb2lt3ui74t.default.192.168.1.240.sslip.io in 10320 usec\n"
time="2024-05-28T18:18:42.07311494-06:00" level=debug msg="Invoking: gptj-python-rsryg16rhcb2lt3ui74t.default.192.168.1.240.sslip.io:80"
time="2024-05-28T18:18:42.081987278-06:00" level=debug msg="Invoked gptj-python-rsryg16rhcb2lt3ui74t.default.192.168.1.240.sslip.io in 8881 usec\n"
time="2024-05-28T18:18:49.579482222-06:00" level=debug msg="Invoking: gptj-python-rsryg16rhcb2lt3ui74t.default.192.168.1.240.sslip.io:80"
time="2024-05-28T18:18:49.588527378-06:00" level=debug msg="Invoked gptj-python-rsryg16rhcb2lt3ui74t.default.192.168.1.240.sslip.io in 9058 usec\n"
time="2024-05-28T18:18:57.085147108-06:00" level=debug msg="Invoking: cartservice-9xr1uxoveiaq0i5yf1m5.default.192.168.1.240.sslip.io:80"
time="2024-05-28T18:18:57.098208385-06:00" level=debug msg="Invoked cartservice-9xr1uxoveiaq0i5yf1m5.default.192.168.1.240.sslip.io in 13069 usec\n"
time="2024-05-28T18:19:04.58919484-06:00" level=debug msg="Invoking: gptj-python-rsryg16rhcb2lt3ui74t.default.192.168.1.240.sslip.io:80"
time="2024-05-28T18:19:04.599713255-06:00" level=debug msg="Invoked gptj-python-rsryg16rhcb2lt3ui74t.default.192.168.1.240.sslip.io in 10528 usec\n"
time="2024-05-28T18:19:12.09493934-06:00" level=debug msg="Invoking: gptj-python-rsryg16rhcb2lt3ui74t.default.192.168.1.240.sslip.io:80"
time="2024-05-28T18:19:12.107925912-06:00" level=debug msg="Invoked gptj-python-rsryg16rhcb2lt3ui74t.default.192.168.1.240.sslip.io in 12997 usec\n"
time="2024-05-28T18:19:19.601151506-06:00" level=debug msg="Invoking: gptj-python-rsryg16rhcb2lt3ui74t.default.192.168.1.240.sslip.io:80"
time="2024-05-28T18:19:19.612179941-06:00" level=debug msg="Invoked gptj-python-rsryg16rhcb2lt3ui74t.default.192.168.1.240.sslip.io in 11041 usec\n"
time="2024-05-28T18:19:27.069442038-06:00" level=debug msg="Minute: 7"
time="2024-05-28T18:19:27.069545909-06:00" level=debug msg="Number of Invocations this iteration: 8"
time="2024-05-28T18:19:27.069641261-06:00" level=debug msg="Invoking: cartservice-9xr1uxoveiaq0i5yf1m5.default.192.168.1.240.sslip.io:80"
time="2024-05-28T18:19:27.083996829-06:00" level=debug msg="Invoked cartservice-9xr1uxoveiaq0i5yf1m5.default.192.168.1.240.sslip.io in 14353 usec\n"
time="2024-05-28T18:19:34.573477059-06:00" level=debug msg="Invoking: gptj-python-rsryg16rhcb2lt3ui74t.default.192.168.1.240.sslip.io:80"
time="2024-05-28T18:19:34.583674511-06:00" level=debug msg="Invoked gptj-python-rsryg16rhcb2lt3ui74t.default.192.168.1.240.sslip.io in 10192 usec\n"
time="2024-05-28T18:19:42.074401646-06:00" level=debug msg="Invoking: gptj-python-rsryg16rhcb2lt3ui74t.default.192.168.1.240.sslip.io:80"
time="2024-05-28T18:19:42.087208093-06:00" level=debug msg="Invoked gptj-python-rsryg16rhcb2lt3ui74t.default.192.168.1.240.sslip.io in 12831 usec\n"
time="2024-05-28T18:19:49.581121905-06:00" level=debug msg="Invoking: gptj-python-rsryg16rhcb2lt3ui74t.default.192.168.1.240.sslip.io:80"
time="2024-05-28T18:19:49.591785541-06:00" level=debug msg="Invoked gptj-python-rsryg16rhcb2lt3ui74t.default.192.168.1.240.sslip.io in 10669 usec\n"
time="2024-05-28T18:19:57.08518432-06:00" level=debug msg="Invoking: cartservice-9xr1uxoveiaq0i5yf1m5.default.192.168.1.240.sslip.io:80"
time="2024-05-28T18:19:57.096414814-06:00" level=debug msg="Invoked cartservice-9xr1uxoveiaq0i5yf1m5.default.192.168.1.240.sslip.io in 11245 usec\n"
time="2024-05-28T18:20:04.590244607-06:00" level=debug msg="Invoking: gptj-python-rsryg16rhcb2lt3ui74t.default.192.168.1.240.sslip.io:80"
time="2024-05-28T18:20:04.600948117-06:00" level=debug msg="Invoked gptj-python-rsryg16rhcb2lt3ui74t.default.192.168.1.240.sslip.io in 10714 usec\n"
time="2024-05-28T18:20:12.091343755-06:00" level=debug msg="Invoking: gptj-python-rsryg16rhcb2lt3ui74t.default.192.168.1.240.sslip.io:80"
time="2024-05-28T18:20:12.10361694-06:00" level=debug msg="Invoked gptj-python-rsryg16rhcb2lt3ui74t.default.192.168.1.240.sslip.io in 12279 usec\n"
time="2024-05-28T18:20:19.597142277-06:00" level=debug msg="Invoking: gptj-python-rsryg16rhcb2lt3ui74t.default.192.168.1.240.sslip.io:80"
time="2024-05-28T18:20:19.606204262-06:00" level=debug msg="Invoked gptj-python-rsryg16rhcb2lt3ui74t.default.192.168.1.240.sslip.io in 9079 usec\n"
time="2024-05-28T18:20:27.069218464-06:00" level=debug msg="Minute: 8"
time="2024-05-28T18:20:27.069366764-06:00" level=debug msg="Number of Invocations this iteration: 8"
time="2024-05-28T18:20:27.06948865-06:00" level=debug msg="Invoking: cartservice-9xr1uxoveiaq0i5yf1m5.default.192.168.1.240.sslip.io:80"
time="2024-05-28T18:20:27.085955447-06:00" level=debug msg="Invoked cartservice-9xr1uxoveiaq0i5yf1m5.default.192.168.1.240.sslip.io in 16461 usec\n"
time="2024-05-28T18:20:34.573085566-06:00" level=debug msg="Invoking: gptj-python-rsryg16rhcb2lt3ui74t.default.192.168.1.240.sslip.io:80"
time="2024-05-28T18:20:34.584208785-06:00" level=debug msg="Invoked gptj-python-rsryg16rhcb2lt3ui74t.default.192.168.1.240.sslip.io in 11129 usec\n"
time="2024-05-28T18:20:42.077763057-06:00" level=debug msg="Invoking: gptj-python-rsryg16rhcb2lt3ui74t.default.192.168.1.240.sslip.io:80"
time="2024-05-28T18:20:42.088269474-06:00" level=debug msg="Invoked gptj-python-rsryg16rhcb2lt3ui74t.default.192.168.1.240.sslip.io in 10541 usec\n"
time="2024-05-28T18:20:49.581162671-06:00" level=debug msg="Invoking: gptj-python-rsryg16rhcb2lt3ui74t.default.192.168.1.240.sslip.io:80"
time="2024-05-28T18:20:49.592692551-06:00" level=debug msg="Invoked gptj-python-rsryg16rhcb2lt3ui74t.default.192.168.1.240.sslip.io in 11564 usec\n"
time="2024-05-28T18:20:57.085560341-06:00" level=debug msg="Invoking: cartservice-9xr1uxoveiaq0i5yf1m5.default.192.168.1.240.sslip.io:80"
time="2024-05-28T18:20:57.097546213-06:00" level=debug msg="Invoked cartservice-9xr1uxoveiaq0i5yf1m5.default.192.168.1.240.sslip.io in 11993 usec\n"
time="2024-05-28T18:21:04.589832354-06:00" level=debug msg="Invoking: gptj-python-rsryg16rhcb2lt3ui74t.default.192.168.1.240.sslip.io:80"
time="2024-05-28T18:21:04.599662227-06:00" level=debug msg="Invoked gptj-python-rsryg16rhcb2lt3ui74t.default.192.168.1.240.sslip.io in 9834 usec\n"
time="2024-05-28T18:21:12.093173753-06:00" level=debug msg="Invoking: gptj-python-rsryg16rhcb2lt3ui74t.default.192.168.1.240.sslip.io:80"
time="2024-05-28T18:21:12.103753955-06:00" level=debug msg="Invoked gptj-python-rsryg16rhcb2lt3ui74t.default.192.168.1.240.sslip.io in 10590 usec\n"
time="2024-05-28T18:21:19.597125714-06:00" level=debug msg="Invoking: gptj-python-rsryg16rhcb2lt3ui74t.default.192.168.1.240.sslip.io:80"
time="2024-05-28T18:21:19.607058555-06:00" level=debug msg="Invoked gptj-python-rsryg16rhcb2lt3ui74t.default.192.168.1.240.sslip.io in 9944 usec\n"
time="2024-05-28T18:21:27.069107198-06:00" level=debug msg="Minute: 9"
time="2024-05-28T18:21:27.069209676-06:00" level=debug msg="Number of Invocations this iteration: 8"
time="2024-05-28T18:21:27.069301881-06:00" level=debug msg="Invoking: cartservice-9xr1uxoveiaq0i5yf1m5.default.192.168.1.240.sslip.io:80"
time="2024-05-28T18:21:27.084471345-06:00" level=debug msg="Invoked cartservice-9xr1uxoveiaq0i5yf1m5.default.192.168.1.240.sslip.io in 15166 usec\n"
time="2024-05-28T18:21:34.573106091-06:00" level=debug msg="Invoking: gptj-python-rsryg16rhcb2lt3ui74t.default.192.168.1.240.sslip.io:80"
time="2024-05-28T18:21:34.584121401-06:00" level=debug msg="Invoked gptj-python-rsryg16rhcb2lt3ui74t.default.192.168.1.240.sslip.io in 11026 usec\n"
time="2024-05-28T18:21:42.075641784-06:00" level=debug msg="Invoking: gptj-python-rsryg16rhcb2lt3ui74t.default.192.168.1.240.sslip.io:80"
time="2024-05-28T18:21:42.086663422-06:00" level=debug msg="Invoked gptj-python-rsryg16rhcb2lt3ui74t.default.192.168.1.240.sslip.io in 11098 usec\n"
time="2024-05-28T18:21:49.581131822-06:00" level=debug msg="Invoking: gptj-python-rsryg16rhcb2lt3ui74t.default.192.168.1.240.sslip.io:80"
time="2024-05-28T18:21:49.592495612-06:00" level=debug msg="Invoked gptj-python-rsryg16rhcb2lt3ui74t.default.192.168.1.240.sslip.io in 11374 usec\n"
time="2024-05-28T18:21:57.086068665-06:00" level=debug msg="Invoking: cartservice-9xr1uxoveiaq0i5yf1m5.default.192.168.1.240.sslip.io:80"
time="2024-05-28T18:21:57.098176484-06:00" level=debug msg="Invoked cartservice-9xr1uxoveiaq0i5yf1m5.default.192.168.1.240.sslip.io in 12116 usec\n"
time="2024-05-28T18:22:04.593131429-06:00" level=debug msg="Invoking: gptj-python-rsryg16rhcb2lt3ui74t.default.192.168.1.240.sslip.io:80"
time="2024-05-28T18:22:04.605807662-06:00" level=debug msg="Invoked gptj-python-rsryg16rhcb2lt3ui74t.default.192.168.1.240.sslip.io in 12685 usec\n"
time="2024-05-28T18:22:12.097646193-06:00" level=debug msg="Invoking: gptj-python-rsryg16rhcb2lt3ui74t.default.192.168.1.240.sslip.io:80"
time="2024-05-28T18:22:12.109118473-06:00" level=debug msg="Invoked gptj-python-rsryg16rhcb2lt3ui74t.default.192.168.1.240.sslip.io in 11482 usec\n"
time="2024-05-28T18:22:19.601192258-06:00" level=debug msg="Invoking: gptj-python-rsryg16rhcb2lt3ui74t.default.192.168.1.240.sslip.io:80"
time="2024-05-28T18:22:19.61287064-06:00" level=debug msg="Invoked gptj-python-rsryg16rhcb2lt3ui74t.default.192.168.1.240.sslip.io in 11689 usec\n"
time="2024-05-28T18:22:27.06973449-06:00" level=debug msg="Minute: 10"
time="2024-05-28T18:22:27.069883246-06:00" level=debug msg="Number of Invocations this iteration: 8"
time="2024-05-28T18:22:27.069972312-06:00" level=debug msg="Invoking: rnn-serving-python-10-10-os8f9d57zrtmyak04rqx.default.192.168.1.240.sslip.io:80"
time="2024-05-28T18:22:34.574220826-06:00" level=debug msg="Invoking: gptj-python-rsryg16rhcb2lt3ui74t.default.192.168.1.240.sslip.io:80"
time="2024-05-28T18:22:34.584821393-06:00" level=debug msg="Invoked gptj-python-rsryg16rhcb2lt3ui74t.default.192.168.1.240.sslip.io in 10611 usec\n"
time="2024-05-28T18:22:37.824636725-06:00" level=debug msg="Invoked rnn-serving-python-10-10-os8f9d57zrtmyak04rqx.default.192.168.1.240.sslip.io in 10754662 usec\n"
time="2024-05-28T18:22:42.077118709-06:00" level=debug msg="Invoking: gptj-python-rsryg16rhcb2lt3ui74t.default.192.168.1.240.sslip.io:80"
time="2024-05-28T18:22:42.087788585-06:00" level=debug msg="Invoked gptj-python-rsryg16rhcb2lt3ui74t.default.192.168.1.240.sslip.io in 10680 usec\n"
time="2024-05-28T18:22:49.581120891-06:00" level=debug msg="Invoking: gptj-python-rsryg16rhcb2lt3ui74t.default.192.168.1.240.sslip.io:80"
time="2024-05-28T18:22:49.593967501-06:00" level=debug msg="Invoked gptj-python-rsryg16rhcb2lt3ui74t.default.192.168.1.240.sslip.io in 12857 usec\n"
time="2024-05-28T18:22:57.085186075-06:00" level=debug msg="Invoking: cartservice-9xr1uxoveiaq0i5yf1m5.default.192.168.1.240.sslip.io:80"
time="2024-05-28T18:22:57.097717398-06:00" level=debug msg="Invoked cartservice-9xr1uxoveiaq0i5yf1m5.default.192.168.1.240.sslip.io in 12542 usec\n"
time="2024-05-28T18:23:04.589141367-06:00" level=debug msg="Invoking: gptj-python-rsryg16rhcb2lt3ui74t.default.192.168.1.240.sslip.io:80"
time="2024-05-28T18:23:04.6048974-06:00" level=debug msg="Invoked gptj-python-rsryg16rhcb2lt3ui74t.default.192.168.1.240.sslip.io in 15770 usec\n"
time="2024-05-28T18:23:12.093160144-06:00" level=debug msg="Invoking: gptj-python-rsryg16rhcb2lt3ui74t.default.192.168.1.240.sslip.io:80"
time="2024-05-28T18:23:12.103849211-06:00" level=debug msg="Invoked gptj-python-rsryg16rhcb2lt3ui74t.default.192.168.1.240.sslip.io in 10702 usec\n"
time="2024-05-28T18:23:19.597123977-06:00" level=debug msg="Invoking: gptj-python-rsryg16rhcb2lt3ui74t.default.192.168.1.240.sslip.io:80"
time="2024-05-28T18:23:19.608970193-06:00" level=debug msg="Invoked gptj-python-rsryg16rhcb2lt3ui74t.default.192.168.1.240.sslip.io in 11855 usec\n"
time="2024-05-28T18:23:27.069609349-06:00" level=debug msg="Minute: 11"
time="2024-05-28T18:23:27.069712586-06:00" level=debug msg="Number of Invocations this iteration: 8"
time="2024-05-28T18:23:27.069816068-06:00" level=debug msg="Invoking: image-rotate-go-6-qlufoeykttcy2aqxhd69.default.192.168.1.240.sslip.io:80"
time="2024-05-28T18:23:34.573126315-06:00" level=debug msg="Invoking: gptj-python-rsryg16rhcb2lt3ui74t.default.192.168.1.240.sslip.io:80"
time="2024-05-28T18:23:34.583818514-06:00" level=debug msg="Invoked gptj-python-rsryg16rhcb2lt3ui74t.default.192.168.1.240.sslip.io in 10704 usec\n"
time="2024-05-28T18:23:39.258526941-06:00" level=debug msg="Invoked image-rotate-go-6-qlufoeykttcy2aqxhd69.default.192.168.1.240.sslip.io in 12188713 usec\n"
time="2024-05-28T18:23:42.074429319-06:00" level=debug msg="Invoking: gptj-python-rsryg16rhcb2lt3ui74t.default.192.168.1.240.sslip.io:80"
time="2024-05-28T18:23:42.084546179-06:00" level=debug msg="Invoked gptj-python-rsryg16rhcb2lt3ui74t.default.192.168.1.240.sslip.io in 10166 usec\n"
time="2024-05-28T18:23:49.58168461-06:00" level=debug msg="Invoking: gptj-python-rsryg16rhcb2lt3ui74t.default.192.168.1.240.sslip.io:80"
time="2024-05-28T18:23:49.592685173-06:00" level=debug msg="Invoked gptj-python-rsryg16rhcb2lt3ui74t.default.192.168.1.240.sslip.io in 11011 usec\n"
time="2024-05-28T18:23:57.085115548-06:00" level=debug msg="Invoking: cartservice-9xr1uxoveiaq0i5yf1m5.default.192.168.1.240.sslip.io:80"
time="2024-05-28T18:23:57.096737139-06:00" level=debug msg="Invoked cartservice-9xr1uxoveiaq0i5yf1m5.default.192.168.1.240.sslip.io in 11629 usec\n"
time="2024-05-28T18:24:04.587729881-06:00" level=debug msg="Invoking: gptj-python-rsryg16rhcb2lt3ui74t.default.192.168.1.240.sslip.io:80"
time="2024-05-28T18:24:04.598423845-06:00" level=debug msg="Invoked gptj-python-rsryg16rhcb2lt3ui74t.default.192.168.1.240.sslip.io in 10700 usec\n"
time="2024-05-28T18:24:12.093191392-06:00" level=debug msg="Invoking: gptj-python-rsryg16rhcb2lt3ui74t.default.192.168.1.240.sslip.io:80"
time="2024-05-28T18:24:12.103870111-06:00" level=debug msg="Invoked gptj-python-rsryg16rhcb2lt3ui74t.default.192.168.1.240.sslip.io in 10691 usec\n"
time="2024-05-28T18:24:19.59712102-06:00" level=debug msg="Invoking: gptj-python-rsryg16rhcb2lt3ui74t.default.192.168.1.240.sslip.io:80"
time="2024-05-28T18:24:19.607843909-06:00" level=debug msg="Invoked gptj-python-rsryg16rhcb2lt3ui74t.default.192.168.1.240.sslip.io in 10733 usec\n"
time="2024-05-28T18:24:27.069102187-06:00" level=debug msg="Minute: 12"
time="2024-05-28T18:24:27.069268936-06:00" level=debug msg="Number of Invocations this iteration: 8"
time="2024-05-28T18:24:27.069355338-06:00" level=debug msg="Invoking: cartservice-9xr1uxoveiaq0i5yf1m5.default.192.168.1.240.sslip.io:80"
time="2024-05-28T18:24:27.081878264-06:00" level=debug msg="Invoked cartservice-9xr1uxoveiaq0i5yf1m5.default.192.168.1.240.sslip.io in 12521 usec\n"
time="2024-05-28T18:24:34.573976877-06:00" level=debug msg="Invoking: gptj-python-rsryg16rhcb2lt3ui74t.default.192.168.1.240.sslip.io:80"
time="2024-05-28T18:24:34.583808068-06:00" level=debug msg="Invoked gptj-python-rsryg16rhcb2lt3ui74t.default.192.168.1.240.sslip.io in 9841 usec\n"
time="2024-05-28T18:24:42.081152986-06:00" level=debug msg="Invoking: gptj-python-rsryg16rhcb2lt3ui74t.default.192.168.1.240.sslip.io:80"
time="2024-05-28T18:24:42.091188913-06:00" level=debug msg="Invoked gptj-python-rsryg16rhcb2lt3ui74t.default.192.168.1.240.sslip.io in 10045 usec\n"
time="2024-05-28T18:24:49.588240157-06:00" level=debug msg="Invoking: gptj-python-rsryg16rhcb2lt3ui74t.default.192.168.1.240.sslip.io:80"
time="2024-05-28T18:24:49.598365008-06:00" level=debug msg="Invoked gptj-python-rsryg16rhcb2lt3ui74t.default.192.168.1.240.sslip.io in 10139 usec\n"
time="2024-05-28T18:24:57.093107829-06:00" level=debug msg="Invoking: cartservice-9xr1uxoveiaq0i5yf1m5.default.192.168.1.240.sslip.io:80"
time="2024-05-28T18:24:57.105176384-06:00" level=debug msg="Invoked cartservice-9xr1uxoveiaq0i5yf1m5.default.192.168.1.240.sslip.io in 12075 usec\n"
time="2024-05-28T18:25:04.598774682-06:00" level=debug msg="Invoking: gptj-python-rsryg16rhcb2lt3ui74t.default.192.168.1.240.sslip.io:80"
time="2024-05-28T18:25:04.609785094-06:00" level=debug msg="Invoked gptj-python-rsryg16rhcb2lt3ui74t.default.192.168.1.240.sslip.io in 11022 usec\n"
time="2024-05-28T18:25:12.105131179-06:00" level=debug msg="Invoking: gptj-python-rsryg16rhcb2lt3ui74t.default.192.168.1.240.sslip.io:80"
time="2024-05-28T18:25:12.117248259-06:00" level=debug msg="Invoked gptj-python-rsryg16rhcb2lt3ui74t.default.192.168.1.240.sslip.io in 12128 usec\n"
time="2024-05-28T18:25:19.609167565-06:00" level=debug msg="Invoking: gptj-python-rsryg16rhcb2lt3ui74t.default.192.168.1.240.sslip.io:80"
time="2024-05-28T18:25:19.620705506-06:00" level=debug msg="Invoked gptj-python-rsryg16rhcb2lt3ui74t.default.192.168.1.240.sslip.io in 11548 usec\n"
time="2024-05-28T18:25:27.069852072-06:00" level=debug msg="Minute: 13"
time="2024-05-28T18:25:27.069954454-06:00" level=debug msg="Number of Invocations this iteration: 8"
time="2024-05-28T18:25:27.070042219-06:00" level=debug msg="Invoking: cartservice-9xr1uxoveiaq0i5yf1m5.default.192.168.1.240.sslip.io:80"
time="2024-05-28T18:25:27.082762589-06:00" level=debug msg="Invoked cartservice-9xr1uxoveiaq0i5yf1m5.default.192.168.1.240.sslip.io in 12718 usec\n"
time="2024-05-28T18:25:34.577182663-06:00" level=debug msg="Invoking: gptj-python-rsryg16rhcb2lt3ui74t.default.192.168.1.240.sslip.io:80"
time="2024-05-28T18:25:34.589899486-06:00" level=debug msg="Invoked gptj-python-rsryg16rhcb2lt3ui74t.default.192.168.1.240.sslip.io in 12760 usec\n"
time="2024-05-28T18:25:42.077310527-06:00" level=debug msg="Invoking: gptj-python-rsryg16rhcb2lt3ui74t.default.192.168.1.240.sslip.io:80"
time="2024-05-28T18:25:42.088984671-06:00" level=debug msg="Invoked gptj-python-rsryg16rhcb2lt3ui74t.default.192.168.1.240.sslip.io in 11684 usec\n"
time="2024-05-28T18:25:49.581265068-06:00" level=debug msg="Invoking: gptj-python-rsryg16rhcb2lt3ui74t.default.192.168.1.240.sslip.io:80"
time="2024-05-28T18:25:49.592130758-06:00" level=debug msg="Invoked gptj-python-rsryg16rhcb2lt3ui74t.default.192.168.1.240.sslip.io in 10874 usec\n"
time="2024-05-28T18:25:57.087988199-06:00" level=debug msg="Invoking: cartservice-9xr1uxoveiaq0i5yf1m5.default.192.168.1.240.sslip.io:80"
time="2024-05-28T18:25:57.09954964-06:00" level=debug msg="Invoked cartservice-9xr1uxoveiaq0i5yf1m5.default.192.168.1.240.sslip.io in 11574 usec\n"
time="2024-05-28T18:26:04.593117444-06:00" level=debug msg="Invoking: gptj-python-rsryg16rhcb2lt3ui74t.default.192.168.1.240.sslip.io:80"
time="2024-05-28T18:26:04.603660714-06:00" level=debug msg="Invoked gptj-python-rsryg16rhcb2lt3ui74t.default.192.168.1.240.sslip.io in 10553 usec\n"
time="2024-05-28T18:26:12.097297054-06:00" level=debug msg="Invoking: gptj-python-rsryg16rhcb2lt3ui74t.default.192.168.1.240.sslip.io:80"
time="2024-05-28T18:26:12.107876401-06:00" level=debug msg="Invoked gptj-python-rsryg16rhcb2lt3ui74t.default.192.168.1.240.sslip.io in 10590 usec\n"
time="2024-05-28T18:26:19.603688063-06:00" level=debug msg="Invoking: gptj-python-rsryg16rhcb2lt3ui74t.default.192.168.1.240.sslip.io:80"
time="2024-05-28T18:26:19.61558654-06:00" level=debug msg="Invoked gptj-python-rsryg16rhcb2lt3ui74t.default.192.168.1.240.sslip.io in 11907 usec\n"
time="2024-05-28T18:26:27.070157827-06:00" level=info msg="Experiment Phase Completed"
time="2024-05-28T18:26:27.070289929-06:00" level=info msg="Issued / completed requests: 112, 112"
time="2024-05-28T18:26:27.070325859-06:00" level=info msg="Average Real RPS: 0.13 "
time="2024-05-28T18:26:27.07035145-06:00" level=info msg="Experiment finished!"
time="2024-05-28T18:26:27.070378101-06:00" level=info msg="The measured latencies are saved in rps_lat.csv"
