time="2024-05-28T18:32:37.904528908-06:00" level=debug msg="Debug logging is enabled"
time="2024-05-28T18:32:37.904718635-06:00" level=info msg="Reading the trace endpoints from the file: /users/ArunAMS/vSwarm/tools/load-generator/load.json"
time="2024-05-28T18:32:37.906435512-06:00" level=info msg="Warmup Duration: 3"
time="2024-05-28T18:32:37.906466273-06:00" level=info msg="Experiment Duration: 11"
time="2024-05-28T18:32:37.906490932-06:00" level=info msg="Minute Granularity: true"
time="2024-05-28T18:33:37.96529291-06:00" level=info msg="Running Warmup Phase"
time="2024-05-28T18:33:37.965367429-06:00" level=debug msg="Minute: 0"
time="2024-05-28T18:33:37.965442218-06:00" level=debug msg="Number of Invocations this iteration: 8"
time="2024-05-28T18:33:37.965549394-06:00" level=debug msg="Invoking: cartservice-lg0g2dlpavxbj7xko92c.default.192.168.1.240.sslip.io:80"
time="2024-05-28T18:33:45.466568227-06:00" level=debug msg="Invoking: gptj-python-h3rg7675n8i5gclxt127.default.192.168.1.240.sslip.io:80"
time="2024-05-28T18:33:52.967520974-06:00" level=debug msg="Invoking: gptj-python-h3rg7675n8i5gclxt127.default.192.168.1.240.sslip.io:80"
time="2024-05-28T18:34:00.471908401-06:00" level=debug msg="Invoking: gptj-python-h3rg7675n8i5gclxt127.default.192.168.1.240.sslip.io:80"
time="2024-05-28T18:34:07.975940765-06:00" level=debug msg="Invoking: cartservice-lg0g2dlpavxbj7xko92c.default.192.168.1.240.sslip.io:80"
time="2024-05-28T18:34:15.479931719-06:00" level=debug msg="Invoking: gptj-python-h3rg7675n8i5gclxt127.default.192.168.1.240.sslip.io:80"
time="2024-05-28T18:34:22.983881386-06:00" level=debug msg="Invoking: gptj-python-h3rg7675n8i5gclxt127.default.192.168.1.240.sslip.io:80"
time="2024-05-28T18:34:30.488007605-06:00" level=debug msg="Invoking: gptj-python-h3rg7675n8i5gclxt127.default.192.168.1.240.sslip.io:80"
time="2024-05-28T18:34:37.911897444-06:00" level=debug msg="Minute: 1"
time="2024-05-28T18:34:37.911992913-06:00" level=debug msg="Number of Invocations this iteration: 8"
time="2024-05-28T18:34:37.912085248-06:00" level=debug msg="Invoking: image-rotate-go-6-zbdo17r8vfbbqngriv2s.default.192.168.1.240.sslip.io:80"
time="2024-05-28T18:34:45.412225624-06:00" level=debug msg="Invoking: gptj-python-h3rg7675n8i5gclxt127.default.192.168.1.240.sslip.io:80"
time="2024-05-28T18:34:52.917203779-06:00" level=debug msg="Invoking: gptj-python-h3rg7675n8i5gclxt127.default.192.168.1.240.sslip.io:80"
time="2024-05-28T18:35:00.419918169-06:00" level=debug msg="Invoking: gptj-python-h3rg7675n8i5gclxt127.default.192.168.1.240.sslip.io:80"
time="2024-05-28T18:35:07.925203117-06:00" level=debug msg="Invoking: cartservice-lg0g2dlpavxbj7xko92c.default.192.168.1.240.sslip.io:80"
time="2024-05-28T18:35:15.426051176-06:00" level=debug msg="Invoking: gptj-python-h3rg7675n8i5gclxt127.default.192.168.1.240.sslip.io:80"
time="2024-05-28T18:35:22.931898862-06:00" level=debug msg="Invoking: gptj-python-h3rg7675n8i5gclxt127.default.192.168.1.240.sslip.io:80"
time="2024-05-28T18:35:30.43674979-06:00" level=debug msg="Invoking: gptj-python-h3rg7675n8i5gclxt127.default.192.168.1.240.sslip.io:80"
time="2024-05-28T18:35:37.907323334-06:00" level=debug msg="Minute: 2"
time="2024-05-28T18:35:37.907421258-06:00" level=debug msg="Number of Invocations this iteration: 8"
time="2024-05-28T18:35:37.907500846-06:00" level=debug msg="Invoking: cartservice-lg0g2dlpavxbj7xko92c.default.192.168.1.240.sslip.io:80"
time="2024-05-28T18:35:45.411932143-06:00" level=debug msg="Invoking: gptj-python-h3rg7675n8i5gclxt127.default.192.168.1.240.sslip.io:80"
time="2024-05-28T18:35:52.9145367-06:00" level=debug msg="Invoking: gptj-python-h3rg7675n8i5gclxt127.default.192.168.1.240.sslip.io:80"
time="2024-05-28T18:36:00.421303648-06:00" level=debug msg="Invoking: gptj-python-h3rg7675n8i5gclxt127.default.192.168.1.240.sslip.io:80"
time="2024-05-28T18:36:07.927985113-06:00" level=debug msg="Invoking: cartservice-lg0g2dlpavxbj7xko92c.default.192.168.1.240.sslip.io:80"
time="2024-05-28T18:36:15.431902627-06:00" level=debug msg="Invoking: gptj-python-h3rg7675n8i5gclxt127.default.192.168.1.240.sslip.io:80"
time="2024-05-28T18:36:22.938675716-06:00" level=debug msg="Invoking: gptj-python-h3rg7675n8i5gclxt127.default.192.168.1.240.sslip.io:80"
time="2024-05-28T18:36:30.443873181-06:00" level=debug msg="Invoking: gptj-python-h3rg7675n8i5gclxt127.default.192.168.1.240.sslip.io:80"
time="2024-05-28T18:36:37.911929453-06:00" level=info msg="Warmup Phase Completed"
time="2024-05-28T18:36:37.911996271-06:00" level=info msg="Running Experiment Phase"
time="2024-05-28T18:36:37.912024451-06:00" level=debug msg="Minute: 3"
time="2024-05-28T18:36:37.912069577-06:00" level=debug msg="Number of Invocations this iteration: 8"
time="2024-05-28T18:36:37.912154769-06:00" level=debug msg="Invoking: cartservice-lg0g2dlpavxbj7xko92c.default.192.168.1.240.sslip.io:80"
time="2024-05-28T18:36:37.922386078-06:00" level=debug msg="Invoked cartservice-lg0g2dlpavxbj7xko92c.default.192.168.1.240.sslip.io in 10229 usec\n"
time="2024-05-28T18:36:45.415940225-06:00" level=debug msg="Invoking: gptj-python-h3rg7675n8i5gclxt127.default.192.168.1.240.sslip.io:80"
time="2024-05-28T18:36:45.427460323-06:00" level=debug msg="Invoked gptj-python-h3rg7675n8i5gclxt127.default.192.168.1.240.sslip.io in 11528 usec\n"
time="2024-05-28T18:36:52.91987009-06:00" level=debug msg="Invoking: gptj-python-h3rg7675n8i5gclxt127.default.192.168.1.240.sslip.io:80"
time="2024-05-28T18:36:52.929883344-06:00" level=debug msg="Invoked gptj-python-h3rg7675n8i5gclxt127.default.192.168.1.240.sslip.io in 10018 usec\n"
time="2024-05-28T18:37:00.420055129-06:00" level=debug msg="Invoking: gptj-python-h3rg7675n8i5gclxt127.default.192.168.1.240.sslip.io:80"
time="2024-05-28T18:37:00.430449053-06:00" level=debug msg="Invoked gptj-python-h3rg7675n8i5gclxt127.default.192.168.1.240.sslip.io in 10412 usec\n"
time="2024-05-28T18:37:07.923888608-06:00" level=debug msg="Invoking: cartservice-lg0g2dlpavxbj7xko92c.default.192.168.1.240.sslip.io:80"
time="2024-05-28T18:37:07.936230863-06:00" level=debug msg="Invoked cartservice-lg0g2dlpavxbj7xko92c.default.192.168.1.240.sslip.io in 12370 usec\n"
time="2024-05-28T18:37:15.427869223-06:00" level=debug msg="Invoking: gptj-python-h3rg7675n8i5gclxt127.default.192.168.1.240.sslip.io:80"
time="2024-05-28T18:37:15.438041456-06:00" level=debug msg="Invoked gptj-python-h3rg7675n8i5gclxt127.default.192.168.1.240.sslip.io in 10181 usec\n"
time="2024-05-28T18:37:22.931982828-06:00" level=debug msg="Invoking: gptj-python-h3rg7675n8i5gclxt127.default.192.168.1.240.sslip.io:80"
time="2024-05-28T18:37:22.941928816-06:00" level=debug msg="Invoked gptj-python-h3rg7675n8i5gclxt127.default.192.168.1.240.sslip.io in 9955 usec\n"
time="2024-05-28T18:37:30.435932556-06:00" level=debug msg="Invoking: gptj-python-h3rg7675n8i5gclxt127.default.192.168.1.240.sslip.io:80"
time="2024-05-28T18:37:30.446596363-06:00" level=debug msg="Invoked gptj-python-h3rg7675n8i5gclxt127.default.192.168.1.240.sslip.io in 10672 usec\n"
time="2024-05-28T18:37:37.911920038-06:00" level=debug msg="Minute: 4"
time="2024-05-28T18:37:37.912019052-06:00" level=debug msg="Number of Invocations this iteration: 8"
time="2024-05-28T18:37:37.912110955-06:00" level=debug msg="Invoking: rnn-serving-python-10-10-1ge5kay8a1czr0ox0fvp.default.192.168.1.240.sslip.io:80"
time="2024-05-28T18:37:45.415884141-06:00" level=debug msg="Invoking: gptj-python-h3rg7675n8i5gclxt127.default.192.168.1.240.sslip.io:80"
time="2024-05-28T18:37:45.425104391-06:00" level=debug msg="Invoked gptj-python-h3rg7675n8i5gclxt127.default.192.168.1.240.sslip.io in 9224 usec\n"
time="2024-05-28T18:37:48.823275724-06:00" level=debug msg="Invoked rnn-serving-python-10-10-1ge5kay8a1czr0ox0fvp.default.192.168.1.240.sslip.io in 10911159 usec\n"
time="2024-05-28T18:37:52.917001671-06:00" level=debug msg="Invoking: gptj-python-h3rg7675n8i5gclxt127.default.192.168.1.240.sslip.io:80"
time="2024-05-28T18:37:52.927769908-06:00" level=debug msg="Invoked gptj-python-h3rg7675n8i5gclxt127.default.192.168.1.240.sslip.io in 10782 usec\n"
time="2024-05-28T18:38:00.423895231-06:00" level=debug msg="Invoking: gptj-python-h3rg7675n8i5gclxt127.default.192.168.1.240.sslip.io:80"
time="2024-05-28T18:38:00.433864414-06:00" level=debug msg="Invoked gptj-python-h3rg7675n8i5gclxt127.default.192.168.1.240.sslip.io in 9981 usec\n"
time="2024-05-28T18:38:07.927956101-06:00" level=debug msg="Invoking: cartservice-lg0g2dlpavxbj7xko92c.default.192.168.1.240.sslip.io:80"
time="2024-05-28T18:38:14.952023885-06:00" level=debug msg="Invoked cartservice-lg0g2dlpavxbj7xko92c.default.192.168.1.240.sslip.io in 7024078 usec\n"
time="2024-05-28T18:38:15.428464739-06:00" level=debug msg="Invoking: gptj-python-h3rg7675n8i5gclxt127.default.192.168.1.240.sslip.io:80"
time="2024-05-28T18:38:15.43869547-06:00" level=debug msg="Invoked gptj-python-h3rg7675n8i5gclxt127.default.192.168.1.240.sslip.io in 10260 usec\n"
time="2024-05-28T18:38:22.93593848-06:00" level=debug msg="Invoking: gptj-python-h3rg7675n8i5gclxt127.default.192.168.1.240.sslip.io:80"
time="2024-05-28T18:38:22.945549771-06:00" level=debug msg="Invoked gptj-python-h3rg7675n8i5gclxt127.default.192.168.1.240.sslip.io in 9623 usec\n"
time="2024-05-28T18:38:30.439969438-06:00" level=debug msg="Invoking: gptj-python-h3rg7675n8i5gclxt127.default.192.168.1.240.sslip.io:80"
time="2024-05-28T18:38:30.449358273-06:00" level=debug msg="Invoked gptj-python-h3rg7675n8i5gclxt127.default.192.168.1.240.sslip.io in 9420 usec\n"
time="2024-05-28T18:38:37.911957213-06:00" level=debug msg="Minute: 5"
time="2024-05-28T18:38:37.912054226-06:00" level=debug msg="Number of Invocations this iteration: 8"
time="2024-05-28T18:38:37.912144932-06:00" level=debug msg="Invoking: cartservice-lg0g2dlpavxbj7xko92c.default.192.168.1.240.sslip.io:80"
time="2024-05-28T18:38:37.941021118-06:00" level=debug msg="Invoked cartservice-lg0g2dlpavxbj7xko92c.default.192.168.1.240.sslip.io in 28874 usec\n"
time="2024-05-28T18:38:45.415887071-06:00" level=debug msg="Invoking: gptj-python-h3rg7675n8i5gclxt127.default.192.168.1.240.sslip.io:80"
time="2024-05-28T18:38:45.426932022-06:00" level=debug msg="Invoked gptj-python-h3rg7675n8i5gclxt127.default.192.168.1.240.sslip.io in 11056 usec\n"
time="2024-05-28T18:38:52.919944618-06:00" level=debug msg="Invoking: gptj-python-h3rg7675n8i5gclxt127.default.192.168.1.240.sslip.io:80"
time="2024-05-28T18:38:52.929821534-06:00" level=debug msg="Invoked gptj-python-h3rg7675n8i5gclxt127.default.192.168.1.240.sslip.io in 9885 usec\n"
time="2024-05-28T18:39:00.420862851-06:00" level=debug msg="Invoking: gptj-python-h3rg7675n8i5gclxt127.default.192.168.1.240.sslip.io:80"
time="2024-05-28T18:39:00.432350102-06:00" level=debug msg="Invoked gptj-python-h3rg7675n8i5gclxt127.default.192.168.1.240.sslip.io in 11695 usec\n"
time="2024-05-28T18:39:07.923874816-06:00" level=debug msg="Invoking: cartservice-lg0g2dlpavxbj7xko92c.default.192.168.1.240.sslip.io:80"
time="2024-05-28T18:39:07.937169098-06:00" level=debug msg="Invoked cartservice-lg0g2dlpavxbj7xko92c.default.192.168.1.240.sslip.io in 13302 usec\n"
time="2024-05-28T18:39:15.427940554-06:00" level=debug msg="Invoking: gptj-python-h3rg7675n8i5gclxt127.default.192.168.1.240.sslip.io:80"
time="2024-05-28T18:39:15.437695624-06:00" level=debug msg="Invoked gptj-python-h3rg7675n8i5gclxt127.default.192.168.1.240.sslip.io in 9758 usec\n"
time="2024-05-28T18:39:22.931974967-06:00" level=debug msg="Invoking: gptj-python-h3rg7675n8i5gclxt127.default.192.168.1.240.sslip.io:80"
time="2024-05-28T18:39:22.941925147-06:00" level=debug msg="Invoked gptj-python-h3rg7675n8i5gclxt127.default.192.168.1.240.sslip.io in 9958 usec\n"
time="2024-05-28T18:39:30.435944972-06:00" level=debug msg="Invoking: gptj-python-h3rg7675n8i5gclxt127.default.192.168.1.240.sslip.io:80"
time="2024-05-28T18:39:30.445489408-06:00" level=debug msg="Invoked gptj-python-h3rg7675n8i5gclxt127.default.192.168.1.240.sslip.io in 9554 usec\n"
time="2024-05-28T18:39:37.911848144-06:00" level=debug msg="Minute: 6"
time="2024-05-28T18:39:37.911954158-06:00" level=debug msg="Number of Invocations this iteration: 8"
time="2024-05-28T18:39:37.91206098-06:00" level=debug msg="Invoking: image-rotate-go-6-zbdo17r8vfbbqngriv2s.default.192.168.1.240.sslip.io:80"
time="2024-05-28T18:39:45.41594694-06:00" level=debug msg="Invoking: gptj-python-h3rg7675n8i5gclxt127.default.192.168.1.240.sslip.io:80"
time="2024-05-28T18:39:45.425480337-06:00" level=debug msg="Invoked gptj-python-h3rg7675n8i5gclxt127.default.192.168.1.240.sslip.io in 9537 usec\n"
time="2024-05-28T18:39:50.111458194-06:00" level=debug msg="Invoked image-rotate-go-6-zbdo17r8vfbbqngriv2s.default.192.168.1.240.sslip.io in 12199396 usec\n"
time="2024-05-28T18:39:52.91704197-06:00" level=debug msg="Invoking: gptj-python-h3rg7675n8i5gclxt127.default.192.168.1.240.sslip.io:80"
time="2024-05-28T18:39:52.926935854-06:00" level=debug msg="Invoked gptj-python-h3rg7675n8i5gclxt127.default.192.168.1.240.sslip.io in 9903 usec\n"
time="2024-05-28T18:40:00.423927256-06:00" level=debug msg="Invoking: gptj-python-h3rg7675n8i5gclxt127.default.192.168.1.240.sslip.io:80"
time="2024-05-28T18:40:00.43321456-06:00" level=debug msg="Invoked gptj-python-h3rg7675n8i5gclxt127.default.192.168.1.240.sslip.io in 9296 usec\n"
time="2024-05-28T18:40:07.928777299-06:00" level=debug msg="Invoking: cartservice-lg0g2dlpavxbj7xko92c.default.192.168.1.240.sslip.io:80"
time="2024-05-28T18:40:15.29492536-06:00" level=debug msg="Invoked cartservice-lg0g2dlpavxbj7xko92c.default.192.168.1.240.sslip.io in 7366150 usec\n"
time="2024-05-28T18:40:15.428827805-06:00" level=debug msg="Invoking: gptj-python-h3rg7675n8i5gclxt127.default.192.168.1.240.sslip.io:80"
time="2024-05-28T18:40:15.438676315-06:00" level=debug msg="Invoked gptj-python-h3rg7675n8i5gclxt127.default.192.168.1.240.sslip.io in 9855 usec\n"
time="2024-05-28T18:40:22.935923821-06:00" level=debug msg="Invoking: gptj-python-h3rg7675n8i5gclxt127.default.192.168.1.240.sslip.io:80"
time="2024-05-28T18:40:22.946070518-06:00" level=debug msg="Invoked gptj-python-h3rg7675n8i5gclxt127.default.192.168.1.240.sslip.io in 10158 usec\n"
time="2024-05-28T18:40:30.439865644-06:00" level=debug msg="Invoking: gptj-python-h3rg7675n8i5gclxt127.default.192.168.1.240.sslip.io:80"
time="2024-05-28T18:40:30.448621708-06:00" level=debug msg="Invoked gptj-python-h3rg7675n8i5gclxt127.default.192.168.1.240.sslip.io in 8766 usec\n"
time="2024-05-28T18:40:37.911848626-06:00" level=debug msg="Minute: 7"
time="2024-05-28T18:40:37.911937095-06:00" level=debug msg="Number of Invocations this iteration: 8"
time="2024-05-28T18:40:37.912027523-06:00" level=debug msg="Invoking: cartservice-lg0g2dlpavxbj7xko92c.default.192.168.1.240.sslip.io:80"
time="2024-05-28T18:40:37.94006683-06:00" level=debug msg="Invoked cartservice-lg0g2dlpavxbj7xko92c.default.192.168.1.240.sslip.io in 28037 usec\n"
time="2024-05-28T18:40:45.417271866-06:00" level=debug msg="Invoking: gptj-python-h3rg7675n8i5gclxt127.default.192.168.1.240.sslip.io:80"
time="2024-05-28T18:40:45.427744746-06:00" level=debug msg="Invoked gptj-python-h3rg7675n8i5gclxt127.default.192.168.1.240.sslip.io in 10486 usec\n"
time="2024-05-28T18:40:52.923890752-06:00" level=debug msg="Invoking: gptj-python-h3rg7675n8i5gclxt127.default.192.168.1.240.sslip.io:80"
time="2024-05-28T18:40:52.933636513-06:00" level=debug msg="Invoked gptj-python-h3rg7675n8i5gclxt127.default.192.168.1.240.sslip.io in 9754 usec\n"
time="2024-05-28T18:41:00.424029265-06:00" level=debug msg="Invoking: gptj-python-h3rg7675n8i5gclxt127.default.192.168.1.240.sslip.io:80"
time="2024-05-28T18:41:00.435242897-06:00" level=debug msg="Invoked gptj-python-h3rg7675n8i5gclxt127.default.192.168.1.240.sslip.io in 11221 usec\n"
time="2024-05-28T18:41:07.927975766-06:00" level=debug msg="Invoking: cartservice-lg0g2dlpavxbj7xko92c.default.192.168.1.240.sslip.io:80"
time="2024-05-28T18:41:07.940850836-06:00" level=debug msg="Invoked cartservice-lg0g2dlpavxbj7xko92c.default.192.168.1.240.sslip.io in 12884 usec\n"
time="2024-05-28T18:41:15.431871674-06:00" level=debug msg="Invoking: gptj-python-h3rg7675n8i5gclxt127.default.192.168.1.240.sslip.io:80"
time="2024-05-28T18:41:15.441701678-06:00" level=debug msg="Invoked gptj-python-h3rg7675n8i5gclxt127.default.192.168.1.240.sslip.io in 9837 usec\n"
time="2024-05-28T18:41:22.938916039-06:00" level=debug msg="Invoking: gptj-python-h3rg7675n8i5gclxt127.default.192.168.1.240.sslip.io:80"
time="2024-05-28T18:41:22.947659387-06:00" level=debug msg="Invoked gptj-python-h3rg7675n8i5gclxt127.default.192.168.1.240.sslip.io in 8745 usec\n"
time="2024-05-28T18:41:30.443934613-06:00" level=debug msg="Invoking: gptj-python-h3rg7675n8i5gclxt127.default.192.168.1.240.sslip.io:80"
time="2024-05-28T18:41:30.4542265-06:00" level=debug msg="Invoked gptj-python-h3rg7675n8i5gclxt127.default.192.168.1.240.sslip.io in 10299 usec\n"
time="2024-05-28T18:41:37.911889033-06:00" level=debug msg="Minute: 8"
time="2024-05-28T18:41:37.912016612-06:00" level=debug msg="Number of Invocations this iteration: 8"
time="2024-05-28T18:41:37.912101299-06:00" level=debug msg="Invoking: cartservice-lg0g2dlpavxbj7xko92c.default.192.168.1.240.sslip.io:80"
time="2024-05-28T18:41:37.924079159-06:00" level=debug msg="Invoked cartservice-lg0g2dlpavxbj7xko92c.default.192.168.1.240.sslip.io in 11972 usec\n"
time="2024-05-28T18:41:45.418706255-06:00" level=debug msg="Invoking: gptj-python-h3rg7675n8i5gclxt127.default.192.168.1.240.sslip.io:80"
time="2024-05-28T18:41:45.428817472-06:00" level=debug msg="Invoked gptj-python-h3rg7675n8i5gclxt127.default.192.168.1.240.sslip.io in 10122 usec\n"
time="2024-05-28T18:41:52.924918882-06:00" level=debug msg="Invoking: gptj-python-h3rg7675n8i5gclxt127.default.192.168.1.240.sslip.io:80"
time="2024-05-28T18:41:52.936779916-06:00" level=debug msg="Invoked gptj-python-h3rg7675n8i5gclxt127.default.192.168.1.240.sslip.io in 11874 usec\n"
time="2024-05-28T18:42:00.432063073-06:00" level=debug msg="Invoking: gptj-python-h3rg7675n8i5gclxt127.default.192.168.1.240.sslip.io:80"
time="2024-05-28T18:42:00.442014806-06:00" level=debug msg="Invoked gptj-python-h3rg7675n8i5gclxt127.default.192.168.1.240.sslip.io in 9964 usec\n"
time="2024-05-28T18:42:07.935937952-06:00" level=debug msg="Invoking: cartservice-lg0g2dlpavxbj7xko92c.default.192.168.1.240.sslip.io:80"
time="2024-05-28T18:42:07.948306725-06:00" level=debug msg="Invoked cartservice-lg0g2dlpavxbj7xko92c.default.192.168.1.240.sslip.io in 12375 usec\n"
time="2024-05-28T18:42:15.439915154-06:00" level=debug msg="Invoking: gptj-python-h3rg7675n8i5gclxt127.default.192.168.1.240.sslip.io:80"
time="2024-05-28T18:42:15.449074172-06:00" level=debug msg="Invoked gptj-python-h3rg7675n8i5gclxt127.default.192.168.1.240.sslip.io in 9165 usec\n"
time="2024-05-28T18:42:22.943966353-06:00" level=debug msg="Invoking: gptj-python-h3rg7675n8i5gclxt127.default.192.168.1.240.sslip.io:80"
time="2024-05-28T18:42:22.953582339-06:00" level=debug msg="Invoked gptj-python-h3rg7675n8i5gclxt127.default.192.168.1.240.sslip.io in 9628 usec\n"
time="2024-05-28T18:42:30.447890214-06:00" level=debug msg="Invoking: gptj-python-h3rg7675n8i5gclxt127.default.192.168.1.240.sslip.io:80"
time="2024-05-28T18:42:30.457263788-06:00" level=debug msg="Invoked gptj-python-h3rg7675n8i5gclxt127.default.192.168.1.240.sslip.io in 9378 usec\n"
time="2024-05-28T18:42:37.911912501-06:00" level=debug msg="Minute: 9"
time="2024-05-28T18:42:37.912029623-06:00" level=debug msg="Number of Invocations this iteration: 8"
time="2024-05-28T18:42:37.91211728-06:00" level=debug msg="Invoking: cartservice-lg0g2dlpavxbj7xko92c.default.192.168.1.240.sslip.io:80"
time="2024-05-28T18:42:37.923515004-06:00" level=debug msg="Invoked cartservice-lg0g2dlpavxbj7xko92c.default.192.168.1.240.sslip.io in 11395 usec\n"
time="2024-05-28T18:42:45.415976976-06:00" level=debug msg="Invoking: gptj-python-h3rg7675n8i5gclxt127.default.192.168.1.240.sslip.io:80"
time="2024-05-28T18:42:45.42608807-06:00" level=debug msg="Invoked gptj-python-h3rg7675n8i5gclxt127.default.192.168.1.240.sslip.io in 10123 usec\n"
time="2024-05-28T18:42:52.919954528-06:00" level=debug msg="Invoking: gptj-python-h3rg7675n8i5gclxt127.default.192.168.1.240.sslip.io:80"
time="2024-05-28T18:42:52.929095116-06:00" level=debug msg="Invoked gptj-python-h3rg7675n8i5gclxt127.default.192.168.1.240.sslip.io in 9154 usec\n"
time="2024-05-28T18:43:00.424171386-06:00" level=debug msg="Invoking: gptj-python-h3rg7675n8i5gclxt127.default.192.168.1.240.sslip.io:80"
time="2024-05-28T18:43:00.435521625-06:00" level=debug msg="Invoked gptj-python-h3rg7675n8i5gclxt127.default.192.168.1.240.sslip.io in 11356 usec\n"
time="2024-05-28T18:43:07.92655683-06:00" level=debug msg="Invoking: cartservice-lg0g2dlpavxbj7xko92c.default.192.168.1.240.sslip.io:80"
time="2024-05-28T18:43:07.938594238-06:00" level=debug msg="Invoked cartservice-lg0g2dlpavxbj7xko92c.default.192.168.1.240.sslip.io in 12057 usec\n"
time="2024-05-28T18:43:15.432208142-06:00" level=debug msg="Invoking: gptj-python-h3rg7675n8i5gclxt127.default.192.168.1.240.sslip.io:80"
time="2024-05-28T18:43:15.442264523-06:00" level=debug msg="Invoked gptj-python-h3rg7675n8i5gclxt127.default.192.168.1.240.sslip.io in 10076 usec\n"
time="2024-05-28T18:43:22.936208493-06:00" level=debug msg="Invoking: gptj-python-h3rg7675n8i5gclxt127.default.192.168.1.240.sslip.io:80"
time="2024-05-28T18:43:22.946221718-06:00" level=debug msg="Invoked gptj-python-h3rg7675n8i5gclxt127.default.192.168.1.240.sslip.io in 10025 usec\n"
time="2024-05-28T18:43:30.442743282-06:00" level=debug msg="Invoking: gptj-python-h3rg7675n8i5gclxt127.default.192.168.1.240.sslip.io:80"
time="2024-05-28T18:43:30.453100135-06:00" level=debug msg="Invoked gptj-python-h3rg7675n8i5gclxt127.default.192.168.1.240.sslip.io in 10369 usec\n"
time="2024-05-28T18:43:37.911865293-06:00" level=debug msg="Minute: 10"
time="2024-05-28T18:43:37.91201264-06:00" level=debug msg="Number of Invocations this iteration: 8"
time="2024-05-28T18:43:37.91207785-06:00" level=debug msg="Invoking: rnn-serving-python-10-10-1ge5kay8a1czr0ox0fvp.default.192.168.1.240.sslip.io:80"
time="2024-05-28T18:43:45.415940738-06:00" level=debug msg="Invoking: gptj-python-h3rg7675n8i5gclxt127.default.192.168.1.240.sslip.io:80"
time="2024-05-28T18:43:45.426934884-06:00" level=debug msg="Invoked gptj-python-h3rg7675n8i5gclxt127.default.192.168.1.240.sslip.io in 11006 usec\n"
time="2024-05-28T18:43:48.638263693-06:00" level=debug msg="Invoked rnn-serving-python-10-10-1ge5kay8a1czr0ox0fvp.default.192.168.1.240.sslip.io in 10726183 usec\n"
time="2024-05-28T18:43:52.917000347-06:00" level=debug msg="Invoking: gptj-python-h3rg7675n8i5gclxt127.default.192.168.1.240.sslip.io:80"
time="2024-05-28T18:43:52.927255161-06:00" level=debug msg="Invoked gptj-python-h3rg7675n8i5gclxt127.default.192.168.1.240.sslip.io in 10266 usec\n"
time="2024-05-28T18:44:00.423879855-06:00" level=debug msg="Invoking: gptj-python-h3rg7675n8i5gclxt127.default.192.168.1.240.sslip.io:80"
time="2024-05-28T18:44:00.434966585-06:00" level=debug msg="Invoked gptj-python-h3rg7675n8i5gclxt127.default.192.168.1.240.sslip.io in 11097 usec\n"
time="2024-05-28T18:44:07.929406274-06:00" level=debug msg="Invoking: cartservice-lg0g2dlpavxbj7xko92c.default.192.168.1.240.sslip.io:80"
time="2024-05-28T18:44:15.435853356-06:00" level=debug msg="Invoking: gptj-python-h3rg7675n8i5gclxt127.default.192.168.1.240.sslip.io:80"
time="2024-05-28T18:44:15.444189473-06:00" level=debug msg="Invoked gptj-python-h3rg7675n8i5gclxt127.default.192.168.1.240.sslip.io in 8341 usec\n"
time="2024-05-28T18:44:15.61730233-06:00" level=debug msg="Invoked cartservice-lg0g2dlpavxbj7xko92c.default.192.168.1.240.sslip.io in 7687903 usec\n"
time="2024-05-28T18:44:22.939911617-06:00" level=debug msg="Invoking: gptj-python-h3rg7675n8i5gclxt127.default.192.168.1.240.sslip.io:80"
time="2024-05-28T18:44:22.950431773-06:00" level=debug msg="Invoked gptj-python-h3rg7675n8i5gclxt127.default.192.168.1.240.sslip.io in 10557 usec\n"
time="2024-05-28T18:44:30.443904514-06:00" level=debug msg="Invoking: gptj-python-h3rg7675n8i5gclxt127.default.192.168.1.240.sslip.io:80"
time="2024-05-28T18:44:30.453582716-06:00" level=debug msg="Invoked gptj-python-h3rg7675n8i5gclxt127.default.192.168.1.240.sslip.io in 9691 usec\n"
time="2024-05-28T18:44:37.913587568-06:00" level=debug msg="Minute: 11"
time="2024-05-28T18:44:37.913684373-06:00" level=debug msg="Number of Invocations this iteration: 8"
time="2024-05-28T18:44:37.913738968-06:00" level=debug msg="Invoking: image-rotate-go-6-zbdo17r8vfbbqngriv2s.default.192.168.1.240.sslip.io:80"
time="2024-05-28T18:44:45.112535733-06:00" level=debug msg="Invoked image-rotate-go-6-zbdo17r8vfbbqngriv2s.default.192.168.1.240.sslip.io in 7198794 usec\n"
time="2024-05-28T18:44:45.414813896-06:00" level=debug msg="Invoking: gptj-python-h3rg7675n8i5gclxt127.default.192.168.1.240.sslip.io:80"
time="2024-05-28T18:44:45.424912588-06:00" level=debug msg="Invoked gptj-python-h3rg7675n8i5gclxt127.default.192.168.1.240.sslip.io in 10113 usec\n"
time="2024-05-28T18:44:52.919881779-06:00" level=debug msg="Invoking: gptj-python-h3rg7675n8i5gclxt127.default.192.168.1.240.sslip.io:80"
time="2024-05-28T18:44:52.929537881-06:00" level=debug msg="Invoked gptj-python-h3rg7675n8i5gclxt127.default.192.168.1.240.sslip.io in 9662 usec\n"
time="2024-05-28T18:45:00.423947548-06:00" level=debug msg="Invoking: gptj-python-h3rg7675n8i5gclxt127.default.192.168.1.240.sslip.io:80"
time="2024-05-28T18:45:00.434911698-06:00" level=debug msg="Invoked gptj-python-h3rg7675n8i5gclxt127.default.192.168.1.240.sslip.io in 10968 usec\n"
time="2024-05-28T18:45:07.927923493-06:00" level=debug msg="Invoking: cartservice-lg0g2dlpavxbj7xko92c.default.192.168.1.240.sslip.io:80"
time="2024-05-28T18:45:07.957992677-06:00" level=debug msg="Invoked cartservice-lg0g2dlpavxbj7xko92c.default.192.168.1.240.sslip.io in 30077 usec\n"
time="2024-05-28T18:45:15.431927021-06:00" level=debug msg="Invoking: gptj-python-h3rg7675n8i5gclxt127.default.192.168.1.240.sslip.io:80"
time="2024-05-28T18:45:15.441061571-06:00" level=debug msg="Invoked gptj-python-h3rg7675n8i5gclxt127.default.192.168.1.240.sslip.io in 9144 usec\n"
time="2024-05-28T18:45:22.93593385-06:00" level=debug msg="Invoking: gptj-python-h3rg7675n8i5gclxt127.default.192.168.1.240.sslip.io:80"
time="2024-05-28T18:45:22.945854526-06:00" level=debug msg="Invoked gptj-python-h3rg7675n8i5gclxt127.default.192.168.1.240.sslip.io in 9939 usec\n"
time="2024-05-28T18:45:30.439931041-06:00" level=debug msg="Invoking: gptj-python-h3rg7675n8i5gclxt127.default.192.168.1.240.sslip.io:80"
time="2024-05-28T18:45:30.450068673-06:00" level=debug msg="Invoked gptj-python-h3rg7675n8i5gclxt127.default.192.168.1.240.sslip.io in 10152 usec\n"
time="2024-05-28T18:45:37.911849925-06:00" level=debug msg="Minute: 12"
time="2024-05-28T18:45:37.911935211-06:00" level=debug msg="Number of Invocations this iteration: 8"
time="2024-05-28T18:45:37.911978868-06:00" level=debug msg="Invoking: cartservice-lg0g2dlpavxbj7xko92c.default.192.168.1.240.sslip.io:80"
time="2024-05-28T18:45:37.923261105-06:00" level=debug msg="Invoked cartservice-lg0g2dlpavxbj7xko92c.default.192.168.1.240.sslip.io in 11277 usec\n"
time="2024-05-28T18:45:45.415923599-06:00" level=debug msg="Invoking: gptj-python-h3rg7675n8i5gclxt127.default.192.168.1.240.sslip.io:80"
time="2024-05-28T18:45:45.425952952-06:00" level=debug msg="Invoked gptj-python-h3rg7675n8i5gclxt127.default.192.168.1.240.sslip.io in 10041 usec\n"
time="2024-05-28T18:45:52.919962639-06:00" level=debug msg="Invoking: gptj-python-h3rg7675n8i5gclxt127.default.192.168.1.240.sslip.io:80"
time="2024-05-28T18:45:52.930967917-06:00" level=debug msg="Invoked gptj-python-h3rg7675n8i5gclxt127.default.192.168.1.240.sslip.io in 11017 usec\n"
time="2024-05-28T18:46:00.423931313-06:00" level=debug msg="Invoking: gptj-python-h3rg7675n8i5gclxt127.default.192.168.1.240.sslip.io:80"
time="2024-05-28T18:46:00.434505996-06:00" level=debug msg="Invoked gptj-python-h3rg7675n8i5gclxt127.default.192.168.1.240.sslip.io in 10588 usec\n"
time="2024-05-28T18:46:07.927935573-06:00" level=debug msg="Invoking: cartservice-lg0g2dlpavxbj7xko92c.default.192.168.1.240.sslip.io:80"
time="2024-05-28T18:46:07.941147017-06:00" level=debug msg="Invoked cartservice-lg0g2dlpavxbj7xko92c.default.192.168.1.240.sslip.io in 13227 usec\n"
time="2024-05-28T18:46:15.431945009-06:00" level=debug msg="Invoking: gptj-python-h3rg7675n8i5gclxt127.default.192.168.1.240.sslip.io:80"
time="2024-05-28T18:46:15.442757993-06:00" level=debug msg="Invoked gptj-python-h3rg7675n8i5gclxt127.default.192.168.1.240.sslip.io in 10828 usec\n"
time="2024-05-28T18:46:22.935941288-06:00" level=debug msg="Invoking: gptj-python-h3rg7675n8i5gclxt127.default.192.168.1.240.sslip.io:80"
time="2024-05-28T18:46:22.946381418-06:00" level=debug msg="Invoked gptj-python-h3rg7675n8i5gclxt127.default.192.168.1.240.sslip.io in 10453 usec\n"
time="2024-05-28T18:46:30.439902054-06:00" level=debug msg="Invoking: gptj-python-h3rg7675n8i5gclxt127.default.192.168.1.240.sslip.io:80"
time="2024-05-28T18:46:30.450145353-06:00" level=debug msg="Invoked gptj-python-h3rg7675n8i5gclxt127.default.192.168.1.240.sslip.io in 10257 usec\n"
time="2024-05-28T18:46:37.912653767-06:00" level=debug msg="Minute: 13"
time="2024-05-28T18:46:37.912747973-06:00" level=debug msg="Number of Invocations this iteration: 8"
time="2024-05-28T18:46:37.912831637-06:00" level=debug msg="Invoking: cartservice-lg0g2dlpavxbj7xko92c.default.192.168.1.240.sslip.io:80"
time="2024-05-28T18:46:37.925204103-06:00" level=debug msg="Invoked cartservice-lg0g2dlpavxbj7xko92c.default.192.168.1.240.sslip.io in 12371 usec\n"
time="2024-05-28T18:46:45.417278974-06:00" level=debug msg="Invoking: gptj-python-h3rg7675n8i5gclxt127.default.192.168.1.240.sslip.io:80"
time="2024-05-28T18:46:45.427474145-06:00" level=debug msg="Invoked gptj-python-h3rg7675n8i5gclxt127.default.192.168.1.240.sslip.io in 10206 usec\n"
time="2024-05-28T18:46:52.919874726-06:00" level=debug msg="Invoking: gptj-python-h3rg7675n8i5gclxt127.default.192.168.1.240.sslip.io:80"
time="2024-05-28T18:46:52.929853285-06:00" level=debug msg="Invoked gptj-python-h3rg7675n8i5gclxt127.default.192.168.1.240.sslip.io in 9986 usec\n"
time="2024-05-28T18:47:00.424208617-06:00" level=debug msg="Invoking: gptj-python-h3rg7675n8i5gclxt127.default.192.168.1.240.sslip.io:80"
time="2024-05-28T18:47:00.435459099-06:00" level=debug msg="Invoked gptj-python-h3rg7675n8i5gclxt127.default.192.168.1.240.sslip.io in 11273 usec\n"
time="2024-05-28T18:47:07.924407997-06:00" level=debug msg="Invoking: cartservice-lg0g2dlpavxbj7xko92c.default.192.168.1.240.sslip.io:80"
time="2024-05-28T18:47:07.941193325-06:00" level=debug msg="Invoked cartservice-lg0g2dlpavxbj7xko92c.default.192.168.1.240.sslip.io in 16842 usec\n"
time="2024-05-28T18:47:15.427949606-06:00" level=debug msg="Invoking: gptj-python-h3rg7675n8i5gclxt127.default.192.168.1.240.sslip.io:80"
time="2024-05-28T18:47:15.439764767-06:00" level=debug msg="Invoked gptj-python-h3rg7675n8i5gclxt127.default.192.168.1.240.sslip.io in 11845 usec\n"
time="2024-05-28T18:47:22.931966738-06:00" level=debug msg="Invoking: gptj-python-h3rg7675n8i5gclxt127.default.192.168.1.240.sslip.io:80"
time="2024-05-28T18:47:22.941967549-06:00" level=debug msg="Invoked gptj-python-h3rg7675n8i5gclxt127.default.192.168.1.240.sslip.io in 10006 usec\n"
time="2024-05-28T18:47:30.436765494-06:00" level=debug msg="Invoking: gptj-python-h3rg7675n8i5gclxt127.default.192.168.1.240.sslip.io:80"
time="2024-05-28T18:47:30.447032172-06:00" level=debug msg="Invoked gptj-python-h3rg7675n8i5gclxt127.default.192.168.1.240.sslip.io in 10274 usec\n"
time="2024-05-28T18:47:37.911886958-06:00" level=info msg="Experiment Phase Completed"
time="2024-05-28T18:47:37.912021626-06:00" level=info msg="Issued / completed requests: 112, 112"
time="2024-05-28T18:47:37.912058695-06:00" level=info msg="Average Real RPS: 0.13 "
time="2024-05-28T18:47:37.912084997-06:00" level=info msg="Experiment finished!"
time="2024-05-28T18:47:37.912112303-06:00" level=info msg="The measured latencies are saved in rps_lat.csv"
