time="2024-05-28T20:16:01.47916613-06:00" level=info msg="Reading the endpoints from the file: video-analytics-standalone-python-70-200/endpoints.json"
time="2024-05-28T20:20:52.272208653-06:00" level=warning msg="Failed to invoke video-analytics-standalone-python-70-x3aswsz.default.192.168.1.240.sslip.io:80, err=rpc error: code = DeadlineExceeded desc = context deadline exceeded"
time="2024-05-28T20:21:02.769869141-06:00" level=warning msg="Failed to invoke video-analytics-standalone-python-70-x3aswsz.default.192.168.1.240.sslip.io:80, err=rpc error: code = Unavailable desc = upstream request timeout"
time="2024-05-28T20:21:13.270118472-06:00" level=warning msg="Failed to invoke video-analytics-standalone-python-70-x3aswsz.default.192.168.1.240.sslip.io:80, err=rpc error: code = Unavailable desc = upstream request timeout"
time="2024-05-28T20:21:23.767294501-06:00" level=warning msg="Failed to invoke video-analytics-standalone-python-70-x3aswsz.default.192.168.1.240.sslip.io:80, err=rpc error: code = Unavailable desc = upstream request timeout"
time="2024-05-28T20:21:34.270181182-06:00" level=warning msg="Failed to invoke video-analytics-standalone-python-70-x3aswsz.default.192.168.1.240.sslip.io:80, err=rpc error: code = Unavailable desc = upstream request timeout"
time="2024-05-28T20:21:44.771777639-06:00" level=warning msg="Failed to invoke video-analytics-standalone-python-70-x3aswsz.default.192.168.1.240.sslip.io:80, err=rpc error: code = Unavailable desc = upstream request timeout"
time="2024-05-28T20:21:55.270437587-06:00" level=warning msg="Failed to invoke video-analytics-standalone-python-70-x3aswsz.default.192.168.1.240.sslip.io:80, err=rpc error: code = DeadlineExceeded desc = context deadline exceeded"
time="2024-05-28T20:22:05.772110834-06:00" level=warning msg="Failed to invoke video-analytics-standalone-python-70-x3aswsz.default.192.168.1.240.sslip.io:80, err=rpc error: code = Unavailable desc = upstream request timeout"
time="2024-05-28T20:22:16.273859063-06:00" level=warning msg="Failed to invoke video-analytics-standalone-python-70-x3aswsz.default.192.168.1.240.sslip.io:80, err=rpc error: code = Unavailable desc = upstream request timeout"
time="2024-05-28T20:22:26.775678226-06:00" level=warning msg="Failed to invoke video-analytics-standalone-python-70-x3aswsz.default.192.168.1.240.sslip.io:80, err=rpc error: code = Unavailable desc = upstream request timeout"
time="2024-05-28T20:22:37.277923719-06:00" level=warning msg="Failed to invoke video-analytics-standalone-python-70-x3aswsz.default.192.168.1.240.sslip.io:80, err=rpc error: code = Unavailable desc = upstream request timeout"
time="2024-05-28T20:22:47.780242037-06:00" level=warning msg="Failed to invoke video-analytics-standalone-python-70-x3aswsz.default.192.168.1.240.sslip.io:80, err=rpc error: code = Unavailable desc = upstream request timeout"
time="2024-05-28T20:22:58.279755602-06:00" level=warning msg="Failed to invoke video-analytics-standalone-python-70-x3aswsz.default.192.168.1.240.sslip.io:80, err=rpc error: code = Unavailable desc = upstream request timeout"
time="2024-05-28T20:23:08.780779733-06:00" level=warning msg="Failed to invoke video-analytics-standalone-python-70-x3aswsz.default.192.168.1.240.sslip.io:80, err=rpc error: code = Unavailable desc = upstream request timeout"
time="2024-05-28T20:23:19.282983744-06:00" level=warning msg="Failed to invoke video-analytics-standalone-python-70-x3aswsz.default.192.168.1.240.sslip.io:80, err=rpc error: code = Unavailable desc = upstream request timeout"
time="2024-05-28T20:23:29.781586282-06:00" level=warning msg="Failed to invoke video-analytics-standalone-python-70-x3aswsz.default.192.168.1.240.sslip.io:80, err=rpc error: code = Unavailable desc = upstream request timeout"
time="2024-05-28T20:23:40.281779552-06:00" level=warning msg="Failed to invoke video-analytics-standalone-python-70-x3aswsz.default.192.168.1.240.sslip.io:80, err=rpc error: code = Unavailable desc = upstream request timeout"
time="2024-05-28T20:23:50.785522293-06:00" level=warning msg="Failed to invoke video-analytics-standalone-python-70-x3aswsz.default.192.168.1.240.sslip.io:80, err=rpc error: code = Unavailable desc = upstream request timeout"
time="2024-05-28T20:24:01.287418289-06:00" level=warning msg="Failed to invoke video-analytics-standalone-python-70-x3aswsz.default.192.168.1.240.sslip.io:80, err=rpc error: code = Unavailable desc = upstream request timeout"
time="2024-05-28T20:24:11.786337453-06:00" level=warning msg="Failed to invoke video-analytics-standalone-python-70-x3aswsz.default.192.168.1.240.sslip.io:80, err=rpc error: code = Unavailable desc = upstream request timeout"
time="2024-05-28T20:24:22.292633946-06:00" level=warning msg="Failed to invoke video-analytics-standalone-python-70-x3aswsz.default.192.168.1.240.sslip.io:80, err=rpc error: code = Unavailable desc = upstream request timeout"
time="2024-05-28T20:24:32.791301262-06:00" level=warning msg="Failed to invoke video-analytics-standalone-python-70-x3aswsz.default.192.168.1.240.sslip.io:80, err=rpc error: code = Unavailable desc = upstream request timeout"
time="2024-05-28T20:24:43.29192033-06:00" level=warning msg="Failed to invoke video-analytics-standalone-python-70-x3aswsz.default.192.168.1.240.sslip.io:80, err=rpc error: code = DeadlineExceeded desc = context deadline exceeded"
time="2024-05-28T20:24:53.791500837-06:00" level=warning msg="Failed to invoke video-analytics-standalone-python-70-x3aswsz.default.192.168.1.240.sslip.io:80, err=rpc error: code = Unavailable desc = upstream request timeout"
time="2024-05-28T20:25:04.295012035-06:00" level=warning msg="Failed to invoke video-analytics-standalone-python-70-x3aswsz.default.192.168.1.240.sslip.io:80, err=rpc error: code = Unavailable desc = upstream request timeout"
time="2024-05-28T20:25:14.793824219-06:00" level=warning msg="Failed to invoke video-analytics-standalone-python-70-x3aswsz.default.192.168.1.240.sslip.io:80, err=rpc error: code = Unavailable desc = upstream request timeout"
time="2024-05-28T20:25:25.296871813-06:00" level=warning msg="Failed to invoke video-analytics-standalone-python-70-x3aswsz.default.192.168.1.240.sslip.io:80, err=rpc error: code = Unavailable desc = upstream request timeout"
time="2024-05-28T20:25:35.804075697-06:00" level=warning msg="Failed to invoke video-analytics-standalone-python-70-x3aswsz.default.192.168.1.240.sslip.io:80, err=rpc error: code = DeadlineExceeded desc = context deadline exceeded"
time="2024-05-28T20:25:46.306915653-06:00" level=warning msg="Failed to invoke video-analytics-standalone-python-70-x3aswsz.default.192.168.1.240.sslip.io:80, err=rpc error: code = Unavailable desc = upstream request timeout"
time="2024-05-28T20:25:56.807941176-06:00" level=warning msg="Failed to invoke video-analytics-standalone-python-70-x3aswsz.default.192.168.1.240.sslip.io:80, err=rpc error: code = DeadlineExceeded desc = context deadline exceeded"
time="2024-05-28T20:26:07.301611854-06:00" level=warning msg="Failed to invoke video-analytics-standalone-python-70-x3aswsz.default.192.168.1.240.sslip.io:80, err=rpc error: code = DeadlineExceeded desc = context deadline exceeded"
time="2024-05-28T20:26:17.801675482-06:00" level=warning msg="Failed to invoke video-analytics-standalone-python-70-x3aswsz.default.192.168.1.240.sslip.io:80, err=rpc error: code = Unavailable desc = upstream request timeout"
time="2024-05-28T20:26:28.304735385-06:00" level=warning msg="Failed to invoke video-analytics-standalone-python-70-x3aswsz.default.192.168.1.240.sslip.io:80, err=rpc error: code = Unavailable desc = upstream request timeout"
time="2024-05-28T20:26:38.80663533-06:00" level=warning msg="Failed to invoke video-analytics-standalone-python-70-x3aswsz.default.192.168.1.240.sslip.io:80, err=rpc error: code = Unavailable desc = upstream request timeout"
time="2024-05-28T20:26:49.307864301-06:00" level=warning msg="Failed to invoke video-analytics-standalone-python-70-x3aswsz.default.192.168.1.240.sslip.io:80, err=rpc error: code = Unavailable desc = upstream request timeout"
time="2024-05-28T20:26:59.805074442-06:00" level=warning msg="Failed to invoke video-analytics-standalone-python-70-x3aswsz.default.192.168.1.240.sslip.io:80, err=rpc error: code = Unavailable desc = upstream request timeout"
time="2024-05-28T20:27:10.313108401-06:00" level=warning msg="Failed to invoke video-analytics-standalone-python-70-x3aswsz.default.192.168.1.240.sslip.io:80, err=rpc error: code = DeadlineExceeded desc = Deadline Exceeded"
time="2024-05-28T20:27:20.809726667-06:00" level=warning msg="Failed to invoke video-analytics-standalone-python-70-x3aswsz.default.192.168.1.240.sslip.io:80, err=rpc error: code = Unavailable desc = upstream request timeout"
time="2024-05-28T20:27:31.31070143-06:00" level=warning msg="Failed to invoke video-analytics-standalone-python-70-x3aswsz.default.192.168.1.240.sslip.io:80, err=rpc error: code = Unavailable desc = upstream request timeout"
time="2024-05-28T20:27:41.814906526-06:00" level=warning msg="Failed to invoke video-analytics-standalone-python-70-x3aswsz.default.192.168.1.240.sslip.io:80, err=rpc error: code = Unavailable desc = upstream request timeout"
time="2024-05-28T20:27:52.313665416-06:00" level=warning msg="Failed to invoke video-analytics-standalone-python-70-x3aswsz.default.192.168.1.240.sslip.io:80, err=rpc error: code = Unavailable desc = upstream request timeout"
time="2024-05-28T20:28:02.813363697-06:00" level=warning msg="Failed to invoke video-analytics-standalone-python-70-x3aswsz.default.192.168.1.240.sslip.io:80, err=rpc error: code = Unavailable desc = upstream request timeout"
time="2024-05-28T20:28:13.316164011-06:00" level=warning msg="Failed to invoke video-analytics-standalone-python-70-x3aswsz.default.192.168.1.240.sslip.io:80, err=rpc error: code = DeadlineExceeded desc = context deadline exceeded"
time="2024-05-28T20:28:23.820199989-06:00" level=warning msg="Failed to invoke video-analytics-standalone-python-70-x3aswsz.default.192.168.1.240.sslip.io:80, err=rpc error: code = Unavailable desc = upstream request timeout"
time="2024-05-28T20:28:34.32129252-06:00" level=warning msg="Failed to invoke video-analytics-standalone-python-70-x3aswsz.default.192.168.1.240.sslip.io:80, err=rpc error: code = Unavailable desc = upstream request timeout"
time="2024-05-28T20:28:44.818843724-06:00" level=warning msg="Failed to invoke video-analytics-standalone-python-70-x3aswsz.default.192.168.1.240.sslip.io:80, err=rpc error: code = Unavailable desc = upstream request timeout"
time="2024-05-28T20:29:10.232923147-06:00" level=info msg="Issued / completed requests: 75, 27"
time="2024-05-28T20:29:10.233046562-06:00" level=info msg="Real / target RPS: 0.03 / 0.2"
time="2024-05-28T20:29:10.233076019-06:00" level=info msg="Experiment finished!"
time="2024-05-28T20:29:10.233104063-06:00" level=info msg="The measured latencies are saved in video-analytics-standalone-python-70-200/lat.txt"
time="2024-05-28T20:29:10.233356612-06:00" level=info msg="The measured function durations are saved in video-analytics-standalone-python-70-200/dur.txt"
