time="2024-05-30T01:26:28.621148427-06:00" level=debug msg="Debug logging is enabled"
time="2024-05-30T01:26:28.621338892-06:00" level=info msg="Reading the trace endpoints from the file: /users/ArunAMS/vSwarm/tools/load-generator/load.json"
time="2024-05-30T01:26:28.623070234-06:00" level=info msg="Warmup Duration: 3"
time="2024-05-30T01:26:28.623101308-06:00" level=info msg="Experiment Duration: 11"
time="2024-05-30T01:26:28.623126694-06:00" level=info msg="Minute Granularity: true"
time="2024-05-30T01:27:28.681228112-06:00" level=info msg="Running Warmup Phase"
time="2024-05-30T01:27:28.681306664-06:00" level=debug msg="Minute: 0"
time="2024-05-30T01:27:28.681381664-06:00" level=debug msg="Number of Invocations this iteration: 8"
time="2024-05-30T01:27:28.681489399-06:00" level=debug msg="Invoking: cartservice-5yiwnw4r3quwaex1di0o.default.192.168.1.240.sslip.io:80"
time="2024-05-30T01:27:36.185195844-06:00" level=debug msg="Invoking: gptj-python-c5wwplkw538ully885fc.default.192.168.1.240.sslip.io:80"
time="2024-05-30T01:27:43.685990319-06:00" level=debug msg="Invoking: gptj-python-c5wwplkw538ully885fc.default.192.168.1.240.sslip.io:80"
time="2024-05-30T01:27:51.193127044-06:00" level=debug msg="Invoking: gptj-python-c5wwplkw538ully885fc.default.192.168.1.240.sslip.io:80"
time="2024-05-30T01:27:58.697181627-06:00" level=debug msg="Invoking: cartservice-5yiwnw4r3quwaex1di0o.default.192.168.1.240.sslip.io:80"
time="2024-05-30T01:28:06.201126083-06:00" level=debug msg="Invoking: gptj-python-c5wwplkw538ully885fc.default.192.168.1.240.sslip.io:80"
time="2024-05-30T01:28:13.707419166-06:00" level=debug msg="Invoking: gptj-python-c5wwplkw538ully885fc.default.192.168.1.240.sslip.io:80"
time="2024-05-30T01:28:21.213556791-06:00" level=debug msg="Invoking: gptj-python-c5wwplkw538ully885fc.default.192.168.1.240.sslip.io:80"
time="2024-05-30T01:28:28.629107063-06:00" level=debug msg="Minute: 1"
time="2024-05-30T01:28:28.629218641-06:00" level=debug msg="Number of Invocations this iteration: 8"
time="2024-05-30T01:28:28.629312132-06:00" level=debug msg="Invoking: image-rotate-go-6-qsrjta98697a39gl1f0d.default.192.168.1.240.sslip.io:80"
time="2024-05-30T01:28:36.130219871-06:00" level=debug msg="Invoking: gptj-python-c5wwplkw538ully885fc.default.192.168.1.240.sslip.io:80"
time="2024-05-30T01:28:43.637144742-06:00" level=debug msg="Invoking: gptj-python-c5wwplkw538ully885fc.default.192.168.1.240.sslip.io:80"
time="2024-05-30T01:28:51.14114589-06:00" level=debug msg="Invoking: gptj-python-c5wwplkw538ully885fc.default.192.168.1.240.sslip.io:80"
time="2024-05-30T01:28:58.645181439-06:00" level=debug msg="Invoking: cartservice-5yiwnw4r3quwaex1di0o.default.192.168.1.240.sslip.io:80"
time="2024-05-30T01:29:06.149177603-06:00" level=debug msg="Invoking: gptj-python-c5wwplkw538ully885fc.default.192.168.1.240.sslip.io:80"
time="2024-05-30T01:29:13.655599206-06:00" level=debug msg="Invoking: gptj-python-c5wwplkw538ully885fc.default.192.168.1.240.sslip.io:80"
time="2024-05-30T01:29:21.161279139-06:00" level=debug msg="Invoking: gptj-python-c5wwplkw538ully885fc.default.192.168.1.240.sslip.io:80"
time="2024-05-30T01:29:28.629101461-06:00" level=debug msg="Minute: 2"
time="2024-05-30T01:29:28.629198108-06:00" level=debug msg="Number of Invocations this iteration: 8"
time="2024-05-30T01:29:28.629283757-06:00" level=debug msg="Invoking: cartservice-5yiwnw4r3quwaex1di0o.default.192.168.1.240.sslip.io:80"
time="2024-05-30T01:29:36.133152048-06:00" level=debug msg="Invoking: gptj-python-c5wwplkw538ully885fc.default.192.168.1.240.sslip.io:80"
time="2024-05-30T01:29:43.637237863-06:00" level=debug msg="Invoking: gptj-python-c5wwplkw538ully885fc.default.192.168.1.240.sslip.io:80"
time="2024-05-30T01:29:51.143397515-06:00" level=debug msg="Invoking: gptj-python-c5wwplkw538ully885fc.default.192.168.1.240.sslip.io:80"
time="2024-05-30T01:29:58.65093685-06:00" level=debug msg="Invoking: cartservice-5yiwnw4r3quwaex1di0o.default.192.168.1.240.sslip.io:80"
time="2024-05-30T01:30:06.157145678-06:00" level=debug msg="Invoking: gptj-python-c5wwplkw538ully885fc.default.192.168.1.240.sslip.io:80"
time="2024-05-30T01:30:13.661225895-06:00" level=debug msg="Invoking: gptj-python-c5wwplkw538ully885fc.default.192.168.1.240.sslip.io:80"
time="2024-05-30T01:30:21.165127855-06:00" level=debug msg="Invoking: gptj-python-c5wwplkw538ully885fc.default.192.168.1.240.sslip.io:80"
time="2024-05-30T01:30:28.629172598-06:00" level=info msg="Warmup Phase Completed"
time="2024-05-30T01:30:28.629246869-06:00" level=info msg="Running Experiment Phase"
time="2024-05-30T01:30:28.629276686-06:00" level=debug msg="Minute: 3"
time="2024-05-30T01:30:28.629337521-06:00" level=debug msg="Number of Invocations this iteration: 8"
time="2024-05-30T01:30:28.629430006-06:00" level=debug msg="Invoking: cartservice-5yiwnw4r3quwaex1di0o.default.192.168.1.240.sslip.io:80"
time="2024-05-30T01:30:28.642312925-06:00" level=debug msg="Invoked cartservice-5yiwnw4r3quwaex1di0o.default.192.168.1.240.sslip.io in 12880 usec\n"
time="2024-05-30T01:30:36.136245552-06:00" level=debug msg="Invoking: gptj-python-c5wwplkw538ully885fc.default.192.168.1.240.sslip.io:80"
time="2024-05-30T01:30:36.146277114-06:00" level=debug msg="Invoked gptj-python-c5wwplkw538ully885fc.default.192.168.1.240.sslip.io in 10041 usec\n"
time="2024-05-30T01:30:43.642743922-06:00" level=debug msg="Invoking: gptj-python-c5wwplkw538ully885fc.default.192.168.1.240.sslip.io:80"
time="2024-05-30T01:30:43.6525159-06:00" level=debug msg="Invoked gptj-python-c5wwplkw538ully885fc.default.192.168.1.240.sslip.io in 9782 usec\n"
time="2024-05-30T01:30:51.149184125-06:00" level=debug msg="Invoking: gptj-python-c5wwplkw538ully885fc.default.192.168.1.240.sslip.io:80"
time="2024-05-30T01:30:51.158841422-06:00" level=debug msg="Invoked gptj-python-c5wwplkw538ully885fc.default.192.168.1.240.sslip.io in 9715 usec\n"
time="2024-05-30T01:30:58.649878741-06:00" level=debug msg="Invoking: cartservice-5yiwnw4r3quwaex1di0o.default.192.168.1.240.sslip.io:80"
time="2024-05-30T01:30:58.663852219-06:00" level=debug msg="Invoked cartservice-5yiwnw4r3quwaex1di0o.default.192.168.1.240.sslip.io in 14363 usec\n"
time="2024-05-30T01:31:06.153188934-06:00" level=debug msg="Invoking: gptj-python-c5wwplkw538ully885fc.default.192.168.1.240.sslip.io:80"
time="2024-05-30T01:31:06.164061016-06:00" level=debug msg="Invoked gptj-python-c5wwplkw538ully885fc.default.192.168.1.240.sslip.io in 10881 usec\n"
time="2024-05-30T01:31:13.659239875-06:00" level=debug msg="Invoking: gptj-python-c5wwplkw538ully885fc.default.192.168.1.240.sslip.io:80"
time="2024-05-30T01:31:13.669171265-06:00" level=debug msg="Invoked gptj-python-c5wwplkw538ully885fc.default.192.168.1.240.sslip.io in 9946 usec\n"
time="2024-05-30T01:31:21.16548518-06:00" level=debug msg="Invoking: gptj-python-c5wwplkw538ully885fc.default.192.168.1.240.sslip.io:80"
time="2024-05-30T01:31:21.173955157-06:00" level=debug msg="Invoked gptj-python-c5wwplkw538ully885fc.default.192.168.1.240.sslip.io in 8475 usec\n"
time="2024-05-30T01:31:28.629173496-06:00" level=debug msg="Minute: 4"
time="2024-05-30T01:31:28.629268875-06:00" level=debug msg="Number of Invocations this iteration: 8"
time="2024-05-30T01:31:28.629353979-06:00" level=debug msg="Invoking: rnn-serving-python-10-10-sxqcpc60ftgtprcqzp96.default.192.168.1.240.sslip.io:80"
time="2024-05-30T01:31:36.133222787-06:00" level=debug msg="Invoking: gptj-python-c5wwplkw538ully885fc.default.192.168.1.240.sslip.io:80"
time="2024-05-30T01:31:36.143779863-06:00" level=debug msg="Invoked gptj-python-c5wwplkw538ully885fc.default.192.168.1.240.sslip.io in 10571 usec\n"
time="2024-05-30T01:31:38.237422032-06:00" level=debug msg="Invoked rnn-serving-python-10-10-sxqcpc60ftgtprcqzp96.default.192.168.1.240.sslip.io in 9608065 usec\n"
time="2024-05-30T01:31:43.637242538-06:00" level=debug msg="Invoking: gptj-python-c5wwplkw538ully885fc.default.192.168.1.240.sslip.io:80"
time="2024-05-30T01:31:43.648185126-06:00" level=debug msg="Invoked gptj-python-c5wwplkw538ully885fc.default.192.168.1.240.sslip.io in 10951 usec\n"
time="2024-05-30T01:31:51.141148942-06:00" level=debug msg="Invoking: gptj-python-c5wwplkw538ully885fc.default.192.168.1.240.sslip.io:80"
time="2024-05-30T01:31:51.151039031-06:00" level=debug msg="Invoked gptj-python-c5wwplkw538ully885fc.default.192.168.1.240.sslip.io in 9901 usec\n"
time="2024-05-30T01:31:58.645194752-06:00" level=debug msg="Invoking: cartservice-5yiwnw4r3quwaex1di0o.default.192.168.1.240.sslip.io:80"
time="2024-05-30T01:31:58.658367348-06:00" level=debug msg="Invoked cartservice-5yiwnw4r3quwaex1di0o.default.192.168.1.240.sslip.io in 13181 usec\n"
time="2024-05-30T01:32:06.151272421-06:00" level=debug msg="Invoking: gptj-python-c5wwplkw538ully885fc.default.192.168.1.240.sslip.io:80"
time="2024-05-30T01:32:06.163218599-06:00" level=debug msg="Invoked gptj-python-c5wwplkw538ully885fc.default.192.168.1.240.sslip.io in 11958 usec\n"
time="2024-05-30T01:32:13.658275896-06:00" level=debug msg="Invoking: gptj-python-c5wwplkw538ully885fc.default.192.168.1.240.sslip.io:80"
time="2024-05-30T01:32:13.66936566-06:00" level=debug msg="Invoked gptj-python-c5wwplkw538ully885fc.default.192.168.1.240.sslip.io in 11099 usec\n"
time="2024-05-30T01:32:21.165107389-06:00" level=debug msg="Invoking: gptj-python-c5wwplkw538ully885fc.default.192.168.1.240.sslip.io:80"
time="2024-05-30T01:32:21.175654124-06:00" level=debug msg="Invoked gptj-python-c5wwplkw538ully885fc.default.192.168.1.240.sslip.io in 10558 usec\n"
time="2024-05-30T01:32:28.629103899-06:00" level=debug msg="Minute: 5"
time="2024-05-30T01:32:28.629210212-06:00" level=debug msg="Number of Invocations this iteration: 8"
time="2024-05-30T01:32:28.629299052-06:00" level=debug msg="Invoking: cartservice-5yiwnw4r3quwaex1di0o.default.192.168.1.240.sslip.io:80"
time="2024-05-30T01:32:28.641712872-06:00" level=debug msg="Invoked cartservice-5yiwnw4r3quwaex1di0o.default.192.168.1.240.sslip.io in 12412 usec\n"
time="2024-05-30T01:32:36.133110297-06:00" level=debug msg="Invoking: gptj-python-c5wwplkw538ully885fc.default.192.168.1.240.sslip.io:80"
time="2024-05-30T01:32:36.143790459-06:00" level=debug msg="Invoked gptj-python-c5wwplkw538ully885fc.default.192.168.1.240.sslip.io in 10691 usec\n"
time="2024-05-30T01:32:43.637210657-06:00" level=debug msg="Invoking: gptj-python-c5wwplkw538ully885fc.default.192.168.1.240.sslip.io:80"
time="2024-05-30T01:32:43.648627911-06:00" level=debug msg="Invoked gptj-python-c5wwplkw538ully885fc.default.192.168.1.240.sslip.io in 11426 usec\n"
time="2024-05-30T01:32:51.141770158-06:00" level=debug msg="Invoking: gptj-python-c5wwplkw538ully885fc.default.192.168.1.240.sslip.io:80"
time="2024-05-30T01:32:51.152196266-06:00" level=debug msg="Invoked gptj-python-c5wwplkw538ully885fc.default.192.168.1.240.sslip.io in 10436 usec\n"
time="2024-05-30T01:32:58.646103562-06:00" level=debug msg="Invoking: cartservice-5yiwnw4r3quwaex1di0o.default.192.168.1.240.sslip.io:80"
time="2024-05-30T01:32:58.661334589-06:00" level=debug msg="Invoked cartservice-5yiwnw4r3quwaex1di0o.default.192.168.1.240.sslip.io in 15237 usec\n"
time="2024-05-30T01:33:06.149198369-06:00" level=debug msg="Invoking: gptj-python-c5wwplkw538ully885fc.default.192.168.1.240.sslip.io:80"
time="2024-05-30T01:33:06.159521999-06:00" level=debug msg="Invoked gptj-python-c5wwplkw538ully885fc.default.192.168.1.240.sslip.io in 10335 usec\n"
time="2024-05-30T01:33:13.65313043-06:00" level=debug msg="Invoking: gptj-python-c5wwplkw538ully885fc.default.192.168.1.240.sslip.io:80"
time="2024-05-30T01:33:13.663492579-06:00" level=debug msg="Invoked gptj-python-c5wwplkw538ully885fc.default.192.168.1.240.sslip.io in 10369 usec\n"
time="2024-05-30T01:33:21.157144768-06:00" level=debug msg="Invoking: gptj-python-c5wwplkw538ully885fc.default.192.168.1.240.sslip.io:80"
time="2024-05-30T01:33:21.167809236-06:00" level=debug msg="Invoked gptj-python-c5wwplkw538ully885fc.default.192.168.1.240.sslip.io in 10671 usec\n"
time="2024-05-30T01:33:28.629738704-06:00" level=debug msg="Minute: 6"
time="2024-05-30T01:33:28.629832392-06:00" level=debug msg="Number of Invocations this iteration: 8"
time="2024-05-30T01:33:28.629917364-06:00" level=debug msg="Invoking: image-rotate-go-6-qsrjta98697a39gl1f0d.default.192.168.1.240.sslip.io:80"
time="2024-05-30T01:33:36.134547317-06:00" level=debug msg="Invoking: gptj-python-c5wwplkw538ully885fc.default.192.168.1.240.sslip.io:80"
time="2024-05-30T01:33:36.144937305-06:00" level=debug msg="Invoked gptj-python-c5wwplkw538ully885fc.default.192.168.1.240.sslip.io in 10400 usec\n"
time="2024-05-30T01:33:40.80679521-06:00" level=debug msg="Invoked image-rotate-go-6-qsrjta98697a39gl1f0d.default.192.168.1.240.sslip.io in 12176876 usec\n"
time="2024-05-30T01:33:43.636525814-06:00" level=debug msg="Invoking: gptj-python-c5wwplkw538ully885fc.default.192.168.1.240.sslip.io:80"
time="2024-05-30T01:33:43.646971528-06:00" level=debug msg="Invoked gptj-python-c5wwplkw538ully885fc.default.192.168.1.240.sslip.io in 10451 usec\n"
time="2024-05-30T01:33:51.142656939-06:00" level=debug msg="Invoking: gptj-python-c5wwplkw538ully885fc.default.192.168.1.240.sslip.io:80"
time="2024-05-30T01:33:51.153141481-06:00" level=debug msg="Invoked gptj-python-c5wwplkw538ully885fc.default.192.168.1.240.sslip.io in 10494 usec\n"
time="2024-05-30T01:33:58.649176612-06:00" level=debug msg="Invoking: cartservice-5yiwnw4r3quwaex1di0o.default.192.168.1.240.sslip.io:80"
time="2024-05-30T01:33:58.663534097-06:00" level=debug msg="Invoked cartservice-5yiwnw4r3quwaex1di0o.default.192.168.1.240.sslip.io in 14367 usec\n"
time="2024-05-30T01:34:06.153141891-06:00" level=debug msg="Invoking: gptj-python-c5wwplkw538ully885fc.default.192.168.1.240.sslip.io:80"
time="2024-05-30T01:34:06.164673082-06:00" level=debug msg="Invoked gptj-python-c5wwplkw538ully885fc.default.192.168.1.240.sslip.io in 11541 usec\n"
time="2024-05-30T01:34:13.657168014-06:00" level=debug msg="Invoking: gptj-python-c5wwplkw538ully885fc.default.192.168.1.240.sslip.io:80"
time="2024-05-30T01:34:13.66792602-06:00" level=debug msg="Invoked gptj-python-c5wwplkw538ully885fc.default.192.168.1.240.sslip.io in 10767 usec\n"
time="2024-05-30T01:34:21.161179655-06:00" level=debug msg="Invoking: gptj-python-c5wwplkw538ully885fc.default.192.168.1.240.sslip.io:80"
time="2024-05-30T01:34:21.170903883-06:00" level=debug msg="Invoked gptj-python-c5wwplkw538ully885fc.default.192.168.1.240.sslip.io in 9735 usec\n"
time="2024-05-30T01:34:28.629207028-06:00" level=debug msg="Minute: 7"
time="2024-05-30T01:34:28.629305974-06:00" level=debug msg="Number of Invocations this iteration: 8"
time="2024-05-30T01:34:28.629402204-06:00" level=debug msg="Invoking: cartservice-5yiwnw4r3quwaex1di0o.default.192.168.1.240.sslip.io:80"
time="2024-05-30T01:34:28.643111931-06:00" level=debug msg="Invoked cartservice-5yiwnw4r3quwaex1di0o.default.192.168.1.240.sslip.io in 13708 usec\n"
time="2024-05-30T01:34:36.133175312-06:00" level=debug msg="Invoking: gptj-python-c5wwplkw538ully885fc.default.192.168.1.240.sslip.io:80"
time="2024-05-30T01:34:36.143399527-06:00" level=debug msg="Invoked gptj-python-c5wwplkw538ully885fc.default.192.168.1.240.sslip.io in 10235 usec\n"
time="2024-05-30T01:34:43.637188762-06:00" level=debug msg="Invoking: gptj-python-c5wwplkw538ully885fc.default.192.168.1.240.sslip.io:80"
time="2024-05-30T01:34:43.647888593-06:00" level=debug msg="Invoked gptj-python-c5wwplkw538ully885fc.default.192.168.1.240.sslip.io in 10712 usec\n"
time="2024-05-30T01:34:51.141137142-06:00" level=debug msg="Invoking: gptj-python-c5wwplkw538ully885fc.default.192.168.1.240.sslip.io:80"
time="2024-05-30T01:34:51.151429253-06:00" level=debug msg="Invoked gptj-python-c5wwplkw538ully885fc.default.192.168.1.240.sslip.io in 10305 usec\n"
time="2024-05-30T01:34:58.645151287-06:00" level=debug msg="Invoking: cartservice-5yiwnw4r3quwaex1di0o.default.192.168.1.240.sslip.io:80"
time="2024-05-30T01:34:58.658283413-06:00" level=debug msg="Invoked cartservice-5yiwnw4r3quwaex1di0o.default.192.168.1.240.sslip.io in 13151 usec\n"
time="2024-05-30T01:35:06.145306071-06:00" level=debug msg="Invoking: gptj-python-c5wwplkw538ully885fc.default.192.168.1.240.sslip.io:80"
time="2024-05-30T01:35:06.157541677-06:00" level=debug msg="Invoked gptj-python-c5wwplkw538ully885fc.default.192.168.1.240.sslip.io in 12241 usec\n"
time="2024-05-30T01:35:13.650409327-06:00" level=debug msg="Invoking: gptj-python-c5wwplkw538ully885fc.default.192.168.1.240.sslip.io:80"
time="2024-05-30T01:35:13.660978297-06:00" level=debug msg="Invoked gptj-python-c5wwplkw538ully885fc.default.192.168.1.240.sslip.io in 10578 usec\n"
time="2024-05-30T01:35:21.157131941-06:00" level=debug msg="Invoking: gptj-python-c5wwplkw538ully885fc.default.192.168.1.240.sslip.io:80"
time="2024-05-30T01:35:21.167593-06:00" level=debug msg="Invoked gptj-python-c5wwplkw538ully885fc.default.192.168.1.240.sslip.io in 10467 usec\n"
time="2024-05-30T01:35:28.629195859-06:00" level=debug msg="Minute: 8"
time="2024-05-30T01:35:28.629337766-06:00" level=debug msg="Number of Invocations this iteration: 8"
time="2024-05-30T01:35:28.629425745-06:00" level=debug msg="Invoking: cartservice-5yiwnw4r3quwaex1di0o.default.192.168.1.240.sslip.io:80"
time="2024-05-30T01:35:28.643513771-06:00" level=debug msg="Invoked cartservice-5yiwnw4r3quwaex1di0o.default.192.168.1.240.sslip.io in 14086 usec\n"
time="2024-05-30T01:35:36.133174585-06:00" level=debug msg="Invoking: gptj-python-c5wwplkw538ully885fc.default.192.168.1.240.sslip.io:80"
time="2024-05-30T01:35:36.145755986-06:00" level=debug msg="Invoked gptj-python-c5wwplkw538ully885fc.default.192.168.1.240.sslip.io in 12593 usec\n"
time="2024-05-30T01:35:43.637123283-06:00" level=debug msg="Invoking: gptj-python-c5wwplkw538ully885fc.default.192.168.1.240.sslip.io:80"
time="2024-05-30T01:35:43.650471759-06:00" level=debug msg="Invoked gptj-python-c5wwplkw538ully885fc.default.192.168.1.240.sslip.io in 13360 usec\n"
time="2024-05-30T01:35:51.141211033-06:00" level=debug msg="Invoking: gptj-python-c5wwplkw538ully885fc.default.192.168.1.240.sslip.io:80"
time="2024-05-30T01:35:51.151306434-06:00" level=debug msg="Invoked gptj-python-c5wwplkw538ully885fc.default.192.168.1.240.sslip.io in 10125 usec\n"
time="2024-05-30T01:35:58.645140231-06:00" level=debug msg="Invoking: cartservice-5yiwnw4r3quwaex1di0o.default.192.168.1.240.sslip.io:80"
time="2024-05-30T01:35:58.658338044-06:00" level=debug msg="Invoked cartservice-5yiwnw4r3quwaex1di0o.default.192.168.1.240.sslip.io in 13208 usec\n"
time="2024-05-30T01:36:06.149199175-06:00" level=debug msg="Invoking: gptj-python-c5wwplkw538ully885fc.default.192.168.1.240.sslip.io:80"
time="2024-05-30T01:36:06.159790102-06:00" level=debug msg="Invoked gptj-python-c5wwplkw538ully885fc.default.192.168.1.240.sslip.io in 10600 usec\n"
time="2024-05-30T01:36:13.653186537-06:00" level=debug msg="Invoking: gptj-python-c5wwplkw538ully885fc.default.192.168.1.240.sslip.io:80"
time="2024-05-30T01:36:13.663411197-06:00" level=debug msg="Invoked gptj-python-c5wwplkw538ully885fc.default.192.168.1.240.sslip.io in 10236 usec\n"
time="2024-05-30T01:36:21.157138758-06:00" level=debug msg="Invoking: gptj-python-c5wwplkw538ully885fc.default.192.168.1.240.sslip.io:80"
time="2024-05-30T01:36:21.167088046-06:00" level=debug msg="Invoked gptj-python-c5wwplkw538ully885fc.default.192.168.1.240.sslip.io in 9954 usec\n"
time="2024-05-30T01:36:28.629185547-06:00" level=debug msg="Minute: 9"
time="2024-05-30T01:36:28.629282263-06:00" level=debug msg="Number of Invocations this iteration: 8"
time="2024-05-30T01:36:28.629375588-06:00" level=debug msg="Invoking: cartservice-5yiwnw4r3quwaex1di0o.default.192.168.1.240.sslip.io:80"
time="2024-05-30T01:36:28.642975055-06:00" level=debug msg="Invoked cartservice-5yiwnw4r3quwaex1di0o.default.192.168.1.240.sslip.io in 13598 usec\n"
time="2024-05-30T01:36:36.13410972-06:00" level=debug msg="Invoking: gptj-python-c5wwplkw538ully885fc.default.192.168.1.240.sslip.io:80"
time="2024-05-30T01:36:36.144121515-06:00" level=debug msg="Invoked gptj-python-c5wwplkw538ully885fc.default.192.168.1.240.sslip.io in 10022 usec\n"
time="2024-05-30T01:36:43.641488837-06:00" level=debug msg="Invoking: gptj-python-c5wwplkw538ully885fc.default.192.168.1.240.sslip.io:80"
time="2024-05-30T01:36:43.654439121-06:00" level=debug msg="Invoked gptj-python-c5wwplkw538ully885fc.default.192.168.1.240.sslip.io in 12961 usec\n"
time="2024-05-30T01:36:51.147214676-06:00" level=debug msg="Invoking: gptj-python-c5wwplkw538ully885fc.default.192.168.1.240.sslip.io:80"
time="2024-05-30T01:36:51.159165034-06:00" level=debug msg="Invoked gptj-python-c5wwplkw538ully885fc.default.192.168.1.240.sslip.io in 11959 usec\n"
time="2024-05-30T01:36:58.653135926-06:00" level=debug msg="Invoking: cartservice-5yiwnw4r3quwaex1di0o.default.192.168.1.240.sslip.io:80"
time="2024-05-30T01:36:58.666534497-06:00" level=debug msg="Invoked cartservice-5yiwnw4r3quwaex1di0o.default.192.168.1.240.sslip.io in 13419 usec\n"
time="2024-05-30T01:37:06.153866652-06:00" level=debug msg="Invoking: gptj-python-c5wwplkw538ully885fc.default.192.168.1.240.sslip.io:80"
time="2024-05-30T01:37:06.164984732-06:00" level=debug msg="Invoked gptj-python-c5wwplkw538ully885fc.default.192.168.1.240.sslip.io in 11190 usec\n"
time="2024-05-30T01:37:13.660532922-06:00" level=debug msg="Invoking: gptj-python-c5wwplkw538ully885fc.default.192.168.1.240.sslip.io:80"
time="2024-05-30T01:37:13.671127562-06:00" level=debug msg="Invoked gptj-python-c5wwplkw538ully885fc.default.192.168.1.240.sslip.io in 10644 usec\n"
time="2024-05-30T01:37:21.16512715-06:00" level=debug msg="Invoking: gptj-python-c5wwplkw538ully885fc.default.192.168.1.240.sslip.io:80"
time="2024-05-30T01:37:21.175458112-06:00" level=debug msg="Invoked gptj-python-c5wwplkw538ully885fc.default.192.168.1.240.sslip.io in 10341 usec\n"
time="2024-05-30T01:37:28.629125161-06:00" level=debug msg="Minute: 10"
time="2024-05-30T01:37:28.62926449-06:00" level=debug msg="Number of Invocations this iteration: 8"
time="2024-05-30T01:37:28.629353789-06:00" level=debug msg="Invoking: rnn-serving-python-10-10-sxqcpc60ftgtprcqzp96.default.192.168.1.240.sslip.io:80"
time="2024-05-30T01:37:36.133186236-06:00" level=debug msg="Invoking: gptj-python-c5wwplkw538ully885fc.default.192.168.1.240.sslip.io:80"
time="2024-05-30T01:37:36.143605764-06:00" level=debug msg="Invoked gptj-python-c5wwplkw538ully885fc.default.192.168.1.240.sslip.io in 10431 usec\n"
time="2024-05-30T01:37:38.085050062-06:00" level=debug msg="Invoked rnn-serving-python-10-10-sxqcpc60ftgtprcqzp96.default.192.168.1.240.sslip.io in 9455693 usec\n"
time="2024-05-30T01:37:43.635397585-06:00" level=debug msg="Invoking: gptj-python-c5wwplkw538ully885fc.default.192.168.1.240.sslip.io:80"
time="2024-05-30T01:37:43.646839659-06:00" level=debug msg="Invoked gptj-python-c5wwplkw538ully885fc.default.192.168.1.240.sslip.io in 11451 usec\n"
time="2024-05-30T01:37:51.141125711-06:00" level=debug msg="Invoking: gptj-python-c5wwplkw538ully885fc.default.192.168.1.240.sslip.io:80"
time="2024-05-30T01:37:51.151378139-06:00" level=debug msg="Invoked gptj-python-c5wwplkw538ully885fc.default.192.168.1.240.sslip.io in 10260 usec\n"
time="2024-05-30T01:37:58.645144714-06:00" level=debug msg="Invoking: cartservice-5yiwnw4r3quwaex1di0o.default.192.168.1.240.sslip.io:80"
time="2024-05-30T01:37:58.661192969-06:00" level=debug msg="Invoked cartservice-5yiwnw4r3quwaex1di0o.default.192.168.1.240.sslip.io in 16057 usec\n"
time="2024-05-30T01:38:06.149568668-06:00" level=debug msg="Invoking: gptj-python-c5wwplkw538ully885fc.default.192.168.1.240.sslip.io:80"
time="2024-05-30T01:38:06.160877682-06:00" level=debug msg="Invoked gptj-python-c5wwplkw538ully885fc.default.192.168.1.240.sslip.io in 11312 usec\n"
time="2024-05-30T01:38:13.653164857-06:00" level=debug msg="Invoking: gptj-python-c5wwplkw538ully885fc.default.192.168.1.240.sslip.io:80"
time="2024-05-30T01:38:13.665462201-06:00" level=debug msg="Invoked gptj-python-c5wwplkw538ully885fc.default.192.168.1.240.sslip.io in 12335 usec\n"
time="2024-05-30T01:38:21.159569491-06:00" level=debug msg="Invoking: gptj-python-c5wwplkw538ully885fc.default.192.168.1.240.sslip.io:80"
time="2024-05-30T01:38:21.169804972-06:00" level=debug msg="Invoked gptj-python-c5wwplkw538ully885fc.default.192.168.1.240.sslip.io in 10249 usec\n"
time="2024-05-30T01:38:28.629108469-06:00" level=debug msg="Minute: 11"
time="2024-05-30T01:38:28.62921911-06:00" level=debug msg="Number of Invocations this iteration: 8"
time="2024-05-30T01:38:28.629330467-06:00" level=debug msg="Invoking: image-rotate-go-6-qsrjta98697a39gl1f0d.default.192.168.1.240.sslip.io:80"
time="2024-05-30T01:38:36.13317456-06:00" level=debug msg="Invoking: gptj-python-c5wwplkw538ully885fc.default.192.168.1.240.sslip.io:80"
time="2024-05-30T01:38:36.143573941-06:00" level=debug msg="Invoked gptj-python-c5wwplkw538ully885fc.default.192.168.1.240.sslip.io in 10410 usec\n"
time="2024-05-30T01:38:43.640032297-06:00" level=debug msg="Invoking: gptj-python-c5wwplkw538ully885fc.default.192.168.1.240.sslip.io:80"
time="2024-05-30T01:38:43.650712372-06:00" level=debug msg="Invoked gptj-python-c5wwplkw538ully885fc.default.192.168.1.240.sslip.io in 10689 usec\n"
time="2024-05-30T01:38:45.880611784-06:00" level=debug msg="Invoked image-rotate-go-6-qsrjta98697a39gl1f0d.default.192.168.1.240.sslip.io in 17251279 usec\n"
time="2024-05-30T01:38:51.141172896-06:00" level=debug msg="Invoking: gptj-python-c5wwplkw538ully885fc.default.192.168.1.240.sslip.io:80"
time="2024-05-30T01:38:51.151545375-06:00" level=debug msg="Invoked gptj-python-c5wwplkw538ully885fc.default.192.168.1.240.sslip.io in 10383 usec\n"
time="2024-05-30T01:38:58.645128761-06:00" level=debug msg="Invoking: cartservice-5yiwnw4r3quwaex1di0o.default.192.168.1.240.sslip.io:80"
time="2024-05-30T01:38:58.658014-06:00" level=debug msg="Invoked cartservice-5yiwnw4r3quwaex1di0o.default.192.168.1.240.sslip.io in 12895 usec\n"
time="2024-05-30T01:39:06.149218799-06:00" level=debug msg="Invoking: gptj-python-c5wwplkw538ully885fc.default.192.168.1.240.sslip.io:80"
time="2024-05-30T01:39:06.161800286-06:00" level=debug msg="Invoked gptj-python-c5wwplkw538ully885fc.default.192.168.1.240.sslip.io in 12606 usec\n"
time="2024-05-30T01:39:13.649423091-06:00" level=debug msg="Invoking: gptj-python-c5wwplkw538ully885fc.default.192.168.1.240.sslip.io:80"
time="2024-05-30T01:39:13.66112248-06:00" level=debug msg="Invoked gptj-python-c5wwplkw538ully885fc.default.192.168.1.240.sslip.io in 11765 usec\n"
time="2024-05-30T01:39:21.153690587-06:00" level=debug msg="Invoking: gptj-python-c5wwplkw538ully885fc.default.192.168.1.240.sslip.io:80"
time="2024-05-30T01:39:21.164512832-06:00" level=debug msg="Invoked gptj-python-c5wwplkw538ully885fc.default.192.168.1.240.sslip.io in 10824 usec\n"
time="2024-05-30T01:39:28.629172079-06:00" level=debug msg="Minute: 12"
time="2024-05-30T01:39:28.629318405-06:00" level=debug msg="Number of Invocations this iteration: 8"
time="2024-05-30T01:39:28.629403511-06:00" level=debug msg="Invoking: cartservice-5yiwnw4r3quwaex1di0o.default.192.168.1.240.sslip.io:80"
time="2024-05-30T01:39:28.642900509-06:00" level=debug msg="Invoked cartservice-5yiwnw4r3quwaex1di0o.default.192.168.1.240.sslip.io in 13491 usec\n"
time="2024-05-30T01:39:36.133160016-06:00" level=debug msg="Invoking: gptj-python-c5wwplkw538ully885fc.default.192.168.1.240.sslip.io:80"
time="2024-05-30T01:39:36.143986736-06:00" level=debug msg="Invoked gptj-python-c5wwplkw538ully885fc.default.192.168.1.240.sslip.io in 10835 usec\n"
time="2024-05-30T01:39:43.638409873-06:00" level=debug msg="Invoking: gptj-python-c5wwplkw538ully885fc.default.192.168.1.240.sslip.io:80"
time="2024-05-30T01:39:43.648908228-06:00" level=debug msg="Invoked gptj-python-c5wwplkw538ully885fc.default.192.168.1.240.sslip.io in 10510 usec\n"
time="2024-05-30T01:39:51.145275005-06:00" level=debug msg="Invoking: gptj-python-c5wwplkw538ully885fc.default.192.168.1.240.sslip.io:80"
time="2024-05-30T01:39:51.155610705-06:00" level=debug msg="Invoked gptj-python-c5wwplkw538ully885fc.default.192.168.1.240.sslip.io in 10347 usec\n"
time="2024-05-30T01:39:58.649440356-06:00" level=debug msg="Invoking: cartservice-5yiwnw4r3quwaex1di0o.default.192.168.1.240.sslip.io:80"
time="2024-05-30T01:39:58.660834065-06:00" level=debug msg="Invoked cartservice-5yiwnw4r3quwaex1di0o.default.192.168.1.240.sslip.io in 11404 usec\n"
time="2024-05-30T01:40:06.153134674-06:00" level=debug msg="Invoking: gptj-python-c5wwplkw538ully885fc.default.192.168.1.240.sslip.io:80"
time="2024-05-30T01:40:06.163626521-06:00" level=debug msg="Invoked gptj-python-c5wwplkw538ully885fc.default.192.168.1.240.sslip.io in 10501 usec\n"
time="2024-05-30T01:40:13.65713187-06:00" level=debug msg="Invoking: gptj-python-c5wwplkw538ully885fc.default.192.168.1.240.sslip.io:80"
time="2024-05-30T01:40:13.668778961-06:00" level=debug msg="Invoked gptj-python-c5wwplkw538ully885fc.default.192.168.1.240.sslip.io in 11658 usec\n"
time="2024-05-30T01:40:21.161643403-06:00" level=debug msg="Invoking: gptj-python-c5wwplkw538ully885fc.default.192.168.1.240.sslip.io:80"
time="2024-05-30T01:40:21.171302332-06:00" level=debug msg="Invoked gptj-python-c5wwplkw538ully885fc.default.192.168.1.240.sslip.io in 9668 usec\n"
time="2024-05-30T01:40:28.629202294-06:00" level=debug msg="Minute: 13"
time="2024-05-30T01:40:28.62929614-06:00" level=debug msg="Number of Invocations this iteration: 8"
time="2024-05-30T01:40:28.629388032-06:00" level=debug msg="Invoking: cartservice-5yiwnw4r3quwaex1di0o.default.192.168.1.240.sslip.io:80"
time="2024-05-30T01:40:28.641810475-06:00" level=debug msg="Invoked cartservice-5yiwnw4r3quwaex1di0o.default.192.168.1.240.sslip.io in 12420 usec\n"
time="2024-05-30T01:40:36.133140035-06:00" level=debug msg="Invoking: gptj-python-c5wwplkw538ully885fc.default.192.168.1.240.sslip.io:80"
time="2024-05-30T01:40:36.143087691-06:00" level=debug msg="Invoked gptj-python-c5wwplkw538ully885fc.default.192.168.1.240.sslip.io in 9980 usec\n"
time="2024-05-30T01:40:43.637194251-06:00" level=debug msg="Invoking: gptj-python-c5wwplkw538ully885fc.default.192.168.1.240.sslip.io:80"
time="2024-05-30T01:40:43.647818019-06:00" level=debug msg="Invoked gptj-python-c5wwplkw538ully885fc.default.192.168.1.240.sslip.io in 10637 usec\n"
time="2024-05-30T01:40:51.141128097-06:00" level=debug msg="Invoking: gptj-python-c5wwplkw538ully885fc.default.192.168.1.240.sslip.io:80"
time="2024-05-30T01:40:51.151569268-06:00" level=debug msg="Invoked gptj-python-c5wwplkw538ully885fc.default.192.168.1.240.sslip.io in 10458 usec\n"
time="2024-05-30T01:40:58.6451947-06:00" level=debug msg="Invoking: cartservice-5yiwnw4r3quwaex1di0o.default.192.168.1.240.sslip.io:80"
time="2024-05-30T01:40:58.656894279-06:00" level=debug msg="Invoked cartservice-5yiwnw4r3quwaex1di0o.default.192.168.1.240.sslip.io in 11710 usec\n"
time="2024-05-30T01:41:06.1491337-06:00" level=debug msg="Invoking: gptj-python-c5wwplkw538ully885fc.default.192.168.1.240.sslip.io:80"
time="2024-05-30T01:41:06.15988272-06:00" level=debug msg="Invoked gptj-python-c5wwplkw538ully885fc.default.192.168.1.240.sslip.io in 10761 usec\n"
time="2024-05-30T01:41:13.6500113-06:00" level=debug msg="Invoking: gptj-python-c5wwplkw538ully885fc.default.192.168.1.240.sslip.io:80"
time="2024-05-30T01:41:13.660755362-06:00" level=debug msg="Invoked gptj-python-c5wwplkw538ully885fc.default.192.168.1.240.sslip.io in 10922 usec\n"
time="2024-05-30T01:41:21.153139714-06:00" level=debug msg="Invoking: gptj-python-c5wwplkw538ully885fc.default.192.168.1.240.sslip.io:80"
time="2024-05-30T01:41:21.163234658-06:00" level=debug msg="Invoked gptj-python-c5wwplkw538ully885fc.default.192.168.1.240.sslip.io in 10111 usec\n"
time="2024-05-30T01:41:28.630693597-06:00" level=info msg="Experiment Phase Completed"
time="2024-05-30T01:41:28.630830545-06:00" level=info msg="Issued / completed requests: 112, 112"
time="2024-05-30T01:41:28.630867013-06:00" level=info msg="Average Real RPS: 0.13 "
time="2024-05-30T01:41:28.630893541-06:00" level=info msg="Experiment finished!"
time="2024-05-30T01:41:28.630920654-06:00" level=info msg="The measured latencies are saved in rps_lat.csv"
