time="2024-05-30T01:57:55.433854753-06:00" level=debug msg="Debug logging is enabled"
time="2024-05-30T01:57:55.434005277-06:00" level=info msg="Reading the trace endpoints from the file: /users/ArunAMS/vSwarm/tools/load-generator/load.json"
time="2024-05-30T01:57:55.435141767-06:00" level=info msg="Warmup Duration: 3"
time="2024-05-30T01:57:55.435162531-06:00" level=info msg="Experiment Duration: 11"
time="2024-05-30T01:57:55.435178995-06:00" level=info msg="Minute Granularity: true"
time="2024-05-30T01:58:55.493107826-06:00" level=info msg="Running Warmup Phase"
time="2024-05-30T01:58:55.493189535-06:00" level=debug msg="Minute: 0"
time="2024-05-30T01:58:55.493266698-06:00" level=debug msg="Number of Invocations this iteration: 8"
time="2024-05-30T01:58:55.493376493-06:00" level=debug msg="Invoking: cartservice-5yiwnw4r3quwaex1di0o.default.192.168.1.240.sslip.io:80"
time="2024-05-30T01:59:02.993481601-06:00" level=debug msg="Invoking: gptj-python-c5wwplkw538ully885fc.default.192.168.1.240.sslip.io:80"
time="2024-05-30T01:59:10.497243765-06:00" level=debug msg="Invoking: gptj-python-c5wwplkw538ully885fc.default.192.168.1.240.sslip.io:80"
time="2024-05-30T01:59:18.001142547-06:00" level=debug msg="Invoking: gptj-python-c5wwplkw538ully885fc.default.192.168.1.240.sslip.io:80"
time="2024-05-30T01:59:25.505135495-06:00" level=debug msg="Invoking: cartservice-5yiwnw4r3quwaex1di0o.default.192.168.1.240.sslip.io:80"
time="2024-05-30T01:59:33.00990906-06:00" level=debug msg="Invoking: gptj-python-c5wwplkw538ully885fc.default.192.168.1.240.sslip.io:80"
time="2024-05-30T01:59:40.513273004-06:00" level=debug msg="Invoking: gptj-python-c5wwplkw538ully885fc.default.192.168.1.240.sslip.io:80"
time="2024-05-30T01:59:48.017097716-06:00" level=debug msg="Invoking: gptj-python-c5wwplkw538ully885fc.default.192.168.1.240.sslip.io:80"
time="2024-05-30T01:59:55.441165884-06:00" level=debug msg="Minute: 1"
time="2024-05-30T01:59:55.441267661-06:00" level=debug msg="Number of Invocations this iteration: 8"
time="2024-05-30T01:59:55.441359412-06:00" level=debug msg="Invoking: image-rotate-go-6-qsrjta98697a39gl1f0d.default.192.168.1.240.sslip.io:80"
time="2024-05-30T02:00:02.942338474-06:00" level=debug msg="Invoking: gptj-python-c5wwplkw538ully885fc.default.192.168.1.240.sslip.io:80"
time="2024-05-30T02:00:10.445128645-06:00" level=debug msg="Invoking: gptj-python-c5wwplkw538ully885fc.default.192.168.1.240.sslip.io:80"
time="2024-05-30T02:00:17.949140845-06:00" level=debug msg="Invoking: gptj-python-c5wwplkw538ully885fc.default.192.168.1.240.sslip.io:80"
time="2024-05-30T02:00:25.453576149-06:00" level=debug msg="Invoking: cartservice-5yiwnw4r3quwaex1di0o.default.192.168.1.240.sslip.io:80"
time="2024-05-30T02:00:32.953858606-06:00" level=debug msg="Invoking: gptj-python-c5wwplkw538ully885fc.default.192.168.1.240.sslip.io:80"
time="2024-05-30T02:00:40.459027949-06:00" level=debug msg="Invoking: gptj-python-c5wwplkw538ully885fc.default.192.168.1.240.sslip.io:80"
time="2024-05-30T02:00:47.960523122-06:00" level=debug msg="Invoking: gptj-python-c5wwplkw538ully885fc.default.192.168.1.240.sslip.io:80"
time="2024-05-30T02:00:55.44196494-06:00" level=debug msg="Minute: 2"
time="2024-05-30T02:00:55.442059674-06:00" level=debug msg="Number of Invocations this iteration: 8"
time="2024-05-30T02:00:55.442155106-06:00" level=debug msg="Invoking: cartservice-5yiwnw4r3quwaex1di0o.default.192.168.1.240.sslip.io:80"
time="2024-05-30T02:01:02.949129392-06:00" level=debug msg="Invoking: gptj-python-c5wwplkw538ully885fc.default.192.168.1.240.sslip.io:80"
time="2024-05-30T02:01:10.453139741-06:00" level=debug msg="Invoking: gptj-python-c5wwplkw538ully885fc.default.192.168.1.240.sslip.io:80"
time="2024-05-30T02:01:17.959391408-06:00" level=debug msg="Invoking: gptj-python-c5wwplkw538ully885fc.default.192.168.1.240.sslip.io:80"
time="2024-05-30T02:01:25.465107791-06:00" level=debug msg="Invoking: cartservice-5yiwnw4r3quwaex1di0o.default.192.168.1.240.sslip.io:80"
time="2024-05-30T02:01:32.969150043-06:00" level=debug msg="Invoking: gptj-python-c5wwplkw538ully885fc.default.192.168.1.240.sslip.io:80"
time="2024-05-30T02:01:40.473206521-06:00" level=debug msg="Invoking: gptj-python-c5wwplkw538ully885fc.default.192.168.1.240.sslip.io:80"
time="2024-05-30T02:01:47.977180674-06:00" level=debug msg="Invoking: gptj-python-c5wwplkw538ully885fc.default.192.168.1.240.sslip.io:80"
time="2024-05-30T02:01:55.441106479-06:00" level=info msg="Warmup Phase Completed"
time="2024-05-30T02:01:55.441187287-06:00" level=info msg="Running Experiment Phase"
time="2024-05-30T02:01:55.441217934-06:00" level=debug msg="Minute: 3"
time="2024-05-30T02:01:55.441266166-06:00" level=debug msg="Number of Invocations this iteration: 8"
time="2024-05-30T02:01:55.441398513-06:00" level=debug msg="Invoking: cartservice-5yiwnw4r3quwaex1di0o.default.192.168.1.240.sslip.io:80"
time="2024-05-30T02:01:55.45380618-06:00" level=debug msg="Invoked cartservice-5yiwnw4r3quwaex1di0o.default.192.168.1.240.sslip.io in 12405 usec\n"
time="2024-05-30T02:02:02.945228998-06:00" level=debug msg="Invoking: gptj-python-c5wwplkw538ully885fc.default.192.168.1.240.sslip.io:80"
time="2024-05-30T02:02:02.95692992-06:00" level=debug msg="Invoked gptj-python-c5wwplkw538ully885fc.default.192.168.1.240.sslip.io in 11714 usec\n"
time="2024-05-30T02:02:10.449114921-06:00" level=debug msg="Invoking: gptj-python-c5wwplkw538ully885fc.default.192.168.1.240.sslip.io:80"
time="2024-05-30T02:02:10.459373689-06:00" level=debug msg="Invoked gptj-python-c5wwplkw538ully885fc.default.192.168.1.240.sslip.io in 10269 usec\n"
time="2024-05-30T02:02:17.953186086-06:00" level=debug msg="Invoking: gptj-python-c5wwplkw538ully885fc.default.192.168.1.240.sslip.io:80"
time="2024-05-30T02:02:17.964127869-06:00" level=debug msg="Invoked gptj-python-c5wwplkw538ully885fc.default.192.168.1.240.sslip.io in 10946 usec\n"
time="2024-05-30T02:02:25.457124294-06:00" level=debug msg="Invoking: cartservice-5yiwnw4r3quwaex1di0o.default.192.168.1.240.sslip.io:80"
time="2024-05-30T02:02:25.471355149-06:00" level=debug msg="Invoked cartservice-5yiwnw4r3quwaex1di0o.default.192.168.1.240.sslip.io in 14232 usec\n"
time="2024-05-30T02:02:32.961234132-06:00" level=debug msg="Invoking: gptj-python-c5wwplkw538ully885fc.default.192.168.1.240.sslip.io:80"
time="2024-05-30T02:02:32.972255922-06:00" level=debug msg="Invoked gptj-python-c5wwplkw538ully885fc.default.192.168.1.240.sslip.io in 11120 usec\n"
time="2024-05-30T02:02:40.465215249-06:00" level=debug msg="Invoking: gptj-python-c5wwplkw538ully885fc.default.192.168.1.240.sslip.io:80"
time="2024-05-30T02:02:40.476657586-06:00" level=debug msg="Invoked gptj-python-c5wwplkw538ully885fc.default.192.168.1.240.sslip.io in 11452 usec\n"
time="2024-05-30T02:02:47.969127793-06:00" level=debug msg="Invoking: gptj-python-c5wwplkw538ully885fc.default.192.168.1.240.sslip.io:80"
time="2024-05-30T02:02:47.97974009-06:00" level=debug msg="Invoked gptj-python-c5wwplkw538ully885fc.default.192.168.1.240.sslip.io in 10621 usec\n"
time="2024-05-30T02:02:55.441109859-06:00" level=debug msg="Minute: 4"
time="2024-05-30T02:02:55.441217097-06:00" level=debug msg="Number of Invocations this iteration: 8"
time="2024-05-30T02:02:55.441312852-06:00" level=debug msg="Invoking: rnn-serving-python-10-10-sxqcpc60ftgtprcqzp96.default.192.168.1.240.sslip.io:80"
time="2024-05-30T02:03:02.946821676-06:00" level=debug msg="Invoking: gptj-python-c5wwplkw538ully885fc.default.192.168.1.240.sslip.io:80"
time="2024-05-30T02:03:02.95771698-06:00" level=debug msg="Invoked gptj-python-c5wwplkw538ully885fc.default.192.168.1.240.sslip.io in 10909 usec\n"
time="2024-05-30T02:03:06.732995443-06:00" level=debug msg="Invoked rnn-serving-python-10-10-sxqcpc60ftgtprcqzp96.default.192.168.1.240.sslip.io in 11291680 usec\n"
time="2024-05-30T02:03:10.449153528-06:00" level=debug msg="Invoking: gptj-python-c5wwplkw538ully885fc.default.192.168.1.240.sslip.io:80"
time="2024-05-30T02:03:10.459431633-06:00" level=debug msg="Invoked gptj-python-c5wwplkw538ully885fc.default.192.168.1.240.sslip.io in 10290 usec\n"
time="2024-05-30T02:03:17.953130627-06:00" level=debug msg="Invoking: gptj-python-c5wwplkw538ully885fc.default.192.168.1.240.sslip.io:80"
time="2024-05-30T02:03:17.963712593-06:00" level=debug msg="Invoked gptj-python-c5wwplkw538ully885fc.default.192.168.1.240.sslip.io in 10592 usec\n"
time="2024-05-30T02:03:25.459724-06:00" level=debug msg="Invoking: cartservice-5yiwnw4r3quwaex1di0o.default.192.168.1.240.sslip.io:80"
time="2024-05-30T02:03:32.03403961-06:00" level=debug msg="Invoked cartservice-5yiwnw4r3quwaex1di0o.default.192.168.1.240.sslip.io in 6574329 usec\n"
time="2024-05-30T02:03:32.960431245-06:00" level=debug msg="Invoking: gptj-python-c5wwplkw538ully885fc.default.192.168.1.240.sslip.io:80"
time="2024-05-30T02:03:32.971029371-06:00" level=debug msg="Invoked gptj-python-c5wwplkw538ully885fc.default.192.168.1.240.sslip.io in 10609 usec\n"
time="2024-05-30T02:03:40.465115395-06:00" level=debug msg="Invoking: gptj-python-c5wwplkw538ully885fc.default.192.168.1.240.sslip.io:80"
time="2024-05-30T02:03:40.475469333-06:00" level=debug msg="Invoked gptj-python-c5wwplkw538ully885fc.default.192.168.1.240.sslip.io in 10362 usec\n"
time="2024-05-30T02:03:47.969699502-06:00" level=debug msg="Invoking: gptj-python-c5wwplkw538ully885fc.default.192.168.1.240.sslip.io:80"
time="2024-05-30T02:03:47.981523692-06:00" level=debug msg="Invoked gptj-python-c5wwplkw538ully885fc.default.192.168.1.240.sslip.io in 11834 usec\n"
time="2024-05-30T02:03:55.441107852-06:00" level=debug msg="Minute: 5"
time="2024-05-30T02:03:55.44120237-06:00" level=debug msg="Number of Invocations this iteration: 8"
time="2024-05-30T02:03:55.441290355-06:00" level=debug msg="Invoking: cartservice-5yiwnw4r3quwaex1di0o.default.192.168.1.240.sslip.io:80"
time="2024-05-30T02:03:55.477957811-06:00" level=debug msg="Invoked cartservice-5yiwnw4r3quwaex1di0o.default.192.168.1.240.sslip.io in 36665 usec\n"
time="2024-05-30T02:04:02.945126376-06:00" level=debug msg="Invoking: gptj-python-c5wwplkw538ully885fc.default.192.168.1.240.sslip.io:80"
time="2024-05-30T02:04:02.957810215-06:00" level=debug msg="Invoked gptj-python-c5wwplkw538ully885fc.default.192.168.1.240.sslip.io in 12696 usec\n"
time="2024-05-30T02:04:10.449142707-06:00" level=debug msg="Invoking: gptj-python-c5wwplkw538ully885fc.default.192.168.1.240.sslip.io:80"
time="2024-05-30T02:04:10.459702131-06:00" level=debug msg="Invoked gptj-python-c5wwplkw538ully885fc.default.192.168.1.240.sslip.io in 10569 usec\n"
time="2024-05-30T02:04:17.953146112-06:00" level=debug msg="Invoking: gptj-python-c5wwplkw538ully885fc.default.192.168.1.240.sslip.io:80"
time="2024-05-30T02:04:17.964888681-06:00" level=debug msg="Invoked gptj-python-c5wwplkw538ully885fc.default.192.168.1.240.sslip.io in 11752 usec\n"
time="2024-05-30T02:04:25.45810045-06:00" level=debug msg="Invoking: cartservice-5yiwnw4r3quwaex1di0o.default.192.168.1.240.sslip.io:80"
time="2024-05-30T02:04:25.479412551-06:00" level=debug msg="Invoked cartservice-5yiwnw4r3quwaex1di0o.default.192.168.1.240.sslip.io in 21314 usec\n"
time="2024-05-30T02:04:32.961266091-06:00" level=debug msg="Invoking: gptj-python-c5wwplkw538ully885fc.default.192.168.1.240.sslip.io:80"
time="2024-05-30T02:04:32.972265719-06:00" level=debug msg="Invoked gptj-python-c5wwplkw538ully885fc.default.192.168.1.240.sslip.io in 11041 usec\n"
time="2024-05-30T02:04:40.465123446-06:00" level=debug msg="Invoking: gptj-python-c5wwplkw538ully885fc.default.192.168.1.240.sslip.io:80"
time="2024-05-30T02:04:40.474377144-06:00" level=debug msg="Invoked gptj-python-c5wwplkw538ully885fc.default.192.168.1.240.sslip.io in 9266 usec\n"
time="2024-05-30T02:04:47.971242088-06:00" level=debug msg="Invoking: gptj-python-c5wwplkw538ully885fc.default.192.168.1.240.sslip.io:80"
time="2024-05-30T02:04:47.982961601-06:00" level=debug msg="Invoked gptj-python-c5wwplkw538ully885fc.default.192.168.1.240.sslip.io in 11731 usec\n"
time="2024-05-30T02:04:55.441097085-06:00" level=debug msg="Minute: 6"
time="2024-05-30T02:04:55.441157691-06:00" level=debug msg="Number of Invocations this iteration: 8"
time="2024-05-30T02:04:55.441202325-06:00" level=debug msg="Invoking: image-rotate-go-6-qsrjta98697a39gl1f0d.default.192.168.1.240.sslip.io:80"
time="2024-05-30T02:05:02.945118041-06:00" level=debug msg="Invoking: gptj-python-c5wwplkw538ully885fc.default.192.168.1.240.sslip.io:80"
time="2024-05-30T02:05:02.954759319-06:00" level=debug msg="Invoked gptj-python-c5wwplkw538ully885fc.default.192.168.1.240.sslip.io in 9654 usec\n"
time="2024-05-30T02:05:07.606367484-06:00" level=debug msg="Invoked image-rotate-go-6-qsrjta98697a39gl1f0d.default.192.168.1.240.sslip.io in 12165161 usec\n"
time="2024-05-30T02:05:10.447128627-06:00" level=debug msg="Invoking: gptj-python-c5wwplkw538ully885fc.default.192.168.1.240.sslip.io:80"
time="2024-05-30T02:05:10.458135723-06:00" level=debug msg="Invoked gptj-python-c5wwplkw538ully885fc.default.192.168.1.240.sslip.io in 11039 usec\n"
time="2024-05-30T02:05:17.9531363-06:00" level=debug msg="Invoking: gptj-python-c5wwplkw538ully885fc.default.192.168.1.240.sslip.io:80"
time="2024-05-30T02:05:17.963602997-06:00" level=debug msg="Invoked gptj-python-c5wwplkw538ully885fc.default.192.168.1.240.sslip.io in 10476 usec\n"
time="2024-05-30T02:05:25.457151878-06:00" level=debug msg="Invoking: cartservice-5yiwnw4r3quwaex1di0o.default.192.168.1.240.sslip.io:80"
time="2024-05-30T02:05:31.126495744-06:00" level=debug msg="Invoked cartservice-5yiwnw4r3quwaex1di0o.default.192.168.1.240.sslip.io in 5669355 usec\n"
time="2024-05-30T02:05:32.958056022-06:00" level=debug msg="Invoking: gptj-python-c5wwplkw538ully885fc.default.192.168.1.240.sslip.io:80"
time="2024-05-30T02:05:32.968562983-06:00" level=debug msg="Invoked gptj-python-c5wwplkw538ully885fc.default.192.168.1.240.sslip.io in 10517 usec\n"
time="2024-05-30T02:05:40.461130217-06:00" level=debug msg="Invoking: gptj-python-c5wwplkw538ully885fc.default.192.168.1.240.sslip.io:80"
time="2024-05-30T02:05:40.472138584-06:00" level=debug msg="Invoked gptj-python-c5wwplkw538ully885fc.default.192.168.1.240.sslip.io in 11022 usec\n"
time="2024-05-30T02:05:47.965103947-06:00" level=debug msg="Invoking: gptj-python-c5wwplkw538ully885fc.default.192.168.1.240.sslip.io:80"
time="2024-05-30T02:05:47.975070176-06:00" level=debug msg="Invoked gptj-python-c5wwplkw538ully885fc.default.192.168.1.240.sslip.io in 9974 usec\n"
time="2024-05-30T02:05:55.441094533-06:00" level=debug msg="Minute: 7"
time="2024-05-30T02:05:55.441165442-06:00" level=debug msg="Number of Invocations this iteration: 8"
time="2024-05-30T02:05:55.441227099-06:00" level=debug msg="Invoking: cartservice-5yiwnw4r3quwaex1di0o.default.192.168.1.240.sslip.io:80"
time="2024-05-30T02:05:55.469482158-06:00" level=debug msg="Invoked cartservice-5yiwnw4r3quwaex1di0o.default.192.168.1.240.sslip.io in 28253 usec\n"
time="2024-05-30T02:06:02.945201095-06:00" level=debug msg="Invoking: gptj-python-c5wwplkw538ully885fc.default.192.168.1.240.sslip.io:80"
time="2024-05-30T02:06:02.95596616-06:00" level=debug msg="Invoked gptj-python-c5wwplkw538ully885fc.default.192.168.1.240.sslip.io in 10806 usec\n"
time="2024-05-30T02:06:10.449078078-06:00" level=debug msg="Invoking: gptj-python-c5wwplkw538ully885fc.default.192.168.1.240.sslip.io:80"
time="2024-05-30T02:06:10.459716258-06:00" level=debug msg="Invoked gptj-python-c5wwplkw538ully885fc.default.192.168.1.240.sslip.io in 10643 usec\n"
time="2024-05-30T02:06:17.953147913-06:00" level=debug msg="Invoking: gptj-python-c5wwplkw538ully885fc.default.192.168.1.240.sslip.io:80"
time="2024-05-30T02:06:17.962308269-06:00" level=debug msg="Invoked gptj-python-c5wwplkw538ully885fc.default.192.168.1.240.sslip.io in 9174 usec\n"
time="2024-05-30T02:06:25.457156357-06:00" level=debug msg="Invoking: cartservice-5yiwnw4r3quwaex1di0o.default.192.168.1.240.sslip.io:80"
time="2024-05-30T02:06:25.471071383-06:00" level=debug msg="Invoked cartservice-5yiwnw4r3quwaex1di0o.default.192.168.1.240.sslip.io in 13905 usec\n"
time="2024-05-30T02:06:32.957361423-06:00" level=debug msg="Invoking: gptj-python-c5wwplkw538ully885fc.default.192.168.1.240.sslip.io:80"
time="2024-05-30T02:06:32.967745825-06:00" level=debug msg="Invoked gptj-python-c5wwplkw538ully885fc.default.192.168.1.240.sslip.io in 10446 usec\n"
time="2024-05-30T02:06:40.461124881-06:00" level=debug msg="Invoking: gptj-python-c5wwplkw538ully885fc.default.192.168.1.240.sslip.io:80"
time="2024-05-30T02:06:40.471570516-06:00" level=debug msg="Invoked gptj-python-c5wwplkw538ully885fc.default.192.168.1.240.sslip.io in 10459 usec\n"
time="2024-05-30T02:06:47.96512917-06:00" level=debug msg="Invoking: gptj-python-c5wwplkw538ully885fc.default.192.168.1.240.sslip.io:80"
time="2024-05-30T02:06:47.976733495-06:00" level=debug msg="Invoked gptj-python-c5wwplkw538ully885fc.default.192.168.1.240.sslip.io in 11617 usec\n"
time="2024-05-30T02:06:55.441084274-06:00" level=debug msg="Minute: 8"
time="2024-05-30T02:06:55.441174876-06:00" level=debug msg="Number of Invocations this iteration: 8"
time="2024-05-30T02:06:55.441220651-06:00" level=debug msg="Invoking: cartservice-5yiwnw4r3quwaex1di0o.default.192.168.1.240.sslip.io:80"
time="2024-05-30T02:06:55.452748649-06:00" level=debug msg="Invoked cartservice-5yiwnw4r3quwaex1di0o.default.192.168.1.240.sslip.io in 11522 usec\n"
time="2024-05-30T02:07:02.945197628-06:00" level=debug msg="Invoking: gptj-python-c5wwplkw538ully885fc.default.192.168.1.240.sslip.io:80"
time="2024-05-30T02:07:02.955633775-06:00" level=debug msg="Invoked gptj-python-c5wwplkw538ully885fc.default.192.168.1.240.sslip.io in 10447 usec\n"
time="2024-05-30T02:07:10.452075266-06:00" level=debug msg="Invoking: gptj-python-c5wwplkw538ully885fc.default.192.168.1.240.sslip.io:80"
time="2024-05-30T02:07:10.463096093-06:00" level=debug msg="Invoked gptj-python-c5wwplkw538ully885fc.default.192.168.1.240.sslip.io in 11027 usec\n"
time="2024-05-30T02:07:17.957113404-06:00" level=debug msg="Invoking: gptj-python-c5wwplkw538ully885fc.default.192.168.1.240.sslip.io:80"
time="2024-05-30T02:07:17.966882563-06:00" level=debug msg="Invoked gptj-python-c5wwplkw538ully885fc.default.192.168.1.240.sslip.io in 9777 usec\n"
time="2024-05-30T02:07:25.461153084-06:00" level=debug msg="Invoking: cartservice-5yiwnw4r3quwaex1di0o.default.192.168.1.240.sslip.io:80"
time="2024-05-30T02:07:25.480978647-06:00" level=debug msg="Invoked cartservice-5yiwnw4r3quwaex1di0o.default.192.168.1.240.sslip.io in 19860 usec\n"
time="2024-05-30T02:07:32.965110471-06:00" level=debug msg="Invoking: gptj-python-c5wwplkw538ully885fc.default.192.168.1.240.sslip.io:80"
time="2024-05-30T02:07:32.976777059-06:00" level=debug msg="Invoked gptj-python-c5wwplkw538ully885fc.default.192.168.1.240.sslip.io in 11675 usec\n"
time="2024-05-30T02:07:40.469110348-06:00" level=debug msg="Invoking: gptj-python-c5wwplkw538ully885fc.default.192.168.1.240.sslip.io:80"
time="2024-05-30T02:07:40.480133109-06:00" level=debug msg="Invoked gptj-python-c5wwplkw538ully885fc.default.192.168.1.240.sslip.io in 11032 usec\n"
time="2024-05-30T02:07:47.975710151-06:00" level=debug msg="Invoking: gptj-python-c5wwplkw538ully885fc.default.192.168.1.240.sslip.io:80"
time="2024-05-30T02:07:47.985665224-06:00" level=debug msg="Invoked gptj-python-c5wwplkw538ully885fc.default.192.168.1.240.sslip.io in 9965 usec\n"
time="2024-05-30T02:07:55.441133366-06:00" level=debug msg="Minute: 9"
time="2024-05-30T02:07:55.44122771-06:00" level=debug msg="Number of Invocations this iteration: 8"
time="2024-05-30T02:07:55.441316583-06:00" level=debug msg="Invoking: cartservice-5yiwnw4r3quwaex1di0o.default.192.168.1.240.sslip.io:80"
time="2024-05-30T02:07:55.454660418-06:00" level=debug msg="Invoked cartservice-5yiwnw4r3quwaex1di0o.default.192.168.1.240.sslip.io in 13341 usec\n"
time="2024-05-30T02:08:02.94513256-06:00" level=debug msg="Invoking: gptj-python-c5wwplkw538ully885fc.default.192.168.1.240.sslip.io:80"
time="2024-05-30T02:08:02.955689251-06:00" level=debug msg="Invoked gptj-python-c5wwplkw538ully885fc.default.192.168.1.240.sslip.io in 10568 usec\n"
time="2024-05-30T02:08:10.451917726-06:00" level=debug msg="Invoking: gptj-python-c5wwplkw538ully885fc.default.192.168.1.240.sslip.io:80"
time="2024-05-30T02:08:10.463802597-06:00" level=debug msg="Invoked gptj-python-c5wwplkw538ully885fc.default.192.168.1.240.sslip.io in 11896 usec\n"
time="2024-05-30T02:08:17.957152127-06:00" level=debug msg="Invoking: gptj-python-c5wwplkw538ully885fc.default.192.168.1.240.sslip.io:80"
time="2024-05-30T02:08:17.968580568-06:00" level=debug msg="Invoked gptj-python-c5wwplkw538ully885fc.default.192.168.1.240.sslip.io in 11463 usec\n"
time="2024-05-30T02:08:25.463335865-06:00" level=debug msg="Invoking: cartservice-5yiwnw4r3quwaex1di0o.default.192.168.1.240.sslip.io:80"
time="2024-05-30T02:08:25.482611428-06:00" level=debug msg="Invoked cartservice-5yiwnw4r3quwaex1di0o.default.192.168.1.240.sslip.io in 19313 usec\n"
time="2024-05-30T02:08:32.963680344-06:00" level=debug msg="Invoking: gptj-python-c5wwplkw538ully885fc.default.192.168.1.240.sslip.io:80"
time="2024-05-30T02:08:32.974342686-06:00" level=debug msg="Invoked gptj-python-c5wwplkw538ully885fc.default.192.168.1.240.sslip.io in 10666 usec\n"
time="2024-05-30T02:08:40.469132248-06:00" level=debug msg="Invoking: gptj-python-c5wwplkw538ully885fc.default.192.168.1.240.sslip.io:80"
time="2024-05-30T02:08:40.480834293-06:00" level=debug msg="Invoked gptj-python-c5wwplkw538ully885fc.default.192.168.1.240.sslip.io in 11719 usec\n"
time="2024-05-30T02:08:47.973277628-06:00" level=debug msg="Invoking: gptj-python-c5wwplkw538ully885fc.default.192.168.1.240.sslip.io:80"
time="2024-05-30T02:08:47.983396588-06:00" level=debug msg="Invoked gptj-python-c5wwplkw538ully885fc.default.192.168.1.240.sslip.io in 10131 usec\n"
time="2024-05-30T02:08:55.441197437-06:00" level=debug msg="Minute: 10"
time="2024-05-30T02:08:55.441346214-06:00" level=debug msg="Number of Invocations this iteration: 8"
time="2024-05-30T02:08:55.441432699-06:00" level=debug msg="Invoking: rnn-serving-python-10-10-sxqcpc60ftgtprcqzp96.default.192.168.1.240.sslip.io:80"
time="2024-05-30T02:09:02.948314071-06:00" level=debug msg="Invoking: gptj-python-c5wwplkw538ully885fc.default.192.168.1.240.sslip.io:80"
time="2024-05-30T02:09:02.960992523-06:00" level=debug msg="Invoked gptj-python-c5wwplkw538ully885fc.default.192.168.1.240.sslip.io in 12687 usec\n"
time="2024-05-30T02:09:06.147408043-06:00" level=debug msg="Invoked rnn-serving-python-10-10-sxqcpc60ftgtprcqzp96.default.192.168.1.240.sslip.io in 10705975 usec\n"
time="2024-05-30T02:09:10.449091823-06:00" level=debug msg="Invoking: gptj-python-c5wwplkw538ully885fc.default.192.168.1.240.sslip.io:80"
time="2024-05-30T02:09:10.457447201-06:00" level=debug msg="Invoked gptj-python-c5wwplkw538ully885fc.default.192.168.1.240.sslip.io in 8363 usec\n"
time="2024-05-30T02:09:17.95317884-06:00" level=debug msg="Invoking: gptj-python-c5wwplkw538ully885fc.default.192.168.1.240.sslip.io:80"
time="2024-05-30T02:09:17.965531828-06:00" level=debug msg="Invoked gptj-python-c5wwplkw538ully885fc.default.192.168.1.240.sslip.io in 12363 usec\n"
time="2024-05-30T02:09:25.457122706-06:00" level=debug msg="Invoking: cartservice-5yiwnw4r3quwaex1di0o.default.192.168.1.240.sslip.io:80"
time="2024-05-30T02:09:32.961128501-06:00" level=debug msg="Invoking: gptj-python-c5wwplkw538ully885fc.default.192.168.1.240.sslip.io:80"
time="2024-05-30T02:09:32.970451637-06:00" level=debug msg="Invoked gptj-python-c5wwplkw538ully885fc.default.192.168.1.240.sslip.io in 9336 usec\n"
time="2024-05-30T02:09:35.194710269-06:00" level=debug msg="Invoked cartservice-5yiwnw4r3quwaex1di0o.default.192.168.1.240.sslip.io in 9737600 usec\n"
time="2024-05-30T02:09:40.465190106-06:00" level=debug msg="Invoking: gptj-python-c5wwplkw538ully885fc.default.192.168.1.240.sslip.io:80"
time="2024-05-30T02:09:40.476527319-06:00" level=debug msg="Invoked gptj-python-c5wwplkw538ully885fc.default.192.168.1.240.sslip.io in 11346 usec\n"
time="2024-05-30T02:09:47.969985863-06:00" level=debug msg="Invoking: gptj-python-c5wwplkw538ully885fc.default.192.168.1.240.sslip.io:80"
time="2024-05-30T02:09:47.981787082-06:00" level=debug msg="Invoked gptj-python-c5wwplkw538ully885fc.default.192.168.1.240.sslip.io in 11812 usec\n"
time="2024-05-30T02:09:55.441109003-06:00" level=debug msg="Minute: 11"
time="2024-05-30T02:09:55.441204334-06:00" level=debug msg="Number of Invocations this iteration: 8"
time="2024-05-30T02:09:55.441299756-06:00" level=debug msg="Invoking: image-rotate-go-6-qsrjta98697a39gl1f0d.default.192.168.1.240.sslip.io:80"
time="2024-05-30T02:10:02.604522632-06:00" level=debug msg="Invoked image-rotate-go-6-qsrjta98697a39gl1f0d.default.192.168.1.240.sslip.io in 7163221 usec\n"
time="2024-05-30T02:10:02.94183041-06:00" level=debug msg="Invoking: gptj-python-c5wwplkw538ully885fc.default.192.168.1.240.sslip.io:80"
time="2024-05-30T02:10:02.952310527-06:00" level=debug msg="Invoked gptj-python-c5wwplkw538ully885fc.default.192.168.1.240.sslip.io in 10491 usec\n"
time="2024-05-30T02:10:10.445127117-06:00" level=debug msg="Invoking: gptj-python-c5wwplkw538ully885fc.default.192.168.1.240.sslip.io:80"
time="2024-05-30T02:10:10.457824995-06:00" level=debug msg="Invoked gptj-python-c5wwplkw538ully885fc.default.192.168.1.240.sslip.io in 12712 usec\n"
time="2024-05-30T02:10:17.949178919-06:00" level=debug msg="Invoking: gptj-python-c5wwplkw538ully885fc.default.192.168.1.240.sslip.io:80"
time="2024-05-30T02:10:17.959749443-06:00" level=debug msg="Invoked gptj-python-c5wwplkw538ully885fc.default.192.168.1.240.sslip.io in 10579 usec\n"
time="2024-05-30T02:10:25.453163725-06:00" level=debug msg="Invoking: cartservice-5yiwnw4r3quwaex1di0o.default.192.168.1.240.sslip.io:80"
time="2024-05-30T02:10:25.480391602-06:00" level=debug msg="Invoked cartservice-5yiwnw4r3quwaex1di0o.default.192.168.1.240.sslip.io in 27274 usec\n"
time="2024-05-30T02:10:32.95430091-06:00" level=debug msg="Invoking: gptj-python-c5wwplkw538ully885fc.default.192.168.1.240.sslip.io:80"
time="2024-05-30T02:10:32.966793519-06:00" level=debug msg="Invoked gptj-python-c5wwplkw538ully885fc.default.192.168.1.240.sslip.io in 12514 usec\n"
time="2024-05-30T02:10:40.457172832-06:00" level=debug msg="Invoking: gptj-python-c5wwplkw538ully885fc.default.192.168.1.240.sslip.io:80"
time="2024-05-30T02:10:40.468165257-06:00" level=debug msg="Invoked gptj-python-c5wwplkw538ully885fc.default.192.168.1.240.sslip.io in 11003 usec\n"
time="2024-05-30T02:10:47.962265838-06:00" level=debug msg="Invoking: gptj-python-c5wwplkw538ully885fc.default.192.168.1.240.sslip.io:80"
time="2024-05-30T02:10:47.973805801-06:00" level=debug msg="Invoked gptj-python-c5wwplkw538ully885fc.default.192.168.1.240.sslip.io in 11552 usec\n"
time="2024-05-30T02:10:55.441184713-06:00" level=debug msg="Minute: 12"
time="2024-05-30T02:10:55.441332725-06:00" level=debug msg="Number of Invocations this iteration: 8"
time="2024-05-30T02:10:55.441417311-06:00" level=debug msg="Invoking: cartservice-5yiwnw4r3quwaex1di0o.default.192.168.1.240.sslip.io:80"
time="2024-05-30T02:10:55.455372551-06:00" level=debug msg="Invoked cartservice-5yiwnw4r3quwaex1di0o.default.192.168.1.240.sslip.io in 13951 usec\n"
time="2024-05-30T02:11:02.945127446-06:00" level=debug msg="Invoking: gptj-python-c5wwplkw538ully885fc.default.192.168.1.240.sslip.io:80"
time="2024-05-30T02:11:02.955673496-06:00" level=debug msg="Invoked gptj-python-c5wwplkw538ully885fc.default.192.168.1.240.sslip.io in 10557 usec\n"
time="2024-05-30T02:11:10.448369778-06:00" level=debug msg="Invoking: gptj-python-c5wwplkw538ully885fc.default.192.168.1.240.sslip.io:80"
time="2024-05-30T02:11:10.458753084-06:00" level=debug msg="Invoked gptj-python-c5wwplkw538ully885fc.default.192.168.1.240.sslip.io in 10393 usec\n"
time="2024-05-30T02:11:17.953209556-06:00" level=debug msg="Invoking: gptj-python-c5wwplkw538ully885fc.default.192.168.1.240.sslip.io:80"
time="2024-05-30T02:11:17.968832097-06:00" level=debug msg="Invoked gptj-python-c5wwplkw538ully885fc.default.192.168.1.240.sslip.io in 15629 usec\n"
time="2024-05-30T02:11:25.457864405-06:00" level=debug msg="Invoking: cartservice-5yiwnw4r3quwaex1di0o.default.192.168.1.240.sslip.io:80"
time="2024-05-30T02:11:25.470273987-06:00" level=debug msg="Invoked cartservice-5yiwnw4r3quwaex1di0o.default.192.168.1.240.sslip.io in 12421 usec\n"
time="2024-05-30T02:11:32.964597651-06:00" level=debug msg="Invoking: gptj-python-c5wwplkw538ully885fc.default.192.168.1.240.sslip.io:80"
time="2024-05-30T02:11:32.980676696-06:00" level=debug msg="Invoked gptj-python-c5wwplkw538ully885fc.default.192.168.1.240.sslip.io in 16087 usec\n"
time="2024-05-30T02:11:40.469154635-06:00" level=debug msg="Invoking: gptj-python-c5wwplkw538ully885fc.default.192.168.1.240.sslip.io:80"
time="2024-05-30T02:11:40.479366821-06:00" level=debug msg="Invoked gptj-python-c5wwplkw538ully885fc.default.192.168.1.240.sslip.io in 10218 usec\n"
time="2024-05-30T02:11:47.973401215-06:00" level=debug msg="Invoking: gptj-python-c5wwplkw538ully885fc.default.192.168.1.240.sslip.io:80"
time="2024-05-30T02:11:47.983347744-06:00" level=debug msg="Invoked gptj-python-c5wwplkw538ully885fc.default.192.168.1.240.sslip.io in 9955 usec\n"
time="2024-05-30T02:11:55.441140788-06:00" level=debug msg="Minute: 13"
time="2024-05-30T02:11:55.441231774-06:00" level=debug msg="Number of Invocations this iteration: 8"
time="2024-05-30T02:11:55.441339132-06:00" level=debug msg="Invoking: cartservice-5yiwnw4r3quwaex1di0o.default.192.168.1.240.sslip.io:80"
time="2024-05-30T02:11:55.454046332-06:00" level=debug msg="Invoked cartservice-5yiwnw4r3quwaex1di0o.default.192.168.1.240.sslip.io in 12704 usec\n"
time="2024-05-30T02:12:02.945127636-06:00" level=debug msg="Invoking: gptj-python-c5wwplkw538ully885fc.default.192.168.1.240.sslip.io:80"
time="2024-05-30T02:12:02.956190019-06:00" level=debug msg="Invoked gptj-python-c5wwplkw538ully885fc.default.192.168.1.240.sslip.io in 11070 usec\n"
time="2024-05-30T02:12:10.448752281-06:00" level=debug msg="Invoking: gptj-python-c5wwplkw538ully885fc.default.192.168.1.240.sslip.io:80"
time="2024-05-30T02:12:10.460123731-06:00" level=debug msg="Invoked gptj-python-c5wwplkw538ully885fc.default.192.168.1.240.sslip.io in 11380 usec\n"
time="2024-05-30T02:12:17.954126724-06:00" level=debug msg="Invoking: gptj-python-c5wwplkw538ully885fc.default.192.168.1.240.sslip.io:80"
time="2024-05-30T02:12:17.964645271-06:00" level=debug msg="Invoked gptj-python-c5wwplkw538ully885fc.default.192.168.1.240.sslip.io in 10530 usec\n"
time="2024-05-30T02:12:25.457111092-06:00" level=debug msg="Invoking: cartservice-5yiwnw4r3quwaex1di0o.default.192.168.1.240.sslip.io:80"
time="2024-05-30T02:12:25.474281234-06:00" level=debug msg="Invoked cartservice-5yiwnw4r3quwaex1di0o.default.192.168.1.240.sslip.io in 17183 usec\n"
time="2024-05-30T02:12:32.957876369-06:00" level=debug msg="Invoking: gptj-python-c5wwplkw538ully885fc.default.192.168.1.240.sslip.io:80"
time="2024-05-30T02:12:32.969909896-06:00" level=debug msg="Invoked gptj-python-c5wwplkw538ully885fc.default.192.168.1.240.sslip.io in 12644 usec\n"
time="2024-05-30T02:12:40.461151643-06:00" level=debug msg="Invoking: gptj-python-c5wwplkw538ully885fc.default.192.168.1.240.sslip.io:80"
time="2024-05-30T02:12:40.471313553-06:00" level=debug msg="Invoked gptj-python-c5wwplkw538ully885fc.default.192.168.1.240.sslip.io in 10196 usec\n"
time="2024-05-30T02:12:47.967763734-06:00" level=debug msg="Invoking: gptj-python-c5wwplkw538ully885fc.default.192.168.1.240.sslip.io:80"
time="2024-05-30T02:12:47.978045443-06:00" level=debug msg="Invoked gptj-python-c5wwplkw538ully885fc.default.192.168.1.240.sslip.io in 10288 usec\n"
time="2024-05-30T02:12:55.441163649-06:00" level=info msg="Experiment Phase Completed"
time="2024-05-30T02:12:55.441293355-06:00" level=info msg="Issued / completed requests: 112, 112"
time="2024-05-30T02:12:55.441329382-06:00" level=info msg="Average Real RPS: 0.13 "
time="2024-05-30T02:12:55.441356207-06:00" level=info msg="Experiment finished!"
time="2024-05-30T02:12:55.441383657-06:00" level=info msg="The measured latencies are saved in rps_lat.csv"
