time="2024-05-28T18:01:28.42774305-06:00" level=debug msg="Debug logging is enabled"
time="2024-05-28T18:01:28.427957897-06:00" level=info msg="Reading the trace endpoints from the file: /users/ArunAMS/vSwarm/tools/load-generator/load.json"
time="2024-05-28T18:01:28.4294899-06:00" level=info msg="Warmup Duration: 3"
time="2024-05-28T18:01:28.429511061-06:00" level=info msg="Experiment Duration: 11"
time="2024-05-28T18:01:28.429527669-06:00" level=info msg="Minute Granularity: true"
time="2024-05-28T18:02:28.487913104-06:00" level=info msg="Running Warmup Phase"
time="2024-05-28T18:02:28.487992005-06:00" level=debug msg="Minute: 0"
time="2024-05-28T18:02:28.488069258-06:00" level=debug msg="Number of Invocations this iteration: 8"
time="2024-05-28T18:02:28.48818058-06:00" level=debug msg="Invoking: cartservice-lg0g2dlpavxbj7xko92c.default.192.168.1.240.sslip.io:80"
time="2024-05-28T18:02:35.989064561-06:00" level=debug msg="Invoking: gptj-python-h3rg7675n8i5gclxt127.default.192.168.1.240.sslip.io:80"
time="2024-05-28T18:02:43.489144599-06:00" level=debug msg="Invoking: gptj-python-h3rg7675n8i5gclxt127.default.192.168.1.240.sslip.io:80"
time="2024-05-28T18:02:50.991891101-06:00" level=debug msg="Invoking: gptj-python-h3rg7675n8i5gclxt127.default.192.168.1.240.sslip.io:80"
time="2024-05-28T18:02:58.496234141-06:00" level=debug msg="Invoking: cartservice-lg0g2dlpavxbj7xko92c.default.192.168.1.240.sslip.io:80"
time="2024-05-28T18:03:05.999948841-06:00" level=debug msg="Invoking: gptj-python-h3rg7675n8i5gclxt127.default.192.168.1.240.sslip.io:80"
time="2024-05-28T18:03:13.503886473-06:00" level=debug msg="Invoking: gptj-python-h3rg7675n8i5gclxt127.default.192.168.1.240.sslip.io:80"
time="2024-05-28T18:03:21.007971307-06:00" level=debug msg="Invoking: gptj-python-h3rg7675n8i5gclxt127.default.192.168.1.240.sslip.io:80"
time="2024-05-28T18:03:28.435855311-06:00" level=debug msg="Minute: 1"
time="2024-05-28T18:03:28.435961477-06:00" level=debug msg="Number of Invocations this iteration: 8"
time="2024-05-28T18:03:28.436051788-06:00" level=debug msg="Invoking: image-rotate-go-6-zbdo17r8vfbbqngriv2s.default.192.168.1.240.sslip.io:80"
time="2024-05-28T18:03:35.93697856-06:00" level=debug msg="Invoking: gptj-python-h3rg7675n8i5gclxt127.default.192.168.1.240.sslip.io:80"
time="2024-05-28T18:03:43.439953557-06:00" level=debug msg="Invoking: gptj-python-h3rg7675n8i5gclxt127.default.192.168.1.240.sslip.io:80"
time="2024-05-28T18:03:50.943968544-06:00" level=debug msg="Invoking: gptj-python-h3rg7675n8i5gclxt127.default.192.168.1.240.sslip.io:80"
time="2024-05-28T18:03:58.447908009-06:00" level=debug msg="Invoking: cartservice-lg0g2dlpavxbj7xko92c.default.192.168.1.240.sslip.io:80"
time="2024-05-28T18:04:05.954014124-06:00" level=debug msg="Invoking: gptj-python-h3rg7675n8i5gclxt127.default.192.168.1.240.sslip.io:80"
time="2024-05-28T18:04:13.459926198-06:00" level=debug msg="Invoking: gptj-python-h3rg7675n8i5gclxt127.default.192.168.1.240.sslip.io:80"
time="2024-05-28T18:04:20.967398979-06:00" level=debug msg="Invoking: gptj-python-h3rg7675n8i5gclxt127.default.192.168.1.240.sslip.io:80"
time="2024-05-28T18:04:28.435903634-06:00" level=debug msg="Minute: 2"
time="2024-05-28T18:04:28.436011343-06:00" level=debug msg="Number of Invocations this iteration: 8"
time="2024-05-28T18:04:28.436092729-06:00" level=debug msg="Invoking: cartservice-lg0g2dlpavxbj7xko92c.default.192.168.1.240.sslip.io:80"
time="2024-05-28T18:04:35.93987451-06:00" level=debug msg="Invoking: gptj-python-h3rg7675n8i5gclxt127.default.192.168.1.240.sslip.io:80"
time="2024-05-28T18:04:43.443891662-06:00" level=debug msg="Invoking: gptj-python-h3rg7675n8i5gclxt127.default.192.168.1.240.sslip.io:80"
time="2024-05-28T18:04:50.947932212-06:00" level=debug msg="Invoking: gptj-python-h3rg7675n8i5gclxt127.default.192.168.1.240.sslip.io:80"
time="2024-05-28T18:04:58.452162317-06:00" level=debug msg="Invoking: cartservice-lg0g2dlpavxbj7xko92c.default.192.168.1.240.sslip.io:80"
time="2024-05-28T18:05:05.956282716-06:00" level=debug msg="Invoking: gptj-python-h3rg7675n8i5gclxt127.default.192.168.1.240.sslip.io:80"
time="2024-05-28T18:05:13.459973792-06:00" level=debug msg="Invoking: gptj-python-h3rg7675n8i5gclxt127.default.192.168.1.240.sslip.io:80"
time="2024-05-28T18:05:20.963934878-06:00" level=debug msg="Invoking: gptj-python-h3rg7675n8i5gclxt127.default.192.168.1.240.sslip.io:80"
time="2024-05-28T18:05:28.435906716-06:00" level=info msg="Warmup Phase Completed"
time="2024-05-28T18:05:28.435982853-06:00" level=info msg="Running Experiment Phase"
time="2024-05-28T18:05:28.436011668-06:00" level=debug msg="Minute: 3"
time="2024-05-28T18:05:28.436055364-06:00" level=debug msg="Number of Invocations this iteration: 8"
time="2024-05-28T18:05:28.436161876-06:00" level=debug msg="Invoking: cartservice-lg0g2dlpavxbj7xko92c.default.192.168.1.240.sslip.io:80"
time="2024-05-28T18:05:28.447953049-06:00" level=debug msg="Invoked cartservice-lg0g2dlpavxbj7xko92c.default.192.168.1.240.sslip.io in 11788 usec\n"
time="2024-05-28T18:05:35.940964129-06:00" level=debug msg="Invoking: gptj-python-h3rg7675n8i5gclxt127.default.192.168.1.240.sslip.io:80"
time="2024-05-28T18:05:35.951475315-06:00" level=debug msg="Invoked gptj-python-h3rg7675n8i5gclxt127.default.192.168.1.240.sslip.io in 10514 usec\n"
time="2024-05-28T18:05:43.443952966-06:00" level=debug msg="Invoking: gptj-python-h3rg7675n8i5gclxt127.default.192.168.1.240.sslip.io:80"
time="2024-05-28T18:05:43.454137025-06:00" level=debug msg="Invoked gptj-python-h3rg7675n8i5gclxt127.default.192.168.1.240.sslip.io in 10192 usec\n"
time="2024-05-28T18:05:50.947905658-06:00" level=debug msg="Invoking: gptj-python-h3rg7675n8i5gclxt127.default.192.168.1.240.sslip.io:80"
time="2024-05-28T18:05:50.958629651-06:00" level=debug msg="Invoked gptj-python-h3rg7675n8i5gclxt127.default.192.168.1.240.sslip.io in 10734 usec\n"
time="2024-05-28T18:05:58.451941321-06:00" level=debug msg="Invoking: cartservice-lg0g2dlpavxbj7xko92c.default.192.168.1.240.sslip.io:80"
time="2024-05-28T18:05:58.46685827-06:00" level=debug msg="Invoked cartservice-lg0g2dlpavxbj7xko92c.default.192.168.1.240.sslip.io in 14918 usec\n"
time="2024-05-28T18:06:05.959090747-06:00" level=debug msg="Invoking: gptj-python-h3rg7675n8i5gclxt127.default.192.168.1.240.sslip.io:80"
time="2024-05-28T18:06:05.968888898-06:00" level=debug msg="Invoked gptj-python-h3rg7675n8i5gclxt127.default.192.168.1.240.sslip.io in 9808 usec\n"
time="2024-05-28T18:06:13.464373085-06:00" level=debug msg="Invoking: gptj-python-h3rg7675n8i5gclxt127.default.192.168.1.240.sslip.io:80"
time="2024-05-28T18:06:13.474380637-06:00" level=debug msg="Invoked gptj-python-h3rg7675n8i5gclxt127.default.192.168.1.240.sslip.io in 10015 usec\n"
time="2024-05-28T18:06:20.965014056-06:00" level=debug msg="Invoking: gptj-python-h3rg7675n8i5gclxt127.default.192.168.1.240.sslip.io:80"
time="2024-05-28T18:06:20.975179085-06:00" level=debug msg="Invoked gptj-python-h3rg7675n8i5gclxt127.default.192.168.1.240.sslip.io in 10169 usec\n"
time="2024-05-28T18:06:28.435850698-06:00" level=debug msg="Minute: 4"
time="2024-05-28T18:06:28.435933481-06:00" level=debug msg="Number of Invocations this iteration: 8"
time="2024-05-28T18:06:28.436016508-06:00" level=debug msg="Invoking: rnn-serving-python-10-10-1ge5kay8a1czr0ox0fvp.default.192.168.1.240.sslip.io:80"
time="2024-05-28T18:06:35.939875395-06:00" level=debug msg="Invoking: gptj-python-h3rg7675n8i5gclxt127.default.192.168.1.240.sslip.io:80"
time="2024-05-28T18:06:35.951401693-06:00" level=debug msg="Invoked gptj-python-h3rg7675n8i5gclxt127.default.192.168.1.240.sslip.io in 11533 usec\n"
time="2024-05-28T18:06:39.228153669-06:00" level=debug msg="Invoked rnn-serving-python-10-10-1ge5kay8a1czr0ox0fvp.default.192.168.1.240.sslip.io in 10792133 usec\n"
time="2024-05-28T18:06:43.440974305-06:00" level=debug msg="Invoking: gptj-python-h3rg7675n8i5gclxt127.default.192.168.1.240.sslip.io:80"
time="2024-05-28T18:06:43.453056242-06:00" level=debug msg="Invoked gptj-python-h3rg7675n8i5gclxt127.default.192.168.1.240.sslip.io in 12111 usec\n"
time="2024-05-28T18:06:50.947882264-06:00" level=debug msg="Invoking: gptj-python-h3rg7675n8i5gclxt127.default.192.168.1.240.sslip.io:80"
time="2024-05-28T18:06:50.958731736-06:00" level=debug msg="Invoked gptj-python-h3rg7675n8i5gclxt127.default.192.168.1.240.sslip.io in 10859 usec\n"
time="2024-05-28T18:06:58.451946139-06:00" level=debug msg="Invoking: cartservice-lg0g2dlpavxbj7xko92c.default.192.168.1.240.sslip.io:80"
time="2024-05-28T18:06:58.464210446-06:00" level=debug msg="Invoked cartservice-lg0g2dlpavxbj7xko92c.default.192.168.1.240.sslip.io in 12270 usec\n"
time="2024-05-28T18:07:05.955919628-06:00" level=debug msg="Invoking: gptj-python-h3rg7675n8i5gclxt127.default.192.168.1.240.sslip.io:80"
time="2024-05-28T18:07:05.966303853-06:00" level=debug msg="Invoked gptj-python-h3rg7675n8i5gclxt127.default.192.168.1.240.sslip.io in 10394 usec\n"
time="2024-05-28T18:07:13.459880207-06:00" level=debug msg="Invoking: gptj-python-h3rg7675n8i5gclxt127.default.192.168.1.240.sslip.io:80"
time="2024-05-28T18:07:13.470168512-06:00" level=debug msg="Invoked gptj-python-h3rg7675n8i5gclxt127.default.192.168.1.240.sslip.io in 10296 usec\n"
time="2024-05-28T18:07:20.963931691-06:00" level=debug msg="Invoking: gptj-python-h3rg7675n8i5gclxt127.default.192.168.1.240.sslip.io:80"
time="2024-05-28T18:07:20.974313639-06:00" level=debug msg="Invoked gptj-python-h3rg7675n8i5gclxt127.default.192.168.1.240.sslip.io in 10392 usec\n"
time="2024-05-28T18:07:28.435944896-06:00" level=debug msg="Minute: 5"
time="2024-05-28T18:07:28.436046654-06:00" level=debug msg="Number of Invocations this iteration: 8"
time="2024-05-28T18:07:28.43614151-06:00" level=debug msg="Invoking: cartservice-lg0g2dlpavxbj7xko92c.default.192.168.1.240.sslip.io:80"
time="2024-05-28T18:07:28.450272352-06:00" level=debug msg="Invoked cartservice-lg0g2dlpavxbj7xko92c.default.192.168.1.240.sslip.io in 14128 usec\n"
time="2024-05-28T18:07:35.939916004-06:00" level=debug msg="Invoking: gptj-python-h3rg7675n8i5gclxt127.default.192.168.1.240.sslip.io:80"
time="2024-05-28T18:07:35.95045327-06:00" level=debug msg="Invoked gptj-python-h3rg7675n8i5gclxt127.default.192.168.1.240.sslip.io in 10570 usec\n"
time="2024-05-28T18:07:43.444773293-06:00" level=debug msg="Invoking: gptj-python-h3rg7675n8i5gclxt127.default.192.168.1.240.sslip.io:80"
time="2024-05-28T18:07:43.455503423-06:00" level=debug msg="Invoked gptj-python-h3rg7675n8i5gclxt127.default.192.168.1.240.sslip.io in 10738 usec\n"
time="2024-05-28T18:07:50.947952505-06:00" level=debug msg="Invoking: gptj-python-h3rg7675n8i5gclxt127.default.192.168.1.240.sslip.io:80"
time="2024-05-28T18:07:50.958018982-06:00" level=debug msg="Invoked gptj-python-h3rg7675n8i5gclxt127.default.192.168.1.240.sslip.io in 10076 usec\n"
time="2024-05-28T18:07:58.452295246-06:00" level=debug msg="Invoking: cartservice-lg0g2dlpavxbj7xko92c.default.192.168.1.240.sslip.io:80"
time="2024-05-28T18:07:58.469115937-06:00" level=debug msg="Invoked cartservice-lg0g2dlpavxbj7xko92c.default.192.168.1.240.sslip.io in 16822 usec\n"
time="2024-05-28T18:08:05.955961591-06:00" level=debug msg="Invoking: gptj-python-h3rg7675n8i5gclxt127.default.192.168.1.240.sslip.io:80"
time="2024-05-28T18:08:05.966632832-06:00" level=debug msg="Invoked gptj-python-h3rg7675n8i5gclxt127.default.192.168.1.240.sslip.io in 10684 usec\n"
time="2024-05-28T18:08:13.459885176-06:00" level=debug msg="Invoking: gptj-python-h3rg7675n8i5gclxt127.default.192.168.1.240.sslip.io:80"
time="2024-05-28T18:08:13.469794779-06:00" level=debug msg="Invoked gptj-python-h3rg7675n8i5gclxt127.default.192.168.1.240.sslip.io in 9918 usec\n"
time="2024-05-28T18:08:20.963887798-06:00" level=debug msg="Invoking: gptj-python-h3rg7675n8i5gclxt127.default.192.168.1.240.sslip.io:80"
time="2024-05-28T18:08:20.974179156-06:00" level=debug msg="Invoked gptj-python-h3rg7675n8i5gclxt127.default.192.168.1.240.sslip.io in 10301 usec\n"
time="2024-05-28T18:08:28.436022067-06:00" level=debug msg="Minute: 6"
time="2024-05-28T18:08:28.436122556-06:00" level=debug msg="Number of Invocations this iteration: 8"
time="2024-05-28T18:08:28.4362113-06:00" level=debug msg="Invoking: image-rotate-go-6-zbdo17r8vfbbqngriv2s.default.192.168.1.240.sslip.io:80"
time="2024-05-28T18:08:35.939943791-06:00" level=debug msg="Invoking: gptj-python-h3rg7675n8i5gclxt127.default.192.168.1.240.sslip.io:80"
time="2024-05-28T18:08:35.950248735-06:00" level=debug msg="Invoked gptj-python-h3rg7675n8i5gclxt127.default.192.168.1.240.sslip.io in 10313 usec\n"
time="2024-05-28T18:08:40.74451808-06:00" level=debug msg="Invoked image-rotate-go-6-zbdo17r8vfbbqngriv2s.default.192.168.1.240.sslip.io in 12308304 usec\n"
time="2024-05-28T18:08:43.440072984-06:00" level=debug msg="Invoking: gptj-python-h3rg7675n8i5gclxt127.default.192.168.1.240.sslip.io:80"
time="2024-05-28T18:08:43.452413225-06:00" level=debug msg="Invoked gptj-python-h3rg7675n8i5gclxt127.default.192.168.1.240.sslip.io in 12347 usec\n"
time="2024-05-28T18:08:50.943884133-06:00" level=debug msg="Invoking: gptj-python-h3rg7675n8i5gclxt127.default.192.168.1.240.sslip.io:80"
time="2024-05-28T18:08:50.954866776-06:00" level=debug msg="Invoked gptj-python-h3rg7675n8i5gclxt127.default.192.168.1.240.sslip.io in 10992 usec\n"
time="2024-05-28T18:08:58.447953681-06:00" level=debug msg="Invoking: cartservice-lg0g2dlpavxbj7xko92c.default.192.168.1.240.sslip.io:80"
time="2024-05-28T18:08:58.461114149-06:00" level=debug msg="Invoked cartservice-lg0g2dlpavxbj7xko92c.default.192.168.1.240.sslip.io in 13168 usec\n"
time="2024-05-28T18:09:05.951936259-06:00" level=debug msg="Invoking: gptj-python-h3rg7675n8i5gclxt127.default.192.168.1.240.sslip.io:80"
time="2024-05-28T18:09:05.962284927-06:00" level=debug msg="Invoked gptj-python-h3rg7675n8i5gclxt127.default.192.168.1.240.sslip.io in 10360 usec\n"
time="2024-05-28T18:09:13.455985372-06:00" level=debug msg="Invoking: gptj-python-h3rg7675n8i5gclxt127.default.192.168.1.240.sslip.io:80"
time="2024-05-28T18:09:13.46656432-06:00" level=debug msg="Invoked gptj-python-h3rg7675n8i5gclxt127.default.192.168.1.240.sslip.io in 10579 usec\n"
time="2024-05-28T18:09:20.962846072-06:00" level=debug msg="Invoking: gptj-python-h3rg7675n8i5gclxt127.default.192.168.1.240.sslip.io:80"
time="2024-05-28T18:09:20.973636117-06:00" level=debug msg="Invoked gptj-python-h3rg7675n8i5gclxt127.default.192.168.1.240.sslip.io in 10792 usec\n"
time="2024-05-28T18:09:28.435993822-06:00" level=debug msg="Minute: 7"
time="2024-05-28T18:09:28.436100144-06:00" level=debug msg="Number of Invocations this iteration: 8"
time="2024-05-28T18:09:28.436200805-06:00" level=debug msg="Invoking: cartservice-lg0g2dlpavxbj7xko92c.default.192.168.1.240.sslip.io:80"
time="2024-05-28T18:09:28.449789674-06:00" level=debug msg="Invoked cartservice-lg0g2dlpavxbj7xko92c.default.192.168.1.240.sslip.io in 13585 usec\n"
time="2024-05-28T18:09:35.941310629-06:00" level=debug msg="Invoking: gptj-python-h3rg7675n8i5gclxt127.default.192.168.1.240.sslip.io:80"
time="2024-05-28T18:09:35.951717269-06:00" level=debug msg="Invoked gptj-python-h3rg7675n8i5gclxt127.default.192.168.1.240.sslip.io in 10419 usec\n"
time="2024-05-28T18:09:43.44795336-06:00" level=debug msg="Invoking: gptj-python-h3rg7675n8i5gclxt127.default.192.168.1.240.sslip.io:80"
time="2024-05-28T18:09:43.458034012-06:00" level=debug msg="Invoked gptj-python-h3rg7675n8i5gclxt127.default.192.168.1.240.sslip.io in 10092 usec\n"
time="2024-05-28T18:09:50.954143847-06:00" level=debug msg="Invoking: gptj-python-h3rg7675n8i5gclxt127.default.192.168.1.240.sslip.io:80"
time="2024-05-28T18:09:50.964608408-06:00" level=debug msg="Invoked gptj-python-h3rg7675n8i5gclxt127.default.192.168.1.240.sslip.io in 10474 usec\n"
time="2024-05-28T18:09:58.456323985-06:00" level=debug msg="Invoking: cartservice-lg0g2dlpavxbj7xko92c.default.192.168.1.240.sslip.io:80"
time="2024-05-28T18:09:58.470482278-06:00" level=debug msg="Invoked cartservice-lg0g2dlpavxbj7xko92c.default.192.168.1.240.sslip.io in 14166 usec\n"
time="2024-05-28T18:10:05.95995284-06:00" level=debug msg="Invoking: gptj-python-h3rg7675n8i5gclxt127.default.192.168.1.240.sslip.io:80"
time="2024-05-28T18:10:05.970589559-06:00" level=debug msg="Invoked gptj-python-h3rg7675n8i5gclxt127.default.192.168.1.240.sslip.io in 10649 usec\n"
time="2024-05-28T18:10:13.463913208-06:00" level=debug msg="Invoking: gptj-python-h3rg7675n8i5gclxt127.default.192.168.1.240.sslip.io:80"
time="2024-05-28T18:10:13.47864623-06:00" level=debug msg="Invoked gptj-python-h3rg7675n8i5gclxt127.default.192.168.1.240.sslip.io in 14766 usec\n"
time="2024-05-28T18:10:20.968465971-06:00" level=debug msg="Invoking: gptj-python-h3rg7675n8i5gclxt127.default.192.168.1.240.sslip.io:80"
time="2024-05-28T18:10:20.978611991-06:00" level=debug msg="Invoked gptj-python-h3rg7675n8i5gclxt127.default.192.168.1.240.sslip.io in 10152 usec\n"
time="2024-05-28T18:10:28.435930152-06:00" level=debug msg="Minute: 8"
time="2024-05-28T18:10:28.436073138-06:00" level=debug msg="Number of Invocations this iteration: 8"
time="2024-05-28T18:10:28.436149068-06:00" level=debug msg="Invoking: cartservice-lg0g2dlpavxbj7xko92c.default.192.168.1.240.sslip.io:80"
time="2024-05-28T18:10:28.448702594-06:00" level=debug msg="Invoked cartservice-lg0g2dlpavxbj7xko92c.default.192.168.1.240.sslip.io in 12551 usec\n"
time="2024-05-28T18:10:35.9422782-06:00" level=debug msg="Invoking: gptj-python-h3rg7675n8i5gclxt127.default.192.168.1.240.sslip.io:80"
time="2024-05-28T18:10:35.952396064-06:00" level=debug msg="Invoked gptj-python-h3rg7675n8i5gclxt127.default.192.168.1.240.sslip.io in 10127 usec\n"
time="2024-05-28T18:10:43.447865581-06:00" level=debug msg="Invoking: gptj-python-h3rg7675n8i5gclxt127.default.192.168.1.240.sslip.io:80"
time="2024-05-28T18:10:43.459191479-06:00" level=debug msg="Invoked gptj-python-h3rg7675n8i5gclxt127.default.192.168.1.240.sslip.io in 11335 usec\n"
time="2024-05-28T18:10:50.951899379-06:00" level=debug msg="Invoking: gptj-python-h3rg7675n8i5gclxt127.default.192.168.1.240.sslip.io:80"
time="2024-05-28T18:10:50.961791622-06:00" level=debug msg="Invoked gptj-python-h3rg7675n8i5gclxt127.default.192.168.1.240.sslip.io in 9900 usec\n"
time="2024-05-28T18:10:58.455865096-06:00" level=debug msg="Invoking: cartservice-lg0g2dlpavxbj7xko92c.default.192.168.1.240.sslip.io:80"
time="2024-05-28T18:10:58.468034286-06:00" level=debug msg="Invoked cartservice-lg0g2dlpavxbj7xko92c.default.192.168.1.240.sslip.io in 12179 usec\n"
time="2024-05-28T18:11:05.959924249-06:00" level=debug msg="Invoking: gptj-python-h3rg7675n8i5gclxt127.default.192.168.1.240.sslip.io:80"
time="2024-05-28T18:11:05.970566443-06:00" level=debug msg="Invoked gptj-python-h3rg7675n8i5gclxt127.default.192.168.1.240.sslip.io in 10651 usec\n"
time="2024-05-28T18:11:13.463894122-06:00" level=debug msg="Invoking: gptj-python-h3rg7675n8i5gclxt127.default.192.168.1.240.sslip.io:80"
time="2024-05-28T18:11:13.474438619-06:00" level=debug msg="Invoked gptj-python-h3rg7675n8i5gclxt127.default.192.168.1.240.sslip.io in 10553 usec\n"
time="2024-05-28T18:11:20.967867158-06:00" level=debug msg="Invoking: gptj-python-h3rg7675n8i5gclxt127.default.192.168.1.240.sslip.io:80"
time="2024-05-28T18:11:20.97812475-06:00" level=debug msg="Invoked gptj-python-h3rg7675n8i5gclxt127.default.192.168.1.240.sslip.io in 10265 usec\n"
time="2024-05-28T18:11:28.435850575-06:00" level=debug msg="Minute: 9"
time="2024-05-28T18:11:28.435905768-06:00" level=debug msg="Number of Invocations this iteration: 8"
time="2024-05-28T18:11:28.435958037-06:00" level=debug msg="Invoking: cartservice-lg0g2dlpavxbj7xko92c.default.192.168.1.240.sslip.io:80"
time="2024-05-28T18:11:28.448910585-06:00" level=debug msg="Invoked cartservice-lg0g2dlpavxbj7xko92c.default.192.168.1.240.sslip.io in 12947 usec\n"
time="2024-05-28T18:11:35.942146393-06:00" level=debug msg="Invoking: gptj-python-h3rg7675n8i5gclxt127.default.192.168.1.240.sslip.io:80"
time="2024-05-28T18:11:35.952785604-06:00" level=debug msg="Invoked gptj-python-h3rg7675n8i5gclxt127.default.192.168.1.240.sslip.io in 10648 usec\n"
time="2024-05-28T18:11:43.447916197-06:00" level=debug msg="Invoking: gptj-python-h3rg7675n8i5gclxt127.default.192.168.1.240.sslip.io:80"
time="2024-05-28T18:11:43.458757668-06:00" level=debug msg="Invoked gptj-python-h3rg7675n8i5gclxt127.default.192.168.1.240.sslip.io in 10850 usec\n"
time="2024-05-28T18:11:50.95194497-06:00" level=debug msg="Invoking: gptj-python-h3rg7675n8i5gclxt127.default.192.168.1.240.sslip.io:80"
time="2024-05-28T18:11:50.962528968-06:00" level=debug msg="Invoked gptj-python-h3rg7675n8i5gclxt127.default.192.168.1.240.sslip.io in 10594 usec\n"
time="2024-05-28T18:11:58.455924302-06:00" level=debug msg="Invoking: cartservice-lg0g2dlpavxbj7xko92c.default.192.168.1.240.sslip.io:80"
time="2024-05-28T18:11:58.472465296-06:00" level=debug msg="Invoked cartservice-lg0g2dlpavxbj7xko92c.default.192.168.1.240.sslip.io in 16575 usec\n"
time="2024-05-28T18:12:05.962842593-06:00" level=debug msg="Invoking: gptj-python-h3rg7675n8i5gclxt127.default.192.168.1.240.sslip.io:80"
time="2024-05-28T18:12:05.973504371-06:00" level=debug msg="Invoked gptj-python-h3rg7675n8i5gclxt127.default.192.168.1.240.sslip.io in 10675 usec\n"
time="2024-05-28T18:12:13.467963634-06:00" level=debug msg="Invoking: gptj-python-h3rg7675n8i5gclxt127.default.192.168.1.240.sslip.io:80"
time="2024-05-28T18:12:13.478698297-06:00" level=debug msg="Invoked gptj-python-h3rg7675n8i5gclxt127.default.192.168.1.240.sslip.io in 10752 usec\n"
time="2024-05-28T18:12:20.971928595-06:00" level=debug msg="Invoking: gptj-python-h3rg7675n8i5gclxt127.default.192.168.1.240.sslip.io:80"
time="2024-05-28T18:12:20.982531073-06:00" level=debug msg="Invoked gptj-python-h3rg7675n8i5gclxt127.default.192.168.1.240.sslip.io in 10611 usec\n"
time="2024-05-28T18:12:28.435869177-06:00" level=debug msg="Minute: 10"
time="2024-05-28T18:12:28.436011018-06:00" level=debug msg="Number of Invocations this iteration: 8"
time="2024-05-28T18:12:28.436097185-06:00" level=debug msg="Invoking: rnn-serving-python-10-10-1ge5kay8a1czr0ox0fvp.default.192.168.1.240.sslip.io:80"
time="2024-05-28T18:12:35.9399568-06:00" level=debug msg="Invoking: gptj-python-h3rg7675n8i5gclxt127.default.192.168.1.240.sslip.io:80"
time="2024-05-28T18:12:35.949953298-06:00" level=debug msg="Invoked gptj-python-h3rg7675n8i5gclxt127.default.192.168.1.240.sslip.io in 10010 usec\n"
time="2024-05-28T18:12:39.184254077-06:00" level=debug msg="Invoked rnn-serving-python-10-10-1ge5kay8a1czr0ox0fvp.default.192.168.1.240.sslip.io in 10748152 usec\n"
time="2024-05-28T18:12:43.443889347-06:00" level=debug msg="Invoking: gptj-python-h3rg7675n8i5gclxt127.default.192.168.1.240.sslip.io:80"
time="2024-05-28T18:12:43.454383823-06:00" level=debug msg="Invoked gptj-python-h3rg7675n8i5gclxt127.default.192.168.1.240.sslip.io in 10504 usec\n"
time="2024-05-28T18:12:50.948317993-06:00" level=debug msg="Invoking: gptj-python-h3rg7675n8i5gclxt127.default.192.168.1.240.sslip.io:80"
time="2024-05-28T18:12:50.958595261-06:00" level=debug msg="Invoked gptj-python-h3rg7675n8i5gclxt127.default.192.168.1.240.sslip.io in 10293 usec\n"
time="2024-05-28T18:12:58.45194263-06:00" level=debug msg="Invoking: cartservice-lg0g2dlpavxbj7xko92c.default.192.168.1.240.sslip.io:80"
time="2024-05-28T18:12:58.462598622-06:00" level=debug msg="Invoked cartservice-lg0g2dlpavxbj7xko92c.default.192.168.1.240.sslip.io in 10670 usec\n"
time="2024-05-28T18:13:05.959020652-06:00" level=debug msg="Invoking: gptj-python-h3rg7675n8i5gclxt127.default.192.168.1.240.sslip.io:80"
time="2024-05-28T18:13:05.970684255-06:00" level=debug msg="Invoked gptj-python-h3rg7675n8i5gclxt127.default.192.168.1.240.sslip.io in 11722 usec\n"
time="2024-05-28T18:13:13.463901237-06:00" level=debug msg="Invoking: gptj-python-h3rg7675n8i5gclxt127.default.192.168.1.240.sslip.io:80"
time="2024-05-28T18:13:13.474053382-06:00" level=debug msg="Invoked gptj-python-h3rg7675n8i5gclxt127.default.192.168.1.240.sslip.io in 10166 usec\n"
time="2024-05-28T18:13:20.970336929-06:00" level=debug msg="Invoking: gptj-python-h3rg7675n8i5gclxt127.default.192.168.1.240.sslip.io:80"
time="2024-05-28T18:13:20.98059234-06:00" level=debug msg="Invoked gptj-python-h3rg7675n8i5gclxt127.default.192.168.1.240.sslip.io in 10271 usec\n"
time="2024-05-28T18:13:28.436288081-06:00" level=debug msg="Minute: 11"
time="2024-05-28T18:13:28.436398226-06:00" level=debug msg="Number of Invocations this iteration: 8"
time="2024-05-28T18:13:28.436498798-06:00" level=debug msg="Invoking: image-rotate-go-6-zbdo17r8vfbbqngriv2s.default.192.168.1.240.sslip.io:80"
time="2024-05-28T18:13:35.939892436-06:00" level=debug msg="Invoking: gptj-python-h3rg7675n8i5gclxt127.default.192.168.1.240.sslip.io:80"
time="2024-05-28T18:13:35.949748608-06:00" level=debug msg="Invoked gptj-python-h3rg7675n8i5gclxt127.default.192.168.1.240.sslip.io in 9862 usec\n"
time="2024-05-28T18:13:40.643956999-06:00" level=debug msg="Invoked image-rotate-go-6-zbdo17r8vfbbqngriv2s.default.192.168.1.240.sslip.io in 12207455 usec\n"
time="2024-05-28T18:13:43.44104548-06:00" level=debug msg="Invoking: gptj-python-h3rg7675n8i5gclxt127.default.192.168.1.240.sslip.io:80"
time="2024-05-28T18:13:43.451388684-06:00" level=debug msg="Invoked gptj-python-h3rg7675n8i5gclxt127.default.192.168.1.240.sslip.io in 10421 usec\n"
time="2024-05-28T18:13:50.947645345-06:00" level=debug msg="Invoking: gptj-python-h3rg7675n8i5gclxt127.default.192.168.1.240.sslip.io:80"
time="2024-05-28T18:13:50.958620875-06:00" level=debug msg="Invoked gptj-python-h3rg7675n8i5gclxt127.default.192.168.1.240.sslip.io in 10983 usec\n"
time="2024-05-28T18:13:58.451915817-06:00" level=debug msg="Invoking: cartservice-lg0g2dlpavxbj7xko92c.default.192.168.1.240.sslip.io:80"
time="2024-05-28T18:13:58.467751174-06:00" level=debug msg="Invoked cartservice-lg0g2dlpavxbj7xko92c.default.192.168.1.240.sslip.io in 15840 usec\n"
time="2024-05-28T18:14:05.955871401-06:00" level=debug msg="Invoking: gptj-python-h3rg7675n8i5gclxt127.default.192.168.1.240.sslip.io:80"
time="2024-05-28T18:14:05.96602442-06:00" level=debug msg="Invoked gptj-python-h3rg7675n8i5gclxt127.default.192.168.1.240.sslip.io in 10157 usec\n"
time="2024-05-28T18:14:13.455945462-06:00" level=debug msg="Invoking: gptj-python-h3rg7675n8i5gclxt127.default.192.168.1.240.sslip.io:80"
time="2024-05-28T18:14:13.466228507-06:00" level=debug msg="Invoked gptj-python-h3rg7675n8i5gclxt127.default.192.168.1.240.sslip.io in 10293 usec\n"
time="2024-05-28T18:14:20.959942472-06:00" level=debug msg="Invoking: gptj-python-h3rg7675n8i5gclxt127.default.192.168.1.240.sslip.io:80"
time="2024-05-28T18:14:20.970515635-06:00" level=debug msg="Invoked gptj-python-h3rg7675n8i5gclxt127.default.192.168.1.240.sslip.io in 10587 usec\n"
time="2024-05-28T18:14:28.43594583-06:00" level=debug msg="Minute: 12"
time="2024-05-28T18:14:28.436099037-06:00" level=debug msg="Number of Invocations this iteration: 8"
time="2024-05-28T18:14:28.436186392-06:00" level=debug msg="Invoking: cartservice-lg0g2dlpavxbj7xko92c.default.192.168.1.240.sslip.io:80"
time="2024-05-28T18:14:28.449313742-06:00" level=debug msg="Invoked cartservice-lg0g2dlpavxbj7xko92c.default.192.168.1.240.sslip.io in 13123 usec\n"
time="2024-05-28T18:14:35.939886149-06:00" level=debug msg="Invoking: gptj-python-h3rg7675n8i5gclxt127.default.192.168.1.240.sslip.io:80"
time="2024-05-28T18:14:35.95061718-06:00" level=debug msg="Invoked gptj-python-h3rg7675n8i5gclxt127.default.192.168.1.240.sslip.io in 10741 usec\n"
time="2024-05-28T18:14:43.443958067-06:00" level=debug msg="Invoking: gptj-python-h3rg7675n8i5gclxt127.default.192.168.1.240.sslip.io:80"
time="2024-05-28T18:14:43.454597577-06:00" level=debug msg="Invoked gptj-python-h3rg7675n8i5gclxt127.default.192.168.1.240.sslip.io in 10651 usec\n"
time="2024-05-28T18:14:50.947911424-06:00" level=debug msg="Invoking: gptj-python-h3rg7675n8i5gclxt127.default.192.168.1.240.sslip.io:80"
time="2024-05-28T18:14:50.958218955-06:00" level=debug msg="Invoked gptj-python-h3rg7675n8i5gclxt127.default.192.168.1.240.sslip.io in 10325 usec\n"
time="2024-05-28T18:14:58.451941452-06:00" level=debug msg="Invoking: cartservice-lg0g2dlpavxbj7xko92c.default.192.168.1.240.sslip.io:80"
time="2024-05-28T18:14:58.462910141-06:00" level=debug msg="Invoked cartservice-lg0g2dlpavxbj7xko92c.default.192.168.1.240.sslip.io in 10977 usec\n"
time="2024-05-28T18:15:05.955958306-06:00" level=debug msg="Invoking: gptj-python-h3rg7675n8i5gclxt127.default.192.168.1.240.sslip.io:80"
time="2024-05-28T18:15:05.966776277-06:00" level=debug msg="Invoked gptj-python-h3rg7675n8i5gclxt127.default.192.168.1.240.sslip.io in 10830 usec\n"
time="2024-05-28T18:15:13.460750873-06:00" level=debug msg="Invoking: gptj-python-h3rg7675n8i5gclxt127.default.192.168.1.240.sslip.io:80"
time="2024-05-28T18:15:13.470370082-06:00" level=debug msg="Invoked gptj-python-h3rg7675n8i5gclxt127.default.192.168.1.240.sslip.io in 9630 usec\n"
time="2024-05-28T18:15:20.966271073-06:00" level=debug msg="Invoking: gptj-python-h3rg7675n8i5gclxt127.default.192.168.1.240.sslip.io:80"
time="2024-05-28T18:15:20.976606042-06:00" level=debug msg="Invoked gptj-python-h3rg7675n8i5gclxt127.default.192.168.1.240.sslip.io in 10347 usec\n"
time="2024-05-28T18:15:28.436250392-06:00" level=debug msg="Minute: 13"
time="2024-05-28T18:15:28.43638076-06:00" level=debug msg="Number of Invocations this iteration: 8"
time="2024-05-28T18:15:28.436477806-06:00" level=debug msg="Invoking: cartservice-lg0g2dlpavxbj7xko92c.default.192.168.1.240.sslip.io:80"
time="2024-05-28T18:15:28.449665475-06:00" level=debug msg="Invoked cartservice-lg0g2dlpavxbj7xko92c.default.192.168.1.240.sslip.io in 13186 usec\n"
time="2024-05-28T18:15:35.943948746-06:00" level=debug msg="Invoking: gptj-python-h3rg7675n8i5gclxt127.default.192.168.1.240.sslip.io:80"
time="2024-05-28T18:15:35.954555269-06:00" level=debug msg="Invoked gptj-python-h3rg7675n8i5gclxt127.default.192.168.1.240.sslip.io in 10618 usec\n"
time="2024-05-28T18:15:43.448038316-06:00" level=debug msg="Invoking: gptj-python-h3rg7675n8i5gclxt127.default.192.168.1.240.sslip.io:80"
time="2024-05-28T18:15:43.458430716-06:00" level=debug msg="Invoked gptj-python-h3rg7675n8i5gclxt127.default.192.168.1.240.sslip.io in 10401 usec\n"
time="2024-05-28T18:15:50.951930229-06:00" level=debug msg="Invoking: gptj-python-h3rg7675n8i5gclxt127.default.192.168.1.240.sslip.io:80"
time="2024-05-28T18:15:50.962801327-06:00" level=debug msg="Invoked gptj-python-h3rg7675n8i5gclxt127.default.192.168.1.240.sslip.io in 10880 usec\n"
time="2024-05-28T18:15:58.455940679-06:00" level=debug msg="Invoking: cartservice-lg0g2dlpavxbj7xko92c.default.192.168.1.240.sslip.io:80"
time="2024-05-28T18:15:58.468698151-06:00" level=debug msg="Invoked cartservice-lg0g2dlpavxbj7xko92c.default.192.168.1.240.sslip.io in 12759 usec\n"
time="2024-05-28T18:16:05.956615642-06:00" level=debug msg="Invoking: gptj-python-h3rg7675n8i5gclxt127.default.192.168.1.240.sslip.io:80"
time="2024-05-28T18:16:05.966509975-06:00" level=debug msg="Invoked gptj-python-h3rg7675n8i5gclxt127.default.192.168.1.240.sslip.io in 9914 usec\n"
time="2024-05-28T18:16:13.462372635-06:00" level=debug msg="Invoking: gptj-python-h3rg7675n8i5gclxt127.default.192.168.1.240.sslip.io:80"
time="2024-05-28T18:16:13.473010723-06:00" level=debug msg="Invoked gptj-python-h3rg7675n8i5gclxt127.default.192.168.1.240.sslip.io in 10649 usec\n"
time="2024-05-28T18:16:20.96788677-06:00" level=debug msg="Invoking: gptj-python-h3rg7675n8i5gclxt127.default.192.168.1.240.sslip.io:80"
time="2024-05-28T18:16:20.977439186-06:00" level=debug msg="Invoked gptj-python-h3rg7675n8i5gclxt127.default.192.168.1.240.sslip.io in 9565 usec\n"
time="2024-05-28T18:16:28.435957002-06:00" level=info msg="Experiment Phase Completed"
time="2024-05-28T18:16:28.436093312-06:00" level=info msg="Issued / completed requests: 112, 112"
time="2024-05-28T18:16:28.43613046-06:00" level=info msg="Average Real RPS: 0.13 "
time="2024-05-28T18:16:28.43615806-06:00" level=info msg="Experiment finished!"
time="2024-05-28T18:16:28.436185142-06:00" level=info msg="The measured latencies are saved in rps_lat.csv"
