time="2024-05-28T17:30:18.736155555-06:00" level=debug msg="Debug logging is enabled"
time="2024-05-28T17:30:18.736312734-06:00" level=info msg="Reading the trace endpoints from the file: /users/ArunAMS/vSwarm/tools/load-generator/load.json"
time="2024-05-28T17:30:18.737578519-06:00" level=info msg="Warmup Duration: 3"
time="2024-05-28T17:30:18.73760157-06:00" level=info msg="Experiment Duration: 11"
time="2024-05-28T17:30:18.737619884-06:00" level=info msg="Minute Granularity: true"
time="2024-05-28T17:31:18.795866306-06:00" level=info msg="Running Warmup Phase"
time="2024-05-28T17:31:18.79596789-06:00" level=debug msg="Minute: 0"
time="2024-05-28T17:31:18.796061869-06:00" level=debug msg="Number of Invocations this iteration: 8"
time="2024-05-28T17:31:18.79617399-06:00" level=debug msg="Invoking: cartservice-lg0g2dlpavxbj7xko92c.default.192.168.1.240.sslip.io:80"
time="2024-05-28T17:31:26.299843914-06:00" level=debug msg="Invoking: gptj-python-h3rg7675n8i5gclxt127.default.192.168.1.240.sslip.io:80"
time="2024-05-28T17:31:33.804091253-06:00" level=debug msg="Invoking: gptj-python-h3rg7675n8i5gclxt127.default.192.168.1.240.sslip.io:80"
time="2024-05-28T17:31:41.310145219-06:00" level=debug msg="Invoking: gptj-python-h3rg7675n8i5gclxt127.default.192.168.1.240.sslip.io:80"
time="2024-05-28T17:31:48.816226277-06:00" level=debug msg="Invoking: cartservice-lg0g2dlpavxbj7xko92c.default.192.168.1.240.sslip.io:80"
time="2024-05-28T17:31:56.319856265-06:00" level=debug msg="Invoking: gptj-python-h3rg7675n8i5gclxt127.default.192.168.1.240.sslip.io:80"
time="2024-05-28T17:32:03.823897172-06:00" level=debug msg="Invoking: gptj-python-h3rg7675n8i5gclxt127.default.192.168.1.240.sslip.io:80"
time="2024-05-28T17:32:11.330441356-06:00" level=debug msg="Invoking: gptj-python-h3rg7675n8i5gclxt127.default.192.168.1.240.sslip.io:80"
time="2024-05-28T17:32:18.743870059-06:00" level=debug msg="Minute: 1"
time="2024-05-28T17:32:18.743977132-06:00" level=debug msg="Number of Invocations this iteration: 8"
time="2024-05-28T17:32:18.744073275-06:00" level=debug msg="Invoking: image-rotate-go-6-zbdo17r8vfbbqngriv2s.default.192.168.1.240.sslip.io:80"
time="2024-05-28T17:32:26.24429378-06:00" level=debug msg="Invoking: gptj-python-h3rg7675n8i5gclxt127.default.192.168.1.240.sslip.io:80"
time="2024-05-28T17:32:33.745659318-06:00" level=debug msg="Invoking: gptj-python-h3rg7675n8i5gclxt127.default.192.168.1.240.sslip.io:80"
time="2024-05-28T17:32:41.251878919-06:00" level=debug msg="Invoking: gptj-python-h3rg7675n8i5gclxt127.default.192.168.1.240.sslip.io:80"
time="2024-05-28T17:32:48.755954775-06:00" level=debug msg="Invoking: cartservice-lg0g2dlpavxbj7xko92c.default.192.168.1.240.sslip.io:80"
time="2024-05-28T17:32:56.259918224-06:00" level=debug msg="Invoking: gptj-python-h3rg7675n8i5gclxt127.default.192.168.1.240.sslip.io:80"
time="2024-05-28T17:33:03.763973171-06:00" level=debug msg="Invoking: gptj-python-h3rg7675n8i5gclxt127.default.192.168.1.240.sslip.io:80"
time="2024-05-28T17:33:11.266226001-06:00" level=debug msg="Invoking: gptj-python-h3rg7675n8i5gclxt127.default.192.168.1.240.sslip.io:80"
time="2024-05-28T17:33:18.743838659-06:00" level=debug msg="Minute: 2"
time="2024-05-28T17:33:18.743892688-06:00" level=debug msg="Number of Invocations this iteration: 8"
time="2024-05-28T17:33:18.74394214-06:00" level=debug msg="Invoking: cartservice-lg0g2dlpavxbj7xko92c.default.192.168.1.240.sslip.io:80"
time="2024-05-28T17:33:26.247893072-06:00" level=debug msg="Invoking: gptj-python-h3rg7675n8i5gclxt127.default.192.168.1.240.sslip.io:80"
time="2024-05-28T17:33:33.751930526-06:00" level=debug msg="Invoking: gptj-python-h3rg7675n8i5gclxt127.default.192.168.1.240.sslip.io:80"
time="2024-05-28T17:33:41.255907738-06:00" level=debug msg="Invoking: gptj-python-h3rg7675n8i5gclxt127.default.192.168.1.240.sslip.io:80"
time="2024-05-28T17:33:48.760388855-06:00" level=debug msg="Invoking: cartservice-lg0g2dlpavxbj7xko92c.default.192.168.1.240.sslip.io:80"
time="2024-05-28T17:33:56.263856648-06:00" level=debug msg="Invoking: gptj-python-h3rg7675n8i5gclxt127.default.192.168.1.240.sslip.io:80"
time="2024-05-28T17:34:03.767876251-06:00" level=debug msg="Invoking: gptj-python-h3rg7675n8i5gclxt127.default.192.168.1.240.sslip.io:80"
time="2024-05-28T17:34:11.274072407-06:00" level=debug msg="Invoking: gptj-python-h3rg7675n8i5gclxt127.default.192.168.1.240.sslip.io:80"
time="2024-05-28T17:34:18.743877401-06:00" level=info msg="Warmup Phase Completed"
time="2024-05-28T17:34:18.743957837-06:00" level=info msg="Running Experiment Phase"
time="2024-05-28T17:34:18.743985548-06:00" level=debug msg="Minute: 3"
time="2024-05-28T17:34:18.744032358-06:00" level=debug msg="Number of Invocations this iteration: 8"
time="2024-05-28T17:34:18.744177894-06:00" level=debug msg="Invoking: cartservice-lg0g2dlpavxbj7xko92c.default.192.168.1.240.sslip.io:80"
time="2024-05-28T17:34:18.763057558-06:00" level=debug msg="Invoked cartservice-lg0g2dlpavxbj7xko92c.default.192.168.1.240.sslip.io in 18858 usec\n"
time="2024-05-28T17:34:26.244375612-06:00" level=debug msg="Invoking: gptj-python-h3rg7675n8i5gclxt127.default.192.168.1.240.sslip.io:80"
time="2024-05-28T17:34:26.253715538-06:00" level=debug msg="Invoked gptj-python-h3rg7675n8i5gclxt127.default.192.168.1.240.sslip.io in 9391 usec\n"
time="2024-05-28T17:34:33.747947099-06:00" level=debug msg="Invoking: gptj-python-h3rg7675n8i5gclxt127.default.192.168.1.240.sslip.io:80"
time="2024-05-28T17:34:33.758490557-06:00" level=debug msg="Invoked gptj-python-h3rg7675n8i5gclxt127.default.192.168.1.240.sslip.io in 10550 usec\n"
time="2024-05-28T17:34:41.251880657-06:00" level=debug msg="Invoking: gptj-python-h3rg7675n8i5gclxt127.default.192.168.1.240.sslip.io:80"
time="2024-05-28T17:34:41.262072658-06:00" level=debug msg="Invoked gptj-python-h3rg7675n8i5gclxt127.default.192.168.1.240.sslip.io in 10204 usec\n"
time="2024-05-28T17:34:48.755894867-06:00" level=debug msg="Invoking: cartservice-lg0g2dlpavxbj7xko92c.default.192.168.1.240.sslip.io:80"
time="2024-05-28T17:34:48.768758031-06:00" level=debug msg="Invoked cartservice-lg0g2dlpavxbj7xko92c.default.192.168.1.240.sslip.io in 12874 usec\n"
time="2024-05-28T17:34:56.259892803-06:00" level=debug msg="Invoking: gptj-python-h3rg7675n8i5gclxt127.default.192.168.1.240.sslip.io:80"
time="2024-05-28T17:34:56.271141765-06:00" level=debug msg="Invoked gptj-python-h3rg7675n8i5gclxt127.default.192.168.1.240.sslip.io in 11263 usec\n"
time="2024-05-28T17:35:03.763879247-06:00" level=debug msg="Invoking: gptj-python-h3rg7675n8i5gclxt127.default.192.168.1.240.sslip.io:80"
time="2024-05-28T17:35:03.774474345-06:00" level=debug msg="Invoked gptj-python-h3rg7675n8i5gclxt127.default.192.168.1.240.sslip.io in 10601 usec\n"
time="2024-05-28T17:35:11.267906041-06:00" level=debug msg="Invoking: gptj-python-h3rg7675n8i5gclxt127.default.192.168.1.240.sslip.io:80"
time="2024-05-28T17:35:11.277647757-06:00" level=debug msg="Invoked gptj-python-h3rg7675n8i5gclxt127.default.192.168.1.240.sslip.io in 9776 usec\n"
time="2024-05-28T17:35:18.743921037-06:00" level=debug msg="Minute: 4"
time="2024-05-28T17:35:18.74401813-06:00" level=debug msg="Number of Invocations this iteration: 8"
time="2024-05-28T17:35:18.744096086-06:00" level=debug msg="Invoking: rnn-serving-python-10-10-1ge5kay8a1czr0ox0fvp.default.192.168.1.240.sslip.io:80"
time="2024-05-28T17:35:26.247910248-06:00" level=debug msg="Invoking: gptj-python-h3rg7675n8i5gclxt127.default.192.168.1.240.sslip.io:80"
time="2024-05-28T17:35:26.259304816-06:00" level=debug msg="Invoked gptj-python-h3rg7675n8i5gclxt127.default.192.168.1.240.sslip.io in 11405 usec\n"
time="2024-05-28T17:35:29.391630824-06:00" level=debug msg="Invoked rnn-serving-python-10-10-1ge5kay8a1czr0ox0fvp.default.192.168.1.240.sslip.io in 10647536 usec\n"
time="2024-05-28T17:35:33.751922166-06:00" level=debug msg="Invoking: gptj-python-h3rg7675n8i5gclxt127.default.192.168.1.240.sslip.io:80"
time="2024-05-28T17:35:33.76285276-06:00" level=debug msg="Invoked gptj-python-h3rg7675n8i5gclxt127.default.192.168.1.240.sslip.io in 10944 usec\n"
time="2024-05-28T17:35:41.255874741-06:00" level=debug msg="Invoking: gptj-python-h3rg7675n8i5gclxt127.default.192.168.1.240.sslip.io:80"
time="2024-05-28T17:35:41.265318377-06:00" level=debug msg="Invoked gptj-python-h3rg7675n8i5gclxt127.default.192.168.1.240.sslip.io in 9453 usec\n"
time="2024-05-28T17:35:48.759891753-06:00" level=debug msg="Invoking: cartservice-lg0g2dlpavxbj7xko92c.default.192.168.1.240.sslip.io:80"
time="2024-05-28T17:35:48.771994405-06:00" level=debug msg="Invoked cartservice-lg0g2dlpavxbj7xko92c.default.192.168.1.240.sslip.io in 12115 usec\n"
time="2024-05-28T17:35:56.266168625-06:00" level=debug msg="Invoking: gptj-python-h3rg7675n8i5gclxt127.default.192.168.1.240.sslip.io:80"
time="2024-05-28T17:35:56.279696913-06:00" level=debug msg="Invoked gptj-python-h3rg7675n8i5gclxt127.default.192.168.1.240.sslip.io in 13527 usec\n"
time="2024-05-28T17:36:03.77190112-06:00" level=debug msg="Invoking: gptj-python-h3rg7675n8i5gclxt127.default.192.168.1.240.sslip.io:80"
time="2024-05-28T17:36:03.782332815-06:00" level=debug msg="Invoked gptj-python-h3rg7675n8i5gclxt127.default.192.168.1.240.sslip.io in 10443 usec\n"
time="2024-05-28T17:36:11.277088264-06:00" level=debug msg="Invoking: gptj-python-h3rg7675n8i5gclxt127.default.192.168.1.240.sslip.io:80"
time="2024-05-28T17:36:11.287998903-06:00" level=debug msg="Invoked gptj-python-h3rg7675n8i5gclxt127.default.192.168.1.240.sslip.io in 10926 usec\n"
time="2024-05-28T17:36:18.743872073-06:00" level=debug msg="Minute: 5"
time="2024-05-28T17:36:18.743996075-06:00" level=debug msg="Number of Invocations this iteration: 8"
time="2024-05-28T17:36:18.74411293-06:00" level=debug msg="Invoking: cartservice-lg0g2dlpavxbj7xko92c.default.192.168.1.240.sslip.io:80"
time="2024-05-28T17:36:18.757091226-06:00" level=debug msg="Invoked cartservice-lg0g2dlpavxbj7xko92c.default.192.168.1.240.sslip.io in 12976 usec\n"
time="2024-05-28T17:36:26.244976182-06:00" level=debug msg="Invoking: gptj-python-h3rg7675n8i5gclxt127.default.192.168.1.240.sslip.io:80"
time="2024-05-28T17:36:26.256469178-06:00" level=debug msg="Invoked gptj-python-h3rg7675n8i5gclxt127.default.192.168.1.240.sslip.io in 11582 usec\n"
time="2024-05-28T17:36:33.747892966-06:00" level=debug msg="Invoking: gptj-python-h3rg7675n8i5gclxt127.default.192.168.1.240.sslip.io:80"
time="2024-05-28T17:36:33.759390667-06:00" level=debug msg="Invoked gptj-python-h3rg7675n8i5gclxt127.default.192.168.1.240.sslip.io in 11512 usec\n"
time="2024-05-28T17:36:41.251925965-06:00" level=debug msg="Invoking: gptj-python-h3rg7675n8i5gclxt127.default.192.168.1.240.sslip.io:80"
time="2024-05-28T17:36:41.262572537-06:00" level=debug msg="Invoked gptj-python-h3rg7675n8i5gclxt127.default.192.168.1.240.sslip.io in 10654 usec\n"
time="2024-05-28T17:36:48.755878006-06:00" level=debug msg="Invoking: cartservice-lg0g2dlpavxbj7xko92c.default.192.168.1.240.sslip.io:80"
time="2024-05-28T17:36:48.768408123-06:00" level=debug msg="Invoked cartservice-lg0g2dlpavxbj7xko92c.default.192.168.1.240.sslip.io in 12540 usec\n"
time="2024-05-28T17:36:56.262753211-06:00" level=debug msg="Invoking: gptj-python-h3rg7675n8i5gclxt127.default.192.168.1.240.sslip.io:80"
time="2024-05-28T17:36:56.273200782-06:00" level=debug msg="Invoked gptj-python-h3rg7675n8i5gclxt127.default.192.168.1.240.sslip.io in 10458 usec\n"
time="2024-05-28T17:37:03.767894475-06:00" level=debug msg="Invoking: gptj-python-h3rg7675n8i5gclxt127.default.192.168.1.240.sslip.io:80"
time="2024-05-28T17:37:03.777749014-06:00" level=debug msg="Invoked gptj-python-h3rg7675n8i5gclxt127.default.192.168.1.240.sslip.io in 9866 usec\n"
time="2024-05-28T17:37:11.271873303-06:00" level=debug msg="Invoking: gptj-python-h3rg7675n8i5gclxt127.default.192.168.1.240.sslip.io:80"
time="2024-05-28T17:37:11.281684882-06:00" level=debug msg="Invoked gptj-python-h3rg7675n8i5gclxt127.default.192.168.1.240.sslip.io in 9824 usec\n"
time="2024-05-28T17:37:18.744988258-06:00" level=debug msg="Minute: 6"
time="2024-05-28T17:37:18.74508032-06:00" level=debug msg="Number of Invocations this iteration: 8"
time="2024-05-28T17:37:18.745156922-06:00" level=debug msg="Invoking: image-rotate-go-6-zbdo17r8vfbbqngriv2s.default.192.168.1.240.sslip.io:80"
time="2024-05-28T17:37:26.25188601-06:00" level=debug msg="Invoking: gptj-python-h3rg7675n8i5gclxt127.default.192.168.1.240.sslip.io:80"
time="2024-05-28T17:37:26.261768599-06:00" level=debug msg="Invoked gptj-python-h3rg7675n8i5gclxt127.default.192.168.1.240.sslip.io in 9894 usec\n"
time="2024-05-28T17:37:33.756730741-06:00" level=debug msg="Invoking: gptj-python-h3rg7675n8i5gclxt127.default.192.168.1.240.sslip.io:80"
time="2024-05-28T17:37:33.76852447-06:00" level=debug msg="Invoked gptj-python-h3rg7675n8i5gclxt127.default.192.168.1.240.sslip.io in 11804 usec\n"
time="2024-05-28T17:37:40.944467972-06:00" level=debug msg="Invoked image-rotate-go-6-zbdo17r8vfbbqngriv2s.default.192.168.1.240.sslip.io in 22199305 usec\n"
time="2024-05-28T17:37:41.257718309-06:00" level=debug msg="Invoking: gptj-python-h3rg7675n8i5gclxt127.default.192.168.1.240.sslip.io:80"
time="2024-05-28T17:37:41.26787912-06:00" level=debug msg="Invoked gptj-python-h3rg7675n8i5gclxt127.default.192.168.1.240.sslip.io in 10197 usec\n"
time="2024-05-28T17:37:48.763862944-06:00" level=debug msg="Invoking: cartservice-lg0g2dlpavxbj7xko92c.default.192.168.1.240.sslip.io:80"
time="2024-05-28T17:37:48.774968167-06:00" level=debug msg="Invoked cartservice-lg0g2dlpavxbj7xko92c.default.192.168.1.240.sslip.io in 11112 usec\n"
time="2024-05-28T17:37:56.267921997-06:00" level=debug msg="Invoking: gptj-python-h3rg7675n8i5gclxt127.default.192.168.1.240.sslip.io:80"
time="2024-05-28T17:37:56.278609722-06:00" level=debug msg="Invoked gptj-python-h3rg7675n8i5gclxt127.default.192.168.1.240.sslip.io in 10696 usec\n"
time="2024-05-28T17:38:03.771920815-06:00" level=debug msg="Invoking: gptj-python-h3rg7675n8i5gclxt127.default.192.168.1.240.sslip.io:80"
time="2024-05-28T17:38:03.782059205-06:00" level=debug msg="Invoked gptj-python-h3rg7675n8i5gclxt127.default.192.168.1.240.sslip.io in 10148 usec\n"
time="2024-05-28T17:38:11.275960234-06:00" level=debug msg="Invoking: gptj-python-h3rg7675n8i5gclxt127.default.192.168.1.240.sslip.io:80"
time="2024-05-28T17:38:11.287914988-06:00" level=debug msg="Invoked gptj-python-h3rg7675n8i5gclxt127.default.192.168.1.240.sslip.io in 11967 usec\n"
time="2024-05-28T17:38:18.743914387-06:00" level=debug msg="Minute: 7"
time="2024-05-28T17:38:18.744025875-06:00" level=debug msg="Number of Invocations this iteration: 8"
time="2024-05-28T17:38:18.744118675-06:00" level=debug msg="Invoking: cartservice-lg0g2dlpavxbj7xko92c.default.192.168.1.240.sslip.io:80"
time="2024-05-28T17:38:18.75888889-06:00" level=debug msg="Invoked cartservice-lg0g2dlpavxbj7xko92c.default.192.168.1.240.sslip.io in 14766 usec\n"
time="2024-05-28T17:38:26.246358731-06:00" level=debug msg="Invoking: gptj-python-h3rg7675n8i5gclxt127.default.192.168.1.240.sslip.io:80"
time="2024-05-28T17:38:26.256967286-06:00" level=debug msg="Invoked gptj-python-h3rg7675n8i5gclxt127.default.192.168.1.240.sslip.io in 10711 usec\n"
time="2024-05-28T17:38:33.751945425-06:00" level=debug msg="Invoking: gptj-python-h3rg7675n8i5gclxt127.default.192.168.1.240.sslip.io:80"
time="2024-05-28T17:38:33.761766563-06:00" level=debug msg="Invoked gptj-python-h3rg7675n8i5gclxt127.default.192.168.1.240.sslip.io in 9831 usec\n"
time="2024-05-28T17:38:41.2558665-06:00" level=debug msg="Invoking: gptj-python-h3rg7675n8i5gclxt127.default.192.168.1.240.sslip.io:80"
time="2024-05-28T17:38:41.26529964-06:00" level=debug msg="Invoked gptj-python-h3rg7675n8i5gclxt127.default.192.168.1.240.sslip.io in 9444 usec\n"
time="2024-05-28T17:38:48.759875236-06:00" level=debug msg="Invoking: cartservice-lg0g2dlpavxbj7xko92c.default.192.168.1.240.sslip.io:80"
time="2024-05-28T17:38:48.770695727-06:00" level=debug msg="Invoked cartservice-lg0g2dlpavxbj7xko92c.default.192.168.1.240.sslip.io in 10831 usec\n"
time="2024-05-28T17:38:56.263968382-06:00" level=debug msg="Invoking: gptj-python-h3rg7675n8i5gclxt127.default.192.168.1.240.sslip.io:80"
time="2024-05-28T17:38:56.273639235-06:00" level=debug msg="Invoked gptj-python-h3rg7675n8i5gclxt127.default.192.168.1.240.sslip.io in 9685 usec\n"
time="2024-05-28T17:39:03.767891516-06:00" level=debug msg="Invoking: gptj-python-h3rg7675n8i5gclxt127.default.192.168.1.240.sslip.io:80"
time="2024-05-28T17:39:03.778327779-06:00" level=debug msg="Invoked gptj-python-h3rg7675n8i5gclxt127.default.192.168.1.240.sslip.io in 10446 usec\n"
time="2024-05-28T17:39:11.274636158-06:00" level=debug msg="Invoking: gptj-python-h3rg7675n8i5gclxt127.default.192.168.1.240.sslip.io:80"
time="2024-05-28T17:39:11.284268792-06:00" level=debug msg="Invoked gptj-python-h3rg7675n8i5gclxt127.default.192.168.1.240.sslip.io in 9646 usec\n"
time="2024-05-28T17:39:18.743863271-06:00" level=debug msg="Minute: 8"
time="2024-05-28T17:39:18.744011109-06:00" level=debug msg="Number of Invocations this iteration: 8"
time="2024-05-28T17:39:18.744095874-06:00" level=debug msg="Invoking: cartservice-lg0g2dlpavxbj7xko92c.default.192.168.1.240.sslip.io:80"
time="2024-05-28T17:39:18.757452765-06:00" level=debug msg="Invoked cartservice-lg0g2dlpavxbj7xko92c.default.192.168.1.240.sslip.io in 13354 usec\n"
time="2024-05-28T17:39:26.247867275-06:00" level=debug msg="Invoking: gptj-python-h3rg7675n8i5gclxt127.default.192.168.1.240.sslip.io:80"
time="2024-05-28T17:39:26.257258043-06:00" level=debug msg="Invoked gptj-python-h3rg7675n8i5gclxt127.default.192.168.1.240.sslip.io in 9401 usec\n"
time="2024-05-28T17:39:33.751857748-06:00" level=debug msg="Invoking: gptj-python-h3rg7675n8i5gclxt127.default.192.168.1.240.sslip.io:80"
time="2024-05-28T17:39:33.761080055-06:00" level=debug msg="Invoked gptj-python-h3rg7675n8i5gclxt127.default.192.168.1.240.sslip.io in 9229 usec\n"
time="2024-05-28T17:39:41.258579093-06:00" level=debug msg="Invoking: gptj-python-h3rg7675n8i5gclxt127.default.192.168.1.240.sslip.io:80"
time="2024-05-28T17:39:41.269371969-06:00" level=debug msg="Invoked gptj-python-h3rg7675n8i5gclxt127.default.192.168.1.240.sslip.io in 10801 usec\n"
time="2024-05-28T17:39:48.765497286-06:00" level=debug msg="Invoking: cartservice-lg0g2dlpavxbj7xko92c.default.192.168.1.240.sslip.io:80"
time="2024-05-28T17:39:48.781239018-06:00" level=debug msg="Invoked cartservice-lg0g2dlpavxbj7xko92c.default.192.168.1.240.sslip.io in 15752 usec\n"
time="2024-05-28T17:39:56.272460302-06:00" level=debug msg="Invoking: gptj-python-h3rg7675n8i5gclxt127.default.192.168.1.240.sslip.io:80"
time="2024-05-28T17:39:56.286635439-06:00" level=debug msg="Invoked gptj-python-h3rg7675n8i5gclxt127.default.192.168.1.240.sslip.io in 14186 usec\n"
time="2024-05-28T17:40:03.779892915-06:00" level=debug msg="Invoking: gptj-python-h3rg7675n8i5gclxt127.default.192.168.1.240.sslip.io:80"
time="2024-05-28T17:40:03.790459574-06:00" level=debug msg="Invoked gptj-python-h3rg7675n8i5gclxt127.default.192.168.1.240.sslip.io in 10579 usec\n"
time="2024-05-28T17:40:11.284131537-06:00" level=debug msg="Invoking: gptj-python-h3rg7675n8i5gclxt127.default.192.168.1.240.sslip.io:80"
time="2024-05-28T17:40:11.29381965-06:00" level=debug msg="Invoked gptj-python-h3rg7675n8i5gclxt127.default.192.168.1.240.sslip.io in 9696 usec\n"
time="2024-05-28T17:40:18.744666161-06:00" level=debug msg="Minute: 9"
time="2024-05-28T17:40:18.744766625-06:00" level=debug msg="Number of Invocations this iteration: 8"
time="2024-05-28T17:40:18.744853738-06:00" level=debug msg="Invoking: cartservice-lg0g2dlpavxbj7xko92c.default.192.168.1.240.sslip.io:80"
time="2024-05-28T17:40:18.757367692-06:00" level=debug msg="Invoked cartservice-lg0g2dlpavxbj7xko92c.default.192.168.1.240.sslip.io in 12512 usec\n"
time="2024-05-28T17:40:26.247833536-06:00" level=debug msg="Invoking: gptj-python-h3rg7675n8i5gclxt127.default.192.168.1.240.sslip.io:80"
time="2024-05-28T17:40:26.258975012-06:00" level=debug msg="Invoked gptj-python-h3rg7675n8i5gclxt127.default.192.168.1.240.sslip.io in 11377 usec\n"
time="2024-05-28T17:40:33.751888636-06:00" level=debug msg="Invoking: gptj-python-h3rg7675n8i5gclxt127.default.192.168.1.240.sslip.io:80"
time="2024-05-28T17:40:33.760952466-06:00" level=debug msg="Invoked gptj-python-h3rg7675n8i5gclxt127.default.192.168.1.240.sslip.io in 9078 usec\n"
time="2024-05-28T17:40:41.256931371-06:00" level=debug msg="Invoking: gptj-python-h3rg7675n8i5gclxt127.default.192.168.1.240.sslip.io:80"
time="2024-05-28T17:40:41.266142335-06:00" level=debug msg="Invoked gptj-python-h3rg7675n8i5gclxt127.default.192.168.1.240.sslip.io in 9220 usec\n"
time="2024-05-28T17:40:48.763852702-06:00" level=debug msg="Invoking: cartservice-lg0g2dlpavxbj7xko92c.default.192.168.1.240.sslip.io:80"
time="2024-05-28T17:40:48.774467681-06:00" level=debug msg="Invoked cartservice-lg0g2dlpavxbj7xko92c.default.192.168.1.240.sslip.io in 10623 usec\n"
time="2024-05-28T17:40:56.267864754-06:00" level=debug msg="Invoking: gptj-python-h3rg7675n8i5gclxt127.default.192.168.1.240.sslip.io:80"
time="2024-05-28T17:40:56.27683317-06:00" level=debug msg="Invoked gptj-python-h3rg7675n8i5gclxt127.default.192.168.1.240.sslip.io in 8975 usec\n"
time="2024-05-28T17:41:03.772415712-06:00" level=debug msg="Invoking: gptj-python-h3rg7675n8i5gclxt127.default.192.168.1.240.sslip.io:80"
time="2024-05-28T17:41:03.783834129-06:00" level=debug msg="Invoked gptj-python-h3rg7675n8i5gclxt127.default.192.168.1.240.sslip.io in 11429 usec\n"
time="2024-05-28T17:41:11.275966356-06:00" level=debug msg="Invoking: gptj-python-h3rg7675n8i5gclxt127.default.192.168.1.240.sslip.io:80"
time="2024-05-28T17:41:11.2877963-06:00" level=debug msg="Invoked gptj-python-h3rg7675n8i5gclxt127.default.192.168.1.240.sslip.io in 11825 usec\n"
time="2024-05-28T17:41:18.745038672-06:00" level=debug msg="Minute: 10"
time="2024-05-28T17:41:18.745188429-06:00" level=debug msg="Number of Invocations this iteration: 8"
time="2024-05-28T17:41:18.745265007-06:00" level=debug msg="Invoking: rnn-serving-python-10-10-1ge5kay8a1czr0ox0fvp.default.192.168.1.240.sslip.io:80"
time="2024-05-28T17:41:26.252362642-06:00" level=debug msg="Invoking: gptj-python-h3rg7675n8i5gclxt127.default.192.168.1.240.sslip.io:80"
time="2024-05-28T17:41:26.260910773-06:00" level=debug msg="Invoked gptj-python-h3rg7675n8i5gclxt127.default.192.168.1.240.sslip.io in 8563 usec\n"
time="2024-05-28T17:41:29.444638741-06:00" level=debug msg="Invoked rnn-serving-python-10-10-1ge5kay8a1czr0ox0fvp.default.192.168.1.240.sslip.io in 10699371 usec\n"
time="2024-05-28T17:41:33.752975396-06:00" level=debug msg="Invoking: gptj-python-h3rg7675n8i5gclxt127.default.192.168.1.240.sslip.io:80"
time="2024-05-28T17:41:33.763228922-06:00" level=debug msg="Invoked gptj-python-h3rg7675n8i5gclxt127.default.192.168.1.240.sslip.io in 10263 usec\n"
time="2024-05-28T17:41:41.255865032-06:00" level=debug msg="Invoking: gptj-python-h3rg7675n8i5gclxt127.default.192.168.1.240.sslip.io:80"
time="2024-05-28T17:41:41.266223084-06:00" level=debug msg="Invoked gptj-python-h3rg7675n8i5gclxt127.default.192.168.1.240.sslip.io in 10367 usec\n"
time="2024-05-28T17:41:48.759949981-06:00" level=debug msg="Invoking: cartservice-lg0g2dlpavxbj7xko92c.default.192.168.1.240.sslip.io:80"
time="2024-05-28T17:41:48.771571879-06:00" level=debug msg="Invoked cartservice-lg0g2dlpavxbj7xko92c.default.192.168.1.240.sslip.io in 11673 usec\n"
time="2024-05-28T17:41:56.26394881-06:00" level=debug msg="Invoking: gptj-python-h3rg7675n8i5gclxt127.default.192.168.1.240.sslip.io:80"
time="2024-05-28T17:41:56.27358869-06:00" level=debug msg="Invoked gptj-python-h3rg7675n8i5gclxt127.default.192.168.1.240.sslip.io in 9651 usec\n"
time="2024-05-28T17:42:03.767879903-06:00" level=debug msg="Invoking: gptj-python-h3rg7675n8i5gclxt127.default.192.168.1.240.sslip.io:80"
time="2024-05-28T17:42:03.778065881-06:00" level=debug msg="Invoked gptj-python-h3rg7675n8i5gclxt127.default.192.168.1.240.sslip.io in 10200 usec\n"
time="2024-05-28T17:42:11.271868376-06:00" level=debug msg="Invoking: gptj-python-h3rg7675n8i5gclxt127.default.192.168.1.240.sslip.io:80"
time="2024-05-28T17:42:11.282016715-06:00" level=debug msg="Invoked gptj-python-h3rg7675n8i5gclxt127.default.192.168.1.240.sslip.io in 10160 usec\n"
time="2024-05-28T17:42:18.743840531-06:00" level=debug msg="Minute: 11"
time="2024-05-28T17:42:18.743934493-06:00" level=debug msg="Number of Invocations this iteration: 8"
time="2024-05-28T17:42:18.744020694-06:00" level=debug msg="Invoking: image-rotate-go-6-zbdo17r8vfbbqngriv2s.default.192.168.1.240.sslip.io:80"
time="2024-05-28T17:42:25.959898045-06:00" level=debug msg="Invoked image-rotate-go-6-zbdo17r8vfbbqngriv2s.default.192.168.1.240.sslip.io in 7215874 usec\n"
time="2024-05-28T17:42:26.245127007-06:00" level=debug msg="Invoking: gptj-python-h3rg7675n8i5gclxt127.default.192.168.1.240.sslip.io:80"
time="2024-05-28T17:42:26.256242379-06:00" level=debug msg="Invoked gptj-python-h3rg7675n8i5gclxt127.default.192.168.1.240.sslip.io in 11118 usec\n"
time="2024-05-28T17:42:33.745447104-06:00" level=debug msg="Invoking: gptj-python-h3rg7675n8i5gclxt127.default.192.168.1.240.sslip.io:80"
time="2024-05-28T17:42:33.760938878-06:00" level=debug msg="Invoked gptj-python-h3rg7675n8i5gclxt127.default.192.168.1.240.sslip.io in 15559 usec\n"
time="2024-05-28T17:42:41.251898716-06:00" level=debug msg="Invoking: gptj-python-h3rg7675n8i5gclxt127.default.192.168.1.240.sslip.io:80"
time="2024-05-28T17:42:41.261280894-06:00" level=debug msg="Invoked gptj-python-h3rg7675n8i5gclxt127.default.192.168.1.240.sslip.io in 9392 usec\n"
time="2024-05-28T17:42:48.755868015-06:00" level=debug msg="Invoking: cartservice-lg0g2dlpavxbj7xko92c.default.192.168.1.240.sslip.io:80"
time="2024-05-28T17:42:48.768655122-06:00" level=debug msg="Invoked cartservice-lg0g2dlpavxbj7xko92c.default.192.168.1.240.sslip.io in 12799 usec\n"
time="2024-05-28T17:42:56.263041135-06:00" level=debug msg="Invoking: gptj-python-h3rg7675n8i5gclxt127.default.192.168.1.240.sslip.io:80"
time="2024-05-28T17:42:56.273477874-06:00" level=debug msg="Invoked gptj-python-h3rg7675n8i5gclxt127.default.192.168.1.240.sslip.io in 10448 usec\n"
time="2024-05-28T17:43:03.76787213-06:00" level=debug msg="Invoking: gptj-python-h3rg7675n8i5gclxt127.default.192.168.1.240.sslip.io:80"
time="2024-05-28T17:43:03.778104892-06:00" level=debug msg="Invoked gptj-python-h3rg7675n8i5gclxt127.default.192.168.1.240.sslip.io in 10245 usec\n"
time="2024-05-28T17:43:11.274576861-06:00" level=debug msg="Invoking: gptj-python-h3rg7675n8i5gclxt127.default.192.168.1.240.sslip.io:80"
time="2024-05-28T17:43:11.284962621-06:00" level=debug msg="Invoked gptj-python-h3rg7675n8i5gclxt127.default.192.168.1.240.sslip.io in 10399 usec\n"
time="2024-05-28T17:43:18.743860568-06:00" level=debug msg="Minute: 12"
time="2024-05-28T17:43:18.744011414-06:00" level=debug msg="Number of Invocations this iteration: 8"
time="2024-05-28T17:43:18.744099019-06:00" level=debug msg="Invoking: cartservice-lg0g2dlpavxbj7xko92c.default.192.168.1.240.sslip.io:80"
time="2024-05-28T17:43:18.756957125-06:00" level=debug msg="Invoked cartservice-lg0g2dlpavxbj7xko92c.default.192.168.1.240.sslip.io in 12851 usec\n"
time="2024-05-28T17:43:26.250878765-06:00" level=debug msg="Invoking: gptj-python-h3rg7675n8i5gclxt127.default.192.168.1.240.sslip.io:80"
time="2024-05-28T17:43:26.260979067-06:00" level=debug msg="Invoked gptj-python-h3rg7675n8i5gclxt127.default.192.168.1.240.sslip.io in 10108 usec\n"
time="2024-05-28T17:43:33.755883824-06:00" level=debug msg="Invoking: gptj-python-h3rg7675n8i5gclxt127.default.192.168.1.240.sslip.io:80"
time="2024-05-28T17:43:33.765244451-06:00" level=debug msg="Invoked gptj-python-h3rg7675n8i5gclxt127.default.192.168.1.240.sslip.io in 9372 usec\n"
time="2024-05-28T17:43:41.26262845-06:00" level=debug msg="Invoking: gptj-python-h3rg7675n8i5gclxt127.default.192.168.1.240.sslip.io:80"
time="2024-05-28T17:43:41.272779186-06:00" level=debug msg="Invoked gptj-python-h3rg7675n8i5gclxt127.default.192.168.1.240.sslip.io in 10161 usec\n"
time="2024-05-28T17:43:48.768585694-06:00" level=debug msg="Invoking: cartservice-lg0g2dlpavxbj7xko92c.default.192.168.1.240.sslip.io:80"
time="2024-05-28T17:43:48.780123961-06:00" level=debug msg="Invoked cartservice-lg0g2dlpavxbj7xko92c.default.192.168.1.240.sslip.io in 11543 usec\n"
time="2024-05-28T17:43:56.274965721-06:00" level=debug msg="Invoking: gptj-python-h3rg7675n8i5gclxt127.default.192.168.1.240.sslip.io:80"
time="2024-05-28T17:43:56.285144616-06:00" level=debug msg="Invoked gptj-python-h3rg7675n8i5gclxt127.default.192.168.1.240.sslip.io in 10190 usec\n"
time="2024-05-28T17:44:03.77997263-06:00" level=debug msg="Invoking: gptj-python-h3rg7675n8i5gclxt127.default.192.168.1.240.sslip.io:80"
time="2024-05-28T17:44:03.790868857-06:00" level=debug msg="Invoked gptj-python-h3rg7675n8i5gclxt127.default.192.168.1.240.sslip.io in 10912 usec\n"
time="2024-05-28T17:44:11.283955398-06:00" level=debug msg="Invoking: gptj-python-h3rg7675n8i5gclxt127.default.192.168.1.240.sslip.io:80"
time="2024-05-28T17:44:11.294498321-06:00" level=debug msg="Invoked gptj-python-h3rg7675n8i5gclxt127.default.192.168.1.240.sslip.io in 10553 usec\n"
time="2024-05-28T17:44:18.743924974-06:00" level=debug msg="Minute: 13"
time="2024-05-28T17:44:18.744027766-06:00" level=debug msg="Number of Invocations this iteration: 8"
time="2024-05-28T17:44:18.744124078-06:00" level=debug msg="Invoking: cartservice-lg0g2dlpavxbj7xko92c.default.192.168.1.240.sslip.io:80"
time="2024-05-28T17:44:18.759074032-06:00" level=debug msg="Invoked cartservice-lg0g2dlpavxbj7xko92c.default.192.168.1.240.sslip.io in 14947 usec\n"
time="2024-05-28T17:44:26.247940061-06:00" level=debug msg="Invoking: gptj-python-h3rg7675n8i5gclxt127.default.192.168.1.240.sslip.io:80"
time="2024-05-28T17:44:26.261124216-06:00" level=debug msg="Invoked gptj-python-h3rg7675n8i5gclxt127.default.192.168.1.240.sslip.io in 13181 usec\n"
time="2024-05-28T17:44:33.751905225-06:00" level=debug msg="Invoking: gptj-python-h3rg7675n8i5gclxt127.default.192.168.1.240.sslip.io:80"
time="2024-05-28T17:44:33.762178278-06:00" level=debug msg="Invoked gptj-python-h3rg7675n8i5gclxt127.default.192.168.1.240.sslip.io in 10285 usec\n"
time="2024-05-28T17:44:41.256123669-06:00" level=debug msg="Invoking: gptj-python-h3rg7675n8i5gclxt127.default.192.168.1.240.sslip.io:80"
time="2024-05-28T17:44:41.266335648-06:00" level=debug msg="Invoked gptj-python-h3rg7675n8i5gclxt127.default.192.168.1.240.sslip.io in 10221 usec\n"
time="2024-05-28T17:44:48.759884984-06:00" level=debug msg="Invoking: cartservice-lg0g2dlpavxbj7xko92c.default.192.168.1.240.sslip.io:80"
time="2024-05-28T17:44:48.772424328-06:00" level=debug msg="Invoked cartservice-lg0g2dlpavxbj7xko92c.default.192.168.1.240.sslip.io in 12549 usec\n"
time="2024-05-28T17:44:56.266648547-06:00" level=debug msg="Invoking: gptj-python-h3rg7675n8i5gclxt127.default.192.168.1.240.sslip.io:80"
time="2024-05-28T17:44:56.275155071-06:00" level=debug msg="Invoked gptj-python-h3rg7675n8i5gclxt127.default.192.168.1.240.sslip.io in 8512 usec\n"
time="2024-05-28T17:45:03.772527052-06:00" level=debug msg="Invoking: gptj-python-h3rg7675n8i5gclxt127.default.192.168.1.240.sslip.io:80"
time="2024-05-28T17:45:03.782893537-06:00" level=debug msg="Invoked gptj-python-h3rg7675n8i5gclxt127.default.192.168.1.240.sslip.io in 10388 usec\n"
time="2024-05-28T17:45:11.274988164-06:00" level=debug msg="Invoking: gptj-python-h3rg7675n8i5gclxt127.default.192.168.1.240.sslip.io:80"
time="2024-05-28T17:45:11.285058707-06:00" level=debug msg="Invoked gptj-python-h3rg7675n8i5gclxt127.default.192.168.1.240.sslip.io in 10083 usec\n"
time="2024-05-28T17:45:18.743880251-06:00" level=info msg="Experiment Phase Completed"
time="2024-05-28T17:45:18.744009056-06:00" level=info msg="Issued / completed requests: 112, 112"
time="2024-05-28T17:45:18.744044657-06:00" level=info msg="Average Real RPS: 0.13 "
time="2024-05-28T17:45:18.744069927-06:00" level=info msg="Experiment finished!"
time="2024-05-28T17:45:18.744096448-06:00" level=info msg="The measured latencies are saved in rps_lat.csv"
