time="2024-05-28T17:43:23.657840041-06:00" level=debug msg="Debug logging is enabled"
time="2024-05-28T17:43:23.658041985-06:00" level=info msg="Reading the trace endpoints from the file: /users/ArunAMS/vSwarm/tools/load-generator/load.json"
time="2024-05-28T17:43:23.659753552-06:00" level=info msg="Warmup Duration: 3"
time="2024-05-28T17:43:23.659784866-06:00" level=info msg="Experiment Duration: 11"
time="2024-05-28T17:43:23.659810017-06:00" level=info msg="Minute Granularity: true"
time="2024-05-28T17:44:23.717504257-06:00" level=info msg="Running Warmup Phase"
time="2024-05-28T17:44:23.717587731-06:00" level=debug msg="Minute: 0"
time="2024-05-28T17:44:23.717672618-06:00" level=debug msg="Number of Invocations this iteration: 8"
time="2024-05-28T17:44:23.717783214-06:00" level=debug msg="Invoking: cartservice-4mf3mt3nhec7292n4auc.default.192.168.1.240.sslip.io:80"
time="2024-05-28T17:44:31.218565458-06:00" level=debug msg="Invoking: gptj-python-lzhfozkltzapbnmdvqdz.default.192.168.1.240.sslip.io:80"
time="2024-05-28T17:44:38.725446533-06:00" level=debug msg="Invoking: gptj-python-lzhfozkltzapbnmdvqdz.default.192.168.1.240.sslip.io:80"
time="2024-05-28T17:44:46.229834296-06:00" level=debug msg="Invoking: gptj-python-lzhfozkltzapbnmdvqdz.default.192.168.1.240.sslip.io:80"
time="2024-05-28T17:44:53.73284711-06:00" level=debug msg="Invoking: cartservice-4mf3mt3nhec7292n4auc.default.192.168.1.240.sslip.io:80"
time="2024-05-28T17:45:01.238185395-06:00" level=debug msg="Invoking: gptj-python-lzhfozkltzapbnmdvqdz.default.192.168.1.240.sslip.io:80"
time="2024-05-28T17:45:08.741824574-06:00" level=debug msg="Invoking: gptj-python-lzhfozkltzapbnmdvqdz.default.192.168.1.240.sslip.io:80"
time="2024-05-28T17:45:16.245442868-06:00" level=debug msg="Invoking: gptj-python-lzhfozkltzapbnmdvqdz.default.192.168.1.240.sslip.io:80"
time="2024-05-28T17:45:23.665491097-06:00" level=debug msg="Minute: 1"
time="2024-05-28T17:45:23.665588814-06:00" level=debug msg="Number of Invocations this iteration: 8"
time="2024-05-28T17:45:23.665685475-06:00" level=debug msg="Invoking: image-rotate-go-6-c2ml8qo1z2f9u8lrxdof.default.192.168.1.240.sslip.io:80"
time="2024-05-28T17:45:31.166553364-06:00" level=debug msg="Invoking: gptj-python-lzhfozkltzapbnmdvqdz.default.192.168.1.240.sslip.io:80"
time="2024-05-28T17:45:38.67355793-06:00" level=debug msg="Invoking: gptj-python-lzhfozkltzapbnmdvqdz.default.192.168.1.240.sslip.io:80"
time="2024-05-28T17:45:46.178600067-06:00" level=debug msg="Invoking: gptj-python-lzhfozkltzapbnmdvqdz.default.192.168.1.240.sslip.io:80"
time="2024-05-28T17:45:53.68238556-06:00" level=debug msg="Invoking: cartservice-4mf3mt3nhec7292n4auc.default.192.168.1.240.sslip.io:80"
time="2024-05-28T17:46:01.182603374-06:00" level=debug msg="Invoking: gptj-python-lzhfozkltzapbnmdvqdz.default.192.168.1.240.sslip.io:80"
time="2024-05-28T17:46:08.685491578-06:00" level=debug msg="Invoking: gptj-python-lzhfozkltzapbnmdvqdz.default.192.168.1.240.sslip.io:80"
time="2024-05-28T17:46:16.189572678-06:00" level=debug msg="Invoking: gptj-python-lzhfozkltzapbnmdvqdz.default.192.168.1.240.sslip.io:80"
time="2024-05-28T17:46:23.666548017-06:00" level=debug msg="Minute: 2"
time="2024-05-28T17:46:23.666649251-06:00" level=debug msg="Number of Invocations this iteration: 8"
time="2024-05-28T17:46:23.666719267-06:00" level=debug msg="Invoking: cartservice-4mf3mt3nhec7292n4auc.default.192.168.1.240.sslip.io:80"
time="2024-05-28T17:46:31.173588932-06:00" level=debug msg="Invoking: gptj-python-lzhfozkltzapbnmdvqdz.default.192.168.1.240.sslip.io:80"
time="2024-05-28T17:46:38.679967095-06:00" level=debug msg="Invoking: gptj-python-lzhfozkltzapbnmdvqdz.default.192.168.1.240.sslip.io:80"
time="2024-05-28T17:46:46.18575432-06:00" level=debug msg="Invoking: gptj-python-lzhfozkltzapbnmdvqdz.default.192.168.1.240.sslip.io:80"
time="2024-05-28T17:46:53.689498013-06:00" level=debug msg="Invoking: cartservice-4mf3mt3nhec7292n4auc.default.192.168.1.240.sslip.io:80"
time="2024-05-28T17:47:01.193492273-06:00" level=debug msg="Invoking: gptj-python-lzhfozkltzapbnmdvqdz.default.192.168.1.240.sslip.io:80"
time="2024-05-28T17:47:08.698161703-06:00" level=debug msg="Invoking: gptj-python-lzhfozkltzapbnmdvqdz.default.192.168.1.240.sslip.io:80"
time="2024-05-28T17:47:16.201493898-06:00" level=debug msg="Invoking: gptj-python-lzhfozkltzapbnmdvqdz.default.192.168.1.240.sslip.io:80"
time="2024-05-28T17:47:23.665454931-06:00" level=info msg="Warmup Phase Completed"
time="2024-05-28T17:47:23.665535205-06:00" level=info msg="Running Experiment Phase"
time="2024-05-28T17:47:23.665564245-06:00" level=debug msg="Minute: 3"
time="2024-05-28T17:47:23.665609821-06:00" level=debug msg="Number of Invocations this iteration: 8"
time="2024-05-28T17:47:23.665708191-06:00" level=debug msg="Invoking: cartservice-4mf3mt3nhec7292n4auc.default.192.168.1.240.sslip.io:80"
time="2024-05-28T17:47:23.678297764-06:00" level=debug msg="Invoked cartservice-4mf3mt3nhec7292n4auc.default.192.168.1.240.sslip.io in 12587 usec\n"
time="2024-05-28T17:47:31.169477934-06:00" level=debug msg="Invoking: gptj-python-lzhfozkltzapbnmdvqdz.default.192.168.1.240.sslip.io:80"
time="2024-05-28T17:47:31.179697482-06:00" level=debug msg="Invoked gptj-python-lzhfozkltzapbnmdvqdz.default.192.168.1.240.sslip.io in 10257 usec\n"
time="2024-05-28T17:47:38.673492327-06:00" level=debug msg="Invoking: gptj-python-lzhfozkltzapbnmdvqdz.default.192.168.1.240.sslip.io:80"
time="2024-05-28T17:47:38.683957572-06:00" level=debug msg="Invoked gptj-python-lzhfozkltzapbnmdvqdz.default.192.168.1.240.sslip.io in 10475 usec\n"
time="2024-05-28T17:47:46.179854063-06:00" level=debug msg="Invoking: gptj-python-lzhfozkltzapbnmdvqdz.default.192.168.1.240.sslip.io:80"
time="2024-05-28T17:47:46.190420791-06:00" level=debug msg="Invoked gptj-python-lzhfozkltzapbnmdvqdz.default.192.168.1.240.sslip.io in 10578 usec\n"
time="2024-05-28T17:47:53.685459679-06:00" level=debug msg="Invoking: cartservice-4mf3mt3nhec7292n4auc.default.192.168.1.240.sslip.io:80"
time="2024-05-28T17:47:53.700492055-06:00" level=debug msg="Invoked cartservice-4mf3mt3nhec7292n4auc.default.192.168.1.240.sslip.io in 15012 usec\n"
time="2024-05-28T17:48:01.185679727-06:00" level=debug msg="Invoking: gptj-python-lzhfozkltzapbnmdvqdz.default.192.168.1.240.sslip.io:80"
time="2024-05-28T17:48:01.195971891-06:00" level=debug msg="Invoked gptj-python-lzhfozkltzapbnmdvqdz.default.192.168.1.240.sslip.io in 10358 usec\n"
time="2024-05-28T17:48:08.689475532-06:00" level=debug msg="Invoking: gptj-python-lzhfozkltzapbnmdvqdz.default.192.168.1.240.sslip.io:80"
time="2024-05-28T17:48:08.699474919-06:00" level=debug msg="Invoked gptj-python-lzhfozkltzapbnmdvqdz.default.192.168.1.240.sslip.io in 10009 usec\n"
time="2024-05-28T17:48:16.193490348-06:00" level=debug msg="Invoking: gptj-python-lzhfozkltzapbnmdvqdz.default.192.168.1.240.sslip.io:80"
time="2024-05-28T17:48:16.203822585-06:00" level=debug msg="Invoked gptj-python-lzhfozkltzapbnmdvqdz.default.192.168.1.240.sslip.io in 10342 usec\n"
time="2024-05-28T17:48:23.665501606-06:00" level=debug msg="Minute: 4"
time="2024-05-28T17:48:23.665605896-06:00" level=debug msg="Number of Invocations this iteration: 8"
time="2024-05-28T17:48:23.665705551-06:00" level=debug msg="Invoking: rnn-serving-python-10-10-onhziiug1s82ooyds1gs.default.192.168.1.240.sslip.io:80"
time="2024-05-28T17:48:31.169557098-06:00" level=debug msg="Invoking: gptj-python-lzhfozkltzapbnmdvqdz.default.192.168.1.240.sslip.io:80"
time="2024-05-28T17:48:31.180147725-06:00" level=debug msg="Invoked gptj-python-lzhfozkltzapbnmdvqdz.default.192.168.1.240.sslip.io in 10628 usec\n"
time="2024-05-28T17:48:34.779154131-06:00" level=debug msg="Invoked rnn-serving-python-10-10-onhziiug1s82ooyds1gs.default.192.168.1.240.sslip.io in 11113448 usec\n"
time="2024-05-28T17:48:38.670516322-06:00" level=debug msg="Invoking: gptj-python-lzhfozkltzapbnmdvqdz.default.192.168.1.240.sslip.io:80"
time="2024-05-28T17:48:38.681008791-06:00" level=debug msg="Invoked gptj-python-lzhfozkltzapbnmdvqdz.default.192.168.1.240.sslip.io in 10503 usec\n"
time="2024-05-28T17:48:46.176397038-06:00" level=debug msg="Invoking: gptj-python-lzhfozkltzapbnmdvqdz.default.192.168.1.240.sslip.io:80"
time="2024-05-28T17:48:46.186928213-06:00" level=debug msg="Invoked gptj-python-lzhfozkltzapbnmdvqdz.default.192.168.1.240.sslip.io in 10541 usec\n"
time="2024-05-28T17:48:53.681422428-06:00" level=debug msg="Invoking: cartservice-4mf3mt3nhec7292n4auc.default.192.168.1.240.sslip.io:80"
time="2024-05-28T17:49:00.311856504-06:00" level=debug msg="Invoked cartservice-4mf3mt3nhec7292n4auc.default.192.168.1.240.sslip.io in 6630442 usec\n"
time="2024-05-28T17:49:01.181541746-06:00" level=debug msg="Invoking: gptj-python-lzhfozkltzapbnmdvqdz.default.192.168.1.240.sslip.io:80"
time="2024-05-28T17:49:01.19163968-06:00" level=debug msg="Invoked gptj-python-lzhfozkltzapbnmdvqdz.default.192.168.1.240.sslip.io in 10138 usec\n"
time="2024-05-28T17:49:08.685477827-06:00" level=debug msg="Invoking: gptj-python-lzhfozkltzapbnmdvqdz.default.192.168.1.240.sslip.io:80"
time="2024-05-28T17:49:08.696142873-06:00" level=debug msg="Invoked gptj-python-lzhfozkltzapbnmdvqdz.default.192.168.1.240.sslip.io in 10674 usec\n"
time="2024-05-28T17:49:16.189499817-06:00" level=debug msg="Invoking: gptj-python-lzhfozkltzapbnmdvqdz.default.192.168.1.240.sslip.io:80"
time="2024-05-28T17:49:16.199901356-06:00" level=debug msg="Invoked gptj-python-lzhfozkltzapbnmdvqdz.default.192.168.1.240.sslip.io in 10412 usec\n"
time="2024-05-28T17:49:23.665419017-06:00" level=debug msg="Minute: 5"
time="2024-05-28T17:49:23.665481418-06:00" level=debug msg="Number of Invocations this iteration: 8"
time="2024-05-28T17:49:23.665550552-06:00" level=debug msg="Invoking: cartservice-4mf3mt3nhec7292n4auc.default.192.168.1.240.sslip.io:80"
time="2024-05-28T17:49:23.695752459-06:00" level=debug msg="Invoked cartservice-4mf3mt3nhec7292n4auc.default.192.168.1.240.sslip.io in 30199 usec\n"
time="2024-05-28T17:49:31.169523811-06:00" level=debug msg="Invoking: gptj-python-lzhfozkltzapbnmdvqdz.default.192.168.1.240.sslip.io:80"
time="2024-05-28T17:49:31.182629735-06:00" level=debug msg="Invoked gptj-python-lzhfozkltzapbnmdvqdz.default.192.168.1.240.sslip.io in 13118 usec\n"
time="2024-05-28T17:49:38.673545539-06:00" level=debug msg="Invoking: gptj-python-lzhfozkltzapbnmdvqdz.default.192.168.1.240.sslip.io:80"
time="2024-05-28T17:49:38.684072769-06:00" level=debug msg="Invoked gptj-python-lzhfozkltzapbnmdvqdz.default.192.168.1.240.sslip.io in 10533 usec\n"
time="2024-05-28T17:49:46.177849792-06:00" level=debug msg="Invoking: gptj-python-lzhfozkltzapbnmdvqdz.default.192.168.1.240.sslip.io:80"
time="2024-05-28T17:49:46.188361501-06:00" level=debug msg="Invoked gptj-python-lzhfozkltzapbnmdvqdz.default.192.168.1.240.sslip.io in 10519 usec\n"
time="2024-05-28T17:49:53.678140524-06:00" level=debug msg="Invoking: cartservice-4mf3mt3nhec7292n4auc.default.192.168.1.240.sslip.io:80"
time="2024-05-28T17:49:53.692553694-06:00" level=debug msg="Invoked cartservice-4mf3mt3nhec7292n4auc.default.192.168.1.240.sslip.io in 14449 usec\n"
time="2024-05-28T17:50:01.179622318-06:00" level=debug msg="Invoking: gptj-python-lzhfozkltzapbnmdvqdz.default.192.168.1.240.sslip.io:80"
time="2024-05-28T17:50:01.190006308-06:00" level=debug msg="Invoked gptj-python-lzhfozkltzapbnmdvqdz.default.192.168.1.240.sslip.io in 11077 usec\n"
time="2024-05-28T17:50:08.682555531-06:00" level=debug msg="Invoking: gptj-python-lzhfozkltzapbnmdvqdz.default.192.168.1.240.sslip.io:80"
time="2024-05-28T17:50:08.691891552-06:00" level=debug msg="Invoked gptj-python-lzhfozkltzapbnmdvqdz.default.192.168.1.240.sslip.io in 9347 usec\n"
time="2024-05-28T17:50:16.185490766-06:00" level=debug msg="Invoking: gptj-python-lzhfozkltzapbnmdvqdz.default.192.168.1.240.sslip.io:80"
time="2024-05-28T17:50:16.196009384-06:00" level=debug msg="Invoked gptj-python-lzhfozkltzapbnmdvqdz.default.192.168.1.240.sslip.io in 10531 usec\n"
time="2024-05-28T17:50:23.665491424-06:00" level=debug msg="Minute: 6"
time="2024-05-28T17:50:23.665591622-06:00" level=debug msg="Number of Invocations this iteration: 8"
time="2024-05-28T17:50:23.665687717-06:00" level=debug msg="Invoking: image-rotate-go-6-c2ml8qo1z2f9u8lrxdof.default.192.168.1.240.sslip.io:80"
time="2024-05-28T17:50:30.948241256-06:00" level=debug msg="Invoked image-rotate-go-6-c2ml8qo1z2f9u8lrxdof.default.192.168.1.240.sslip.io in 7282553 usec\n"
time="2024-05-28T17:50:31.166545088-06:00" level=debug msg="Invoking: gptj-python-lzhfozkltzapbnmdvqdz.default.192.168.1.240.sslip.io:80"
time="2024-05-28T17:50:31.177897215-06:00" level=debug msg="Invoked gptj-python-lzhfozkltzapbnmdvqdz.default.192.168.1.240.sslip.io in 11361 usec\n"
time="2024-05-28T17:50:38.669491891-06:00" level=debug msg="Invoking: gptj-python-lzhfozkltzapbnmdvqdz.default.192.168.1.240.sslip.io:80"
time="2024-05-28T17:50:38.679915411-06:00" level=debug msg="Invoked gptj-python-lzhfozkltzapbnmdvqdz.default.192.168.1.240.sslip.io in 10433 usec\n"
time="2024-05-28T17:50:46.173523258-06:00" level=debug msg="Invoking: gptj-python-lzhfozkltzapbnmdvqdz.default.192.168.1.240.sslip.io:80"
time="2024-05-28T17:50:46.18412069-06:00" level=debug msg="Invoked gptj-python-lzhfozkltzapbnmdvqdz.default.192.168.1.240.sslip.io in 10613 usec\n"
time="2024-05-28T17:50:53.677464475-06:00" level=debug msg="Invoking: cartservice-4mf3mt3nhec7292n4auc.default.192.168.1.240.sslip.io:80"
time="2024-05-28T17:51:01.181492778-06:00" level=debug msg="Invoking: gptj-python-lzhfozkltzapbnmdvqdz.default.192.168.1.240.sslip.io:80"
time="2024-05-28T17:51:01.192952223-06:00" level=debug msg="Invoked gptj-python-lzhfozkltzapbnmdvqdz.default.192.168.1.240.sslip.io in 11469 usec\n"
time="2024-05-28T17:51:06.672109324-06:00" level=debug msg="Invoked cartservice-4mf3mt3nhec7292n4auc.default.192.168.1.240.sslip.io in 12994678 usec\n"
time="2024-05-28T17:51:08.68254593-06:00" level=debug msg="Invoking: gptj-python-lzhfozkltzapbnmdvqdz.default.192.168.1.240.sslip.io:80"
time="2024-05-28T17:51:08.692933686-06:00" level=debug msg="Invoked gptj-python-lzhfozkltzapbnmdvqdz.default.192.168.1.240.sslip.io in 10398 usec\n"
time="2024-05-28T17:51:16.184977969-06:00" level=debug msg="Invoking: gptj-python-lzhfozkltzapbnmdvqdz.default.192.168.1.240.sslip.io:80"
time="2024-05-28T17:51:16.195421534-06:00" level=debug msg="Invoked gptj-python-lzhfozkltzapbnmdvqdz.default.192.168.1.240.sslip.io in 10476 usec\n"
time="2024-05-28T17:51:23.665494258-06:00" level=debug msg="Minute: 7"
time="2024-05-28T17:51:23.665592906-06:00" level=debug msg="Number of Invocations this iteration: 8"
time="2024-05-28T17:51:23.665684904-06:00" level=debug msg="Invoking: cartservice-4mf3mt3nhec7292n4auc.default.192.168.1.240.sslip.io:80"
time="2024-05-28T17:51:23.690747045-06:00" level=debug msg="Invoked cartservice-4mf3mt3nhec7292n4auc.default.192.168.1.240.sslip.io in 25060 usec\n"
time="2024-05-28T17:51:31.169481702-06:00" level=debug msg="Invoking: gptj-python-lzhfozkltzapbnmdvqdz.default.192.168.1.240.sslip.io:80"
time="2024-05-28T17:51:31.179922208-06:00" level=debug msg="Invoked gptj-python-lzhfozkltzapbnmdvqdz.default.192.168.1.240.sslip.io in 10500 usec\n"
time="2024-05-28T17:51:38.675779542-06:00" level=debug msg="Invoking: gptj-python-lzhfozkltzapbnmdvqdz.default.192.168.1.240.sslip.io:80"
time="2024-05-28T17:51:38.686267152-06:00" level=debug msg="Invoked gptj-python-lzhfozkltzapbnmdvqdz.default.192.168.1.240.sslip.io in 10498 usec\n"
time="2024-05-28T17:51:46.181506526-06:00" level=debug msg="Invoking: gptj-python-lzhfozkltzapbnmdvqdz.default.192.168.1.240.sslip.io:80"
time="2024-05-28T17:51:46.191868991-06:00" level=debug msg="Invoked gptj-python-lzhfozkltzapbnmdvqdz.default.192.168.1.240.sslip.io in 10372 usec\n"
time="2024-05-28T17:51:53.685536467-06:00" level=debug msg="Invoking: cartservice-4mf3mt3nhec7292n4auc.default.192.168.1.240.sslip.io:80"
time="2024-05-28T17:51:53.69812821-06:00" level=debug msg="Invoked cartservice-4mf3mt3nhec7292n4auc.default.192.168.1.240.sslip.io in 12629 usec\n"
time="2024-05-28T17:52:01.186535359-06:00" level=debug msg="Invoking: gptj-python-lzhfozkltzapbnmdvqdz.default.192.168.1.240.sslip.io:80"
time="2024-05-28T17:52:01.197759418-06:00" level=debug msg="Invoked gptj-python-lzhfozkltzapbnmdvqdz.default.192.168.1.240.sslip.io in 11337 usec\n"
time="2024-05-28T17:52:08.69026717-06:00" level=debug msg="Invoking: gptj-python-lzhfozkltzapbnmdvqdz.default.192.168.1.240.sslip.io:80"
time="2024-05-28T17:52:08.700719565-06:00" level=debug msg="Invoked gptj-python-lzhfozkltzapbnmdvqdz.default.192.168.1.240.sslip.io in 10465 usec\n"
time="2024-05-28T17:52:16.193479678-06:00" level=debug msg="Invoking: gptj-python-lzhfozkltzapbnmdvqdz.default.192.168.1.240.sslip.io:80"
time="2024-05-28T17:52:16.203503465-06:00" level=debug msg="Invoked gptj-python-lzhfozkltzapbnmdvqdz.default.192.168.1.240.sslip.io in 10034 usec\n"
time="2024-05-28T17:52:23.665486588-06:00" level=debug msg="Minute: 8"
time="2024-05-28T17:52:23.665634935-06:00" level=debug msg="Number of Invocations this iteration: 8"
time="2024-05-28T17:52:23.665723971-06:00" level=debug msg="Invoking: cartservice-4mf3mt3nhec7292n4auc.default.192.168.1.240.sslip.io:80"
time="2024-05-28T17:52:23.677421281-06:00" level=debug msg="Invoked cartservice-4mf3mt3nhec7292n4auc.default.192.168.1.240.sslip.io in 11695 usec\n"
time="2024-05-28T17:52:31.168223519-06:00" level=debug msg="Invoking: gptj-python-lzhfozkltzapbnmdvqdz.default.192.168.1.240.sslip.io:80"
time="2024-05-28T17:52:31.178229993-06:00" level=debug msg="Invoked gptj-python-lzhfozkltzapbnmdvqdz.default.192.168.1.240.sslip.io in 10038 usec\n"
time="2024-05-28T17:52:38.673461701-06:00" level=debug msg="Invoking: gptj-python-lzhfozkltzapbnmdvqdz.default.192.168.1.240.sslip.io:80"
time="2024-05-28T17:52:38.682774918-06:00" level=debug msg="Invoked gptj-python-lzhfozkltzapbnmdvqdz.default.192.168.1.240.sslip.io in 9324 usec\n"
time="2024-05-28T17:52:46.177482095-06:00" level=debug msg="Invoking: gptj-python-lzhfozkltzapbnmdvqdz.default.192.168.1.240.sslip.io:80"
time="2024-05-28T17:52:46.188441052-06:00" level=debug msg="Invoked gptj-python-lzhfozkltzapbnmdvqdz.default.192.168.1.240.sslip.io in 10966 usec\n"
time="2024-05-28T17:52:53.681453975-06:00" level=debug msg="Invoking: cartservice-4mf3mt3nhec7292n4auc.default.192.168.1.240.sslip.io:80"
time="2024-05-28T17:52:53.693514947-06:00" level=debug msg="Invoked cartservice-4mf3mt3nhec7292n4auc.default.192.168.1.240.sslip.io in 12069 usec\n"
time="2024-05-28T17:53:01.185503146-06:00" level=debug msg="Invoking: gptj-python-lzhfozkltzapbnmdvqdz.default.192.168.1.240.sslip.io:80"
time="2024-05-28T17:53:01.196852243-06:00" level=debug msg="Invoked gptj-python-lzhfozkltzapbnmdvqdz.default.192.168.1.240.sslip.io in 11356 usec\n"
time="2024-05-28T17:53:08.68943141-06:00" level=debug msg="Invoking: gptj-python-lzhfozkltzapbnmdvqdz.default.192.168.1.240.sslip.io:80"
time="2024-05-28T17:53:08.705687602-06:00" level=debug msg="Invoked gptj-python-lzhfozkltzapbnmdvqdz.default.192.168.1.240.sslip.io in 16266 usec\n"
time="2024-05-28T17:53:16.193426671-06:00" level=debug msg="Invoking: gptj-python-lzhfozkltzapbnmdvqdz.default.192.168.1.240.sslip.io:80"
time="2024-05-28T17:53:16.202717282-06:00" level=debug msg="Invoked gptj-python-lzhfozkltzapbnmdvqdz.default.192.168.1.240.sslip.io in 9297 usec\n"
time="2024-05-28T17:53:23.661477368-06:00" level=debug msg="Minute: 9"
time="2024-05-28T17:53:23.661600753-06:00" level=debug msg="Number of Invocations this iteration: 8"
time="2024-05-28T17:53:23.661691357-06:00" level=debug msg="Invoking: cartservice-4mf3mt3nhec7292n4auc.default.192.168.1.240.sslip.io:80"
time="2024-05-28T17:53:23.67361182-06:00" level=debug msg="Invoked cartservice-4mf3mt3nhec7292n4auc.default.192.168.1.240.sslip.io in 11919 usec\n"
time="2024-05-28T17:53:31.16639324-06:00" level=debug msg="Invoking: gptj-python-lzhfozkltzapbnmdvqdz.default.192.168.1.240.sslip.io:80"
time="2024-05-28T17:53:31.176466772-06:00" level=debug msg="Invoked gptj-python-lzhfozkltzapbnmdvqdz.default.192.168.1.240.sslip.io in 10083 usec\n"
time="2024-05-28T17:53:38.673437517-06:00" level=debug msg="Invoking: gptj-python-lzhfozkltzapbnmdvqdz.default.192.168.1.240.sslip.io:80"
time="2024-05-28T17:53:38.683325556-06:00" level=debug msg="Invoked gptj-python-lzhfozkltzapbnmdvqdz.default.192.168.1.240.sslip.io in 9900 usec\n"
time="2024-05-28T17:53:46.177555861-06:00" level=debug msg="Invoking: gptj-python-lzhfozkltzapbnmdvqdz.default.192.168.1.240.sslip.io:80"
time="2024-05-28T17:53:46.187699368-06:00" level=debug msg="Invoked gptj-python-lzhfozkltzapbnmdvqdz.default.192.168.1.240.sslip.io in 10155 usec\n"
time="2024-05-28T17:53:53.681488676-06:00" level=debug msg="Invoking: cartservice-4mf3mt3nhec7292n4auc.default.192.168.1.240.sslip.io:80"
time="2024-05-28T17:53:53.694374035-06:00" level=debug msg="Invoked cartservice-4mf3mt3nhec7292n4auc.default.192.168.1.240.sslip.io in 12896 usec\n"
time="2024-05-28T17:54:01.185516404-06:00" level=debug msg="Invoking: gptj-python-lzhfozkltzapbnmdvqdz.default.192.168.1.240.sslip.io:80"
time="2024-05-28T17:54:01.197118373-06:00" level=debug msg="Invoked gptj-python-lzhfozkltzapbnmdvqdz.default.192.168.1.240.sslip.io in 11607 usec\n"
time="2024-05-28T17:54:08.689494801-06:00" level=debug msg="Invoking: gptj-python-lzhfozkltzapbnmdvqdz.default.192.168.1.240.sslip.io:80"
time="2024-05-28T17:54:08.700299049-06:00" level=debug msg="Invoked gptj-python-lzhfozkltzapbnmdvqdz.default.192.168.1.240.sslip.io in 10811 usec\n"
time="2024-05-28T17:54:16.193726551-06:00" level=debug msg="Invoking: gptj-python-lzhfozkltzapbnmdvqdz.default.192.168.1.240.sslip.io:80"
time="2024-05-28T17:54:16.204588777-06:00" level=debug msg="Invoked gptj-python-lzhfozkltzapbnmdvqdz.default.192.168.1.240.sslip.io in 10893 usec\n"
time="2024-05-28T17:54:23.661717384-06:00" level=debug msg="Minute: 10"
time="2024-05-28T17:54:23.661810401-06:00" level=debug msg="Number of Invocations this iteration: 8"
time="2024-05-28T17:54:23.661865461-06:00" level=debug msg="Invoking: rnn-serving-python-10-10-onhziiug1s82ooyds1gs.default.192.168.1.240.sslip.io:80"
time="2024-05-28T17:54:31.16543948-06:00" level=debug msg="Invoking: gptj-python-lzhfozkltzapbnmdvqdz.default.192.168.1.240.sslip.io:80"
time="2024-05-28T17:54:31.175885485-06:00" level=debug msg="Invoked gptj-python-lzhfozkltzapbnmdvqdz.default.192.168.1.240.sslip.io in 10463 usec\n"
time="2024-05-28T17:54:33.687759829-06:00" level=debug msg="Invoked rnn-serving-python-10-10-onhziiug1s82ooyds1gs.default.192.168.1.240.sslip.io in 10025890 usec\n"
time="2024-05-28T17:54:38.669505585-06:00" level=debug msg="Invoking: gptj-python-lzhfozkltzapbnmdvqdz.default.192.168.1.240.sslip.io:80"
time="2024-05-28T17:54:38.679591335-06:00" level=debug msg="Invoked gptj-python-lzhfozkltzapbnmdvqdz.default.192.168.1.240.sslip.io in 10098 usec\n"
time="2024-05-28T17:54:46.173473245-06:00" level=debug msg="Invoking: gptj-python-lzhfozkltzapbnmdvqdz.default.192.168.1.240.sslip.io:80"
time="2024-05-28T17:54:46.184242662-06:00" level=debug msg="Invoked gptj-python-lzhfozkltzapbnmdvqdz.default.192.168.1.240.sslip.io in 10781 usec\n"
time="2024-05-28T17:54:53.677560873-06:00" level=debug msg="Invoking: cartservice-4mf3mt3nhec7292n4auc.default.192.168.1.240.sslip.io:80"
time="2024-05-28T17:55:01.1497146-06:00" level=debug msg="Invoked cartservice-4mf3mt3nhec7292n4auc.default.192.168.1.240.sslip.io in 7472166 usec\n"
time="2024-05-28T17:55:01.178680485-06:00" level=debug msg="Invoking: gptj-python-lzhfozkltzapbnmdvqdz.default.192.168.1.240.sslip.io:80"
time="2024-05-28T17:55:01.188356512-06:00" level=debug msg="Invoked gptj-python-lzhfozkltzapbnmdvqdz.default.192.168.1.240.sslip.io in 9684 usec\n"
time="2024-05-28T17:55:08.685437249-06:00" level=debug msg="Invoking: gptj-python-lzhfozkltzapbnmdvqdz.default.192.168.1.240.sslip.io:80"
time="2024-05-28T17:55:08.695202576-06:00" level=debug msg="Invoked gptj-python-lzhfozkltzapbnmdvqdz.default.192.168.1.240.sslip.io in 9778 usec\n"
time="2024-05-28T17:55:16.189476679-06:00" level=debug msg="Invoking: gptj-python-lzhfozkltzapbnmdvqdz.default.192.168.1.240.sslip.io:80"
time="2024-05-28T17:55:16.199736334-06:00" level=debug msg="Invoked gptj-python-lzhfozkltzapbnmdvqdz.default.192.168.1.240.sslip.io in 10269 usec\n"
time="2024-05-28T17:55:23.665449379-06:00" level=debug msg="Minute: 11"
time="2024-05-28T17:55:23.665540038-06:00" level=debug msg="Number of Invocations this iteration: 8"
time="2024-05-28T17:55:23.665623765-06:00" level=debug msg="Invoking: image-rotate-go-6-c2ml8qo1z2f9u8lrxdof.default.192.168.1.240.sslip.io:80"
time="2024-05-28T17:55:31.169475688-06:00" level=debug msg="Invoking: gptj-python-lzhfozkltzapbnmdvqdz.default.192.168.1.240.sslip.io:80"
time="2024-05-28T17:55:31.179600848-06:00" level=debug msg="Invoked gptj-python-lzhfozkltzapbnmdvqdz.default.192.168.1.240.sslip.io in 10133 usec\n"
time="2024-05-28T17:55:35.888521478-06:00" level=debug msg="Invoked image-rotate-go-6-c2ml8qo1z2f9u8lrxdof.default.192.168.1.240.sslip.io in 12222895 usec\n"
time="2024-05-28T17:55:38.670066795-06:00" level=debug msg="Invoking: gptj-python-lzhfozkltzapbnmdvqdz.default.192.168.1.240.sslip.io:80"
time="2024-05-28T17:55:38.680129195-06:00" level=debug msg="Invoked gptj-python-lzhfozkltzapbnmdvqdz.default.192.168.1.240.sslip.io in 10073 usec\n"
time="2024-05-28T17:55:46.177451635-06:00" level=debug msg="Invoking: gptj-python-lzhfozkltzapbnmdvqdz.default.192.168.1.240.sslip.io:80"
time="2024-05-28T17:55:46.187207767-06:00" level=debug msg="Invoked gptj-python-lzhfozkltzapbnmdvqdz.default.192.168.1.240.sslip.io in 9762 usec\n"
time="2024-05-28T17:55:53.681437062-06:00" level=debug msg="Invoking: cartservice-4mf3mt3nhec7292n4auc.default.192.168.1.240.sslip.io:80"
time="2024-05-28T17:55:53.709812273-06:00" level=debug msg="Invoked cartservice-4mf3mt3nhec7292n4auc.default.192.168.1.240.sslip.io in 28387 usec\n"
time="2024-05-28T17:56:01.185431821-06:00" level=debug msg="Invoking: gptj-python-lzhfozkltzapbnmdvqdz.default.192.168.1.240.sslip.io:80"
time="2024-05-28T17:56:01.197262703-06:00" level=debug msg="Invoked gptj-python-lzhfozkltzapbnmdvqdz.default.192.168.1.240.sslip.io in 11839 usec\n"
time="2024-05-28T17:56:08.689505598-06:00" level=debug msg="Invoking: gptj-python-lzhfozkltzapbnmdvqdz.default.192.168.1.240.sslip.io:80"
time="2024-05-28T17:56:08.699946307-06:00" level=debug msg="Invoked gptj-python-lzhfozkltzapbnmdvqdz.default.192.168.1.240.sslip.io in 10453 usec\n"
time="2024-05-28T17:56:16.193480731-06:00" level=debug msg="Invoking: gptj-python-lzhfozkltzapbnmdvqdz.default.192.168.1.240.sslip.io:80"
time="2024-05-28T17:56:16.203654206-06:00" level=debug msg="Invoked gptj-python-lzhfozkltzapbnmdvqdz.default.192.168.1.240.sslip.io in 10184 usec\n"
time="2024-05-28T17:56:23.667025975-06:00" level=debug msg="Minute: 12"
time="2024-05-28T17:56:23.66716591-06:00" level=debug msg="Number of Invocations this iteration: 8"
time="2024-05-28T17:56:23.667246151-06:00" level=debug msg="Invoking: cartservice-4mf3mt3nhec7292n4auc.default.192.168.1.240.sslip.io:80"
time="2024-05-28T17:56:23.680012005-06:00" level=debug msg="Invoked cartservice-4mf3mt3nhec7292n4auc.default.192.168.1.240.sslip.io in 12762 usec\n"
time="2024-05-28T17:56:31.173498294-06:00" level=debug msg="Invoking: gptj-python-lzhfozkltzapbnmdvqdz.default.192.168.1.240.sslip.io:80"
time="2024-05-28T17:56:31.183704993-06:00" level=debug msg="Invoked gptj-python-lzhfozkltzapbnmdvqdz.default.192.168.1.240.sslip.io in 10218 usec\n"
time="2024-05-28T17:56:38.679932668-06:00" level=debug msg="Invoking: gptj-python-lzhfozkltzapbnmdvqdz.default.192.168.1.240.sslip.io:80"
time="2024-05-28T17:56:38.690417102-06:00" level=debug msg="Invoked gptj-python-lzhfozkltzapbnmdvqdz.default.192.168.1.240.sslip.io in 10491 usec\n"
time="2024-05-28T17:56:46.185536347-06:00" level=debug msg="Invoking: gptj-python-lzhfozkltzapbnmdvqdz.default.192.168.1.240.sslip.io:80"
time="2024-05-28T17:56:46.195491435-06:00" level=debug msg="Invoked gptj-python-lzhfozkltzapbnmdvqdz.default.192.168.1.240.sslip.io in 9960 usec\n"
time="2024-05-28T17:56:53.690316844-06:00" level=debug msg="Invoking: cartservice-4mf3mt3nhec7292n4auc.default.192.168.1.240.sslip.io:80"
time="2024-05-28T17:56:53.702964312-06:00" level=debug msg="Invoked cartservice-4mf3mt3nhec7292n4auc.default.192.168.1.240.sslip.io in 12657 usec\n"
time="2024-05-28T17:57:01.196210947-06:00" level=debug msg="Invoking: gptj-python-lzhfozkltzapbnmdvqdz.default.192.168.1.240.sslip.io:80"
time="2024-05-28T17:57:01.207179348-06:00" level=debug msg="Invoked gptj-python-lzhfozkltzapbnmdvqdz.default.192.168.1.240.sslip.io in 10979 usec\n"
time="2024-05-28T17:57:08.701452211-06:00" level=debug msg="Invoking: gptj-python-lzhfozkltzapbnmdvqdz.default.192.168.1.240.sslip.io:80"
time="2024-05-28T17:57:08.713548905-06:00" level=debug msg="Invoked gptj-python-lzhfozkltzapbnmdvqdz.default.192.168.1.240.sslip.io in 12105 usec\n"
time="2024-05-28T17:57:16.208817772-06:00" level=debug msg="Invoking: gptj-python-lzhfozkltzapbnmdvqdz.default.192.168.1.240.sslip.io:80"
time="2024-05-28T17:57:16.218859462-06:00" level=debug msg="Invoked gptj-python-lzhfozkltzapbnmdvqdz.default.192.168.1.240.sslip.io in 10051 usec\n"
time="2024-05-28T17:57:23.666100671-06:00" level=debug msg="Minute: 13"
time="2024-05-28T17:57:23.666208602-06:00" level=debug msg="Number of Invocations this iteration: 8"
time="2024-05-28T17:57:23.666293567-06:00" level=debug msg="Invoking: cartservice-4mf3mt3nhec7292n4auc.default.192.168.1.240.sslip.io:80"
time="2024-05-28T17:57:23.679284494-06:00" level=debug msg="Invoked cartservice-4mf3mt3nhec7292n4auc.default.192.168.1.240.sslip.io in 12988 usec\n"
time="2024-05-28T17:57:31.173510906-06:00" level=debug msg="Invoking: gptj-python-lzhfozkltzapbnmdvqdz.default.192.168.1.240.sslip.io:80"
time="2024-05-28T17:57:31.18359273-06:00" level=debug msg="Invoked gptj-python-lzhfozkltzapbnmdvqdz.default.192.168.1.240.sslip.io in 10093 usec\n"
time="2024-05-28T17:57:38.679323188-06:00" level=debug msg="Invoking: gptj-python-lzhfozkltzapbnmdvqdz.default.192.168.1.240.sslip.io:80"
time="2024-05-28T17:57:38.691167617-06:00" level=debug msg="Invoked gptj-python-lzhfozkltzapbnmdvqdz.default.192.168.1.240.sslip.io in 11855 usec\n"
time="2024-05-28T17:57:46.185410308-06:00" level=debug msg="Invoking: gptj-python-lzhfozkltzapbnmdvqdz.default.192.168.1.240.sslip.io:80"
time="2024-05-28T17:57:46.194400188-06:00" level=debug msg="Invoked gptj-python-lzhfozkltzapbnmdvqdz.default.192.168.1.240.sslip.io in 8997 usec\n"
time="2024-05-28T17:57:53.692259031-06:00" level=debug msg="Invoking: cartservice-4mf3mt3nhec7292n4auc.default.192.168.1.240.sslip.io:80"
time="2024-05-28T17:57:53.70538344-06:00" level=debug msg="Invoked cartservice-4mf3mt3nhec7292n4auc.default.192.168.1.240.sslip.io in 13136 usec\n"
time="2024-05-28T17:58:01.197137854-06:00" level=debug msg="Invoking: gptj-python-lzhfozkltzapbnmdvqdz.default.192.168.1.240.sslip.io:80"
time="2024-05-28T17:58:01.210776038-06:00" level=debug msg="Invoked gptj-python-lzhfozkltzapbnmdvqdz.default.192.168.1.240.sslip.io in 13739 usec\n"
time="2024-05-28T17:58:08.701599092-06:00" level=debug msg="Invoking: gptj-python-lzhfozkltzapbnmdvqdz.default.192.168.1.240.sslip.io:80"
time="2024-05-28T17:58:08.712117554-06:00" level=debug msg="Invoked gptj-python-lzhfozkltzapbnmdvqdz.default.192.168.1.240.sslip.io in 10526 usec\n"
time="2024-05-28T17:58:16.205916577-06:00" level=debug msg="Invoking: gptj-python-lzhfozkltzapbnmdvqdz.default.192.168.1.240.sslip.io:80"
time="2024-05-28T17:58:16.215849982-06:00" level=debug msg="Invoked gptj-python-lzhfozkltzapbnmdvqdz.default.192.168.1.240.sslip.io in 9939 usec\n"
time="2024-05-28T17:58:23.667134923-06:00" level=info msg="Experiment Phase Completed"
time="2024-05-28T17:58:23.667263332-06:00" level=info msg="Issued / completed requests: 112, 112"
time="2024-05-28T17:58:23.667299886-06:00" level=info msg="Average Real RPS: 0.13 "
time="2024-05-28T17:58:23.667326912-06:00" level=info msg="Experiment finished!"
time="2024-05-28T17:58:23.667353607-06:00" level=info msg="The measured latencies are saved in rps_lat.csv"
