time="2024-05-28T17:18:26.704160967-06:00" level=debug msg="Debug logging is enabled"
time="2024-05-28T17:18:26.704318373-06:00" level=info msg="Reading the trace endpoints from the file: /users/ArunAMS/vSwarm/tools/load-generator/load.json"
time="2024-05-28T17:18:26.705563429-06:00" level=info msg="Warmup Duration: 3"
time="2024-05-28T17:18:26.705586851-06:00" level=info msg="Experiment Duration: 11"
time="2024-05-28T17:18:26.705605193-06:00" level=info msg="Minute Granularity: true"
time="2024-05-28T17:19:26.764050503-06:00" level=info msg="Running Warmup Phase"
time="2024-05-28T17:19:26.764129025-06:00" level=debug msg="Minute: 0"
time="2024-05-28T17:19:26.764206507-06:00" level=debug msg="Number of Invocations this iteration: 8"
time="2024-05-28T17:19:26.764317571-06:00" level=debug msg="Invoking: cartservice-4qjzojgwccjr7i74pnwh.default.192.168.1.240.sslip.io:80"
time="2024-05-28T17:19:34.268056007-06:00" level=debug msg="Invoking: gptj-python-2c55vftu55ufythcq39x.default.192.168.1.240.sslip.io:80"
time="2024-05-28T17:19:41.772022608-06:00" level=debug msg="Invoking: gptj-python-2c55vftu55ufythcq39x.default.192.168.1.240.sslip.io:80"
time="2024-05-28T17:19:49.279177847-06:00" level=debug msg="Invoking: gptj-python-2c55vftu55ufythcq39x.default.192.168.1.240.sslip.io:80"
time="2024-05-28T17:19:56.783993957-06:00" level=debug msg="Invoking: cartservice-4qjzojgwccjr7i74pnwh.default.192.168.1.240.sslip.io:80"
time="2024-05-28T17:20:04.28731989-06:00" level=debug msg="Invoking: gptj-python-2c55vftu55ufythcq39x.default.192.168.1.240.sslip.io:80"
time="2024-05-28T17:20:11.792583825-06:00" level=debug msg="Invoking: gptj-python-2c55vftu55ufythcq39x.default.192.168.1.240.sslip.io:80"
time="2024-05-28T17:20:19.300136492-06:00" level=debug msg="Invoking: gptj-python-2c55vftu55ufythcq39x.default.192.168.1.240.sslip.io:80"
time="2024-05-28T17:20:26.712132294-06:00" level=debug msg="Minute: 1"
time="2024-05-28T17:20:26.712283021-06:00" level=debug msg="Number of Invocations this iteration: 8"
time="2024-05-28T17:20:26.712374797-06:00" level=debug msg="Invoking: image-rotate-go-6-ebqwerxvwz2gh460hyyp.default.192.168.1.240.sslip.io:80"
time="2024-05-28T17:20:34.212801359-06:00" level=debug msg="Invoking: gptj-python-2c55vftu55ufythcq39x.default.192.168.1.240.sslip.io:80"
time="2024-05-28T17:20:41.718810189-06:00" level=debug msg="Invoking: gptj-python-2c55vftu55ufythcq39x.default.192.168.1.240.sslip.io:80"
time="2024-05-28T17:20:49.224055525-06:00" level=debug msg="Invoking: gptj-python-2c55vftu55ufythcq39x.default.192.168.1.240.sslip.io:80"
time="2024-05-28T17:20:56.728047532-06:00" level=debug msg="Invoking: cartservice-4qjzojgwccjr7i74pnwh.default.192.168.1.240.sslip.io:80"
time="2024-05-28T17:21:04.234473604-06:00" level=debug msg="Invoking: gptj-python-2c55vftu55ufythcq39x.default.192.168.1.240.sslip.io:80"
time="2024-05-28T17:21:11.740065789-06:00" level=debug msg="Invoking: gptj-python-2c55vftu55ufythcq39x.default.192.168.1.240.sslip.io:80"
time="2024-05-28T17:21:19.244943985-06:00" level=debug msg="Invoking: gptj-python-2c55vftu55ufythcq39x.default.192.168.1.240.sslip.io:80"
time="2024-05-28T17:21:26.711988466-06:00" level=debug msg="Minute: 2"
time="2024-05-28T17:21:26.712086493-06:00" level=debug msg="Number of Invocations this iteration: 8"
time="2024-05-28T17:21:26.712174778-06:00" level=debug msg="Invoking: cartservice-4qjzojgwccjr7i74pnwh.default.192.168.1.240.sslip.io:80"
time="2024-05-28T17:21:34.216840326-06:00" level=debug msg="Invoking: gptj-python-2c55vftu55ufythcq39x.default.192.168.1.240.sslip.io:80"
time="2024-05-28T17:21:41.723900617-06:00" level=debug msg="Invoking: gptj-python-2c55vftu55ufythcq39x.default.192.168.1.240.sslip.io:80"
time="2024-05-28T17:21:49.227969157-06:00" level=debug msg="Invoking: gptj-python-2c55vftu55ufythcq39x.default.192.168.1.240.sslip.io:80"
time="2024-05-28T17:21:56.73206836-06:00" level=debug msg="Invoking: cartservice-4qjzojgwccjr7i74pnwh.default.192.168.1.240.sslip.io:80"
time="2024-05-28T17:22:04.236030653-06:00" level=debug msg="Invoking: gptj-python-2c55vftu55ufythcq39x.default.192.168.1.240.sslip.io:80"
time="2024-05-28T17:22:11.740053905-06:00" level=debug msg="Invoking: gptj-python-2c55vftu55ufythcq39x.default.192.168.1.240.sslip.io:80"
time="2024-05-28T17:22:19.244674838-06:00" level=debug msg="Invoking: gptj-python-2c55vftu55ufythcq39x.default.192.168.1.240.sslip.io:80"
time="2024-05-28T17:22:26.712281426-06:00" level=info msg="Warmup Phase Completed"
time="2024-05-28T17:22:26.712383968-06:00" level=info msg="Running Experiment Phase"
time="2024-05-28T17:22:26.712413273-06:00" level=debug msg="Minute: 3"
time="2024-05-28T17:22:26.712466834-06:00" level=debug msg="Number of Invocations this iteration: 8"
time="2024-05-28T17:22:26.712558251-06:00" level=debug msg="Invoking: cartservice-4qjzojgwccjr7i74pnwh.default.192.168.1.240.sslip.io:80"
time="2024-05-28T17:22:26.743571636-06:00" level=debug msg="Invoked cartservice-4qjzojgwccjr7i74pnwh.default.192.168.1.240.sslip.io in 31010 usec\n"
time="2024-05-28T17:22:34.216018584-06:00" level=debug msg="Invoking: gptj-python-2c55vftu55ufythcq39x.default.192.168.1.240.sslip.io:80"
time="2024-05-28T17:22:34.226638871-06:00" level=debug msg="Invoked gptj-python-2c55vftu55ufythcq39x.default.192.168.1.240.sslip.io in 10631 usec\n"
time="2024-05-28T17:22:41.720077233-06:00" level=debug msg="Invoking: gptj-python-2c55vftu55ufythcq39x.default.192.168.1.240.sslip.io:80"
time="2024-05-28T17:22:41.73067461-06:00" level=debug msg="Invoked gptj-python-2c55vftu55ufythcq39x.default.192.168.1.240.sslip.io in 10608 usec\n"
time="2024-05-28T17:22:49.224009916-06:00" level=debug msg="Invoking: gptj-python-2c55vftu55ufythcq39x.default.192.168.1.240.sslip.io:80"
time="2024-05-28T17:22:49.233943715-06:00" level=debug msg="Invoked gptj-python-2c55vftu55ufythcq39x.default.192.168.1.240.sslip.io in 9943 usec\n"
time="2024-05-28T17:22:56.728016931-06:00" level=debug msg="Invoking: cartservice-4qjzojgwccjr7i74pnwh.default.192.168.1.240.sslip.io:80"
time="2024-05-28T17:22:56.741253498-06:00" level=debug msg="Invoked cartservice-4qjzojgwccjr7i74pnwh.default.192.168.1.240.sslip.io in 13220 usec\n"
time="2024-05-28T17:23:04.228273101-06:00" level=debug msg="Invoking: gptj-python-2c55vftu55ufythcq39x.default.192.168.1.240.sslip.io:80"
time="2024-05-28T17:23:04.239191399-06:00" level=debug msg="Invoked gptj-python-2c55vftu55ufythcq39x.default.192.168.1.240.sslip.io in 10995 usec\n"
time="2024-05-28T17:23:11.732013633-06:00" level=debug msg="Invoking: gptj-python-2c55vftu55ufythcq39x.default.192.168.1.240.sslip.io:80"
time="2024-05-28T17:23:11.74187034-06:00" level=debug msg="Invoked gptj-python-2c55vftu55ufythcq39x.default.192.168.1.240.sslip.io in 9871 usec\n"
time="2024-05-28T17:23:19.236064332-06:00" level=debug msg="Invoking: gptj-python-2c55vftu55ufythcq39x.default.192.168.1.240.sslip.io:80"
time="2024-05-28T17:23:19.246708014-06:00" level=debug msg="Invoked gptj-python-2c55vftu55ufythcq39x.default.192.168.1.240.sslip.io in 10653 usec\n"
time="2024-05-28T17:23:26.712084764-06:00" level=debug msg="Minute: 4"
time="2024-05-28T17:23:26.712186669-06:00" level=debug msg="Number of Invocations this iteration: 8"
time="2024-05-28T17:23:26.712314678-06:00" level=debug msg="Invoking: rnn-serving-python-10-10-vcx3zszg4b7xa6ihdiq8.default.192.168.1.240.sslip.io:80"
time="2024-05-28T17:23:33.464525386-06:00" level=debug msg="Invoked rnn-serving-python-10-10-vcx3zszg4b7xa6ihdiq8.default.192.168.1.240.sslip.io in 6752207 usec\n"
time="2024-05-28T17:23:34.2131562-06:00" level=debug msg="Invoking: gptj-python-2c55vftu55ufythcq39x.default.192.168.1.240.sslip.io:80"
time="2024-05-28T17:23:34.223593859-06:00" level=debug msg="Invoked gptj-python-2c55vftu55ufythcq39x.default.192.168.1.240.sslip.io in 10437 usec\n"
time="2024-05-28T17:23:41.720063654-06:00" level=debug msg="Invoking: gptj-python-2c55vftu55ufythcq39x.default.192.168.1.240.sslip.io:80"
time="2024-05-28T17:23:41.731870471-06:00" level=debug msg="Invoked gptj-python-2c55vftu55ufythcq39x.default.192.168.1.240.sslip.io in 11816 usec\n"
time="2024-05-28T17:23:49.224058462-06:00" level=debug msg="Invoking: gptj-python-2c55vftu55ufythcq39x.default.192.168.1.240.sslip.io:80"
time="2024-05-28T17:23:49.232997856-06:00" level=debug msg="Invoked gptj-python-2c55vftu55ufythcq39x.default.192.168.1.240.sslip.io in 8947 usec\n"
time="2024-05-28T17:23:56.728003274-06:00" level=debug msg="Invoking: cartservice-4qjzojgwccjr7i74pnwh.default.192.168.1.240.sslip.io:80"
time="2024-05-28T17:23:56.741223301-06:00" level=debug msg="Invoked cartservice-4qjzojgwccjr7i74pnwh.default.192.168.1.240.sslip.io in 13229 usec\n"
time="2024-05-28T17:24:04.232011002-06:00" level=debug msg="Invoking: gptj-python-2c55vftu55ufythcq39x.default.192.168.1.240.sslip.io:80"
time="2024-05-28T17:24:04.244432223-06:00" level=debug msg="Invoked gptj-python-2c55vftu55ufythcq39x.default.192.168.1.240.sslip.io in 12430 usec\n"
time="2024-05-28T17:24:11.736092386-06:00" level=debug msg="Invoking: gptj-python-2c55vftu55ufythcq39x.default.192.168.1.240.sslip.io:80"
time="2024-05-28T17:24:11.74553737-06:00" level=debug msg="Invoked gptj-python-2c55vftu55ufythcq39x.default.192.168.1.240.sslip.io in 9455 usec\n"
time="2024-05-28T17:24:19.240069505-06:00" level=debug msg="Invoking: gptj-python-2c55vftu55ufythcq39x.default.192.168.1.240.sslip.io:80"
time="2024-05-28T17:24:19.251605138-06:00" level=debug msg="Invoked gptj-python-2c55vftu55ufythcq39x.default.192.168.1.240.sslip.io in 11546 usec\n"
time="2024-05-28T17:24:26.712799639-06:00" level=debug msg="Minute: 5"
time="2024-05-28T17:24:26.712913121-06:00" level=debug msg="Number of Invocations this iteration: 8"
time="2024-05-28T17:24:26.713025743-06:00" level=debug msg="Invoking: cartservice-4qjzojgwccjr7i74pnwh.default.192.168.1.240.sslip.io:80"
time="2024-05-28T17:24:26.726804926-06:00" level=debug msg="Invoked cartservice-4qjzojgwccjr7i74pnwh.default.192.168.1.240.sslip.io in 13777 usec\n"
time="2024-05-28T17:24:34.220008759-06:00" level=debug msg="Invoking: gptj-python-2c55vftu55ufythcq39x.default.192.168.1.240.sslip.io:80"
time="2024-05-28T17:24:34.23011631-06:00" level=debug msg="Invoked gptj-python-2c55vftu55ufythcq39x.default.192.168.1.240.sslip.io in 10117 usec\n"
time="2024-05-28T17:24:41.724084877-06:00" level=debug msg="Invoking: gptj-python-2c55vftu55ufythcq39x.default.192.168.1.240.sslip.io:80"
time="2024-05-28T17:24:41.734101257-06:00" level=debug msg="Invoked gptj-python-2c55vftu55ufythcq39x.default.192.168.1.240.sslip.io in 10099 usec\n"
time="2024-05-28T17:24:49.22800206-06:00" level=debug msg="Invoking: gptj-python-2c55vftu55ufythcq39x.default.192.168.1.240.sslip.io:80"
time="2024-05-28T17:24:49.23774783-06:00" level=debug msg="Invoked gptj-python-2c55vftu55ufythcq39x.default.192.168.1.240.sslip.io in 9755 usec\n"
time="2024-05-28T17:24:56.733036572-06:00" level=debug msg="Invoking: cartservice-4qjzojgwccjr7i74pnwh.default.192.168.1.240.sslip.io:80"
time="2024-05-28T17:24:56.746600539-06:00" level=debug msg="Invoked cartservice-4qjzojgwccjr7i74pnwh.default.192.168.1.240.sslip.io in 13558 usec\n"
time="2024-05-28T17:25:04.236096125-06:00" level=debug msg="Invoking: gptj-python-2c55vftu55ufythcq39x.default.192.168.1.240.sslip.io:80"
time="2024-05-28T17:25:04.246941903-06:00" level=debug msg="Invoked gptj-python-2c55vftu55ufythcq39x.default.192.168.1.240.sslip.io in 10864 usec\n"
time="2024-05-28T17:25:11.740802436-06:00" level=debug msg="Invoking: gptj-python-2c55vftu55ufythcq39x.default.192.168.1.240.sslip.io:80"
time="2024-05-28T17:25:11.751315761-06:00" level=debug msg="Invoked gptj-python-2c55vftu55ufythcq39x.default.192.168.1.240.sslip.io in 10522 usec\n"
time="2024-05-28T17:25:19.244032471-06:00" level=debug msg="Invoking: gptj-python-2c55vftu55ufythcq39x.default.192.168.1.240.sslip.io:80"
time="2024-05-28T17:25:19.254311158-06:00" level=debug msg="Invoked gptj-python-2c55vftu55ufythcq39x.default.192.168.1.240.sslip.io in 10317 usec\n"
time="2024-05-28T17:25:26.711993627-06:00" level=debug msg="Minute: 6"
time="2024-05-28T17:25:26.712085495-06:00" level=debug msg="Number of Invocations this iteration: 8"
time="2024-05-28T17:25:26.712180484-06:00" level=debug msg="Invoking: image-rotate-go-6-ebqwerxvwz2gh460hyyp.default.192.168.1.240.sslip.io:80"
time="2024-05-28T17:25:34.215998139-06:00" level=debug msg="Invoking: gptj-python-2c55vftu55ufythcq39x.default.192.168.1.240.sslip.io:80"
time="2024-05-28T17:25:34.226594848-06:00" level=debug msg="Invoked gptj-python-2c55vftu55ufythcq39x.default.192.168.1.240.sslip.io in 10605 usec\n"
time="2024-05-28T17:25:38.789311546-06:00" level=debug msg="Invoked image-rotate-go-6-ebqwerxvwz2gh460hyyp.default.192.168.1.240.sslip.io in 12077129 usec\n"
time="2024-05-28T17:25:41.717139785-06:00" level=debug msg="Invoking: gptj-python-2c55vftu55ufythcq39x.default.192.168.1.240.sslip.io:80"
time="2024-05-28T17:25:41.727586339-06:00" level=debug msg="Invoked gptj-python-2c55vftu55ufythcq39x.default.192.168.1.240.sslip.io in 10482 usec\n"
time="2024-05-28T17:25:49.224020995-06:00" level=debug msg="Invoking: gptj-python-2c55vftu55ufythcq39x.default.192.168.1.240.sslip.io:80"
time="2024-05-28T17:25:49.234647905-06:00" level=debug msg="Invoked gptj-python-2c55vftu55ufythcq39x.default.192.168.1.240.sslip.io in 10641 usec\n"
time="2024-05-28T17:25:56.73087072-06:00" level=debug msg="Invoking: cartservice-4qjzojgwccjr7i74pnwh.default.192.168.1.240.sslip.io:80"
time="2024-05-28T17:25:56.743167381-06:00" level=debug msg="Invoked cartservice-4qjzojgwccjr7i74pnwh.default.192.168.1.240.sslip.io in 12306 usec\n"
time="2024-05-28T17:26:04.237573746-06:00" level=debug msg="Invoking: gptj-python-2c55vftu55ufythcq39x.default.192.168.1.240.sslip.io:80"
time="2024-05-28T17:26:04.247521917-06:00" level=debug msg="Invoked gptj-python-2c55vftu55ufythcq39x.default.192.168.1.240.sslip.io in 9982 usec\n"
time="2024-05-28T17:26:11.744019409-06:00" level=debug msg="Invoking: gptj-python-2c55vftu55ufythcq39x.default.192.168.1.240.sslip.io:80"
time="2024-05-28T17:26:11.754165421-06:00" level=debug msg="Invoked gptj-python-2c55vftu55ufythcq39x.default.192.168.1.240.sslip.io in 10160 usec\n"
time="2024-05-28T17:26:19.248083363-06:00" level=debug msg="Invoking: gptj-python-2c55vftu55ufythcq39x.default.192.168.1.240.sslip.io:80"
time="2024-05-28T17:26:19.260122781-06:00" level=debug msg="Invoked gptj-python-2c55vftu55ufythcq39x.default.192.168.1.240.sslip.io in 12048 usec\n"
time="2024-05-28T17:26:26.711984415-06:00" level=debug msg="Minute: 7"
time="2024-05-28T17:26:26.712054376-06:00" level=debug msg="Number of Invocations this iteration: 8"
time="2024-05-28T17:26:26.712113049-06:00" level=debug msg="Invoking: cartservice-4qjzojgwccjr7i74pnwh.default.192.168.1.240.sslip.io:80"
time="2024-05-28T17:26:26.725476738-06:00" level=debug msg="Invoked cartservice-4qjzojgwccjr7i74pnwh.default.192.168.1.240.sslip.io in 13347 usec\n"
time="2024-05-28T17:26:34.216514768-06:00" level=debug msg="Invoking: gptj-python-2c55vftu55ufythcq39x.default.192.168.1.240.sslip.io:80"
time="2024-05-28T17:26:34.227314738-06:00" level=debug msg="Invoked gptj-python-2c55vftu55ufythcq39x.default.192.168.1.240.sslip.io in 10810 usec\n"
time="2024-05-28T17:26:41.723303513-06:00" level=debug msg="Invoking: gptj-python-2c55vftu55ufythcq39x.default.192.168.1.240.sslip.io:80"
time="2024-05-28T17:26:41.733066943-06:00" level=debug msg="Invoked gptj-python-2c55vftu55ufythcq39x.default.192.168.1.240.sslip.io in 9771 usec\n"
time="2024-05-28T17:26:49.22801147-06:00" level=debug msg="Invoking: gptj-python-2c55vftu55ufythcq39x.default.192.168.1.240.sslip.io:80"
time="2024-05-28T17:26:49.238567683-06:00" level=debug msg="Invoked gptj-python-2c55vftu55ufythcq39x.default.192.168.1.240.sslip.io in 10563 usec\n"
time="2024-05-28T17:26:56.732067993-06:00" level=debug msg="Invoking: cartservice-4qjzojgwccjr7i74pnwh.default.192.168.1.240.sslip.io:80"
time="2024-05-28T17:26:56.748012703-06:00" level=debug msg="Invoked cartservice-4qjzojgwccjr7i74pnwh.default.192.168.1.240.sslip.io in 15948 usec\n"
time="2024-05-28T17:27:04.236094543-06:00" level=debug msg="Invoking: gptj-python-2c55vftu55ufythcq39x.default.192.168.1.240.sslip.io:80"
time="2024-05-28T17:27:04.246675026-06:00" level=debug msg="Invoked gptj-python-2c55vftu55ufythcq39x.default.192.168.1.240.sslip.io in 10651 usec\n"
time="2024-05-28T17:27:11.74267491-06:00" level=debug msg="Invoking: gptj-python-2c55vftu55ufythcq39x.default.192.168.1.240.sslip.io:80"
time="2024-05-28T17:27:11.752623515-06:00" level=debug msg="Invoked gptj-python-2c55vftu55ufythcq39x.default.192.168.1.240.sslip.io in 9954 usec\n"
time="2024-05-28T17:27:19.248051946-06:00" level=debug msg="Invoking: gptj-python-2c55vftu55ufythcq39x.default.192.168.1.240.sslip.io:80"
time="2024-05-28T17:27:19.257787765-06:00" level=debug msg="Invoked gptj-python-2c55vftu55ufythcq39x.default.192.168.1.240.sslip.io in 9741 usec\n"
time="2024-05-28T17:27:26.712941394-06:00" level=debug msg="Minute: 8"
time="2024-05-28T17:27:26.713083084-06:00" level=debug msg="Number of Invocations this iteration: 8"
time="2024-05-28T17:27:26.713165489-06:00" level=debug msg="Invoking: cartservice-4qjzojgwccjr7i74pnwh.default.192.168.1.240.sslip.io:80"
time="2024-05-28T17:27:26.725482631-06:00" level=debug msg="Invoked cartservice-4qjzojgwccjr7i74pnwh.default.192.168.1.240.sslip.io in 12315 usec\n"
time="2024-05-28T17:27:34.216075581-06:00" level=debug msg="Invoking: gptj-python-2c55vftu55ufythcq39x.default.192.168.1.240.sslip.io:80"
time="2024-05-28T17:27:34.227691853-06:00" level=debug msg="Invoked gptj-python-2c55vftu55ufythcq39x.default.192.168.1.240.sslip.io in 11626 usec\n"
time="2024-05-28T17:27:41.720393114-06:00" level=debug msg="Invoking: gptj-python-2c55vftu55ufythcq39x.default.192.168.1.240.sslip.io:80"
time="2024-05-28T17:27:41.731335017-06:00" level=debug msg="Invoked gptj-python-2c55vftu55ufythcq39x.default.192.168.1.240.sslip.io in 10950 usec\n"
time="2024-05-28T17:27:49.224089865-06:00" level=debug msg="Invoking: gptj-python-2c55vftu55ufythcq39x.default.192.168.1.240.sslip.io:80"
time="2024-05-28T17:27:49.234601216-06:00" level=debug msg="Invoked gptj-python-2c55vftu55ufythcq39x.default.192.168.1.240.sslip.io in 10542 usec\n"
time="2024-05-28T17:27:56.729816748-06:00" level=debug msg="Invoking: cartservice-4qjzojgwccjr7i74pnwh.default.192.168.1.240.sslip.io:80"
time="2024-05-28T17:27:56.74216573-06:00" level=debug msg="Invoked cartservice-4qjzojgwccjr7i74pnwh.default.192.168.1.240.sslip.io in 12358 usec\n"
time="2024-05-28T17:28:04.235998736-06:00" level=debug msg="Invoking: gptj-python-2c55vftu55ufythcq39x.default.192.168.1.240.sslip.io:80"
time="2024-05-28T17:28:04.24634896-06:00" level=debug msg="Invoked gptj-python-2c55vftu55ufythcq39x.default.192.168.1.240.sslip.io in 10362 usec\n"
time="2024-05-28T17:28:11.740988686-06:00" level=debug msg="Invoking: gptj-python-2c55vftu55ufythcq39x.default.192.168.1.240.sslip.io:80"
time="2024-05-28T17:28:11.751518083-06:00" level=debug msg="Invoked gptj-python-2c55vftu55ufythcq39x.default.192.168.1.240.sslip.io in 10537 usec\n"
time="2024-05-28T17:28:19.244044-06:00" level=debug msg="Invoking: gptj-python-2c55vftu55ufythcq39x.default.192.168.1.240.sslip.io:80"
time="2024-05-28T17:28:19.254466692-06:00" level=debug msg="Invoked gptj-python-2c55vftu55ufythcq39x.default.192.168.1.240.sslip.io in 10431 usec\n"
time="2024-05-28T17:28:26.7119963-06:00" level=debug msg="Minute: 9"
time="2024-05-28T17:28:26.712087751-06:00" level=debug msg="Number of Invocations this iteration: 8"
time="2024-05-28T17:28:26.712177123-06:00" level=debug msg="Invoking: cartservice-4qjzojgwccjr7i74pnwh.default.192.168.1.240.sslip.io:80"
time="2024-05-28T17:28:26.723809725-06:00" level=debug msg="Invoked cartservice-4qjzojgwccjr7i74pnwh.default.192.168.1.240.sslip.io in 11630 usec\n"
time="2024-05-28T17:28:34.21600009-06:00" level=debug msg="Invoking: gptj-python-2c55vftu55ufythcq39x.default.192.168.1.240.sslip.io:80"
time="2024-05-28T17:28:34.226546935-06:00" level=debug msg="Invoked gptj-python-2c55vftu55ufythcq39x.default.192.168.1.240.sslip.io in 10557 usec\n"
time="2024-05-28T17:28:41.720076645-06:00" level=debug msg="Invoking: gptj-python-2c55vftu55ufythcq39x.default.192.168.1.240.sslip.io:80"
time="2024-05-28T17:28:41.73044044-06:00" level=debug msg="Invoked gptj-python-2c55vftu55ufythcq39x.default.192.168.1.240.sslip.io in 10373 usec\n"
time="2024-05-28T17:28:49.224076963-06:00" level=debug msg="Invoking: gptj-python-2c55vftu55ufythcq39x.default.192.168.1.240.sslip.io:80"
time="2024-05-28T17:28:49.234277179-06:00" level=debug msg="Invoked gptj-python-2c55vftu55ufythcq39x.default.192.168.1.240.sslip.io in 10212 usec\n"
time="2024-05-28T17:28:56.730076207-06:00" level=debug msg="Invoking: cartservice-4qjzojgwccjr7i74pnwh.default.192.168.1.240.sslip.io:80"
time="2024-05-28T17:28:56.744185692-06:00" level=debug msg="Invoked cartservice-4qjzojgwccjr7i74pnwh.default.192.168.1.240.sslip.io in 14118 usec\n"
time="2024-05-28T17:29:04.231138277-06:00" level=debug msg="Invoking: gptj-python-2c55vftu55ufythcq39x.default.192.168.1.240.sslip.io:80"
time="2024-05-28T17:29:04.242503667-06:00" level=debug msg="Invoked gptj-python-2c55vftu55ufythcq39x.default.192.168.1.240.sslip.io in 11559 usec\n"
time="2024-05-28T17:29:11.736049583-06:00" level=debug msg="Invoking: gptj-python-2c55vftu55ufythcq39x.default.192.168.1.240.sslip.io:80"
time="2024-05-28T17:29:11.748017671-06:00" level=debug msg="Invoked gptj-python-2c55vftu55ufythcq39x.default.192.168.1.240.sslip.io in 11973 usec\n"
time="2024-05-28T17:29:19.243414706-06:00" level=debug msg="Invoking: gptj-python-2c55vftu55ufythcq39x.default.192.168.1.240.sslip.io:80"
time="2024-05-28T17:29:19.253868053-06:00" level=debug msg="Invoked gptj-python-2c55vftu55ufythcq39x.default.192.168.1.240.sslip.io in 10462 usec\n"
time="2024-05-28T17:29:26.711996586-06:00" level=debug msg="Minute: 10"
time="2024-05-28T17:29:26.712143925-06:00" level=debug msg="Number of Invocations this iteration: 8"
time="2024-05-28T17:29:26.712218464-06:00" level=debug msg="Invoking: rnn-serving-python-10-10-vcx3zszg4b7xa6ihdiq8.default.192.168.1.240.sslip.io:80"
time="2024-05-28T17:29:33.353529263-06:00" level=debug msg="Invoked rnn-serving-python-10-10-vcx3zszg4b7xa6ihdiq8.default.192.168.1.240.sslip.io in 6641309 usec\n"
time="2024-05-28T17:29:34.213145972-06:00" level=debug msg="Invoking: gptj-python-2c55vftu55ufythcq39x.default.192.168.1.240.sslip.io:80"
time="2024-05-28T17:29:34.223694534-06:00" level=debug msg="Invoked gptj-python-2c55vftu55ufythcq39x.default.192.168.1.240.sslip.io in 10552 usec\n"
time="2024-05-28T17:29:41.720107656-06:00" level=debug msg="Invoking: gptj-python-2c55vftu55ufythcq39x.default.192.168.1.240.sslip.io:80"
time="2024-05-28T17:29:41.730681428-06:00" level=debug msg="Invoked gptj-python-2c55vftu55ufythcq39x.default.192.168.1.240.sslip.io in 10583 usec\n"
time="2024-05-28T17:29:49.223992133-06:00" level=debug msg="Invoking: gptj-python-2c55vftu55ufythcq39x.default.192.168.1.240.sslip.io:80"
time="2024-05-28T17:29:49.234021725-06:00" level=debug msg="Invoked gptj-python-2c55vftu55ufythcq39x.default.192.168.1.240.sslip.io in 10037 usec\n"
time="2024-05-28T17:29:56.731191652-06:00" level=debug msg="Invoking: cartservice-4qjzojgwccjr7i74pnwh.default.192.168.1.240.sslip.io:80"
time="2024-05-28T17:29:56.742595274-06:00" level=debug msg="Invoked cartservice-4qjzojgwccjr7i74pnwh.default.192.168.1.240.sslip.io in 11412 usec\n"
time="2024-05-28T17:30:04.236000106-06:00" level=debug msg="Invoking: gptj-python-2c55vftu55ufythcq39x.default.192.168.1.240.sslip.io:80"
time="2024-05-28T17:30:04.245969193-06:00" level=debug msg="Invoked gptj-python-2c55vftu55ufythcq39x.default.192.168.1.240.sslip.io in 9990 usec\n"
time="2024-05-28T17:30:11.740057783-06:00" level=debug msg="Invoking: gptj-python-2c55vftu55ufythcq39x.default.192.168.1.240.sslip.io:80"
time="2024-05-28T17:30:11.750314639-06:00" level=debug msg="Invoked gptj-python-2c55vftu55ufythcq39x.default.192.168.1.240.sslip.io in 10259 usec\n"
time="2024-05-28T17:30:19.243990156-06:00" level=debug msg="Invoking: gptj-python-2c55vftu55ufythcq39x.default.192.168.1.240.sslip.io:80"
time="2024-05-28T17:30:19.254461809-06:00" level=debug msg="Invoked gptj-python-2c55vftu55ufythcq39x.default.192.168.1.240.sslip.io in 10482 usec\n"
time="2024-05-28T17:30:26.712457557-06:00" level=debug msg="Minute: 11"
time="2024-05-28T17:30:26.712566959-06:00" level=debug msg="Number of Invocations this iteration: 8"
time="2024-05-28T17:30:26.712651607-06:00" level=debug msg="Invoking: image-rotate-go-6-ebqwerxvwz2gh460hyyp.default.192.168.1.240.sslip.io:80"
time="2024-05-28T17:30:33.969821811-06:00" level=debug msg="Invoked image-rotate-go-6-ebqwerxvwz2gh460hyyp.default.192.168.1.240.sslip.io in 7257164 usec\n"
time="2024-05-28T17:30:34.213600411-06:00" level=debug msg="Invoking: gptj-python-2c55vftu55ufythcq39x.default.192.168.1.240.sslip.io:80"
time="2024-05-28T17:30:34.223450048-06:00" level=debug msg="Invoked gptj-python-2c55vftu55ufythcq39x.default.192.168.1.240.sslip.io in 9861 usec\n"
time="2024-05-28T17:30:41.72008497-06:00" level=debug msg="Invoking: gptj-python-2c55vftu55ufythcq39x.default.192.168.1.240.sslip.io:80"
time="2024-05-28T17:30:41.730560995-06:00" level=debug msg="Invoked gptj-python-2c55vftu55ufythcq39x.default.192.168.1.240.sslip.io in 10489 usec\n"
time="2024-05-28T17:30:49.224102063-06:00" level=debug msg="Invoking: gptj-python-2c55vftu55ufythcq39x.default.192.168.1.240.sslip.io:80"
time="2024-05-28T17:30:49.2344378-06:00" level=debug msg="Invoked gptj-python-2c55vftu55ufythcq39x.default.192.168.1.240.sslip.io in 10376 usec\n"
time="2024-05-28T17:30:56.728020142-06:00" level=debug msg="Invoking: cartservice-4qjzojgwccjr7i74pnwh.default.192.168.1.240.sslip.io:80"
time="2024-05-28T17:31:04.231480138-06:00" level=debug msg="Invoking: gptj-python-2c55vftu55ufythcq39x.default.192.168.1.240.sslip.io:80"
time="2024-05-28T17:31:04.24609055-06:00" level=debug msg="Invoked gptj-python-2c55vftu55ufythcq39x.default.192.168.1.240.sslip.io in 14607 usec\n"
time="2024-05-28T17:31:07.454208967-06:00" level=debug msg="Invoked cartservice-4qjzojgwccjr7i74pnwh.default.192.168.1.240.sslip.io in 10726198 usec\n"
time="2024-05-28T17:31:11.732048659-06:00" level=debug msg="Invoking: gptj-python-2c55vftu55ufythcq39x.default.192.168.1.240.sslip.io:80"
time="2024-05-28T17:31:11.742601268-06:00" level=debug msg="Invoked gptj-python-2c55vftu55ufythcq39x.default.192.168.1.240.sslip.io in 10560 usec\n"
time="2024-05-28T17:31:19.235991384-06:00" level=debug msg="Invoking: gptj-python-2c55vftu55ufythcq39x.default.192.168.1.240.sslip.io:80"
time="2024-05-28T17:31:19.246335932-06:00" level=debug msg="Invoked gptj-python-2c55vftu55ufythcq39x.default.192.168.1.240.sslip.io in 10353 usec\n"
time="2024-05-28T17:31:26.712377034-06:00" level=debug msg="Minute: 12"
time="2024-05-28T17:31:26.712469211-06:00" level=debug msg="Number of Invocations this iteration: 8"
time="2024-05-28T17:31:26.71251909-06:00" level=debug msg="Invoking: cartservice-4qjzojgwccjr7i74pnwh.default.192.168.1.240.sslip.io:80"
time="2024-05-28T17:31:26.736868157-06:00" level=debug msg="Invoked cartservice-4qjzojgwccjr7i74pnwh.default.192.168.1.240.sslip.io in 24335 usec\n"
time="2024-05-28T17:31:34.213235736-06:00" level=debug msg="Invoking: gptj-python-2c55vftu55ufythcq39x.default.192.168.1.240.sslip.io:80"
time="2024-05-28T17:31:34.22423642-06:00" level=debug msg="Invoked gptj-python-2c55vftu55ufythcq39x.default.192.168.1.240.sslip.io in 11009 usec\n"
time="2024-05-28T17:31:41.720017075-06:00" level=debug msg="Invoking: gptj-python-2c55vftu55ufythcq39x.default.192.168.1.240.sslip.io:80"
time="2024-05-28T17:31:41.73089211-06:00" level=debug msg="Invoked gptj-python-2c55vftu55ufythcq39x.default.192.168.1.240.sslip.io in 10888 usec\n"
time="2024-05-28T17:31:49.224061518-06:00" level=debug msg="Invoking: gptj-python-2c55vftu55ufythcq39x.default.192.168.1.240.sslip.io:80"
time="2024-05-28T17:31:49.234425133-06:00" level=debug msg="Invoked gptj-python-2c55vftu55ufythcq39x.default.192.168.1.240.sslip.io in 10372 usec\n"
time="2024-05-28T17:31:56.728061376-06:00" level=debug msg="Invoking: cartservice-4qjzojgwccjr7i74pnwh.default.192.168.1.240.sslip.io:80"
time="2024-05-28T17:31:56.742074208-06:00" level=debug msg="Invoked cartservice-4qjzojgwccjr7i74pnwh.default.192.168.1.240.sslip.io in 14023 usec\n"
time="2024-05-28T17:32:04.23201469-06:00" level=debug msg="Invoking: gptj-python-2c55vftu55ufythcq39x.default.192.168.1.240.sslip.io:80"
time="2024-05-28T17:32:04.242640623-06:00" level=debug msg="Invoked gptj-python-2c55vftu55ufythcq39x.default.192.168.1.240.sslip.io in 10638 usec\n"
time="2024-05-28T17:32:11.738814158-06:00" level=debug msg="Invoking: gptj-python-2c55vftu55ufythcq39x.default.192.168.1.240.sslip.io:80"
time="2024-05-28T17:32:11.749220556-06:00" level=debug msg="Invoked gptj-python-2c55vftu55ufythcq39x.default.192.168.1.240.sslip.io in 10417 usec\n"
time="2024-05-28T17:32:19.243988187-06:00" level=debug msg="Invoking: gptj-python-2c55vftu55ufythcq39x.default.192.168.1.240.sslip.io:80"
time="2024-05-28T17:32:19.253896343-06:00" level=debug msg="Invoked gptj-python-2c55vftu55ufythcq39x.default.192.168.1.240.sslip.io in 9915 usec\n"
time="2024-05-28T17:32:26.7120284-06:00" level=debug msg="Minute: 13"
time="2024-05-28T17:32:26.712134887-06:00" level=debug msg="Number of Invocations this iteration: 8"
time="2024-05-28T17:32:26.712227798-06:00" level=debug msg="Invoking: cartservice-4qjzojgwccjr7i74pnwh.default.192.168.1.240.sslip.io:80"
time="2024-05-28T17:32:26.724193795-06:00" level=debug msg="Invoked cartservice-4qjzojgwccjr7i74pnwh.default.192.168.1.240.sslip.io in 11964 usec\n"
time="2024-05-28T17:32:34.216049109-06:00" level=debug msg="Invoking: gptj-python-2c55vftu55ufythcq39x.default.192.168.1.240.sslip.io:80"
time="2024-05-28T17:32:34.226152808-06:00" level=debug msg="Invoked gptj-python-2c55vftu55ufythcq39x.default.192.168.1.240.sslip.io in 10114 usec\n"
time="2024-05-28T17:32:41.720098289-06:00" level=debug msg="Invoking: gptj-python-2c55vftu55ufythcq39x.default.192.168.1.240.sslip.io:80"
time="2024-05-28T17:32:41.730257302-06:00" level=debug msg="Invoked gptj-python-2c55vftu55ufythcq39x.default.192.168.1.240.sslip.io in 10171 usec\n"
time="2024-05-28T17:32:49.22411567-06:00" level=debug msg="Invoking: gptj-python-2c55vftu55ufythcq39x.default.192.168.1.240.sslip.io:80"
time="2024-05-28T17:32:49.233881085-06:00" level=debug msg="Invoked gptj-python-2c55vftu55ufythcq39x.default.192.168.1.240.sslip.io in 9806 usec\n"
time="2024-05-28T17:32:56.728058183-06:00" level=debug msg="Invoking: cartservice-4qjzojgwccjr7i74pnwh.default.192.168.1.240.sslip.io:80"
time="2024-05-28T17:32:56.741089242-06:00" level=debug msg="Invoked cartservice-4qjzojgwccjr7i74pnwh.default.192.168.1.240.sslip.io in 13042 usec\n"
time="2024-05-28T17:33:04.232067833-06:00" level=debug msg="Invoking: gptj-python-2c55vftu55ufythcq39x.default.192.168.1.240.sslip.io:80"
time="2024-05-28T17:33:04.243982455-06:00" level=debug msg="Invoked gptj-python-2c55vftu55ufythcq39x.default.192.168.1.240.sslip.io in 11921 usec\n"
time="2024-05-28T17:33:11.7390026-06:00" level=debug msg="Invoking: gptj-python-2c55vftu55ufythcq39x.default.192.168.1.240.sslip.io:80"
time="2024-05-28T17:33:11.750093907-06:00" level=debug msg="Invoked gptj-python-2c55vftu55ufythcq39x.default.192.168.1.240.sslip.io in 11101 usec\n"
time="2024-05-28T17:33:19.244020319-06:00" level=debug msg="Invoking: gptj-python-2c55vftu55ufythcq39x.default.192.168.1.240.sslip.io:80"
time="2024-05-28T17:33:19.25427016-06:00" level=debug msg="Invoked gptj-python-2c55vftu55ufythcq39x.default.192.168.1.240.sslip.io in 10260 usec\n"
time="2024-05-28T17:33:26.712045328-06:00" level=info msg="Experiment Phase Completed"
time="2024-05-28T17:33:26.71218109-06:00" level=info msg="Issued / completed requests: 112, 112"
time="2024-05-28T17:33:26.712218716-06:00" level=info msg="Average Real RPS: 0.13 "
time="2024-05-28T17:33:26.712272957-06:00" level=info msg="Experiment finished!"
time="2024-05-28T17:33:26.712300302-06:00" level=info msg="The measured latencies are saved in rps_lat.csv"
