time="2024-05-30T02:26:38.675829204-06:00" level=debug msg="Debug logging is enabled"
time="2024-05-30T02:26:38.676025796-06:00" level=info msg="Reading the trace endpoints from the file: /users/ArunAMS/vSwarm/tools/load-generator/load.json"
time="2024-05-30T02:26:38.677671937-06:00" level=info msg="Warmup Duration: 3"
time="2024-05-30T02:26:38.677699428-06:00" level=info msg="Experiment Duration: 11"
time="2024-05-30T02:26:38.677719608-06:00" level=info msg="Minute Granularity: true"
time="2024-05-30T02:27:38.73672738-06:00" level=info msg="Running Warmup Phase"
time="2024-05-30T02:27:38.736808728-06:00" level=debug msg="Minute: 0"
time="2024-05-30T02:27:38.736962375-06:00" level=debug msg="Number of Invocations this iteration: 8"
time="2024-05-30T02:27:38.737069217-06:00" level=debug msg="Invoking: cartservice-kd5pyggyz5tr9jp7k8ws.default.192.168.1.240.sslip.io:80"
time="2024-05-30T02:27:46.241833059-06:00" level=debug msg="Invoking: gptj-python-9pxorshgg1admpou4gjh.default.192.168.1.240.sslip.io:80"
time="2024-05-30T02:27:53.742488136-06:00" level=debug msg="Invoking: gptj-python-9pxorshgg1admpou4gjh.default.192.168.1.240.sslip.io:80"
time="2024-05-30T02:28:01.249994953-06:00" level=debug msg="Invoking: gptj-python-9pxorshgg1admpou4gjh.default.192.168.1.240.sslip.io:80"
time="2024-05-30T02:28:08.753693563-06:00" level=debug msg="Invoking: cartservice-kd5pyggyz5tr9jp7k8ws.default.192.168.1.240.sslip.io:80"
time="2024-05-30T02:28:16.257739233-06:00" level=debug msg="Invoking: gptj-python-9pxorshgg1admpou4gjh.default.192.168.1.240.sslip.io:80"
time="2024-05-30T02:28:23.761687667-06:00" level=debug msg="Invoking: gptj-python-9pxorshgg1admpou4gjh.default.192.168.1.240.sslip.io:80"
time="2024-05-30T02:28:31.265783774-06:00" level=debug msg="Invoking: gptj-python-9pxorshgg1admpou4gjh.default.192.168.1.240.sslip.io:80"
time="2024-05-30T02:28:38.681744794-06:00" level=debug msg="Minute: 1"
time="2024-05-30T02:28:38.681857171-06:00" level=debug msg="Number of Invocations this iteration: 8"
time="2024-05-30T02:28:38.682027776-06:00" level=debug msg="Invoking: image-rotate-go-6-ybnum7ydh6avyhot1z20.default.192.168.1.240.sslip.io:80"
time="2024-05-30T02:28:46.18909609-06:00" level=debug msg="Invoking: gptj-python-9pxorshgg1admpou4gjh.default.192.168.1.240.sslip.io:80"
time="2024-05-30T02:28:53.690597196-06:00" level=debug msg="Invoking: gptj-python-9pxorshgg1admpou4gjh.default.192.168.1.240.sslip.io:80"
time="2024-05-30T02:29:01.196496401-06:00" level=debug msg="Invoking: gptj-python-9pxorshgg1admpou4gjh.default.192.168.1.240.sslip.io:80"
time="2024-05-30T02:29:08.701854238-06:00" level=debug msg="Invoking: cartservice-kd5pyggyz5tr9jp7k8ws.default.192.168.1.240.sslip.io:80"
time="2024-05-30T02:29:16.208583444-06:00" level=debug msg="Invoking: gptj-python-9pxorshgg1admpou4gjh.default.192.168.1.240.sslip.io:80"
time="2024-05-30T02:29:23.713758199-06:00" level=debug msg="Invoking: gptj-python-9pxorshgg1admpou4gjh.default.192.168.1.240.sslip.io:80"
time="2024-05-30T02:29:31.221169315-06:00" level=debug msg="Invoking: gptj-python-9pxorshgg1admpou4gjh.default.192.168.1.240.sslip.io:80"
time="2024-05-30T02:29:38.684889944-06:00" level=debug msg="Minute: 2"
time="2024-05-30T02:29:38.685000298-06:00" level=debug msg="Number of Invocations this iteration: 8"
time="2024-05-30T02:29:38.685091664-06:00" level=debug msg="Invoking: cartservice-kd5pyggyz5tr9jp7k8ws.default.192.168.1.240.sslip.io:80"
time="2024-05-30T02:29:46.19082814-06:00" level=debug msg="Invoking: gptj-python-9pxorshgg1admpou4gjh.default.192.168.1.240.sslip.io:80"
time="2024-05-30T02:29:53.697766007-06:00" level=debug msg="Invoking: gptj-python-9pxorshgg1admpou4gjh.default.192.168.1.240.sslip.io:80"
time="2024-05-30T02:30:01.20178388-06:00" level=debug msg="Invoking: gptj-python-9pxorshgg1admpou4gjh.default.192.168.1.240.sslip.io:80"
time="2024-05-30T02:30:08.707545921-06:00" level=debug msg="Invoking: cartservice-kd5pyggyz5tr9jp7k8ws.default.192.168.1.240.sslip.io:80"
time="2024-05-30T02:30:16.213737243-06:00" level=debug msg="Invoking: gptj-python-9pxorshgg1admpou4gjh.default.192.168.1.240.sslip.io:80"
time="2024-05-30T02:30:23.714594242-06:00" level=debug msg="Invoking: gptj-python-9pxorshgg1admpou4gjh.default.192.168.1.240.sslip.io:80"
time="2024-05-30T02:30:31.221739269-06:00" level=debug msg="Invoking: gptj-python-9pxorshgg1admpou4gjh.default.192.168.1.240.sslip.io:80"
time="2024-05-30T02:30:38.681659401-06:00" level=info msg="Warmup Phase Completed"
time="2024-05-30T02:30:38.681767375-06:00" level=info msg="Running Experiment Phase"
time="2024-05-30T02:30:38.681814143-06:00" level=debug msg="Minute: 3"
time="2024-05-30T02:30:38.681864108-06:00" level=debug msg="Number of Invocations this iteration: 8"
time="2024-05-30T02:30:38.681947425-06:00" level=debug msg="Invoking: cartservice-kd5pyggyz5tr9jp7k8ws.default.192.168.1.240.sslip.io:80"
time="2024-05-30T02:30:38.697713454-06:00" level=debug msg="Invoked cartservice-kd5pyggyz5tr9jp7k8ws.default.192.168.1.240.sslip.io in 15763 usec\n"
time="2024-05-30T02:30:46.18890498-06:00" level=debug msg="Invoking: gptj-python-9pxorshgg1admpou4gjh.default.192.168.1.240.sslip.io:80"
time="2024-05-30T02:30:46.199535585-06:00" level=debug msg="Invoked gptj-python-9pxorshgg1admpou4gjh.default.192.168.1.240.sslip.io in 10639 usec\n"
time="2024-05-30T02:30:53.693742814-06:00" level=debug msg="Invoking: gptj-python-9pxorshgg1admpou4gjh.default.192.168.1.240.sslip.io:80"
time="2024-05-30T02:30:53.706092943-06:00" level=debug msg="Invoked gptj-python-9pxorshgg1admpou4gjh.default.192.168.1.240.sslip.io in 12358 usec\n"
time="2024-05-30T02:31:01.197741951-06:00" level=debug msg="Invoking: gptj-python-9pxorshgg1admpou4gjh.default.192.168.1.240.sslip.io:80"
time="2024-05-30T02:31:01.210168406-06:00" level=debug msg="Invoked gptj-python-9pxorshgg1admpou4gjh.default.192.168.1.240.sslip.io in 12423 usec\n"
time="2024-05-30T02:31:08.697986931-06:00" level=debug msg="Invoking: cartservice-kd5pyggyz5tr9jp7k8ws.default.192.168.1.240.sslip.io:80"
time="2024-05-30T02:31:08.710734045-06:00" level=debug msg="Invoked cartservice-kd5pyggyz5tr9jp7k8ws.default.192.168.1.240.sslip.io in 12812 usec\n"
time="2024-05-30T02:31:16.20181498-06:00" level=debug msg="Invoking: gptj-python-9pxorshgg1admpou4gjh.default.192.168.1.240.sslip.io:80"
time="2024-05-30T02:31:16.211784918-06:00" level=debug msg="Invoked gptj-python-9pxorshgg1admpou4gjh.default.192.168.1.240.sslip.io in 10052 usec\n"
time="2024-05-30T02:31:23.705766473-06:00" level=debug msg="Invoking: gptj-python-9pxorshgg1admpou4gjh.default.192.168.1.240.sslip.io:80"
time="2024-05-30T02:31:23.716594814-06:00" level=debug msg="Invoked gptj-python-9pxorshgg1admpou4gjh.default.192.168.1.240.sslip.io in 10839 usec\n"
time="2024-05-30T02:31:31.21242731-06:00" level=debug msg="Invoking: gptj-python-9pxorshgg1admpou4gjh.default.192.168.1.240.sslip.io:80"
time="2024-05-30T02:31:31.223075642-06:00" level=debug msg="Invoked gptj-python-9pxorshgg1admpou4gjh.default.192.168.1.240.sslip.io in 10665 usec\n"
time="2024-05-30T02:31:38.681735527-06:00" level=debug msg="Minute: 4"
time="2024-05-30T02:31:38.681852949-06:00" level=debug msg="Number of Invocations this iteration: 8"
time="2024-05-30T02:31:38.681944156-06:00" level=debug msg="Invoking: rnn-serving-python-10-10-5788qtb29qr3qkmv4j6u.default.192.168.1.240.sslip.io:80"
time="2024-05-30T02:31:46.185707466-06:00" level=debug msg="Invoking: gptj-python-9pxorshgg1admpou4gjh.default.192.168.1.240.sslip.io:80"
time="2024-05-30T02:31:46.196264133-06:00" level=debug msg="Invoked gptj-python-9pxorshgg1admpou4gjh.default.192.168.1.240.sslip.io in 10587 usec\n"
time="2024-05-30T02:31:53.689673615-06:00" level=debug msg="Invoking: gptj-python-9pxorshgg1admpou4gjh.default.192.168.1.240.sslip.io:80"
time="2024-05-30T02:31:53.700018871-06:00" level=debug msg="Invoked gptj-python-9pxorshgg1admpou4gjh.default.192.168.1.240.sslip.io in 10350 usec\n"
time="2024-05-30T02:31:59.431410285-06:00" level=debug msg="Invoked rnn-serving-python-10-10-5788qtb29qr3qkmv4j6u.default.192.168.1.240.sslip.io in 20749463 usec\n"
time="2024-05-30T02:32:01.189751198-06:00" level=debug msg="Invoking: gptj-python-9pxorshgg1admpou4gjh.default.192.168.1.240.sslip.io:80"
time="2024-05-30T02:32:01.200447628-06:00" level=debug msg="Invoked gptj-python-9pxorshgg1admpou4gjh.default.192.168.1.240.sslip.io in 10709 usec\n"
time="2024-05-30T02:32:08.693748984-06:00" level=debug msg="Invoking: cartservice-kd5pyggyz5tr9jp7k8ws.default.192.168.1.240.sslip.io:80"
time="2024-05-30T02:32:08.705030078-06:00" level=debug msg="Invoked cartservice-kd5pyggyz5tr9jp7k8ws.default.192.168.1.240.sslip.io in 11293 usec\n"
time="2024-05-30T02:32:16.200303974-06:00" level=debug msg="Invoking: gptj-python-9pxorshgg1admpou4gjh.default.192.168.1.240.sslip.io:80"
time="2024-05-30T02:32:16.211199721-06:00" level=debug msg="Invoked gptj-python-9pxorshgg1admpou4gjh.default.192.168.1.240.sslip.io in 10904 usec\n"
time="2024-05-30T02:32:23.705679733-06:00" level=debug msg="Invoking: gptj-python-9pxorshgg1admpou4gjh.default.192.168.1.240.sslip.io:80"
time="2024-05-30T02:32:23.71964135-06:00" level=debug msg="Invoked gptj-python-9pxorshgg1admpou4gjh.default.192.168.1.240.sslip.io in 13971 usec\n"
time="2024-05-30T02:32:31.212579643-06:00" level=debug msg="Invoking: gptj-python-9pxorshgg1admpou4gjh.default.192.168.1.240.sslip.io:80"
time="2024-05-30T02:32:31.22480184-06:00" level=debug msg="Invoked gptj-python-9pxorshgg1admpou4gjh.default.192.168.1.240.sslip.io in 12232 usec\n"
time="2024-05-30T02:32:38.681051027-06:00" level=debug msg="Minute: 5"
time="2024-05-30T02:32:38.681173335-06:00" level=debug msg="Number of Invocations this iteration: 8"
time="2024-05-30T02:32:38.681294361-06:00" level=debug msg="Invoking: cartservice-kd5pyggyz5tr9jp7k8ws.default.192.168.1.240.sslip.io:80"
time="2024-05-30T02:32:38.694873142-06:00" level=debug msg="Invoked cartservice-kd5pyggyz5tr9jp7k8ws.default.192.168.1.240.sslip.io in 13577 usec\n"
time="2024-05-30T02:32:46.187190232-06:00" level=debug msg="Invoking: gptj-python-9pxorshgg1admpou4gjh.default.192.168.1.240.sslip.io:80"
time="2024-05-30T02:32:46.197986135-06:00" level=debug msg="Invoked gptj-python-9pxorshgg1admpou4gjh.default.192.168.1.240.sslip.io in 10805 usec\n"
time="2024-05-30T02:32:53.693743926-06:00" level=debug msg="Invoking: gptj-python-9pxorshgg1admpou4gjh.default.192.168.1.240.sslip.io:80"
time="2024-05-30T02:32:53.705994887-06:00" level=debug msg="Invoked gptj-python-9pxorshgg1admpou4gjh.default.192.168.1.240.sslip.io in 12281 usec\n"
time="2024-05-30T02:33:01.197728195-06:00" level=debug msg="Invoking: gptj-python-9pxorshgg1admpou4gjh.default.192.168.1.240.sslip.io:80"
time="2024-05-30T02:33:01.208736171-06:00" level=debug msg="Invoked gptj-python-9pxorshgg1admpou4gjh.default.192.168.1.240.sslip.io in 11018 usec\n"
time="2024-05-30T02:33:08.698453993-06:00" level=debug msg="Invoking: cartservice-kd5pyggyz5tr9jp7k8ws.default.192.168.1.240.sslip.io:80"
time="2024-05-30T02:33:08.710981651-06:00" level=debug msg="Invoked cartservice-kd5pyggyz5tr9jp7k8ws.default.192.168.1.240.sslip.io in 12722 usec\n"
time="2024-05-30T02:33:16.202129723-06:00" level=debug msg="Invoking: gptj-python-9pxorshgg1admpou4gjh.default.192.168.1.240.sslip.io:80"
time="2024-05-30T02:33:16.212805165-06:00" level=debug msg="Invoked gptj-python-9pxorshgg1admpou4gjh.default.192.168.1.240.sslip.io in 10716 usec\n"
time="2024-05-30T02:33:23.705763538-06:00" level=debug msg="Invoking: gptj-python-9pxorshgg1admpou4gjh.default.192.168.1.240.sslip.io:80"
time="2024-05-30T02:33:23.716228759-06:00" level=debug msg="Invoked gptj-python-9pxorshgg1admpou4gjh.default.192.168.1.240.sslip.io in 10479 usec\n"
time="2024-05-30T02:33:31.209681096-06:00" level=debug msg="Invoking: gptj-python-9pxorshgg1admpou4gjh.default.192.168.1.240.sslip.io:80"
time="2024-05-30T02:33:31.220114675-06:00" level=debug msg="Invoked gptj-python-9pxorshgg1admpou4gjh.default.192.168.1.240.sslip.io in 10448 usec\n"
time="2024-05-30T02:33:38.681733486-06:00" level=debug msg="Minute: 6"
time="2024-05-30T02:33:38.681820551-06:00" level=debug msg="Number of Invocations this iteration: 8"
time="2024-05-30T02:33:38.68191264-06:00" level=debug msg="Invoking: image-rotate-go-6-ybnum7ydh6avyhot1z20.default.192.168.1.240.sslip.io:80"
time="2024-05-30T02:33:45.905540569-06:00" level=debug msg="Invoked image-rotate-go-6-ybnum7ydh6avyhot1z20.default.192.168.1.240.sslip.io in 7223626 usec\n"
time="2024-05-30T02:33:46.182979239-06:00" level=debug msg="Invoking: gptj-python-9pxorshgg1admpou4gjh.default.192.168.1.240.sslip.io:80"
time="2024-05-30T02:33:46.193514962-06:00" level=debug msg="Invoked gptj-python-9pxorshgg1admpou4gjh.default.192.168.1.240.sslip.io in 10542 usec\n"
time="2024-05-30T02:33:53.68976274-06:00" level=debug msg="Invoking: gptj-python-9pxorshgg1admpou4gjh.default.192.168.1.240.sslip.io:80"
time="2024-05-30T02:33:53.70199575-06:00" level=debug msg="Invoked gptj-python-9pxorshgg1admpou4gjh.default.192.168.1.240.sslip.io in 12243 usec\n"
time="2024-05-30T02:34:01.193740426-06:00" level=debug msg="Invoking: gptj-python-9pxorshgg1admpou4gjh.default.192.168.1.240.sslip.io:80"
time="2024-05-30T02:34:01.204853258-06:00" level=debug msg="Invoked gptj-python-9pxorshgg1admpou4gjh.default.192.168.1.240.sslip.io in 11124 usec\n"
time="2024-05-30T02:34:08.697732735-06:00" level=debug msg="Invoking: cartservice-kd5pyggyz5tr9jp7k8ws.default.192.168.1.240.sslip.io:80"
time="2024-05-30T02:34:08.709712317-06:00" level=debug msg="Invoked cartservice-kd5pyggyz5tr9jp7k8ws.default.192.168.1.240.sslip.io in 11988 usec\n"
time="2024-05-30T02:34:16.202329634-06:00" level=debug msg="Invoking: gptj-python-9pxorshgg1admpou4gjh.default.192.168.1.240.sslip.io:80"
time="2024-05-30T02:34:16.213668522-06:00" level=debug msg="Invoked gptj-python-9pxorshgg1admpou4gjh.default.192.168.1.240.sslip.io in 11347 usec\n"
time="2024-05-30T02:34:23.709750777-06:00" level=debug msg="Invoking: gptj-python-9pxorshgg1admpou4gjh.default.192.168.1.240.sslip.io:80"
time="2024-05-30T02:34:23.720271837-06:00" level=debug msg="Invoked gptj-python-9pxorshgg1admpou4gjh.default.192.168.1.240.sslip.io in 10531 usec\n"
time="2024-05-30T02:34:31.213750357-06:00" level=debug msg="Invoking: gptj-python-9pxorshgg1admpou4gjh.default.192.168.1.240.sslip.io:80"
time="2024-05-30T02:34:31.224345774-06:00" level=debug msg="Invoked gptj-python-9pxorshgg1admpou4gjh.default.192.168.1.240.sslip.io in 10612 usec\n"
time="2024-05-30T02:34:38.6846607-06:00" level=debug msg="Minute: 7"
time="2024-05-30T02:34:38.684754257-06:00" level=debug msg="Number of Invocations this iteration: 8"
time="2024-05-30T02:34:38.684835463-06:00" level=debug msg="Invoking: cartservice-kd5pyggyz5tr9jp7k8ws.default.192.168.1.240.sslip.io:80"
time="2024-05-30T02:34:38.698983432-06:00" level=debug msg="Invoked cartservice-kd5pyggyz5tr9jp7k8ws.default.192.168.1.240.sslip.io in 14144 usec\n"
time="2024-05-30T02:34:46.189737344-06:00" level=debug msg="Invoking: gptj-python-9pxorshgg1admpou4gjh.default.192.168.1.240.sslip.io:80"
time="2024-05-30T02:34:46.200915346-06:00" level=debug msg="Invoked gptj-python-9pxorshgg1admpou4gjh.default.192.168.1.240.sslip.io in 11187 usec\n"
time="2024-05-30T02:34:53.696699844-06:00" level=debug msg="Invoking: gptj-python-9pxorshgg1admpou4gjh.default.192.168.1.240.sslip.io:80"
time="2024-05-30T02:34:53.708233451-06:00" level=debug msg="Invoked gptj-python-9pxorshgg1admpou4gjh.default.192.168.1.240.sslip.io in 11541 usec\n"
time="2024-05-30T02:35:01.201804172-06:00" level=debug msg="Invoking: gptj-python-9pxorshgg1admpou4gjh.default.192.168.1.240.sslip.io:80"
time="2024-05-30T02:35:01.212289716-06:00" level=debug msg="Invoked gptj-python-9pxorshgg1admpou4gjh.default.192.168.1.240.sslip.io in 10499 usec\n"
time="2024-05-30T02:35:08.702816747-06:00" level=debug msg="Invoking: cartservice-kd5pyggyz5tr9jp7k8ws.default.192.168.1.240.sslip.io:80"
time="2024-05-30T02:35:08.715873212-06:00" level=debug msg="Invoked cartservice-kd5pyggyz5tr9jp7k8ws.default.192.168.1.240.sslip.io in 13221 usec\n"
time="2024-05-30T02:35:16.209746397-06:00" level=debug msg="Invoking: gptj-python-9pxorshgg1admpou4gjh.default.192.168.1.240.sslip.io:80"
time="2024-05-30T02:35:16.22405167-06:00" level=debug msg="Invoked gptj-python-9pxorshgg1admpou4gjh.default.192.168.1.240.sslip.io in 14312 usec\n"
time="2024-05-30T02:35:23.713765094-06:00" level=debug msg="Invoking: gptj-python-9pxorshgg1admpou4gjh.default.192.168.1.240.sslip.io:80"
time="2024-05-30T02:35:23.725124923-06:00" level=debug msg="Invoked gptj-python-9pxorshgg1admpou4gjh.default.192.168.1.240.sslip.io in 11369 usec\n"
time="2024-05-30T02:35:31.217681385-06:00" level=debug msg="Invoking: gptj-python-9pxorshgg1admpou4gjh.default.192.168.1.240.sslip.io:80"
time="2024-05-30T02:35:31.228385491-06:00" level=debug msg="Invoked gptj-python-9pxorshgg1admpou4gjh.default.192.168.1.240.sslip.io in 10713 usec\n"
time="2024-05-30T02:35:38.681713064-06:00" level=debug msg="Minute: 8"
time="2024-05-30T02:35:38.681881528-06:00" level=debug msg="Number of Invocations this iteration: 8"
time="2024-05-30T02:35:38.681964026-06:00" level=debug msg="Invoking: cartservice-kd5pyggyz5tr9jp7k8ws.default.192.168.1.240.sslip.io:80"
time="2024-05-30T02:35:38.700767338-06:00" level=debug msg="Invoked cartservice-kd5pyggyz5tr9jp7k8ws.default.192.168.1.240.sslip.io in 18800 usec\n"
time="2024-05-30T02:35:46.186675964-06:00" level=debug msg="Invoking: gptj-python-9pxorshgg1admpou4gjh.default.192.168.1.240.sslip.io:80"
time="2024-05-30T02:35:46.19798097-06:00" level=debug msg="Invoked gptj-python-9pxorshgg1admpou4gjh.default.192.168.1.240.sslip.io in 11316 usec\n"
time="2024-05-30T02:35:53.689778786-06:00" level=debug msg="Invoking: gptj-python-9pxorshgg1admpou4gjh.default.192.168.1.240.sslip.io:80"
time="2024-05-30T02:35:53.702729646-06:00" level=debug msg="Invoked gptj-python-9pxorshgg1admpou4gjh.default.192.168.1.240.sslip.io in 12962 usec\n"
time="2024-05-30T02:36:01.19709153-06:00" level=debug msg="Invoking: gptj-python-9pxorshgg1admpou4gjh.default.192.168.1.240.sslip.io:80"
time="2024-05-30T02:36:01.208855801-06:00" level=debug msg="Invoked gptj-python-9pxorshgg1admpou4gjh.default.192.168.1.240.sslip.io in 11771 usec\n"
time="2024-05-30T02:36:08.701686108-06:00" level=debug msg="Invoking: cartservice-kd5pyggyz5tr9jp7k8ws.default.192.168.1.240.sslip.io:80"
time="2024-05-30T02:36:08.713933582-06:00" level=debug msg="Invoked cartservice-kd5pyggyz5tr9jp7k8ws.default.192.168.1.240.sslip.io in 12252 usec\n"
time="2024-05-30T02:36:16.206096736-06:00" level=debug msg="Invoking: gptj-python-9pxorshgg1admpou4gjh.default.192.168.1.240.sslip.io:80"
time="2024-05-30T02:36:16.21691099-06:00" level=debug msg="Invoked gptj-python-9pxorshgg1admpou4gjh.default.192.168.1.240.sslip.io in 10826 usec\n"
time="2024-05-30T02:36:23.709772792-06:00" level=debug msg="Invoking: gptj-python-9pxorshgg1admpou4gjh.default.192.168.1.240.sslip.io:80"
time="2024-05-30T02:36:23.721017905-06:00" level=debug msg="Invoked gptj-python-9pxorshgg1admpou4gjh.default.192.168.1.240.sslip.io in 11279 usec\n"
time="2024-05-30T02:36:31.214236263-06:00" level=debug msg="Invoking: gptj-python-9pxorshgg1admpou4gjh.default.192.168.1.240.sslip.io:80"
time="2024-05-30T02:36:31.224610721-06:00" level=debug msg="Invoked gptj-python-9pxorshgg1admpou4gjh.default.192.168.1.240.sslip.io in 10386 usec\n"
time="2024-05-30T02:36:38.681703267-06:00" level=debug msg="Minute: 9"
time="2024-05-30T02:36:38.681806207-06:00" level=debug msg="Number of Invocations this iteration: 8"
time="2024-05-30T02:36:38.68190374-06:00" level=debug msg="Invoking: cartservice-kd5pyggyz5tr9jp7k8ws.default.192.168.1.240.sslip.io:80"
time="2024-05-30T02:36:38.69534321-06:00" level=debug msg="Invoked cartservice-kd5pyggyz5tr9jp7k8ws.default.192.168.1.240.sslip.io in 13436 usec\n"
time="2024-05-30T02:36:46.18568518-06:00" level=debug msg="Invoking: gptj-python-9pxorshgg1admpou4gjh.default.192.168.1.240.sslip.io:80"
time="2024-05-30T02:36:46.196207321-06:00" level=debug msg="Invoked gptj-python-9pxorshgg1admpou4gjh.default.192.168.1.240.sslip.io in 10533 usec\n"
time="2024-05-30T02:36:53.691182929-06:00" level=debug msg="Invoking: gptj-python-9pxorshgg1admpou4gjh.default.192.168.1.240.sslip.io:80"
time="2024-05-30T02:36:53.701858065-06:00" level=debug msg="Invoked gptj-python-9pxorshgg1admpou4gjh.default.192.168.1.240.sslip.io in 10686 usec\n"
time="2024-05-30T02:37:01.197753168-06:00" level=debug msg="Invoking: gptj-python-9pxorshgg1admpou4gjh.default.192.168.1.240.sslip.io:80"
time="2024-05-30T02:37:01.208507309-06:00" level=debug msg="Invoked gptj-python-9pxorshgg1admpou4gjh.default.192.168.1.240.sslip.io in 10768 usec\n"
time="2024-05-30T02:37:08.703188517-06:00" level=debug msg="Invoking: cartservice-kd5pyggyz5tr9jp7k8ws.default.192.168.1.240.sslip.io:80"
time="2024-05-30T02:37:08.718095993-06:00" level=debug msg="Invoked cartservice-kd5pyggyz5tr9jp7k8ws.default.192.168.1.240.sslip.io in 14940 usec\n"
time="2024-05-30T02:37:16.209817254-06:00" level=debug msg="Invoking: gptj-python-9pxorshgg1admpou4gjh.default.192.168.1.240.sslip.io:80"
time="2024-05-30T02:37:16.219779461-06:00" level=debug msg="Invoked gptj-python-9pxorshgg1admpou4gjh.default.192.168.1.240.sslip.io in 10038 usec\n"
time="2024-05-30T02:37:23.713673213-06:00" level=debug msg="Invoking: gptj-python-9pxorshgg1admpou4gjh.default.192.168.1.240.sslip.io:80"
time="2024-05-30T02:37:23.730188189-06:00" level=debug msg="Invoked gptj-python-9pxorshgg1admpou4gjh.default.192.168.1.240.sslip.io in 16530 usec\n"
time="2024-05-30T02:37:31.217737557-06:00" level=debug msg="Invoking: gptj-python-9pxorshgg1admpou4gjh.default.192.168.1.240.sslip.io:80"
time="2024-05-30T02:37:31.228390348-06:00" level=debug msg="Invoked gptj-python-9pxorshgg1admpou4gjh.default.192.168.1.240.sslip.io in 10659 usec\n"
time="2024-05-30T02:37:38.681707008-06:00" level=debug msg="Minute: 10"
time="2024-05-30T02:37:38.681848774-06:00" level=debug msg="Number of Invocations this iteration: 8"
time="2024-05-30T02:37:38.68195658-06:00" level=debug msg="Invoking: rnn-serving-python-10-10-5788qtb29qr3qkmv4j6u.default.192.168.1.240.sslip.io:80"
time="2024-05-30T02:37:46.185768627-06:00" level=debug msg="Invoking: gptj-python-9pxorshgg1admpou4gjh.default.192.168.1.240.sslip.io:80"
time="2024-05-30T02:37:46.196634005-06:00" level=debug msg="Invoked gptj-python-9pxorshgg1admpou4gjh.default.192.168.1.240.sslip.io in 10900 usec\n"
time="2024-05-30T02:37:49.610320906-06:00" level=debug msg="Invoked rnn-serving-python-10-10-5788qtb29qr3qkmv4j6u.default.192.168.1.240.sslip.io in 10928362 usec\n"
time="2024-05-30T02:37:53.689208047-06:00" level=debug msg="Invoking: gptj-python-9pxorshgg1admpou4gjh.default.192.168.1.240.sslip.io:80"
time="2024-05-30T02:37:53.700117381-06:00" level=debug msg="Invoked gptj-python-9pxorshgg1admpou4gjh.default.192.168.1.240.sslip.io in 10919 usec\n"
time="2024-05-30T02:38:01.193737774-06:00" level=debug msg="Invoking: gptj-python-9pxorshgg1admpou4gjh.default.192.168.1.240.sslip.io:80"
time="2024-05-30T02:38:01.204067273-06:00" level=debug msg="Invoked gptj-python-9pxorshgg1admpou4gjh.default.192.168.1.240.sslip.io in 10333 usec\n"
time="2024-05-30T02:38:08.697708795-06:00" level=debug msg="Invoking: cartservice-kd5pyggyz5tr9jp7k8ws.default.192.168.1.240.sslip.io:80"
time="2024-05-30T02:38:08.71024139-06:00" level=debug msg="Invoked cartservice-kd5pyggyz5tr9jp7k8ws.default.192.168.1.240.sslip.io in 12542 usec\n"
time="2024-05-30T02:38:16.201743772-06:00" level=debug msg="Invoking: gptj-python-9pxorshgg1admpou4gjh.default.192.168.1.240.sslip.io:80"
time="2024-05-30T02:38:16.212450161-06:00" level=debug msg="Invoked gptj-python-9pxorshgg1admpou4gjh.default.192.168.1.240.sslip.io in 10717 usec\n"
time="2024-05-30T02:38:23.705700708-06:00" level=debug msg="Invoking: gptj-python-9pxorshgg1admpou4gjh.default.192.168.1.240.sslip.io:80"
time="2024-05-30T02:38:23.71553334-06:00" level=debug msg="Invoked gptj-python-9pxorshgg1admpou4gjh.default.192.168.1.240.sslip.io in 9848 usec\n"
time="2024-05-30T02:38:31.209742661-06:00" level=debug msg="Invoking: gptj-python-9pxorshgg1admpou4gjh.default.192.168.1.240.sslip.io:80"
time="2024-05-30T02:38:31.22063977-06:00" level=debug msg="Invoked gptj-python-9pxorshgg1admpou4gjh.default.192.168.1.240.sslip.io in 10907 usec\n"
time="2024-05-30T02:38:38.681690796-06:00" level=debug msg="Minute: 11"
time="2024-05-30T02:38:38.681827933-06:00" level=debug msg="Number of Invocations this iteration: 8"
time="2024-05-30T02:38:38.681932477-06:00" level=debug msg="Invoking: image-rotate-go-6-ybnum7ydh6avyhot1z20.default.192.168.1.240.sslip.io:80"
time="2024-05-30T02:38:45.964182447-06:00" level=debug msg="Invoked image-rotate-go-6-ybnum7ydh6avyhot1z20.default.192.168.1.240.sslip.io in 7282247 usec\n"
time="2024-05-30T02:38:46.182209416-06:00" level=debug msg="Invoking: gptj-python-9pxorshgg1admpou4gjh.default.192.168.1.240.sslip.io:80"
time="2024-05-30T02:38:46.192615399-06:00" level=debug msg="Invoked gptj-python-9pxorshgg1admpou4gjh.default.192.168.1.240.sslip.io in 10441 usec\n"
time="2024-05-30T02:38:53.685742307-06:00" level=debug msg="Invoking: gptj-python-9pxorshgg1admpou4gjh.default.192.168.1.240.sslip.io:80"
time="2024-05-30T02:38:53.696175576-06:00" level=debug msg="Invoked gptj-python-9pxorshgg1admpou4gjh.default.192.168.1.240.sslip.io in 10445 usec\n"
time="2024-05-30T02:39:01.189762723-06:00" level=debug msg="Invoking: gptj-python-9pxorshgg1admpou4gjh.default.192.168.1.240.sslip.io:80"
time="2024-05-30T02:39:01.199952595-06:00" level=debug msg="Invoked gptj-python-9pxorshgg1admpou4gjh.default.192.168.1.240.sslip.io in 10202 usec\n"
time="2024-05-30T02:39:08.693735385-06:00" level=debug msg="Invoking: cartservice-kd5pyggyz5tr9jp7k8ws.default.192.168.1.240.sslip.io:80"
time="2024-05-30T02:39:08.707083945-06:00" level=debug msg="Invoked cartservice-kd5pyggyz5tr9jp7k8ws.default.192.168.1.240.sslip.io in 13346 usec\n"
time="2024-05-30T02:39:16.193920075-06:00" level=debug msg="Invoking: gptj-python-9pxorshgg1admpou4gjh.default.192.168.1.240.sslip.io:80"
time="2024-05-30T02:39:16.205048666-06:00" level=debug msg="Invoked gptj-python-9pxorshgg1admpou4gjh.default.192.168.1.240.sslip.io in 11144 usec\n"
time="2024-05-30T02:39:23.699555875-06:00" level=debug msg="Invoking: gptj-python-9pxorshgg1admpou4gjh.default.192.168.1.240.sslip.io:80"
time="2024-05-30T02:39:23.710252983-06:00" level=debug msg="Invoked gptj-python-9pxorshgg1admpou4gjh.default.192.168.1.240.sslip.io in 10708 usec\n"
time="2024-05-30T02:39:31.205722989-06:00" level=debug msg="Invoking: gptj-python-9pxorshgg1admpou4gjh.default.192.168.1.240.sslip.io:80"
time="2024-05-30T02:39:31.21693491-06:00" level=debug msg="Invoked gptj-python-9pxorshgg1admpou4gjh.default.192.168.1.240.sslip.io in 11221 usec\n"
time="2024-05-30T02:39:38.68165283-06:00" level=debug msg="Minute: 12"
time="2024-05-30T02:39:38.681798473-06:00" level=debug msg="Number of Invocations this iteration: 8"
time="2024-05-30T02:39:38.681911782-06:00" level=debug msg="Invoking: cartservice-kd5pyggyz5tr9jp7k8ws.default.192.168.1.240.sslip.io:80"
time="2024-05-30T02:39:38.696283321-06:00" level=debug msg="Invoked cartservice-kd5pyggyz5tr9jp7k8ws.default.192.168.1.240.sslip.io in 14369 usec\n"
time="2024-05-30T02:39:46.185742125-06:00" level=debug msg="Invoking: gptj-python-9pxorshgg1admpou4gjh.default.192.168.1.240.sslip.io:80"
time="2024-05-30T02:39:46.195760633-06:00" level=debug msg="Invoked gptj-python-9pxorshgg1admpou4gjh.default.192.168.1.240.sslip.io in 10028 usec\n"
time="2024-05-30T02:39:53.690214496-06:00" level=debug msg="Invoking: gptj-python-9pxorshgg1admpou4gjh.default.192.168.1.240.sslip.io:80"
time="2024-05-30T02:39:53.701154102-06:00" level=debug msg="Invoked gptj-python-9pxorshgg1admpou4gjh.default.192.168.1.240.sslip.io in 10950 usec\n"
time="2024-05-30T02:40:01.193750569-06:00" level=debug msg="Invoking: gptj-python-9pxorshgg1admpou4gjh.default.192.168.1.240.sslip.io:80"
time="2024-05-30T02:40:01.203285727-06:00" level=debug msg="Invoked gptj-python-9pxorshgg1admpou4gjh.default.192.168.1.240.sslip.io in 9543 usec\n"
time="2024-05-30T02:40:08.697677535-06:00" level=debug msg="Invoking: cartservice-kd5pyggyz5tr9jp7k8ws.default.192.168.1.240.sslip.io:80"
time="2024-05-30T02:40:08.709079844-06:00" level=debug msg="Invoked cartservice-kd5pyggyz5tr9jp7k8ws.default.192.168.1.240.sslip.io in 11412 usec\n"
time="2024-05-30T02:40:16.203551051-06:00" level=debug msg="Invoking: gptj-python-9pxorshgg1admpou4gjh.default.192.168.1.240.sslip.io:80"
time="2024-05-30T02:40:16.213650842-06:00" level=debug msg="Invoked gptj-python-9pxorshgg1admpou4gjh.default.192.168.1.240.sslip.io in 10110 usec\n"
time="2024-05-30T02:40:23.709678913-06:00" level=debug msg="Invoking: gptj-python-9pxorshgg1admpou4gjh.default.192.168.1.240.sslip.io:80"
time="2024-05-30T02:40:23.720231897-06:00" level=debug msg="Invoked gptj-python-9pxorshgg1admpou4gjh.default.192.168.1.240.sslip.io in 10562 usec\n"
time="2024-05-30T02:40:31.21374294-06:00" level=debug msg="Invoking: gptj-python-9pxorshgg1admpou4gjh.default.192.168.1.240.sslip.io:80"
time="2024-05-30T02:40:31.223991964-06:00" level=debug msg="Invoked gptj-python-9pxorshgg1admpou4gjh.default.192.168.1.240.sslip.io in 10259 usec\n"
time="2024-05-30T02:40:38.681752105-06:00" level=debug msg="Minute: 13"
time="2024-05-30T02:40:38.681856997-06:00" level=debug msg="Number of Invocations this iteration: 8"
time="2024-05-30T02:40:38.681972744-06:00" level=debug msg="Invoking: cartservice-kd5pyggyz5tr9jp7k8ws.default.192.168.1.240.sslip.io:80"
time="2024-05-30T02:40:38.694207226-06:00" level=debug msg="Invoked cartservice-kd5pyggyz5tr9jp7k8ws.default.192.168.1.240.sslip.io in 12232 usec\n"
time="2024-05-30T02:40:46.185866861-06:00" level=debug msg="Invoking: gptj-python-9pxorshgg1admpou4gjh.default.192.168.1.240.sslip.io:80"
time="2024-05-30T02:40:46.1994876-06:00" level=debug msg="Invoked gptj-python-9pxorshgg1admpou4gjh.default.192.168.1.240.sslip.io in 13630 usec\n"
time="2024-05-30T02:40:53.692832537-06:00" level=debug msg="Invoking: gptj-python-9pxorshgg1admpou4gjh.default.192.168.1.240.sslip.io:80"
time="2024-05-30T02:40:53.702857345-06:00" level=debug msg="Invoked gptj-python-9pxorshgg1admpou4gjh.default.192.168.1.240.sslip.io in 10037 usec\n"
time="2024-05-30T02:41:01.197728418-06:00" level=debug msg="Invoking: gptj-python-9pxorshgg1admpou4gjh.default.192.168.1.240.sslip.io:80"
time="2024-05-30T02:41:01.209921849-06:00" level=debug msg="Invoked gptj-python-9pxorshgg1admpou4gjh.default.192.168.1.240.sslip.io in 12245 usec\n"
time="2024-05-30T02:41:08.70173679-06:00" level=debug msg="Invoking: cartservice-kd5pyggyz5tr9jp7k8ws.default.192.168.1.240.sslip.io:80"
time="2024-05-30T02:41:08.713898125-06:00" level=debug msg="Invoked cartservice-kd5pyggyz5tr9jp7k8ws.default.192.168.1.240.sslip.io in 12147 usec\n"
time="2024-05-30T02:41:16.201907992-06:00" level=debug msg="Invoking: gptj-python-9pxorshgg1admpou4gjh.default.192.168.1.240.sslip.io:80"
time="2024-05-30T02:41:16.211400129-06:00" level=debug msg="Invoked gptj-python-9pxorshgg1admpou4gjh.default.192.168.1.240.sslip.io in 9530 usec\n"
time="2024-05-30T02:41:23.706013702-06:00" level=debug msg="Invoking: gptj-python-9pxorshgg1admpou4gjh.default.192.168.1.240.sslip.io:80"
time="2024-05-30T02:41:23.716448051-06:00" level=debug msg="Invoked gptj-python-9pxorshgg1admpou4gjh.default.192.168.1.240.sslip.io in 10443 usec\n"
time="2024-05-30T02:41:31.210292977-06:00" level=debug msg="Invoking: gptj-python-9pxorshgg1admpou4gjh.default.192.168.1.240.sslip.io:80"
time="2024-05-30T02:41:31.219976041-06:00" level=debug msg="Invoked gptj-python-9pxorshgg1admpou4gjh.default.192.168.1.240.sslip.io in 9685 usec\n"
time="2024-05-30T02:41:38.681670413-06:00" level=info msg="Experiment Phase Completed"
time="2024-05-30T02:41:38.681839642-06:00" level=info msg="Issued / completed requests: 112, 112"
time="2024-05-30T02:41:38.681878477-06:00" level=info msg="Average Real RPS: 0.13 "
time="2024-05-30T02:41:38.681904208-06:00" level=info msg="Experiment finished!"
time="2024-05-30T02:41:38.681929634-06:00" level=info msg="The measured latencies are saved in rps_lat.csv"
