time="2024-05-30T01:28:40.659633039-06:00" level=info msg="Reading the endpoints from the file: video-analytics-standalone-python-10-10/endpoints.json"
time="2024-05-30T01:31:19.175520639-06:00" level=warning msg="Failed to invoke video-analytics-standalone-python-10-o7w2d6v.default.192.168.1.240.sslip.io:80, err=rpc error: code = Unimplemented desc = "
time="2024-05-30T01:31:33.807503574-06:00" level=warning msg="Failed to invoke video-analytics-standalone-python-10-o7w2d6v.default.192.168.1.240.sslip.io:80, err=rpc error: code = Unimplemented desc = "
time="2024-05-30T01:31:48.423889052-06:00" level=warning msg="Failed to invoke video-analytics-standalone-python-10-o7w2d6v.default.192.168.1.240.sslip.io:80, err=rpc error: code = Unimplemented desc = "
time="2024-05-30T01:32:03.067629428-06:00" level=warning msg="Failed to invoke video-analytics-standalone-python-10-o7w2d6v.default.192.168.1.240.sslip.io:80, err=rpc error: code = Unimplemented desc = "
time="2024-05-30T01:32:17.694483633-06:00" level=warning msg="Failed to invoke video-analytics-standalone-python-10-o7w2d6v.default.192.168.1.240.sslip.io:80, err=rpc error: code = Unimplemented desc = "
time="2024-05-30T01:32:32.328084325-06:00" level=warning msg="Failed to invoke video-analytics-standalone-python-10-o7w2d6v.default.192.168.1.240.sslip.io:80, err=rpc error: code = Unimplemented desc = "
time="2024-05-30T01:32:46.959511155-06:00" level=warning msg="Failed to invoke video-analytics-standalone-python-10-o7w2d6v.default.192.168.1.240.sslip.io:80, err=rpc error: code = Unimplemented desc = "
time="2024-05-30T01:33:01.587647525-06:00" level=warning msg="Failed to invoke video-analytics-standalone-python-10-o7w2d6v.default.192.168.1.240.sslip.io:80, err=rpc error: code = Unimplemented desc = "
time="2024-05-30T01:33:16.220679982-06:00" level=warning msg="Failed to invoke video-analytics-standalone-python-10-o7w2d6v.default.192.168.1.240.sslip.io:80, err=rpc error: code = Unimplemented desc = "
time="2024-05-30T01:33:30.851615326-06:00" level=warning msg="Failed to invoke video-analytics-standalone-python-10-o7w2d6v.default.192.168.1.240.sslip.io:80, err=rpc error: code = Unimplemented desc = "
time="2024-05-30T01:33:45.469827651-06:00" level=warning msg="Failed to invoke video-analytics-standalone-python-10-o7w2d6v.default.192.168.1.240.sslip.io:80, err=rpc error: code = Unimplemented desc = "
time="2024-05-30T01:34:00.099497659-06:00" level=warning msg="Failed to invoke video-analytics-standalone-python-10-o7w2d6v.default.192.168.1.240.sslip.io:80, err=rpc error: code = Unimplemented desc = "
time="2024-05-30T01:34:14.740794369-06:00" level=warning msg="Failed to invoke video-analytics-standalone-python-10-o7w2d6v.default.192.168.1.240.sslip.io:80, err=rpc error: code = Unimplemented desc = "
time="2024-05-30T01:34:29.371550698-06:00" level=warning msg="Failed to invoke video-analytics-standalone-python-10-o7w2d6v.default.192.168.1.240.sslip.io:80, err=rpc error: code = Unimplemented desc = "
time="2024-05-30T01:34:44.004001997-06:00" level=warning msg="Failed to invoke video-analytics-standalone-python-10-o7w2d6v.default.192.168.1.240.sslip.io:80, err=rpc error: code = Unimplemented desc = "
time="2024-05-30T01:34:58.631337317-06:00" level=warning msg="Failed to invoke video-analytics-standalone-python-10-o7w2d6v.default.192.168.1.240.sslip.io:80, err=rpc error: code = Unimplemented desc = "
time="2024-05-30T01:35:13.265765148-06:00" level=warning msg="Failed to invoke video-analytics-standalone-python-10-o7w2d6v.default.192.168.1.240.sslip.io:80, err=rpc error: code = Unimplemented desc = "
time="2024-05-30T01:35:27.895018758-06:00" level=warning msg="Failed to invoke video-analytics-standalone-python-10-o7w2d6v.default.192.168.1.240.sslip.io:80, err=rpc error: code = Unimplemented desc = "
time="2024-05-30T01:35:42.525264466-06:00" level=warning msg="Failed to invoke video-analytics-standalone-python-10-o7w2d6v.default.192.168.1.240.sslip.io:80, err=rpc error: code = Unimplemented desc = "
time="2024-05-30T01:35:57.145541177-06:00" level=warning msg="Failed to invoke video-analytics-standalone-python-10-o7w2d6v.default.192.168.1.240.sslip.io:80, err=rpc error: code = Unimplemented desc = "
time="2024-05-30T01:36:11.774836311-06:00" level=warning msg="Failed to invoke video-analytics-standalone-python-10-o7w2d6v.default.192.168.1.240.sslip.io:80, err=rpc error: code = Unimplemented desc = "
time="2024-05-30T01:36:26.415410784-06:00" level=warning msg="Failed to invoke video-analytics-standalone-python-10-o7w2d6v.default.192.168.1.240.sslip.io:80, err=rpc error: code = Unimplemented desc = "
time="2024-05-30T01:36:41.04713117-06:00" level=warning msg="Failed to invoke video-analytics-standalone-python-10-o7w2d6v.default.192.168.1.240.sslip.io:80, err=rpc error: code = Unimplemented desc = "
time="2024-05-30T01:36:55.679270376-06:00" level=warning msg="Failed to invoke video-analytics-standalone-python-10-o7w2d6v.default.192.168.1.240.sslip.io:80, err=rpc error: code = Unimplemented desc = "
time="2024-05-30T01:37:10.309153915-06:00" level=warning msg="Failed to invoke video-analytics-standalone-python-10-o7w2d6v.default.192.168.1.240.sslip.io:80, err=rpc error: code = Unimplemented desc = "
time="2024-05-30T01:37:24.940706174-06:00" level=warning msg="Failed to invoke video-analytics-standalone-python-10-o7w2d6v.default.192.168.1.240.sslip.io:80, err=rpc error: code = Unimplemented desc = "
time="2024-05-30T01:37:39.563430679-06:00" level=warning msg="Failed to invoke video-analytics-standalone-python-10-o7w2d6v.default.192.168.1.240.sslip.io:80, err=rpc error: code = Unimplemented desc = "
time="2024-05-30T01:37:54.201437636-06:00" level=warning msg="Failed to invoke video-analytics-standalone-python-10-o7w2d6v.default.192.168.1.240.sslip.io:80, err=rpc error: code = Unimplemented desc = "
time="2024-05-30T01:38:08.820561431-06:00" level=warning msg="Failed to invoke video-analytics-standalone-python-10-o7w2d6v.default.192.168.1.240.sslip.io:80, err=rpc error: code = Unimplemented desc = "
time="2024-05-30T01:38:23.463718263-06:00" level=warning msg="Failed to invoke video-analytics-standalone-python-10-o7w2d6v.default.192.168.1.240.sslip.io:80, err=rpc error: code = Unimplemented desc = "
time="2024-05-30T01:38:38.091381277-06:00" level=warning msg="Failed to invoke video-analytics-standalone-python-10-o7w2d6v.default.192.168.1.240.sslip.io:80, err=rpc error: code = Unimplemented desc = "
time="2024-05-30T01:38:52.723192211-06:00" level=warning msg="Failed to invoke video-analytics-standalone-python-10-o7w2d6v.default.192.168.1.240.sslip.io:80, err=rpc error: code = Unimplemented desc = "
time="2024-05-30T01:39:07.355357059-06:00" level=warning msg="Failed to invoke video-analytics-standalone-python-10-o7w2d6v.default.192.168.1.240.sslip.io:80, err=rpc error: code = Unimplemented desc = "
time="2024-05-30T01:39:21.98368993-06:00" level=warning msg="Failed to invoke video-analytics-standalone-python-10-o7w2d6v.default.192.168.1.240.sslip.io:80, err=rpc error: code = Unimplemented desc = "
time="2024-05-30T01:39:36.615298007-06:00" level=warning msg="Failed to invoke video-analytics-standalone-python-10-o7w2d6v.default.192.168.1.240.sslip.io:80, err=rpc error: code = Unimplemented desc = "
time="2024-05-30T01:39:51.247285404-06:00" level=warning msg="Failed to invoke video-analytics-standalone-python-10-o7w2d6v.default.192.168.1.240.sslip.io:80, err=rpc error: code = Unimplemented desc = "
time="2024-05-30T01:40:05.875272897-06:00" level=warning msg="Failed to invoke video-analytics-standalone-python-10-o7w2d6v.default.192.168.1.240.sslip.io:80, err=rpc error: code = Unimplemented desc = "
time="2024-05-30T01:40:20.496433297-06:00" level=warning msg="Failed to invoke video-analytics-standalone-python-10-o7w2d6v.default.192.168.1.240.sslip.io:80, err=rpc error: code = Unimplemented desc = "
time="2024-05-30T01:40:35.12535782-06:00" level=warning msg="Failed to invoke video-analytics-standalone-python-10-o7w2d6v.default.192.168.1.240.sslip.io:80, err=rpc error: code = Unimplemented desc = "
time="2024-05-30T01:40:49.767166562-06:00" level=warning msg="Failed to invoke video-analytics-standalone-python-10-o7w2d6v.default.192.168.1.240.sslip.io:80, err=rpc error: code = Unimplemented desc = "
time="2024-05-30T01:41:04.399389335-06:00" level=warning msg="Failed to invoke video-analytics-standalone-python-10-o7w2d6v.default.192.168.1.240.sslip.io:80, err=rpc error: code = Unimplemented desc = "
time="2024-05-30T01:41:19.030939742-06:00" level=warning msg="Failed to invoke video-analytics-standalone-python-10-o7w2d6v.default.192.168.1.240.sslip.io:80, err=rpc error: code = Unimplemented desc = "
time="2024-05-30T01:41:33.659669881-06:00" level=warning msg="Failed to invoke video-analytics-standalone-python-10-o7w2d6v.default.192.168.1.240.sslip.io:80, err=rpc error: code = Unimplemented desc = "
time="2024-05-30T01:41:48.291031805-06:00" level=warning msg="Failed to invoke video-analytics-standalone-python-10-o7w2d6v.default.192.168.1.240.sslip.io:80, err=rpc error: code = Unimplemented desc = "
time="2024-05-30T01:41:52.855877205-06:00" level=info msg="Issued / completed requests: 54, 11"
time="2024-05-30T01:41:52.856035307-06:00" level=info msg="Real / target RPS: 0.01 / 0.2"
time="2024-05-30T01:41:52.85606373-06:00" level=info msg="Experiment finished!"
time="2024-05-30T01:41:52.856091208-06:00" level=info msg="The measured latencies are saved in video-analytics-standalone-python-10-10/lat.txt"
time="2024-05-30T01:41:52.856324737-06:00" level=info msg="The measured function durations are saved in video-analytics-standalone-python-10-10/dur.txt"
