time="2024-05-28T17:30:23.273395859-06:00" level=debug msg="Debug logging is enabled"
time="2024-05-28T17:30:23.273546088-06:00" level=info msg="Reading the trace endpoints from the file: /users/ArunAMS/vSwarm/tools/load-generator/load.json"
time="2024-05-28T17:30:23.274797639-06:00" level=info msg="Warmup Duration: 3"
time="2024-05-28T17:30:23.274820252-06:00" level=info msg="Experiment Duration: 11"
time="2024-05-28T17:30:23.274838414-06:00" level=info msg="Minute Granularity: true"
time="2024-05-28T17:31:23.333374106-06:00" level=info msg="Running Warmup Phase"
time="2024-05-28T17:31:23.333446093-06:00" level=debug msg="Minute: 0"
time="2024-05-28T17:31:23.333522793-06:00" level=debug msg="Number of Invocations this iteration: 8"
time="2024-05-28T17:31:23.333627806-06:00" level=debug msg="Invoking: cartservice-cqhqc3e2qakco07sui6k.default.192.168.1.240.sslip.io:80"
time="2024-05-28T17:31:30.834446738-06:00" level=debug msg="Invoking: gptj-python-asa451j36tksgm81hj47.default.192.168.1.240.sslip.io:80"
time="2024-05-28T17:31:38.334900694-06:00" level=debug msg="Invoking: gptj-python-asa451j36tksgm81hj47.default.192.168.1.240.sslip.io:80"
time="2024-05-28T17:31:45.841354721-06:00" level=debug msg="Invoking: gptj-python-asa451j36tksgm81hj47.default.192.168.1.240.sslip.io:80"
time="2024-05-28T17:31:53.345579117-06:00" level=debug msg="Invoking: cartservice-cqhqc3e2qakco07sui6k.default.192.168.1.240.sslip.io:80"
time="2024-05-28T17:32:00.849430852-06:00" level=debug msg="Invoking: gptj-python-asa451j36tksgm81hj47.default.192.168.1.240.sslip.io:80"
time="2024-05-28T17:32:08.353381941-06:00" level=debug msg="Invoking: gptj-python-asa451j36tksgm81hj47.default.192.168.1.240.sslip.io:80"
time="2024-05-28T17:32:15.857457157-06:00" level=debug msg="Invoking: gptj-python-asa451j36tksgm81hj47.default.192.168.1.240.sslip.io:80"
time="2024-05-28T17:32:23.281310643-06:00" level=debug msg="Minute: 1"
time="2024-05-28T17:32:23.281368987-06:00" level=debug msg="Number of Invocations this iteration: 8"
time="2024-05-28T17:32:23.281407633-06:00" level=debug msg="Invoking: image-rotate-go-6-xih9jbgnn7kc45o3to7j.default.192.168.1.240.sslip.io:80"
time="2024-05-28T17:32:30.785733464-06:00" level=debug msg="Invoking: gptj-python-asa451j36tksgm81hj47.default.192.168.1.240.sslip.io:80"
time="2024-05-28T17:32:38.286536006-06:00" level=debug msg="Invoking: gptj-python-asa451j36tksgm81hj47.default.192.168.1.240.sslip.io:80"
time="2024-05-28T17:32:45.793351666-06:00" level=debug msg="Invoking: gptj-python-asa451j36tksgm81hj47.default.192.168.1.240.sslip.io:80"
time="2024-05-28T17:32:53.297408018-06:00" level=debug msg="Invoking: cartservice-cqhqc3e2qakco07sui6k.default.192.168.1.240.sslip.io:80"
time="2024-05-28T17:33:00.801403934-06:00" level=debug msg="Invoking: gptj-python-asa451j36tksgm81hj47.default.192.168.1.240.sslip.io:80"
time="2024-05-28T17:33:08.308962796-06:00" level=debug msg="Invoking: gptj-python-asa451j36tksgm81hj47.default.192.168.1.240.sslip.io:80"
time="2024-05-28T17:33:15.813330521-06:00" level=debug msg="Invoking: gptj-python-asa451j36tksgm81hj47.default.192.168.1.240.sslip.io:80"
time="2024-05-28T17:33:23.281381114-06:00" level=debug msg="Minute: 2"
time="2024-05-28T17:33:23.281493679-06:00" level=debug msg="Number of Invocations this iteration: 8"
time="2024-05-28T17:33:23.281611802-06:00" level=debug msg="Invoking: cartservice-cqhqc3e2qakco07sui6k.default.192.168.1.240.sslip.io:80"
time="2024-05-28T17:33:30.785330729-06:00" level=debug msg="Invoking: gptj-python-asa451j36tksgm81hj47.default.192.168.1.240.sslip.io:80"
time="2024-05-28T17:33:38.289386581-06:00" level=debug msg="Invoking: gptj-python-asa451j36tksgm81hj47.default.192.168.1.240.sslip.io:80"
time="2024-05-28T17:33:45.793335802-06:00" level=debug msg="Invoking: gptj-python-asa451j36tksgm81hj47.default.192.168.1.240.sslip.io:80"
time="2024-05-28T17:33:53.297303008-06:00" level=debug msg="Invoking: cartservice-cqhqc3e2qakco07sui6k.default.192.168.1.240.sslip.io:80"
time="2024-05-28T17:34:00.801395416-06:00" level=debug msg="Invoking: gptj-python-asa451j36tksgm81hj47.default.192.168.1.240.sslip.io:80"
time="2024-05-28T17:34:08.305393531-06:00" level=debug msg="Invoking: gptj-python-asa451j36tksgm81hj47.default.192.168.1.240.sslip.io:80"
time="2024-05-28T17:34:15.809344546-06:00" level=debug msg="Invoking: gptj-python-asa451j36tksgm81hj47.default.192.168.1.240.sslip.io:80"
time="2024-05-28T17:34:23.281336074-06:00" level=info msg="Warmup Phase Completed"
time="2024-05-28T17:34:23.281408665-06:00" level=info msg="Running Experiment Phase"
time="2024-05-28T17:34:23.281447083-06:00" level=debug msg="Minute: 3"
time="2024-05-28T17:34:23.281513569-06:00" level=debug msg="Number of Invocations this iteration: 8"
time="2024-05-28T17:34:23.281600485-06:00" level=debug msg="Invoking: cartservice-cqhqc3e2qakco07sui6k.default.192.168.1.240.sslip.io:80"
time="2024-05-28T17:34:23.293622553-06:00" level=debug msg="Invoked cartservice-cqhqc3e2qakco07sui6k.default.192.168.1.240.sslip.io in 12019 usec\n"
time="2024-05-28T17:34:30.789014121-06:00" level=debug msg="Invoking: gptj-python-asa451j36tksgm81hj47.default.192.168.1.240.sslip.io:80"
time="2024-05-28T17:34:30.798903497-06:00" level=debug msg="Invoked gptj-python-asa451j36tksgm81hj47.default.192.168.1.240.sslip.io in 9900 usec\n"
time="2024-05-28T17:34:38.293397814-06:00" level=debug msg="Invoking: gptj-python-asa451j36tksgm81hj47.default.192.168.1.240.sslip.io:80"
time="2024-05-28T17:34:38.303834542-06:00" level=debug msg="Invoked gptj-python-asa451j36tksgm81hj47.default.192.168.1.240.sslip.io in 10448 usec\n"
time="2024-05-28T17:34:45.797565908-06:00" level=debug msg="Invoking: gptj-python-asa451j36tksgm81hj47.default.192.168.1.240.sslip.io:80"
time="2024-05-28T17:34:45.807792898-06:00" level=debug msg="Invoked gptj-python-asa451j36tksgm81hj47.default.192.168.1.240.sslip.io in 10236 usec\n"
time="2024-05-28T17:34:53.302073431-06:00" level=debug msg="Invoking: cartservice-cqhqc3e2qakco07sui6k.default.192.168.1.240.sslip.io:80"
time="2024-05-28T17:34:53.315779214-06:00" level=debug msg="Invoked cartservice-cqhqc3e2qakco07sui6k.default.192.168.1.240.sslip.io in 13879 usec\n"
time="2024-05-28T17:35:00.807770355-06:00" level=debug msg="Invoking: gptj-python-asa451j36tksgm81hj47.default.192.168.1.240.sslip.io:80"
time="2024-05-28T17:35:00.818486761-06:00" level=debug msg="Invoked gptj-python-asa451j36tksgm81hj47.default.192.168.1.240.sslip.io in 10729 usec\n"
time="2024-05-28T17:35:08.313336529-06:00" level=debug msg="Invoking: gptj-python-asa451j36tksgm81hj47.default.192.168.1.240.sslip.io:80"
time="2024-05-28T17:35:08.32408833-06:00" level=debug msg="Invoked gptj-python-asa451j36tksgm81hj47.default.192.168.1.240.sslip.io in 10760 usec\n"
time="2024-05-28T17:35:15.817437649-06:00" level=debug msg="Invoking: gptj-python-asa451j36tksgm81hj47.default.192.168.1.240.sslip.io:80"
time="2024-05-28T17:35:15.829660215-06:00" level=debug msg="Invoked gptj-python-asa451j36tksgm81hj47.default.192.168.1.240.sslip.io in 12256 usec\n"
time="2024-05-28T17:35:23.281384008-06:00" level=debug msg="Minute: 4"
time="2024-05-28T17:35:23.281484905-06:00" level=debug msg="Number of Invocations this iteration: 8"
time="2024-05-28T17:35:23.281602911-06:00" level=debug msg="Invoking: rnn-serving-python-10-10-8jt4fg6t0lhsn6nsy56q.default.192.168.1.240.sslip.io:80"
time="2024-05-28T17:35:30.785306295-06:00" level=debug msg="Invoking: gptj-python-asa451j36tksgm81hj47.default.192.168.1.240.sslip.io:80"
time="2024-05-28T17:35:30.794573495-06:00" level=debug msg="Invoked gptj-python-asa451j36tksgm81hj47.default.192.168.1.240.sslip.io in 9275 usec\n"
time="2024-05-28T17:35:33.449162831-06:00" level=debug msg="Invoked rnn-serving-python-10-10-8jt4fg6t0lhsn6nsy56q.default.192.168.1.240.sslip.io in 10167557 usec\n"
time="2024-05-28T17:35:38.289363764-06:00" level=debug msg="Invoking: gptj-python-asa451j36tksgm81hj47.default.192.168.1.240.sslip.io:80"
time="2024-05-28T17:35:38.299297105-06:00" level=debug msg="Invoked gptj-python-asa451j36tksgm81hj47.default.192.168.1.240.sslip.io in 9947 usec\n"
time="2024-05-28T17:35:45.793348731-06:00" level=debug msg="Invoking: gptj-python-asa451j36tksgm81hj47.default.192.168.1.240.sslip.io:80"
time="2024-05-28T17:35:45.804162206-06:00" level=debug msg="Invoked gptj-python-asa451j36tksgm81hj47.default.192.168.1.240.sslip.io in 10827 usec\n"
time="2024-05-28T17:35:53.298025319-06:00" level=debug msg="Invoking: cartservice-cqhqc3e2qakco07sui6k.default.192.168.1.240.sslip.io:80"
time="2024-05-28T17:35:53.310340708-06:00" level=debug msg="Invoked cartservice-cqhqc3e2qakco07sui6k.default.192.168.1.240.sslip.io in 12326 usec\n"
time="2024-05-28T17:36:00.801583194-06:00" level=debug msg="Invoking: gptj-python-asa451j36tksgm81hj47.default.192.168.1.240.sslip.io:80"
time="2024-05-28T17:36:00.812240869-06:00" level=debug msg="Invoked gptj-python-asa451j36tksgm81hj47.default.192.168.1.240.sslip.io in 10667 usec\n"
time="2024-05-28T17:36:08.305831947-06:00" level=debug msg="Invoking: gptj-python-asa451j36tksgm81hj47.default.192.168.1.240.sslip.io:80"
time="2024-05-28T17:36:08.315032364-06:00" level=debug msg="Invoked gptj-python-asa451j36tksgm81hj47.default.192.168.1.240.sslip.io in 9211 usec\n"
time="2024-05-28T17:36:15.81334232-06:00" level=debug msg="Invoking: gptj-python-asa451j36tksgm81hj47.default.192.168.1.240.sslip.io:80"
time="2024-05-28T17:36:15.824042816-06:00" level=debug msg="Invoked gptj-python-asa451j36tksgm81hj47.default.192.168.1.240.sslip.io in 10706 usec\n"
time="2024-05-28T17:36:23.281415828-06:00" level=debug msg="Minute: 5"
time="2024-05-28T17:36:23.281512173-06:00" level=debug msg="Number of Invocations this iteration: 8"
time="2024-05-28T17:36:23.281647241-06:00" level=debug msg="Invoking: cartservice-cqhqc3e2qakco07sui6k.default.192.168.1.240.sslip.io:80"
time="2024-05-28T17:36:23.293888468-06:00" level=debug msg="Invoked cartservice-cqhqc3e2qakco07sui6k.default.192.168.1.240.sslip.io in 12255 usec\n"
time="2024-05-28T17:36:30.788028085-06:00" level=debug msg="Invoking: gptj-python-asa451j36tksgm81hj47.default.192.168.1.240.sslip.io:80"
time="2024-05-28T17:36:30.800393544-06:00" level=debug msg="Invoked gptj-python-asa451j36tksgm81hj47.default.192.168.1.240.sslip.io in 12377 usec\n"
time="2024-05-28T17:36:38.294356585-06:00" level=debug msg="Invoking: gptj-python-asa451j36tksgm81hj47.default.192.168.1.240.sslip.io:80"
time="2024-05-28T17:36:38.304496938-06:00" level=debug msg="Invoked gptj-python-asa451j36tksgm81hj47.default.192.168.1.240.sslip.io in 10152 usec\n"
time="2024-05-28T17:36:45.801420729-06:00" level=debug msg="Invoking: gptj-python-asa451j36tksgm81hj47.default.192.168.1.240.sslip.io:80"
time="2024-05-28T17:36:45.811273502-06:00" level=debug msg="Invoked gptj-python-asa451j36tksgm81hj47.default.192.168.1.240.sslip.io in 9865 usec\n"
time="2024-05-28T17:36:53.3030925-06:00" level=debug msg="Invoking: cartservice-cqhqc3e2qakco07sui6k.default.192.168.1.240.sslip.io:80"
time="2024-05-28T17:36:53.317799737-06:00" level=debug msg="Invoked cartservice-cqhqc3e2qakco07sui6k.default.192.168.1.240.sslip.io in 14753 usec\n"
time="2024-05-28T17:37:00.805367049-06:00" level=debug msg="Invoking: gptj-python-asa451j36tksgm81hj47.default.192.168.1.240.sslip.io:80"
time="2024-05-28T17:37:00.81539097-06:00" level=debug msg="Invoked gptj-python-asa451j36tksgm81hj47.default.192.168.1.240.sslip.io in 10042 usec\n"
time="2024-05-28T17:37:08.309321637-06:00" level=debug msg="Invoking: gptj-python-asa451j36tksgm81hj47.default.192.168.1.240.sslip.io:80"
time="2024-05-28T17:37:08.318586488-06:00" level=debug msg="Invoked gptj-python-asa451j36tksgm81hj47.default.192.168.1.240.sslip.io in 9272 usec\n"
time="2024-05-28T17:37:15.81414918-06:00" level=debug msg="Invoking: gptj-python-asa451j36tksgm81hj47.default.192.168.1.240.sslip.io:80"
time="2024-05-28T17:37:15.824401709-06:00" level=debug msg="Invoked gptj-python-asa451j36tksgm81hj47.default.192.168.1.240.sslip.io in 10259 usec\n"
time="2024-05-28T17:37:23.281661488-06:00" level=debug msg="Minute: 6"
time="2024-05-28T17:37:23.281751456-06:00" level=debug msg="Number of Invocations this iteration: 8"
time="2024-05-28T17:37:23.281838921-06:00" level=debug msg="Invoking: image-rotate-go-6-xih9jbgnn7kc45o3to7j.default.192.168.1.240.sslip.io:80"
time="2024-05-28T17:37:30.385880351-06:00" level=debug msg="Invoked image-rotate-go-6-xih9jbgnn7kc45o3to7j.default.192.168.1.240.sslip.io in 7104039 usec\n"
time="2024-05-28T17:37:30.78213369-06:00" level=debug msg="Invoking: gptj-python-asa451j36tksgm81hj47.default.192.168.1.240.sslip.io:80"
time="2024-05-28T17:37:30.79232282-06:00" level=debug msg="Invoked gptj-python-asa451j36tksgm81hj47.default.192.168.1.240.sslip.io in 10198 usec\n"
time="2024-05-28T17:37:38.289335087-06:00" level=debug msg="Invoking: gptj-python-asa451j36tksgm81hj47.default.192.168.1.240.sslip.io:80"
time="2024-05-28T17:37:38.299168706-06:00" level=debug msg="Invoked gptj-python-asa451j36tksgm81hj47.default.192.168.1.240.sslip.io in 9841 usec\n"
time="2024-05-28T17:37:45.794203149-06:00" level=debug msg="Invoking: gptj-python-asa451j36tksgm81hj47.default.192.168.1.240.sslip.io:80"
time="2024-05-28T17:37:45.804787776-06:00" level=debug msg="Invoked gptj-python-asa451j36tksgm81hj47.default.192.168.1.240.sslip.io in 10596 usec\n"
time="2024-05-28T17:37:53.297398376-06:00" level=debug msg="Invoking: cartservice-cqhqc3e2qakco07sui6k.default.192.168.1.240.sslip.io:80"
time="2024-05-28T17:37:53.309741821-06:00" level=debug msg="Invoked cartservice-cqhqc3e2qakco07sui6k.default.192.168.1.240.sslip.io in 12351 usec\n"
time="2024-05-28T17:38:00.801391316-06:00" level=debug msg="Invoking: gptj-python-asa451j36tksgm81hj47.default.192.168.1.240.sslip.io:80"
time="2024-05-28T17:38:00.812031476-06:00" level=debug msg="Invoked gptj-python-asa451j36tksgm81hj47.default.192.168.1.240.sslip.io in 10649 usec\n"
time="2024-05-28T17:38:08.305393895-06:00" level=debug msg="Invoking: gptj-python-asa451j36tksgm81hj47.default.192.168.1.240.sslip.io:80"
time="2024-05-28T17:38:08.315001451-06:00" level=debug msg="Invoked gptj-python-asa451j36tksgm81hj47.default.192.168.1.240.sslip.io in 9620 usec\n"
time="2024-05-28T17:38:15.811998722-06:00" level=debug msg="Invoking: gptj-python-asa451j36tksgm81hj47.default.192.168.1.240.sslip.io:80"
time="2024-05-28T17:38:15.821748955-06:00" level=debug msg="Invoked gptj-python-asa451j36tksgm81hj47.default.192.168.1.240.sslip.io in 9762 usec\n"
time="2024-05-28T17:38:23.281561189-06:00" level=debug msg="Minute: 7"
time="2024-05-28T17:38:23.281677984-06:00" level=debug msg="Number of Invocations this iteration: 8"
time="2024-05-28T17:38:23.281765288-06:00" level=debug msg="Invoking: cartservice-cqhqc3e2qakco07sui6k.default.192.168.1.240.sslip.io:80"
time="2024-05-28T17:38:23.295310331-06:00" level=debug msg="Invoked cartservice-cqhqc3e2qakco07sui6k.default.192.168.1.240.sslip.io in 13543 usec\n"
time="2024-05-28T17:38:30.787137685-06:00" level=debug msg="Invoking: gptj-python-asa451j36tksgm81hj47.default.192.168.1.240.sslip.io:80"
time="2024-05-28T17:38:30.800574022-06:00" level=debug msg="Invoked gptj-python-asa451j36tksgm81hj47.default.192.168.1.240.sslip.io in 13448 usec\n"
time="2024-05-28T17:38:38.293338921-06:00" level=debug msg="Invoking: gptj-python-asa451j36tksgm81hj47.default.192.168.1.240.sslip.io:80"
time="2024-05-28T17:38:38.304657326-06:00" level=debug msg="Invoked gptj-python-asa451j36tksgm81hj47.default.192.168.1.240.sslip.io in 11330 usec\n"
time="2024-05-28T17:38:45.797412774-06:00" level=debug msg="Invoking: gptj-python-asa451j36tksgm81hj47.default.192.168.1.240.sslip.io:80"
time="2024-05-28T17:38:45.806374932-06:00" level=debug msg="Invoked gptj-python-asa451j36tksgm81hj47.default.192.168.1.240.sslip.io in 8954 usec\n"
time="2024-05-28T17:38:53.303334337-06:00" level=debug msg="Invoking: cartservice-cqhqc3e2qakco07sui6k.default.192.168.1.240.sslip.io:80"
time="2024-05-28T17:38:53.318882886-06:00" level=debug msg="Invoked cartservice-cqhqc3e2qakco07sui6k.default.192.168.1.240.sslip.io in 15547 usec\n"
time="2024-05-28T17:39:00.809361297-06:00" level=debug msg="Invoking: gptj-python-asa451j36tksgm81hj47.default.192.168.1.240.sslip.io:80"
time="2024-05-28T17:39:00.819053235-06:00" level=debug msg="Invoked gptj-python-asa451j36tksgm81hj47.default.192.168.1.240.sslip.io in 9712 usec\n"
time="2024-05-28T17:39:08.316010477-06:00" level=debug msg="Invoking: gptj-python-asa451j36tksgm81hj47.default.192.168.1.240.sslip.io:80"
time="2024-05-28T17:39:08.326167297-06:00" level=debug msg="Invoked gptj-python-asa451j36tksgm81hj47.default.192.168.1.240.sslip.io in 10167 usec\n"
time="2024-05-28T17:39:15.817749145-06:00" level=debug msg="Invoking: gptj-python-asa451j36tksgm81hj47.default.192.168.1.240.sslip.io:80"
time="2024-05-28T17:39:15.828554004-06:00" level=debug msg="Invoked gptj-python-asa451j36tksgm81hj47.default.192.168.1.240.sslip.io in 10821 usec\n"
time="2024-05-28T17:39:23.281370361-06:00" level=debug msg="Minute: 8"
time="2024-05-28T17:39:23.281504409-06:00" level=debug msg="Number of Invocations this iteration: 8"
time="2024-05-28T17:39:23.28158617-06:00" level=debug msg="Invoking: cartservice-cqhqc3e2qakco07sui6k.default.192.168.1.240.sslip.io:80"
time="2024-05-28T17:39:23.293308052-06:00" level=debug msg="Invoked cartservice-cqhqc3e2qakco07sui6k.default.192.168.1.240.sslip.io in 11719 usec\n"
time="2024-05-28T17:39:30.788710931-06:00" level=debug msg="Invoking: gptj-python-asa451j36tksgm81hj47.default.192.168.1.240.sslip.io:80"
time="2024-05-28T17:39:30.799153583-06:00" level=debug msg="Invoked gptj-python-asa451j36tksgm81hj47.default.192.168.1.240.sslip.io in 10448 usec\n"
time="2024-05-28T17:39:38.293335822-06:00" level=debug msg="Invoking: gptj-python-asa451j36tksgm81hj47.default.192.168.1.240.sslip.io:80"
time="2024-05-28T17:39:38.302419591-06:00" level=debug msg="Invoked gptj-python-asa451j36tksgm81hj47.default.192.168.1.240.sslip.io in 9091 usec\n"
time="2024-05-28T17:39:45.797372931-06:00" level=debug msg="Invoking: gptj-python-asa451j36tksgm81hj47.default.192.168.1.240.sslip.io:80"
time="2024-05-28T17:39:45.807859164-06:00" level=debug msg="Invoked gptj-python-asa451j36tksgm81hj47.default.192.168.1.240.sslip.io in 10499 usec\n"
time="2024-05-28T17:39:53.301332249-06:00" level=debug msg="Invoking: cartservice-cqhqc3e2qakco07sui6k.default.192.168.1.240.sslip.io:80"
time="2024-05-28T17:39:53.315805819-06:00" level=debug msg="Invoked cartservice-cqhqc3e2qakco07sui6k.default.192.168.1.240.sslip.io in 14486 usec\n"
time="2024-05-28T17:40:00.805357787-06:00" level=debug msg="Invoking: gptj-python-asa451j36tksgm81hj47.default.192.168.1.240.sslip.io:80"
time="2024-05-28T17:40:00.824041132-06:00" level=debug msg="Invoked gptj-python-asa451j36tksgm81hj47.default.192.168.1.240.sslip.io in 18713 usec\n"
time="2024-05-28T17:40:08.312074323-06:00" level=debug msg="Invoking: gptj-python-asa451j36tksgm81hj47.default.192.168.1.240.sslip.io:80"
time="2024-05-28T17:40:08.3202717-06:00" level=debug msg="Invoked gptj-python-asa451j36tksgm81hj47.default.192.168.1.240.sslip.io in 8211 usec\n"
time="2024-05-28T17:40:15.817402149-06:00" level=debug msg="Invoking: gptj-python-asa451j36tksgm81hj47.default.192.168.1.240.sslip.io:80"
time="2024-05-28T17:40:15.827886077-06:00" level=debug msg="Invoked gptj-python-asa451j36tksgm81hj47.default.192.168.1.240.sslip.io in 10497 usec\n"
time="2024-05-28T17:40:23.281388631-06:00" level=debug msg="Minute: 9"
time="2024-05-28T17:40:23.281523493-06:00" level=debug msg="Number of Invocations this iteration: 8"
time="2024-05-28T17:40:23.281618498-06:00" level=debug msg="Invoking: cartservice-cqhqc3e2qakco07sui6k.default.192.168.1.240.sslip.io:80"
time="2024-05-28T17:40:23.294158511-06:00" level=debug msg="Invoked cartservice-cqhqc3e2qakco07sui6k.default.192.168.1.240.sslip.io in 12537 usec\n"
time="2024-05-28T17:40:30.785343708-06:00" level=debug msg="Invoking: gptj-python-asa451j36tksgm81hj47.default.192.168.1.240.sslip.io:80"
time="2024-05-28T17:40:30.796231206-06:00" level=debug msg="Invoked gptj-python-asa451j36tksgm81hj47.default.192.168.1.240.sslip.io in 10905 usec\n"
time="2024-05-28T17:40:38.289353076-06:00" level=debug msg="Invoking: gptj-python-asa451j36tksgm81hj47.default.192.168.1.240.sslip.io:80"
time="2024-05-28T17:40:38.299042947-06:00" level=debug msg="Invoked gptj-python-asa451j36tksgm81hj47.default.192.168.1.240.sslip.io in 9706 usec\n"
time="2024-05-28T17:40:45.79648099-06:00" level=debug msg="Invoking: gptj-python-asa451j36tksgm81hj47.default.192.168.1.240.sslip.io:80"
time="2024-05-28T17:40:45.806733366-06:00" level=debug msg="Invoked gptj-python-asa451j36tksgm81hj47.default.192.168.1.240.sslip.io in 10263 usec\n"
time="2024-05-28T17:40:53.301384233-06:00" level=debug msg="Invoking: cartservice-cqhqc3e2qakco07sui6k.default.192.168.1.240.sslip.io:80"
time="2024-05-28T17:40:53.314689166-06:00" level=debug msg="Invoked cartservice-cqhqc3e2qakco07sui6k.default.192.168.1.240.sslip.io in 13306 usec\n"
time="2024-05-28T17:41:00.807906295-06:00" level=debug msg="Invoking: gptj-python-asa451j36tksgm81hj47.default.192.168.1.240.sslip.io:80"
time="2024-05-28T17:41:00.819802707-06:00" level=debug msg="Invoked gptj-python-asa451j36tksgm81hj47.default.192.168.1.240.sslip.io in 11959 usec\n"
time="2024-05-28T17:41:08.315222243-06:00" level=debug msg="Invoking: gptj-python-asa451j36tksgm81hj47.default.192.168.1.240.sslip.io:80"
time="2024-05-28T17:41:08.32515954-06:00" level=debug msg="Invoked gptj-python-asa451j36tksgm81hj47.default.192.168.1.240.sslip.io in 9949 usec\n"
time="2024-05-28T17:41:15.821339205-06:00" level=debug msg="Invoking: gptj-python-asa451j36tksgm81hj47.default.192.168.1.240.sslip.io:80"
time="2024-05-28T17:41:15.831263139-06:00" level=debug msg="Invoked gptj-python-asa451j36tksgm81hj47.default.192.168.1.240.sslip.io in 9930 usec\n"
time="2024-05-28T17:41:23.281316322-06:00" level=debug msg="Minute: 10"
time="2024-05-28T17:41:23.281448173-06:00" level=debug msg="Number of Invocations this iteration: 8"
time="2024-05-28T17:41:23.281526554-06:00" level=debug msg="Invoking: rnn-serving-python-10-10-8jt4fg6t0lhsn6nsy56q.default.192.168.1.240.sslip.io:80"
time="2024-05-28T17:41:30.785350731-06:00" level=debug msg="Invoking: gptj-python-asa451j36tksgm81hj47.default.192.168.1.240.sslip.io:80"
time="2024-05-28T17:41:30.794649703-06:00" level=debug msg="Invoked gptj-python-asa451j36tksgm81hj47.default.192.168.1.240.sslip.io in 9309 usec\n"
time="2024-05-28T17:41:38.289404649-06:00" level=debug msg="Invoking: gptj-python-asa451j36tksgm81hj47.default.192.168.1.240.sslip.io:80"
time="2024-05-28T17:41:38.30008352-06:00" level=debug msg="Invoked gptj-python-asa451j36tksgm81hj47.default.192.168.1.240.sslip.io in 10684 usec\n"
time="2024-05-28T17:41:45.796474925-06:00" level=debug msg="Invoking: gptj-python-asa451j36tksgm81hj47.default.192.168.1.240.sslip.io:80"
time="2024-05-28T17:41:45.806581251-06:00" level=debug msg="Invoked gptj-python-asa451j36tksgm81hj47.default.192.168.1.240.sslip.io in 10115 usec\n"
time="2024-05-28T17:41:53.2895921-06:00" level=warning msg="Failed to invoke rnn-serving-python-10-10-8jt4fg6t0lhsn6nsy56q.default.192.168.1.240.sslip.io:80, err=rpc error: code = DeadlineExceeded desc = context deadline exceeded"
time="2024-05-28T17:41:53.289965997-06:00" level=debug msg="Invoked rnn-serving-python-10-10-8jt4fg6t0lhsn6nsy56q.default.192.168.1.240.sslip.io in 30008437 usec\n"
time="2024-05-28T17:41:53.296623389-06:00" level=debug msg="Invoking: cartservice-cqhqc3e2qakco07sui6k.default.192.168.1.240.sslip.io:80"
time="2024-05-28T17:41:53.31106534-06:00" level=debug msg="Invoked cartservice-cqhqc3e2qakco07sui6k.default.192.168.1.240.sslip.io in 14446 usec\n"
time="2024-05-28T17:42:00.801576854-06:00" level=debug msg="Invoking: gptj-python-asa451j36tksgm81hj47.default.192.168.1.240.sslip.io:80"
time="2024-05-28T17:42:00.812026612-06:00" level=debug msg="Invoked gptj-python-asa451j36tksgm81hj47.default.192.168.1.240.sslip.io in 10454 usec\n"
time="2024-05-28T17:42:08.305388995-06:00" level=debug msg="Invoking: gptj-python-asa451j36tksgm81hj47.default.192.168.1.240.sslip.io:80"
time="2024-05-28T17:42:08.315455778-06:00" level=debug msg="Invoked gptj-python-asa451j36tksgm81hj47.default.192.168.1.240.sslip.io in 10074 usec\n"
time="2024-05-28T17:42:15.80934064-06:00" level=debug msg="Invoking: gptj-python-asa451j36tksgm81hj47.default.192.168.1.240.sslip.io:80"
time="2024-05-28T17:42:15.81920173-06:00" level=debug msg="Invoked gptj-python-asa451j36tksgm81hj47.default.192.168.1.240.sslip.io in 9871 usec\n"
time="2024-05-28T17:42:23.281338687-06:00" level=debug msg="Minute: 11"
time="2024-05-28T17:42:23.281450053-06:00" level=debug msg="Number of Invocations this iteration: 8"
time="2024-05-28T17:42:23.281556703-06:00" level=debug msg="Invoking: image-rotate-go-6-xih9jbgnn7kc45o3to7j.default.192.168.1.240.sslip.io:80"
time="2024-05-28T17:42:30.786484902-06:00" level=debug msg="Invoking: gptj-python-asa451j36tksgm81hj47.default.192.168.1.240.sslip.io:80"
time="2024-05-28T17:42:30.796922569-06:00" level=debug msg="Invoked gptj-python-asa451j36tksgm81hj47.default.192.168.1.240.sslip.io in 10447 usec\n"
time="2024-05-28T17:42:35.448123791-06:00" level=debug msg="Invoked image-rotate-go-6-xih9jbgnn7kc45o3to7j.default.192.168.1.240.sslip.io in 12166564 usec\n"
time="2024-05-28T17:42:38.288989686-06:00" level=debug msg="Invoking: gptj-python-asa451j36tksgm81hj47.default.192.168.1.240.sslip.io:80"
time="2024-05-28T17:42:38.298821549-06:00" level=debug msg="Invoked gptj-python-asa451j36tksgm81hj47.default.192.168.1.240.sslip.io in 9861 usec\n"
time="2024-05-28T17:42:45.793412671-06:00" level=debug msg="Invoking: gptj-python-asa451j36tksgm81hj47.default.192.168.1.240.sslip.io:80"
time="2024-05-28T17:42:45.803840604-06:00" level=debug msg="Invoked gptj-python-asa451j36tksgm81hj47.default.192.168.1.240.sslip.io in 10430 usec\n"
time="2024-05-28T17:42:53.299556961-06:00" level=debug msg="Invoking: cartservice-cqhqc3e2qakco07sui6k.default.192.168.1.240.sslip.io:80"
time="2024-05-28T17:42:53.311738482-06:00" level=debug msg="Invoked cartservice-cqhqc3e2qakco07sui6k.default.192.168.1.240.sslip.io in 12187 usec\n"
time="2024-05-28T17:43:00.799817349-06:00" level=debug msg="Invoking: gptj-python-asa451j36tksgm81hj47.default.192.168.1.240.sslip.io:80"
time="2024-05-28T17:43:00.811383236-06:00" level=debug msg="Invoked gptj-python-asa451j36tksgm81hj47.default.192.168.1.240.sslip.io in 11571 usec\n"
time="2024-05-28T17:43:08.305345044-06:00" level=debug msg="Invoking: gptj-python-asa451j36tksgm81hj47.default.192.168.1.240.sslip.io:80"
time="2024-05-28T17:43:08.314881183-06:00" level=debug msg="Invoked gptj-python-asa451j36tksgm81hj47.default.192.168.1.240.sslip.io in 9543 usec\n"
time="2024-05-28T17:43:15.811184489-06:00" level=debug msg="Invoking: gptj-python-asa451j36tksgm81hj47.default.192.168.1.240.sslip.io:80"
time="2024-05-28T17:43:15.821144775-06:00" level=debug msg="Invoked gptj-python-asa451j36tksgm81hj47.default.192.168.1.240.sslip.io in 9969 usec\n"
time="2024-05-28T17:43:23.281324453-06:00" level=debug msg="Minute: 12"
time="2024-05-28T17:43:23.281450709-06:00" level=debug msg="Number of Invocations this iteration: 8"
time="2024-05-28T17:43:23.281528545-06:00" level=debug msg="Invoking: cartservice-cqhqc3e2qakco07sui6k.default.192.168.1.240.sslip.io:80"
time="2024-05-28T17:43:23.293661864-06:00" level=debug msg="Invoked cartservice-cqhqc3e2qakco07sui6k.default.192.168.1.240.sslip.io in 12131 usec\n"
time="2024-05-28T17:43:30.789014465-06:00" level=debug msg="Invoking: gptj-python-asa451j36tksgm81hj47.default.192.168.1.240.sslip.io:80"
time="2024-05-28T17:43:30.799328061-06:00" level=debug msg="Invoked gptj-python-asa451j36tksgm81hj47.default.192.168.1.240.sslip.io in 10322 usec\n"
time="2024-05-28T17:43:38.295259447-06:00" level=debug msg="Invoking: gptj-python-asa451j36tksgm81hj47.default.192.168.1.240.sslip.io:80"
time="2024-05-28T17:43:38.308094336-06:00" level=debug msg="Invoked gptj-python-asa451j36tksgm81hj47.default.192.168.1.240.sslip.io in 12840 usec\n"
time="2024-05-28T17:43:45.80140798-06:00" level=debug msg="Invoking: gptj-python-asa451j36tksgm81hj47.default.192.168.1.240.sslip.io:80"
time="2024-05-28T17:43:45.811858944-06:00" level=debug msg="Invoked gptj-python-asa451j36tksgm81hj47.default.192.168.1.240.sslip.io in 10458 usec\n"
time="2024-05-28T17:43:53.307067596-06:00" level=debug msg="Invoking: cartservice-cqhqc3e2qakco07sui6k.default.192.168.1.240.sslip.io:80"
time="2024-05-28T17:43:53.319386417-06:00" level=debug msg="Invoked cartservice-cqhqc3e2qakco07sui6k.default.192.168.1.240.sslip.io in 12329 usec\n"
time="2024-05-28T17:44:00.808245804-06:00" level=debug msg="Invoking: gptj-python-asa451j36tksgm81hj47.default.192.168.1.240.sslip.io:80"
time="2024-05-28T17:44:00.818444028-06:00" level=debug msg="Invoked gptj-python-asa451j36tksgm81hj47.default.192.168.1.240.sslip.io in 10206 usec\n"
time="2024-05-28T17:44:08.314450982-06:00" level=debug msg="Invoking: gptj-python-asa451j36tksgm81hj47.default.192.168.1.240.sslip.io:80"
time="2024-05-28T17:44:08.324490559-06:00" level=debug msg="Invoked gptj-python-asa451j36tksgm81hj47.default.192.168.1.240.sslip.io in 10045 usec\n"
time="2024-05-28T17:44:15.821387833-06:00" level=debug msg="Invoking: gptj-python-asa451j36tksgm81hj47.default.192.168.1.240.sslip.io:80"
time="2024-05-28T17:44:15.831726164-06:00" level=debug msg="Invoked gptj-python-asa451j36tksgm81hj47.default.192.168.1.240.sslip.io in 10347 usec\n"
time="2024-05-28T17:44:23.281435016-06:00" level=debug msg="Minute: 13"
time="2024-05-28T17:44:23.281533807-06:00" level=debug msg="Number of Invocations this iteration: 8"
time="2024-05-28T17:44:23.281626786-06:00" level=debug msg="Invoking: cartservice-cqhqc3e2qakco07sui6k.default.192.168.1.240.sslip.io:80"
time="2024-05-28T17:44:23.295180678-06:00" level=debug msg="Invoked cartservice-cqhqc3e2qakco07sui6k.default.192.168.1.240.sslip.io in 13551 usec\n"
time="2024-05-28T17:44:30.787822184-06:00" level=debug msg="Invoking: gptj-python-asa451j36tksgm81hj47.default.192.168.1.240.sslip.io:80"
time="2024-05-28T17:44:30.798134905-06:00" level=debug msg="Invoked gptj-python-asa451j36tksgm81hj47.default.192.168.1.240.sslip.io in 10321 usec\n"
time="2024-05-28T17:44:38.2933904-06:00" level=debug msg="Invoking: gptj-python-asa451j36tksgm81hj47.default.192.168.1.240.sslip.io:80"
time="2024-05-28T17:44:38.305088979-06:00" level=debug msg="Invoked gptj-python-asa451j36tksgm81hj47.default.192.168.1.240.sslip.io in 11708 usec\n"
time="2024-05-28T17:44:45.797400085-06:00" level=debug msg="Invoking: gptj-python-asa451j36tksgm81hj47.default.192.168.1.240.sslip.io:80"
time="2024-05-28T17:44:45.808106915-06:00" level=debug msg="Invoked gptj-python-asa451j36tksgm81hj47.default.192.168.1.240.sslip.io in 10716 usec\n"
time="2024-05-28T17:44:53.301387272-06:00" level=debug msg="Invoking: cartservice-cqhqc3e2qakco07sui6k.default.192.168.1.240.sslip.io:80"
time="2024-05-28T17:44:53.314264343-06:00" level=debug msg="Invoked cartservice-cqhqc3e2qakco07sui6k.default.192.168.1.240.sslip.io in 12883 usec\n"
time="2024-05-28T17:45:00.802022773-06:00" level=debug msg="Invoking: gptj-python-asa451j36tksgm81hj47.default.192.168.1.240.sslip.io:80"
time="2024-05-28T17:45:00.813435548-06:00" level=debug msg="Invoked gptj-python-asa451j36tksgm81hj47.default.192.168.1.240.sslip.io in 11473 usec\n"
time="2024-05-28T17:45:08.307881152-06:00" level=debug msg="Invoking: gptj-python-asa451j36tksgm81hj47.default.192.168.1.240.sslip.io:80"
time="2024-05-28T17:45:08.317736685-06:00" level=debug msg="Invoked gptj-python-asa451j36tksgm81hj47.default.192.168.1.240.sslip.io in 9863 usec\n"
time="2024-05-28T17:45:15.808137109-06:00" level=debug msg="Invoking: gptj-python-asa451j36tksgm81hj47.default.192.168.1.240.sslip.io:80"
time="2024-05-28T17:45:15.818182103-06:00" level=debug msg="Invoked gptj-python-asa451j36tksgm81hj47.default.192.168.1.240.sslip.io in 10075 usec\n"
time="2024-05-28T17:45:23.281333122-06:00" level=info msg="Experiment Phase Completed"
time="2024-05-28T17:45:23.281482934-06:00" level=info msg="Issued / completed requests: 112, 111"
time="2024-05-28T17:45:23.281518751-06:00" level=info msg="Average Real RPS: 0.13 "
time="2024-05-28T17:45:23.281543961-06:00" level=info msg="Experiment finished!"
time="2024-05-28T17:45:23.281570432-06:00" level=info msg="The measured latencies are saved in rps_lat.csv"
