time="2024-05-28T17:40:15.470381357-06:00" level=debug msg="Debug logging is enabled"
time="2024-05-28T17:40:15.47057277-06:00" level=info msg="Reading the trace endpoints from the file: /users/ArunAMS/vSwarm/tools/load-generator/load.json"
time="2024-05-28T17:40:15.472269102-06:00" level=info msg="Warmup Duration: 3"
time="2024-05-28T17:40:15.472300753-06:00" level=info msg="Experiment Duration: 11"
time="2024-05-28T17:40:15.472326235-06:00" level=info msg="Minute Granularity: true"
time="2024-05-28T17:41:15.518565579-06:00" level=info msg="Running Warmup Phase"
time="2024-05-28T17:41:15.51865501-06:00" level=debug msg="Minute: 0"
time="2024-05-28T17:41:15.518730698-06:00" level=debug msg="Number of Invocations this iteration: 8"
time="2024-05-28T17:41:15.518848293-06:00" level=debug msg="Invoking: cartservice-9xr1uxoveiaq0i5yf1m5.default.192.168.1.240.sslip.io:80"
time="2024-05-28T17:41:23.019295335-06:00" level=debug msg="Invoking: gptj-python-rsryg16rhcb2lt3ui74t.default.192.168.1.240.sslip.io:80"
time="2024-05-28T17:41:30.526033487-06:00" level=debug msg="Invoking: gptj-python-rsryg16rhcb2lt3ui74t.default.192.168.1.240.sslip.io:80"
time="2024-05-28T17:41:38.029095796-06:00" level=debug msg="Invoking: gptj-python-rsryg16rhcb2lt3ui74t.default.192.168.1.240.sslip.io:80"
time="2024-05-28T17:41:45.535851363-06:00" level=debug msg="Invoking: cartservice-9xr1uxoveiaq0i5yf1m5.default.192.168.1.240.sslip.io:80"
time="2024-05-28T17:41:53.041185144-06:00" level=debug msg="Invoking: gptj-python-rsryg16rhcb2lt3ui74t.default.192.168.1.240.sslip.io:80"
time="2024-05-28T17:42:00.545261701-06:00" level=debug msg="Invoking: gptj-python-rsryg16rhcb2lt3ui74t.default.192.168.1.240.sslip.io:80"
time="2024-05-28T17:42:08.049129714-06:00" level=debug msg="Invoking: gptj-python-rsryg16rhcb2lt3ui74t.default.192.168.1.240.sslip.io:80"
time="2024-05-28T17:42:15.478260909-06:00" level=debug msg="Minute: 1"
time="2024-05-28T17:42:15.478356199-06:00" level=debug msg="Number of Invocations this iteration: 8"
time="2024-05-28T17:42:15.47844573-06:00" level=debug msg="Invoking: image-rotate-go-6-qlufoeykttcy2aqxhd69.default.192.168.1.240.sslip.io:80"
time="2024-05-28T17:42:22.97949605-06:00" level=debug msg="Invoking: gptj-python-rsryg16rhcb2lt3ui74t.default.192.168.1.240.sslip.io:80"
time="2024-05-28T17:42:30.485363071-06:00" level=debug msg="Invoking: gptj-python-rsryg16rhcb2lt3ui74t.default.192.168.1.240.sslip.io:80"
time="2024-05-28T17:42:37.989239236-06:00" level=debug msg="Invoking: gptj-python-rsryg16rhcb2lt3ui74t.default.192.168.1.240.sslip.io:80"
time="2024-05-28T17:42:45.494167907-06:00" level=debug msg="Invoking: cartservice-9xr1uxoveiaq0i5yf1m5.default.192.168.1.240.sslip.io:80"
time="2024-05-28T17:42:52.995291673-06:00" level=debug msg="Invoking: gptj-python-rsryg16rhcb2lt3ui74t.default.192.168.1.240.sslip.io:80"
time="2024-05-28T17:43:00.501170477-06:00" level=debug msg="Invoking: gptj-python-rsryg16rhcb2lt3ui74t.default.192.168.1.240.sslip.io:80"
time="2024-05-28T17:43:08.005111082-06:00" level=debug msg="Invoking: gptj-python-rsryg16rhcb2lt3ui74t.default.192.168.1.240.sslip.io:80"
time="2024-05-28T17:43:15.477758384-06:00" level=debug msg="Minute: 2"
time="2024-05-28T17:43:15.47785163-06:00" level=debug msg="Number of Invocations this iteration: 8"
time="2024-05-28T17:43:15.477938494-06:00" level=debug msg="Invoking: cartservice-9xr1uxoveiaq0i5yf1m5.default.192.168.1.240.sslip.io:80"
time="2024-05-28T17:43:22.985118382-06:00" level=debug msg="Invoking: gptj-python-rsryg16rhcb2lt3ui74t.default.192.168.1.240.sslip.io:80"
time="2024-05-28T17:43:30.488776609-06:00" level=debug msg="Invoking: gptj-python-rsryg16rhcb2lt3ui74t.default.192.168.1.240.sslip.io:80"
time="2024-05-28T17:43:37.995411364-06:00" level=debug msg="Invoking: gptj-python-rsryg16rhcb2lt3ui74t.default.192.168.1.240.sslip.io:80"
time="2024-05-28T17:43:45.502314561-06:00" level=debug msg="Invoking: cartservice-9xr1uxoveiaq0i5yf1m5.default.192.168.1.240.sslip.io:80"
time="2024-05-28T17:43:53.00915355-06:00" level=debug msg="Invoking: gptj-python-rsryg16rhcb2lt3ui74t.default.192.168.1.240.sslip.io:80"
time="2024-05-28T17:44:00.513190037-06:00" level=debug msg="Invoking: gptj-python-rsryg16rhcb2lt3ui74t.default.192.168.1.240.sslip.io:80"
time="2024-05-28T17:44:08.017312286-06:00" level=debug msg="Invoking: gptj-python-rsryg16rhcb2lt3ui74t.default.192.168.1.240.sslip.io:80"
time="2024-05-28T17:44:15.478710108-06:00" level=info msg="Warmup Phase Completed"
time="2024-05-28T17:44:15.478786511-06:00" level=info msg="Running Experiment Phase"
time="2024-05-28T17:44:15.478815528-06:00" level=debug msg="Minute: 3"
time="2024-05-28T17:44:15.478856836-06:00" level=debug msg="Number of Invocations this iteration: 8"
time="2024-05-28T17:44:15.478933237-06:00" level=debug msg="Invoking: cartservice-9xr1uxoveiaq0i5yf1m5.default.192.168.1.240.sslip.io:80"
time="2024-05-28T17:44:15.491437562-06:00" level=debug msg="Invoked cartservice-9xr1uxoveiaq0i5yf1m5.default.192.168.1.240.sslip.io in 12500 usec\n"
time="2024-05-28T17:44:22.985158845-06:00" level=debug msg="Invoking: gptj-python-rsryg16rhcb2lt3ui74t.default.192.168.1.240.sslip.io:80"
time="2024-05-28T17:44:22.994664544-06:00" level=debug msg="Invoked gptj-python-rsryg16rhcb2lt3ui74t.default.192.168.1.240.sslip.io in 9522 usec\n"
time="2024-05-28T17:44:30.492519056-06:00" level=debug msg="Invoking: gptj-python-rsryg16rhcb2lt3ui74t.default.192.168.1.240.sslip.io:80"
time="2024-05-28T17:44:30.501868348-06:00" level=debug msg="Invoked gptj-python-rsryg16rhcb2lt3ui74t.default.192.168.1.240.sslip.io in 9360 usec\n"
time="2024-05-28T17:44:37.997107402-06:00" level=debug msg="Invoking: gptj-python-rsryg16rhcb2lt3ui74t.default.192.168.1.240.sslip.io:80"
time="2024-05-28T17:44:38.006695574-06:00" level=debug msg="Invoked gptj-python-rsryg16rhcb2lt3ui74t.default.192.168.1.240.sslip.io in 9600 usec\n"
time="2024-05-28T17:44:45.498213319-06:00" level=debug msg="Invoking: cartservice-9xr1uxoveiaq0i5yf1m5.default.192.168.1.240.sslip.io:80"
time="2024-05-28T17:44:45.512491877-06:00" level=debug msg="Invoked cartservice-9xr1uxoveiaq0i5yf1m5.default.192.168.1.240.sslip.io in 14304 usec\n"
time="2024-05-28T17:44:53.003880366-06:00" level=debug msg="Invoking: gptj-python-rsryg16rhcb2lt3ui74t.default.192.168.1.240.sslip.io:80"
time="2024-05-28T17:44:53.013289813-06:00" level=debug msg="Invoked gptj-python-rsryg16rhcb2lt3ui74t.default.192.168.1.240.sslip.io in 9420 usec\n"
time="2024-05-28T17:45:00.509233453-06:00" level=debug msg="Invoking: gptj-python-rsryg16rhcb2lt3ui74t.default.192.168.1.240.sslip.io:80"
time="2024-05-28T17:45:00.519508499-06:00" level=debug msg="Invoked gptj-python-rsryg16rhcb2lt3ui74t.default.192.168.1.240.sslip.io in 10287 usec\n"
time="2024-05-28T17:45:08.013741046-06:00" level=debug msg="Invoking: gptj-python-rsryg16rhcb2lt3ui74t.default.192.168.1.240.sslip.io:80"
time="2024-05-28T17:45:08.024016047-06:00" level=debug msg="Invoked gptj-python-rsryg16rhcb2lt3ui74t.default.192.168.1.240.sslip.io in 10284 usec\n"
time="2024-05-28T17:45:15.47928356-06:00" level=debug msg="Minute: 4"
time="2024-05-28T17:45:15.479372281-06:00" level=debug msg="Number of Invocations this iteration: 8"
time="2024-05-28T17:45:15.479446367-06:00" level=debug msg="Invoking: rnn-serving-python-10-10-os8f9d57zrtmyak04rqx.default.192.168.1.240.sslip.io:80"
time="2024-05-28T17:45:22.384910555-06:00" level=debug msg="Invoked rnn-serving-python-10-10-os8f9d57zrtmyak04rqx.default.192.168.1.240.sslip.io in 6905461 usec\n"
time="2024-05-28T17:45:22.980182547-06:00" level=debug msg="Invoking: gptj-python-rsryg16rhcb2lt3ui74t.default.192.168.1.240.sslip.io:80"
time="2024-05-28T17:45:22.991093181-06:00" level=debug msg="Invoked gptj-python-rsryg16rhcb2lt3ui74t.default.192.168.1.240.sslip.io in 10917 usec\n"
time="2024-05-28T17:45:30.48518524-06:00" level=debug msg="Invoking: gptj-python-rsryg16rhcb2lt3ui74t.default.192.168.1.240.sslip.io:80"
time="2024-05-28T17:45:30.495093596-06:00" level=debug msg="Invoked gptj-python-rsryg16rhcb2lt3ui74t.default.192.168.1.240.sslip.io in 9915 usec\n"
time="2024-05-28T17:45:37.989108861-06:00" level=debug msg="Invoking: gptj-python-rsryg16rhcb2lt3ui74t.default.192.168.1.240.sslip.io:80"
time="2024-05-28T17:45:37.999524776-06:00" level=debug msg="Invoked gptj-python-rsryg16rhcb2lt3ui74t.default.192.168.1.240.sslip.io in 10427 usec\n"
time="2024-05-28T17:45:45.494730722-06:00" level=debug msg="Invoking: cartservice-9xr1uxoveiaq0i5yf1m5.default.192.168.1.240.sslip.io:80"
time="2024-05-28T17:45:53.001141926-06:00" level=debug msg="Invoking: gptj-python-rsryg16rhcb2lt3ui74t.default.192.168.1.240.sslip.io:80"
time="2024-05-28T17:45:53.015152062-06:00" level=debug msg="Invoked gptj-python-rsryg16rhcb2lt3ui74t.default.192.168.1.240.sslip.io in 14025 usec\n"
time="2024-05-28T17:45:53.96971783-06:00" level=debug msg="Invoked cartservice-9xr1uxoveiaq0i5yf1m5.default.192.168.1.240.sslip.io in 8475000 usec\n"
time="2024-05-28T17:46:00.505131951-06:00" level=debug msg="Invoking: gptj-python-rsryg16rhcb2lt3ui74t.default.192.168.1.240.sslip.io:80"
time="2024-05-28T17:46:00.514931027-06:00" level=debug msg="Invoked gptj-python-rsryg16rhcb2lt3ui74t.default.192.168.1.240.sslip.io in 9802 usec\n"
time="2024-05-28T17:46:08.009122053-06:00" level=debug msg="Invoking: gptj-python-rsryg16rhcb2lt3ui74t.default.192.168.1.240.sslip.io:80"
time="2024-05-28T17:46:08.019488781-06:00" level=debug msg="Invoked gptj-python-rsryg16rhcb2lt3ui74t.default.192.168.1.240.sslip.io in 10380 usec\n"
time="2024-05-28T17:46:15.477088089-06:00" level=debug msg="Minute: 5"
time="2024-05-28T17:46:15.477145375-06:00" level=debug msg="Number of Invocations this iteration: 8"
time="2024-05-28T17:46:15.477191172-06:00" level=debug msg="Invoking: cartservice-9xr1uxoveiaq0i5yf1m5.default.192.168.1.240.sslip.io:80"
time="2024-05-28T17:46:15.504256436-06:00" level=debug msg="Invoked cartservice-9xr1uxoveiaq0i5yf1m5.default.192.168.1.240.sslip.io in 27061 usec\n"
time="2024-05-28T17:46:22.981132706-06:00" level=debug msg="Invoking: gptj-python-rsryg16rhcb2lt3ui74t.default.192.168.1.240.sslip.io:80"
time="2024-05-28T17:46:22.99158761-06:00" level=debug msg="Invoked gptj-python-rsryg16rhcb2lt3ui74t.default.192.168.1.240.sslip.io in 10468 usec\n"
time="2024-05-28T17:46:30.48523459-06:00" level=debug msg="Invoking: gptj-python-rsryg16rhcb2lt3ui74t.default.192.168.1.240.sslip.io:80"
time="2024-05-28T17:46:30.495711124-06:00" level=debug msg="Invoked gptj-python-rsryg16rhcb2lt3ui74t.default.192.168.1.240.sslip.io in 10514 usec\n"
time="2024-05-28T17:46:37.989248898-06:00" level=debug msg="Invoking: gptj-python-rsryg16rhcb2lt3ui74t.default.192.168.1.240.sslip.io:80"
time="2024-05-28T17:46:38.000711657-06:00" level=debug msg="Invoked gptj-python-rsryg16rhcb2lt3ui74t.default.192.168.1.240.sslip.io in 11476 usec\n"
time="2024-05-28T17:46:45.490333536-06:00" level=debug msg="Invoking: cartservice-9xr1uxoveiaq0i5yf1m5.default.192.168.1.240.sslip.io:80"
time="2024-05-28T17:46:45.5051753-06:00" level=debug msg="Invoked cartservice-9xr1uxoveiaq0i5yf1m5.default.192.168.1.240.sslip.io in 14837 usec\n"
time="2024-05-28T17:46:52.997163839-06:00" level=debug msg="Invoking: gptj-python-rsryg16rhcb2lt3ui74t.default.192.168.1.240.sslip.io:80"
time="2024-05-28T17:46:53.006580307-06:00" level=debug msg="Invoked gptj-python-rsryg16rhcb2lt3ui74t.default.192.168.1.240.sslip.io in 9476 usec\n"
time="2024-05-28T17:47:00.501118997-06:00" level=debug msg="Invoking: gptj-python-rsryg16rhcb2lt3ui74t.default.192.168.1.240.sslip.io:80"
time="2024-05-28T17:47:00.510916934-06:00" level=debug msg="Invoked gptj-python-rsryg16rhcb2lt3ui74t.default.192.168.1.240.sslip.io in 9806 usec\n"
time="2024-05-28T17:47:08.005135627-06:00" level=debug msg="Invoking: gptj-python-rsryg16rhcb2lt3ui74t.default.192.168.1.240.sslip.io:80"
time="2024-05-28T17:47:08.015603331-06:00" level=debug msg="Invoked gptj-python-rsryg16rhcb2lt3ui74t.default.192.168.1.240.sslip.io in 10478 usec\n"
time="2024-05-28T17:47:15.477179489-06:00" level=debug msg="Minute: 6"
time="2024-05-28T17:47:15.477275692-06:00" level=debug msg="Number of Invocations this iteration: 8"
time="2024-05-28T17:47:15.477373229-06:00" level=debug msg="Invoking: image-rotate-go-6-qlufoeykttcy2aqxhd69.default.192.168.1.240.sslip.io:80"
time="2024-05-28T17:47:22.795880699-06:00" level=debug msg="Invoked image-rotate-go-6-qlufoeykttcy2aqxhd69.default.192.168.1.240.sslip.io in 7318514 usec\n"
time="2024-05-28T17:47:22.977868294-06:00" level=debug msg="Invoking: gptj-python-rsryg16rhcb2lt3ui74t.default.192.168.1.240.sslip.io:80"
time="2024-05-28T17:47:22.987957535-06:00" level=debug msg="Invoked gptj-python-rsryg16rhcb2lt3ui74t.default.192.168.1.240.sslip.io in 10110 usec\n"
time="2024-05-28T17:47:30.485134214-06:00" level=debug msg="Invoking: gptj-python-rsryg16rhcb2lt3ui74t.default.192.168.1.240.sslip.io:80"
time="2024-05-28T17:47:30.495723362-06:00" level=debug msg="Invoked gptj-python-rsryg16rhcb2lt3ui74t.default.192.168.1.240.sslip.io in 10598 usec\n"
time="2024-05-28T17:47:37.989117087-06:00" level=debug msg="Invoking: gptj-python-rsryg16rhcb2lt3ui74t.default.192.168.1.240.sslip.io:80"
time="2024-05-28T17:47:37.999751198-06:00" level=debug msg="Invoked gptj-python-rsryg16rhcb2lt3ui74t.default.192.168.1.240.sslip.io in 10638 usec\n"
time="2024-05-28T17:47:45.493135055-06:00" level=debug msg="Invoking: cartservice-9xr1uxoveiaq0i5yf1m5.default.192.168.1.240.sslip.io:80"
time="2024-05-28T17:47:52.997144891-06:00" level=debug msg="Invoking: gptj-python-rsryg16rhcb2lt3ui74t.default.192.168.1.240.sslip.io:80"
time="2024-05-28T17:47:53.007853278-06:00" level=debug msg="Invoked gptj-python-rsryg16rhcb2lt3ui74t.default.192.168.1.240.sslip.io in 10719 usec\n"
time="2024-05-28T17:47:53.992758633-06:00" level=debug msg="Invoked cartservice-9xr1uxoveiaq0i5yf1m5.default.192.168.1.240.sslip.io in 8499633 usec\n"
time="2024-05-28T17:48:00.50116664-06:00" level=debug msg="Invoking: gptj-python-rsryg16rhcb2lt3ui74t.default.192.168.1.240.sslip.io:80"
time="2024-05-28T17:48:00.511592244-06:00" level=debug msg="Invoked gptj-python-rsryg16rhcb2lt3ui74t.default.192.168.1.240.sslip.io in 10434 usec\n"
time="2024-05-28T17:48:08.005150582-06:00" level=debug msg="Invoking: gptj-python-rsryg16rhcb2lt3ui74t.default.192.168.1.240.sslip.io:80"
time="2024-05-28T17:48:08.016301456-06:00" level=debug msg="Invoked gptj-python-rsryg16rhcb2lt3ui74t.default.192.168.1.240.sslip.io in 11178 usec\n"
time="2024-05-28T17:48:15.479544892-06:00" level=debug msg="Minute: 7"
time="2024-05-28T17:48:15.479642798-06:00" level=debug msg="Number of Invocations this iteration: 8"
time="2024-05-28T17:48:15.479730163-06:00" level=debug msg="Invoking: cartservice-9xr1uxoveiaq0i5yf1m5.default.192.168.1.240.sslip.io:80"
time="2024-05-28T17:48:15.505341499-06:00" level=debug msg="Invoked cartservice-9xr1uxoveiaq0i5yf1m5.default.192.168.1.240.sslip.io in 25609 usec\n"
time="2024-05-28T17:48:22.985308868-06:00" level=debug msg="Invoking: gptj-python-rsryg16rhcb2lt3ui74t.default.192.168.1.240.sslip.io:80"
time="2024-05-28T17:48:22.997942725-06:00" level=debug msg="Invoked gptj-python-rsryg16rhcb2lt3ui74t.default.192.168.1.240.sslip.io in 12644 usec\n"
time="2024-05-28T17:48:30.489144659-06:00" level=debug msg="Invoking: gptj-python-rsryg16rhcb2lt3ui74t.default.192.168.1.240.sslip.io:80"
time="2024-05-28T17:48:30.498963043-06:00" level=debug msg="Invoked gptj-python-rsryg16rhcb2lt3ui74t.default.192.168.1.240.sslip.io in 9834 usec\n"
time="2024-05-28T17:48:37.993576702-06:00" level=debug msg="Invoking: gptj-python-rsryg16rhcb2lt3ui74t.default.192.168.1.240.sslip.io:80"
time="2024-05-28T17:48:38.003652666-06:00" level=debug msg="Invoked gptj-python-rsryg16rhcb2lt3ui74t.default.192.168.1.240.sslip.io in 10085 usec\n"
time="2024-05-28T17:48:45.497218482-06:00" level=debug msg="Invoking: cartservice-9xr1uxoveiaq0i5yf1m5.default.192.168.1.240.sslip.io:80"
time="2024-05-28T17:48:45.510850447-06:00" level=debug msg="Invoked cartservice-9xr1uxoveiaq0i5yf1m5.default.192.168.1.240.sslip.io in 13658 usec\n"
time="2024-05-28T17:48:52.997320183-06:00" level=debug msg="Invoking: gptj-python-rsryg16rhcb2lt3ui74t.default.192.168.1.240.sslip.io:80"
time="2024-05-28T17:48:53.00753829-06:00" level=debug msg="Invoked gptj-python-rsryg16rhcb2lt3ui74t.default.192.168.1.240.sslip.io in 10224 usec\n"
time="2024-05-28T17:49:00.501140927-06:00" level=debug msg="Invoking: gptj-python-rsryg16rhcb2lt3ui74t.default.192.168.1.240.sslip.io:80"
time="2024-05-28T17:49:00.511042085-06:00" level=debug msg="Invoked gptj-python-rsryg16rhcb2lt3ui74t.default.192.168.1.240.sslip.io in 9919 usec\n"
time="2024-05-28T17:49:08.005134856-06:00" level=debug msg="Invoking: gptj-python-rsryg16rhcb2lt3ui74t.default.192.168.1.240.sslip.io:80"
time="2024-05-28T17:49:08.015483882-06:00" level=debug msg="Invoked gptj-python-rsryg16rhcb2lt3ui74t.default.192.168.1.240.sslip.io in 10359 usec\n"
time="2024-05-28T17:49:15.477175114-06:00" level=debug msg="Minute: 8"
time="2024-05-28T17:49:15.477323264-06:00" level=debug msg="Number of Invocations this iteration: 8"
time="2024-05-28T17:49:15.477417156-06:00" level=debug msg="Invoking: cartservice-9xr1uxoveiaq0i5yf1m5.default.192.168.1.240.sslip.io:80"
time="2024-05-28T17:49:15.489877266-06:00" level=debug msg="Invoked cartservice-9xr1uxoveiaq0i5yf1m5.default.192.168.1.240.sslip.io in 12458 usec\n"
time="2024-05-28T17:49:22.981163684-06:00" level=debug msg="Invoking: gptj-python-rsryg16rhcb2lt3ui74t.default.192.168.1.240.sslip.io:80"
time="2024-05-28T17:49:22.993114037-06:00" level=debug msg="Invoked gptj-python-rsryg16rhcb2lt3ui74t.default.192.168.1.240.sslip.io in 11985 usec\n"
time="2024-05-28T17:49:30.485216164-06:00" level=debug msg="Invoking: gptj-python-rsryg16rhcb2lt3ui74t.default.192.168.1.240.sslip.io:80"
time="2024-05-28T17:49:30.496204043-06:00" level=debug msg="Invoked gptj-python-rsryg16rhcb2lt3ui74t.default.192.168.1.240.sslip.io in 10999 usec\n"
time="2024-05-28T17:49:37.991207788-06:00" level=debug msg="Invoking: gptj-python-rsryg16rhcb2lt3ui74t.default.192.168.1.240.sslip.io:80"
time="2024-05-28T17:49:38.001881494-06:00" level=debug msg="Invoked gptj-python-rsryg16rhcb2lt3ui74t.default.192.168.1.240.sslip.io in 10684 usec\n"
time="2024-05-28T17:49:45.497125527-06:00" level=debug msg="Invoking: cartservice-9xr1uxoveiaq0i5yf1m5.default.192.168.1.240.sslip.io:80"
time="2024-05-28T17:49:45.509729972-06:00" level=debug msg="Invoked cartservice-9xr1uxoveiaq0i5yf1m5.default.192.168.1.240.sslip.io in 12614 usec\n"
time="2024-05-28T17:49:53.001147237-06:00" level=debug msg="Invoking: gptj-python-rsryg16rhcb2lt3ui74t.default.192.168.1.240.sslip.io:80"
time="2024-05-28T17:49:53.012952036-06:00" level=debug msg="Invoked gptj-python-rsryg16rhcb2lt3ui74t.default.192.168.1.240.sslip.io in 11841 usec\n"
time="2024-05-28T17:50:00.505135267-06:00" level=debug msg="Invoking: gptj-python-rsryg16rhcb2lt3ui74t.default.192.168.1.240.sslip.io:80"
time="2024-05-28T17:50:00.514854323-06:00" level=debug msg="Invoked gptj-python-rsryg16rhcb2lt3ui74t.default.192.168.1.240.sslip.io in 9723 usec\n"
time="2024-05-28T17:50:08.00934085-06:00" level=debug msg="Invoking: gptj-python-rsryg16rhcb2lt3ui74t.default.192.168.1.240.sslip.io:80"
time="2024-05-28T17:50:08.023142778-06:00" level=debug msg="Invoked gptj-python-rsryg16rhcb2lt3ui74t.default.192.168.1.240.sslip.io in 13813 usec\n"
time="2024-05-28T17:50:15.479437093-06:00" level=debug msg="Minute: 9"
time="2024-05-28T17:50:15.479531881-06:00" level=debug msg="Number of Invocations this iteration: 8"
time="2024-05-28T17:50:15.479625304-06:00" level=debug msg="Invoking: cartservice-9xr1uxoveiaq0i5yf1m5.default.192.168.1.240.sslip.io:80"
time="2024-05-28T17:50:15.492938573-06:00" level=debug msg="Invoked cartservice-9xr1uxoveiaq0i5yf1m5.default.192.168.1.240.sslip.io in 13310 usec\n"
time="2024-05-28T17:50:22.986757378-06:00" level=debug msg="Invoking: gptj-python-rsryg16rhcb2lt3ui74t.default.192.168.1.240.sslip.io:80"
time="2024-05-28T17:50:22.997309401-06:00" level=debug msg="Invoked gptj-python-rsryg16rhcb2lt3ui74t.default.192.168.1.240.sslip.io in 10563 usec\n"
time="2024-05-28T17:50:30.493151061-06:00" level=debug msg="Invoking: gptj-python-rsryg16rhcb2lt3ui74t.default.192.168.1.240.sslip.io:80"
time="2024-05-28T17:50:30.503980547-06:00" level=debug msg="Invoked gptj-python-rsryg16rhcb2lt3ui74t.default.192.168.1.240.sslip.io in 10838 usec\n"
time="2024-05-28T17:50:37.997132784-06:00" level=debug msg="Invoking: gptj-python-rsryg16rhcb2lt3ui74t.default.192.168.1.240.sslip.io:80"
time="2024-05-28T17:50:38.006499963-06:00" level=debug msg="Invoked gptj-python-rsryg16rhcb2lt3ui74t.default.192.168.1.240.sslip.io in 9378 usec\n"
time="2024-05-28T17:50:45.501193104-06:00" level=debug msg="Invoking: cartservice-9xr1uxoveiaq0i5yf1m5.default.192.168.1.240.sslip.io:80"
time="2024-05-28T17:50:45.516229279-06:00" level=debug msg="Invoked cartservice-9xr1uxoveiaq0i5yf1m5.default.192.168.1.240.sslip.io in 15035 usec\n"
time="2024-05-28T17:50:53.001402692-06:00" level=debug msg="Invoking: gptj-python-rsryg16rhcb2lt3ui74t.default.192.168.1.240.sslip.io:80"
time="2024-05-28T17:50:53.011905813-06:00" level=debug msg="Invoked gptj-python-rsryg16rhcb2lt3ui74t.default.192.168.1.240.sslip.io in 10557 usec\n"
time="2024-05-28T17:51:00.507389321-06:00" level=debug msg="Invoking: gptj-python-rsryg16rhcb2lt3ui74t.default.192.168.1.240.sslip.io:80"
time="2024-05-28T17:51:00.517544242-06:00" level=debug msg="Invoked gptj-python-rsryg16rhcb2lt3ui74t.default.192.168.1.240.sslip.io in 10162 usec\n"
time="2024-05-28T17:51:08.013120563-06:00" level=debug msg="Invoking: gptj-python-rsryg16rhcb2lt3ui74t.default.192.168.1.240.sslip.io:80"
time="2024-05-28T17:51:08.02511672-06:00" level=debug msg="Invoked gptj-python-rsryg16rhcb2lt3ui74t.default.192.168.1.240.sslip.io in 11988 usec\n"
time="2024-05-28T17:51:15.477172245-06:00" level=debug msg="Minute: 10"
time="2024-05-28T17:51:15.477318873-06:00" level=debug msg="Number of Invocations this iteration: 8"
time="2024-05-28T17:51:15.477394973-06:00" level=debug msg="Invoking: rnn-serving-python-10-10-os8f9d57zrtmyak04rqx.default.192.168.1.240.sslip.io:80"
time="2024-05-28T17:51:22.19984128-06:00" level=debug msg="Invoked rnn-serving-python-10-10-os8f9d57zrtmyak04rqx.default.192.168.1.240.sslip.io in 6722447 usec\n"
time="2024-05-28T17:51:22.978266032-06:00" level=debug msg="Invoking: gptj-python-rsryg16rhcb2lt3ui74t.default.192.168.1.240.sslip.io:80"
time="2024-05-28T17:51:22.988825405-06:00" level=debug msg="Invoked gptj-python-rsryg16rhcb2lt3ui74t.default.192.168.1.240.sslip.io in 10594 usec\n"
time="2024-05-28T17:51:30.485117641-06:00" level=debug msg="Invoking: gptj-python-rsryg16rhcb2lt3ui74t.default.192.168.1.240.sslip.io:80"
time="2024-05-28T17:51:30.496141129-06:00" level=debug msg="Invoked gptj-python-rsryg16rhcb2lt3ui74t.default.192.168.1.240.sslip.io in 11034 usec\n"
time="2024-05-28T17:51:37.989136678-06:00" level=debug msg="Invoking: gptj-python-rsryg16rhcb2lt3ui74t.default.192.168.1.240.sslip.io:80"
time="2024-05-28T17:51:37.999399348-06:00" level=debug msg="Invoked gptj-python-rsryg16rhcb2lt3ui74t.default.192.168.1.240.sslip.io in 10271 usec\n"
time="2024-05-28T17:51:45.49164263-06:00" level=debug msg="Invoking: cartservice-9xr1uxoveiaq0i5yf1m5.default.192.168.1.240.sslip.io:80"
time="2024-05-28T17:51:52.997136783-06:00" level=debug msg="Invoking: gptj-python-rsryg16rhcb2lt3ui74t.default.192.168.1.240.sslip.io:80"
time="2024-05-28T17:51:53.007370597-06:00" level=debug msg="Invoked gptj-python-rsryg16rhcb2lt3ui74t.default.192.168.1.240.sslip.io in 10247 usec\n"
time="2024-05-28T17:51:54.571907306-06:00" level=debug msg="Invoked cartservice-9xr1uxoveiaq0i5yf1m5.default.192.168.1.240.sslip.io in 9080301 usec\n"
time="2024-05-28T17:52:00.501146904-06:00" level=debug msg="Invoking: gptj-python-rsryg16rhcb2lt3ui74t.default.192.168.1.240.sslip.io:80"
time="2024-05-28T17:52:00.51138519-06:00" level=debug msg="Invoked gptj-python-rsryg16rhcb2lt3ui74t.default.192.168.1.240.sslip.io in 10245 usec\n"
time="2024-05-28T17:52:08.00513796-06:00" level=debug msg="Invoking: gptj-python-rsryg16rhcb2lt3ui74t.default.192.168.1.240.sslip.io:80"
time="2024-05-28T17:52:08.015584496-06:00" level=debug msg="Invoked gptj-python-rsryg16rhcb2lt3ui74t.default.192.168.1.240.sslip.io in 10457 usec\n"
time="2024-05-28T17:52:15.477132716-06:00" level=debug msg="Minute: 11"
time="2024-05-28T17:52:15.47724075-06:00" level=debug msg="Number of Invocations this iteration: 8"
time="2024-05-28T17:52:15.477337243-06:00" level=debug msg="Invoking: image-rotate-go-6-qlufoeykttcy2aqxhd69.default.192.168.1.240.sslip.io:80"
time="2024-05-28T17:52:22.981341226-06:00" level=debug msg="Invoking: gptj-python-rsryg16rhcb2lt3ui74t.default.192.168.1.240.sslip.io:80"
time="2024-05-28T17:52:22.992192287-06:00" level=debug msg="Invoked gptj-python-rsryg16rhcb2lt3ui74t.default.192.168.1.240.sslip.io in 10864 usec\n"
time="2024-05-28T17:52:27.634737404-06:00" level=debug msg="Invoked image-rotate-go-6-qlufoeykttcy2aqxhd69.default.192.168.1.240.sslip.io in 12157398 usec\n"
time="2024-05-28T17:52:30.481445482-06:00" level=debug msg="Invoking: gptj-python-rsryg16rhcb2lt3ui74t.default.192.168.1.240.sslip.io:80"
time="2024-05-28T17:52:30.491536041-06:00" level=debug msg="Invoked gptj-python-rsryg16rhcb2lt3ui74t.default.192.168.1.240.sslip.io in 10103 usec\n"
time="2024-05-28T17:52:37.9866824-06:00" level=debug msg="Invoking: gptj-python-rsryg16rhcb2lt3ui74t.default.192.168.1.240.sslip.io:80"
time="2024-05-28T17:52:37.997649335-06:00" level=debug msg="Invoked gptj-python-rsryg16rhcb2lt3ui74t.default.192.168.1.240.sslip.io in 10977 usec\n"
time="2024-05-28T17:52:45.493232748-06:00" level=debug msg="Invoking: cartservice-9xr1uxoveiaq0i5yf1m5.default.192.168.1.240.sslip.io:80"
time="2024-05-28T17:52:45.523929116-06:00" level=debug msg="Invoked cartservice-9xr1uxoveiaq0i5yf1m5.default.192.168.1.240.sslip.io in 30685 usec\n"
time="2024-05-28T17:52:52.993432574-06:00" level=debug msg="Invoking: gptj-python-rsryg16rhcb2lt3ui74t.default.192.168.1.240.sslip.io:80"
time="2024-05-28T17:52:53.002543258-06:00" level=debug msg="Invoked gptj-python-rsryg16rhcb2lt3ui74t.default.192.168.1.240.sslip.io in 9165 usec\n"
time="2024-05-28T17:53:00.500793055-06:00" level=debug msg="Invoking: gptj-python-rsryg16rhcb2lt3ui74t.default.192.168.1.240.sslip.io:80"
time="2024-05-28T17:53:00.510695087-06:00" level=debug msg="Invoked gptj-python-rsryg16rhcb2lt3ui74t.default.192.168.1.240.sslip.io in 9907 usec\n"
time="2024-05-28T17:53:08.006015697-06:00" level=debug msg="Invoking: gptj-python-rsryg16rhcb2lt3ui74t.default.192.168.1.240.sslip.io:80"
time="2024-05-28T17:53:08.015716106-06:00" level=debug msg="Invoked gptj-python-rsryg16rhcb2lt3ui74t.default.192.168.1.240.sslip.io in 9709 usec\n"
time="2024-05-28T17:53:15.477166748-06:00" level=debug msg="Minute: 12"
time="2024-05-28T17:53:15.477302629-06:00" level=debug msg="Number of Invocations this iteration: 8"
time="2024-05-28T17:53:15.477386575-06:00" level=debug msg="Invoking: cartservice-9xr1uxoveiaq0i5yf1m5.default.192.168.1.240.sslip.io:80"
time="2024-05-28T17:53:15.490894713-06:00" level=debug msg="Invoked cartservice-9xr1uxoveiaq0i5yf1m5.default.192.168.1.240.sslip.io in 13503 usec\n"
time="2024-05-28T17:53:22.981170336-06:00" level=debug msg="Invoking: gptj-python-rsryg16rhcb2lt3ui74t.default.192.168.1.240.sslip.io:80"
time="2024-05-28T17:53:22.991242622-06:00" level=debug msg="Invoked gptj-python-rsryg16rhcb2lt3ui74t.default.192.168.1.240.sslip.io in 10080 usec\n"
time="2024-05-28T17:53:30.485139781-06:00" level=debug msg="Invoking: gptj-python-rsryg16rhcb2lt3ui74t.default.192.168.1.240.sslip.io:80"
time="2024-05-28T17:53:30.494539112-06:00" level=debug msg="Invoked gptj-python-rsryg16rhcb2lt3ui74t.default.192.168.1.240.sslip.io in 9406 usec\n"
time="2024-05-28T17:53:37.989140479-06:00" level=debug msg="Invoking: gptj-python-rsryg16rhcb2lt3ui74t.default.192.168.1.240.sslip.io:80"
time="2024-05-28T17:53:37.999003397-06:00" level=debug msg="Invoked gptj-python-rsryg16rhcb2lt3ui74t.default.192.168.1.240.sslip.io in 9888 usec\n"
time="2024-05-28T17:53:45.493199831-06:00" level=debug msg="Invoking: cartservice-9xr1uxoveiaq0i5yf1m5.default.192.168.1.240.sslip.io:80"
time="2024-05-28T17:53:45.507661824-06:00" level=debug msg="Invoked cartservice-9xr1uxoveiaq0i5yf1m5.default.192.168.1.240.sslip.io in 14491 usec\n"
time="2024-05-28T17:53:52.997118351-06:00" level=debug msg="Invoking: gptj-python-rsryg16rhcb2lt3ui74t.default.192.168.1.240.sslip.io:80"
time="2024-05-28T17:53:53.0095953-06:00" level=debug msg="Invoked gptj-python-rsryg16rhcb2lt3ui74t.default.192.168.1.240.sslip.io in 12486 usec\n"
time="2024-05-28T17:54:00.501176245-06:00" level=debug msg="Invoking: gptj-python-rsryg16rhcb2lt3ui74t.default.192.168.1.240.sslip.io:80"
time="2024-05-28T17:54:00.51100108-06:00" level=debug msg="Invoked gptj-python-rsryg16rhcb2lt3ui74t.default.192.168.1.240.sslip.io in 9837 usec\n"
time="2024-05-28T17:54:08.007161552-06:00" level=debug msg="Invoking: gptj-python-rsryg16rhcb2lt3ui74t.default.192.168.1.240.sslip.io:80"
time="2024-05-28T17:54:08.017200328-06:00" level=debug msg="Invoked gptj-python-rsryg16rhcb2lt3ui74t.default.192.168.1.240.sslip.io in 10052 usec\n"
time="2024-05-28T17:54:15.477185078-06:00" level=debug msg="Minute: 13"
time="2024-05-28T17:54:15.477286735-06:00" level=debug msg="Number of Invocations this iteration: 8"
time="2024-05-28T17:54:15.477381823-06:00" level=debug msg="Invoking: cartservice-9xr1uxoveiaq0i5yf1m5.default.192.168.1.240.sslip.io:80"
time="2024-05-28T17:54:15.491516026-06:00" level=debug msg="Invoked cartservice-9xr1uxoveiaq0i5yf1m5.default.192.168.1.240.sslip.io in 14133 usec\n"
time="2024-05-28T17:54:22.978572424-06:00" level=debug msg="Invoking: gptj-python-rsryg16rhcb2lt3ui74t.default.192.168.1.240.sslip.io:80"
time="2024-05-28T17:54:22.990325257-06:00" level=debug msg="Invoked gptj-python-rsryg16rhcb2lt3ui74t.default.192.168.1.240.sslip.io in 11792 usec\n"
time="2024-05-28T17:54:30.485137396-06:00" level=debug msg="Invoking: gptj-python-rsryg16rhcb2lt3ui74t.default.192.168.1.240.sslip.io:80"
time="2024-05-28T17:54:30.494205482-06:00" level=debug msg="Invoked gptj-python-rsryg16rhcb2lt3ui74t.default.192.168.1.240.sslip.io in 9080 usec\n"
time="2024-05-28T17:54:37.989128767-06:00" level=debug msg="Invoking: gptj-python-rsryg16rhcb2lt3ui74t.default.192.168.1.240.sslip.io:80"
time="2024-05-28T17:54:37.999915326-06:00" level=debug msg="Invoked gptj-python-rsryg16rhcb2lt3ui74t.default.192.168.1.240.sslip.io in 10804 usec\n"
time="2024-05-28T17:54:45.493178605-06:00" level=debug msg="Invoking: cartservice-9xr1uxoveiaq0i5yf1m5.default.192.168.1.240.sslip.io:80"
time="2024-05-28T17:54:45.505347071-06:00" level=debug msg="Invoked cartservice-9xr1uxoveiaq0i5yf1m5.default.192.168.1.240.sslip.io in 12183 usec\n"
time="2024-05-28T17:54:52.993330843-06:00" level=debug msg="Invoking: gptj-python-rsryg16rhcb2lt3ui74t.default.192.168.1.240.sslip.io:80"
time="2024-05-28T17:54:53.005734951-06:00" level=debug msg="Invoked gptj-python-rsryg16rhcb2lt3ui74t.default.192.168.1.240.sslip.io in 12410 usec\n"
time="2024-05-28T17:55:00.497193756-06:00" level=debug msg="Invoking: gptj-python-rsryg16rhcb2lt3ui74t.default.192.168.1.240.sslip.io:80"
time="2024-05-28T17:55:00.507843194-06:00" level=debug msg="Invoked gptj-python-rsryg16rhcb2lt3ui74t.default.192.168.1.240.sslip.io in 10662 usec\n"
time="2024-05-28T17:55:08.003650504-06:00" level=debug msg="Invoking: gptj-python-rsryg16rhcb2lt3ui74t.default.192.168.1.240.sslip.io:80"
time="2024-05-28T17:55:08.01412401-06:00" level=debug msg="Invoked gptj-python-rsryg16rhcb2lt3ui74t.default.192.168.1.240.sslip.io in 10481 usec\n"
time="2024-05-28T17:55:15.477688632-06:00" level=info msg="Experiment Phase Completed"
time="2024-05-28T17:55:15.477823451-06:00" level=info msg="Issued / completed requests: 112, 112"
time="2024-05-28T17:55:15.477861148-06:00" level=info msg="Average Real RPS: 0.13 "
time="2024-05-28T17:55:15.477888616-06:00" level=info msg="Experiment finished!"
time="2024-05-28T17:55:15.477919039-06:00" level=info msg="The measured latencies are saved in rps_lat.csv"
