time="2024-05-29T02:48:27.699342317-06:00" level=info msg="Reading the endpoints from the file: video-analytics-standalone-python-70-400/endpoints.json"
time="2024-05-29T02:50:44.13320499-06:00" level=warning msg="Failed to invoke video-analytics-standalone-python-70-yclmho6.default.192.168.1.240.sslip.io:80, err=rpc error: code = DeadlineExceeded desc = context deadline exceeded"
time="2024-05-29T02:50:54.958309382-06:00" level=warning msg="Failed to invoke video-analytics-standalone-python-70-yclmho6.default.192.168.1.240.sslip.io:80, err=rpc error: code = DeadlineExceeded desc = context deadline exceeded"
time="2024-05-29T02:51:05.774447686-06:00" level=warning msg="Failed to invoke video-analytics-standalone-python-70-yclmho6.default.192.168.1.240.sslip.io:80, err=rpc error: code = Unavailable desc = upstream request timeout"
time="2024-05-29T02:51:16.594690116-06:00" level=warning msg="Failed to invoke video-analytics-standalone-python-70-yclmho6.default.192.168.1.240.sslip.io:80, err=rpc error: code = Unavailable desc = upstream request timeout"
time="2024-05-29T02:51:27.414859281-06:00" level=warning msg="Failed to invoke video-analytics-standalone-python-70-yclmho6.default.192.168.1.240.sslip.io:80, err=rpc error: code = Unavailable desc = upstream request timeout"
time="2024-05-29T02:51:38.234624522-06:00" level=warning msg="Failed to invoke video-analytics-standalone-python-70-yclmho6.default.192.168.1.240.sslip.io:80, err=rpc error: code = Unavailable desc = upstream request timeout"
time="2024-05-29T02:51:49.06078624-06:00" level=warning msg="Failed to invoke video-analytics-standalone-python-70-yclmho6.default.192.168.1.240.sslip.io:80, err=rpc error: code = Unavailable desc = upstream request timeout"
time="2024-05-29T02:51:59.887236852-06:00" level=warning msg="Failed to invoke video-analytics-standalone-python-70-yclmho6.default.192.168.1.240.sslip.io:80, err=rpc error: code = Unavailable desc = upstream request timeout"
time="2024-05-29T02:52:10.709614284-06:00" level=warning msg="Failed to invoke video-analytics-standalone-python-70-yclmho6.default.192.168.1.240.sslip.io:80, err=rpc error: code = Unavailable desc = upstream request timeout"
time="2024-05-29T02:52:21.527414293-06:00" level=warning msg="Failed to invoke video-analytics-standalone-python-70-yclmho6.default.192.168.1.240.sslip.io:80, err=rpc error: code = Unavailable desc = upstream request timeout"
time="2024-05-29T02:52:32.352257579-06:00" level=warning msg="Failed to invoke video-analytics-standalone-python-70-yclmho6.default.192.168.1.240.sslip.io:80, err=rpc error: code = DeadlineExceeded desc = context deadline exceeded"
time="2024-05-29T02:52:43.17662026-06:00" level=warning msg="Failed to invoke video-analytics-standalone-python-70-yclmho6.default.192.168.1.240.sslip.io:80, err=rpc error: code = Unavailable desc = upstream request timeout"
time="2024-05-29T02:52:53.995073041-06:00" level=warning msg="Failed to invoke video-analytics-standalone-python-70-yclmho6.default.192.168.1.240.sslip.io:80, err=rpc error: code = Unavailable desc = upstream request timeout"
time="2024-05-29T02:53:04.821667252-06:00" level=warning msg="Failed to invoke video-analytics-standalone-python-70-yclmho6.default.192.168.1.240.sslip.io:80, err=rpc error: code = Unavailable desc = upstream request timeout"
time="2024-05-29T02:53:15.641880227-06:00" level=warning msg="Failed to invoke video-analytics-standalone-python-70-yclmho6.default.192.168.1.240.sslip.io:80, err=rpc error: code = Unavailable desc = upstream request timeout"
time="2024-05-29T02:53:26.465269206-06:00" level=warning msg="Failed to invoke video-analytics-standalone-python-70-yclmho6.default.192.168.1.240.sslip.io:80, err=rpc error: code = Unavailable desc = upstream request timeout"
time="2024-05-29T02:53:37.289448607-06:00" level=warning msg="Failed to invoke video-analytics-standalone-python-70-yclmho6.default.192.168.1.240.sslip.io:80, err=rpc error: code = Unavailable desc = upstream request timeout"
time="2024-05-29T02:53:48.113212824-06:00" level=warning msg="Failed to invoke video-analytics-standalone-python-70-yclmho6.default.192.168.1.240.sslip.io:80, err=rpc error: code = DeadlineExceeded desc = context deadline exceeded"
time="2024-05-29T02:53:58.93621534-06:00" level=warning msg="Failed to invoke video-analytics-standalone-python-70-yclmho6.default.192.168.1.240.sslip.io:80, err=rpc error: code = Unavailable desc = upstream request timeout"
time="2024-05-29T02:54:09.758590174-06:00" level=warning msg="Failed to invoke video-analytics-standalone-python-70-yclmho6.default.192.168.1.240.sslip.io:80, err=rpc error: code = Unavailable desc = upstream request timeout"
time="2024-05-29T02:54:20.573747147-06:00" level=warning msg="Failed to invoke video-analytics-standalone-python-70-yclmho6.default.192.168.1.240.sslip.io:80, err=rpc error: code = Unavailable desc = upstream request timeout"
time="2024-05-29T02:54:31.398395937-06:00" level=warning msg="Failed to invoke video-analytics-standalone-python-70-yclmho6.default.192.168.1.240.sslip.io:80, err=rpc error: code = Unavailable desc = upstream request timeout"
time="2024-05-29T02:54:42.226048454-06:00" level=warning msg="Failed to invoke video-analytics-standalone-python-70-yclmho6.default.192.168.1.240.sslip.io:80, err=rpc error: code = Unavailable desc = upstream request timeout"
time="2024-05-29T02:54:53.054645714-06:00" level=warning msg="Failed to invoke video-analytics-standalone-python-70-yclmho6.default.192.168.1.240.sslip.io:80, err=rpc error: code = Unavailable desc = upstream request timeout"
time="2024-05-29T02:55:03.8682766-06:00" level=warning msg="Failed to invoke video-analytics-standalone-python-70-yclmho6.default.192.168.1.240.sslip.io:80, err=rpc error: code = Unavailable desc = upstream request timeout"
time="2024-05-29T02:55:14.694121851-06:00" level=warning msg="Failed to invoke video-analytics-standalone-python-70-yclmho6.default.192.168.1.240.sslip.io:80, err=rpc error: code = Unavailable desc = upstream request timeout"
time="2024-05-29T02:55:25.514229173-06:00" level=warning msg="Failed to invoke video-analytics-standalone-python-70-yclmho6.default.192.168.1.240.sslip.io:80, err=rpc error: code = Unavailable desc = upstream request timeout"
time="2024-05-29T02:55:36.335128233-06:00" level=warning msg="Failed to invoke video-analytics-standalone-python-70-yclmho6.default.192.168.1.240.sslip.io:80, err=rpc error: code = Unavailable desc = upstream request timeout"
time="2024-05-29T02:55:47.161123716-06:00" level=warning msg="Failed to invoke video-analytics-standalone-python-70-yclmho6.default.192.168.1.240.sslip.io:80, err=rpc error: code = Unavailable desc = upstream request timeout"
time="2024-05-29T02:55:57.981298608-06:00" level=warning msg="Failed to invoke video-analytics-standalone-python-70-yclmho6.default.192.168.1.240.sslip.io:80, err=rpc error: code = Unavailable desc = upstream request timeout"
time="2024-05-29T02:56:08.803164091-06:00" level=warning msg="Failed to invoke video-analytics-standalone-python-70-yclmho6.default.192.168.1.240.sslip.io:80, err=rpc error: code = Unavailable desc = upstream request timeout"
time="2024-05-29T02:56:19.622549369-06:00" level=warning msg="Failed to invoke video-analytics-standalone-python-70-yclmho6.default.192.168.1.240.sslip.io:80, err=rpc error: code = Unavailable desc = upstream request timeout"
time="2024-05-29T02:56:30.449925605-06:00" level=warning msg="Failed to invoke video-analytics-standalone-python-70-yclmho6.default.192.168.1.240.sslip.io:80, err=rpc error: code = Unavailable desc = upstream request timeout"
time="2024-05-29T02:56:41.271192035-06:00" level=warning msg="Failed to invoke video-analytics-standalone-python-70-yclmho6.default.192.168.1.240.sslip.io:80, err=rpc error: code = DeadlineExceeded desc = context deadline exceeded"
time="2024-05-29T02:56:52.092539986-06:00" level=warning msg="Failed to invoke video-analytics-standalone-python-70-yclmho6.default.192.168.1.240.sslip.io:80, err=rpc error: code = Unavailable desc = upstream request timeout"
time="2024-05-29T02:57:02.919004793-06:00" level=warning msg="Failed to invoke video-analytics-standalone-python-70-yclmho6.default.192.168.1.240.sslip.io:80, err=rpc error: code = Unavailable desc = upstream request timeout"
time="2024-05-29T02:57:13.739150199-06:00" level=warning msg="Failed to invoke video-analytics-standalone-python-70-yclmho6.default.192.168.1.240.sslip.io:80, err=rpc error: code = Unavailable desc = upstream request timeout"
time="2024-05-29T02:57:24.559291662-06:00" level=warning msg="Failed to invoke video-analytics-standalone-python-70-yclmho6.default.192.168.1.240.sslip.io:80, err=rpc error: code = Unavailable desc = upstream request timeout"
time="2024-05-29T02:57:35.385816534-06:00" level=warning msg="Failed to invoke video-analytics-standalone-python-70-yclmho6.default.192.168.1.240.sslip.io:80, err=rpc error: code = Unavailable desc = upstream request timeout"
time="2024-05-29T02:57:46.203975248-06:00" level=warning msg="Failed to invoke video-analytics-standalone-python-70-yclmho6.default.192.168.1.240.sslip.io:80, err=rpc error: code = Unavailable desc = upstream request timeout"
time="2024-05-29T02:57:57.032604294-06:00" level=warning msg="Failed to invoke video-analytics-standalone-python-70-yclmho6.default.192.168.1.240.sslip.io:80, err=rpc error: code = Unavailable desc = upstream request timeout"
time="2024-05-29T02:58:07.855397551-06:00" level=warning msg="Failed to invoke video-analytics-standalone-python-70-yclmho6.default.192.168.1.240.sslip.io:80, err=rpc error: code = Unavailable desc = upstream request timeout"
time="2024-05-29T02:58:18.681522936-06:00" level=warning msg="Failed to invoke video-analytics-standalone-python-70-yclmho6.default.192.168.1.240.sslip.io:80, err=rpc error: code = DeadlineExceeded desc = context deadline exceeded"
time="2024-05-29T02:58:29.498807814-06:00" level=warning msg="Failed to invoke video-analytics-standalone-python-70-yclmho6.default.192.168.1.240.sslip.io:80, err=rpc error: code = DeadlineExceeded desc = Deadline Exceeded"
time="2024-05-29T02:58:40.329187602-06:00" level=warning msg="Failed to invoke video-analytics-standalone-python-70-yclmho6.default.192.168.1.240.sslip.io:80, err=rpc error: code = DeadlineExceeded desc = context deadline exceeded"
time="2024-05-29T02:58:51.138869168-06:00" level=warning msg="Failed to invoke video-analytics-standalone-python-70-yclmho6.default.192.168.1.240.sslip.io:80, err=rpc error: code = Unavailable desc = upstream request timeout"
time="2024-05-29T02:59:01.965016064-06:00" level=warning msg="Failed to invoke video-analytics-standalone-python-70-yclmho6.default.192.168.1.240.sslip.io:80, err=rpc error: code = Unavailable desc = upstream request timeout"
time="2024-05-29T02:59:12.787256076-06:00" level=warning msg="Failed to invoke video-analytics-standalone-python-70-yclmho6.default.192.168.1.240.sslip.io:80, err=rpc error: code = Unavailable desc = upstream request timeout"
time="2024-05-29T02:59:23.60955544-06:00" level=warning msg="Failed to invoke video-analytics-standalone-python-70-yclmho6.default.192.168.1.240.sslip.io:80, err=rpc error: code = Unavailable desc = upstream request timeout"
time="2024-05-29T02:59:34.430445218-06:00" level=warning msg="Failed to invoke video-analytics-standalone-python-70-yclmho6.default.192.168.1.240.sslip.io:80, err=rpc error: code = Unavailable desc = upstream request timeout"
time="2024-05-29T02:59:45.252259933-06:00" level=warning msg="Failed to invoke video-analytics-standalone-python-70-yclmho6.default.192.168.1.240.sslip.io:80, err=rpc error: code = Unavailable desc = upstream request timeout"
time="2024-05-29T02:59:56.075532246-06:00" level=warning msg="Failed to invoke video-analytics-standalone-python-70-yclmho6.default.192.168.1.240.sslip.io:80, err=rpc error: code = Unavailable desc = upstream request timeout"
time="2024-05-29T03:00:06.900664591-06:00" level=warning msg="Failed to invoke video-analytics-standalone-python-70-yclmho6.default.192.168.1.240.sslip.io:80, err=rpc error: code = Unavailable desc = upstream request timeout"
time="2024-05-29T03:00:17.720006209-06:00" level=warning msg="Failed to invoke video-analytics-standalone-python-70-yclmho6.default.192.168.1.240.sslip.io:80, err=rpc error: code = Unavailable desc = upstream request timeout"
time="2024-05-29T03:00:28.543769932-06:00" level=warning msg="Failed to invoke video-analytics-standalone-python-70-yclmho6.default.192.168.1.240.sslip.io:80, err=rpc error: code = Unavailable desc = upstream request timeout"
time="2024-05-29T03:00:39.36628912-06:00" level=warning msg="Failed to invoke video-analytics-standalone-python-70-yclmho6.default.192.168.1.240.sslip.io:80, err=rpc error: code = Unavailable desc = upstream request timeout"
time="2024-05-29T03:00:50.190592954-06:00" level=warning msg="Failed to invoke video-analytics-standalone-python-70-yclmho6.default.192.168.1.240.sslip.io:80, err=rpc error: code = Unavailable desc = upstream request timeout"
time="2024-05-29T03:01:01.010095693-06:00" level=warning msg="Failed to invoke video-analytics-standalone-python-70-yclmho6.default.192.168.1.240.sslip.io:80, err=rpc error: code = Unavailable desc = upstream request timeout"
time="2024-05-29T03:01:11.831384329-06:00" level=warning msg="Failed to invoke video-analytics-standalone-python-70-yclmho6.default.192.168.1.240.sslip.io:80, err=rpc error: code = Unavailable desc = upstream request timeout"
time="2024-05-29T03:01:22.657158195-06:00" level=warning msg="Failed to invoke video-analytics-standalone-python-70-yclmho6.default.192.168.1.240.sslip.io:80, err=rpc error: code = DeadlineExceeded desc = context deadline exceeded"
time="2024-05-29T03:01:33.478075758-06:00" level=warning msg="Failed to invoke video-analytics-standalone-python-70-yclmho6.default.192.168.1.240.sslip.io:80, err=rpc error: code = Unavailable desc = upstream request timeout"
time="2024-05-29T03:01:36.718921166-06:00" level=info msg="Issued / completed requests: 73, 10"
time="2024-05-29T03:01:36.71902324-06:00" level=info msg="Real / target RPS: 0.01 / 0.2"
time="2024-05-29T03:01:36.719041455-06:00" level=info msg="Experiment finished!"
time="2024-05-29T03:01:36.719057874-06:00" level=info msg="The measured latencies are saved in video-analytics-standalone-python-70-400/lat.txt"
time="2024-05-29T03:01:36.71922603-06:00" level=info msg="The measured function durations are saved in video-analytics-standalone-python-70-400/dur.txt"
