time="2024-05-30T02:57:33.210991941-06:00" level=debug msg="Debug logging is enabled"
time="2024-05-30T02:57:33.211192955-06:00" level=info msg="Reading the trace endpoints from the file: /users/ArunAMS/vSwarm/tools/load-generator/load.json"
time="2024-05-30T02:57:33.212754162-06:00" level=info msg="Warmup Duration: 3"
time="2024-05-30T02:57:33.212775762-06:00" level=info msg="Experiment Duration: 11"
time="2024-05-30T02:57:33.212792336-06:00" level=info msg="Minute Granularity: true"
time="2024-05-30T02:58:33.269738673-06:00" level=info msg="Running Warmup Phase"
time="2024-05-30T02:58:33.269825194-06:00" level=debug msg="Minute: 0"
time="2024-05-30T02:58:33.269903766-06:00" level=debug msg="Number of Invocations this iteration: 8"
time="2024-05-30T02:58:33.270014168-06:00" level=debug msg="Invoking: cartservice-kd5pyggyz5tr9jp7k8ws.default.192.168.1.240.sslip.io:80"
time="2024-05-30T02:58:40.777422604-06:00" level=debug msg="Invoking: gptj-python-9pxorshgg1admpou4gjh.default.192.168.1.240.sslip.io:80"
time="2024-05-30T02:58:48.281761776-06:00" level=debug msg="Invoking: gptj-python-9pxorshgg1admpou4gjh.default.192.168.1.240.sslip.io:80"
time="2024-05-30T02:58:55.782739837-06:00" level=debug msg="Invoking: gptj-python-9pxorshgg1admpou4gjh.default.192.168.1.240.sslip.io:80"
time="2024-05-30T02:59:03.282831156-06:00" level=debug msg="Invoking: cartservice-kd5pyggyz5tr9jp7k8ws.default.192.168.1.240.sslip.io:80"
time="2024-05-30T02:59:10.789915718-06:00" level=debug msg="Invoking: gptj-python-9pxorshgg1admpou4gjh.default.192.168.1.240.sslip.io:80"
time="2024-05-30T02:59:18.293701914-06:00" level=debug msg="Invoking: gptj-python-9pxorshgg1admpou4gjh.default.192.168.1.240.sslip.io:80"
time="2024-05-30T02:59:25.799640723-06:00" level=debug msg="Invoking: gptj-python-9pxorshgg1admpou4gjh.default.192.168.1.240.sslip.io:80"
time="2024-05-30T02:59:33.217733106-06:00" level=debug msg="Minute: 1"
time="2024-05-30T02:59:33.217828559-06:00" level=debug msg="Number of Invocations this iteration: 8"
time="2024-05-30T02:59:33.217922904-06:00" level=debug msg="Invoking: image-rotate-go-6-ybnum7ydh6avyhot1z20.default.192.168.1.240.sslip.io:80"
time="2024-05-30T02:59:40.718453655-06:00" level=debug msg="Invoking: gptj-python-9pxorshgg1admpou4gjh.default.192.168.1.240.sslip.io:80"
time="2024-05-30T02:59:48.221667593-06:00" level=debug msg="Invoking: gptj-python-9pxorshgg1admpou4gjh.default.192.168.1.240.sslip.io:80"
time="2024-05-30T02:59:55.725748984-06:00" level=debug msg="Invoking: gptj-python-9pxorshgg1admpou4gjh.default.192.168.1.240.sslip.io:80"
time="2024-05-30T03:00:03.229642554-06:00" level=debug msg="Invoking: cartservice-kd5pyggyz5tr9jp7k8ws.default.192.168.1.240.sslip.io:80"
time="2024-05-30T03:00:10.735507059-06:00" level=debug msg="Invoking: gptj-python-9pxorshgg1admpou4gjh.default.192.168.1.240.sslip.io:80"
time="2024-05-30T03:00:18.241729632-06:00" level=debug msg="Invoking: gptj-python-9pxorshgg1admpou4gjh.default.192.168.1.240.sslip.io:80"
time="2024-05-30T03:00:25.745744751-06:00" level=debug msg="Invoking: gptj-python-9pxorshgg1admpou4gjh.default.192.168.1.240.sslip.io:80"
time="2024-05-30T03:00:33.218293359-06:00" level=debug msg="Minute: 2"
time="2024-05-30T03:00:33.218387967-06:00" level=debug msg="Number of Invocations this iteration: 8"
time="2024-05-30T03:00:33.218487533-06:00" level=debug msg="Invoking: cartservice-kd5pyggyz5tr9jp7k8ws.default.192.168.1.240.sslip.io:80"
time="2024-05-30T03:00:40.723841271-06:00" level=debug msg="Invoking: gptj-python-9pxorshgg1admpou4gjh.default.192.168.1.240.sslip.io:80"
time="2024-05-30T03:00:48.229757749-06:00" level=debug msg="Invoking: gptj-python-9pxorshgg1admpou4gjh.default.192.168.1.240.sslip.io:80"
time="2024-05-30T03:00:55.733691597-06:00" level=debug msg="Invoking: gptj-python-9pxorshgg1admpou4gjh.default.192.168.1.240.sslip.io:80"
time="2024-05-30T03:01:03.237717532-06:00" level=debug msg="Invoking: cartservice-kd5pyggyz5tr9jp7k8ws.default.192.168.1.240.sslip.io:80"
time="2024-05-30T03:01:10.741751394-06:00" level=debug msg="Invoking: gptj-python-9pxorshgg1admpou4gjh.default.192.168.1.240.sslip.io:80"
time="2024-05-30T03:01:18.246885516-06:00" level=debug msg="Invoking: gptj-python-9pxorshgg1admpou4gjh.default.192.168.1.240.sslip.io:80"
time="2024-05-30T03:01:25.753972196-06:00" level=debug msg="Invoking: gptj-python-9pxorshgg1admpou4gjh.default.192.168.1.240.sslip.io:80"
time="2024-05-30T03:01:33.218757824-06:00" level=info msg="Warmup Phase Completed"
time="2024-05-30T03:01:33.218837498-06:00" level=info msg="Running Experiment Phase"
time="2024-05-30T03:01:33.218865649-06:00" level=debug msg="Minute: 3"
time="2024-05-30T03:01:33.218927947-06:00" level=debug msg="Number of Invocations this iteration: 8"
time="2024-05-30T03:01:33.219008921-06:00" level=debug msg="Invoking: cartservice-kd5pyggyz5tr9jp7k8ws.default.192.168.1.240.sslip.io:80"
time="2024-05-30T03:01:33.232517009-06:00" level=debug msg="Invoked cartservice-kd5pyggyz5tr9jp7k8ws.default.192.168.1.240.sslip.io in 13505 usec\n"
time="2024-05-30T03:01:40.725751972-06:00" level=debug msg="Invoking: gptj-python-9pxorshgg1admpou4gjh.default.192.168.1.240.sslip.io:80"
time="2024-05-30T03:01:40.736015544-06:00" level=debug msg="Invoked gptj-python-9pxorshgg1admpou4gjh.default.192.168.1.240.sslip.io in 10298 usec\n"
time="2024-05-30T03:01:48.226648832-06:00" level=debug msg="Invoking: gptj-python-9pxorshgg1admpou4gjh.default.192.168.1.240.sslip.io:80"
time="2024-05-30T03:01:48.237950357-06:00" level=debug msg="Invoked gptj-python-9pxorshgg1admpou4gjh.default.192.168.1.240.sslip.io in 11390 usec\n"
time="2024-05-30T03:01:55.731221126-06:00" level=debug msg="Invoking: gptj-python-9pxorshgg1admpou4gjh.default.192.168.1.240.sslip.io:80"
time="2024-05-30T03:01:55.741441751-06:00" level=debug msg="Invoked gptj-python-9pxorshgg1admpou4gjh.default.192.168.1.240.sslip.io in 10313 usec\n"
time="2024-05-30T03:02:03.237747984-06:00" level=debug msg="Invoking: cartservice-kd5pyggyz5tr9jp7k8ws.default.192.168.1.240.sslip.io:80"
time="2024-05-30T03:02:03.250423105-06:00" level=debug msg="Invoked cartservice-kd5pyggyz5tr9jp7k8ws.default.192.168.1.240.sslip.io in 12683 usec\n"
time="2024-05-30T03:02:10.741752316-06:00" level=debug msg="Invoking: gptj-python-9pxorshgg1admpou4gjh.default.192.168.1.240.sslip.io:80"
time="2024-05-30T03:02:10.752076547-06:00" level=debug msg="Invoked gptj-python-9pxorshgg1admpou4gjh.default.192.168.1.240.sslip.io in 10333 usec\n"
time="2024-05-30T03:02:18.248362841-06:00" level=debug msg="Invoking: gptj-python-9pxorshgg1admpou4gjh.default.192.168.1.240.sslip.io:80"
time="2024-05-30T03:02:18.259316878-06:00" level=debug msg="Invoked gptj-python-9pxorshgg1admpou4gjh.default.192.168.1.240.sslip.io in 10963 usec\n"
time="2024-05-30T03:02:25.753769714-06:00" level=debug msg="Invoking: gptj-python-9pxorshgg1admpou4gjh.default.192.168.1.240.sslip.io:80"
time="2024-05-30T03:02:25.885938072-06:00" level=debug msg="Invoked gptj-python-9pxorshgg1admpou4gjh.default.192.168.1.240.sslip.io in 132176 usec\n"
time="2024-05-30T03:02:33.218233344-06:00" level=debug msg="Minute: 4"
time="2024-05-30T03:02:33.218289964-06:00" level=debug msg="Number of Invocations this iteration: 8"
time="2024-05-30T03:02:33.218356897-06:00" level=debug msg="Invoking: rnn-serving-python-10-10-5788qtb29qr3qkmv4j6u.default.192.168.1.240.sslip.io:80"
time="2024-05-30T03:02:40.721695397-06:00" level=debug msg="Invoking: gptj-python-9pxorshgg1admpou4gjh.default.192.168.1.240.sslip.io:80"
time="2024-05-30T03:02:40.73130081-06:00" level=debug msg="Invoked gptj-python-9pxorshgg1admpou4gjh.default.192.168.1.240.sslip.io in 9613 usec\n"
time="2024-05-30T03:02:43.939443851-06:00" level=debug msg="Invoked rnn-serving-python-10-10-5788qtb29qr3qkmv4j6u.default.192.168.1.240.sslip.io in 10721082 usec\n"
time="2024-05-30T03:02:48.221807677-06:00" level=debug msg="Invoking: gptj-python-9pxorshgg1admpou4gjh.default.192.168.1.240.sslip.io:80"
time="2024-05-30T03:02:48.231837506-06:00" level=debug msg="Invoked gptj-python-9pxorshgg1admpou4gjh.default.192.168.1.240.sslip.io in 10060 usec\n"
time="2024-05-30T03:02:55.725794437-06:00" level=debug msg="Invoking: gptj-python-9pxorshgg1admpou4gjh.default.192.168.1.240.sslip.io:80"
time="2024-05-30T03:02:55.736006752-06:00" level=debug msg="Invoked gptj-python-9pxorshgg1admpou4gjh.default.192.168.1.240.sslip.io in 10225 usec\n"
time="2024-05-30T03:03:03.229733568-06:00" level=debug msg="Invoking: cartservice-kd5pyggyz5tr9jp7k8ws.default.192.168.1.240.sslip.io:80"
time="2024-05-30T03:03:03.260215983-06:00" level=debug msg="Invoked cartservice-kd5pyggyz5tr9jp7k8ws.default.192.168.1.240.sslip.io in 30483 usec\n"
time="2024-05-30T03:03:10.733675406-06:00" level=debug msg="Invoking: gptj-python-9pxorshgg1admpou4gjh.default.192.168.1.240.sslip.io:80"
time="2024-05-30T03:03:10.743479997-06:00" level=debug msg="Invoked gptj-python-9pxorshgg1admpou4gjh.default.192.168.1.240.sslip.io in 9814 usec\n"
time="2024-05-30T03:03:18.237744339-06:00" level=debug msg="Invoking: gptj-python-9pxorshgg1admpou4gjh.default.192.168.1.240.sslip.io:80"
time="2024-05-30T03:03:18.248421814-06:00" level=debug msg="Invoked gptj-python-9pxorshgg1admpou4gjh.default.192.168.1.240.sslip.io in 10689 usec\n"
time="2024-05-30T03:03:25.74170711-06:00" level=debug msg="Invoking: gptj-python-9pxorshgg1admpou4gjh.default.192.168.1.240.sslip.io:80"
time="2024-05-30T03:03:25.752801704-06:00" level=debug msg="Invoked gptj-python-9pxorshgg1admpou4gjh.default.192.168.1.240.sslip.io in 11138 usec\n"
time="2024-05-30T03:03:33.218554428-06:00" level=debug msg="Minute: 5"
time="2024-05-30T03:03:33.218674273-06:00" level=debug msg="Number of Invocations this iteration: 8"
time="2024-05-30T03:03:33.218773291-06:00" level=debug msg="Invoking: cartservice-kd5pyggyz5tr9jp7k8ws.default.192.168.1.240.sslip.io:80"
time="2024-05-30T03:03:34.319915435-06:00" level=debug msg="Invoked cartservice-kd5pyggyz5tr9jp7k8ws.default.192.168.1.240.sslip.io in 1101138 usec\n"
time="2024-05-30T03:03:40.721638574-06:00" level=debug msg="Invoking: gptj-python-9pxorshgg1admpou4gjh.default.192.168.1.240.sslip.io:80"
time="2024-05-30T03:03:40.735939057-06:00" level=debug msg="Invoked gptj-python-9pxorshgg1admpou4gjh.default.192.168.1.240.sslip.io in 14302 usec\n"
time="2024-05-30T03:03:48.228368318-06:00" level=debug msg="Invoking: gptj-python-9pxorshgg1admpou4gjh.default.192.168.1.240.sslip.io:80"
time="2024-05-30T03:03:48.242096616-06:00" level=debug msg="Invoked gptj-python-9pxorshgg1admpou4gjh.default.192.168.1.240.sslip.io in 13733 usec\n"
time="2024-05-30T03:03:55.733666796-06:00" level=debug msg="Invoking: gptj-python-9pxorshgg1admpou4gjh.default.192.168.1.240.sslip.io:80"
time="2024-05-30T03:03:55.744273354-06:00" level=debug msg="Invoked gptj-python-9pxorshgg1admpou4gjh.default.192.168.1.240.sslip.io in 10613 usec\n"
time="2024-05-30T03:04:03.239893125-06:00" level=debug msg="Invoking: cartservice-kd5pyggyz5tr9jp7k8ws.default.192.168.1.240.sslip.io:80"
time="2024-05-30T03:04:03.268086724-06:00" level=debug msg="Invoked cartservice-kd5pyggyz5tr9jp7k8ws.default.192.168.1.240.sslip.io in 28203 usec\n"
time="2024-05-30T03:04:10.74656854-06:00" level=debug msg="Invoking: gptj-python-9pxorshgg1admpou4gjh.default.192.168.1.240.sslip.io:80"
time="2024-05-30T03:04:10.756072369-06:00" level=debug msg="Invoked gptj-python-9pxorshgg1admpou4gjh.default.192.168.1.240.sslip.io in 9512 usec\n"
time="2024-05-30T03:04:18.249786191-06:00" level=debug msg="Invoking: gptj-python-9pxorshgg1admpou4gjh.default.192.168.1.240.sslip.io:80"
time="2024-05-30T03:04:18.259812499-06:00" level=debug msg="Invoked gptj-python-9pxorshgg1admpou4gjh.default.192.168.1.240.sslip.io in 10036 usec\n"
time="2024-05-30T03:04:25.757110575-06:00" level=debug msg="Invoking: gptj-python-9pxorshgg1admpou4gjh.default.192.168.1.240.sslip.io:80"
time="2024-05-30T03:04:25.767145219-06:00" level=debug msg="Invoked gptj-python-9pxorshgg1admpou4gjh.default.192.168.1.240.sslip.io in 10043 usec\n"
time="2024-05-30T03:04:33.21875334-06:00" level=debug msg="Minute: 6"
time="2024-05-30T03:04:33.218852964-06:00" level=debug msg="Number of Invocations this iteration: 8"
time="2024-05-30T03:04:33.2189387-06:00" level=debug msg="Invoking: image-rotate-go-6-ybnum7ydh6avyhot1z20.default.192.168.1.240.sslip.io:80"
time="2024-05-30T03:04:40.461229307-06:00" level=debug msg="Invoked image-rotate-go-6-ybnum7ydh6avyhot1z20.default.192.168.1.240.sslip.io in 7242288 usec\n"
time="2024-05-30T03:04:40.719255916-06:00" level=debug msg="Invoking: gptj-python-9pxorshgg1admpou4gjh.default.192.168.1.240.sslip.io:80"
time="2024-05-30T03:04:40.729133875-06:00" level=debug msg="Invoked gptj-python-9pxorshgg1admpou4gjh.default.192.168.1.240.sslip.io in 9885 usec\n"
time="2024-05-30T03:04:48.225743624-06:00" level=debug msg="Invoking: gptj-python-9pxorshgg1admpou4gjh.default.192.168.1.240.sslip.io:80"
time="2024-05-30T03:04:48.238030826-06:00" level=debug msg="Invoked gptj-python-9pxorshgg1admpou4gjh.default.192.168.1.240.sslip.io in 12296 usec\n"
time="2024-05-30T03:04:55.72968826-06:00" level=debug msg="Invoking: gptj-python-9pxorshgg1admpou4gjh.default.192.168.1.240.sslip.io:80"
time="2024-05-30T03:04:55.739210375-06:00" level=debug msg="Invoked gptj-python-9pxorshgg1admpou4gjh.default.192.168.1.240.sslip.io in 9527 usec\n"
time="2024-05-30T03:05:03.233721233-06:00" level=debug msg="Invoking: cartservice-kd5pyggyz5tr9jp7k8ws.default.192.168.1.240.sslip.io:80"
time="2024-05-30T03:05:09.66930815-06:00" level=debug msg="Invoked cartservice-kd5pyggyz5tr9jp7k8ws.default.192.168.1.240.sslip.io in 6435595 usec\n"
time="2024-05-30T03:05:10.734713662-06:00" level=debug msg="Invoking: gptj-python-9pxorshgg1admpou4gjh.default.192.168.1.240.sslip.io:80"
time="2024-05-30T03:05:10.744401488-06:00" level=debug msg="Invoked gptj-python-9pxorshgg1admpou4gjh.default.192.168.1.240.sslip.io in 9694 usec\n"
time="2024-05-30T03:05:18.241674593-06:00" level=debug msg="Invoking: gptj-python-9pxorshgg1admpou4gjh.default.192.168.1.240.sslip.io:80"
time="2024-05-30T03:05:18.252077643-06:00" level=debug msg="Invoked gptj-python-9pxorshgg1admpou4gjh.default.192.168.1.240.sslip.io in 10414 usec\n"
time="2024-05-30T03:05:25.746538524-06:00" level=debug msg="Invoking: gptj-python-9pxorshgg1admpou4gjh.default.192.168.1.240.sslip.io:80"
time="2024-05-30T03:05:25.756354754-06:00" level=debug msg="Invoked gptj-python-9pxorshgg1admpou4gjh.default.192.168.1.240.sslip.io in 9824 usec\n"
time="2024-05-30T03:05:33.217715233-06:00" level=debug msg="Minute: 7"
time="2024-05-30T03:05:33.217817486-06:00" level=debug msg="Number of Invocations this iteration: 8"
time="2024-05-30T03:05:33.217903941-06:00" level=debug msg="Invoking: cartservice-kd5pyggyz5tr9jp7k8ws.default.192.168.1.240.sslip.io:80"
time="2024-05-30T03:05:33.246868086-06:00" level=debug msg="Invoked cartservice-kd5pyggyz5tr9jp7k8ws.default.192.168.1.240.sslip.io in 28962 usec\n"
time="2024-05-30T03:05:40.721664052-06:00" level=debug msg="Invoking: gptj-python-9pxorshgg1admpou4gjh.default.192.168.1.240.sslip.io:80"
time="2024-05-30T03:05:40.733462395-06:00" level=debug msg="Invoked gptj-python-9pxorshgg1admpou4gjh.default.192.168.1.240.sslip.io in 11809 usec\n"
time="2024-05-30T03:05:48.225702766-06:00" level=debug msg="Invoking: gptj-python-9pxorshgg1admpou4gjh.default.192.168.1.240.sslip.io:80"
time="2024-05-30T03:05:48.237023669-06:00" level=debug msg="Invoked gptj-python-9pxorshgg1admpou4gjh.default.192.168.1.240.sslip.io in 11349 usec\n"
time="2024-05-30T03:05:55.730119012-06:00" level=debug msg="Invoking: gptj-python-9pxorshgg1admpou4gjh.default.192.168.1.240.sslip.io:80"
time="2024-05-30T03:05:55.740342757-06:00" level=debug msg="Invoked gptj-python-9pxorshgg1admpou4gjh.default.192.168.1.240.sslip.io in 10229 usec\n"
time="2024-05-30T03:06:03.233747212-06:00" level=debug msg="Invoking: cartservice-kd5pyggyz5tr9jp7k8ws.default.192.168.1.240.sslip.io:80"
time="2024-05-30T03:06:03.248513809-06:00" level=debug msg="Invoked cartservice-kd5pyggyz5tr9jp7k8ws.default.192.168.1.240.sslip.io in 14776 usec\n"
time="2024-05-30T03:06:10.740602793-06:00" level=debug msg="Invoking: gptj-python-9pxorshgg1admpou4gjh.default.192.168.1.240.sslip.io:80"
time="2024-05-30T03:06:10.750643821-06:00" level=debug msg="Invoked gptj-python-9pxorshgg1admpou4gjh.default.192.168.1.240.sslip.io in 10049 usec\n"
time="2024-05-30T03:06:18.248024859-06:00" level=debug msg="Invoking: gptj-python-9pxorshgg1admpou4gjh.default.192.168.1.240.sslip.io:80"
time="2024-05-30T03:06:18.258940154-06:00" level=debug msg="Invoked gptj-python-9pxorshgg1admpou4gjh.default.192.168.1.240.sslip.io in 10921 usec\n"
time="2024-05-30T03:06:25.753676733-06:00" level=debug msg="Invoking: gptj-python-9pxorshgg1admpou4gjh.default.192.168.1.240.sslip.io:80"
time="2024-05-30T03:06:25.762954947-06:00" level=debug msg="Invoked gptj-python-9pxorshgg1admpou4gjh.default.192.168.1.240.sslip.io in 9287 usec\n"
time="2024-05-30T03:06:33.22023481-06:00" level=debug msg="Minute: 8"
time="2024-05-30T03:06:33.220387629-06:00" level=debug msg="Number of Invocations this iteration: 8"
time="2024-05-30T03:06:33.220467384-06:00" level=debug msg="Invoking: cartservice-kd5pyggyz5tr9jp7k8ws.default.192.168.1.240.sslip.io:80"
time="2024-05-30T03:06:33.233852671-06:00" level=debug msg="Invoked cartservice-kd5pyggyz5tr9jp7k8ws.default.192.168.1.240.sslip.io in 13383 usec\n"
time="2024-05-30T03:06:40.725728594-06:00" level=debug msg="Invoking: gptj-python-9pxorshgg1admpou4gjh.default.192.168.1.240.sslip.io:80"
time="2024-05-30T03:06:40.735610012-06:00" level=debug msg="Invoked gptj-python-9pxorshgg1admpou4gjh.default.192.168.1.240.sslip.io in 9890 usec\n"
time="2024-05-30T03:06:48.229728732-06:00" level=debug msg="Invoking: gptj-python-9pxorshgg1admpou4gjh.default.192.168.1.240.sslip.io:80"
time="2024-05-30T03:06:48.240651242-06:00" level=debug msg="Invoked gptj-python-9pxorshgg1admpou4gjh.default.192.168.1.240.sslip.io in 10934 usec\n"
time="2024-05-30T03:06:55.73694805-06:00" level=debug msg="Invoking: gptj-python-9pxorshgg1admpou4gjh.default.192.168.1.240.sslip.io:80"
time="2024-05-30T03:06:55.746652088-06:00" level=debug msg="Invoked gptj-python-9pxorshgg1admpou4gjh.default.192.168.1.240.sslip.io in 9710 usec\n"
time="2024-05-30T03:07:03.244019998-06:00" level=debug msg="Invoking: cartservice-kd5pyggyz5tr9jp7k8ws.default.192.168.1.240.sslip.io:80"
time="2024-05-30T03:07:03.255866251-06:00" level=debug msg="Invoked cartservice-kd5pyggyz5tr9jp7k8ws.default.192.168.1.240.sslip.io in 11855 usec\n"
time="2024-05-30T03:07:10.749714525-06:00" level=debug msg="Invoking: gptj-python-9pxorshgg1admpou4gjh.default.192.168.1.240.sslip.io:80"
time="2024-05-30T03:07:10.75928903-06:00" level=debug msg="Invoked gptj-python-9pxorshgg1admpou4gjh.default.192.168.1.240.sslip.io in 9587 usec\n"
time="2024-05-30T03:07:18.253768824-06:00" level=debug msg="Invoking: gptj-python-9pxorshgg1admpou4gjh.default.192.168.1.240.sslip.io:80"
time="2024-05-30T03:07:18.264785735-06:00" level=debug msg="Invoked gptj-python-9pxorshgg1admpou4gjh.default.192.168.1.240.sslip.io in 11053 usec\n"
time="2024-05-30T03:07:25.757723238-06:00" level=debug msg="Invoking: gptj-python-9pxorshgg1admpou4gjh.default.192.168.1.240.sslip.io:80"
time="2024-05-30T03:07:25.767056298-06:00" level=debug msg="Invoked gptj-python-9pxorshgg1admpou4gjh.default.192.168.1.240.sslip.io in 9340 usec\n"
time="2024-05-30T03:07:33.21772676-06:00" level=debug msg="Minute: 9"
time="2024-05-30T03:07:33.217839414-06:00" level=debug msg="Number of Invocations this iteration: 8"
time="2024-05-30T03:07:33.217935091-06:00" level=debug msg="Invoking: cartservice-kd5pyggyz5tr9jp7k8ws.default.192.168.1.240.sslip.io:80"
time="2024-05-30T03:07:33.234809238-06:00" level=debug msg="Invoked cartservice-kd5pyggyz5tr9jp7k8ws.default.192.168.1.240.sslip.io in 16870 usec\n"
time="2024-05-30T03:07:40.72262278-06:00" level=debug msg="Invoking: gptj-python-9pxorshgg1admpou4gjh.default.192.168.1.240.sslip.io:80"
time="2024-05-30T03:07:40.731707394-06:00" level=debug msg="Invoked gptj-python-9pxorshgg1admpou4gjh.default.192.168.1.240.sslip.io in 9092 usec\n"
time="2024-05-30T03:07:48.229749396-06:00" level=debug msg="Invoking: gptj-python-9pxorshgg1admpou4gjh.default.192.168.1.240.sslip.io:80"
time="2024-05-30T03:07:48.241776107-06:00" level=debug msg="Invoked gptj-python-9pxorshgg1admpou4gjh.default.192.168.1.240.sslip.io in 12022 usec\n"
time="2024-05-30T03:07:55.733689997-06:00" level=debug msg="Invoking: gptj-python-9pxorshgg1admpou4gjh.default.192.168.1.240.sslip.io:80"
time="2024-05-30T03:07:55.742962819-06:00" level=debug msg="Invoked gptj-python-9pxorshgg1admpou4gjh.default.192.168.1.240.sslip.io in 9290 usec\n"
time="2024-05-30T03:08:03.238747745-06:00" level=debug msg="Invoking: cartservice-kd5pyggyz5tr9jp7k8ws.default.192.168.1.240.sslip.io:80"
time="2024-05-30T03:08:03.250855247-06:00" level=debug msg="Invoked cartservice-kd5pyggyz5tr9jp7k8ws.default.192.168.1.240.sslip.io in 12117 usec\n"
time="2024-05-30T03:08:10.745686675-06:00" level=debug msg="Invoking: gptj-python-9pxorshgg1admpou4gjh.default.192.168.1.240.sslip.io:80"
time="2024-05-30T03:08:10.754896271-06:00" level=debug msg="Invoked gptj-python-9pxorshgg1admpou4gjh.default.192.168.1.240.sslip.io in 9216 usec\n"
time="2024-05-30T03:08:18.251547815-06:00" level=debug msg="Invoking: gptj-python-9pxorshgg1admpou4gjh.default.192.168.1.240.sslip.io:80"
time="2024-05-30T03:08:18.262208891-06:00" level=debug msg="Invoked gptj-python-9pxorshgg1admpou4gjh.default.192.168.1.240.sslip.io in 10669 usec\n"
time="2024-05-30T03:08:25.757663648-06:00" level=debug msg="Invoking: gptj-python-9pxorshgg1admpou4gjh.default.192.168.1.240.sslip.io:80"
time="2024-05-30T03:08:25.768114355-06:00" level=debug msg="Invoked gptj-python-9pxorshgg1admpou4gjh.default.192.168.1.240.sslip.io in 10462 usec\n"
time="2024-05-30T03:08:33.217709925-06:00" level=debug msg="Minute: 10"
time="2024-05-30T03:08:33.217799593-06:00" level=debug msg="Number of Invocations this iteration: 8"
time="2024-05-30T03:08:33.217838687-06:00" level=debug msg="Invoking: rnn-serving-python-10-10-5788qtb29qr3qkmv4j6u.default.192.168.1.240.sslip.io:80"
time="2024-05-30T03:08:40.721818144-06:00" level=debug msg="Invoking: gptj-python-9pxorshgg1admpou4gjh.default.192.168.1.240.sslip.io:80"
time="2024-05-30T03:08:40.732247838-06:00" level=debug msg="Invoked gptj-python-9pxorshgg1admpou4gjh.default.192.168.1.240.sslip.io in 10443 usec\n"
time="2024-05-30T03:08:43.962690571-06:00" level=debug msg="Invoked rnn-serving-python-10-10-5788qtb29qr3qkmv4j6u.default.192.168.1.240.sslip.io in 10744848 usec\n"
time="2024-05-30T03:08:48.225691395-06:00" level=debug msg="Invoking: gptj-python-9pxorshgg1admpou4gjh.default.192.168.1.240.sslip.io:80"
time="2024-05-30T03:08:48.23774456-06:00" level=debug msg="Invoked gptj-python-9pxorshgg1admpou4gjh.default.192.168.1.240.sslip.io in 12076 usec\n"
time="2024-05-30T03:08:55.730444887-06:00" level=debug msg="Invoking: gptj-python-9pxorshgg1admpou4gjh.default.192.168.1.240.sslip.io:80"
time="2024-05-30T03:08:55.742125187-06:00" level=debug msg="Invoked gptj-python-9pxorshgg1admpou4gjh.default.192.168.1.240.sslip.io in 11691 usec\n"
time="2024-05-30T03:09:03.233686808-06:00" level=debug msg="Invoking: cartservice-kd5pyggyz5tr9jp7k8ws.default.192.168.1.240.sslip.io:80"
time="2024-05-30T03:09:10.737713974-06:00" level=debug msg="Invoking: gptj-python-9pxorshgg1admpou4gjh.default.192.168.1.240.sslip.io:80"
time="2024-05-30T03:09:10.74788403-06:00" level=debug msg="Invoked gptj-python-9pxorshgg1admpou4gjh.default.192.168.1.240.sslip.io in 10179 usec\n"
time="2024-05-30T03:09:13.579876661-06:00" level=debug msg="Invoked cartservice-kd5pyggyz5tr9jp7k8ws.default.192.168.1.240.sslip.io in 10346201 usec\n"
time="2024-05-30T03:09:18.241779076-06:00" level=debug msg="Invoking: gptj-python-9pxorshgg1admpou4gjh.default.192.168.1.240.sslip.io:80"
time="2024-05-30T03:09:18.252611329-06:00" level=debug msg="Invoked gptj-python-9pxorshgg1admpou4gjh.default.192.168.1.240.sslip.io in 10870 usec\n"
time="2024-05-30T03:09:25.746404591-06:00" level=debug msg="Invoking: gptj-python-9pxorshgg1admpou4gjh.default.192.168.1.240.sslip.io:80"
time="2024-05-30T03:09:25.755307262-06:00" level=debug msg="Invoked gptj-python-9pxorshgg1admpou4gjh.default.192.168.1.240.sslip.io in 8915 usec\n"
time="2024-05-30T03:09:33.217730963-06:00" level=debug msg="Minute: 11"
time="2024-05-30T03:09:33.217829993-06:00" level=debug msg="Number of Invocations this iteration: 8"
time="2024-05-30T03:09:33.217921325-06:00" level=debug msg="Invoking: image-rotate-go-6-ybnum7ydh6avyhot1z20.default.192.168.1.240.sslip.io:80"
time="2024-05-30T03:09:40.396713709-06:00" level=debug msg="Invoked image-rotate-go-6-ybnum7ydh6avyhot1z20.default.192.168.1.240.sslip.io in 7178789 usec\n"
time="2024-05-30T03:09:40.718792063-06:00" level=debug msg="Invoking: gptj-python-9pxorshgg1admpou4gjh.default.192.168.1.240.sslip.io:80"
time="2024-05-30T03:09:40.728642091-06:00" level=debug msg="Invoked gptj-python-9pxorshgg1admpou4gjh.default.192.168.1.240.sslip.io in 9862 usec\n"
time="2024-05-30T03:09:48.225675295-06:00" level=debug msg="Invoking: gptj-python-9pxorshgg1admpou4gjh.default.192.168.1.240.sslip.io:80"
time="2024-05-30T03:09:48.23550885-06:00" level=debug msg="Invoked gptj-python-9pxorshgg1admpou4gjh.default.192.168.1.240.sslip.io in 9843 usec\n"
time="2024-05-30T03:09:55.726206497-06:00" level=debug msg="Invoking: gptj-python-9pxorshgg1admpou4gjh.default.192.168.1.240.sslip.io:80"
time="2024-05-30T03:09:55.738908758-06:00" level=debug msg="Invoked gptj-python-9pxorshgg1admpou4gjh.default.192.168.1.240.sslip.io in 12723 usec\n"
time="2024-05-30T03:10:03.229743571-06:00" level=debug msg="Invoking: cartservice-kd5pyggyz5tr9jp7k8ws.default.192.168.1.240.sslip.io:80"
time="2024-05-30T03:10:03.258727068-06:00" level=debug msg="Invoked cartservice-kd5pyggyz5tr9jp7k8ws.default.192.168.1.240.sslip.io in 28991 usec\n"
time="2024-05-30T03:10:10.733739236-06:00" level=debug msg="Invoking: gptj-python-9pxorshgg1admpou4gjh.default.192.168.1.240.sslip.io:80"
time="2024-05-30T03:10:10.74392433-06:00" level=debug msg="Invoked gptj-python-9pxorshgg1admpou4gjh.default.192.168.1.240.sslip.io in 10194 usec\n"
time="2024-05-30T03:10:18.237693394-06:00" level=debug msg="Invoking: gptj-python-9pxorshgg1admpou4gjh.default.192.168.1.240.sslip.io:80"
time="2024-05-30T03:10:18.246912498-06:00" level=debug msg="Invoked gptj-python-9pxorshgg1admpou4gjh.default.192.168.1.240.sslip.io in 9223 usec\n"
time="2024-05-30T03:10:25.744042469-06:00" level=debug msg="Invoking: gptj-python-9pxorshgg1admpou4gjh.default.192.168.1.240.sslip.io:80"
time="2024-05-30T03:10:25.754051804-06:00" level=debug msg="Invoked gptj-python-9pxorshgg1admpou4gjh.default.192.168.1.240.sslip.io in 10020 usec\n"
time="2024-05-30T03:10:33.217665201-06:00" level=debug msg="Minute: 12"
time="2024-05-30T03:10:33.217823444-06:00" level=debug msg="Number of Invocations this iteration: 8"
time="2024-05-30T03:10:33.217910626-06:00" level=debug msg="Invoking: cartservice-kd5pyggyz5tr9jp7k8ws.default.192.168.1.240.sslip.io:80"
time="2024-05-30T03:10:33.229855971-06:00" level=debug msg="Invoked cartservice-kd5pyggyz5tr9jp7k8ws.default.192.168.1.240.sslip.io in 11941 usec\n"
time="2024-05-30T03:10:40.721686767-06:00" level=debug msg="Invoking: gptj-python-9pxorshgg1admpou4gjh.default.192.168.1.240.sslip.io:80"
time="2024-05-30T03:10:40.732210512-06:00" level=debug msg="Invoked gptj-python-9pxorshgg1admpou4gjh.default.192.168.1.240.sslip.io in 10534 usec\n"
time="2024-05-30T03:10:48.227038953-06:00" level=debug msg="Invoking: gptj-python-9pxorshgg1admpou4gjh.default.192.168.1.240.sslip.io:80"
time="2024-05-30T03:10:48.237033433-06:00" level=debug msg="Invoked gptj-python-9pxorshgg1admpou4gjh.default.192.168.1.240.sslip.io in 10007 usec\n"
time="2024-05-30T03:10:55.733676912-06:00" level=debug msg="Invoking: gptj-python-9pxorshgg1admpou4gjh.default.192.168.1.240.sslip.io:80"
time="2024-05-30T03:10:55.74596321-06:00" level=debug msg="Invoked gptj-python-9pxorshgg1admpou4gjh.default.192.168.1.240.sslip.io in 12295 usec\n"
time="2024-05-30T03:11:03.237730941-06:00" level=debug msg="Invoking: cartservice-kd5pyggyz5tr9jp7k8ws.default.192.168.1.240.sslip.io:80"
time="2024-05-30T03:11:03.251830481-06:00" level=debug msg="Invoked cartservice-kd5pyggyz5tr9jp7k8ws.default.192.168.1.240.sslip.io in 14108 usec\n"
time="2024-05-30T03:11:10.744595885-06:00" level=debug msg="Invoking: gptj-python-9pxorshgg1admpou4gjh.default.192.168.1.240.sslip.io:80"
time="2024-05-30T03:11:10.755129944-06:00" level=debug msg="Invoked gptj-python-9pxorshgg1admpou4gjh.default.192.168.1.240.sslip.io in 10546 usec\n"
time="2024-05-30T03:11:18.24974831-06:00" level=debug msg="Invoking: gptj-python-9pxorshgg1admpou4gjh.default.192.168.1.240.sslip.io:80"
time="2024-05-30T03:11:18.259755405-06:00" level=debug msg="Invoked gptj-python-9pxorshgg1admpou4gjh.default.192.168.1.240.sslip.io in 10016 usec\n"
time="2024-05-30T03:11:25.753690076-06:00" level=debug msg="Invoking: gptj-python-9pxorshgg1admpou4gjh.default.192.168.1.240.sslip.io:80"
time="2024-05-30T03:11:25.765466636-06:00" level=debug msg="Invoked gptj-python-9pxorshgg1admpou4gjh.default.192.168.1.240.sslip.io in 11788 usec\n"
time="2024-05-30T03:11:33.217681905-06:00" level=debug msg="Minute: 13"
time="2024-05-30T03:11:33.217788492-06:00" level=debug msg="Number of Invocations this iteration: 8"
time="2024-05-30T03:11:33.21790189-06:00" level=debug msg="Invoking: cartservice-kd5pyggyz5tr9jp7k8ws.default.192.168.1.240.sslip.io:80"
time="2024-05-30T03:11:33.230735382-06:00" level=debug msg="Invoked cartservice-kd5pyggyz5tr9jp7k8ws.default.192.168.1.240.sslip.io in 12830 usec\n"
time="2024-05-30T03:11:40.722494188-06:00" level=debug msg="Invoking: gptj-python-9pxorshgg1admpou4gjh.default.192.168.1.240.sslip.io:80"
time="2024-05-30T03:11:40.733521407-06:00" level=debug msg="Invoked gptj-python-9pxorshgg1admpou4gjh.default.192.168.1.240.sslip.io in 11034 usec\n"
time="2024-05-30T03:11:48.229739102-06:00" level=debug msg="Invoking: gptj-python-9pxorshgg1admpou4gjh.default.192.168.1.240.sslip.io:80"
time="2024-05-30T03:11:48.240970748-06:00" level=debug msg="Invoked gptj-python-9pxorshgg1admpou4gjh.default.192.168.1.240.sslip.io in 11243 usec\n"
time="2024-05-30T03:11:55.730283107-06:00" level=debug msg="Invoking: gptj-python-9pxorshgg1admpou4gjh.default.192.168.1.240.sslip.io:80"
time="2024-05-30T03:11:55.860563704-06:00" level=debug msg="Invoked gptj-python-9pxorshgg1admpou4gjh.default.192.168.1.240.sslip.io in 130375 usec\n"
time="2024-05-30T03:12:03.233679659-06:00" level=debug msg="Invoking: cartservice-kd5pyggyz5tr9jp7k8ws.default.192.168.1.240.sslip.io:80"
time="2024-05-30T03:12:03.246665321-06:00" level=debug msg="Invoked cartservice-kd5pyggyz5tr9jp7k8ws.default.192.168.1.240.sslip.io in 12992 usec\n"
time="2024-05-30T03:12:10.740851801-06:00" level=debug msg="Invoking: gptj-python-9pxorshgg1admpou4gjh.default.192.168.1.240.sslip.io:80"
time="2024-05-30T03:12:10.750526843-06:00" level=debug msg="Invoked gptj-python-9pxorshgg1admpou4gjh.default.192.168.1.240.sslip.io in 9687 usec\n"
time="2024-05-30T03:12:18.245718581-06:00" level=debug msg="Invoking: gptj-python-9pxorshgg1admpou4gjh.default.192.168.1.240.sslip.io:80"
time="2024-05-30T03:12:18.256511842-06:00" level=debug msg="Invoked gptj-python-9pxorshgg1admpou4gjh.default.192.168.1.240.sslip.io in 10798 usec\n"
time="2024-05-30T03:12:25.749700848-06:00" level=debug msg="Invoking: gptj-python-9pxorshgg1admpou4gjh.default.192.168.1.240.sslip.io:80"
time="2024-05-30T03:12:25.759834867-06:00" level=debug msg="Invoked gptj-python-9pxorshgg1admpou4gjh.default.192.168.1.240.sslip.io in 10145 usec\n"
time="2024-05-30T03:12:33.218302509-06:00" level=info msg="Experiment Phase Completed"
time="2024-05-30T03:12:33.218435667-06:00" level=info msg="Issued / completed requests: 112, 112"
time="2024-05-30T03:12:33.218473151-06:00" level=info msg="Average Real RPS: 0.13 "
time="2024-05-30T03:12:33.218498472-06:00" level=info msg="Experiment finished!"
time="2024-05-30T03:12:33.218524772-06:00" level=info msg="The measured latencies are saved in rps_lat.csv"
