time="2024-05-28T17:55:58.977317833-06:00" level=debug msg="Debug logging is enabled"
time="2024-05-28T17:55:58.97751271-06:00" level=info msg="Reading the trace endpoints from the file: /users/ArunAMS/vSwarm/tools/load-generator/load.json"
time="2024-05-28T17:55:58.979200924-06:00" level=info msg="Warmup Duration: 3"
time="2024-05-28T17:55:58.979232506-06:00" level=info msg="Experiment Duration: 11"
time="2024-05-28T17:55:58.979257377-06:00" level=info msg="Minute Granularity: true"
time="2024-05-28T17:56:59.037111024-06:00" level=info msg="Running Warmup Phase"
time="2024-05-28T17:56:59.037208381-06:00" level=debug msg="Minute: 0"
time="2024-05-28T17:56:59.037281701-06:00" level=debug msg="Number of Invocations this iteration: 8"
time="2024-05-28T17:56:59.037419073-06:00" level=debug msg="Invoking: cartservice-9xr1uxoveiaq0i5yf1m5.default.192.168.1.240.sslip.io:80"
time="2024-05-28T17:57:06.541185219-06:00" level=debug msg="Invoking: gptj-python-rsryg16rhcb2lt3ui74t.default.192.168.1.240.sslip.io:80"
time="2024-05-28T17:57:14.042195728-06:00" level=debug msg="Invoking: gptj-python-rsryg16rhcb2lt3ui74t.default.192.168.1.240.sslip.io:80"
time="2024-05-28T17:57:21.54918672-06:00" level=debug msg="Invoking: gptj-python-rsryg16rhcb2lt3ui74t.default.192.168.1.240.sslip.io:80"
time="2024-05-28T17:57:29.053115235-06:00" level=debug msg="Invoking: cartservice-9xr1uxoveiaq0i5yf1m5.default.192.168.1.240.sslip.io:80"
time="2024-05-28T17:57:36.557118396-06:00" level=debug msg="Invoking: gptj-python-rsryg16rhcb2lt3ui74t.default.192.168.1.240.sslip.io:80"
time="2024-05-28T17:57:44.06160849-06:00" level=debug msg="Invoking: gptj-python-rsryg16rhcb2lt3ui74t.default.192.168.1.240.sslip.io:80"
time="2024-05-28T17:57:51.566195727-06:00" level=debug msg="Invoking: gptj-python-rsryg16rhcb2lt3ui74t.default.192.168.1.240.sslip.io:80"
time="2024-05-28T17:57:58.985127905-06:00" level=debug msg="Minute: 1"
time="2024-05-28T17:57:58.985189388-06:00" level=debug msg="Number of Invocations this iteration: 8"
time="2024-05-28T17:57:58.985240917-06:00" level=debug msg="Invoking: image-rotate-go-6-qlufoeykttcy2aqxhd69.default.192.168.1.240.sslip.io:80"
time="2024-05-28T17:58:06.491889933-06:00" level=debug msg="Invoking: gptj-python-rsryg16rhcb2lt3ui74t.default.192.168.1.240.sslip.io:80"
time="2024-05-28T17:58:13.993595757-06:00" level=debug msg="Invoking: gptj-python-rsryg16rhcb2lt3ui74t.default.192.168.1.240.sslip.io:80"
time="2024-05-28T17:58:21.497210156-06:00" level=debug msg="Invoking: gptj-python-rsryg16rhcb2lt3ui74t.default.192.168.1.240.sslip.io:80"
time="2024-05-28T17:58:29.001130117-06:00" level=debug msg="Invoking: cartservice-9xr1uxoveiaq0i5yf1m5.default.192.168.1.240.sslip.io:80"
time="2024-05-28T17:58:36.505181829-06:00" level=debug msg="Invoking: gptj-python-rsryg16rhcb2lt3ui74t.default.192.168.1.240.sslip.io:80"
time="2024-05-28T17:58:44.009114642-06:00" level=debug msg="Invoking: gptj-python-rsryg16rhcb2lt3ui74t.default.192.168.1.240.sslip.io:80"
time="2024-05-28T17:58:51.513166929-06:00" level=debug msg="Invoking: gptj-python-rsryg16rhcb2lt3ui74t.default.192.168.1.240.sslip.io:80"
time="2024-05-28T17:58:58.986230714-06:00" level=debug msg="Minute: 2"
time="2024-05-28T17:58:58.986337622-06:00" level=debug msg="Number of Invocations this iteration: 8"
time="2024-05-28T17:58:58.986422732-06:00" level=debug msg="Invoking: cartservice-9xr1uxoveiaq0i5yf1m5.default.192.168.1.240.sslip.io:80"
time="2024-05-28T17:59:06.493186953-06:00" level=debug msg="Invoking: gptj-python-rsryg16rhcb2lt3ui74t.default.192.168.1.240.sslip.io:80"
time="2024-05-28T17:59:13.997159797-06:00" level=debug msg="Invoking: gptj-python-rsryg16rhcb2lt3ui74t.default.192.168.1.240.sslip.io:80"
time="2024-05-28T17:59:21.501127943-06:00" level=debug msg="Invoking: gptj-python-rsryg16rhcb2lt3ui74t.default.192.168.1.240.sslip.io:80"
time="2024-05-28T17:59:29.005099021-06:00" level=debug msg="Invoking: cartservice-9xr1uxoveiaq0i5yf1m5.default.192.168.1.240.sslip.io:80"
time="2024-05-28T17:59:36.512171613-06:00" level=debug msg="Invoking: gptj-python-rsryg16rhcb2lt3ui74t.default.192.168.1.240.sslip.io:80"
time="2024-05-28T17:59:44.017136116-06:00" level=debug msg="Invoking: gptj-python-rsryg16rhcb2lt3ui74t.default.192.168.1.240.sslip.io:80"
time="2024-05-28T17:59:51.521156128-06:00" level=debug msg="Invoking: gptj-python-rsryg16rhcb2lt3ui74t.default.192.168.1.240.sslip.io:80"
time="2024-05-28T17:59:58.985116365-06:00" level=info msg="Warmup Phase Completed"
time="2024-05-28T17:59:58.985197927-06:00" level=info msg="Running Experiment Phase"
time="2024-05-28T17:59:58.985225651-06:00" level=debug msg="Minute: 3"
time="2024-05-28T17:59:58.985276084-06:00" level=debug msg="Number of Invocations this iteration: 8"
time="2024-05-28T17:59:58.985384903-06:00" level=debug msg="Invoking: cartservice-9xr1uxoveiaq0i5yf1m5.default.192.168.1.240.sslip.io:80"
time="2024-05-28T17:59:58.999257246-06:00" level=debug msg="Invoked cartservice-9xr1uxoveiaq0i5yf1m5.default.192.168.1.240.sslip.io in 13886 usec\n"
time="2024-05-28T18:00:06.489142757-06:00" level=debug msg="Invoking: gptj-python-rsryg16rhcb2lt3ui74t.default.192.168.1.240.sslip.io:80"
time="2024-05-28T18:00:06.499388826-06:00" level=debug msg="Invoked gptj-python-rsryg16rhcb2lt3ui74t.default.192.168.1.240.sslip.io in 10250 usec\n"
time="2024-05-28T18:00:13.9931359-06:00" level=debug msg="Invoking: gptj-python-rsryg16rhcb2lt3ui74t.default.192.168.1.240.sslip.io:80"
time="2024-05-28T18:00:14.005282794-06:00" level=debug msg="Invoked gptj-python-rsryg16rhcb2lt3ui74t.default.192.168.1.240.sslip.io in 12135 usec\n"
time="2024-05-28T18:00:21.493406514-06:00" level=debug msg="Invoking: gptj-python-rsryg16rhcb2lt3ui74t.default.192.168.1.240.sslip.io:80"
time="2024-05-28T18:00:21.504666541-06:00" level=debug msg="Invoked gptj-python-rsryg16rhcb2lt3ui74t.default.192.168.1.240.sslip.io in 11314 usec\n"
time="2024-05-28T18:00:28.99711191-06:00" level=debug msg="Invoking: cartservice-9xr1uxoveiaq0i5yf1m5.default.192.168.1.240.sslip.io:80"
time="2024-05-28T18:00:29.010707173-06:00" level=debug msg="Invoked cartservice-9xr1uxoveiaq0i5yf1m5.default.192.168.1.240.sslip.io in 13604 usec\n"
time="2024-05-28T18:00:36.501131306-06:00" level=debug msg="Invoking: gptj-python-rsryg16rhcb2lt3ui74t.default.192.168.1.240.sslip.io:80"
time="2024-05-28T18:00:36.512257622-06:00" level=debug msg="Invoked gptj-python-rsryg16rhcb2lt3ui74t.default.192.168.1.240.sslip.io in 11136 usec\n"
time="2024-05-28T18:00:44.005132396-06:00" level=debug msg="Invoking: gptj-python-rsryg16rhcb2lt3ui74t.default.192.168.1.240.sslip.io:80"
time="2024-05-28T18:00:44.01583379-06:00" level=debug msg="Invoked gptj-python-rsryg16rhcb2lt3ui74t.default.192.168.1.240.sslip.io in 10716 usec\n"
time="2024-05-28T18:00:51.512144622-06:00" level=debug msg="Invoking: gptj-python-rsryg16rhcb2lt3ui74t.default.192.168.1.240.sslip.io:80"
time="2024-05-28T18:00:51.522683926-06:00" level=debug msg="Invoked gptj-python-rsryg16rhcb2lt3ui74t.default.192.168.1.240.sslip.io in 10547 usec\n"
time="2024-05-28T18:00:58.985094106-06:00" level=debug msg="Minute: 4"
time="2024-05-28T18:00:58.985191614-06:00" level=debug msg="Number of Invocations this iteration: 8"
time="2024-05-28T18:00:58.985282523-06:00" level=debug msg="Invoking: rnn-serving-python-10-10-os8f9d57zrtmyak04rqx.default.192.168.1.240.sslip.io:80"
time="2024-05-28T18:01:06.49223531-06:00" level=debug msg="Invoking: gptj-python-rsryg16rhcb2lt3ui74t.default.192.168.1.240.sslip.io:80"
time="2024-05-28T18:01:06.502536759-06:00" level=debug msg="Invoked gptj-python-rsryg16rhcb2lt3ui74t.default.192.168.1.240.sslip.io in 10313 usec\n"
time="2024-05-28T18:01:10.431604588-06:00" level=debug msg="Invoked rnn-serving-python-10-10-os8f9d57zrtmyak04rqx.default.192.168.1.240.sslip.io in 11446316 usec\n"
time="2024-05-28T18:01:13.993127127-06:00" level=debug msg="Invoking: gptj-python-rsryg16rhcb2lt3ui74t.default.192.168.1.240.sslip.io:80"
time="2024-05-28T18:01:14.004769354-06:00" level=debug msg="Invoked gptj-python-rsryg16rhcb2lt3ui74t.default.192.168.1.240.sslip.io in 11651 usec\n"
time="2024-05-28T18:01:21.497939666-06:00" level=debug msg="Invoking: gptj-python-rsryg16rhcb2lt3ui74t.default.192.168.1.240.sslip.io:80"
time="2024-05-28T18:01:21.508547271-06:00" level=debug msg="Invoked gptj-python-rsryg16rhcb2lt3ui74t.default.192.168.1.240.sslip.io in 10622 usec\n"
time="2024-05-28T18:01:29.001131725-06:00" level=debug msg="Invoking: cartservice-9xr1uxoveiaq0i5yf1m5.default.192.168.1.240.sslip.io:80"
time="2024-05-28T18:01:29.013908172-06:00" level=debug msg="Invoked cartservice-9xr1uxoveiaq0i5yf1m5.default.192.168.1.240.sslip.io in 12791 usec\n"
time="2024-05-28T18:01:36.505675346-06:00" level=debug msg="Invoking: gptj-python-rsryg16rhcb2lt3ui74t.default.192.168.1.240.sslip.io:80"
time="2024-05-28T18:01:36.516221419-06:00" level=debug msg="Invoked gptj-python-rsryg16rhcb2lt3ui74t.default.192.168.1.240.sslip.io in 10558 usec\n"
time="2024-05-28T18:01:44.00919148-06:00" level=debug msg="Invoking: gptj-python-rsryg16rhcb2lt3ui74t.default.192.168.1.240.sslip.io:80"
time="2024-05-28T18:01:44.021806541-06:00" level=debug msg="Invoked gptj-python-rsryg16rhcb2lt3ui74t.default.192.168.1.240.sslip.io in 12626 usec\n"
time="2024-05-28T18:01:51.51383626-06:00" level=debug msg="Invoking: gptj-python-rsryg16rhcb2lt3ui74t.default.192.168.1.240.sslip.io:80"
time="2024-05-28T18:01:51.524369214-06:00" level=debug msg="Invoked gptj-python-rsryg16rhcb2lt3ui74t.default.192.168.1.240.sslip.io in 10541 usec\n"
time="2024-05-28T18:01:58.985096602-06:00" level=debug msg="Minute: 5"
time="2024-05-28T18:01:58.985184226-06:00" level=debug msg="Number of Invocations this iteration: 8"
time="2024-05-28T18:01:58.985277241-06:00" level=debug msg="Invoking: cartservice-9xr1uxoveiaq0i5yf1m5.default.192.168.1.240.sslip.io:80"
time="2024-05-28T18:01:58.998357584-06:00" level=debug msg="Invoked cartservice-9xr1uxoveiaq0i5yf1m5.default.192.168.1.240.sslip.io in 13078 usec\n"
time="2024-05-28T18:02:06.489891428-06:00" level=debug msg="Invoking: gptj-python-rsryg16rhcb2lt3ui74t.default.192.168.1.240.sslip.io:80"
time="2024-05-28T18:02:06.50091575-06:00" level=debug msg="Invoked gptj-python-rsryg16rhcb2lt3ui74t.default.192.168.1.240.sslip.io in 11032 usec\n"
time="2024-05-28T18:02:13.99712525-06:00" level=debug msg="Invoking: gptj-python-rsryg16rhcb2lt3ui74t.default.192.168.1.240.sslip.io:80"
time="2024-05-28T18:02:14.006642306-06:00" level=debug msg="Invoked gptj-python-rsryg16rhcb2lt3ui74t.default.192.168.1.240.sslip.io in 9527 usec\n"
time="2024-05-28T18:02:21.497382327-06:00" level=debug msg="Invoking: gptj-python-rsryg16rhcb2lt3ui74t.default.192.168.1.240.sslip.io:80"
time="2024-05-28T18:02:21.50729293-06:00" level=debug msg="Invoked gptj-python-rsryg16rhcb2lt3ui74t.default.192.168.1.240.sslip.io in 9976 usec\n"
time="2024-05-28T18:02:29.001110154-06:00" level=debug msg="Invoking: cartservice-9xr1uxoveiaq0i5yf1m5.default.192.168.1.240.sslip.io:80"
time="2024-05-28T18:02:29.015404453-06:00" level=debug msg="Invoked cartservice-9xr1uxoveiaq0i5yf1m5.default.192.168.1.240.sslip.io in 14302 usec\n"
time="2024-05-28T18:02:36.505111687-06:00" level=debug msg="Invoking: gptj-python-rsryg16rhcb2lt3ui74t.default.192.168.1.240.sslip.io:80"
time="2024-05-28T18:02:36.515509796-06:00" level=debug msg="Invoked gptj-python-rsryg16rhcb2lt3ui74t.default.192.168.1.240.sslip.io in 10407 usec\n"
time="2024-05-28T18:02:44.010500714-06:00" level=debug msg="Invoking: gptj-python-rsryg16rhcb2lt3ui74t.default.192.168.1.240.sslip.io:80"
time="2024-05-28T18:02:44.018386771-06:00" level=debug msg="Invoked gptj-python-rsryg16rhcb2lt3ui74t.default.192.168.1.240.sslip.io in 7888 usec\n"
time="2024-05-28T18:02:51.517421982-06:00" level=debug msg="Invoking: gptj-python-rsryg16rhcb2lt3ui74t.default.192.168.1.240.sslip.io:80"
time="2024-05-28T18:02:51.526975738-06:00" level=debug msg="Invoked gptj-python-rsryg16rhcb2lt3ui74t.default.192.168.1.240.sslip.io in 9559 usec\n"
time="2024-05-28T18:02:58.985151259-06:00" level=debug msg="Minute: 6"
time="2024-05-28T18:02:58.98524275-06:00" level=debug msg="Number of Invocations this iteration: 8"
time="2024-05-28T18:02:58.985325638-06:00" level=debug msg="Invoking: image-rotate-go-6-qlufoeykttcy2aqxhd69.default.192.168.1.240.sslip.io:80"
time="2024-05-28T18:03:06.222428378-06:00" level=debug msg="Invoked image-rotate-go-6-qlufoeykttcy2aqxhd69.default.192.168.1.240.sslip.io in 7237099 usec\n"
time="2024-05-28T18:03:06.485649759-06:00" level=debug msg="Invoking: gptj-python-rsryg16rhcb2lt3ui74t.default.192.168.1.240.sslip.io:80"
time="2024-05-28T18:03:06.496131355-06:00" level=debug msg="Invoked gptj-python-rsryg16rhcb2lt3ui74t.default.192.168.1.240.sslip.io in 10553 usec\n"
time="2024-05-28T18:03:13.991298574-06:00" level=debug msg="Invoking: gptj-python-rsryg16rhcb2lt3ui74t.default.192.168.1.240.sslip.io:80"
time="2024-05-28T18:03:14.003986052-06:00" level=debug msg="Invoked gptj-python-rsryg16rhcb2lt3ui74t.default.192.168.1.240.sslip.io in 12703 usec\n"
time="2024-05-28T18:03:21.497117295-06:00" level=debug msg="Invoking: gptj-python-rsryg16rhcb2lt3ui74t.default.192.168.1.240.sslip.io:80"
time="2024-05-28T18:03:21.507390165-06:00" level=debug msg="Invoked gptj-python-rsryg16rhcb2lt3ui74t.default.192.168.1.240.sslip.io in 10282 usec\n"
time="2024-05-28T18:03:29.001971158-06:00" level=debug msg="Invoking: cartservice-9xr1uxoveiaq0i5yf1m5.default.192.168.1.240.sslip.io:80"
time="2024-05-28T18:03:29.02245967-06:00" level=debug msg="Invoked cartservice-9xr1uxoveiaq0i5yf1m5.default.192.168.1.240.sslip.io in 20490 usec\n"
time="2024-05-28T18:03:36.505172268-06:00" level=debug msg="Invoking: gptj-python-rsryg16rhcb2lt3ui74t.default.192.168.1.240.sslip.io:80"
time="2024-05-28T18:03:36.516543842-06:00" level=debug msg="Invoked gptj-python-rsryg16rhcb2lt3ui74t.default.192.168.1.240.sslip.io in 11380 usec\n"
time="2024-05-28T18:03:44.009113005-06:00" level=debug msg="Invoking: gptj-python-rsryg16rhcb2lt3ui74t.default.192.168.1.240.sslip.io:80"
time="2024-05-28T18:03:44.025553138-06:00" level=debug msg="Invoked gptj-python-rsryg16rhcb2lt3ui74t.default.192.168.1.240.sslip.io in 16445 usec\n"
time="2024-05-28T18:03:51.513198101-06:00" level=debug msg="Invoking: gptj-python-rsryg16rhcb2lt3ui74t.default.192.168.1.240.sslip.io:80"
time="2024-05-28T18:03:51.524254408-06:00" level=debug msg="Invoked gptj-python-rsryg16rhcb2lt3ui74t.default.192.168.1.240.sslip.io in 11052 usec\n"
time="2024-05-28T18:03:58.985955404-06:00" level=debug msg="Minute: 7"
time="2024-05-28T18:03:58.986061936-06:00" level=debug msg="Number of Invocations this iteration: 8"
time="2024-05-28T18:03:58.986151734-06:00" level=debug msg="Invoking: cartservice-9xr1uxoveiaq0i5yf1m5.default.192.168.1.240.sslip.io:80"
time="2024-05-28T18:03:59.006427797-06:00" level=debug msg="Invoked cartservice-9xr1uxoveiaq0i5yf1m5.default.192.168.1.240.sslip.io in 20273 usec\n"
time="2024-05-28T18:04:06.49308267-06:00" level=debug msg="Invoking: gptj-python-rsryg16rhcb2lt3ui74t.default.192.168.1.240.sslip.io:80"
time="2024-05-28T18:04:06.498078529-06:00" level=debug msg="Invoked gptj-python-rsryg16rhcb2lt3ui74t.default.192.168.1.240.sslip.io in 5003 usec\n"
time="2024-05-28T18:04:13.997186313-06:00" level=debug msg="Invoking: gptj-python-rsryg16rhcb2lt3ui74t.default.192.168.1.240.sslip.io:80"
time="2024-05-28T18:04:14.007537174-06:00" level=debug msg="Invoked gptj-python-rsryg16rhcb2lt3ui74t.default.192.168.1.240.sslip.io in 10361 usec\n"
time="2024-05-28T18:04:21.498233046-06:00" level=debug msg="Invoking: gptj-python-rsryg16rhcb2lt3ui74t.default.192.168.1.240.sslip.io:80"
time="2024-05-28T18:04:21.509540839-06:00" level=debug msg="Invoked gptj-python-rsryg16rhcb2lt3ui74t.default.192.168.1.240.sslip.io in 11481 usec\n"
time="2024-05-28T18:04:29.002201324-06:00" level=debug msg="Invoking: cartservice-9xr1uxoveiaq0i5yf1m5.default.192.168.1.240.sslip.io:80"
time="2024-05-28T18:04:29.014768937-06:00" level=debug msg="Invoked cartservice-9xr1uxoveiaq0i5yf1m5.default.192.168.1.240.sslip.io in 12582 usec\n"
time="2024-05-28T18:04:36.50513177-06:00" level=debug msg="Invoking: gptj-python-rsryg16rhcb2lt3ui74t.default.192.168.1.240.sslip.io:80"
time="2024-05-28T18:04:36.513401909-06:00" level=debug msg="Invoked gptj-python-rsryg16rhcb2lt3ui74t.default.192.168.1.240.sslip.io in 8284 usec\n"
time="2024-05-28T18:04:44.009203278-06:00" level=debug msg="Invoking: gptj-python-rsryg16rhcb2lt3ui74t.default.192.168.1.240.sslip.io:80"
time="2024-05-28T18:04:44.018837437-06:00" level=debug msg="Invoked gptj-python-rsryg16rhcb2lt3ui74t.default.192.168.1.240.sslip.io in 9647 usec\n"
time="2024-05-28T18:04:51.513164944-06:00" level=debug msg="Invoking: gptj-python-rsryg16rhcb2lt3ui74t.default.192.168.1.240.sslip.io:80"
time="2024-05-28T18:04:51.523794157-06:00" level=debug msg="Invoked gptj-python-rsryg16rhcb2lt3ui74t.default.192.168.1.240.sslip.io in 10635 usec\n"
time="2024-05-28T18:04:58.985107218-06:00" level=debug msg="Minute: 8"
time="2024-05-28T18:04:58.985247286-06:00" level=debug msg="Number of Invocations this iteration: 8"
time="2024-05-28T18:04:58.985327167-06:00" level=debug msg="Invoking: cartservice-9xr1uxoveiaq0i5yf1m5.default.192.168.1.240.sslip.io:80"
time="2024-05-28T18:04:58.99803709-06:00" level=debug msg="Invoked cartservice-9xr1uxoveiaq0i5yf1m5.default.192.168.1.240.sslip.io in 12706 usec\n"
time="2024-05-28T18:05:06.489150035-06:00" level=debug msg="Invoking: gptj-python-rsryg16rhcb2lt3ui74t.default.192.168.1.240.sslip.io:80"
time="2024-05-28T18:05:06.499020085-06:00" level=debug msg="Invoked gptj-python-rsryg16rhcb2lt3ui74t.default.192.168.1.240.sslip.io in 9878 usec\n"
time="2024-05-28T18:05:13.993073458-06:00" level=debug msg="Invoking: gptj-python-rsryg16rhcb2lt3ui74t.default.192.168.1.240.sslip.io:80"
time="2024-05-28T18:05:14.003658603-06:00" level=debug msg="Invoked gptj-python-rsryg16rhcb2lt3ui74t.default.192.168.1.240.sslip.io in 10588 usec\n"
time="2024-05-28T18:05:21.497139698-06:00" level=debug msg="Invoking: gptj-python-rsryg16rhcb2lt3ui74t.default.192.168.1.240.sslip.io:80"
time="2024-05-28T18:05:21.507618036-06:00" level=debug msg="Invoked gptj-python-rsryg16rhcb2lt3ui74t.default.192.168.1.240.sslip.io in 10501 usec\n"
time="2024-05-28T18:05:29.003572422-06:00" level=debug msg="Invoking: cartservice-9xr1uxoveiaq0i5yf1m5.default.192.168.1.240.sslip.io:80"
time="2024-05-28T18:05:29.013940517-06:00" level=debug msg="Invoked cartservice-9xr1uxoveiaq0i5yf1m5.default.192.168.1.240.sslip.io in 10372 usec\n"
time="2024-05-28T18:05:36.509309646-06:00" level=debug msg="Invoking: gptj-python-rsryg16rhcb2lt3ui74t.default.192.168.1.240.sslip.io:80"
time="2024-05-28T18:05:36.520227082-06:00" level=debug msg="Invoked gptj-python-rsryg16rhcb2lt3ui74t.default.192.168.1.240.sslip.io in 10923 usec\n"
time="2024-05-28T18:05:44.013132476-06:00" level=debug msg="Invoking: gptj-python-rsryg16rhcb2lt3ui74t.default.192.168.1.240.sslip.io:80"
time="2024-05-28T18:05:44.025409276-06:00" level=debug msg="Invoked gptj-python-rsryg16rhcb2lt3ui74t.default.192.168.1.240.sslip.io in 12287 usec\n"
time="2024-05-28T18:05:51.520144644-06:00" level=debug msg="Invoking: gptj-python-rsryg16rhcb2lt3ui74t.default.192.168.1.240.sslip.io:80"
time="2024-05-28T18:05:51.530768485-06:00" level=debug msg="Invoked gptj-python-rsryg16rhcb2lt3ui74t.default.192.168.1.240.sslip.io in 10627 usec\n"
time="2024-05-28T18:05:58.985619983-06:00" level=debug msg="Minute: 9"
time="2024-05-28T18:05:58.985697211-06:00" level=debug msg="Number of Invocations this iteration: 8"
time="2024-05-28T18:05:58.98576884-06:00" level=debug msg="Invoking: cartservice-9xr1uxoveiaq0i5yf1m5.default.192.168.1.240.sslip.io:80"
time="2024-05-28T18:05:59.004353524-06:00" level=debug msg="Invoked cartservice-9xr1uxoveiaq0i5yf1m5.default.192.168.1.240.sslip.io in 18580 usec\n"
time="2024-05-28T18:06:06.489189771-06:00" level=debug msg="Invoking: gptj-python-rsryg16rhcb2lt3ui74t.default.192.168.1.240.sslip.io:80"
time="2024-05-28T18:06:06.499999125-06:00" level=debug msg="Invoked gptj-python-rsryg16rhcb2lt3ui74t.default.192.168.1.240.sslip.io in 10825 usec\n"
time="2024-05-28T18:06:13.993550987-06:00" level=debug msg="Invoking: gptj-python-rsryg16rhcb2lt3ui74t.default.192.168.1.240.sslip.io:80"
time="2024-05-28T18:06:14.004721714-06:00" level=debug msg="Invoked gptj-python-rsryg16rhcb2lt3ui74t.default.192.168.1.240.sslip.io in 11185 usec\n"
time="2024-05-28T18:06:21.497118248-06:00" level=debug msg="Invoking: gptj-python-rsryg16rhcb2lt3ui74t.default.192.168.1.240.sslip.io:80"
time="2024-05-28T18:06:21.508602912-06:00" level=debug msg="Invoked gptj-python-rsryg16rhcb2lt3ui74t.default.192.168.1.240.sslip.io in 11479 usec\n"
time="2024-05-28T18:06:29.001110837-06:00" level=debug msg="Invoking: cartservice-9xr1uxoveiaq0i5yf1m5.default.192.168.1.240.sslip.io:80"
time="2024-05-28T18:06:29.01290035-06:00" level=debug msg="Invoked cartservice-9xr1uxoveiaq0i5yf1m5.default.192.168.1.240.sslip.io in 11799 usec\n"
time="2024-05-28T18:06:36.50519422-06:00" level=debug msg="Invoking: gptj-python-rsryg16rhcb2lt3ui74t.default.192.168.1.240.sslip.io:80"
time="2024-05-28T18:06:36.517640619-06:00" level=debug msg="Invoked gptj-python-rsryg16rhcb2lt3ui74t.default.192.168.1.240.sslip.io in 12454 usec\n"
time="2024-05-28T18:06:44.00920042-06:00" level=debug msg="Invoking: gptj-python-rsryg16rhcb2lt3ui74t.default.192.168.1.240.sslip.io:80"
time="2024-05-28T18:06:44.020463233-06:00" level=debug msg="Invoked gptj-python-rsryg16rhcb2lt3ui74t.default.192.168.1.240.sslip.io in 11276 usec\n"
time="2024-05-28T18:06:51.513134031-06:00" level=debug msg="Invoking: gptj-python-rsryg16rhcb2lt3ui74t.default.192.168.1.240.sslip.io:80"
time="2024-05-28T18:06:51.523673717-06:00" level=debug msg="Invoked gptj-python-rsryg16rhcb2lt3ui74t.default.192.168.1.240.sslip.io in 10553 usec\n"
time="2024-05-28T18:06:58.985069497-06:00" level=debug msg="Minute: 10"
time="2024-05-28T18:06:58.985151583-06:00" level=debug msg="Number of Invocations this iteration: 8"
time="2024-05-28T18:06:58.985196719-06:00" level=debug msg="Invoking: rnn-serving-python-10-10-os8f9d57zrtmyak04rqx.default.192.168.1.240.sslip.io:80"
time="2024-05-28T18:07:06.48918952-06:00" level=debug msg="Invoking: gptj-python-rsryg16rhcb2lt3ui74t.default.192.168.1.240.sslip.io:80"
time="2024-05-28T18:07:06.501467629-06:00" level=debug msg="Invoked gptj-python-rsryg16rhcb2lt3ui74t.default.192.168.1.240.sslip.io in 12289 usec\n"
time="2024-05-28T18:07:09.658245998-06:00" level=debug msg="Invoked rnn-serving-python-10-10-os8f9d57zrtmyak04rqx.default.192.168.1.240.sslip.io in 10673043 usec\n"
time="2024-05-28T18:07:13.993146233-06:00" level=debug msg="Invoking: gptj-python-rsryg16rhcb2lt3ui74t.default.192.168.1.240.sslip.io:80"
time="2024-05-28T18:07:14.003264141-06:00" level=debug msg="Invoked gptj-python-rsryg16rhcb2lt3ui74t.default.192.168.1.240.sslip.io in 10131 usec\n"
time="2024-05-28T18:07:21.497111899-06:00" level=debug msg="Invoking: gptj-python-rsryg16rhcb2lt3ui74t.default.192.168.1.240.sslip.io:80"
time="2024-05-28T18:07:21.506832347-06:00" level=debug msg="Invoked gptj-python-rsryg16rhcb2lt3ui74t.default.192.168.1.240.sslip.io in 9731 usec\n"
time="2024-05-28T18:07:29.001163426-06:00" level=debug msg="Invoking: cartservice-9xr1uxoveiaq0i5yf1m5.default.192.168.1.240.sslip.io:80"
time="2024-05-28T18:07:29.012408755-06:00" level=debug msg="Invoked cartservice-9xr1uxoveiaq0i5yf1m5.default.192.168.1.240.sslip.io in 11289 usec\n"
time="2024-05-28T18:07:36.505112255-06:00" level=debug msg="Invoking: gptj-python-rsryg16rhcb2lt3ui74t.default.192.168.1.240.sslip.io:80"
time="2024-05-28T18:07:36.515686581-06:00" level=debug msg="Invoked gptj-python-rsryg16rhcb2lt3ui74t.default.192.168.1.240.sslip.io in 10586 usec\n"
time="2024-05-28T18:07:44.009175173-06:00" level=debug msg="Invoking: gptj-python-rsryg16rhcb2lt3ui74t.default.192.168.1.240.sslip.io:80"
time="2024-05-28T18:07:44.026143495-06:00" level=debug msg="Invoked gptj-python-rsryg16rhcb2lt3ui74t.default.192.168.1.240.sslip.io in 16981 usec\n"
time="2024-05-28T18:07:51.513189734-06:00" level=debug msg="Invoking: gptj-python-rsryg16rhcb2lt3ui74t.default.192.168.1.240.sslip.io:80"
time="2024-05-28T18:07:51.52425145-06:00" level=debug msg="Invoked gptj-python-rsryg16rhcb2lt3ui74t.default.192.168.1.240.sslip.io in 11076 usec\n"
time="2024-05-28T18:07:58.985110568-06:00" level=debug msg="Minute: 11"
time="2024-05-28T18:07:58.985202595-06:00" level=debug msg="Number of Invocations this iteration: 8"
time="2024-05-28T18:07:58.985293481-06:00" level=debug msg="Invoking: image-rotate-go-6-qlufoeykttcy2aqxhd69.default.192.168.1.240.sslip.io:80"
time="2024-05-28T18:08:06.489169135-06:00" level=debug msg="Invoking: gptj-python-rsryg16rhcb2lt3ui74t.default.192.168.1.240.sslip.io:80"
time="2024-05-28T18:08:06.49903906-06:00" level=debug msg="Invoked gptj-python-rsryg16rhcb2lt3ui74t.default.192.168.1.240.sslip.io in 9882 usec\n"
time="2024-05-28T18:08:11.151824416-06:00" level=debug msg="Invoked image-rotate-go-6-qlufoeykttcy2aqxhd69.default.192.168.1.240.sslip.io in 12166530 usec\n"
time="2024-05-28T18:08:13.990021172-06:00" level=debug msg="Invoking: gptj-python-rsryg16rhcb2lt3ui74t.default.192.168.1.240.sslip.io:80"
time="2024-05-28T18:08:14.001119616-06:00" level=debug msg="Invoked gptj-python-rsryg16rhcb2lt3ui74t.default.192.168.1.240.sslip.io in 11120 usec\n"
time="2024-05-28T18:08:21.497122773-06:00" level=debug msg="Invoking: gptj-python-rsryg16rhcb2lt3ui74t.default.192.168.1.240.sslip.io:80"
time="2024-05-28T18:08:21.50900903-06:00" level=debug msg="Invoked gptj-python-rsryg16rhcb2lt3ui74t.default.192.168.1.240.sslip.io in 11857 usec\n"
time="2024-05-28T18:08:28.997321705-06:00" level=debug msg="Invoking: cartservice-9xr1uxoveiaq0i5yf1m5.default.192.168.1.240.sslip.io:80"
time="2024-05-28T18:08:29.010815666-06:00" level=debug msg="Invoked cartservice-9xr1uxoveiaq0i5yf1m5.default.192.168.1.240.sslip.io in 13554 usec\n"
time="2024-05-28T18:08:36.502867061-06:00" level=debug msg="Invoking: gptj-python-rsryg16rhcb2lt3ui74t.default.192.168.1.240.sslip.io:80"
time="2024-05-28T18:08:36.512918029-06:00" level=debug msg="Invoked gptj-python-rsryg16rhcb2lt3ui74t.default.192.168.1.240.sslip.io in 10059 usec\n"
time="2024-05-28T18:08:44.009119778-06:00" level=debug msg="Invoking: gptj-python-rsryg16rhcb2lt3ui74t.default.192.168.1.240.sslip.io:80"
time="2024-05-28T18:08:44.02169477-06:00" level=debug msg="Invoked gptj-python-rsryg16rhcb2lt3ui74t.default.192.168.1.240.sslip.io in 12586 usec\n"
time="2024-05-28T18:08:51.513184973-06:00" level=debug msg="Invoking: gptj-python-rsryg16rhcb2lt3ui74t.default.192.168.1.240.sslip.io:80"
time="2024-05-28T18:08:51.523800349-06:00" level=debug msg="Invoked gptj-python-rsryg16rhcb2lt3ui74t.default.192.168.1.240.sslip.io in 10644 usec\n"
time="2024-05-28T18:08:58.985950419-06:00" level=debug msg="Minute: 12"
time="2024-05-28T18:08:58.986101249-06:00" level=debug msg="Number of Invocations this iteration: 8"
time="2024-05-28T18:08:58.986206078-06:00" level=debug msg="Invoking: cartservice-9xr1uxoveiaq0i5yf1m5.default.192.168.1.240.sslip.io:80"
time="2024-05-28T18:08:58.998629092-06:00" level=debug msg="Invoked cartservice-9xr1uxoveiaq0i5yf1m5.default.192.168.1.240.sslip.io in 12421 usec\n"
time="2024-05-28T18:09:06.488629441-06:00" level=debug msg="Invoking: gptj-python-rsryg16rhcb2lt3ui74t.default.192.168.1.240.sslip.io:80"
time="2024-05-28T18:09:06.498737303-06:00" level=debug msg="Invoked gptj-python-rsryg16rhcb2lt3ui74t.default.192.168.1.240.sslip.io in 10120 usec\n"
time="2024-05-28T18:09:13.993193874-06:00" level=debug msg="Invoking: gptj-python-rsryg16rhcb2lt3ui74t.default.192.168.1.240.sslip.io:80"
time="2024-05-28T18:09:14.002870562-06:00" level=debug msg="Invoked gptj-python-rsryg16rhcb2lt3ui74t.default.192.168.1.240.sslip.io in 9687 usec\n"
time="2024-05-28T18:09:21.497134737-06:00" level=debug msg="Invoking: gptj-python-rsryg16rhcb2lt3ui74t.default.192.168.1.240.sslip.io:80"
time="2024-05-28T18:09:21.508237631-06:00" level=debug msg="Invoked gptj-python-rsryg16rhcb2lt3ui74t.default.192.168.1.240.sslip.io in 11119 usec\n"
time="2024-05-28T18:09:29.001108631-06:00" level=debug msg="Invoking: cartservice-9xr1uxoveiaq0i5yf1m5.default.192.168.1.240.sslip.io:80"
time="2024-05-28T18:09:29.011426393-06:00" level=debug msg="Invoked cartservice-9xr1uxoveiaq0i5yf1m5.default.192.168.1.240.sslip.io in 10328 usec\n"
time="2024-05-28T18:09:36.505212583-06:00" level=debug msg="Invoking: gptj-python-rsryg16rhcb2lt3ui74t.default.192.168.1.240.sslip.io:80"
time="2024-05-28T18:09:36.515615772-06:00" level=debug msg="Invoked gptj-python-rsryg16rhcb2lt3ui74t.default.192.168.1.240.sslip.io in 10417 usec\n"
time="2024-05-28T18:09:44.009183118-06:00" level=debug msg="Invoking: gptj-python-rsryg16rhcb2lt3ui74t.default.192.168.1.240.sslip.io:80"
time="2024-05-28T18:09:44.019198556-06:00" level=debug msg="Invoked gptj-python-rsryg16rhcb2lt3ui74t.default.192.168.1.240.sslip.io in 10027 usec\n"
time="2024-05-28T18:09:51.513151184-06:00" level=debug msg="Invoking: gptj-python-rsryg16rhcb2lt3ui74t.default.192.168.1.240.sslip.io:80"
time="2024-05-28T18:09:51.524338112-06:00" level=debug msg="Invoked gptj-python-rsryg16rhcb2lt3ui74t.default.192.168.1.240.sslip.io in 11223 usec\n"
time="2024-05-28T18:09:58.985192368-06:00" level=debug msg="Minute: 13"
time="2024-05-28T18:09:58.985288416-06:00" level=debug msg="Number of Invocations this iteration: 8"
time="2024-05-28T18:09:58.985380588-06:00" level=debug msg="Invoking: cartservice-9xr1uxoveiaq0i5yf1m5.default.192.168.1.240.sslip.io:80"
time="2024-05-28T18:09:58.998498098-06:00" level=debug msg="Invoked cartservice-9xr1uxoveiaq0i5yf1m5.default.192.168.1.240.sslip.io in 13114 usec\n"
time="2024-05-28T18:10:06.490862217-06:00" level=debug msg="Invoking: gptj-python-rsryg16rhcb2lt3ui74t.default.192.168.1.240.sslip.io:80"
time="2024-05-28T18:10:06.501229367-06:00" level=debug msg="Invoked gptj-python-rsryg16rhcb2lt3ui74t.default.192.168.1.240.sslip.io in 10374 usec\n"
time="2024-05-28T18:10:13.997108128-06:00" level=debug msg="Invoking: gptj-python-rsryg16rhcb2lt3ui74t.default.192.168.1.240.sslip.io:80"
time="2024-05-28T18:10:14.009046526-06:00" level=debug msg="Invoked gptj-python-rsryg16rhcb2lt3ui74t.default.192.168.1.240.sslip.io in 11949 usec\n"
time="2024-05-28T18:10:21.501989638-06:00" level=debug msg="Invoking: gptj-python-rsryg16rhcb2lt3ui74t.default.192.168.1.240.sslip.io:80"
time="2024-05-28T18:10:21.514063263-06:00" level=debug msg="Invoked gptj-python-rsryg16rhcb2lt3ui74t.default.192.168.1.240.sslip.io in 12093 usec\n"
time="2024-05-28T18:10:29.007186019-06:00" level=debug msg="Invoking: cartservice-9xr1uxoveiaq0i5yf1m5.default.192.168.1.240.sslip.io:80"
time="2024-05-28T18:10:29.021251758-06:00" level=debug msg="Invoked cartservice-9xr1uxoveiaq0i5yf1m5.default.192.168.1.240.sslip.io in 14080 usec\n"
time="2024-05-28T18:10:36.513126321-06:00" level=debug msg="Invoking: gptj-python-rsryg16rhcb2lt3ui74t.default.192.168.1.240.sslip.io:80"
time="2024-05-28T18:10:36.522299112-06:00" level=debug msg="Invoked gptj-python-rsryg16rhcb2lt3ui74t.default.192.168.1.240.sslip.io in 9179 usec\n"
time="2024-05-28T18:10:44.019257132-06:00" level=debug msg="Invoking: gptj-python-rsryg16rhcb2lt3ui74t.default.192.168.1.240.sslip.io:80"
time="2024-05-28T18:10:44.029558628-06:00" level=debug msg="Invoked gptj-python-rsryg16rhcb2lt3ui74t.default.192.168.1.240.sslip.io in 10310 usec\n"
time="2024-05-28T18:10:51.525145537-06:00" level=debug msg="Invoking: gptj-python-rsryg16rhcb2lt3ui74t.default.192.168.1.240.sslip.io:80"
time="2024-05-28T18:10:51.533735357-06:00" level=debug msg="Invoked gptj-python-rsryg16rhcb2lt3ui74t.default.192.168.1.240.sslip.io in 8603 usec\n"
time="2024-05-28T18:10:58.985193515-06:00" level=info msg="Experiment Phase Completed"
time="2024-05-28T18:10:58.985310614-06:00" level=info msg="Issued / completed requests: 112, 112"
time="2024-05-28T18:10:58.985334237-06:00" level=info msg="Average Real RPS: 0.13 "
time="2024-05-28T18:10:58.985350545-06:00" level=info msg="Experiment finished!"
time="2024-05-28T18:10:58.985366918-06:00" level=info msg="The measured latencies are saved in rps_lat.csv"
