time="2024-05-30T03:20:50.336862262-06:00" level=debug msg="Debug logging is enabled"
time="2024-05-30T03:20:50.337057747-06:00" level=info msg="Reading the trace endpoints from the file: /users/ArunAMS/vSwarm/tools/load-generator/load.json"
time="2024-05-30T03:20:50.338779057-06:00" level=info msg="Warmup Duration: 3"
time="2024-05-30T03:20:50.338800207-06:00" level=info msg="Experiment Duration: 11"
time="2024-05-30T03:20:50.338816771-06:00" level=info msg="Minute Granularity: true"
time="2024-05-30T03:21:50.36803205-06:00" level=info msg="Running Warmup Phase"
time="2024-05-30T03:21:50.368107491-06:00" level=debug msg="Minute: 0"
time="2024-05-30T03:21:50.368186816-06:00" level=debug msg="Number of Invocations this iteration: 8"
time="2024-05-30T03:21:50.368300831-06:00" level=debug msg="Invoking: cartservice-oah7kyny8t81ifpdzn3t.default.192.168.1.240.sslip.io:80"
time="2024-05-30T03:21:57.869542194-06:00" level=debug msg="Invoking: gptj-python-3dbjxphbvt6hjb2tf5ab.default.192.168.1.240.sslip.io:80"
time="2024-05-30T03:22:05.376075508-06:00" level=debug msg="Invoking: gptj-python-3dbjxphbvt6hjb2tf5ab.default.192.168.1.240.sslip.io:80"
time="2024-05-30T03:22:12.880391098-06:00" level=debug msg="Invoking: gptj-python-3dbjxphbvt6hjb2tf5ab.default.192.168.1.240.sslip.io:80"
time="2024-05-30T03:22:20.384561463-06:00" level=debug msg="Invoking: cartservice-oah7kyny8t81ifpdzn3t.default.192.168.1.240.sslip.io:80"
time="2024-05-30T03:22:27.891639725-06:00" level=debug msg="Invoking: gptj-python-3dbjxphbvt6hjb2tf5ab.default.192.168.1.240.sslip.io:80"
time="2024-05-30T03:22:35.395943261-06:00" level=debug msg="Invoking: gptj-python-3dbjxphbvt6hjb2tf5ab.default.192.168.1.240.sslip.io:80"
time="2024-05-30T03:22:42.903455991-06:00" level=debug msg="Invoking: gptj-python-3dbjxphbvt6hjb2tf5ab.default.192.168.1.240.sslip.io:80"
time="2024-05-30T03:22:50.343879633-06:00" level=debug msg="Minute: 1"
time="2024-05-30T03:22:50.343983562-06:00" level=debug msg="Number of Invocations this iteration: 8"
time="2024-05-30T03:22:50.344096849-06:00" level=debug msg="Invoking: image-rotate-go-6-0d4p7u3210ie5e8nz429.default.192.168.1.240.sslip.io:80"
time="2024-05-30T03:22:57.847934994-06:00" level=debug msg="Invoking: gptj-python-3dbjxphbvt6hjb2tf5ab.default.192.168.1.240.sslip.io:80"
time="2024-05-30T03:23:05.347968827-06:00" level=debug msg="Invoking: gptj-python-3dbjxphbvt6hjb2tf5ab.default.192.168.1.240.sslip.io:80"
time="2024-05-30T03:23:12.851937973-06:00" level=debug msg="Invoking: gptj-python-3dbjxphbvt6hjb2tf5ab.default.192.168.1.240.sslip.io:80"
time="2024-05-30T03:23:20.355927032-06:00" level=debug msg="Invoking: cartservice-oah7kyny8t81ifpdzn3t.default.192.168.1.240.sslip.io:80"
time="2024-05-30T03:23:27.859970871-06:00" level=debug msg="Invoking: gptj-python-3dbjxphbvt6hjb2tf5ab.default.192.168.1.240.sslip.io:80"
time="2024-05-30T03:23:35.366449323-06:00" level=debug msg="Invoking: gptj-python-3dbjxphbvt6hjb2tf5ab.default.192.168.1.240.sslip.io:80"
time="2024-05-30T03:23:42.872835479-06:00" level=debug msg="Invoking: gptj-python-3dbjxphbvt6hjb2tf5ab.default.192.168.1.240.sslip.io:80"
time="2024-05-30T03:23:50.344782568-06:00" level=debug msg="Minute: 2"
time="2024-05-30T03:23:50.344933981-06:00" level=debug msg="Number of Invocations this iteration: 8"
time="2024-05-30T03:23:50.345014688-06:00" level=debug msg="Invoking: cartservice-oah7kyny8t81ifpdzn3t.default.192.168.1.240.sslip.io:80"
time="2024-05-30T03:23:57.851892027-06:00" level=debug msg="Invoking: gptj-python-3dbjxphbvt6hjb2tf5ab.default.192.168.1.240.sslip.io:80"
time="2024-05-30T03:24:05.356878071-06:00" level=debug msg="Invoking: gptj-python-3dbjxphbvt6hjb2tf5ab.default.192.168.1.240.sslip.io:80"
time="2024-05-30T03:24:12.863936202-06:00" level=debug msg="Invoking: gptj-python-3dbjxphbvt6hjb2tf5ab.default.192.168.1.240.sslip.io:80"
time="2024-05-30T03:24:20.367968897-06:00" level=debug msg="Invoking: cartservice-oah7kyny8t81ifpdzn3t.default.192.168.1.240.sslip.io:80"
time="2024-05-30T03:24:27.872494291-06:00" level=debug msg="Invoking: gptj-python-3dbjxphbvt6hjb2tf5ab.default.192.168.1.240.sslip.io:80"
time="2024-05-30T03:24:35.375893671-06:00" level=debug msg="Invoking: gptj-python-3dbjxphbvt6hjb2tf5ab.default.192.168.1.240.sslip.io:80"
time="2024-05-30T03:24:42.879878485-06:00" level=debug msg="Invoking: gptj-python-3dbjxphbvt6hjb2tf5ab.default.192.168.1.240.sslip.io:80"
time="2024-05-30T03:24:50.343940417-06:00" level=info msg="Warmup Phase Completed"
time="2024-05-30T03:24:50.344024472-06:00" level=info msg="Running Experiment Phase"
time="2024-05-30T03:24:50.344053478-06:00" level=debug msg="Minute: 3"
time="2024-05-30T03:24:50.344099704-06:00" level=debug msg="Number of Invocations this iteration: 8"
time="2024-05-30T03:24:50.344194191-06:00" level=debug msg="Invoking: cartservice-oah7kyny8t81ifpdzn3t.default.192.168.1.240.sslip.io:80"
time="2024-05-30T03:24:50.35805334-06:00" level=debug msg="Invoked cartservice-oah7kyny8t81ifpdzn3t.default.192.168.1.240.sslip.io in 13857 usec\n"
time="2024-05-30T03:24:57.847943811-06:00" level=debug msg="Invoking: gptj-python-3dbjxphbvt6hjb2tf5ab.default.192.168.1.240.sslip.io:80"
time="2024-05-30T03:24:57.858523822-06:00" level=debug msg="Invoked gptj-python-3dbjxphbvt6hjb2tf5ab.default.192.168.1.240.sslip.io in 10592 usec\n"
time="2024-05-30T03:25:05.351017504-06:00" level=debug msg="Invoking: gptj-python-3dbjxphbvt6hjb2tf5ab.default.192.168.1.240.sslip.io:80"
time="2024-05-30T03:25:05.362451019-06:00" level=debug msg="Invoked gptj-python-3dbjxphbvt6hjb2tf5ab.default.192.168.1.240.sslip.io in 11486 usec\n"
time="2024-05-30T03:25:12.856400335-06:00" level=debug msg="Invoking: gptj-python-3dbjxphbvt6hjb2tf5ab.default.192.168.1.240.sslip.io:80"
time="2024-05-30T03:25:12.867777399-06:00" level=debug msg="Invoked gptj-python-3dbjxphbvt6hjb2tf5ab.default.192.168.1.240.sslip.io in 11384 usec\n"
time="2024-05-30T03:25:20.359983865-06:00" level=debug msg="Invoking: cartservice-oah7kyny8t81ifpdzn3t.default.192.168.1.240.sslip.io:80"
time="2024-05-30T03:25:20.372547995-06:00" level=debug msg="Invoked cartservice-oah7kyny8t81ifpdzn3t.default.192.168.1.240.sslip.io in 12581 usec\n"
time="2024-05-30T03:25:27.863904562-06:00" level=debug msg="Invoking: gptj-python-3dbjxphbvt6hjb2tf5ab.default.192.168.1.240.sslip.io:80"
time="2024-05-30T03:25:27.873992884-06:00" level=debug msg="Invoked gptj-python-3dbjxphbvt6hjb2tf5ab.default.192.168.1.240.sslip.io in 10093 usec\n"
time="2024-05-30T03:25:35.368915058-06:00" level=debug msg="Invoking: gptj-python-3dbjxphbvt6hjb2tf5ab.default.192.168.1.240.sslip.io:80"
time="2024-05-30T03:25:35.379448355-06:00" level=debug msg="Invoked gptj-python-3dbjxphbvt6hjb2tf5ab.default.192.168.1.240.sslip.io in 10542 usec\n"
time="2024-05-30T03:25:42.87596826-06:00" level=debug msg="Invoking: gptj-python-3dbjxphbvt6hjb2tf5ab.default.192.168.1.240.sslip.io:80"
time="2024-05-30T03:25:43.00433889-06:00" level=debug msg="Invoked gptj-python-3dbjxphbvt6hjb2tf5ab.default.192.168.1.240.sslip.io in 128375 usec\n"
time="2024-05-30T03:25:50.343882326-06:00" level=debug msg="Minute: 4"
time="2024-05-30T03:25:50.343976217-06:00" level=debug msg="Number of Invocations this iteration: 8"
time="2024-05-30T03:25:50.344064862-06:00" level=debug msg="Invoking: rnn-serving-python-10-10-am8mhg6kc5nberqjzl0l.default.192.168.1.240.sslip.io:80"
time="2024-05-30T03:25:57.082879841-06:00" level=debug msg="Invoked rnn-serving-python-10-10-am8mhg6kc5nberqjzl0l.default.192.168.1.240.sslip.io in 6738813 usec\n"
time="2024-05-30T03:25:57.845009205-06:00" level=debug msg="Invoking: gptj-python-3dbjxphbvt6hjb2tf5ab.default.192.168.1.240.sslip.io:80"
time="2024-05-30T03:25:57.854926586-06:00" level=debug msg="Invoked gptj-python-3dbjxphbvt6hjb2tf5ab.default.192.168.1.240.sslip.io in 9929 usec\n"
time="2024-05-30T03:26:05.351928638-06:00" level=debug msg="Invoking: gptj-python-3dbjxphbvt6hjb2tf5ab.default.192.168.1.240.sslip.io:80"
time="2024-05-30T03:26:05.362203136-06:00" level=debug msg="Invoked gptj-python-3dbjxphbvt6hjb2tf5ab.default.192.168.1.240.sslip.io in 10282 usec\n"
time="2024-05-30T03:26:12.857558102-06:00" level=debug msg="Invoking: gptj-python-3dbjxphbvt6hjb2tf5ab.default.192.168.1.240.sslip.io:80"
time="2024-05-30T03:26:12.867902727-06:00" level=debug msg="Invoked gptj-python-3dbjxphbvt6hjb2tf5ab.default.192.168.1.240.sslip.io in 10357 usec\n"
time="2024-05-30T03:26:20.363935732-06:00" level=debug msg="Invoking: cartservice-oah7kyny8t81ifpdzn3t.default.192.168.1.240.sslip.io:80"
time="2024-05-30T03:26:20.495921598-06:00" level=debug msg="Invoked cartservice-oah7kyny8t81ifpdzn3t.default.192.168.1.240.sslip.io in 131997 usec\n"
time="2024-05-30T03:26:27.867956298-06:00" level=debug msg="Invoking: gptj-python-3dbjxphbvt6hjb2tf5ab.default.192.168.1.240.sslip.io:80"
time="2024-05-30T03:26:27.878553299-06:00" level=debug msg="Invoked gptj-python-3dbjxphbvt6hjb2tf5ab.default.192.168.1.240.sslip.io in 10628 usec\n"
time="2024-05-30T03:26:35.371879036-06:00" level=debug msg="Invoking: gptj-python-3dbjxphbvt6hjb2tf5ab.default.192.168.1.240.sslip.io:80"
time="2024-05-30T03:26:35.382030914-06:00" level=debug msg="Invoked gptj-python-3dbjxphbvt6hjb2tf5ab.default.192.168.1.240.sslip.io in 10161 usec\n"
time="2024-05-30T03:26:42.875916274-06:00" level=debug msg="Invoking: gptj-python-3dbjxphbvt6hjb2tf5ab.default.192.168.1.240.sslip.io:80"
time="2024-05-30T03:26:42.887630992-06:00" level=debug msg="Invoked gptj-python-3dbjxphbvt6hjb2tf5ab.default.192.168.1.240.sslip.io in 11745 usec\n"
time="2024-05-30T03:26:50.34388701-06:00" level=debug msg="Minute: 5"
time="2024-05-30T03:26:50.343976359-06:00" level=debug msg="Number of Invocations this iteration: 8"
time="2024-05-30T03:26:50.344066077-06:00" level=debug msg="Invoking: cartservice-oah7kyny8t81ifpdzn3t.default.192.168.1.240.sslip.io:80"
time="2024-05-30T03:26:50.357467348-06:00" level=debug msg="Invoked cartservice-oah7kyny8t81ifpdzn3t.default.192.168.1.240.sslip.io in 13399 usec\n"
time="2024-05-30T03:26:57.848545334-06:00" level=debug msg="Invoking: gptj-python-3dbjxphbvt6hjb2tf5ab.default.192.168.1.240.sslip.io:80"
time="2024-05-30T03:26:57.859961715-06:00" level=debug msg="Invoked gptj-python-3dbjxphbvt6hjb2tf5ab.default.192.168.1.240.sslip.io in 11422 usec\n"
time="2024-05-30T03:27:05.3528569-06:00" level=debug msg="Invoking: gptj-python-3dbjxphbvt6hjb2tf5ab.default.192.168.1.240.sslip.io:80"
time="2024-05-30T03:27:05.364233768-06:00" level=debug msg="Invoked gptj-python-3dbjxphbvt6hjb2tf5ab.default.192.168.1.240.sslip.io in 11452 usec\n"
time="2024-05-30T03:27:12.855963445-06:00" level=debug msg="Invoking: gptj-python-3dbjxphbvt6hjb2tf5ab.default.192.168.1.240.sslip.io:80"
time="2024-05-30T03:27:12.866637743-06:00" level=debug msg="Invoked gptj-python-3dbjxphbvt6hjb2tf5ab.default.192.168.1.240.sslip.io in 10684 usec\n"
time="2024-05-30T03:27:20.363017025-06:00" level=debug msg="Invoking: cartservice-oah7kyny8t81ifpdzn3t.default.192.168.1.240.sslip.io:80"
time="2024-05-30T03:27:20.376277421-06:00" level=debug msg="Invoked cartservice-oah7kyny8t81ifpdzn3t.default.192.168.1.240.sslip.io in 13271 usec\n"
time="2024-05-30T03:27:27.867921916-06:00" level=debug msg="Invoking: gptj-python-3dbjxphbvt6hjb2tf5ab.default.192.168.1.240.sslip.io:80"
time="2024-05-30T03:27:27.878632187-06:00" level=debug msg="Invoked gptj-python-3dbjxphbvt6hjb2tf5ab.default.192.168.1.240.sslip.io in 10719 usec\n"
time="2024-05-30T03:27:35.371946044-06:00" level=debug msg="Invoking: gptj-python-3dbjxphbvt6hjb2tf5ab.default.192.168.1.240.sslip.io:80"
time="2024-05-30T03:27:35.382472131-06:00" level=debug msg="Invoked gptj-python-3dbjxphbvt6hjb2tf5ab.default.192.168.1.240.sslip.io in 10554 usec\n"
time="2024-05-30T03:27:42.877542781-06:00" level=debug msg="Invoking: gptj-python-3dbjxphbvt6hjb2tf5ab.default.192.168.1.240.sslip.io:80"
time="2024-05-30T03:27:42.887675119-06:00" level=debug msg="Invoked gptj-python-3dbjxphbvt6hjb2tf5ab.default.192.168.1.240.sslip.io in 10142 usec\n"
time="2024-05-30T03:27:50.346098889-06:00" level=debug msg="Minute: 6"
time="2024-05-30T03:27:50.346198433-06:00" level=debug msg="Number of Invocations this iteration: 8"
time="2024-05-30T03:27:50.346296318-06:00" level=debug msg="Invoking: image-rotate-go-6-0d4p7u3210ie5e8nz429.default.192.168.1.240.sslip.io:80"
time="2024-05-30T03:27:57.555170519-06:00" level=debug msg="Invoked image-rotate-go-6-0d4p7u3210ie5e8nz429.default.192.168.1.240.sslip.io in 7208872 usec\n"
time="2024-05-30T03:27:57.847459631-06:00" level=debug msg="Invoking: gptj-python-3dbjxphbvt6hjb2tf5ab.default.192.168.1.240.sslip.io:80"
time="2024-05-30T03:27:57.860552224-06:00" level=debug msg="Invoked gptj-python-3dbjxphbvt6hjb2tf5ab.default.192.168.1.240.sslip.io in 13101 usec\n"
time="2024-05-30T03:28:05.35196473-06:00" level=debug msg="Invoking: gptj-python-3dbjxphbvt6hjb2tf5ab.default.192.168.1.240.sslip.io:80"
time="2024-05-30T03:28:05.362236448-06:00" level=debug msg="Invoked gptj-python-3dbjxphbvt6hjb2tf5ab.default.192.168.1.240.sslip.io in 10282 usec\n"
time="2024-05-30T03:28:12.856011005-06:00" level=debug msg="Invoking: gptj-python-3dbjxphbvt6hjb2tf5ab.default.192.168.1.240.sslip.io:80"
time="2024-05-30T03:28:12.866717008-06:00" level=debug msg="Invoked gptj-python-3dbjxphbvt6hjb2tf5ab.default.192.168.1.240.sslip.io in 10716 usec\n"
time="2024-05-30T03:28:20.35990684-06:00" level=debug msg="Invoking: cartservice-oah7kyny8t81ifpdzn3t.default.192.168.1.240.sslip.io:80"
time="2024-05-30T03:28:20.371937887-06:00" level=debug msg="Invoked cartservice-oah7kyny8t81ifpdzn3t.default.192.168.1.240.sslip.io in 12035 usec\n"
time="2024-05-30T03:28:27.863885451-06:00" level=debug msg="Invoking: gptj-python-3dbjxphbvt6hjb2tf5ab.default.192.168.1.240.sslip.io:80"
time="2024-05-30T03:28:27.874719902-06:00" level=debug msg="Invoked gptj-python-3dbjxphbvt6hjb2tf5ab.default.192.168.1.240.sslip.io in 10845 usec\n"
time="2024-05-30T03:28:35.370451826-06:00" level=debug msg="Invoking: gptj-python-3dbjxphbvt6hjb2tf5ab.default.192.168.1.240.sslip.io:80"
time="2024-05-30T03:28:35.38123329-06:00" level=debug msg="Invoked gptj-python-3dbjxphbvt6hjb2tf5ab.default.192.168.1.240.sslip.io in 10791 usec\n"
time="2024-05-30T03:28:42.876780052-06:00" level=debug msg="Invoking: gptj-python-3dbjxphbvt6hjb2tf5ab.default.192.168.1.240.sslip.io:80"
time="2024-05-30T03:28:42.88690079-06:00" level=debug msg="Invoked gptj-python-3dbjxphbvt6hjb2tf5ab.default.192.168.1.240.sslip.io in 10130 usec\n"
time="2024-05-30T03:28:50.344410072-06:00" level=debug msg="Minute: 7"
time="2024-05-30T03:28:50.344509345-06:00" level=debug msg="Number of Invocations this iteration: 8"
time="2024-05-30T03:28:50.344596011-06:00" level=debug msg="Invoking: cartservice-oah7kyny8t81ifpdzn3t.default.192.168.1.240.sslip.io:80"
time="2024-05-30T03:28:50.357857346-06:00" level=debug msg="Invoked cartservice-oah7kyny8t81ifpdzn3t.default.192.168.1.240.sslip.io in 13259 usec\n"
time="2024-05-30T03:28:57.851919055-06:00" level=debug msg="Invoking: gptj-python-3dbjxphbvt6hjb2tf5ab.default.192.168.1.240.sslip.io:80"
time="2024-05-30T03:28:57.86382511-06:00" level=debug msg="Invoked gptj-python-3dbjxphbvt6hjb2tf5ab.default.192.168.1.240.sslip.io in 11913 usec\n"
time="2024-05-30T03:29:05.353238166-06:00" level=debug msg="Invoking: gptj-python-3dbjxphbvt6hjb2tf5ab.default.192.168.1.240.sslip.io:80"
time="2024-05-30T03:29:05.365770411-06:00" level=debug msg="Invoked gptj-python-3dbjxphbvt6hjb2tf5ab.default.192.168.1.240.sslip.io in 12530 usec\n"
time="2024-05-30T03:29:12.859944704-06:00" level=debug msg="Invoking: gptj-python-3dbjxphbvt6hjb2tf5ab.default.192.168.1.240.sslip.io:80"
time="2024-05-30T03:29:12.870485953-06:00" level=debug msg="Invoked gptj-python-3dbjxphbvt6hjb2tf5ab.default.192.168.1.240.sslip.io in 10570 usec\n"
time="2024-05-30T03:29:20.365020971-06:00" level=debug msg="Invoking: cartservice-oah7kyny8t81ifpdzn3t.default.192.168.1.240.sslip.io:80"
time="2024-05-30T03:29:20.37808212-06:00" level=debug msg="Invoked cartservice-oah7kyny8t81ifpdzn3t.default.192.168.1.240.sslip.io in 13067 usec\n"
time="2024-05-30T03:29:27.871850609-06:00" level=debug msg="Invoking: gptj-python-3dbjxphbvt6hjb2tf5ab.default.192.168.1.240.sslip.io:80"
time="2024-05-30T03:29:27.882512132-06:00" level=debug msg="Invoked gptj-python-3dbjxphbvt6hjb2tf5ab.default.192.168.1.240.sslip.io in 10663 usec\n"
time="2024-05-30T03:29:35.376061079-06:00" level=debug msg="Invoking: gptj-python-3dbjxphbvt6hjb2tf5ab.default.192.168.1.240.sslip.io:80"
time="2024-05-30T03:29:35.38734328-06:00" level=debug msg="Invoked gptj-python-3dbjxphbvt6hjb2tf5ab.default.192.168.1.240.sslip.io in 11315 usec\n"
time="2024-05-30T03:29:42.879870509-06:00" level=debug msg="Invoking: gptj-python-3dbjxphbvt6hjb2tf5ab.default.192.168.1.240.sslip.io:80"
time="2024-05-30T03:29:42.891025467-06:00" level=debug msg="Invoked gptj-python-3dbjxphbvt6hjb2tf5ab.default.192.168.1.240.sslip.io in 11166 usec\n"
time="2024-05-30T03:29:50.343939911-06:00" level=debug msg="Minute: 8"
time="2024-05-30T03:29:50.344081368-06:00" level=debug msg="Number of Invocations this iteration: 8"
time="2024-05-30T03:29:50.34416642-06:00" level=debug msg="Invoking: cartservice-oah7kyny8t81ifpdzn3t.default.192.168.1.240.sslip.io:80"
time="2024-05-30T03:29:50.356252721-06:00" level=debug msg="Invoked cartservice-oah7kyny8t81ifpdzn3t.default.192.168.1.240.sslip.io in 12085 usec\n"
time="2024-05-30T03:29:57.84793836-06:00" level=debug msg="Invoking: gptj-python-3dbjxphbvt6hjb2tf5ab.default.192.168.1.240.sslip.io:80"
time="2024-05-30T03:29:57.857638833-06:00" level=debug msg="Invoked gptj-python-3dbjxphbvt6hjb2tf5ab.default.192.168.1.240.sslip.io in 9709 usec\n"
time="2024-05-30T03:30:05.351894906-06:00" level=debug msg="Invoking: gptj-python-3dbjxphbvt6hjb2tf5ab.default.192.168.1.240.sslip.io:80"
time="2024-05-30T03:30:05.362361577-06:00" level=debug msg="Invoked gptj-python-3dbjxphbvt6hjb2tf5ab.default.192.168.1.240.sslip.io in 10469 usec\n"
time="2024-05-30T03:30:12.855897351-06:00" level=debug msg="Invoking: gptj-python-3dbjxphbvt6hjb2tf5ab.default.192.168.1.240.sslip.io:80"
time="2024-05-30T03:30:12.8658699-06:00" level=debug msg="Invoked gptj-python-3dbjxphbvt6hjb2tf5ab.default.192.168.1.240.sslip.io in 10003 usec\n"
time="2024-05-30T03:30:20.359935457-06:00" level=debug msg="Invoking: cartservice-oah7kyny8t81ifpdzn3t.default.192.168.1.240.sslip.io:80"
time="2024-05-30T03:30:20.374952815-06:00" level=debug msg="Invoked cartservice-oah7kyny8t81ifpdzn3t.default.192.168.1.240.sslip.io in 15026 usec\n"
time="2024-05-30T03:30:27.863878239-06:00" level=debug msg="Invoking: gptj-python-3dbjxphbvt6hjb2tf5ab.default.192.168.1.240.sslip.io:80"
time="2024-05-30T03:30:27.874782318-06:00" level=debug msg="Invoked gptj-python-3dbjxphbvt6hjb2tf5ab.default.192.168.1.240.sslip.io in 10912 usec\n"
time="2024-05-30T03:30:35.36788924-06:00" level=debug msg="Invoking: gptj-python-3dbjxphbvt6hjb2tf5ab.default.192.168.1.240.sslip.io:80"
time="2024-05-30T03:30:35.378870679-06:00" level=debug msg="Invoked gptj-python-3dbjxphbvt6hjb2tf5ab.default.192.168.1.240.sslip.io in 10986 usec\n"
time="2024-05-30T03:30:42.871888587-06:00" level=debug msg="Invoking: gptj-python-3dbjxphbvt6hjb2tf5ab.default.192.168.1.240.sslip.io:80"
time="2024-05-30T03:30:42.881920389-06:00" level=debug msg="Invoked gptj-python-3dbjxphbvt6hjb2tf5ab.default.192.168.1.240.sslip.io in 10044 usec\n"
time="2024-05-30T03:30:50.343865152-06:00" level=debug msg="Minute: 9"
time="2024-05-30T03:30:50.343974984-06:00" level=debug msg="Number of Invocations this iteration: 8"
time="2024-05-30T03:30:50.34406164-06:00" level=debug msg="Invoking: cartservice-oah7kyny8t81ifpdzn3t.default.192.168.1.240.sslip.io:80"
time="2024-05-30T03:30:50.357908859-06:00" level=debug msg="Invoked cartservice-oah7kyny8t81ifpdzn3t.default.192.168.1.240.sslip.io in 13844 usec\n"
time="2024-05-30T03:30:57.847891086-06:00" level=debug msg="Invoking: gptj-python-3dbjxphbvt6hjb2tf5ab.default.192.168.1.240.sslip.io:80"
time="2024-05-30T03:30:57.858483836-06:00" level=debug msg="Invoked gptj-python-3dbjxphbvt6hjb2tf5ab.default.192.168.1.240.sslip.io in 10605 usec\n"
time="2024-05-30T03:31:05.351904983-06:00" level=debug msg="Invoking: gptj-python-3dbjxphbvt6hjb2tf5ab.default.192.168.1.240.sslip.io:80"
time="2024-05-30T03:31:05.363967293-06:00" level=debug msg="Invoked gptj-python-3dbjxphbvt6hjb2tf5ab.default.192.168.1.240.sslip.io in 12069 usec\n"
time="2024-05-30T03:31:12.855946116-06:00" level=debug msg="Invoking: gptj-python-3dbjxphbvt6hjb2tf5ab.default.192.168.1.240.sslip.io:80"
time="2024-05-30T03:31:12.866752467-06:00" level=debug msg="Invoked gptj-python-3dbjxphbvt6hjb2tf5ab.default.192.168.1.240.sslip.io in 10820 usec\n"
time="2024-05-30T03:31:20.361113519-06:00" level=debug msg="Invoking: cartservice-oah7kyny8t81ifpdzn3t.default.192.168.1.240.sslip.io:80"
time="2024-05-30T03:31:20.376784802-06:00" level=debug msg="Invoked cartservice-oah7kyny8t81ifpdzn3t.default.192.168.1.240.sslip.io in 15680 usec\n"
time="2024-05-30T03:31:27.86786993-06:00" level=debug msg="Invoking: gptj-python-3dbjxphbvt6hjb2tf5ab.default.192.168.1.240.sslip.io:80"
time="2024-05-30T03:31:27.878722266-06:00" level=debug msg="Invoked gptj-python-3dbjxphbvt6hjb2tf5ab.default.192.168.1.240.sslip.io in 10852 usec\n"
time="2024-05-30T03:31:35.373799485-06:00" level=debug msg="Invoking: gptj-python-3dbjxphbvt6hjb2tf5ab.default.192.168.1.240.sslip.io:80"
time="2024-05-30T03:31:35.384638191-06:00" level=debug msg="Invoked gptj-python-3dbjxphbvt6hjb2tf5ab.default.192.168.1.240.sslip.io in 10846 usec\n"
time="2024-05-30T03:31:42.879961342-06:00" level=debug msg="Invoking: gptj-python-3dbjxphbvt6hjb2tf5ab.default.192.168.1.240.sslip.io:80"
time="2024-05-30T03:31:42.890513808-06:00" level=debug msg="Invoked gptj-python-3dbjxphbvt6hjb2tf5ab.default.192.168.1.240.sslip.io in 10561 usec\n"
time="2024-05-30T03:31:50.343943721-06:00" level=debug msg="Minute: 10"
time="2024-05-30T03:31:50.344097773-06:00" level=debug msg="Number of Invocations this iteration: 8"
time="2024-05-30T03:31:50.344189985-06:00" level=debug msg="Invoking: rnn-serving-python-10-10-am8mhg6kc5nberqjzl0l.default.192.168.1.240.sslip.io:80"
time="2024-05-30T03:31:57.2741482-06:00" level=debug msg="Invoked rnn-serving-python-10-10-am8mhg6kc5nberqjzl0l.default.192.168.1.240.sslip.io in 6929976 usec\n"
time="2024-05-30T03:31:57.844495825-06:00" level=debug msg="Invoking: gptj-python-3dbjxphbvt6hjb2tf5ab.default.192.168.1.240.sslip.io:80"
time="2024-05-30T03:31:57.854828951-06:00" level=debug msg="Invoked gptj-python-3dbjxphbvt6hjb2tf5ab.default.192.168.1.240.sslip.io in 10346 usec\n"
time="2024-05-30T03:32:05.34803017-06:00" level=debug msg="Invoking: gptj-python-3dbjxphbvt6hjb2tf5ab.default.192.168.1.240.sslip.io:80"
time="2024-05-30T03:32:05.358965576-06:00" level=debug msg="Invoked gptj-python-3dbjxphbvt6hjb2tf5ab.default.192.168.1.240.sslip.io in 10968 usec\n"
time="2024-05-30T03:32:12.851950783-06:00" level=debug msg="Invoking: gptj-python-3dbjxphbvt6hjb2tf5ab.default.192.168.1.240.sslip.io:80"
time="2024-05-30T03:32:12.86238268-06:00" level=debug msg="Invoked gptj-python-3dbjxphbvt6hjb2tf5ab.default.192.168.1.240.sslip.io in 10441 usec\n"
time="2024-05-30T03:32:20.355982474-06:00" level=debug msg="Invoking: cartservice-oah7kyny8t81ifpdzn3t.default.192.168.1.240.sslip.io:80"
time="2024-05-30T03:32:20.368567125-06:00" level=debug msg="Invoked cartservice-oah7kyny8t81ifpdzn3t.default.192.168.1.240.sslip.io in 12613 usec\n"
time="2024-05-30T03:32:27.859940097-06:00" level=debug msg="Invoking: gptj-python-3dbjxphbvt6hjb2tf5ab.default.192.168.1.240.sslip.io:80"
time="2024-05-30T03:32:27.870494274-06:00" level=debug msg="Invoked gptj-python-3dbjxphbvt6hjb2tf5ab.default.192.168.1.240.sslip.io in 10563 usec\n"
time="2024-05-30T03:32:35.364018885-06:00" level=debug msg="Invoking: gptj-python-3dbjxphbvt6hjb2tf5ab.default.192.168.1.240.sslip.io:80"
time="2024-05-30T03:32:35.375001646-06:00" level=debug msg="Invoked gptj-python-3dbjxphbvt6hjb2tf5ab.default.192.168.1.240.sslip.io in 10992 usec\n"
time="2024-05-30T03:32:42.868300312-06:00" level=debug msg="Invoking: gptj-python-3dbjxphbvt6hjb2tf5ab.default.192.168.1.240.sslip.io:80"
time="2024-05-30T03:32:42.878430745-06:00" level=debug msg="Invoked gptj-python-3dbjxphbvt6hjb2tf5ab.default.192.168.1.240.sslip.io in 10140 usec\n"
time="2024-05-30T03:32:50.343947151-06:00" level=debug msg="Minute: 11"
time="2024-05-30T03:32:50.344055524-06:00" level=debug msg="Number of Invocations this iteration: 8"
time="2024-05-30T03:32:50.344183101-06:00" level=debug msg="Invoking: image-rotate-go-6-0d4p7u3210ie5e8nz429.default.192.168.1.240.sslip.io:80"
time="2024-05-30T03:32:57.729067441-06:00" level=debug msg="Invoked image-rotate-go-6-0d4p7u3210ie5e8nz429.default.192.168.1.240.sslip.io in 7384885 usec\n"
time="2024-05-30T03:32:57.844231931-06:00" level=debug msg="Invoking: gptj-python-3dbjxphbvt6hjb2tf5ab.default.192.168.1.240.sslip.io:80"
time="2024-05-30T03:32:57.854284143-06:00" level=debug msg="Invoked gptj-python-3dbjxphbvt6hjb2tf5ab.default.192.168.1.240.sslip.io in 10070 usec\n"
time="2024-05-30T03:33:05.351878585-06:00" level=debug msg="Invoking: gptj-python-3dbjxphbvt6hjb2tf5ab.default.192.168.1.240.sslip.io:80"
time="2024-05-30T03:33:05.365044914-06:00" level=debug msg="Invoked gptj-python-3dbjxphbvt6hjb2tf5ab.default.192.168.1.240.sslip.io in 13165 usec\n"
time="2024-05-30T03:33:12.852128844-06:00" level=debug msg="Invoking: gptj-python-3dbjxphbvt6hjb2tf5ab.default.192.168.1.240.sslip.io:80"
time="2024-05-30T03:33:12.861488606-06:00" level=debug msg="Invoked gptj-python-3dbjxphbvt6hjb2tf5ab.default.192.168.1.240.sslip.io in 9384 usec\n"
time="2024-05-30T03:33:20.355946095-06:00" level=debug msg="Invoking: cartservice-oah7kyny8t81ifpdzn3t.default.192.168.1.240.sslip.io:80"
time="2024-05-30T03:33:20.36942497-06:00" level=debug msg="Invoked cartservice-oah7kyny8t81ifpdzn3t.default.192.168.1.240.sslip.io in 13491 usec\n"
time="2024-05-30T03:33:27.862866458-06:00" level=debug msg="Invoking: gptj-python-3dbjxphbvt6hjb2tf5ab.default.192.168.1.240.sslip.io:80"
time="2024-05-30T03:33:27.873667364-06:00" level=debug msg="Invoked gptj-python-3dbjxphbvt6hjb2tf5ab.default.192.168.1.240.sslip.io in 10812 usec\n"
time="2024-05-30T03:33:35.36788835-06:00" level=debug msg="Invoking: gptj-python-3dbjxphbvt6hjb2tf5ab.default.192.168.1.240.sslip.io:80"
time="2024-05-30T03:33:35.378332096-06:00" level=debug msg="Invoked gptj-python-3dbjxphbvt6hjb2tf5ab.default.192.168.1.240.sslip.io in 10455 usec\n"
time="2024-05-30T03:33:42.871949356-06:00" level=debug msg="Invoking: gptj-python-3dbjxphbvt6hjb2tf5ab.default.192.168.1.240.sslip.io:80"
time="2024-05-30T03:33:42.88256115-06:00" level=debug msg="Invoked gptj-python-3dbjxphbvt6hjb2tf5ab.default.192.168.1.240.sslip.io in 10627 usec\n"
time="2024-05-30T03:33:50.343917061-06:00" level=debug msg="Minute: 12"
time="2024-05-30T03:33:50.344064737-06:00" level=debug msg="Number of Invocations this iteration: 8"
time="2024-05-30T03:33:50.344151449-06:00" level=debug msg="Invoking: cartservice-oah7kyny8t81ifpdzn3t.default.192.168.1.240.sslip.io:80"
time="2024-05-30T03:33:50.356276085-06:00" level=debug msg="Invoked cartservice-oah7kyny8t81ifpdzn3t.default.192.168.1.240.sslip.io in 12122 usec\n"
time="2024-05-30T03:33:57.84789056-06:00" level=debug msg="Invoking: gptj-python-3dbjxphbvt6hjb2tf5ab.default.192.168.1.240.sslip.io:80"
time="2024-05-30T03:33:57.857778635-06:00" level=debug msg="Invoked gptj-python-3dbjxphbvt6hjb2tf5ab.default.192.168.1.240.sslip.io in 9895 usec\n"
time="2024-05-30T03:34:05.353710792-06:00" level=debug msg="Invoking: gptj-python-3dbjxphbvt6hjb2tf5ab.default.192.168.1.240.sslip.io:80"
time="2024-05-30T03:34:05.363415956-06:00" level=debug msg="Invoked gptj-python-3dbjxphbvt6hjb2tf5ab.default.192.168.1.240.sslip.io in 9714 usec\n"
time="2024-05-30T03:34:12.859953904-06:00" level=debug msg="Invoking: gptj-python-3dbjxphbvt6hjb2tf5ab.default.192.168.1.240.sslip.io:80"
time="2024-05-30T03:34:12.87079655-06:00" level=debug msg="Invoked gptj-python-3dbjxphbvt6hjb2tf5ab.default.192.168.1.240.sslip.io in 10854 usec\n"
time="2024-05-30T03:34:20.36082313-06:00" level=debug msg="Invoking: cartservice-oah7kyny8t81ifpdzn3t.default.192.168.1.240.sslip.io:80"
time="2024-05-30T03:34:20.373190125-06:00" level=debug msg="Invoked cartservice-oah7kyny8t81ifpdzn3t.default.192.168.1.240.sslip.io in 12405 usec\n"
time="2024-05-30T03:34:27.863949247-06:00" level=debug msg="Invoking: gptj-python-3dbjxphbvt6hjb2tf5ab.default.192.168.1.240.sslip.io:80"
time="2024-05-30T03:34:27.874862621-06:00" level=debug msg="Invoked gptj-python-3dbjxphbvt6hjb2tf5ab.default.192.168.1.240.sslip.io in 10925 usec\n"
time="2024-05-30T03:34:35.368818807-06:00" level=debug msg="Invoking: gptj-python-3dbjxphbvt6hjb2tf5ab.default.192.168.1.240.sslip.io:80"
time="2024-05-30T03:34:35.380476874-06:00" level=debug msg="Invoked gptj-python-3dbjxphbvt6hjb2tf5ab.default.192.168.1.240.sslip.io in 11673 usec\n"
time="2024-05-30T03:34:42.872483276-06:00" level=debug msg="Invoking: gptj-python-3dbjxphbvt6hjb2tf5ab.default.192.168.1.240.sslip.io:80"
time="2024-05-30T03:34:42.882592218-06:00" level=debug msg="Invoked gptj-python-3dbjxphbvt6hjb2tf5ab.default.192.168.1.240.sslip.io in 10121 usec\n"
time="2024-05-30T03:34:50.345977623-06:00" level=debug msg="Minute: 13"
time="2024-05-30T03:34:50.346082385-06:00" level=debug msg="Number of Invocations this iteration: 8"
time="2024-05-30T03:34:50.346170795-06:00" level=debug msg="Invoking: cartservice-oah7kyny8t81ifpdzn3t.default.192.168.1.240.sslip.io:80"
time="2024-05-30T03:34:50.3591997-06:00" level=debug msg="Invoked cartservice-oah7kyny8t81ifpdzn3t.default.192.168.1.240.sslip.io in 13027 usec\n"
time="2024-05-30T03:34:57.851970266-06:00" level=debug msg="Invoking: gptj-python-3dbjxphbvt6hjb2tf5ab.default.192.168.1.240.sslip.io:80"
time="2024-05-30T03:34:57.862771506-06:00" level=debug msg="Invoked gptj-python-3dbjxphbvt6hjb2tf5ab.default.192.168.1.240.sslip.io in 10814 usec\n"
time="2024-05-30T03:35:05.355948386-06:00" level=debug msg="Invoking: gptj-python-3dbjxphbvt6hjb2tf5ab.default.192.168.1.240.sslip.io:80"
time="2024-05-30T03:35:05.370084171-06:00" level=debug msg="Invoked gptj-python-3dbjxphbvt6hjb2tf5ab.default.192.168.1.240.sslip.io in 14080 usec\n"
time="2024-05-30T03:35:12.856607975-06:00" level=debug msg="Invoking: gptj-python-3dbjxphbvt6hjb2tf5ab.default.192.168.1.240.sslip.io:80"
time="2024-05-30T03:35:12.867889126-06:00" level=debug msg="Invoked gptj-python-3dbjxphbvt6hjb2tf5ab.default.192.168.1.240.sslip.io in 11303 usec\n"
time="2024-05-30T03:35:20.360001838-06:00" level=debug msg="Invoking: cartservice-oah7kyny8t81ifpdzn3t.default.192.168.1.240.sslip.io:80"
time="2024-05-30T03:35:20.373687524-06:00" level=debug msg="Invoked cartservice-oah7kyny8t81ifpdzn3t.default.192.168.1.240.sslip.io in 13698 usec\n"
time="2024-05-30T03:35:27.864243567-06:00" level=debug msg="Invoking: gptj-python-3dbjxphbvt6hjb2tf5ab.default.192.168.1.240.sslip.io:80"
time="2024-05-30T03:35:27.874632571-06:00" level=debug msg="Invoked gptj-python-3dbjxphbvt6hjb2tf5ab.default.192.168.1.240.sslip.io in 10397 usec\n"
time="2024-05-30T03:35:35.367959252-06:00" level=debug msg="Invoking: gptj-python-3dbjxphbvt6hjb2tf5ab.default.192.168.1.240.sslip.io:80"
time="2024-05-30T03:35:35.379150488-06:00" level=debug msg="Invoked gptj-python-3dbjxphbvt6hjb2tf5ab.default.192.168.1.240.sslip.io in 11200 usec\n"
time="2024-05-30T03:35:42.871880782-06:00" level=debug msg="Invoking: gptj-python-3dbjxphbvt6hjb2tf5ab.default.192.168.1.240.sslip.io:80"
time="2024-05-30T03:35:42.882763403-06:00" level=debug msg="Invoked gptj-python-3dbjxphbvt6hjb2tf5ab.default.192.168.1.240.sslip.io in 10897 usec\n"
time="2024-05-30T03:35:50.346077442-06:00" level=info msg="Experiment Phase Completed"
time="2024-05-30T03:35:50.346209368-06:00" level=info msg="Issued / completed requests: 112, 112"
time="2024-05-30T03:35:50.346246092-06:00" level=info msg="Average Real RPS: 0.13 "
time="2024-05-30T03:35:50.346271936-06:00" level=info msg="Experiment finished!"
time="2024-05-30T03:35:50.346298853-06:00" level=info msg="The measured latencies are saved in rps_lat.csv"
